#auto generated file!
180.0;133;69;23
186.0;129;64;32
192.0;130;64;31
198.0;129;70;26
204.0;129;65;31
210.0;128;70;27
216.0;124;75;26
222.0;123;70;32
228.0;122;70;33
234.0;121;68;36
240.0;117;75;33
246.0;117;75;33
252.0;121;68;36
258.0;126;66;33
264.0;126;72;27
270.0;128;64;33
276.0;131;63;31
282.0;130;57;38
288.0;137;57;31
294.0;140;54;31
300.0;136;58;31
306.0;138;55;32
312.0;142;57;26
318.0;140;61;24
324.0;136;58;31
330.0;137;60;28
336.0;135;65;25
342.0;126;64;35
348.0;129;67;29
354.0;127;68;30
360.0;126;67;32
366.0;130;66;29
372.0;127;68;30
378.0;133;67;25
384.0;133;69;23
390.0;125;69;31
396.0;130;68;27
402.0;134;63;28
408.0;135;65;25
414.0;133;64;28
420.0;138;63;24
426.0;130;66;29
432.0;130;69;26
438.0;129;65;31
444.0;126;70;29
450.0;120;75;30
456.0;124;76;25
462.0;128;75;22
468.0;130;74;21
474.0;127;74;24
480.0;124;73;28
486.0;125;67;33
492.0;131;68;26
498.0;132;71;22
504.0;133;70;22
510.0;130;70;25
516.0;129;63;33
522.0;125;66;34
528.0;128;69;28
534.0;128;70;27
540.0;132;72;21
546.0;131;75;19
552.0;131;73;21
558.0;134;69;22
564.0;137;64;24
570.0;132;65;28
576.0;132;66;27
582.0;127;69;29
588.0;124;69;32
594.0;126;71;28
600.0;123;71;31
606.0;121;69;35
612.0;118;71;36
618.0;117;72;36
624.0;117;69;39
630.0;118;68;39
636.0;122;65;38
642.0;119;67;39
648.0;120;63;42
654.0;115;68;42
660.0;120;61;44
666.0;128;60;37
672.0;129;59;37
678.0;133;60;32
684.0;132;62;31
690.0;138;62;25
696.0;139;67;19
702.0;128;72;25
708.0;136;65;24
714.0;132;64;29
720.0;127;64;34
726.0;126;62;37
732.0;123;66;36
738.0;129;62;34
744.0;140;53;32
750.0;137;49;39
756.0;136;48;41
762.0;137;54;34
768.0;147;47;31
774.0;141;54;30
780.0;138;51;36
786.0;137;48;40
792.0;137;52;36
798.0;133;56;36
804.0;128;64;33
810.0;123;67;35
816.0;120;74;31
822.0;117;76;32
828.0;119;69;37
834.0;119;69;37
840.0;123;67;35
846.0;126;67;32
852.0;124;70;31
858.0;129;67;29
864.0;126;69;30
870.0;123;64;38
876.0;119;63;43
882.0;125;60;40
888.0;119;62;44
894.0;117;68;40
900.0;115;70;40
906.0;120;67;38
912.0;121;70;34
918.0;120;71;34
924.0;122;75;28
930.0;123;68;34
936.0;122;69;34
942.0;123;70;32
948.0;118;72;35
954.0;124;59;42
960.0;124;56;45
966.0;131;62;32
972.0;131;61;33
978.0;130;58;37
984.0;133;53;39
990.0;129;58;38
996.0;130;50;45
1002.0;130;55;40
1008.0;125;58;42
1014.0;131;57;37
1020.0;134;54;37
1026.0;137;55;33
1032.0;140;53;32
1038.0;131;60;34
1044.0;131;59;35
1050.0;132;62;31
1056.0;127;62;36
1062.0;131;60;34
1068.0;133;59;33
1074.0;124;66;35
1080.0;124;64;37
1086.0;124;63;38
1092.0;126;63;36
1098.0;128;69;28
1104.0;127;66;32
1110.0;122;66;37
1116.0;121;65;39
1122.0;118;72;35
1128.0;114;76;35
1134.0;111;80;34
1140.0;113;77;35
1146.0;114;70;41
1152.0;124;66;35
1158.0;124;68;33
1164.0;129;66;30
1170.0;133;64;28
1176.0;134;59;32
1182.0;137;57;31
1188.0;133;57;35
1194.0;136;60;29
1200.0;141;55;29
1206.0;146;48;31
1212.0;144;55;26
1218.0;140;52;33
1224.0;138;55;32
1230.0;137;56;32
1236.0;139;58;28
1242.0;140;63;22
1248.0;138;58;29
1254.0;137;60;28
1260.0;135;59;31
1266.0;136;62;27
1272.0;132;64;29
1278.0;129;73;23
1284.0;123;76;26
1290.0;119;71;35
1296.0;114;78;33
1302.0;121;70;34
1308.0;121;63;41
1314.0;122;65;38
1320.0;122;65;38
1326.0;120;65;40
1332.0;114;65;46
1338.0;112;72;41
1344.0;118;68;39
1350.0;115;65;45
1356.0;120;63;42
1362.0;121;65;39
1368.0;120;69;36
1374.0;116;76;33
1380.0;120;70;35
1386.0;126;61;38
1392.0;132;51;42
1398.0;137;52;36
1404.0;136;54;35
1410.0;137;55;33
1416.0;138;53;34
1422.0;137;50;38
1428.0;130;57;38
1434.0;128;55;42
1440.0;131;53;41
1446.0;139;53;33
1452.0;142;49;34
1458.0;138;53;34
1464.0;135;55;35
1470.0;139;51;35
1476.0;143;53;29
1482.0;138;49;38
1488.0;128;61;36
1494.0;124;60;41
