#auto generated file!
180.0;79;46;25
186.0;87;44;19
192.0;88;39;23
198.0;92;39;19
204.0;91;37;22
210.0;82;48;20
216.0;78;50;22
222.0;78;50;22
228.0;80;47;23
234.0;79;51;20
240.0;81;49;20
246.0;81;46;23
252.0;84;45;21
258.0;82;46;22
264.0;83;46;21
270.0;82;45;23
276.0;83;45;22
282.0;88;38;24
288.0;87;38;25
294.0;81;44;25
300.0;83;44;23
306.0;83;44;23
312.0;90;43;17
318.0;88;39;23
324.0;90;38;22
330.0;88;35;27
336.0;89;38;23
342.0;87;38;25
348.0;92;38;20
354.0;86;39;25
360.0;89;36;25
366.0;87;36;27
372.0;89;39;22
378.0;89;38;23
384.0;88;38;24
390.0;92;38;20
396.0;86;45;19
402.0;85;44;21
408.0;82;47;21
414.0;86;44;20
420.0;81;43;26
426.0;75;45;30
432.0;74;47;29
438.0;76;45;29
444.0;80;46;24
450.0;79;46;25
456.0;75;49;26
462.0;74;48;28
468.0;75;48;27
474.0;78;51;21
480.0;80;51;19
486.0;83;42;25
492.0;85;41;24
498.0;83;46;21
504.0;82;45;23
510.0;85;43;22
516.0;83;40;27
522.0;87;39;24
528.0;84;40;26
534.0;82;39;29
540.0;84;43;23
546.0;82;43;25
552.0;83;40;27
558.0;90;33;27
564.0;86;34;30
570.0;86;33;31
576.0;89;35;26
582.0;84;32;34
588.0;85;35;30
594.0;87;38;25
600.0;90;37;23
606.0;95;35;20
612.0;87;35;28
618.0;87;46;17
624.0;90;43;17
630.0;100;32;18
636.0;100;32;18
642.0;97;32;21
648.0;93;35;22
654.0;89;39;22
660.0;91;39;20
666.0;88;42;20
672.0;90;41;19
678.0;86;41;23
684.0;90;43;17
690.0;92;41;17
696.0;96;36;18
702.0;89;37;24
708.0;89;38;23
714.0;83;43;24
720.0;84;44;22
726.0;91;38;21
732.0;94;34;22
738.0;95;35;20
744.0;99;32;19
750.0;98;33;19
756.0;94;38;18
762.0;94;35;21
768.0;91;34;25
774.0;90;33;27
780.0;91;29;30
786.0;95;25;30
792.0;92;31;27
798.0;96;34;20
804.0;97;39;14
810.0;97;34;19
816.0;97;34;19
822.0;96;34;20
828.0;99;34;17
834.0;95;39;16
840.0;91;39;20
846.0;88;38;24
852.0;95;35;20
858.0;95;31;24
864.0;93;33;24
870.0;89;34;27
876.0;83;42;25
882.0;83;42;25
888.0;82;40;28
894.0;81;44;25
900.0;80;40;30
906.0;86;38;26
912.0;86;37;27
918.0;82;37;31
924.0;81;37;32
930.0;83;40;27
936.0;85;42;23
942.0;84;41;25
948.0;84;46;20
954.0;88;46;16
960.0;92;42;16
966.0;92;38;20
972.0;90;40;20
978.0;95;38;17
984.0;94;35;21
990.0;95;38;17
996.0;94;39;17
1002.0;95;39;16
1008.0;91;38;21
1014.0;86;40;24
1020.0;83;44;23
1026.0;82;47;21
1032.0;87;50;13
1038.0;90;49;11
1044.0;84;50;16
1050.0;87;46;17
1056.0;88;45;17
1062.0;87;46;17
1068.0;89;44;17
1074.0;88;45;17
1080.0;85;41;24
1086.0;85;42;23
1092.0;85;41;24
1098.0;84;44;22
1104.0;85;41;24
1110.0;92;38;20
1116.0;87;39;24
1122.0;86;38;26
1128.0;91;36;23
1134.0;93;37;20
1140.0;94;38;18
1146.0;92;34;24
1152.0;86;35;29
1158.0;82;39;29
1164.0;84;42;24
1170.0;85;40;25
1176.0;89;39;22
1182.0;88;37;25
1188.0;89;37;24
1194.0;91;36;23
1200.0;91;34;25
1206.0;99;30;21
1212.0;100;28;22
1218.0;96;33;21
1224.0;95;38;17
1230.0;92;39;19
1236.0;86;40;24
1242.0;79;45;26
1248.0;78;44;28
1254.0;76;39;35
1260.0;82;41;27
1266.0;82;39;29
1272.0;80;40;30
1278.0;84;40;26
1284.0;81;43;26
1290.0;84;45;21
1296.0;85;45;20
1302.0;85;42;23
1308.0;85;42;23
1314.0;87;43;20
1320.0;94;40;16
1326.0;92;40;18
1332.0;89;45;16
1338.0;84;51;15
1344.0;85;51;14
1350.0;87;46;17
1356.0;89;47;14
1362.0;88;45;17
1368.0;89;43;18
1374.0;85;42;23
1380.0;83;43;24
1386.0;77;46;27
1392.0;81;41;28
1398.0;82;44;24
1404.0;78;45;27
1410.0;80;43;27
1416.0;81;39;30
1422.0;81;36;33
1428.0;80;37;33
1434.0;82;41;27
1440.0;82;43;25
1446.0;77;41;32
1452.0;78;43;29
1458.0;77;40;33
1464.0;78;45;27
1470.0;74;51;25
1476.0;76;48;26
1482.0;73;49;28
1488.0;79;49;22
1494.0;85;44;21
