#auto generated file!
180.0;25;14;11
186.0;24;14;12
192.0;28;10;12
198.0;28;11;11
204.0;28;11;11
210.0;32;12;6
216.0;32;14;4
222.0;31;12;7
228.0;29;14;7
234.0;26;14;10
240.0;27;18;5
246.0;26;17;7
252.0;22;20;8
258.0;24;20;6
264.0;25;20;5
270.0;25;20;5
276.0;26;19;5
282.0;27;19;4
288.0;25;22;3
294.0;26;21;3
300.0;25;18;7
306.0;24;18;8
312.0;25;16;9
318.0;26;16;8
324.0;30;14;6
330.0;31;11;8
336.0;31;11;8
342.0;31;12;7
348.0;30;13;7
354.0;29;13;8
360.0;33;12;5
366.0;34;12;4
372.0;35;10;5
378.0;35;8;7
384.0;32;10;8
390.0;33;9;8
396.0;32;9;9
402.0;31;10;9
408.0;33;10;7
414.0;32;11;7
420.0;34;11;5
426.0;32;10;8
432.0;33;9;8
438.0;33;12;5
444.0;32;12;6
450.0;30;14;6
456.0;31;13;6
462.0;30;14;6
468.0;31;15;4
474.0;31;15;4
480.0;33;15;2
486.0;32;14;4
492.0;30;14;6
498.0;30;11;9
504.0;28;14;8
510.0;27;13;10
516.0;26;15;9
522.0;28;17;5
528.0;28;16;6
534.0;27;15;8
540.0;28;12;10
546.0;31;14;5
552.0;29;15;6
558.0;30;16;4
564.0;30;17;3
570.0;27;18;5
576.0;25;20;5
582.0;28;18;4
588.0;26;19;5
594.0;29;17;4
600.0;27;15;8
606.0;25;16;9
612.0;23;15;12
618.0;26;18;6
624.0;26;17;7
630.0;27;17;6
636.0;26;15;9
642.0;27;13;10
648.0;30;10;10
654.0;29;11;10
660.0;29;14;7
666.0;27;14;9
672.0;30;9;11
678.0;32;9;9
684.0;29;10;11
690.0;26;13;11
696.0;29;10;11
702.0;30;10;10
708.0;29;11;10
714.0;27;12;11
720.0;26;13;11
726.0;26;11;13
732.0;27;12;11
738.0;23;13;14
744.0;23;13;14
750.0;26;12;12
756.0;29;11;10
762.0;30;11;9
768.0;32;11;7
774.0;31;10;9
780.0;33;8;9
786.0;34;8;8
792.0;29;15;6
798.0;31;14;5
804.0;31;13;6
810.0;30;13;7
816.0;32;12;6
822.0;32;12;6
828.0;32;13;5
834.0;31;13;6
840.0;31;13;6
846.0;32;13;5
852.0;31;14;5
858.0;31;15;4
864.0;33;13;4
870.0;31;14;5
876.0;30;17;3
882.0;28;17;5
888.0;29;15;6
894.0;31;12;7
900.0;31;13;6
906.0;34;12;4
912.0;33;12;5
918.0;32;14;4
924.0;33;11;6
930.0;34;13;3
936.0;29;16;5
942.0;30;15;5
948.0;28;16;6
954.0;26;16;8
960.0;29;14;7
966.0;27;15;8
972.0;26;17;7
978.0;24;18;8
984.0;25;15;10
990.0;25;15;10
996.0;25;14;11
1002.0;20;20;10
1008.0;22;20;8
1014.0;23;21;6
1020.0;25;18;7
1026.0;27;18;5
1032.0;28;16;6
1038.0;28;16;6
1044.0;29;15;6
1050.0;30;13;7
1056.0;32;13;5
1062.0;30;15;5
1068.0;29;14;7
1074.0;30;13;7
1080.0;31;13;6
1086.0;31;12;7
1092.0;28;14;8
1098.0;33;10;7
1104.0;30;12;8
1110.0;31;13;6
1116.0;28;13;9
1122.0;30;12;8
1128.0;26;14;10
1134.0;27;15;8
1140.0;27;15;8
1146.0;23;18;9
1152.0;20;26;4
1158.0;20;25;5
1164.0;21;22;7
1170.0;26;18;6
1176.0;26;15;9
1182.0;27;12;11
1188.0;29;12;9
1194.0;26;15;9
1200.0;27;16;7
1206.0;28;16;6
1212.0;24;20;6
1218.0;24;17;9
1224.0;25;16;9
1230.0;25;17;8
1236.0;28;19;3
1242.0;29;18;3
1248.0;26;18;6
1254.0;29;13;8
1260.0;27;11;12
1266.0;27;10;13
1272.0;28;12;10
1278.0;28;13;9
1284.0;30;13;7
1290.0;28;14;8
1296.0;26;17;7
1302.0;23;18;9
1308.0;28;16;6
1314.0;28;15;7
1320.0;28;16;6
1326.0;29;15;6
1332.0;28;18;4
1338.0;29;16;5
1344.0;26;18;6
1350.0;25;17;8
1356.0;23;19;8
1362.0;24;19;7
1368.0;24;19;7
1374.0;20;21;9
1380.0;19;23;8
1386.0;18;24;8
1392.0;19;20;11
1398.0;26;18;6
1404.0;27;18;5
1410.0;25;15;10
1416.0;25;17;8
1422.0;26;17;7
1428.0;26;18;6
1434.0;26;17;7
1440.0;27;17;6
1446.0;27;17;6
1452.0;27;19;4
1458.0;25;16;9
1464.0;26;15;9
1470.0;25;13;12
1476.0;22;18;10
1482.0;20;20;10
1488.0;22;19;9
1494.0;25;18;7
