#auto generated file!
180.0;56;49;20
186.0;59;48;18
192.0;60;48;17
198.0;64;46;15
204.0;70;41;14
210.0;66;42;17
216.0;63;46;16
222.0;61;49;15
228.0;60;48;17
234.0;61;48;16
240.0;68;39;18
246.0;70;36;19
252.0;69;37;19
258.0;76;30;19
264.0;77;30;18
270.0;76;34;15
276.0;76;37;12
282.0;76;33;16
288.0;77;32;16
294.0;82;29;14
300.0;75;33;17
306.0;73;38;14
312.0;72;42;11
318.0;77;36;12
324.0;78;38;9
330.0;80;34;11
336.0;76;32;17
342.0;77;30;18
348.0;75;31;19
354.0;77;30;18
360.0;72;37;16
366.0;71;37;17
372.0;75;32;18
378.0;74;35;16
384.0;72;36;17
390.0;63;40;22
396.0;63;38;24
402.0;62;40;23
408.0;66;37;22
414.0;68;36;21
420.0;72;32;21
426.0;69;38;18
432.0;64;43;18
438.0;63;42;20
444.0;70;34;21
450.0;70;35;20
456.0;71;36;18
462.0;68;38;19
468.0;70;38;17
474.0;65;40;20
480.0;67;37;21
486.0;67;36;22
492.0;71;33;21
498.0;66;36;23
504.0;68;33;24
510.0;69;29;27
516.0;66;32;27
522.0;70;34;21
528.0;68;35;22
534.0;68;35;22
540.0;70;32;23
546.0;74;32;19
552.0;72;33;20
558.0;72;35;18
564.0;68;37;20
570.0;70;38;17
576.0;69;39;17
582.0;66;41;18
588.0;62;42;21
594.0;64;36;25
600.0;63;41;21
606.0;60;46;19
612.0;61;45;19
618.0;61;45;19
624.0;63;39;23
630.0;66;33;26
636.0;66;33;26
642.0;65;39;21
648.0;64;41;20
654.0;70;37;18
660.0;63;40;22
666.0;58;43;24
672.0;54;48;23
678.0;58;44;23
684.0;61;41;23
690.0;60;43;22
696.0;66;41;18
702.0;69;42;14
708.0;72;38;15
714.0;75;36;14
720.0;72;36;17
726.0;71;37;17
732.0;71;36;18
738.0;73;36;16
744.0;69;43;13
750.0;70;37;18
756.0;73;38;14
762.0;71;35;19
768.0;71;39;15
774.0;74;38;13
780.0;69;40;16
786.0;67;44;14
792.0;67;41;17
798.0;65;42;18
804.0;67;39;19
810.0;69;36;20
816.0;70;37;18
822.0;68;38;19
828.0;70;36;19
834.0;74;38;13
840.0;79;34;12
846.0;79;32;14
852.0;78;30;17
858.0;83;32;10
864.0;81;34;10
870.0;80;33;12
876.0;76;31;18
882.0;78;31;16
888.0;79;31;15
894.0;83;25;17
900.0;89;25;11
906.0;89;29;7
912.0;89;28;8
918.0;81;30;14
924.0;80;30;15
930.0;80;32;13
936.0;81;31;13
942.0;79;36;10
948.0;85;28;12
954.0;82;29;14
960.0;79;30;16
966.0;77;31;17
972.0;81;30;14
978.0;80;32;13
984.0;79;29;17
990.0;81;26;18
996.0;79;27;19
1002.0;76;28;21
1008.0;74;31;20
1014.0;73;31;21
1020.0;72;35;18
1026.0;71;36;18
1032.0;71;35;19
1038.0;75;35;15
1044.0;74;31;20
1050.0;74;29;22
1056.0;68;35;22
1062.0;69;36;20
1068.0;69;35;21
1074.0;72;34;19
1080.0;71;35;19
1086.0;75;28;22
1092.0;73;33;19
1098.0;73;33;19
1104.0;75;36;14
1110.0;71;37;17
1116.0;77;31;17
1122.0;78;32;15
1128.0;82;31;12
1134.0;82;31;12
1140.0;79;32;14
1146.0;80;33;12
1152.0;80;31;14
1158.0;80;32;13
1164.0;81;34;10
1170.0;81;35;9
1176.0;85;32;8
1182.0;79;37;9
1188.0;79;31;15
1194.0;77;35;13
1200.0;72;35;18
1206.0;71;37;17
1212.0;74;35;16
1218.0;76;30;19
1224.0;72;34;19
1230.0;77;30;18
1236.0;71;34;20
1242.0;73;32;20
1248.0;76;30;19
1254.0;78;25;22
1260.0;77;27;21
1266.0;73;29;23
1272.0;76;29;20
1278.0;75;30;20
1284.0;75;27;23
1290.0;74;25;26
1296.0;71;30;24
1302.0;71;31;23
1308.0;76;27;22
1314.0;77;27;21
1320.0;77;24;24
1326.0;77;26;22
1332.0;74;27;24
1338.0;69;25;31
1344.0;72;28;25
1350.0;70;32;23
1356.0;72;30;23
1362.0;68;32;25
1368.0;63;36;26
1374.0;69;34;22
1380.0;68;35;22
1386.0;69;38;18
1392.0;69;36;20
1398.0;70;37;18
1404.0;68;37;20
1410.0;68;37;20
1416.0;74;33;18
1422.0;79;35;11
1428.0;81;30;14
1434.0;83;26;16
1440.0;81;27;17
1446.0;79;31;15
1452.0;75;37;13
1458.0;75;37;13
1464.0;72;36;17
1470.0;73;35;17
1476.0;74;33;18
1482.0;74;33;18
1488.0;81;33;11
1494.0;83;29;13
