#auto generated file!
180.0;14;8;3
186.0;14;8;3
192.0;15;6;4
198.0;14;6;5
204.0;11;7;7
210.0;15;6;4
216.0;14;7;4
222.0;14;6;5
228.0;14;8;3
234.0;13;8;4
240.0;11;9;5
246.0;11;9;5
252.0;14;6;5
258.0;14;7;4
264.0;16;7;2
270.0;15;8;2
276.0;15;7;3
282.0;14;7;4
288.0;14;6;5
294.0;15;6;4
300.0;13;7;5
306.0;14;7;4
312.0;14;9;2
318.0;14;9;2
324.0;14;8;3
330.0;15;9;1
336.0;15;8;2
342.0;16;6;3
348.0;15;6;4
354.0;16;3;6
360.0;13;6;6
366.0;11;8;6
372.0;10;7;8
378.0;12;6;7
384.0;13;5;7
390.0;13;6;6
396.0;12;8;5
402.0;12;8;5
408.0;13;5;7
414.0;12;5;8
420.0;14;7;4
426.0;16;6;3
432.0;15;6;4
438.0;15;6;4
444.0;15;6;4
450.0;14;9;2
456.0;17;7;1
462.0;17;7;1
468.0;18;6;1
474.0;16;7;2
480.0;17;5;3
486.0;16;6;3
492.0;17;7;1
498.0;17;7;1
504.0;15;7;3
510.0;14;8;3
516.0;13;8;4
522.0;13;8;4
528.0;12;9;4
534.0;11;9;5
540.0;14;8;3
546.0;16;6;3
552.0;16;6;3
558.0;15;5;5
564.0;15;6;4
570.0;16;5;4
576.0;15;5;5
582.0;16;5;4
588.0;14;5;6
594.0;17;4;4
600.0;15;8;2
606.0;17;7;1
612.0;17;7;1
618.0;18;6;1
624.0;18;6;1
630.0;17;5;3
636.0;16;6;3
642.0;16;6;3
648.0;16;6;3
654.0;14;8;3
660.0;12;9;4
666.0;12;9;4
672.0;12;8;5
678.0;14;7;4
684.0;16;5;4
690.0;16;6;3
696.0;17;5;3
702.0;17;5;3
708.0;17;5;3
714.0;16;5;4
720.0;17;6;2
726.0;18;6;1
732.0;19;5;1
738.0;18;5;2
744.0;17;6;2
750.0;19;3;3
756.0;19;5;1
762.0;17;5;3
768.0;18;5;2
774.0;18;6;1
780.0;16;6;3
786.0;16;6;3
792.0;15;7;3
798.0;15;7;3
804.0;13;10;2
810.0;13;10;2
816.0;12;9;4
822.0;11;11;3
828.0;14;8;3
834.0;16;7;2
840.0;16;6;3
846.0;15;6;4
852.0;15;7;3
858.0;15;7;3
864.0;15;6;4
870.0;14;7;4
876.0;13;7;5
882.0;15;7;3
888.0;15;7;3
894.0;11;9;5
900.0;12;10;3
906.0;11;9;5
912.0;12;7;6
918.0;13;7;5
924.0;14;8;3
930.0;13;9;3
936.0;14;9;2
942.0;14;10;1
948.0;12;10;3
954.0;12;9;4
960.0;12;8;5
966.0;13;8;4
972.0;15;7;3
978.0;17;5;3
984.0;18;3;4
990.0;17;3;5
996.0;20;2;3
1002.0;18;4;3
1008.0;16;4;5
1014.0;15;5;5
1020.0;14;7;4
1026.0;14;6;5
1032.0;13;6;6
1038.0;13;7;5
1044.0;15;7;3
1050.0;13;5;7
1056.0;13;5;7
1062.0;14;6;5
1068.0;15;5;5
1074.0;14;5;6
1080.0;16;5;4
1086.0;17;5;3
1092.0;17;5;3
1098.0;17;5;3
1104.0;16;5;4
1110.0;17;5;3
1116.0;16;4;5
1122.0;18;2;5
1128.0;17;1;7
1134.0;17;2;6
1140.0;17;2;6
1146.0;17;2;6
1152.0;17;4;4
1158.0;16;5;4
1164.0;14;5;6
1170.0;15;5;5
1176.0;15;4;6
1182.0;14;5;6
1188.0;13;7;5
1194.0;12;9;4
1200.0;13;8;4
1206.0;10;10;5
1212.0;12;8;5
1218.0;12;7;6
1224.0;14;5;6
1230.0;15;6;4
1236.0;14;7;4
1242.0;14;6;5
1248.0;17;6;2
1254.0;16;7;2
1260.0;14;9;2
1266.0;17;5;3
1272.0;16;4;5
1278.0;14;6;5
1284.0;16;5;4
1290.0;15;7;3
1296.0;15;8;2
1302.0;14;7;4
1308.0;15;5;5
1314.0;14;7;4
1320.0;15;9;1
1326.0;13;12;0
1332.0;12;11;2
1338.0;12;10;3
1344.0;13;11;1
1350.0;14;9;2
1356.0;15;9;1
1362.0;15;8;2
1368.0;17;7;1
1374.0;17;7;1
1380.0;16;9;0
1386.0;16;7;2
1392.0;15;7;3
1398.0;14;6;5
1404.0;13;7;5
1410.0;11;8;6
1416.0;10;9;6
1422.0;11;9;5
1428.0;10;9;6
1434.0;11;10;4
1440.0;11;9;5
1446.0;12;9;4
1452.0;12;8;5
1458.0;12;9;4
1464.0;12;9;4
1470.0;12;8;5
1476.0;12;9;4
1482.0;12;10;3
1488.0;12;9;4
1494.0;14;8;3
