#auto generated file!
180.0;60;24;16
186.0;59;21;20
192.0;58;23;19
198.0;59;24;17
204.0;57;24;19
210.0;60;21;19
216.0;55;24;21
222.0;54;30;16
228.0;56;27;17
234.0;58;30;12
240.0;60;28;12
246.0;62;27;11
252.0;62;26;12
258.0;58;28;14
264.0;63;27;10
270.0;66;23;11
276.0;65;22;13
282.0;65;23;12
288.0;66;22;12
294.0;68;17;15
300.0;63;19;18
306.0;62;22;16
312.0;63;21;16
318.0;63;18;19
324.0;64;20;16
330.0;62;20;18
336.0;66;19;15
342.0;66;19;15
348.0;66;16;18
354.0;65;22;13
360.0;66;24;10
366.0;70;21;9
372.0;69;21;10
378.0;69;19;12
384.0;71;18;11
390.0;64;20;16
396.0;64;20;16
402.0;63;21;16
408.0;65;22;13
414.0;64;22;14
420.0;56;25;19
426.0;57;26;17
432.0;59;28;13
438.0;57;27;16
444.0;58;30;12
450.0;60;31;9
456.0;61;31;8
462.0;59;33;8
468.0;59;33;8
474.0;57;32;11
480.0;55;30;15
486.0;56;33;11
492.0;57;32;11
498.0;54;28;18
504.0;58;24;18
510.0;57;24;19
516.0;59;23;18
522.0;54;25;21
528.0;53;26;21
534.0;51;26;23
540.0;54;26;20
546.0;51;27;22
552.0;53;28;19
558.0;52;27;21
564.0;57;23;20
570.0;60;22;18
576.0;57;22;21
582.0;55;21;24
588.0;56;25;19
594.0;56;23;21
600.0;54;25;21
606.0;56;28;16
612.0;56;28;16
618.0;58;24;18
624.0;60;22;18
630.0;59;20;21
636.0;56;21;23
642.0;57;20;23
648.0;59;21;20
654.0;57;25;18
660.0;62;19;19
666.0;60;19;21
672.0;57;18;25
678.0;55;25;20
684.0;53;28;19
690.0;57;29;14
696.0;52;32;16
702.0;55;33;12
708.0;54;33;13
714.0;54;30;16
720.0;54;29;17
726.0;55;26;19
732.0;54;30;16
738.0;54;31;15
744.0;54;30;16
750.0;55;29;16
756.0;53;31;16
762.0;59;32;9
768.0;60;31;9
774.0;60;32;8
780.0;58;32;10
786.0;59;30;11
792.0;57;32;11
798.0;53;34;13
804.0;57;30;13
810.0;57;30;13
816.0;55;32;13
822.0;59;29;12
828.0;58;27;15
834.0;60;25;15
840.0;62;25;13
846.0;60;25;15
852.0;59;29;12
858.0;58;26;16
864.0;56;32;12
870.0;54;33;13
876.0;57;26;17
882.0;51;32;17
888.0;52;36;12
894.0;53;32;15
900.0;54;34;12
906.0;55;32;13
912.0;54;31;15
918.0;53;32;15
924.0;56;30;14
930.0;55;29;16
936.0;51;33;16
942.0;52;31;17
948.0;56;31;13
954.0;50;33;17
960.0;50;31;19
966.0;56;27;17
972.0;59;28;13
978.0;61;24;15
984.0;63;26;11
990.0;63;26;11
996.0;63;24;13
1002.0;62;24;14
1008.0;62;26;12
1014.0;58;30;12
1020.0;60;27;13
1026.0;59;25;16
1032.0;61;29;10
1038.0;56;33;11
1044.0;57;32;11
1050.0;56;31;13
1056.0;59;29;12
1062.0;59;26;15
1068.0;62;21;17
1074.0;61;22;17
1080.0;61;19;20
1086.0;64;18;18
1092.0;66;20;14
1098.0;66;20;14
1104.0;65;20;15
1110.0;69;19;12
1116.0;68;19;13
1122.0;65;22;13
1128.0;67;22;11
1134.0;68;22;10
1140.0;65;26;9
1146.0;63;26;11
1152.0;63;27;10
1158.0;63;28;9
1164.0;63;29;8
1170.0;65;29;6
1176.0;64;29;7
1182.0;64;28;8
1188.0;60;28;12
1194.0;47;35;18
1200.0;52;28;20
1206.0;56;27;17
1212.0;54;27;19
1218.0;57;26;17
1224.0;60;24;16
1230.0;58;26;16
1236.0;57;23;20
1242.0;55;27;18
1248.0;56;27;17
1254.0;56;29;15
1260.0;62;24;14
1266.0;61;23;16
1272.0;59;23;18
1278.0;55;26;19
1284.0;52;31;17
1290.0;54;31;15
1296.0;54;34;12
1302.0;49;39;12
1308.0;47;39;14
1314.0;45;40;15
1320.0;44;37;19
1326.0;45;36;19
1332.0;48;31;21
1338.0;50;26;24
1344.0;52;27;21
1350.0;51;28;21
1356.0;53;31;16
1362.0;53;29;18
1368.0;55;35;10
1374.0;57;34;9
1380.0;58;30;12
1386.0;54;30;16
1392.0;54;33;13
1398.0;55;28;17
1404.0;56;27;17
1410.0;56;27;17
1416.0;56;30;14
1422.0;56;31;13
1428.0;53;31;16
1434.0;51;31;18
1440.0;48;35;17
1446.0;52;28;20
1452.0;55;28;17
1458.0;53;30;17
1464.0;51;35;14
1470.0;52;32;16
1476.0;52;32;16
1482.0;55;31;14
1488.0;59;33;8
1494.0;65;27;8
