#auto generated file!
180.0;198;104;48
186.0;200;101;49
192.0;202;103;45
198.0;205;92;53
204.0;207;89;54
210.0;213;90;47
216.0;199;98;53
222.0;197;103;50
228.0;193;99;58
234.0;191;106;53
240.0;188;112;50
246.0;196;109;45
252.0;199;109;42
258.0;198;107;45
264.0;198;106;46
270.0;188;115;47
276.0;199;110;41
282.0;201;108;41
288.0;207;99;44
294.0;208;95;47
300.0;206;97;47
306.0;205;99;46
312.0;200;101;49
318.0;206;97;47
324.0;205;95;50
330.0;198;99;53
336.0;192;103;55
342.0;193;107;50
348.0;206;100;44
354.0;219;93;38
360.0;214;96;40
366.0;215;92;43
372.0;206;98;46
378.0;206;99;45
384.0;199;104;47
390.0;196;106;48
396.0;192;108;50
402.0;191;114;45
408.0;190;109;51
414.0;195;105;50
420.0;194;105;51
426.0;198;105;47
432.0;196;98;56
438.0;197;99;54
444.0;199;101;50
450.0;204;95;51
456.0;195;100;55
462.0;202;98;50
468.0;202;101;47
474.0;200;106;44
480.0;217;93;40
486.0;212;91;47
492.0;207;95;48
498.0;201;96;53
504.0;193;99;58
510.0;194;96;60
516.0;202;96;52
522.0;205;90;55
528.0;218;91;41
534.0;207;103;40
540.0;204;101;45
546.0;201;106;43
552.0;201;103;46
558.0;201;104;45
564.0;206;101;43
570.0;208;97;45
576.0;213;91;46
582.0;219;85;46
588.0;222;76;52
594.0;216;77;57
600.0;215;78;57
606.0;213;84;53
612.0;211;89;50
618.0;213;89;48
624.0;213;94;43
630.0;211;89;50
636.0;205;86;59
642.0;209;89;52
648.0;207;98;45
654.0;206;96;48
660.0;206;95;49
666.0;203;94;53
672.0;203;93;54
678.0;193;92;65
684.0;202;89;59
690.0;197;98;55
696.0;190;97;63
702.0;189;93;68
708.0;192;100;58
714.0;194;108;48
720.0;192;105;53
726.0;195;100;55
732.0;192;108;50
738.0;192;112;46
744.0;195;109;46
750.0;193;104;53
756.0;204;104;42
762.0;198;108;44
768.0;202;106;42
774.0;201;110;39
780.0;206;103;41
786.0;211;102;37
792.0;206;105;39
798.0;206;102;42
804.0;206;102;42
810.0;199;105;46
816.0;203;100;47
822.0;206;93;51
828.0;194;98;58
834.0;195;102;53
840.0;194;97;59
846.0;190;101;59
852.0;185;107;58
858.0;187;113;50
864.0;181;114;55
870.0;177;116;57
876.0;180;116;54
882.0;179;115;56
888.0;186;115;49
894.0;190;112;48
900.0;195;110;45
906.0;195;111;44
912.0;199;100;51
918.0;194;105;51
924.0;194;103;53
930.0;199;107;44
936.0;200;99;51
942.0;196;104;50
948.0;198;106;46
954.0;196;110;44
960.0;194;114;42
966.0;191;109;50
972.0;184;108;58
978.0;183;108;59
984.0;184;110;56
990.0;191;110;49
996.0;190;113;47
1002.0;192;112;46
1008.0;195;109;46
1014.0;200;105;45
1020.0;198;101;51
1026.0;204;96;50
1032.0;200;102;48
1038.0;197;105;48
1044.0;205;92;53
1050.0;198;103;49
1056.0;200;105;45
1062.0;203;97;50
1068.0;205;100;45
1074.0;206;96;48
1080.0;201;108;41
1086.0;201;103;46
1092.0;197;99;54
1098.0;210;95;45
1104.0;210;88;52
1110.0;215;81;54
1116.0;213;81;56
1122.0;214;85;51
1128.0;205;97;48
1134.0;207;99;44
1140.0;207;93;50
1146.0;209;90;51
1152.0;215;91;44
1158.0;212;96;42
1164.0;202;99;49
1170.0;204;99;47
1176.0;197;100;53
1182.0;201;99;50
1188.0;196;104;50
1194.0;194;100;56
1200.0;190;111;49
1206.0;196;113;41
1212.0;200;109;41
1218.0;204;109;37
1224.0;208;107;35
1230.0;216;96;38
1236.0;213;99;38
1242.0;209;102;39
1248.0;206;102;42
1254.0;204;97;49
1260.0;198;98;54
1266.0;195;95;60
1272.0;184;106;60
1278.0;181;114;55
1284.0;181;123;46
1290.0;178;120;52
1296.0;178;120;52
1302.0;179;121;50
1308.0;185;119;46
1314.0;191;112;47
1320.0;183;118;49
1326.0;184;115;51
1332.0;180;116;54
1338.0;178;104;68
1344.0;188;104;58
1350.0;186;107;57
1356.0;201;93;56
1362.0;202;94;54
1368.0;207;99;44
1374.0;202;102;46
1380.0;194;102;54
1386.0;193;96;61
1392.0;192;102;56
1398.0;189;99;62
1404.0;189;100;61
1410.0;193;96;61
1416.0;196;97;57
1422.0;196;99;55
1428.0;202;106;42
1434.0;204;107;39
1440.0;195;104;51
1446.0;190;107;53
1452.0;186;114;50
1458.0;188;112;50
1464.0;186;106;58
1470.0;190;109;51
1476.0;194;101;55
1482.0;197;101;52
1488.0;192;99;59
1494.0;184;97;69
