#auto generated file!
180.0;49;12;14
186.0;50;12;13
192.0;52;11;12
198.0;50;13;12
204.0;48;15;12
210.0;44;19;12
216.0;42;19;14
222.0;42;19;14
228.0;39;21;15
234.0;37;22;16
240.0;38;22;15
246.0;38;22;15
252.0;38;23;14
258.0;42;23;10
264.0;45;19;11
270.0;42;21;12
276.0;45;19;11
282.0;47;17;11
288.0;49;17;9
294.0;48;20;7
300.0;49;18;8
306.0;50;15;10
312.0;53;13;9
318.0;53;12;10
324.0;50;17;8
330.0;47;20;8
336.0;48;19;8
342.0;45;20;10
348.0;47;21;7
354.0;42;23;10
360.0;41;22;12
366.0;39;26;10
372.0;37;28;10
378.0;39;24;12
384.0;42;20;13
390.0;45;17;13
396.0;45;20;10
402.0;45;21;9
408.0;41;20;14
414.0;40;24;11
420.0;39;22;14
426.0;37;24;14
432.0;39;22;14
438.0;45;17;13
444.0;46;16;13
450.0;46;18;11
456.0;46;16;13
462.0;48;17;10
468.0;49;17;9
474.0;46;19;10
480.0;46;19;10
486.0;47;21;7
492.0;49;20;6
498.0;49;20;6
504.0;49;18;8
510.0;47;19;9
516.0;49;17;9
522.0;47;20;8
528.0;44;21;10
534.0;42;22;11
540.0;39;23;13
546.0;36;22;17
552.0;39;23;13
558.0;41;24;10
564.0;41;28;6
570.0;39;24;12
576.0;40;26;9
582.0;42;24;9
588.0;42;22;11
594.0;39;23;13
600.0;38;27;10
606.0;43;26;6
612.0;39;27;9
618.0;40;25;10
624.0;39;26;10
630.0;41;25;9
636.0;39;30;6
642.0;39;27;9
648.0;39;28;8
654.0;36;27;12
660.0;38;27;10
666.0;35;26;14
672.0;38;23;14
678.0;40;23;12
684.0;36;25;14
690.0;39;27;9
696.0;42;25;8
702.0;40;28;7
708.0;42;25;8
714.0;44;25;6
720.0;42;27;6
726.0;43;23;9
732.0;43;22;10
738.0;43;20;12
744.0;41;24;10
750.0;43;23;9
756.0;39;27;9
762.0;41;23;11
768.0;40;26;9
774.0;38;26;11
780.0;42;24;9
786.0;42;27;6
792.0;42;28;5
798.0;44;24;7
804.0;43;22;10
810.0;44;17;14
816.0;46;16;13
822.0;46;14;15
828.0;44;17;14
834.0;39;19;17
840.0;43;16;16
846.0;43;22;10
852.0;43;23;9
858.0;44;22;9
864.0;41;21;13
870.0;44;22;9
876.0;44;24;7
882.0;45;23;7
888.0;45;21;9
894.0;42;23;10
900.0;42;25;8
906.0;37;29;9
912.0;39;25;11
918.0;37;23;15
924.0;37;25;13
930.0;38;23;14
936.0;40;23;12
942.0;39;26;10
948.0;40;23;12
954.0;40;22;13
960.0;43;16;16
966.0;43;18;14
972.0;42;21;12
978.0;39;22;14
984.0;37;24;14
990.0;38;25;12
996.0;40;27;8
1002.0;38;25;12
1008.0;37;28;10
1014.0;36;30;9
1020.0;38;28;9
1026.0;36;27;12
1032.0;36;27;12
1038.0;29;28;18
1044.0;32;26;17
1050.0;32;27;16
1056.0;32;30;13
1062.0;36;26;13
1068.0;38;29;8
1074.0;37;26;12
1080.0;39;23;13
1086.0;39;22;14
1092.0;42;21;12
1098.0;40;21;14
1104.0;42;21;12
1110.0;41;25;9
1116.0;41;24;10
1122.0;43;23;9
1128.0;45;22;8
1134.0;45;22;8
1140.0;46;21;8
1146.0;45;20;10
1152.0;44;21;10
1158.0;42;25;8
1164.0;45;26;4
1170.0;42;26;7
1176.0;46;22;7
1182.0;45;23;7
1188.0;41;22;12
1194.0;41;21;13
1200.0;44;22;9
1206.0;47;22;6
1212.0;42;22;11
1218.0;42;23;10
1224.0;44;21;10
1230.0;46;20;9
1236.0;45;18;12
1242.0;44;19;12
1248.0;46;19;10
1254.0;48;19;8
1260.0;49;15;11
1266.0;46;15;14
1272.0;44;18;13
1278.0;45;17;13
1284.0;45;20;10
1290.0;45;20;10
1296.0;46;19;10
1302.0;48;17;10
1308.0;47;20;8
1314.0;48;20;7
1320.0;46;18;11
1326.0;45;21;9
1332.0;46;19;10
1338.0;47;20;8
1344.0;43;20;12
1350.0;44;19;12
1356.0;44;18;13
1362.0;44;18;13
1368.0;42;18;15
1374.0;40;23;12
1380.0;39;23;13
1386.0;39;24;12
1392.0;39;22;14
1398.0;41;21;13
1404.0;37;22;16
1410.0;39;19;17
1416.0;39;19;17
1422.0;40;22;13
1428.0;45;18;12
1434.0;44;16;15
1440.0;46;16;13
1446.0;43;18;14
1452.0;44;19;12
1458.0;41;22;12
1464.0;43;23;9
1470.0;43;20;12
1476.0;43;19;13
1482.0;45;20;10
1488.0;44;21;10
1494.0;44;21;10
