#auto generated file!
6.0;0.0;0.0
12.0;0.0;0.0
18.0;5.416666666666667;0.0
24.0;5.416666666666667;0.0
30.0;8.75;0.0
36.0;9.166666666666666;0.0
42.0;13.333333333333334;0.0
48.0;7.5;0.0
54.0;19.166666666666668;0.5
60.0;16.666666666666668;0.0
66.0;19.166666666666668;0.5
72.0;34.583333333333336;0.0
78.0;27.708333333333332;0.0
84.0;39.583333333333336;0.0
90.0;34.583333333333336;0.0
96.0;25.416666666666668;1.0
102.0;23.333333333333332;0.0
108.0;23.75;0.0
114.0;25.833333333333332;0.5
120.0;11.666666666666666;0.0
126.0;20.833333333333332;0.5
132.0;28.75;0.0
138.0;26.666666666666668;0.0
144.0;31.875;0.0
150.0;31.666666666666668;0.0
156.0;26.25;0.0
162.0;30.0;0.5
168.0;25.0;0.5
174.0;26.25;0.0
180.0;27.083333333333332;1.0
186.0;15.833333333333334;0.0
192.0;21.666666666666668;0.0
198.0;15.416666666666666;0.0
204.0;21.875;0.5
210.0;24.583333333333332;0.0
216.0;36.666666666666664;0.0
222.0;36.041666666666664;0.5
228.0;30.833333333333332;0.5
234.0;38.125;0.0
240.0;20.0;0.0
246.0;28.333333333333332;0.0
252.0;26.666666666666668;0.0
258.0;24.166666666666668;0.0
264.0;24.583333333333332;0.25
270.0;28.333333333333332;0.0
276.0;21.25;0.0
282.0;33.75;0.5
288.0;18.333333333333332;0.0
294.0;28.333333333333332;0.0
300.0;28.75;0.0
306.0;28.75;0.5
312.0;22.083333333333332;0.0
318.0;28.333333333333332;0.25
324.0;25.625;0.0
330.0;27.5;0.0
336.0;29.166666666666668;0.5
342.0;27.083333333333332;0.0
348.0;17.083333333333332;0.75
354.0;12.083333333333334;0.5
360.0;22.5;0.0
366.0;32.5;1.0
372.0;29.583333333333332;0.0
378.0;34.583333333333336;0.0
384.0;27.291666666666668;0.25
390.0;29.583333333333332;0.0
396.0;17.5;0.0
402.0;15.833333333333334;0.0
408.0;22.5;0.0
414.0;25.833333333333332;0.5
420.0;17.083333333333332;0.0
426.0;25.0;0.0
432.0;18.75;0.5
438.0;28.333333333333332;0.0
444.0;24.583333333333332;0.5
450.0;24.166666666666668;0.5
456.0;23.75;0.0
462.0;34.166666666666664;0.0
468.0;26.041666666666668;0.625
474.0;15.833333333333334;0.5
480.0;22.916666666666668;0.0
486.0;13.333333333333334;0.0
492.0;17.916666666666668;0.0
498.0;28.958333333333332;0.5
504.0;32.916666666666664;0.0
510.0;22.5;0.5
516.0;35.416666666666664;0.5
522.0;26.25;0.0
528.0;32.5;0.5
534.0;22.708333333333332;0.5
540.0;22.5;0.0
546.0;23.75;0.0
552.0;17.708333333333332;1.0
558.0;20.0;0.0
564.0;32.5;0.5
570.0;30.0;0.5
576.0;32.5;0.0
582.0;24.166666666666668;0.5
588.0;24.375;0.0
594.0;24.791666666666668;0.0
600.0;25.416666666666668;0.0
606.0;31.666666666666668;0.5
612.0;25.208333333333332;0.0
618.0;22.083333333333332;0.0
624.0;27.708333333333332;0.0
630.0;35.0;0.0
636.0;17.083333333333332;0.0
642.0;23.333333333333332;1.0
648.0;18.333333333333332;0.0
654.0;22.083333333333332;0.5
660.0;26.25;0.5
666.0;27.5;0.0
672.0;25.208333333333332;0.0
678.0;39.583333333333336;0.0
684.0;32.5;0.0
690.0;20.416666666666668;0.0
696.0;15.0;0.0
702.0;21.25;0.0
708.0;11.666666666666666;0.0
714.0;19.166666666666668;0.0
720.0;7.5;0.0
726.0;23.333333333333332;0.5
732.0;25.208333333333332;1.0
738.0;26.458333333333332;0.25
744.0;38.333333333333336;0.0
750.0;29.583333333333332;0.0
756.0;17.916666666666668;0.0
762.0;24.375;0.0
768.0;29.166666666666668;0.0
774.0;29.166666666666668;0.5
780.0;18.333333333333332;0.0
786.0;14.583333333333334;0.5
792.0;35.833333333333336;0.0
798.0;28.75;0.0
804.0;30.0;0.0
810.0;24.166666666666668;0.0
816.0;36.666666666666664;0.0
822.0;43.333333333333336;0.0
828.0;44.583333333333336;0.0
834.0;28.333333333333332;0.5
840.0;24.166666666666668;0.0
846.0;19.166666666666668;0.0
852.0;20.0;0.0
858.0;14.166666666666666;0.5
864.0;29.791666666666668;0.0
870.0;19.583333333333332;0.5
876.0;16.25;0.0
882.0;25.833333333333332;0.0
888.0;17.708333333333332;0.0
894.0;26.458333333333332;0.0
900.0;35.0;0.0
906.0;18.75;1.0
912.0;23.75;0.5
918.0;31.041666666666668;0.5
924.0;28.333333333333332;1.0
930.0;23.333333333333332;0.0
936.0;26.666666666666668;0.5
942.0;22.291666666666668;0.0
948.0;17.916666666666668;0.0
954.0;21.458333333333332;0.0
960.0;22.083333333333332;0.0
966.0;33.333333333333336;0.0
972.0;25.416666666666668;0.5
978.0;37.916666666666664;0.5
984.0;30.833333333333332;0.75
990.0;31.25;0.0
996.0;22.083333333333332;0.5
1002.0;18.958333333333332;0.0
1008.0;15.0;0.5
1014.0;22.083333333333332;0.5
1020.0;25.416666666666668;0.0
1026.0;23.333333333333332;0.0
1032.0;26.25;0.0
1038.0;30.416666666666668;0.5
1044.0;27.083333333333332;0.5
1050.0;35.0;0.0
1056.0;23.75;0.0
1062.0;34.583333333333336;0.75
1068.0;22.5;0.0
1074.0;24.583333333333332;0.0
1080.0;26.666666666666668;0.0
1086.0;15.833333333333334;0.5
1092.0;18.75;0.0
1098.0;16.666666666666668;0.25
1104.0;20.833333333333332;0.0
1110.0;30.833333333333332;0.25
1116.0;33.75;0.0
1122.0;45.416666666666664;0.5
1128.0;29.583333333333332;0.0
1134.0;17.5;0.0
1140.0;27.083333333333332;0.0
1146.0;26.666666666666668;0.0
1152.0;25.416666666666668;0.75
1158.0;27.083333333333332;0.0
1164.0;30.416666666666668;0.0
1170.0;23.75;0.5
1176.0;29.166666666666668;0.0
1182.0;21.666666666666668;0.0
1188.0;30.0;0.0
1194.0;32.5;0.0
1200.0;41.25;0.5
1206.0;35.0;0.0
1212.0;27.5;0.0
1218.0;27.083333333333332;0.0
1224.0;23.333333333333332;0.25
1230.0;24.583333333333332;0.0
1236.0;24.583333333333332;0.0
1242.0;11.666666666666666;0.0
1248.0;23.75;0.75
1254.0;29.166666666666668;0.0
1260.0;27.083333333333332;1.0
1266.0;26.25;0.0
1272.0;44.583333333333336;0.0
1278.0;32.5;0.5
1284.0;24.166666666666668;0.0
1290.0;24.375;0.5
1296.0;24.583333333333332;0.0
1302.0;27.083333333333332;0.5
1308.0;21.666666666666668;0.0
1314.0;15.0;0.0
1320.0;25.0;0.0
1326.0;20.833333333333332;0.5
1332.0;24.583333333333332;0.0
1338.0;21.041666666666668;0.0
1344.0;23.75;0.0
1350.0;32.916666666666664;0.0
1356.0;21.25;0.0
1362.0;36.666666666666664;0.0
1368.0;30.0;0.0
1374.0;30.625;0.0
1380.0;20.833333333333332;1.75
1386.0;15.0;1.25
1392.0;20.833333333333332;0.0
1398.0;20.0;0.0
1404.0;28.333333333333332;0.0
1410.0;30.0;0.0
1416.0;37.083333333333336;1.0
1422.0;34.166666666666664;0.0
1428.0;24.166666666666668;0.0
1434.0;12.083333333333334;0.0
1440.0;31.25;0.0
1446.0;32.5;0.0
1452.0;15.416666666666666;0.0
1458.0;19.166666666666668;0.0
1464.0;34.166666666666664;0.5
1470.0;17.916666666666668;0.75
1476.0;27.083333333333332;0.25
1482.0;25.416666666666668;0.0
1488.0;20.0;0.5
1494.0;26.25;0.0
