#auto generated file!
180.0;173;100;52
186.0;173;101;51
192.0;174;99;52
198.0;178;102;45
204.0;176;106;43
210.0;175;102;48
216.0;173;103;49
222.0;178;96;51
228.0;189;93;43
234.0;181;99;45
240.0;185;92;48
246.0;182;93;50
252.0;176;97;52
258.0;181;92;52
264.0;184;86;55
270.0;188;89;48
276.0;186;93;46
282.0;185;93;47
288.0;181;96;48
294.0;185;97;43
300.0;181;92;52
306.0;190;88;47
312.0;189;94;42
318.0;192;91;42
324.0;191;92;42
330.0;198;86;41
336.0;189;93;43
342.0;185;98;42
348.0;180;91;54
354.0;183;98;44
360.0;177;93;55
366.0;173;93;59
372.0;176;87;62
378.0;180;87;58
384.0;188;92;45
390.0;185;93;47
396.0;191;88;46
402.0;190;79;56
408.0;194;78;53
414.0;187;85;53
420.0;190;88;47
426.0;194;82;49
432.0;187;89;49
438.0;190;96;39
444.0;188;99;38
450.0;189;91;45
456.0;187;95;43
462.0;179;101;45
468.0;179;101;45
474.0;181;100;44
480.0;192;93;40
486.0;195;90;40
492.0;187;95;43
498.0;196;94;35
504.0;192;92;41
510.0;191;100;34
516.0;190;90;45
522.0;186;90;49
528.0;178;90;57
534.0;176;90;59
540.0;176;95;54
546.0;180;86;59
552.0;181;88;56
558.0;186;83;56
564.0;185;81;59
570.0;186;82;57
576.0;191;88;46
582.0;189;93;43
588.0;189;96;40
594.0;189;96;40
600.0;185;98;42
606.0;183;98;44
612.0;179;94;52
618.0;184;93;48
624.0;180;99;46
630.0;188;96;41
636.0;182;97;46
642.0;178;96;51
648.0;181;85;59
654.0;166;98;61
660.0;167;100;58
666.0;169;100;56
672.0;176;99;50
678.0;177;100;48
684.0;174;100;51
690.0;173;105;47
696.0;177;102;46
702.0;181;93;51
708.0;181;94;50
714.0;185;91;49
720.0;189;93;43
726.0;190;90;45
732.0;194;89;42
738.0;193;93;39
744.0;191;90;44
750.0;189;85;51
756.0;184;98;43
762.0;187;97;41
768.0;188;86;51
774.0;189;80;56
780.0;191;75;59
786.0;193;80;52
792.0;186;92;47
798.0;185;96;44
804.0;187;99;39
810.0;183;100;42
816.0;178;99;48
822.0;181;96;48
828.0;190;89;46
834.0;190;93;42
840.0;193;94;38
846.0;184;100;41
852.0;185;103;37
858.0;181;105;39
864.0;175;107;43
870.0;174;103;48
876.0;181;96;48
882.0;181;99;45
888.0;177;104;44
894.0;176;106;43
900.0;175;108;42
906.0;175;104;46
912.0;186;101;38
918.0;200;98;27
924.0;193;100;32
930.0;192;101;32
936.0;198;97;30
942.0;196;92;37
948.0;189;89;47
954.0;192;89;44
960.0;200;79;46
966.0;195;88;42
972.0;199;87;39
978.0;199;83;43
984.0;198;86;41
990.0;199;88;38
996.0;199;86;40
1002.0;200;82;43
1008.0;195;89;41
1014.0;190;93;42
1020.0;190;84;51
1026.0;195;81;49
1032.0;196;80;49
1038.0;194;79;52
1044.0;201;83;41
1050.0;189;90;46
1056.0;187;98;40
1062.0;178;100;47
1068.0;179;106;40
1074.0;172;108;45
1080.0;172;98;55
1086.0;165;102;58
1092.0;165;98;62
1098.0;167;103;55
1104.0;167;101;57
1110.0;177;98;50
1116.0;180;96;49
1122.0;191;91;43
1128.0;197;92;36
1134.0;192;100;33
1140.0;193;97;35
1146.0;191;97;37
1152.0;185;94;46
1158.0;184;97;44
1164.0;180;99;46
1170.0;178;103;44
1176.0;186;99;40
1182.0;190;93;42
1188.0;195;89;41
1194.0;195;88;42
1200.0;198;86;41
1206.0;199;79;47
1212.0;198;73;54
1218.0;191;76;58
1224.0;198;77;50
1230.0;199;71;55
1236.0;187;84;54
1242.0;189;86;50
1248.0;197;76;52
1254.0;196;78;51
1260.0;196;76;53
1266.0;192;80;53
1272.0;185;87;53
1278.0;189;87;49
1284.0;184;89;52
1290.0;191;87;47
1296.0;186;86;53
1302.0;191;83;51
1308.0;191;80;54
1314.0;191;81;53
1320.0;192;84;49
1326.0;196;81;48
1332.0;190;91;44
1338.0;189;94;42
1344.0;185;96;44
1350.0;186;89;50
1356.0;186;82;57
1362.0;182;87;56
1368.0;178;85;62
1374.0;180;84;61
1380.0;174;91;60
1386.0;174;88;63
1392.0;176;82;67
1398.0;173;96;56
1404.0;170;108;47
1410.0;173;100;52
1416.0;179;101;45
1422.0;184;91;50
1428.0;195;83;47
1434.0;189;83;53
1440.0;187;90;48
1446.0;178;90;57
1452.0;186;92;47
1458.0;188;91;46
1464.0;187;89;49
1470.0;188;91;46
1476.0;199;86;40
1482.0;209;79;37
1488.0;205;78;42
1494.0;206;73;46
