#auto generated file!
180.0;142;91;42
186.0;143;88;44
192.0;140;90;45
198.0;145;84;46
204.0;151;80;44
210.0;151;85;39
216.0;152;88;35
222.0;151;88;36
228.0;145;93;37
234.0;149;85;41
240.0;153;83;39
246.0;150;83;42
252.0;143;86;46
258.0;146;81;48
264.0;142;85;48
270.0;143;89;43
276.0;149;84;42
282.0;146;83;46
288.0;146;78;51
294.0;153;78;44
300.0;156;72;47
306.0;157;71;47
312.0;154;76;45
318.0;147;74;54
324.0;155;70;50
330.0;174;58;43
336.0;180;62;33
342.0;170;75;30
348.0;166;76;33
354.0;166;74;35
360.0;167;68;40
366.0;164;74;37
372.0;167;73;35
378.0;168;72;35
384.0;165;72;38
390.0;166;72;37
396.0;167;70;38
402.0;166;74;35
408.0;159;84;32
414.0;154;79;42
420.0;162;76;37
426.0;163;78;34
432.0;162;72;41
438.0;158;78;39
444.0;157;84;34
450.0;160;80;35
456.0;158;77;40
462.0;153;77;45
468.0;153;81;41
474.0;162;78;35
480.0;155;80;40
486.0;156;83;36
492.0;153;84;38
498.0;154;78;43
504.0;155;83;37
510.0;150;85;40
516.0;153;85;37
522.0;154;85;36
528.0;151;86;38
534.0;150;89;36
540.0;149;88;38
546.0;148;93;34
552.0;151;80;44
558.0;156;69;50
564.0;157;74;44
570.0;158;81;36
576.0;157;84;34
582.0;148;87;40
588.0;151;83;41
594.0;155;77;43
600.0;158;78;39
606.0;165;80;30
612.0;163;78;34
618.0;159;81;35
624.0;157;82;36
630.0;155;81;39
636.0;164;75;36
642.0;162;79;34
648.0;159;78;38
654.0;164;74;37
660.0;161;72;42
666.0;155;78;42
672.0;158;78;39
678.0;154;86;35
684.0;152;90;33
690.0;157;82;36
696.0;160;85;30
702.0;159;86;30
708.0;162;80;33
714.0;155;83;37
720.0;161;86;28
726.0;158;86;31
732.0;158;86;31
738.0;161;83;31
744.0;162;81;32
750.0;163;80;32
756.0;160;80;35
762.0;160;80;35
768.0;159;77;39
774.0;159;77;39
780.0;162;81;32
786.0;163;70;42
792.0;161;74;40
798.0;161;74;40
804.0;163;80;32
810.0;166;79;30
816.0;166;78;31
822.0;165;76;34
828.0;166;72;37
834.0;165;71;39
840.0;163;63;49
846.0;176;58;41
852.0;174;58;43
858.0;173;69;33
864.0;181;64;30
870.0;171;68;36
876.0;163;71;41
882.0;158;72;45
888.0;161;76;38
894.0;172;71;32
900.0;162;76;37
906.0;161;78;36
912.0;165;69;41
918.0;169;72;34
924.0;166;70;39
930.0;161;70;44
936.0;155;74;46
942.0;156;73;46
948.0;153;77;45
954.0;159;76;40
960.0;169;69;37
966.0;160;73;42
972.0;165;71;39
978.0;161;71;43
984.0;168;68;39
990.0;162;73;40
996.0;161;74;40
1002.0;159;73;43
1008.0;155;82;38
1014.0;156;80;39
1020.0;165;70;40
1026.0;159;79;37
1032.0;157;78;40
1038.0;158;81;36
1044.0;160;85;30
1050.0;164;82;29
1056.0;160;84;31
1062.0;166;79;30
1068.0;165;80;30
1074.0;170;81;24
1080.0;167;82;26
1086.0;165;82;28
1092.0;170;72;33
1098.0;165;72;38
1104.0;161;77;37
1110.0;157;72;46
1116.0;154;79;42
1122.0;157;72;46
1128.0;155;77;43
1134.0;161;76;38
1140.0;162;76;37
1146.0;166;69;40
1152.0;166;70;39
1158.0;157;82;36
1164.0;155;85;35
1170.0;157;87;31
1176.0;157;82;36
1182.0;156;79;40
1188.0;157;76;42
1194.0;158;81;36
1200.0;159;76;40
1206.0;158;77;40
1212.0;159;82;34
1218.0;152;87;36
1224.0;156;86;33
1230.0;156;83;36
1236.0;160;78;37
1242.0;156;77;42
1248.0;157;80;38
1254.0;158;75;42
1260.0;163;74;38
1266.0;156;85;34
1272.0;153;93;29
1278.0;153;94;28
1284.0;153;93;29
1290.0;150;95;30
1296.0;157;88;30
1302.0;159;81;35
1308.0;163;81;31
1314.0;170;78;27
1320.0;155;84;36
1326.0;154;87;34
1332.0;155;83;37
1338.0;164;83;28
1344.0;169;74;32
1350.0;159;72;44
1356.0;158;80;37
1362.0;153;78;44
1368.0;148;83;44
1374.0;151;79;45
1380.0;155;77;43
1386.0;153;79;43
1392.0;150;83;42
1398.0;160;80;35
1404.0;165;80;30
1410.0;167;77;31
1416.0;172;75;28
1422.0;170;75;30
1428.0;165;79;31
1434.0;162;84;29
1440.0;155;86;34
1446.0;153;86;36
1452.0;152;91;32
1458.0;148;89;38
1464.0;148;86;41
1470.0;146;88;41
1476.0;159;83;33
1482.0;153;78;44
1488.0;151;82;42
1494.0;153;81;41
