#auto generated file!
180.0;192;87;46
186.0;202;81;42
192.0;202;76;47
198.0;206;76;43
204.0;204;78;43
210.0;199;82;44
216.0;200;78;47
222.0;204;81;40
228.0;206;74;45
234.0;202;82;41
240.0;198;83;44
246.0;191;81;53
252.0;191;85;49
258.0;187;88;50
264.0;196;87;42
270.0;191;92;42
276.0;189;92;44
282.0;191;92;42
288.0;195;95;35
294.0;192;100;33
300.0;196;89;40
306.0;191;88;46
312.0;193;84;48
318.0;198;85;42
324.0;200;83;42
330.0;204;71;50
336.0;204;75;46
342.0;203;83;39
348.0;198;84;43
354.0;201;86;38
360.0;207;80;38
366.0;207;75;43
372.0;212;71;42
378.0;205;70;50
384.0;206;73;46
390.0;200;80;45
396.0;194;80;51
402.0;192;89;44
408.0;188;83;54
414.0;192;82;51
420.0;188;84;53
426.0;186;94;45
432.0;181;97;47
438.0;181;99;45
444.0;187;96;42
450.0;188;85;52
456.0;189;90;46
462.0;186;86;53
468.0;186;89;50
474.0;196;82;47
480.0;200;82;43
486.0;199;81;45
492.0;200;83;42
498.0;200;88;37
504.0;198;90;37
510.0;200;83;42
516.0;204;81;40
522.0;207;82;36
528.0;212;71;42
534.0;210;67;48
540.0;208;76;41
546.0;208;74;43
552.0;201;73;51
558.0;203;77;45
564.0;198;77;50
570.0;194;74;57
576.0;188;80;57
582.0;182;84;59
588.0;184;87;54
594.0;194;86;45
600.0;199;83;43
606.0;200;82;43
612.0;197;76;52
618.0;198;74;53
624.0;196;81;48
630.0;192;82;51
636.0;186;85;54
642.0;185;92;48
648.0;190;90;45
654.0;182;93;50
660.0;177;90;58
666.0;177;91;57
672.0;185;82;58
678.0;188;78;59
684.0;184;84;57
690.0;178;95;52
696.0;177;97;51
702.0;183;93;49
708.0;180;93;52
714.0;180;92;53
720.0;170;101;54
726.0;165;100;60
732.0;174;95;56
738.0;179;95;51
744.0;186;91;48
750.0;189;89;47
756.0;191;92;42
762.0;184;95;46
768.0;184;98;43
774.0;187;92;46
780.0;189;85;51
786.0;183;86;56
792.0;178;89;58
798.0;175;94;56
804.0;191;86;48
810.0;188;87;50
816.0;187;85;53
822.0;189;89;47
828.0;195;79;51
834.0;199;76;50
840.0;196;88;41
846.0;194;90;41
852.0;186;92;47
858.0;182;96;47
864.0;194;88;43
870.0;194;85;46
876.0;194;82;49
882.0;194;88;43
888.0;186;89;50
894.0;188;89;48
900.0;192;87;46
906.0;188;93;44
912.0;188;89;48
918.0;186;97;42
924.0;190;90;45
930.0;179;98;48
936.0;186;92;47
942.0;183;92;50
948.0;184;86;55
954.0;182;93;50
960.0;183;91;51
966.0;188;86;51
972.0;186;85;54
978.0;181;89;55
984.0;173;93;59
990.0;178;91;56
996.0;182;88;55
1002.0;178;100;47
1008.0;179;102;44
1014.0;183;109;33
1020.0;187;105;33
1026.0;190;96;39
1032.0;191;98;36
1038.0;189;98;38
1044.0;183;99;43
1050.0;176;107;42
1056.0;174;109;42
1062.0;181;100;44
1068.0;182;95;48
1074.0;183;96;46
1080.0;182;95;48
1086.0;185;90;50
1092.0;181;92;52
1098.0;183;95;47
1104.0;185;95;45
1110.0;190;91;44
1116.0;178;93;54
1122.0;176;96;53
1128.0;187;97;41
1134.0;186;93;46
1140.0;186;85;54
1146.0;182;84;59
1152.0;185;83;57
1158.0;186;93;46
1164.0;193;88;44
1170.0;201;79;45
1176.0;204;72;49
1182.0;208;68;49
1188.0;208;71;46
1194.0;205;69;51
1200.0;202;71;52
1206.0;197;74;54
1212.0;197;75;53
1218.0;197;79;49
1224.0;193;87;45
1230.0;184;90;51
1236.0;198;88;39
1242.0;199;90;36
1248.0;192;92;41
1254.0;190;95;40
1260.0;190;85;50
1266.0;199;81;45
1272.0;193;78;54
1278.0;191;90;44
1284.0;194;90;41
1290.0;197;90;38
1296.0;200;87;38
1302.0;197;83;45
1308.0;194;87;44
1314.0;198;85;42
1320.0;208;79;38
1326.0;205;78;42
1332.0;207;80;38
1338.0;197;89;39
1344.0;193;90;42
1350.0;186;90;49
1356.0;182;91;52
1362.0;173;95;57
1368.0;172;104;49
1374.0;174;102;49
1380.0;175;98;52
1386.0;180;94;51
1392.0;185;96;44
1398.0;185;98;42
1404.0;185;98;42
1410.0;177;102;46
1416.0;185;98;42
1422.0;185;96;44
1428.0;184;101;40
1434.0;180;97;48
1440.0;178;93;54
1446.0;176;88;61
1452.0;182;91;52
1458.0;181;95;49
1464.0;185;96;44
1470.0;188;95;42
1476.0;188;99;38
1482.0;193;98;34
1488.0;195;92;38
1494.0;191;93;41
