#auto generated file!
6.0;0.0;0.0
12.0;0.4166666666666667;0.0
18.0;5.208333333333333;0.0
24.0;15.208333333333334;0.0
30.0;15.0;0.0
36.0;30.0;0.0
42.0;29.166666666666668;0.0
48.0;32.083333333333336;0.0
54.0;38.333333333333336;0.0
60.0;51.666666666666664;0.0
66.0;49.166666666666664;0.5
72.0;64.16666666666667;0.0
78.0;61.666666666666664;0.5
84.0;54.375;0.0
90.0;50.416666666666664;0.0
96.0;52.083333333333336;0.5
102.0;55.833333333333336;0.0
108.0;57.5;0.5
114.0;41.25;0.0
120.0;42.916666666666664;0.5
126.0;48.333333333333336;0.0
132.0;45.416666666666664;0.0
138.0;49.583333333333336;1.0
144.0;57.5;0.0
150.0;60.833333333333336;0.5
156.0;49.583333333333336;0.5
162.0;53.333333333333336;0.0
168.0;51.666666666666664;0.0
174.0;41.666666666666664;0.0
180.0;46.666666666666664;0.0
186.0;40.0;1.0
192.0;47.083333333333336;0.0
198.0;52.083333333333336;0.0
204.0;58.958333333333336;0.0
210.0;61.666666666666664;0.5
216.0;55.416666666666664;0.0
222.0;52.083333333333336;0.0
228.0;50.0;0.0
234.0;57.083333333333336;0.0
240.0;43.333333333333336;0.0
246.0;42.5;0.5
252.0;54.166666666666664;0.25
258.0;47.916666666666664;0.0
264.0;46.458333333333336;0.0
270.0;45.416666666666664;0.0
276.0;54.166666666666664;0.75
282.0;49.583333333333336;0.0
288.0;52.083333333333336;1.0
294.0;50.833333333333336;0.0
300.0;53.75;0.0
306.0;49.166666666666664;0.0
312.0;45.416666666666664;0.0
318.0;39.791666666666664;0.75
324.0;51.458333333333336;0.5
330.0;44.583333333333336;0.0
336.0;47.083333333333336;0.0
342.0;43.333333333333336;0.0
348.0;50.0;1.0
354.0;43.125;0.0
360.0;42.5;0.0
366.0;57.083333333333336;0.5
372.0;47.083333333333336;0.0
378.0;50.208333333333336;0.0
384.0;52.5;0.0
390.0;53.333333333333336;0.0
396.0;50.416666666666664;0.0
402.0;54.583333333333336;0.0
408.0;55.416666666666664;0.0
414.0;45.0;0.5
420.0;49.583333333333336;0.0
426.0;45.833333333333336;0.0
432.0;46.25;0.0
438.0;51.25;0.0
444.0;53.333333333333336;1.0
450.0;59.583333333333336;0.5
456.0;49.583333333333336;0.0
462.0;43.333333333333336;0.5
468.0;40.208333333333336;0.0
474.0;47.916666666666664;0.0
480.0;52.083333333333336;0.0
486.0;35.833333333333336;0.0
492.0;39.166666666666664;0.0
498.0;43.75;0.0
504.0;58.958333333333336;0.5
510.0;54.583333333333336;0.0
516.0;60.0;0.0
522.0;57.916666666666664;0.5
528.0;57.708333333333336;0.0
534.0;42.291666666666664;0.0
540.0;47.5;0.0
546.0;52.5;0.0
552.0;55.208333333333336;0.0
558.0;58.333333333333336;0.0
564.0;56.25;0.25
570.0;57.5;0.0
576.0;44.166666666666664;0.0
582.0;46.041666666666664;0.0
588.0;40.833333333333336;0.0
594.0;55.0;0.0
600.0;57.5;0.0
606.0;55.0;0.0
612.0;49.583333333333336;0.0
618.0;50.833333333333336;0.25
624.0;52.916666666666664;0.5
630.0;50.416666666666664;0.0
636.0;47.083333333333336;0.5
642.0;51.666666666666664;0.5
648.0;48.541666666666664;0.5
654.0;45.416666666666664;0.0
660.0;48.333333333333336;0.0
666.0;51.25;0.0
672.0;49.583333333333336;0.5
678.0;54.583333333333336;0.5
684.0;58.125;0.0
690.0;52.916666666666664;0.0
696.0;51.666666666666664;0.25
702.0;48.541666666666664;0.75
708.0;54.583333333333336;0.125
714.0;42.5;0.5
720.0;42.5;0.0
726.0;39.166666666666664;0.0
732.0;46.666666666666664;0.0
738.0;54.166666666666664;0.5
744.0;54.166666666666664;0.0
750.0;61.25;0.0
756.0;58.333333333333336;0.0
762.0;53.333333333333336;0.0
768.0;47.916666666666664;0.0
774.0;53.125;0.0
780.0;52.083333333333336;0.0
786.0;50.0;0.5
792.0;42.916666666666664;0.0
798.0;50.416666666666664;0.0
804.0;58.125;0.0
810.0;47.916666666666664;0.5
816.0;50.0;0.0
822.0;57.083333333333336;0.0
828.0;61.25;0.0
834.0;57.291666666666664;0.5
840.0;57.083333333333336;0.0
846.0;62.083333333333336;0.0
852.0;56.875;0.5
858.0;50.416666666666664;0.0
864.0;59.583333333333336;0.0
870.0;42.5;0.0
876.0;41.25;0.0
882.0;64.79166666666667;0.5
888.0;33.541666666666664;0.5
894.0;51.666666666666664;0.0
900.0;56.25;0.0
906.0;59.166666666666664;0.75
912.0;51.25;0.0
918.0;50.833333333333336;0.5
924.0;58.125;0.0
930.0;60.416666666666664;1.0
936.0;53.75;0.0
942.0;41.666666666666664;0.0
948.0;41.458333333333336;0.0
954.0;46.458333333333336;0.0
960.0;36.666666666666664;0.5
966.0;45.0;0.5
972.0;58.333333333333336;0.0
978.0;55.208333333333336;0.0
984.0;63.125;0.25
990.0;57.916666666666664;0.0
996.0;61.666666666666664;0.5
1002.0;52.916666666666664;0.0
1008.0;48.958333333333336;0.0
1014.0;57.916666666666664;0.125
1020.0;46.666666666666664;0.0
1026.0;54.583333333333336;0.0
1032.0;51.666666666666664;0.0
1038.0;40.0;0.0
1044.0;47.291666666666664;0.25
1050.0;51.666666666666664;0.5
1056.0;44.166666666666664;0.0
1062.0;46.25;0.0
1068.0;52.5;0.0
1074.0;54.375;0.0
1080.0;51.25;0.0
1086.0;47.5;0.0
1092.0;41.666666666666664;0.0
1098.0;53.333333333333336;0.0
1104.0;62.291666666666664;0.0
1110.0;55.0;0.0
1116.0;49.583333333333336;1.5
1122.0;55.833333333333336;0.0
1128.0;44.166666666666664;0.0
1134.0;51.041666666666664;0.5
1140.0;53.75;0.0
1146.0;60.416666666666664;0.0
1152.0;52.916666666666664;0.5
1158.0;46.041666666666664;0.0
1164.0;52.5;0.0
1170.0;52.916666666666664;0.0
1176.0;50.0;0.0
1182.0;43.541666666666664;0.5
1188.0;64.375;0.0
1194.0;55.833333333333336;0.0
1200.0;53.333333333333336;0.0
1206.0;53.333333333333336;0.0
1212.0;51.25;0.0
1218.0;60.625;0.0
1224.0;57.916666666666664;0.0
1230.0;60.416666666666664;0.0
1236.0;57.083333333333336;0.0
1242.0;57.083333333333336;0.0
1248.0;51.25;0.5
1254.0;47.291666666666664;0.0
1260.0;49.791666666666664;1.0
1266.0;39.583333333333336;0.0
1272.0;60.0;0.0
1278.0;64.58333333333333;0.0
1284.0;48.75;0.0
1290.0;45.833333333333336;0.0
1296.0;32.916666666666664;0.0
1302.0;44.166666666666664;0.0
1308.0;49.166666666666664;0.0
1314.0;39.375;0.75
1320.0;43.541666666666664;0.5
1326.0;33.333333333333336;0.0
1332.0;38.333333333333336;0.0
1338.0;62.708333333333336;0.0
1344.0;55.416666666666664;0.0
1350.0;53.333333333333336;0.5
1356.0;50.833333333333336;0.0
1362.0;46.666666666666664;0.0
1368.0;37.083333333333336;0.5
1374.0;47.5;0.0
1380.0;43.333333333333336;0.0
1386.0;42.5;0.0
1392.0;39.166666666666664;0.0
1398.0;33.333333333333336;0.0
1404.0;49.583333333333336;1.0
1410.0;47.916666666666664;0.0
1416.0;42.916666666666664;0.5
1422.0;47.916666666666664;0.5
1428.0;53.958333333333336;0.0
1434.0;54.583333333333336;0.5
1440.0;48.333333333333336;0.0
1446.0;56.666666666666664;0.0
1452.0;48.333333333333336;0.5
1458.0;61.666666666666664;0.0
1464.0;59.375;0.25
1470.0;54.166666666666664;1.0
1476.0;52.083333333333336;0.0
1482.0;35.0;0.0
1488.0;54.583333333333336;1.0
1494.0;60.833333333333336;0.5
