#auto generated file!
6.0;0.0;0.0
12.0;1.25;0.0
18.0;2.7083333333333335;0.0
24.0;3.125;0.0
30.0;5.416666666666667;0.0
36.0;5.416666666666667;0.0
42.0;9.166666666666666;0.0
48.0;20.416666666666668;0.5
54.0;20.0;0.125
60.0;20.833333333333332;0.0
66.0;25.833333333333332;0.0
72.0;25.0;0.0
78.0;30.833333333333332;0.0
84.0;20.0;0.0
90.0;20.833333333333332;0.0
96.0;10.416666666666666;0.5
102.0;5.0;0.0
108.0;22.5;0.0
114.0;23.333333333333332;0.0
120.0;23.333333333333332;0.5
126.0;15.833333333333334;0.0
132.0;13.333333333333334;0.0
138.0;15.0;0.0
144.0;17.708333333333332;0.5
150.0;23.75;0.0
156.0;17.083333333333332;0.0
162.0;18.958333333333332;0.0
168.0;15.208333333333334;0.5
174.0;13.333333333333334;0.0
180.0;15.833333333333334;0.0
186.0;13.333333333333334;0.0
192.0;17.5;0.125
198.0;19.791666666666668;0.0
204.0;18.75;0.0
210.0;20.0;0.75
216.0;20.833333333333332;0.0
222.0;25.833333333333332;0.0
228.0;20.833333333333332;0.0
234.0;21.666666666666668;0.0
240.0;17.916666666666668;0.0
246.0;10.0;0.5
252.0;7.5;0.0
258.0;14.791666666666666;0.0
264.0;18.333333333333332;0.0
270.0;25.833333333333332;0.25
276.0;19.166666666666668;0.5
282.0;11.666666666666666;0.0
288.0;22.5;0.125
294.0;23.75;0.5
300.0;21.25;0.0
306.0;21.666666666666668;0.0
312.0;28.75;0.0
318.0;22.083333333333332;0.75
324.0;19.583333333333332;0.0
330.0;13.75;0.0
336.0;23.333333333333332;0.0
342.0;15.833333333333334;0.0
348.0;21.041666666666668;0.0
354.0;18.541666666666668;0.0
360.0;24.166666666666668;0.5
366.0;19.166666666666668;0.0
372.0;21.666666666666668;0.0
378.0;24.583333333333332;0.0
384.0;26.25;0.25
390.0;17.916666666666668;0.0
396.0;12.5;0.0
402.0;10.0;0.0
408.0;17.291666666666668;0.5
414.0;18.333333333333332;0.0
420.0;13.75;0.0
426.0;20.0;0.0
432.0;21.25;0.5
438.0;20.208333333333332;0.0
444.0;28.541666666666668;0.0
450.0;32.5;0.5
456.0;24.583333333333332;0.0
462.0;15.0;0.0
468.0;15.833333333333334;0.0
474.0;15.833333333333334;0.0
480.0;16.666666666666668;0.0
486.0;21.666666666666668;0.0
492.0;21.041666666666668;0.0
498.0;17.083333333333332;0.0
504.0;22.916666666666668;0.25
510.0;17.916666666666668;0.0
516.0;21.666666666666668;0.0
522.0;22.083333333333332;0.0
528.0;25.416666666666668;0.0
534.0;20.833333333333332;0.5
540.0;18.333333333333332;0.0
546.0;15.416666666666666;0.0
552.0;13.333333333333334;0.0
558.0;17.083333333333332;0.0
564.0;29.166666666666668;0.0
570.0;30.833333333333332;0.0
576.0;19.166666666666668;0.0
582.0;19.166666666666668;0.0
588.0;16.041666666666668;0.0
594.0;26.041666666666668;0.5
600.0;22.916666666666668;0.0
606.0;30.833333333333332;0.0
612.0;22.916666666666668;0.5
618.0;16.25;0.5
624.0;23.75;0.0
630.0;17.5;0.0
636.0;18.75;0.0
642.0;15.0;0.0
648.0;14.166666666666666;0.0
654.0;19.166666666666668;0.0
660.0;15.0;0.0
666.0;18.333333333333332;0.0
672.0;25.0;0.5
678.0;17.5;0.0
684.0;17.083333333333332;0.125
690.0;18.75;0.0
696.0;20.0;0.0
702.0;10.0;0.0
708.0;15.833333333333334;0.0
714.0;15.833333333333334;0.0
720.0;19.166666666666668;0.0
726.0;14.166666666666666;0.5
732.0;14.166666666666666;0.0
738.0;19.166666666666668;0.0
744.0;16.666666666666668;0.25
750.0;21.666666666666668;0.0
756.0;23.75;0.0
762.0;19.583333333333332;0.0
768.0;15.0;1.0
774.0;15.416666666666666;0.0
780.0;13.333333333333334;0.5
786.0;15.0;0.0
792.0;17.916666666666668;0.0
798.0;14.791666666666666;0.0
804.0;25.0;0.0
810.0;22.916666666666668;0.5
816.0;21.25;0.5
822.0;24.583333333333332;0.0
828.0;18.125;0.0
834.0;16.666666666666668;0.5
840.0;15.833333333333334;0.0
846.0;13.75;0.0
852.0;12.708333333333334;0.0
858.0;20.416666666666668;0.0
864.0;25.625;0.0
870.0;20.833333333333332;0.5
876.0;22.083333333333332;0.5
882.0;28.333333333333332;0.0
888.0;18.333333333333332;0.0
894.0;27.708333333333332;0.0
900.0;26.666666666666668;0.5
906.0;23.75;0.5
912.0;22.291666666666668;0.75
918.0;16.666666666666668;0.0
924.0;15.208333333333334;0.25
930.0;19.166666666666668;0.0
936.0;14.166666666666666;0.0
942.0;13.333333333333334;0.0
948.0;18.541666666666668;0.0
954.0;16.041666666666668;0.0
960.0;13.75;0.0
966.0;17.083333333333332;0.0
972.0;20.0;0.0
978.0;26.666666666666668;0.0
984.0;8.75;0.25
990.0;17.5;0.125
996.0;12.5;0.5
1002.0;14.583333333333334;0.125
1008.0;18.125;0.0
1014.0;24.166666666666668;0.0
1020.0;19.583333333333332;0.5
1026.0;22.083333333333332;0.0
1032.0;12.5;0.0
1038.0;13.75;0.0
1044.0;17.083333333333332;0.0
1050.0;27.083333333333332;0.0
1056.0;17.916666666666668;0.0
1062.0;15.0;0.0
1068.0;12.291666666666666;0.0
1074.0;20.416666666666668;0.0
1080.0;26.25;0.0
1086.0;17.5;0.0
1092.0;17.916666666666668;0.0
1098.0;12.291666666666666;0.0
1104.0;17.083333333333332;0.25
1110.0;23.75;0.5
1116.0;25.833333333333332;0.0
1122.0;22.5;0.0
1128.0;23.125;0.0
1134.0;18.333333333333332;0.0
1140.0;19.166666666666668;0.0
1146.0;13.75;0.0
1152.0;12.291666666666666;0.0
1158.0;16.25;0.0
1164.0;18.333333333333332;0.5
1170.0;23.333333333333332;0.0
1176.0;22.083333333333332;0.0
1182.0;20.416666666666668;0.5
1188.0;20.0;0.0
1194.0;31.666666666666668;0.5
1200.0;30.833333333333332;0.0
1206.0;22.5;0.5
1212.0;16.666666666666668;0.125
1218.0;17.708333333333332;0.0
1224.0;26.25;0.0
1230.0;18.75;0.0
1236.0;27.5;0.0
1242.0;20.833333333333332;0.0
1248.0;18.125;0.0
1254.0;25.833333333333332;0.0
1260.0;23.75;0.0
1266.0;27.083333333333332;0.0
1272.0;22.083333333333332;0.0
1278.0;27.5;0.0
1284.0;28.75;0.0
1290.0;16.25;0.0
1296.0;20.833333333333332;0.5
1302.0;18.333333333333332;0.5
1308.0;19.791666666666668;0.0
1314.0;23.541666666666668;0.0
1320.0;19.583333333333332;0.5
1326.0;21.666666666666668;0.0
1332.0;16.25;0.0
1338.0;21.458333333333332;0.0
1344.0;26.666666666666668;0.0
1350.0;25.0;0.0
1356.0;23.75;0.0
1362.0;14.166666666666666;0.0
1368.0;13.541666666666666;0.0
1374.0;12.5;0.0
1380.0;17.5;0.0
1386.0;17.083333333333332;0.0
1392.0;23.333333333333332;0.0
1398.0;21.25;0.0
1404.0;21.666666666666668;0.0
1410.0;24.166666666666668;0.0
1416.0;25.833333333333332;0.0
1422.0;20.416666666666668;0.0
1428.0;17.083333333333332;0.5
1434.0;22.5;0.0
1440.0;24.166666666666668;0.0
1446.0;7.5;0.0
1452.0;11.666666666666666;0.0
1458.0;15.833333333333334;0.0
1464.0;21.041666666666668;0.5
1470.0;22.916666666666668;0.0
1476.0;17.916666666666668;1.0
1482.0;14.166666666666666;0.0
1488.0;20.833333333333332;0.125
1494.0;20.833333333333332;0.0
