#auto generated file!
6.0;0.0;0.0
12.0;3.3333333333333335;0.0
18.0;5.833333333333333;0.0
24.0;12.083333333333334;0.0
30.0;16.666666666666668;0.0
36.0;32.5;0.0
42.0;39.375;0.5
48.0;41.25;0.5
54.0;37.083333333333336;0.0
60.0;49.166666666666664;1.25
66.0;56.666666666666664;0.0
72.0;59.166666666666664;1.0
78.0;60.833333333333336;0.75
84.0;60.416666666666664;0.0
90.0;56.458333333333336;0.0
96.0;52.083333333333336;0.5
102.0;48.75;0.0
108.0;47.083333333333336;0.0
114.0;50.0;0.0
120.0;42.5;0.5
126.0;40.0;0.5
132.0;49.166666666666664;0.0
138.0;52.708333333333336;0.5
144.0;58.958333333333336;0.0
150.0;57.083333333333336;0.0
156.0;52.5;0.0
162.0;46.875;0.5
168.0;44.166666666666664;0.0
174.0;47.083333333333336;0.5
180.0;42.916666666666664;0.0
186.0;42.083333333333336;0.0
192.0;55.0;1.0
198.0;55.0;0.25
204.0;47.083333333333336;0.0
210.0;50.416666666666664;0.25
216.0;57.5;0.0
222.0;57.916666666666664;0.5
228.0;53.333333333333336;0.0
234.0;47.916666666666664;0.0
240.0;38.75;0.0
246.0;49.166666666666664;0.5
252.0;48.125;0.0
258.0;48.75;0.25
264.0;52.708333333333336;0.0
270.0;46.25;0.75
276.0;50.0;0.25
282.0;54.166666666666664;0.0
288.0;51.041666666666664;0.5
294.0;61.041666666666664;0.0
300.0;62.5;0.0
306.0;53.75;0.0
312.0;50.416666666666664;0.0
318.0;54.166666666666664;0.5
324.0;45.208333333333336;0.0
330.0;58.75;0.0
336.0;54.166666666666664;0.0
342.0;53.75;0.0
348.0;35.0;1.75
354.0;47.5;0.125
360.0;40.0;0.0
366.0;52.5;0.0
372.0;55.0;0.5
378.0;63.125;0.0
384.0;51.25;0.5
390.0;60.0;0.0
396.0;58.75;0.5
402.0;42.5;0.0
408.0;47.708333333333336;0.0
414.0;42.5;0.75
420.0;40.416666666666664;0.5
426.0;58.75;0.5
432.0;40.416666666666664;0.0
438.0;55.208333333333336;0.75
444.0;52.708333333333336;0.0
450.0;58.75;0.25
456.0;55.833333333333336;0.25
462.0;53.333333333333336;0.0
468.0;48.333333333333336;0.0
474.0;46.875;0.5
480.0;49.166666666666664;0.5
486.0;57.5;0.0
492.0;43.333333333333336;0.0
498.0;41.666666666666664;0.0
504.0;41.25;0.0
510.0;63.333333333333336;0.0
516.0;50.0;0.0
522.0;60.0;0.0
528.0;60.208333333333336;0.0
534.0;58.541666666666664;0.75
540.0;56.666666666666664;0.0
546.0;57.916666666666664;0.5
552.0;52.916666666666664;0.0
558.0;62.708333333333336;0.0
564.0;55.0;0.0
570.0;51.25;1.0
576.0;43.75;0.5
582.0;45.416666666666664;0.5
588.0;52.5;0.5
594.0;58.541666666666664;0.0
600.0;61.666666666666664;0.5
606.0;60.833333333333336;0.0
612.0;47.916666666666664;0.75
618.0;59.375;0.0
624.0;45.416666666666664;0.5
630.0;58.75;0.0
636.0;63.75;0.0
642.0;60.0;0.5
648.0;58.958333333333336;0.0
654.0;57.708333333333336;0.5
660.0;48.75;0.0
666.0;65.0;0.5
672.0;55.833333333333336;0.5
678.0;53.958333333333336;0.0
684.0;56.25;1.25
690.0;50.416666666666664;1.0
696.0;47.916666666666664;0.5
702.0;48.75;0.0
708.0;49.583333333333336;1.0
714.0;45.833333333333336;1.0
720.0;49.791666666666664;0.0
726.0;52.916666666666664;0.5
732.0;48.75;0.0
738.0;56.25;0.0
744.0;68.75;0.5
750.0;72.5;0.5
756.0;46.25;0.25
762.0;58.333333333333336;0.0
768.0;64.58333333333333;0.0
774.0;48.958333333333336;0.0
780.0;44.583333333333336;0.0
786.0;45.416666666666664;0.5
792.0;47.916666666666664;0.0
798.0;51.458333333333336;0.0
804.0;56.875;0.0
810.0;54.583333333333336;0.5
816.0;53.75;0.0
822.0;57.5;0.5
828.0;57.5;0.625
834.0;45.416666666666664;0.5
840.0;51.25;0.0
846.0;39.166666666666664;0.0
852.0;51.666666666666664;0.5
858.0;49.166666666666664;0.0
864.0;57.291666666666664;0.0
870.0;44.166666666666664;1.0
876.0;54.583333333333336;0.0
882.0;50.0;0.0
888.0;58.541666666666664;0.5
894.0;53.958333333333336;0.0
900.0;61.25;0.0
906.0;51.666666666666664;1.0
912.0;56.666666666666664;0.0
918.0;63.958333333333336;0.25
924.0;51.666666666666664;0.0
930.0;65.0;0.5
936.0;53.75;0.0
942.0;47.5;0.0
948.0;38.541666666666664;0.5
954.0;45.208333333333336;0.0
960.0;39.166666666666664;1.5
966.0;43.333333333333336;0.0
972.0;43.75;0.0
978.0;48.125;0.0
984.0;48.125;0.0
990.0;50.0;0.0
996.0;50.0;0.0
1002.0;59.166666666666664;0.0
1008.0;60.0;0.0
1014.0;55.0;0.125
1020.0;53.75;0.5
1026.0;48.75;0.0
1032.0;40.416666666666664;0.5
1038.0;55.0;1.0
1044.0;59.166666666666664;0.0
1050.0;64.16666666666667;0.5
1056.0;63.333333333333336;0.0
1062.0;62.083333333333336;0.0
1068.0;58.125;0.0
1074.0;60.625;0.0
1080.0;50.0;1.0
1086.0;50.416666666666664;0.5
1092.0;41.666666666666664;0.5
1098.0;59.166666666666664;0.125
1104.0;56.25;0.0
1110.0;44.166666666666664;0.5
1116.0;60.833333333333336;0.5
1122.0;65.0;1.0
1128.0;56.666666666666664;0.5
1134.0;51.875;0.0
1140.0;57.5;0.5
1146.0;52.083333333333336;0.0
1152.0;50.416666666666664;0.0
1158.0;48.125;1.0
1164.0;56.458333333333336;0.0
1170.0;55.0;0.75
1176.0;38.333333333333336;0.0
1182.0;48.333333333333336;0.0
1188.0;54.791666666666664;0.5
1194.0;56.25;0.5
1200.0;56.666666666666664;0.5
1206.0;58.333333333333336;0.0
1212.0;47.916666666666664;0.5
1218.0;47.708333333333336;0.0
1224.0;54.583333333333336;0.0
1230.0;52.083333333333336;0.0
1236.0;55.416666666666664;0.5
1242.0;52.5;0.0
1248.0;42.916666666666664;0.0
1254.0;49.583333333333336;0.0
1260.0;58.75;0.0
1266.0;61.25;0.0
1272.0;54.166666666666664;0.0
1278.0;57.708333333333336;0.0
1284.0;60.208333333333336;0.25
1290.0;51.25;0.25
1296.0;51.666666666666664;0.0
1302.0;47.083333333333336;0.5
1308.0;47.5;0.0
1314.0;51.458333333333336;0.0
1320.0;49.583333333333336;0.0
1326.0;52.083333333333336;0.0
1332.0;53.333333333333336;0.0
1338.0;58.75;0.0
1344.0;70.0;0.0
1350.0;65.0;0.0
1356.0;65.83333333333333;0.0
1362.0;54.166666666666664;1.25
1368.0;49.583333333333336;0.5
1374.0;54.583333333333336;0.0
1380.0;67.91666666666667;0.0
1386.0;60.0;0.0
1392.0;51.25;0.0
1398.0;51.666666666666664;0.0
1404.0;56.458333333333336;0.5
1410.0;55.833333333333336;0.0
1416.0;54.166666666666664;1.0
1422.0;53.333333333333336;0.5
1428.0;55.416666666666664;0.0
1434.0;45.208333333333336;0.0
1440.0;50.833333333333336;0.5
1446.0;49.166666666666664;0.0
1452.0;57.083333333333336;0.0
1458.0;56.666666666666664;0.5
1464.0;54.791666666666664;0.5
1470.0;59.166666666666664;0.5
1476.0;48.75;0.5
1482.0;53.541666666666664;0.0
1488.0;61.25;1.0
1494.0;55.416666666666664;0.5
