#auto generated file!
6.0;0.0;0.0
12.0;0.8333333333333334;0.0
18.0;5.833333333333333;0.0
24.0;12.5;0.0
30.0;21.666666666666668;0.0
36.0;32.916666666666664;0.0
42.0;28.75;0.5
48.0;35.625;0.0
54.0;43.541666666666664;0.0
60.0;43.75;0.0
66.0;55.833333333333336;0.0
72.0;60.833333333333336;0.0
78.0;61.666666666666664;0.0
84.0;57.5;0.0
90.0;58.75;0.5
96.0;58.333333333333336;0.0
102.0;48.333333333333336;0.5
108.0;48.75;0.5
114.0;47.083333333333336;0.5
120.0;51.25;0.0
126.0;40.0;0.0
132.0;52.916666666666664;0.0
138.0;56.666666666666664;0.0
144.0;64.375;0.5
150.0;71.25;0.0
156.0;63.333333333333336;0.0
162.0;51.666666666666664;0.5
168.0;62.291666666666664;0.5
174.0;55.416666666666664;0.0
180.0;46.666666666666664;0.0
186.0;46.25;0.0
192.0;45.833333333333336;0.5
198.0;48.541666666666664;0.0
204.0;48.541666666666664;0.25
210.0;43.333333333333336;0.0
216.0;54.166666666666664;0.0
222.0;56.25;0.5
228.0;55.833333333333336;1.0
234.0;56.041666666666664;0.0
240.0;48.333333333333336;0.5
246.0;45.833333333333336;0.5
252.0;51.25;0.0
258.0;50.833333333333336;0.0
264.0;55.833333333333336;0.5
270.0;50.833333333333336;0.0
276.0;54.166666666666664;0.0
282.0;55.416666666666664;0.0
288.0;38.75;0.0
294.0;47.916666666666664;0.0
300.0;65.83333333333333;0.0
306.0;53.75;0.0
312.0;55.0;0.0
318.0;58.541666666666664;0.0
324.0;48.333333333333336;0.25
330.0;52.5;0.0
336.0;62.5;0.0
342.0;43.75;0.5
348.0;43.541666666666664;0.5
354.0;46.458333333333336;0.0
360.0;40.208333333333336;0.0
366.0;53.333333333333336;0.0
372.0;59.583333333333336;0.0
378.0;55.833333333333336;0.5
384.0;62.5;0.5
390.0;48.333333333333336;0.0
396.0;60.416666666666664;0.5
402.0;57.5;0.5
408.0;50.208333333333336;0.5
414.0;45.833333333333336;0.0
420.0;38.333333333333336;0.0
426.0;49.166666666666664;0.75
432.0;50.833333333333336;0.75
438.0;48.541666666666664;0.0
444.0;51.458333333333336;0.25
450.0;56.25;0.0
456.0;45.0;0.0
462.0;52.5;0.0
468.0;45.416666666666664;0.0
474.0;53.333333333333336;0.0
480.0;55.416666666666664;0.0
486.0;44.166666666666664;0.5
492.0;51.875;0.5
498.0;50.625;0.0
504.0;53.125;0.0
510.0;47.916666666666664;0.0
516.0;47.5;0.0
522.0;55.416666666666664;0.0
528.0;53.125;0.5
534.0;54.583333333333336;0.75
540.0;48.75;0.0
546.0;43.75;0.0
552.0;47.5;0.0
558.0;36.875;1.0
564.0;50.625;0.0
570.0;46.25;0.0
576.0;47.083333333333336;0.0
582.0;37.916666666666664;0.0
588.0;51.25;0.5
594.0;53.958333333333336;0.5
600.0;56.666666666666664;0.0
606.0;61.25;0.0
612.0;47.083333333333336;0.0
618.0;49.375;0.5
624.0;51.875;0.75
630.0;49.166666666666664;0.0
636.0;43.75;0.0
642.0;51.666666666666664;0.5
648.0;45.0;0.0
654.0;48.958333333333336;0.0
660.0;51.666666666666664;0.5
666.0;52.916666666666664;0.0
672.0;63.75;0.5
678.0;52.916666666666664;0.0
684.0;54.583333333333336;0.25
690.0;62.083333333333336;0.0
696.0;56.666666666666664;0.0
702.0;55.833333333333336;0.0
708.0;54.791666666666664;0.0
714.0;56.25;0.0
720.0;42.083333333333336;0.0
726.0;40.0;0.0
732.0;35.416666666666664;0.0
738.0;40.416666666666664;0.5
744.0;53.958333333333336;0.25
750.0;59.166666666666664;0.0
756.0;56.666666666666664;0.5
762.0;48.333333333333336;0.5
768.0;43.333333333333336;0.0
774.0;53.75;0.0
780.0;53.75;1.0
786.0;49.583333333333336;0.0
792.0;48.333333333333336;0.0
798.0;43.125;0.5
804.0;49.583333333333336;0.5
810.0;47.916666666666664;0.25
816.0;45.416666666666664;0.0
822.0;48.333333333333336;0.0
828.0;52.708333333333336;0.0
834.0;44.583333333333336;0.5
840.0;58.333333333333336;0.0
846.0;49.166666666666664;0.0
852.0;45.833333333333336;0.0
858.0;54.791666666666664;0.25
864.0;47.083333333333336;0.0
870.0;54.791666666666664;0.25
876.0;46.666666666666664;0.5
882.0;42.083333333333336;0.0
888.0;40.0;0.0
894.0;46.875;0.0
900.0;44.583333333333336;0.5
906.0;45.416666666666664;0.0
912.0;53.75;0.5
918.0;52.5;0.0
924.0;55.416666666666664;0.0
930.0;47.5;0.0
936.0;57.5;0.5
942.0;46.25;0.0
948.0;42.708333333333336;0.5
954.0;32.291666666666664;0.0
960.0;49.166666666666664;0.5
966.0;55.833333333333336;0.0
972.0;59.583333333333336;0.0
978.0;60.0;0.25
984.0;59.583333333333336;0.5
990.0;61.25;0.0
996.0;53.333333333333336;0.0
1002.0;45.833333333333336;0.5
1008.0;48.75;0.0
1014.0;47.916666666666664;0.0
1020.0;50.833333333333336;0.5
1026.0;52.5;0.0
1032.0;54.166666666666664;0.0
1038.0;66.45833333333333;0.5
1044.0;59.791666666666664;0.25
1050.0;65.41666666666667;1.0
1056.0;47.5;0.0
1062.0;50.0;0.0
1068.0;44.791666666666664;0.5
1074.0;45.208333333333336;0.5
1080.0;55.833333333333336;0.5
1086.0;58.333333333333336;0.0
1092.0;49.166666666666664;1.0
1098.0;51.875;0.5
1104.0;47.708333333333336;0.0
1110.0;62.083333333333336;0.5
1116.0;55.0;0.75
1122.0;51.041666666666664;0.0
1128.0;56.041666666666664;0.0
1134.0;59.166666666666664;1.0
1140.0;52.916666666666664;0.0
1146.0;52.916666666666664;0.5
1152.0;47.083333333333336;0.0
1158.0;52.916666666666664;1.0
1164.0;52.916666666666664;0.0
1170.0;51.666666666666664;0.0
1176.0;53.333333333333336;0.0
1182.0;55.0;0.0
1188.0;49.375;0.5
1194.0;58.333333333333336;0.0
1200.0;53.75;0.5
1206.0;49.166666666666664;1.0
1212.0;54.166666666666664;0.0
1218.0;48.333333333333336;0.0
1224.0;46.25;0.0
1230.0;53.333333333333336;0.5
1236.0;55.0;0.0
1242.0;47.916666666666664;0.5
1248.0;54.583333333333336;0.5
1254.0;39.791666666666664;0.0
1260.0;52.083333333333336;0.0
1266.0;55.0;1.0
1272.0;60.833333333333336;0.0
1278.0;58.333333333333336;0.25
1284.0;60.0;0.25
1290.0;48.75;1.5
1296.0;48.75;0.5
1302.0;43.333333333333336;0.0
1308.0;36.666666666666664;0.0
1314.0;46.25;0.0
1320.0;49.166666666666664;0.5
1326.0;46.666666666666664;0.0
1332.0;42.916666666666664;0.0
1338.0;52.916666666666664;0.0
1344.0;64.79166666666667;0.0
1350.0;60.0;0.5
1356.0;39.583333333333336;0.0
1362.0;48.958333333333336;0.5
1368.0;48.75;1.25
1374.0;53.75;0.5
1380.0;50.0;0.5
1386.0;50.833333333333336;0.0
1392.0;46.666666666666664;0.5
1398.0;45.833333333333336;0.25
1404.0;49.583333333333336;0.25
1410.0;45.0;0.5
1416.0;52.5;0.0
1422.0;53.75;0.5
1428.0;43.958333333333336;0.0
1434.0;42.916666666666664;0.0
1440.0;45.0;0.0
1446.0;47.5;0.0
1452.0;53.75;0.5
1458.0;48.958333333333336;0.0
1464.0;44.583333333333336;0.0
1470.0;60.0;0.0
1476.0;53.75;0.5
1482.0;45.833333333333336;0.5
1488.0;42.708333333333336;0.0
1494.0;40.833333333333336;1.0
