#auto generated file!
6.0;0.0;0.0
12.0;0.0;0.0
18.0;1.6666666666666667;0.125
24.0;5.416666666666667;0.0
30.0;5.0;0.0
36.0;8.75;0.5
42.0;10.0;0.0
48.0;10.0;0.0
54.0;13.333333333333334;0.0
60.0;15.833333333333334;0.75
66.0;19.166666666666668;0.0
72.0;23.333333333333332;0.0
78.0;15.0;0.5
84.0;20.0;0.0
90.0;12.5;0.5
96.0;8.75;0.0
102.0;7.5;0.0
108.0;7.5;0.0
114.0;11.25;0.0
120.0;10.833333333333334;0.0
126.0;12.5;0.0
132.0;15.0;0.5
138.0;15.833333333333334;0.25
144.0;18.333333333333332;0.0
150.0;21.25;0.25
156.0;14.166666666666666;0.0
162.0;8.75;0.0
168.0;15.833333333333334;0.0
174.0;11.875;0.0
180.0;16.25;0.0
186.0;14.166666666666666;0.0
192.0;15.416666666666666;0.0
198.0;12.916666666666666;0.0
204.0;12.5;0.0
210.0;22.083333333333332;0.0
216.0;22.5;0.0
222.0;20.0;0.5
228.0;19.375;0.0
234.0;11.666666666666666;0.0
240.0;13.333333333333334;0.0
246.0;13.333333333333334;0.0
252.0;9.166666666666666;0.0
258.0;17.5;0.0
264.0;13.333333333333334;0.0
270.0;17.916666666666668;0.75
276.0;17.5;0.5
282.0;12.5;0.0
288.0;16.458333333333332;0.0
294.0;17.916666666666668;0.0
300.0;12.916666666666666;0.0
306.0;15.416666666666666;0.0
312.0;16.25;0.0
318.0;14.583333333333334;0.0
324.0;17.5;0.0
330.0;12.083333333333334;0.0
336.0;10.0;0.0
342.0;13.333333333333334;0.0
348.0;11.666666666666666;0.0
354.0;16.666666666666668;0.5
360.0;15.0;0.0
366.0;13.333333333333334;0.0
372.0;15.833333333333334;0.0
378.0;15.416666666666666;0.25
384.0;11.25;0.0
390.0;22.083333333333332;0.0
396.0;15.416666666666666;0.0
402.0;6.666666666666667;0.0
408.0;13.333333333333334;0.0
414.0;12.5;0.0
420.0;9.583333333333334;0.0
426.0;9.166666666666666;0.0
432.0;11.666666666666666;0.0
438.0;19.166666666666668;0.0
444.0;19.583333333333332;0.25
450.0;24.166666666666668;0.0
456.0;23.333333333333332;0.0
462.0;10.0;0.0
468.0;15.833333333333334;0.0
474.0;10.208333333333334;0.0
480.0;10.0;0.5
486.0;10.833333333333334;0.0
492.0;14.166666666666666;0.0
498.0;12.916666666666666;0.0
504.0;15.833333333333334;0.0
510.0;21.25;0.0
516.0;25.0;0.0
522.0;19.583333333333332;0.0
528.0;22.291666666666668;0.0
534.0;17.916666666666668;0.0
540.0;13.333333333333334;0.5
546.0;13.75;0.0
552.0;15.833333333333334;0.0
558.0;12.083333333333334;0.0
564.0;12.5;0.0
570.0;21.25;0.0
576.0;10.833333333333334;0.0
582.0;11.666666666666666;0.0
588.0;10.833333333333334;0.0
594.0;14.166666666666666;0.0
600.0;10.0;0.0
606.0;4.166666666666667;0.0
612.0;10.833333333333334;0.0
618.0;12.708333333333334;0.0
624.0;12.083333333333334;0.0
630.0;11.666666666666666;0.0
636.0;13.333333333333334;0.5
642.0;13.75;0.0
648.0;11.25;0.5
654.0;17.083333333333332;0.0
660.0;15.0;0.5
666.0;14.583333333333334;0.5
672.0;20.833333333333332;0.5
678.0;12.916666666666666;0.0
684.0;20.625;0.0
690.0;17.916666666666668;0.0
696.0;7.5;0.0
702.0;15.0;0.0
708.0;11.666666666666666;0.0
714.0;15.833333333333334;0.0
720.0;10.833333333333334;0.0
726.0;8.333333333333334;0.0
732.0;15.833333333333334;0.0
738.0;17.708333333333332;0.0
744.0;15.0;0.75
750.0;18.333333333333332;0.25
756.0;12.5;0.0
762.0;16.666666666666668;0.0
768.0;6.666666666666667;0.0
774.0;9.166666666666666;0.0
780.0;7.5;0.0
786.0;10.833333333333334;0.0
792.0;16.666666666666668;0.0
798.0;16.666666666666668;0.5
804.0;14.583333333333334;0.0
810.0;14.166666666666666;0.25
816.0;17.916666666666668;0.0
822.0;16.25;0.5
828.0;12.083333333333334;0.5
834.0;10.833333333333334;0.0
840.0;16.666666666666668;0.0
846.0;15.833333333333334;0.5
852.0;10.0;0.0
858.0;13.333333333333334;0.0
864.0;8.125;0.0
870.0;9.166666666666666;0.0
876.0;10.416666666666666;0.25
882.0;18.333333333333332;0.0
888.0;5.833333333333333;0.0
894.0;11.25;0.0
900.0;16.666666666666668;0.0
906.0;7.5;0.0
912.0;10.416666666666666;0.0
918.0;12.083333333333334;0.0
924.0;10.0;0.0
930.0;9.583333333333334;0.0
936.0;17.083333333333332;0.0
942.0;12.083333333333334;0.5
948.0;14.166666666666666;0.0
954.0;11.666666666666666;0.5
960.0;10.0;0.0
966.0;11.666666666666666;0.0
972.0;12.5;0.0
978.0;10.833333333333334;0.0
984.0;13.333333333333334;0.0
990.0;15.416666666666666;0.0
996.0;15.416666666666666;0.0
1002.0;14.166666666666666;0.0
1008.0;9.166666666666666;0.5
1014.0;17.916666666666668;0.0
1020.0;10.0;0.5
1026.0;7.083333333333333;0.0
1032.0;5.0;0.0
1038.0;16.25;0.0
1044.0;19.583333333333332;0.0
1050.0;17.5;0.25
1056.0;14.166666666666666;0.0
1062.0;20.0;0.0
1068.0;11.875;0.0
1074.0;13.333333333333334;0.0
1080.0;10.0;0.0
1086.0;8.333333333333334;0.0
1092.0;9.166666666666666;0.0
1098.0;11.666666666666666;0.125
1104.0;15.833333333333334;0.125
1110.0;12.083333333333334;0.5
1116.0;20.833333333333332;0.25
1122.0;20.0;0.0
1128.0;14.791666666666666;0.5
1134.0;16.25;0.0
1140.0;15.0;0.5
1146.0;14.166666666666666;0.0
1152.0;16.666666666666668;1.0
1158.0;22.083333333333332;0.0
1164.0;17.083333333333332;0.0
1170.0;11.25;0.0
1176.0;14.583333333333334;0.0
1182.0;10.833333333333334;0.0
1188.0;13.333333333333334;0.0
1194.0;13.333333333333334;0.0
1200.0;17.5;0.0
1206.0;13.333333333333334;0.0
1212.0;15.833333333333334;0.0
1218.0;10.416666666666666;0.0
1224.0;14.166666666666666;0.0
1230.0;11.666666666666666;0.0
1236.0;14.166666666666666;0.0
1242.0;19.166666666666668;0.0
1248.0;8.333333333333334;0.5
1254.0;3.3333333333333335;0.0
1260.0;11.666666666666666;0.0
1266.0;12.916666666666666;0.0
1272.0;17.083333333333332;0.0
1278.0;17.083333333333332;0.0
1284.0;13.75;0.0
1290.0;19.583333333333332;0.5
1296.0;11.666666666666666;0.0
1302.0;10.833333333333334;0.0
1308.0;20.0;0.0
1314.0;12.5;0.0
1320.0;7.5;0.5
1326.0;5.833333333333333;0.0
1332.0;10.833333333333334;0.0
1338.0;22.5;0.0
1344.0;14.583333333333334;0.0
1350.0;17.916666666666668;0.0
1356.0;11.25;0.0
1362.0;17.083333333333332;0.0
1368.0;18.75;0.5
1374.0;13.333333333333334;0.5
1380.0;16.25;0.0
1386.0;11.666666666666666;0.0
1392.0;7.916666666666667;0.0
1398.0;15.0;0.5
1404.0;16.25;0.25
1410.0;17.916666666666668;0.0
1416.0;18.333333333333332;0.0
1422.0;16.666666666666668;0.0
1428.0;19.166666666666668;0.0
1434.0;14.166666666666666;0.0
1440.0;5.833333333333333;0.0
1446.0;11.666666666666666;0.0
1452.0;12.916666666666666;0.0
1458.0;12.5;0.0
1464.0;13.333333333333334;0.0
1470.0;17.916666666666668;0.0
1476.0;10.416666666666666;0.0
1482.0;12.5;0.5
1488.0;21.666666666666668;0.0
1494.0;12.708333333333334;0.0
