#auto generated file!
180.0;186;87;52
186.0;183;87;55
192.0;177;88;60
198.0;177;90;58
204.0;178;86;61
210.0;178;87;60
216.0;179;93;53
222.0;188;80;57
228.0;193;80;52
234.0;194;83;48
240.0;193;89;43
246.0;186;96;43
252.0;187;90;48
258.0;186;95;44
264.0;189;92;44
270.0;188;100;37
276.0;192;99;34
282.0;192;103;30
288.0;195;94;36
294.0;193;97;35
300.0;197;82;46
306.0;203;81;41
312.0;198;84;43
318.0;191;89;45
324.0;187;94;44
330.0;194;89;42
336.0;189;93;43
342.0;182;96;47
348.0;191;94;40
354.0;195;90;40
360.0;198;83;44
366.0;197;88;40
372.0;195;87;43
378.0;190;87;48
384.0;185;93;47
390.0;182;93;50
396.0;182;95;48
402.0;178;92;55
408.0;183;90;52
414.0;192;85;48
420.0;196;88;41
426.0;194;92;39
432.0;195;86;44
438.0;192;90;43
444.0;194;93;38
450.0;192;93;40
456.0;190;97;38
462.0;188;98;39
468.0;184;109;32
474.0;181;108;36
480.0;179;108;38
486.0;180;95;50
492.0;180;94;51
498.0;174;99;52
504.0;170;106;49
510.0;172;96;57
516.0;173;95;57
522.0;171;103;51
528.0;172;100;53
534.0;172;103;50
540.0;169;102;54
546.0;178;100;47
552.0;183;93;49
558.0;185;97;43
564.0;188;92;45
570.0;187;92;46
576.0;187;89;49
582.0;188;86;51
588.0;184;87;54
594.0;187;85;53
600.0;190;79;56
606.0;190;80;55
612.0;189;81;55
618.0;191;87;47
624.0;197;88;40
630.0;197;90;38
636.0;196;86;43
642.0;196;83;46
648.0;198;84;43
654.0;200;81;44
660.0;191;88;46
666.0;178;105;42
672.0;183;103;39
678.0;189;93;43
684.0;186;83;56
690.0;183;93;49
696.0;181;97;47
702.0;186;93;46
708.0;182;97;46
714.0;181;104;40
720.0;181;104;40
726.0;178;100;47
732.0;176;101;48
738.0;176;97;52
744.0;176;106;43
750.0;183;102;40
756.0;180;101;44
762.0;188;96;41
768.0;183;88;54
774.0;180;86;59
780.0;183;91;51
786.0;182;92;51
792.0;190;95;40
798.0;186;96;43
804.0;190;96;39
810.0;196;91;38
816.0;191;97;37
822.0;193;96;36
828.0;187;90;48
834.0;183;94;48
840.0;177;100;48
846.0;175;98;52
852.0;172;101;52
858.0;178;94;53
864.0;190;98;37
870.0;180;98;47
876.0;175;93;57
882.0;184;85;56
888.0;193;85;47
894.0;199;84;42
900.0;192;90;43
906.0;186;90;49
912.0;188;95;42
918.0;184;101;40
924.0;188;95;42
930.0;187;94;44
936.0;178;97;50
942.0;178;98;49
948.0;179;98;48
954.0;168;105;52
960.0;173;102;50
966.0;174;98;53
972.0;184;90;51
978.0;183;93;49
984.0;187;97;41
990.0;174;95;56
996.0;173;99;53
1002.0;176;103;46
1008.0;175;106;44
1014.0;178;103;44
1020.0;169;111;45
1026.0;171;110;44
1032.0;174;105;46
1038.0;168;107;50
1044.0;159;113;53
1050.0;165;109;51
1056.0;165;106;54
1062.0;170;102;53
1068.0;176;100;49
1074.0;182;96;47
1080.0;184;100;41
1086.0;185;100;40
1092.0;183;99;43
1098.0;185;89;51
1104.0;181;90;54
1110.0;181;95;49
1116.0;175;94;56
1122.0;180;96;49
1128.0;187;86;52
1134.0;177;93;55
1140.0;171;104;50
1146.0;167;103;55
1152.0;157;108;60
1158.0;165;97;63
1164.0;178;95;52
1170.0;185;88;52
1176.0;187;95;43
1182.0;189;94;42
1188.0;182;101;42
1194.0;179;104;42
1200.0;180;106;39
1206.0;183;99;43
1212.0;176;101;48
1218.0;177;106;42
1224.0;178;107;40
1230.0;173;110;42
1236.0;174;118;33
1242.0;169;117;39
1248.0;173;99;53
1254.0;170;101;54
1260.0;172;107;46
1266.0;175;104;46
1272.0;176;108;41
1278.0;176;106;43
1284.0;179;108;38
1290.0;183;103;39
1296.0;179;103;43
1302.0;180;104;41
1308.0;183;98;44
1314.0;187;94;44
1320.0;189;93;43
1326.0;196;95;34
1332.0;192;96;37
1338.0;194;83;48
1344.0;190;89;46
1350.0;191;89;45
1356.0;196;92;37
1362.0;202;82;41
1368.0;193;77;55
1374.0;190;83;52
1380.0;181;92;52
1386.0;180;96;49
1392.0;173;107;45
1398.0;176;103;46
1404.0;167;112;46
1410.0;172;116;37
1416.0;168;115;42
1422.0;173;98;54
1428.0;168;99;58
1434.0;172;92;61
1440.0;172;88;65
1446.0;180;91;54
1452.0;182;84;59
1458.0;183;89;53
1464.0;188;85;52
1470.0;191;84;50
1476.0;183;91;51
1482.0;182;90;53
1488.0;186;97;42
1494.0;187;100;38
