#auto generated file!
180.0;50;18;7
186.0;52;13;10
192.0;50;14;11
198.0;42;20;13
204.0;47;18;10
210.0;47;16;12
216.0;47;19;9
222.0;47;22;6
228.0;44;19;12
234.0;43;19;13
240.0;43;18;14
246.0;43;21;11
252.0;41;23;11
258.0;36;27;12
264.0;37;26;12
270.0;40;27;8
276.0;36;28;11
282.0;39;30;6
288.0;39;27;9
294.0;38;27;10
300.0;42;27;6
306.0;45;26;4
312.0;45;26;4
318.0;45;22;8
324.0;44;23;8
330.0;43;24;8
336.0;47;24;4
342.0;45;24;6
348.0;44;25;6
354.0;41;27;7
360.0;38;29;8
366.0;33;33;9
372.0;33;27;15
378.0;35;25;15
384.0;37;23;15
390.0;37;22;16
396.0;41;23;11
402.0;41;22;12
408.0;43;20;12
414.0;40;19;16
420.0;40;20;15
426.0;43;17;15
432.0;43;17;15
438.0;44;18;13
444.0;41;19;15
450.0;40;21;14
456.0;42;23;10
462.0;37;22;16
468.0;40;21;14
474.0;40;27;8
480.0;34;29;12
486.0;33;30;12
492.0;34;30;11
498.0;33;28;14
504.0;39;24;12
510.0;42;23;10
516.0;43;22;10
522.0;37;23;15
528.0;40;23;12
534.0;39;23;13
540.0;39;24;12
546.0;43;22;10
552.0;46;21;8
558.0;46;19;10
564.0;47;19;9
570.0;44;22;9
576.0;42;22;11
582.0;44;22;9
588.0;43;15;17
594.0;43;18;14
600.0;43;21;11
606.0;42;24;9
612.0;42;22;11
618.0;46;22;7
624.0;44;20;11
630.0;41;23;11
636.0;38;26;11
642.0;35;28;12
648.0;38;27;10
654.0;39;26;10
660.0;39;24;12
666.0;44;20;11
672.0;46;19;10
678.0;47;19;9
684.0;47;19;9
690.0;47;18;10
696.0;47;18;10
702.0;48;19;8
708.0;45;22;8
714.0;44;23;8
720.0;45;22;8
726.0;45;22;8
732.0;45;22;8
738.0;52;17;6
744.0;52;18;5
750.0;52;17;6
756.0;51;15;9
762.0;52;15;8
768.0;51;14;10
774.0;48;18;9
780.0;50;17;8
786.0;51;19;5
792.0;52;17;6
798.0;49;17;9
804.0;50;15;10
810.0;51;15;9
816.0;53;17;5
822.0;57;14;4
828.0;55;14;6
834.0;53;17;5
840.0;53;14;8
846.0;52;13;10
852.0;51;12;12
858.0;50;13;12
864.0;46;15;14
870.0;47;15;13
876.0;45;18;12
882.0;45;19;11
888.0;48;15;12
894.0;44;15;16
900.0;42;17;16
906.0;43;20;12
912.0;42;22;11
918.0;38;27;10
924.0;37;28;10
930.0;37;26;12
936.0;36;30;9
942.0;31;32;12
948.0;30;33;12
954.0;31;34;10
960.0;30;35;10
966.0;34;33;8
972.0;32;27;16
978.0;33;24;18
984.0;31;24;20
990.0;36;24;15
996.0;36;22;17
1002.0;41;16;18
1008.0;42;18;15
1014.0;42;19;14
1020.0;40;16;19
1026.0;37;20;18
1032.0;42;22;11
1038.0;40;23;12
1044.0;40;24;11
1050.0;43;22;10
1056.0;43;23;9
1062.0;43;25;7
1068.0;43;26;6
1074.0;48;20;7
1080.0;48;19;8
1086.0;47;16;12
1092.0;49;16;10
1098.0;50;17;8
1104.0;47;20;8
1110.0;45;17;13
1116.0;48;17;10
1122.0;46;19;10
1128.0;44;21;10
1134.0;43;22;10
1140.0;45;21;9
1146.0;44;22;9
1152.0;44;23;8
1158.0;45;21;9
1164.0;44;22;9
1170.0;45;22;8
1176.0;42;20;13
1182.0;43;20;12
1188.0;44;20;11
1194.0;44;20;11
1200.0;39;21;15
1206.0;37;26;12
1212.0;36;26;13
1218.0;36;23;16
1224.0;39;21;15
1230.0;43;22;10
1236.0;41;23;11
1242.0;40;22;13
1248.0;41;24;10
1254.0;44;21;10
1260.0;43;24;8
1266.0;43;22;10
1272.0;42;25;8
1278.0;42;20;13
1284.0;44;21;10
1290.0;42;24;9
1296.0;38;26;11
1302.0;41;24;10
1308.0;41;23;11
1314.0;34;24;17
1320.0;36;28;11
1326.0;41;23;11
1332.0;40;27;8
1338.0;39;27;9
1344.0;38;28;9
1350.0;39;28;8
1356.0;40;28;7
1362.0;42;28;5
1368.0;39;29;7
1374.0;43;22;10
1380.0;44;20;11
1386.0;47;20;8
1392.0;44;22;9
1398.0;41;23;11
1404.0;43;18;14
1410.0;44;22;9
1416.0;43;21;11
1422.0;41;22;12
1428.0;39;24;12
1434.0;39;23;13
1440.0;39;25;11
1446.0;38;28;9
1452.0;42;24;9
1458.0;38;28;9
1464.0;34;31;10
1470.0;34;30;11
1476.0;37;27;11
1482.0;37;26;12
1488.0;37;26;12
1494.0;41;23;11
