#auto generated file!
180.0;208;103;39
186.0;206;99;45
192.0;210;103;37
198.0;198;109;43
204.0;202;106;42
210.0;201;98;51
216.0;197;101;52
222.0;192;107;51
228.0;200;109;41
234.0;201;99;50
240.0;192;100;58
246.0;190;102;58
252.0;193;96;61
258.0;196;90;64
264.0;201;92;57
270.0;197;91;62
276.0;190;94;66
282.0;198;91;61
288.0;198;86;66
294.0;195;92;63
300.0;196;93;61
306.0;197;96;57
312.0;189;92;69
318.0;194;94;62
324.0;202;98;50
330.0;200;101;49
336.0;197;99;54
342.0;198;100;52
348.0;197;106;47
354.0;201;102;47
360.0;200;103;47
366.0;208;96;46
372.0;210;97;43
378.0;207;97;46
384.0;205;95;50
390.0;204;92;54
396.0;201;99;50
402.0;203;93;54
408.0;195;108;47
414.0;197;106;47
420.0;199;107;44
426.0;196;112;42
432.0;191;117;42
438.0;192;113;45
444.0;187;114;49
450.0;188;118;44
456.0;199;101;50
462.0;205;93;52
468.0;211;91;48
474.0;212;95;43
480.0;210;94;46
486.0;209;99;42
492.0;205;96;49
498.0;203;90;57
504.0;203;97;50
510.0;198;96;56
516.0;204;91;55
522.0;196;100;54
528.0;205;93;52
534.0;202;97;51
540.0;199;98;53
546.0;201;99;50
552.0;208;93;49
558.0;196;102;52
564.0;192;111;47
570.0;197;112;41
576.0;199;105;46
582.0;213;98;39
588.0;210;95;45
594.0;209;100;41
600.0;204;107;39
606.0;209;100;41
612.0;213;101;36
618.0;212;108;30
624.0;213;103;34
630.0;206;101;43
636.0;207;98;45
642.0;199;100;51
648.0;197;98;55
654.0;199;96;55
660.0;202;96;52
666.0;199;102;49
672.0;200;103;47
678.0;200;106;44
684.0;199;108;43
690.0;198;109;43
696.0;195;104;51
702.0;195;97;58
708.0;201;100;49
714.0;208;90;52
720.0;204;94;52
726.0;197;98;55
732.0;192;107;51
738.0;185;107;58
744.0;181;103;66
750.0;187;106;57
756.0;190;109;51
762.0;193;107;50
768.0;195;104;51
774.0;202;99;49
780.0;196;92;62
786.0;188;97;65
792.0;186;99;65
798.0;193;101;56
804.0;196;100;54
810.0;183;106;61
816.0;188;101;61
822.0;192;95;63
828.0;197;86;67
834.0;191;93;66
840.0;196;97;57
846.0;196;98;56
852.0;200;100;50
858.0;197;102;51
864.0;192;104;54
870.0;190;101;59
876.0;199;107;44
882.0;196;108;46
888.0;197;107;46
894.0;192;106;52
900.0;186;112;52
906.0;182;120;48
912.0;183;118;49
918.0;191;112;47
924.0;192;114;44
930.0;194;112;44
936.0;196;103;51
942.0;187;110;53
948.0;188;108;54
954.0;195;100;55
960.0;203;94;53
966.0;191;108;51
972.0;191;100;59
978.0;201;104;45
984.0;200;100;50
990.0;197;99;54
996.0;203;104;43
1002.0;208;106;36
1008.0;207;102;41
1014.0;211;100;39
1020.0;223;97;30
1026.0;210;102;38
1032.0;209;100;41
1038.0;207;96;47
1044.0;207;97;46
1050.0;206;100;44
1056.0;207;99;44
1062.0;206;100;44
1068.0;207;93;50
1074.0;205;96;49
1080.0;198;104;48
1086.0;195;100;55
1092.0;195;96;59
1098.0;194;99;57
1104.0;197;95;58
1110.0;192;98;60
1116.0;192;102;56
1122.0;186;98;66
1128.0;198;92;60
1134.0;194;97;59
1140.0;194;102;54
1146.0;191;107;52
1152.0;191;113;46
1158.0;188;119;43
1164.0;192;117;41
1170.0;192;117;41
1176.0;186;118;46
1182.0;196;110;44
1188.0;196;112;42
1194.0;189;106;55
1200.0;193;101;56
1206.0;197;108;45
1212.0;200;101;49
1218.0;196;103;51
1224.0;198;99;53
1230.0;191;105;54
1236.0;195;102;53
1242.0;191;100;59
1248.0;197;91;62
1254.0;202;95;53
1260.0;200;97;53
1266.0;205;101;44
1272.0;202;94;54
1278.0;207;94;49
1284.0;202;97;51
1290.0;199;103;48
1296.0;191;105;54
1302.0;189;103;58
1308.0;196;87;67
1314.0;200;94;56
1320.0;198;98;54
1326.0;199;95;56
1332.0;206;95;49
1338.0;207;94;49
1344.0;212;88;50
1350.0;206;86;58
1356.0;200;92;58
1362.0;192;99;59
1368.0;202;93;55
1374.0;210;97;43
1380.0;205;100;45
1386.0;213;93;44
1392.0;212;94;44
1398.0;209;97;44
1404.0;210;96;44
1410.0;205;97;48
1416.0;200;101;49
1422.0;205;97;48
1428.0;211;99;40
1434.0;218;94;38
1440.0;209;97;44
1446.0;212;90;48
1452.0;207;89;54
1458.0;205;86;59
1464.0;202;93;55
1470.0;205;89;56
1476.0;196;87;67
1482.0;200;94;56
1488.0;209;93;48
1494.0;204;99;47
