#auto generated file!
180.0;66;44;15
186.0;64;41;20
192.0;66;39;20
198.0;65;37;23
204.0;69;35;21
210.0;72;34;19
216.0;68;36;21
222.0;66;37;22
228.0;69;38;18
234.0;67;39;19
240.0;66;41;18
246.0;66;39;20
252.0;66;38;21
258.0;71;33;21
264.0;73;33;19
270.0;75;28;22
276.0;77;31;17
282.0;78;33;14
288.0;73;36;16
294.0;67;32;26
300.0;63;39;23
306.0;65;40;20
312.0;58;48;19
318.0;64;37;24
324.0;63;37;25
330.0;62;37;26
336.0;60;40;25
342.0;66;40;19
348.0;64;39;22
354.0;64;38;23
360.0;66;39;20
366.0;66;41;18
372.0;67;42;16
378.0;70;40;15
384.0;71;41;13
390.0;70;39;16
396.0;68;37;20
402.0;69;38;18
408.0;70;37;18
414.0;71;37;17
420.0;72;36;17
426.0;74;35;16
432.0;77;37;11
438.0;79;33;13
444.0;79;31;15
450.0;73;32;20
456.0;79;27;19
462.0;77;27;21
468.0;77;29;19
474.0;78;28;19
480.0;73;34;18
486.0;69;37;19
492.0;69;37;19
498.0;66;41;18
504.0;65;41;19
510.0;61;39;25
516.0;60;42;23
522.0;60;49;16
528.0;63;48;14
534.0;64;43;18
540.0;60;47;18
546.0;56;49;20
552.0;61;46;18
558.0;64;39;22
564.0;69;41;15
570.0;70;37;18
576.0;74;34;17
582.0;71;35;19
588.0;75;34;16
594.0;72;39;14
600.0;68;40;17
606.0;73;38;14
612.0;71;42;12
618.0;70;41;14
624.0;70;40;15
630.0;72;38;15
636.0;70;37;18
642.0;72;35;18
648.0;72;37;16
654.0;77;32;16
660.0;74;32;19
666.0;77;34;14
672.0;79;34;12
678.0;84;27;14
684.0;84;24;17
690.0;84;21;20
696.0;84;24;17
702.0;84;26;15
708.0;84;26;15
714.0;82;30;13
720.0;76;35;14
726.0;67;35;23
732.0;69;36;20
738.0;71;35;19
744.0;69;39;17
750.0;69;36;20
756.0;70;39;16
762.0;74;34;17
768.0;78;29;18
774.0;76;33;16
780.0;71;34;20
786.0;68;38;19
792.0;68;34;23
798.0;66;38;21
804.0;67;40;18
810.0;67;40;18
816.0;67;38;20
822.0;65;39;21
828.0;64;38;23
834.0;60;40;25
840.0;63;38;24
846.0;67;38;20
852.0;65;40;20
858.0;69;34;22
864.0;76;30;19
870.0;74;32;19
876.0;73;31;21
882.0;77;29;19
888.0;74;29;22
894.0;76;29;20
900.0;76;34;15
906.0;76;38;11
912.0;72;35;18
918.0;68;37;20
924.0;71;35;19
930.0;75;30;20
936.0;75;29;21
942.0;79;28;18
948.0;78;33;14
954.0;73;33;19
960.0;74;31;20
966.0;75;33;17
972.0;72;32;21
978.0;71;40;14
984.0;68;42;15
990.0;68;40;17
996.0;69;39;17
1002.0;69;37;19
1008.0;69;36;20
1014.0;69;37;19
1020.0;65;40;20
1026.0;64;39;22
1032.0;69;38;18
1038.0;74;33;18
1044.0;69;34;22
1050.0;65;37;23
1056.0;63;35;27
1062.0;67;36;22
1068.0;63;38;24
1074.0;69;40;16
1080.0;66;40;19
1086.0;67;39;19
1092.0;64;42;19
1098.0;64;47;14
1104.0;61;43;21
1110.0;56;46;23
1116.0;55;45;25
1122.0;57;39;29
1128.0;64;40;21
1134.0;63;42;20
1140.0;62;45;18
1146.0;63;52;10
1152.0;69;46;10
1158.0;63;52;10
1164.0;64;47;14
1170.0;66;46;13
1176.0;63;49;13
1182.0;65;44;16
1188.0;67;38;20
1194.0;71;36;18
1200.0;72;33;20
1206.0;71;36;18
1212.0;71;35;19
1218.0;69;37;19
1224.0;67;41;17
1230.0;67;40;18
1236.0;66;45;14
1242.0;69;39;17
1248.0;70;35;20
1254.0;70;33;22
1260.0;68;38;19
1266.0;72;37;16
1272.0;73;31;21
1278.0;77;26;22
1284.0;74;25;26
1290.0;70;29;26
1296.0;73;28;24
1302.0;73;33;19
1308.0;76;26;23
1314.0;78;30;17
1320.0;73;31;21
1326.0;72;30;23
1332.0;70;34;21
1338.0;75;32;18
1344.0;75;36;14
1350.0;75;33;17
1356.0;82;30;13
1362.0;87;26;12
1368.0;84;31;10
1374.0;81;31;13
1380.0;79;28;18
1386.0;78;29;18
1392.0;77;26;22
1398.0;76;28;21
1404.0;75;28;22
1410.0;77;26;22
1416.0;76;26;23
1422.0;78;27;20
1428.0;79;30;16
1434.0;82;29;14
1440.0;79;36;10
1446.0;82;36;7
1452.0;79;34;12
1458.0;75;36;14
1464.0;77;35;13
1470.0;73;37;15
1476.0;71;36;18
1482.0;73;34;18
1488.0;77;35;13
1494.0;74;37;14
