#auto generated file!
180.0;95;61;19
186.0;89;65;21
192.0;90;58;27
198.0;99;51;25
204.0;102;58;15
210.0;102;56;17
216.0;101;51;23
222.0;103;50;22
228.0;104;46;25
234.0;102;50;23
240.0;104;50;21
246.0;106;49;20
252.0;104;51;20
258.0;102;52;21
264.0;98;55;22
270.0;101;53;21
276.0;103;47;25
282.0;105;47;23
288.0;106;45;24
294.0;114;39;22
300.0;110;38;27
306.0;109;37;29
312.0;110;36;29
318.0;108;42;25
324.0;103;51;21
330.0;106;50;19
336.0;103;49;23
342.0;106;51;18
348.0;110;49;16
354.0;111;47;17
360.0;112;48;15
366.0;106;53;16
372.0;106;49;20
378.0;108;49;18
384.0;100;53;22
390.0;96;57;22
396.0;92;57;26
402.0;89;60;26
408.0;92;57;26
414.0;97;50;28
420.0;98;46;31
426.0;98;49;28
432.0;100;51;24
438.0;100;46;29
444.0;100;49;26
450.0;102;45;28
456.0;101;46;28
462.0;105;46;24
468.0;103;44;28
474.0;105;45;25
480.0;97;48;30
486.0;104;46;25
492.0;106;41;28
498.0;106;41;28
504.0;105;41;29
510.0;99;42;34
516.0;101;40;34
522.0;98;42;35
528.0;102;44;29
534.0;101;48;26
540.0;97;52;26
546.0;96;47;32
552.0;109;41;25
558.0;107;44;24
564.0;104;45;26
570.0;104;41;30
576.0;105;40;30
582.0;107;44;24
588.0;102;49;24
594.0;106;48;21
600.0;105;53;17
606.0;99;54;22
612.0;100;54;21
618.0;100;59;16
624.0;103;52;20
630.0;104;51;20
636.0;108;42;25
642.0;108;42;25
648.0;108;42;25
654.0;108;40;27
660.0;105;40;30
666.0;100;42;33
672.0;99;42;34
678.0;94;44;37
684.0;90;48;37
690.0;94;48;33
696.0;96;47;32
702.0;95;56;24
708.0;94;57;24
714.0;92;61;22
720.0;91;59;25
726.0;90;56;29
732.0;93;52;30
738.0;93;53;29
744.0;99;53;23
750.0;98;44;33
756.0;96;43;36
762.0;104;45;26
768.0;102;48;25
774.0;94;52;29
780.0;94;50;31
786.0;101;42;32
792.0;104;45;26
798.0;102;44;29
804.0;99;48;28
810.0;94;52;29
816.0;92;58;25
822.0;93;60;22
828.0;100;55;20
834.0;95;58;22
840.0;95;58;22
846.0;99;55;21
852.0;97;56;22
858.0;93;58;24
864.0;90;62;23
870.0;90;59;26
876.0;90;57;28
882.0;94;53;28
888.0;94;51;30
894.0;89;54;32
900.0;93;51;31
906.0;97;47;31
912.0;100;44;31
918.0;99;43;33
924.0;98;45;32
930.0;99;42;34
936.0;96;48;31
942.0;92;49;34
948.0;91;57;27
954.0;94;57;24
960.0;91;60;24
966.0;88;60;27
972.0;92;56;27
978.0;96;54;25
984.0;95;54;26
990.0;97;53;25
996.0;98;57;20
1002.0;100;51;24
1008.0;98;54;23
1014.0;92;54;29
1020.0;93;61;21
1026.0;92;65;18
1032.0;93;63;19
1038.0;96;60;19
1044.0;96;53;26
1050.0;96;55;24
1056.0;97;56;22
1062.0;99;53;23
1068.0;104;51;20
1074.0;102;49;24
1080.0;96;51;28
1086.0;94;49;32
1092.0;97;46;32
1098.0;95;44;36
1104.0;93;47;35
1110.0;94;53;28
1116.0;90;57;28
1122.0;94;53;28
1128.0;102;53;20
1134.0;98;51;26
1140.0;97;51;27
1146.0;98;46;31
1152.0;90;54;31
1158.0;84;62;29
1164.0;86;63;26
1170.0;90;60;25
1176.0;98;48;29
1182.0;101;49;25
1188.0;97;48;30
1194.0;95;54;26
1200.0;90;48;37
1206.0;93;48;34
1212.0;95;55;25
1218.0;95;56;24
1224.0;91;60;24
1230.0;92;55;28
1236.0;94;56;25
1242.0;89;62;24
1248.0;90;64;21
1254.0;97;53;25
1260.0;99;49;27
1266.0;95;52;28
1272.0;103;49;23
1278.0;103;49;23
1284.0;101;51;23
1290.0;99;47;29
1296.0;101;49;25
1302.0;100;51;24
1308.0;103;48;24
1314.0;106;44;25
1320.0;106;45;24
1326.0;102;53;20
1332.0;101;48;26
1338.0;97;48;30
1344.0;97;50;28
1350.0;98;50;27
1356.0;96;48;31
1362.0;94;50;31
1368.0;95;52;28
1374.0;100;49;26
1380.0;100;47;28
1386.0;104;42;29
1392.0;102;42;31
1398.0;100;46;29
1404.0;102;48;25
1410.0;101;47;27
1416.0;97;54;24
1422.0;93;56;26
1428.0;94;51;30
1434.0;98;50;27
1440.0;98;52;25
1446.0;105;49;21
1452.0;101;47;27
1458.0;104;48;23
1464.0;110;42;23
1470.0;109;44;22
1476.0;104;49;22
1482.0;101;53;21
1488.0;109;45;21
1494.0;108;44;23
