#auto generated file!
6.0;0.0;0.0
12.0;0.8333333333333334;0.0
18.0;11.875;0.0
24.0;17.916666666666668;0.0
30.0;23.75;0.25
36.0;31.666666666666668;0.5
42.0;45.0;0.0
48.0;51.875;0.0
54.0;68.33333333333333;0.5
60.0;98.33333333333333;0.0
66.0;99.58333333333333;0.5
72.0;97.91666666666667;0.0
78.0;99.16666666666667;0.0
84.0;89.375;0.75
90.0;96.25;0.5
96.0;83.33333333333333;0.0
102.0;52.708333333333336;0.0
108.0;58.958333333333336;0.5
114.0;68.33333333333333;0.0
120.0;60.833333333333336;0.0
126.0;95.0;0.0
132.0;94.16666666666667;0.0
138.0;97.5;0.0
144.0;95.83333333333333;0.0
150.0;98.33333333333333;0.25
156.0;95.83333333333333;0.75
162.0;80.83333333333333;0.0
168.0;63.125;0.0
174.0;67.08333333333333;0.0
180.0;72.5;0.0
186.0;80.83333333333333;1.25
192.0;88.95833333333333;0.5
198.0;93.33333333333333;0.0
204.0;97.70833333333333;0.0
210.0;93.95833333333333;0.0
216.0;97.91666666666667;0.5
222.0;99.58333333333333;0.0
228.0;99.79166666666667;0.5
234.0;96.66666666666667;0.0
240.0;68.75;1.0
246.0;56.666666666666664;0.0
252.0;60.0;0.0
258.0;69.79166666666667;0.5
264.0;96.45833333333333;0.5
270.0;93.75;0.5
276.0;95.83333333333333;0.0
282.0;99.375;0.0
288.0;86.875;1.0
294.0;92.29166666666667;0.625
300.0;98.33333333333333;0.0
306.0;83.75;1.25
312.0;93.75;0.0
318.0;90.625;0.0
324.0;89.16666666666667;0.0
330.0;98.125;0.0
336.0;96.66666666666667;0.0
342.0;81.25;0.0
348.0;67.29166666666667;0.0
354.0;75.20833333333333;0.5
360.0;90.0;0.0
366.0;95.83333333333333;0.0
372.0;100.0;0.5
378.0;98.125;0.0
384.0;96.875;0.5
390.0;92.08333333333333;0.0
396.0;58.333333333333336;0.25
402.0;61.666666666666664;0.0
408.0;62.5;0.0
414.0;74.58333333333333;0.0
420.0;95.83333333333333;0.0
426.0;83.75;0.0
432.0;93.33333333333333;0.5
438.0;98.75;0.75
444.0;96.25;0.5
450.0;98.33333333333333;0.5
456.0;97.5;0.0
462.0;93.75;0.0
468.0;90.41666666666667;0.0
474.0;84.79166666666667;0.0
480.0;82.08333333333333;0.5
486.0;83.33333333333333;0.0
492.0;72.29166666666667;0.5
498.0;81.45833333333333;0.5
504.0;93.54166666666667;0.5
510.0;97.08333333333333;0.75
516.0;96.25;0.5
522.0;96.25;0.0
528.0;92.91666666666667;0.0
534.0;95.41666666666667;0.0
540.0;90.83333333333333;0.0
546.0;89.58333333333333;0.5
552.0;65.83333333333333;0.0
558.0;96.66666666666667;0.5
564.0;95.20833333333333;0.0
570.0;92.91666666666667;0.0
576.0;92.08333333333333;0.5
582.0;98.75;0.0
588.0;79.58333333333333;0.0
594.0;97.29166666666667;0.0
600.0;99.16666666666667;0.0
606.0;80.83333333333333;0.0
612.0;76.66666666666667;0.0
618.0;80.625;0.0
624.0;82.5;0.25
630.0;89.58333333333333;0.0
636.0;95.41666666666667;0.25
642.0;95.83333333333333;0.0
648.0;73.95833333333333;0.0
654.0;79.375;0.0
660.0;87.08333333333333;0.5
666.0;98.33333333333333;0.0
672.0;99.16666666666667;0.5
678.0;98.54166666666667;0.0
684.0;99.375;0.0
690.0;90.0;0.5
696.0;68.75;0.5
702.0;57.083333333333336;0.0
708.0;65.20833333333333;0.5
714.0;55.625;0.5
720.0;74.16666666666667;0.5
726.0;100.0;0.0
732.0;96.25;0.5
738.0;95.41666666666667;0.25
744.0;98.75;0.0
750.0;95.20833333333333;0.0
756.0;95.0;0.5
762.0;89.16666666666667;0.0
768.0;72.70833333333333;0.0
774.0;79.16666666666667;0.5
780.0;58.333333333333336;0.0
786.0;57.916666666666664;0.0
792.0;77.5;0.0
798.0;88.33333333333333;0.5
804.0;95.625;0.5
810.0;97.91666666666667;0.0
816.0;95.83333333333333;0.0
822.0;97.5;0.0
828.0;94.16666666666667;0.5
834.0;94.58333333333333;0.5
840.0;80.83333333333333;0.0
846.0;89.16666666666667;0.0
852.0;78.33333333333333;0.0
858.0;85.41666666666667;0.5
864.0;94.375;0.0
870.0;95.41666666666667;0.0
876.0;99.16666666666667;0.5
882.0;98.54166666666667;0.0
888.0;98.75;1.0
894.0;98.54166666666667;0.0
900.0;98.95833333333333;0.0
906.0;96.66666666666667;0.5
912.0;91.66666666666667;0.0
918.0;81.66666666666667;0.0
924.0;95.83333333333333;0.0
930.0;94.58333333333333;0.0
936.0;84.58333333333333;0.5
942.0;67.5;0.5
948.0;77.08333333333333;0.75
954.0;99.375;0.5
960.0;97.5;0.0
966.0;98.33333333333333;0.0
972.0;98.33333333333333;0.0
978.0;98.75;0.0
984.0;92.70833333333333;0.25
990.0;96.66666666666667;0.5
996.0;87.5;0.5
1002.0;60.833333333333336;0.0
1008.0;57.083333333333336;0.125
1014.0;67.5;0.5
1020.0;80.41666666666667;0.5
1026.0;85.41666666666667;0.5
1032.0;87.08333333333333;0.0
1038.0;91.25;0.5
1044.0;97.5;0.5
1050.0;97.91666666666667;0.5
1056.0;92.91666666666667;0.0
1062.0;92.91666666666667;0.5
1068.0;86.66666666666667;0.0
1074.0;72.08333333333333;0.0
1080.0;71.66666666666667;0.0
1086.0;74.16666666666667;0.5
1092.0;80.41666666666667;0.0
1098.0;94.375;0.0
1104.0;87.5;0.0
1110.0;98.33333333333333;0.5
1116.0;96.66666666666667;0.0
1122.0;98.33333333333333;0.5
1128.0;97.91666666666667;0.0
1134.0;86.04166666666667;1.0
1140.0;95.0;0.5
1146.0;87.5;0.0
1152.0;77.5;0.5
1158.0;93.125;0.5
1164.0;97.08333333333333;0.0
1170.0;97.91666666666667;1.0
1176.0;95.83333333333333;0.0
1182.0;98.95833333333333;0.5
1188.0;91.875;0.0
1194.0;94.79166666666667;0.0
1200.0;96.66666666666667;0.0
1206.0;99.16666666666667;0.5
1212.0;97.5;0.5
1218.0;78.54166666666667;0.0
1224.0;83.75;0.0
1230.0;90.83333333333333;0.5
1236.0;92.5;0.0
1242.0;84.79166666666667;0.5
1248.0;93.75;0.5
1254.0;92.70833333333333;0.0
1260.0;95.83333333333333;0.0
1266.0;97.5;0.0
1272.0;99.16666666666667;0.0
1278.0;96.875;0.0
1284.0;96.25;0.0
1290.0;95.83333333333333;0.0
1296.0;80.41666666666667;0.5
1302.0;79.16666666666667;0.0
1308.0;91.875;0.5
1314.0;62.916666666666664;0.5
1320.0;99.58333333333333;0.0
1326.0;97.91666666666667;0.0
1332.0;96.66666666666667;0.5
1338.0;91.25;0.0
1344.0;97.70833333333333;0.0
1350.0;94.58333333333333;0.5
1356.0;89.58333333333333;0.0
1362.0;98.75;0.0
1368.0;68.125;0.0
1374.0;58.75;0.0
1380.0;57.5;0.0
1386.0;77.91666666666667;0.5
1392.0;88.75;0.0
1398.0;91.875;0.0
1404.0;97.70833333333333;0.0
1410.0;94.58333333333333;0.0
1416.0;93.33333333333333;0.0
1422.0;99.58333333333333;0.0
1428.0;99.58333333333333;0.5
1434.0;95.0;0.0
1440.0;97.08333333333333;0.5
1446.0;72.5;0.0
1452.0;58.75;0.25
1458.0;73.33333333333333;0.5
1464.0;74.58333333333333;0.0
1470.0;96.25;0.0
1476.0;95.41666666666667;0.0
1482.0;89.58333333333333;0.0
1488.0;74.16666666666667;0.0
1494.0;92.5;0.5
