#auto generated file!
180.0;129;60;36
186.0;126;62;37
192.0;124;55;46
198.0;125;56;44
204.0;127;55;43
210.0;122;62;41
216.0;124;66;35
222.0;126;65;34
228.0;127;65;33
234.0;132;59;34
240.0;130;59;36
246.0;132;65;28
252.0;126;75;24
258.0;126;73;26
264.0;121;78;26
270.0;132;68;25
276.0;127;68;30
282.0;131;64;30
288.0;123;67;35
294.0;126;67;32
300.0;126;68;31
306.0;135;67;23
312.0;137;65;23
318.0;138;67;20
324.0;132;68;25
330.0;129;69;27
336.0;131;75;19
342.0;125;70;30
348.0;127;72;26
354.0;124;74;27
360.0;125;73;27
366.0;127;73;25
372.0;128;75;22
378.0;124;72;29
384.0;124;70;31
390.0;127;65;33
396.0;127;66;32
402.0;129;67;29
408.0;130;61;34
414.0;130;61;34
420.0;133;56;36
426.0;131;61;33
432.0;127;67;31
438.0;129;62;34
444.0;127;63;35
450.0;131;55;39
456.0;126;57;42
462.0;127;59;39
468.0;129;56;40
474.0;132;61;32
480.0;131;61;33
486.0;129;61;35
492.0;131;63;31
498.0;134;65;26
504.0;129;67;29
510.0;130;66;29
516.0;126;70;29
522.0;129;64;32
528.0;141;62;22
534.0;145;57;23
540.0;142;61;22
546.0;137;60;28
552.0;134;59;32
558.0;134;59;32
564.0;137;60;28
570.0;138;64;23
576.0;142;63;20
582.0;130;63;32
588.0;121;60;44
594.0;117;66;42
600.0;120;68;37
606.0;122;73;30
612.0;124;66;35
618.0;118;64;43
624.0;118;65;42
630.0;113;67;45
636.0;120;66;39
642.0;122;66;37
648.0;126;64;35
654.0;126;64;35
660.0;134;59;32
666.0;135;61;29
672.0;136;56;33
678.0;136;57;32
684.0;135;61;29
690.0;128;63;34
696.0;125;65;35
702.0;120;62;43
708.0;125;55;45
714.0;125;62;38
720.0;133;52;40
726.0;130;60;35
732.0;131;63;31
738.0;126;68;31
744.0;122;69;34
750.0;121;73;31
756.0;124;76;25
762.0;123;77;25
768.0;125;75;25
774.0;121;77;27
780.0;130;74;21
786.0;125;74;26
792.0;123;73;29
798.0;124;65;36
804.0;125;64;36
810.0;129;60;36
816.0;127;64;34
822.0;126;59;40
828.0;127;67;31
834.0;129;65;31
840.0;132;71;22
846.0;131;70;24
852.0;134;70;21
858.0;138;68;19
864.0;139;64;22
870.0;141;60;24
876.0;138;62;25
882.0;136;64;25
888.0;139;61;25
894.0;137;61;27
900.0;130;68;27
906.0;129;69;27
912.0;129;72;24
918.0;136;60;29
924.0;132;61;32
930.0;132;61;32
936.0;133;54;38
942.0;129;60;36
948.0;134;60;31
954.0;132;61;32
960.0;130;65;30
966.0;133;56;36
972.0;132;57;36
978.0;135;58;32
984.0;133;61;31
990.0;135;60;30
996.0;139;60;26
1002.0;136;56;33
1008.0;133;59;33
1014.0;130;54;41
1020.0;130;60;35
1026.0;132;63;30
1032.0;130;64;31
1038.0;126;64;35
1044.0;127;66;32
1050.0;125;72;28
1056.0;127;68;30
1062.0;129;63;33
1068.0;126;63;36
1074.0;131;60;34
1080.0;131;61;33
1086.0;134;65;26
1092.0;127;67;31
1098.0;125;63;37
1104.0;125;68;32
1110.0;124;67;34
1116.0;121;70;34
1122.0;127;66;32
1128.0;126;64;35
1134.0;123;68;34
1140.0;123;69;33
1146.0;127;72;26
1152.0;119;77;29
1158.0;123;74;28
1164.0;125;75;25
1170.0;129;71;25
1176.0;132;68;25
1182.0;131;61;33
1188.0;128;65;32
1194.0;131;64;30
1200.0;132;63;30
1206.0;133;62;30
1212.0;133;62;30
1218.0;122;69;34
1224.0;130;67;28
1230.0;127;67;31
1236.0;126;68;31
1242.0;123;70;32
1248.0;124;69;32
1254.0;126;69;30
1260.0;129;65;31
1266.0;129;62;34
1272.0;131;60;34
1278.0;131;66;28
1284.0;129;64;32
1290.0;132;60;33
1296.0;125;64;36
1302.0;131;59;35
1308.0;135;57;33
1314.0;138;59;28
1320.0;131;61;33
1326.0;132;63;30
1332.0;125;67;33
1338.0;126;68;31
1344.0;122;75;28
1350.0;125;69;31
1356.0;128;64;33
1362.0;131;65;29
1368.0;128;65;32
1374.0;129;68;28
1380.0;129;70;26
1386.0;129;61;35
1392.0;129;65;31
1398.0;131;63;31
1404.0;128;66;31
1410.0;127;69;29
1416.0;128;72;25
1422.0;125;74;26
1428.0;125;78;22
1434.0;127;72;26
1440.0;136;67;22
1446.0;139;66;20
1452.0;136;65;24
1458.0;135;63;27
1464.0;136;64;25
1470.0;140;60;25
1476.0;133;62;30
1482.0;134;59;32
1488.0;135;57;33
1494.0;130;60;35
