#auto generated file!
6.0;0.0;0.0
12.0;0.0;0.0
18.0;4.375;0.0
24.0;18.75;0.125
30.0;17.916666666666668;0.0
36.0;14.166666666666666;0.0
42.0;26.666666666666668;0.0
48.0;28.333333333333332;1.0
54.0;34.166666666666664;0.0
60.0;38.75;0.0
66.0;54.583333333333336;0.0
72.0;63.333333333333336;0.0
78.0;57.5;1.0
84.0;63.125;0.25
90.0;58.333333333333336;0.0
96.0;50.0;0.0
102.0;40.416666666666664;0.75
108.0;45.416666666666664;0.5
114.0;42.291666666666664;0.0
120.0;43.541666666666664;0.0
126.0;35.833333333333336;0.0
132.0;30.0;0.0
138.0;46.041666666666664;0.0
144.0;59.583333333333336;0.0
150.0;56.666666666666664;0.5
156.0;53.75;0.0
162.0;47.083333333333336;0.0
168.0;52.916666666666664;0.0
174.0;48.958333333333336;0.0
180.0;50.0;0.0
186.0;50.416666666666664;0.0
192.0;40.833333333333336;0.0
198.0;37.916666666666664;0.75
204.0;52.5;0.0
210.0;54.166666666666664;0.25
216.0;57.916666666666664;0.5
222.0;60.416666666666664;0.0
228.0;50.416666666666664;0.0
234.0;45.0;0.0
240.0;46.458333333333336;0.0
246.0;43.333333333333336;0.0
252.0;39.583333333333336;0.0
258.0;37.916666666666664;0.0
264.0;36.875;0.0
270.0;45.833333333333336;0.0
276.0;43.333333333333336;0.5
282.0;33.333333333333336;0.0
288.0;42.291666666666664;0.0
294.0;41.875;0.0
300.0;53.333333333333336;0.0
306.0;49.166666666666664;0.0
312.0;53.75;0.25
318.0;46.666666666666664;0.125
324.0;52.5;0.0
330.0;45.833333333333336;0.0
336.0;40.833333333333336;0.0
342.0;32.916666666666664;0.0
348.0;39.791666666666664;0.0
354.0;32.5;0.5
360.0;43.333333333333336;0.0
366.0;40.0;0.0
372.0;40.833333333333336;0.5
378.0;48.75;0.25
384.0;49.791666666666664;0.0
390.0;49.166666666666664;0.5
396.0;48.333333333333336;0.0
402.0;40.208333333333336;0.0
408.0;37.083333333333336;0.75
414.0;49.791666666666664;0.125
420.0;47.5;0.0
426.0;45.833333333333336;0.0
432.0;33.75;0.0
438.0;38.75;0.5
444.0;55.0;0.5
450.0;56.25;0.0
456.0;40.833333333333336;0.0
462.0;39.583333333333336;0.0
468.0;32.5;0.5
474.0;42.916666666666664;0.0
480.0;45.833333333333336;0.0
486.0;42.5;0.0
492.0;37.5;0.0
498.0;32.083333333333336;0.0
504.0;47.708333333333336;0.0
510.0;44.583333333333336;0.25
516.0;38.75;0.0
522.0;47.916666666666664;0.5
528.0;47.916666666666664;1.25
534.0;42.708333333333336;0.125
540.0;47.5;0.0
546.0;58.333333333333336;0.0
552.0;40.833333333333336;0.0
558.0;48.125;0.0
564.0;46.666666666666664;0.0
570.0;54.583333333333336;0.25
576.0;41.25;0.5
582.0;43.125;0.0
588.0;45.833333333333336;0.125
594.0;50.416666666666664;0.0
600.0;56.666666666666664;0.5
606.0;46.666666666666664;0.0
612.0;40.416666666666664;0.0
618.0;40.0;0.0
624.0;49.166666666666664;0.0
630.0;45.0;0.0
636.0;43.333333333333336;0.75
642.0;40.416666666666664;0.0
648.0;42.5;0.0
654.0;38.125;0.5
660.0;40.0;0.0
666.0;32.916666666666664;0.5
672.0;47.083333333333336;0.5
678.0;35.416666666666664;0.5
684.0;48.125;0.5
690.0;44.583333333333336;0.5
696.0;39.166666666666664;0.25
702.0;38.75;0.0
708.0;38.125;0.0
714.0;37.5;0.0
720.0;39.166666666666664;0.0
726.0;40.0;0.0
732.0;32.5;0.25
738.0;45.0;0.0
744.0;45.833333333333336;0.0
750.0;59.166666666666664;0.5
756.0;50.0;0.0
762.0;48.125;0.0
768.0;48.333333333333336;0.5
774.0;44.166666666666664;0.0
780.0;42.5;0.0
786.0;42.916666666666664;0.0
792.0;42.083333333333336;0.5
798.0;41.666666666666664;0.0
804.0;43.333333333333336;0.0
810.0;50.416666666666664;0.75
816.0;46.666666666666664;1.0
822.0;60.0;0.0
828.0;42.708333333333336;0.0
834.0;35.833333333333336;0.0
840.0;35.833333333333336;0.5
846.0;40.833333333333336;0.0
852.0;34.583333333333336;0.0
858.0;41.041666666666664;0.0
864.0;42.291666666666664;0.5
870.0;42.708333333333336;0.25
876.0;41.25;0.0
882.0;39.166666666666664;0.0
888.0;36.875;0.0
894.0;52.708333333333336;0.5
900.0;44.375;0.5
906.0;49.583333333333336;0.0
912.0;50.0;0.0
918.0;55.0;0.0
924.0;50.208333333333336;0.0
930.0;47.916666666666664;0.25
936.0;51.666666666666664;0.0
942.0;47.083333333333336;0.5
948.0;37.5;0.0
954.0;37.916666666666664;0.0
960.0;33.541666666666664;0.0
966.0;49.583333333333336;0.0
972.0;44.583333333333336;0.5
978.0;47.916666666666664;0.25
984.0;51.041666666666664;0.25
990.0;44.166666666666664;0.0
996.0;49.583333333333336;0.0
1002.0;39.166666666666664;0.5
1008.0;49.166666666666664;0.0
1014.0;50.0;0.5
1020.0;43.333333333333336;0.0
1026.0;43.333333333333336;0.0
1032.0;43.75;0.0
1038.0;48.75;0.5
1044.0;46.458333333333336;0.75
1050.0;54.583333333333336;0.75
1056.0;46.666666666666664;0.0
1062.0;44.583333333333336;0.0
1068.0;42.916666666666664;0.5
1074.0;46.458333333333336;0.0
1080.0;36.25;0.0
1086.0;38.333333333333336;0.0
1092.0;42.083333333333336;0.0
1098.0;38.75;0.0
1104.0;46.666666666666664;0.5
1110.0;46.875;0.25
1116.0;47.916666666666664;0.0
1122.0;45.833333333333336;1.0
1128.0;43.958333333333336;0.75
1134.0;47.916666666666664;0.5
1140.0;44.375;0.5
1146.0;41.666666666666664;1.5
1152.0;41.666666666666664;0.0
1158.0;45.833333333333336;0.0
1164.0;43.75;0.5
1170.0;46.666666666666664;0.0
1176.0;42.083333333333336;0.0
1182.0;40.0;0.0
1188.0;47.916666666666664;0.125
1194.0;55.208333333333336;0.5
1200.0;50.0;1.25
1206.0;50.833333333333336;0.0
1212.0;40.416666666666664;0.0
1218.0;45.833333333333336;0.5
1224.0;45.208333333333336;0.5
1230.0;38.333333333333336;0.0
1236.0;41.25;0.0
1242.0;42.916666666666664;0.0
1248.0;40.0;0.0
1254.0;43.125;0.0
1260.0;50.0;0.0
1266.0;49.583333333333336;1.0
1272.0;59.166666666666664;0.0
1278.0;44.583333333333336;0.5
1284.0;39.583333333333336;0.0
1290.0;51.875;0.0
1296.0;54.166666666666664;0.0
1302.0;40.416666666666664;0.0
1308.0;47.916666666666664;0.5
1314.0;43.333333333333336;0.0
1320.0;40.833333333333336;0.0
1326.0;48.333333333333336;0.0
1332.0;47.5;0.25
1338.0;43.958333333333336;0.5
1344.0;49.375;0.625
1350.0;41.666666666666664;0.5
1356.0;46.25;0.0
1362.0;38.75;0.0
1368.0;43.125;0.0
1374.0;49.375;0.0
1380.0;43.75;0.0
1386.0;40.0;0.0
1392.0;50.833333333333336;0.0
1398.0;48.75;0.0
1404.0;45.833333333333336;0.0
1410.0;43.333333333333336;0.0
1416.0;40.833333333333336;0.25
1422.0;46.666666666666664;0.0
1428.0;46.666666666666664;0.0
1434.0;43.75;0.0
1440.0;40.833333333333336;0.0
1446.0;44.166666666666664;0.0
1452.0;37.916666666666664;0.5
1458.0;40.208333333333336;0.25
1464.0;44.583333333333336;0.0
1470.0;59.166666666666664;0.0
1476.0;52.083333333333336;0.0
1482.0;54.583333333333336;0.0
1488.0;46.458333333333336;0.5
1494.0;43.75;0.0
