#auto generated file!
180.0;144;65;41
186.0;142;68;40
192.0;146;67;37
198.0;144;69;37
204.0;146;64;40
210.0;147;64;39
216.0;153;64;33
222.0;145;70;35
228.0;145;70;35
234.0;141;68;41
240.0;139;75;36
246.0;136;77;37
252.0;137;74;39
258.0;133;78;39
264.0;131;81;38
270.0;121;84;45
276.0;116;90;44
282.0;125;85;40
288.0;123;90;37
294.0;132;84;34
300.0;137;78;35
306.0;134;78;38
312.0;145;71;34
318.0;137;62;51
324.0;145;59;46
330.0;138;64;48
336.0;144;63;43
342.0;143;63;44
348.0;137;64;49
354.0;131;73;46
360.0;140;66;44
366.0;140;69;41
372.0;147;68;35
378.0;146;73;31
384.0;139;83;28
390.0;142;78;30
396.0;144;71;35
402.0;146;69;35
408.0;147;66;37
414.0;149;65;36
420.0;143;67;40
426.0;137;72;41
432.0;139;72;39
438.0;142;72;36
444.0;140;69;41
450.0;145;69;36
456.0;152;62;36
462.0;150;61;39
468.0;154;63;33
474.0;148;72;30
480.0;154;66;30
486.0;156;70;24
492.0;147;74;29
498.0;151;74;25
504.0;146;72;32
510.0;150;68;32
516.0;155;67;28
522.0;159;65;26
528.0;156;67;27
534.0;150;65;35
540.0;147;67;36
546.0;136;74;40
552.0;138;77;35
558.0;137;79;34
564.0;140;75;35
570.0;137;78;35
576.0;143;72;35
582.0;135;78;37
588.0;136;77;37
594.0;139;67;44
600.0;134;70;46
606.0;133;69;48
612.0;132;77;41
618.0;136;72;42
624.0;131;74;45
630.0;136;72;42
636.0;142;69;39
642.0;149;71;30
648.0;148;70;32
654.0;143;74;33
660.0;138;74;38
666.0;142;72;36
672.0;149;63;38
678.0;150;60;40
684.0;153;62;35
690.0;154;59;37
696.0;142;70;38
702.0;140;71;39
708.0;140;75;35
714.0;142;77;31
720.0;144;73;33
726.0;141;72;37
732.0;140;67;43
738.0;131;78;41
744.0;132;75;43
750.0;140;75;35
756.0;146;72;32
762.0;141;72;37
768.0;135;73;42
774.0;147;67;36
780.0;138;76;36
786.0;141;72;37
792.0;143;77;30
798.0;133;79;38
804.0;137;74;39
810.0;137;81;32
816.0;136;82;32
822.0;139;85;26
828.0;137;85;28
834.0;136;83;31
840.0;133;85;32
846.0;136;77;37
852.0;138;76;36
858.0;141;72;37
864.0;149;66;35
870.0;132;77;41
876.0;134;79;37
882.0;143;73;34
888.0;138;69;43
894.0;142;72;36
900.0;148;73;29
906.0;143;72;35
912.0;140;69;41
918.0;148;63;39
924.0;145;61;44
930.0;154;55;41
936.0;152;58;40
942.0;152;58;40
948.0;149;64;37
954.0;143;68;39
960.0;148;67;35
966.0;149;63;38
972.0;153;65;32
978.0;148;68;34
984.0;153;66;31
990.0;152;62;36
996.0;151;59;40
1002.0;150;66;34
1008.0;156;62;32
1014.0;153;65;32
1020.0;153;69;28
1026.0;152;66;32
1032.0;159;64;27
1038.0;147;70;33
1044.0;158;55;37
1050.0;156;58;36
1056.0;153;61;36
1062.0;158;61;31
1068.0;154;63;33
1074.0;159;61;30
1080.0;159;60;31
1086.0;157;59;34
1092.0;158;59;33
1098.0;158;56;36
1104.0;156;57;37
1110.0;154;58;38
1116.0;149;65;36
1122.0;145;70;35
1128.0;147;65;38
1134.0;153;57;40
1140.0;152;59;39
1146.0;154;53;43
1152.0;150;60;40
1158.0;154;63;33
1164.0;152;67;31
1170.0;148;67;35
1176.0;149;68;33
1182.0;146;74;30
1188.0;141;73;36
1194.0;136;74;40
1200.0;134;79;37
1206.0;138;73;39
1212.0;141;71;38
1218.0;142;76;32
1224.0;146;69;35
1230.0;144;62;44
1236.0;145;71;34
1242.0;145;69;36
1248.0;147;76;27
1254.0;132;82;36
1260.0;126;79;45
1266.0;126;81;43
1272.0;124;74;52
1278.0;123;77;50
1284.0;121;72;57
1290.0;125;70;55
1296.0;131;71;48
1302.0;132;76;42
1308.0;128;80;42
1314.0;130;84;36
1320.0;132;81;37
1326.0;127;80;43
1332.0;127;81;42
1338.0;124;79;47
1344.0;129;79;42
1350.0;136;77;37
1356.0;133;79;38
1362.0;138;73;39
1368.0;137;80;33
1374.0;141;77;32
1380.0;135;76;39
1386.0;140;73;37
1392.0;147;70;33
1398.0;150;67;33
1404.0;143;68;39
1410.0;143;73;34
1416.0;144;75;31
1422.0;148;66;36
1428.0;143;71;36
1434.0;145;70;35
1440.0;139;74;37
1446.0;138;74;38
1452.0;136;72;42
1458.0;135;72;43
1464.0;143;68;39
1470.0;138;68;44
1476.0;131;74;45
1482.0;132;74;44
1488.0;133;77;40
1494.0;131;77;42
