#auto generated file!
6.0;0.0;0.0
12.0;0.8333333333333334;0.0
18.0;1.6666666666666667;0.0
24.0;3.75;0.0
30.0;6.25;0.0
36.0;5.833333333333333;0.0
42.0;15.833333333333334;0.0
48.0;23.541666666666668;0.5
54.0;13.333333333333334;0.0
60.0;21.666666666666668;0.5
66.0;15.833333333333334;0.0
72.0;24.583333333333332;0.0
78.0;22.916666666666668;0.0
84.0;20.416666666666668;0.0
90.0;17.083333333333332;0.0
96.0;17.5;0.0
102.0;16.666666666666668;0.0
108.0;22.916666666666668;0.0
114.0;17.5;0.5
120.0;15.833333333333334;0.0
126.0;15.833333333333334;0.5
132.0;13.333333333333334;0.0
138.0;26.458333333333332;0.0
144.0;27.083333333333332;0.5
150.0;25.833333333333332;0.0
156.0;27.916666666666668;0.0
162.0;15.833333333333334;0.0
168.0;12.916666666666666;0.0
174.0;17.5;0.125
180.0;12.5;0.5
186.0;12.5;0.0
192.0;14.583333333333334;0.0
198.0;16.041666666666668;0.5
204.0;17.083333333333332;0.0
210.0;22.083333333333332;0.0
216.0;16.666666666666668;0.5
222.0;21.666666666666668;0.0
228.0;16.666666666666668;0.0
234.0;19.166666666666668;0.0
240.0;15.0;0.0
246.0;12.5;0.0
252.0;10.416666666666666;0.0
258.0;17.916666666666668;0.0
264.0;13.75;0.25
270.0;12.5;0.5
276.0;18.333333333333332;0.5
282.0;15.833333333333334;0.0
288.0;19.166666666666668;0.0
294.0;23.333333333333332;0.0
300.0;23.333333333333332;0.0
306.0;19.583333333333332;0.0
312.0;13.75;0.0
318.0;20.625;0.0
324.0;16.666666666666668;0.5
330.0;17.916666666666668;0.0
336.0;18.75;0.5
342.0;15.833333333333334;0.0
348.0;12.083333333333334;0.0
354.0;24.166666666666668;0.0
360.0;19.166666666666668;0.0
366.0;19.166666666666668;0.0
372.0;25.0;0.5
378.0;20.0;0.0
384.0;18.333333333333332;0.0
390.0;18.333333333333332;0.25
396.0;6.25;0.0
402.0;15.416666666666666;0.0
408.0;19.583333333333332;0.5
414.0;17.5;0.0
420.0;12.5;0.0
426.0;27.083333333333332;0.0
432.0;20.416666666666668;0.0
438.0;17.916666666666668;0.0
444.0;19.166666666666668;0.0
450.0;23.75;0.0
456.0;25.416666666666668;0.5
462.0;20.833333333333332;0.0
468.0;13.333333333333334;0.0
474.0;14.375;0.0
480.0;20.0;0.0
486.0;11.666666666666666;0.0
492.0;17.916666666666668;0.0
498.0;12.916666666666666;0.5
504.0;23.541666666666668;0.0
510.0;15.416666666666666;0.0
516.0;20.833333333333332;0.0
522.0;15.416666666666666;0.5
528.0;10.0;0.0
534.0;17.5;1.0
540.0;19.583333333333332;0.0
546.0;18.75;0.0
552.0;18.333333333333332;0.0
558.0;27.5;0.0
564.0;15.0;0.0
570.0;23.75;0.0
576.0;15.833333333333334;0.0
582.0;15.0;0.0
588.0;21.666666666666668;0.0
594.0;16.666666666666668;0.5
600.0;18.333333333333332;0.0
606.0;7.5;0.0
612.0;15.833333333333334;0.0
618.0;18.958333333333332;0.0
624.0;15.833333333333334;0.5
630.0;15.833333333333334;0.0
636.0;15.833333333333334;0.0
642.0;18.75;0.0
648.0;10.833333333333334;0.0
654.0;15.0;0.0
660.0;17.5;0.0
666.0;21.666666666666668;0.5
672.0;21.666666666666668;0.5
678.0;26.666666666666668;0.0
684.0;24.583333333333332;0.0
690.0;27.5;0.0
696.0;18.333333333333332;0.0
702.0;12.5;1.5
708.0;16.666666666666668;0.5
714.0;13.333333333333334;0.0
720.0;10.833333333333334;0.0
726.0;15.833333333333334;0.0
732.0;11.666666666666666;0.0
738.0;23.958333333333332;0.125
744.0;24.583333333333332;0.0
750.0;21.666666666666668;0.0
756.0;15.833333333333334;0.0
762.0;20.833333333333332;0.0
768.0;16.041666666666668;0.0
774.0;15.416666666666666;0.0
780.0;14.583333333333334;0.0
786.0;13.333333333333334;0.0
792.0;10.833333333333334;0.0
798.0;20.0;0.0
804.0;23.333333333333332;0.0
810.0;12.083333333333334;0.0
816.0;16.25;0.0
822.0;21.041666666666668;0.0
828.0;21.666666666666668;0.5
834.0;15.0;0.0
840.0;13.333333333333334;0.0
846.0;15.833333333333334;0.5
852.0;14.166666666666666;0.0
858.0;25.416666666666668;0.0
864.0;10.833333333333334;0.0
870.0;12.5;0.0
876.0;17.5;0.0
882.0;18.333333333333332;0.0
888.0;19.791666666666668;0.5
894.0;23.333333333333332;1.5
900.0;21.25;0.0
906.0;22.5;0.0
912.0;21.25;0.0
918.0;22.5;0.0
924.0;30.0;0.0
930.0;19.166666666666668;0.0
936.0;16.666666666666668;0.0
942.0;16.25;0.0
948.0;12.5;0.0
954.0;18.333333333333332;0.0
960.0;21.666666666666668;0.5
966.0;19.166666666666668;0.5
972.0;15.416666666666666;0.0
978.0;19.583333333333332;0.0
984.0;29.166666666666668;0.0
990.0;18.75;0.0
996.0;13.75;0.0
1002.0;7.916666666666667;0.0
1008.0;20.833333333333332;0.0
1014.0;21.041666666666668;0.125
1020.0;17.083333333333332;0.0
1026.0;18.333333333333332;0.0
1032.0;14.583333333333334;0.0
1038.0;20.0;0.25
1044.0;23.75;0.0
1050.0;18.333333333333332;0.0
1056.0;11.666666666666666;0.0
1062.0;13.333333333333334;0.0
1068.0;23.333333333333332;0.5
1074.0;9.166666666666666;0.0
1080.0;14.166666666666666;0.0
1086.0;19.166666666666668;0.0
1092.0;18.333333333333332;0.5
1098.0;16.666666666666668;0.0
1104.0;17.5;0.0
1110.0;15.0;0.0
1116.0;20.0;0.0
1122.0;22.083333333333332;0.0
1128.0;17.5;0.0
1134.0;12.5;0.125
1140.0;21.666666666666668;0.0
1146.0;15.833333333333334;0.0
1152.0;12.916666666666666;0.0
1158.0;18.333333333333332;0.5
1164.0;18.958333333333332;0.5
1170.0;15.833333333333334;0.0
1176.0;17.916666666666668;0.0
1182.0;15.0;0.0
1188.0;11.666666666666666;0.0
1194.0;20.0;0.0
1200.0;17.5;0.5
1206.0;15.0;0.0
1212.0;13.75;0.0
1218.0;12.5;0.0
1224.0;19.583333333333332;0.0
1230.0;17.083333333333332;0.0
1236.0;13.75;0.0
1242.0;23.75;0.0
1248.0;14.166666666666666;0.0
1254.0;20.0;0.5
1260.0;21.25;0.0
1266.0;20.833333333333332;0.5
1272.0;30.416666666666668;0.5
1278.0;14.791666666666666;0.5
1284.0;13.958333333333334;0.0
1290.0;12.083333333333334;0.5
1296.0;14.166666666666666;0.0
1302.0;18.333333333333332;0.0
1308.0;18.333333333333332;0.125
1314.0;14.583333333333334;0.0
1320.0;20.833333333333332;0.0
1326.0;14.166666666666666;0.0
1332.0;14.166666666666666;0.0
1338.0;17.083333333333332;0.0
1344.0;28.333333333333332;0.0
1350.0;19.166666666666668;0.25
1356.0;18.75;0.0
1362.0;20.833333333333332;0.0
1368.0;19.375;1.0
1374.0;28.333333333333332;0.0
1380.0;16.666666666666668;0.5
1386.0;11.666666666666666;0.0
1392.0;15.208333333333334;0.0
1398.0;18.75;0.0
1404.0;17.083333333333332;0.0
1410.0;24.583333333333332;0.25
1416.0;22.083333333333332;0.0
1422.0;20.416666666666668;0.0
1428.0;18.541666666666668;0.0
1434.0;19.166666666666668;0.0
1440.0;13.333333333333334;0.0
1446.0;20.833333333333332;0.0
1452.0;18.333333333333332;0.0
1458.0;25.0;0.0
1464.0;26.666666666666668;0.0
1470.0;33.75;0.5
1476.0;19.166666666666668;0.5
1482.0;9.166666666666666;0.0
1488.0;20.416666666666668;0.0
1494.0;24.583333333333332;0.125
