#auto generated file!
180.0;53;24;23
186.0;56;27;17
192.0;62;26;12
198.0;61;27;12
204.0;57;28;15
210.0;57;27;16
216.0;56;28;16
222.0;55;29;16
228.0;55;26;19
234.0;61;24;15
240.0;61;23;16
246.0;64;22;14
252.0;65;21;14
258.0;62;22;16
264.0;66;22;12
270.0;64;27;9
276.0;60;29;11
282.0;58;30;12
288.0;55;27;18
294.0;53;28;19
300.0;52;31;17
306.0;61;25;14
312.0;60;25;15
318.0;63;25;12
324.0;58;32;10
330.0;59;29;12
336.0;58;27;15
342.0;60;25;15
348.0;59;24;17
354.0;58;28;14
360.0;64;28;8
366.0;60;28;12
372.0;60;25;15
378.0;64;23;13
384.0;63;23;14
390.0;69;22;9
396.0;70;15;15
402.0;64;21;15
408.0;69;16;15
414.0;66;20;14
420.0;63;25;12
426.0;64;25;11
432.0;64;26;10
438.0;65;28;7
444.0;64;27;9
450.0;63;26;11
456.0;59;22;19
462.0;60;25;15
468.0;60;27;13
474.0;60;28;12
480.0;60;29;11
486.0;57;29;14
492.0;54;36;10
498.0;56;31;13
504.0;53;33;14
510.0;51;35;14
516.0;50;35;15
522.0;50;36;14
528.0;52;34;14
534.0;57;32;11
540.0;62;29;9
546.0;60;29;11
552.0;58;31;11
558.0;56;34;10
564.0;54;32;14
570.0;55;30;15
576.0;58;27;15
582.0;59;27;14
588.0;61;29;10
594.0;58;30;12
600.0;57;33;10
606.0;57;31;12
612.0;59;27;14
618.0;61;26;13
624.0;61;28;11
630.0;60;30;10
636.0;64;27;9
642.0;61;30;9
648.0;60;32;8
654.0;61;31;8
660.0;60;29;11
666.0;62;25;13
672.0;62;26;12
678.0;61;29;10
684.0;61;30;9
690.0;61;31;8
696.0;60;28;12
702.0;57;29;14
708.0;62;27;11
714.0;60;28;12
720.0;62;28;10
726.0;65;26;9
732.0;62;27;11
738.0;58;29;13
744.0;63;27;10
750.0;58;29;13
756.0;58;30;12
762.0;56;28;16
768.0;55;32;13
774.0;52;37;11
780.0;52;37;11
786.0;51;37;12
792.0;49;35;16
798.0;48;37;15
804.0;52;35;13
810.0;48;37;15
816.0;50;37;13
822.0;52;38;10
828.0;53;33;14
834.0;57;31;12
840.0;51;34;15
846.0;51;35;14
852.0;52;30;18
858.0;54;30;16
864.0;49;34;17
870.0;51;36;13
876.0;56;34;10
882.0;50;37;13
888.0;51;35;14
894.0;51;32;17
900.0;55;24;21
906.0;58;24;18
912.0;58;25;17
918.0;56;29;15
924.0;53;28;19
930.0;58;29;13
936.0;59;28;13
942.0;57;26;17
948.0;57;25;18
954.0;58;27;15
960.0;58;30;12
966.0;59;33;8
972.0;61;28;11
978.0;61;29;10
984.0;59;31;10
990.0;56;26;18
996.0;55;30;15
1002.0;55;33;12
1008.0;56;33;11
1014.0;57;32;11
1020.0;57;31;12
1026.0;54;32;14
1032.0;51;30;19
1038.0;48;32;20
1044.0;47;37;16
1050.0;51;32;17
1056.0;55;27;18
1062.0;52;28;20
1068.0;55;29;16
1074.0;54;29;17
1080.0;53;28;19
1086.0;55;25;20
1092.0;56;27;17
1098.0;51;33;16
1104.0;52;32;16
1110.0;48;35;17
1116.0;53;31;16
1122.0;46;35;19
1128.0;44;37;19
1134.0;44;36;20
1140.0;44;38;18
1146.0;49;37;14
1152.0;46;39;15
1158.0;46;37;17
1164.0;52;35;13
1170.0;51;39;10
1176.0;52;37;11
1182.0;58;33;9
1188.0;58;30;12
1194.0;60;26;14
1200.0;60;26;14
1206.0;60;27;13
1212.0;61;24;15
1218.0;61;23;16
1224.0;64;23;13
1230.0;62;25;13
1236.0;61;24;15
1242.0;59;26;15
1248.0;64;26;10
1254.0;62;26;12
1260.0;62;25;13
1266.0;65;25;10
1272.0;63;27;10
1278.0;55;34;11
1284.0;57;34;9
1290.0;56;36;8
1296.0;53;37;10
1302.0;53;38;9
1308.0;48;39;13
1314.0;51;37;12
1320.0;48;32;20
1326.0;47;29;24
1332.0;48;28;24
1338.0;54;25;21
1344.0;53;28;19
1350.0;57;29;14
1356.0;56;29;15
1362.0;56;31;13
1368.0;52;34;14
1374.0;49;34;17
1380.0;49;34;17
1386.0;50;31;19
1392.0;52;29;19
1398.0;53;26;21
1404.0;55;25;20
1410.0;56;28;16
1416.0;56;27;17
1422.0;60;29;11
1428.0;62;29;9
1434.0;61;29;10
1440.0;61;28;11
1446.0;62;24;14
1452.0;64;25;11
1458.0;63;25;12
1464.0;61;26;13
1470.0;62;23;15
1476.0;60;28;12
1482.0;59;31;10
1488.0;55;35;10
1494.0;54;33;13
