#auto generated file!
180.0;70;34;21
186.0;74;36;15
192.0;70;31;24
198.0;67;31;27
204.0;69;30;26
210.0;70;30;25
216.0;73;29;23
222.0;76;30;19
228.0;75;28;22
234.0;73;32;20
240.0;70;35;20
246.0;71;32;22
252.0;73;32;20
258.0;77;29;19
264.0;78;29;18
270.0;74;34;17
276.0;76;33;16
282.0;75;38;12
288.0;79;34;12
294.0;83;32;10
300.0;86;27;12
306.0;83;30;12
312.0;78;31;16
318.0;74;33;18
324.0;70;34;21
330.0;74;33;18
336.0;76;37;12
342.0;76;32;17
348.0;66;38;21
354.0;63;39;23
360.0;70;31;24
366.0;68;29;28
372.0;70;33;22
378.0;71;34;20
384.0;72;34;19
390.0;73;34;18
396.0;76;30;19
402.0;75;30;20
408.0;75;29;21
414.0;74;29;22
420.0;74;33;18
426.0;74;29;22
432.0;77;27;21
438.0;68;30;27
444.0;69;34;22
450.0;68;37;20
456.0;65;39;21
462.0;65;40;20
468.0;65;42;18
474.0;66;42;17
480.0;68;42;15
486.0;67;44;14
492.0;70;38;17
498.0;68;35;22
504.0;71;39;15
510.0;75;35;15
516.0;69;33;23
522.0;70;39;16
528.0;70;35;20
534.0;70;38;17
540.0;73;38;14
546.0;71;42;12
552.0;67;46;12
558.0;68;41;16
564.0;69;38;18
570.0;65;39;21
576.0;64;38;23
582.0;63;39;23
588.0;64;38;23
594.0;66;40;19
600.0;66;39;20
606.0;61;42;22
612.0;61;42;22
618.0;63;44;18
624.0;65;42;18
630.0;63;43;19
636.0;62;42;21
642.0;71;36;18
648.0;72;40;13
654.0;68;45;12
660.0;65;43;17
666.0;64;42;19
672.0;68;37;20
678.0;67;37;21
684.0;69;39;17
690.0;62;45;18
696.0;67;41;17
702.0;64;42;19
708.0;68;41;16
714.0;68;37;20
720.0;62;37;26
726.0;68;35;22
732.0;73;34;18
738.0;71;35;19
744.0;69;38;18
750.0;71;35;19
756.0;67;35;23
762.0;71;36;18
768.0;70;36;19
774.0;66;39;20
780.0;67;39;19
786.0;63;36;26
792.0;64;40;21
798.0;65;37;23
804.0;67;34;24
810.0;64;36;25
816.0;61;37;27
822.0;67;39;19
828.0;68;38;19
834.0;70;38;17
840.0;74;34;17
846.0;75;30;20
852.0;75;34;16
858.0;68;41;16
864.0;68;40;17
870.0;65;40;20
876.0;65;40;20
882.0;67;39;19
888.0;66;41;18
894.0;68;41;16
900.0;72;35;18
906.0;69;40;16
912.0;69;40;16
918.0;69;42;14
924.0;74;39;12
930.0;74;37;14
936.0;71;37;17
942.0;71;40;14
948.0;70;42;13
954.0;70;41;14
960.0;74;36;15
966.0;71;37;17
972.0;74;30;21
978.0;71;33;21
984.0;69;30;26
990.0;69;31;25
996.0;75;24;26
1002.0;71;31;23
1008.0;71;30;24
1014.0;72;32;21
1020.0;73;33;19
1026.0;73;33;19
1032.0;75;32;18
1038.0;72;36;17
1044.0;69;43;13
1050.0;62;42;21
1056.0;61;40;24
1062.0;61;40;24
1068.0;57;40;28
1074.0;59;36;30
1080.0;61;37;27
1086.0;67;40;18
1092.0;69;37;19
1098.0;70;32;23
1104.0;70;37;18
1110.0;71;33;21
1116.0;71;36;18
1122.0;70;33;22
1128.0;67;39;19
1134.0;71;36;18
1140.0;71;38;16
1146.0;74;37;14
1152.0;71;38;16
1158.0;72;37;16
1164.0;75;35;15
1170.0;70;38;17
1176.0;71;38;16
1182.0;69;37;19
1188.0;72;31;22
1194.0;73;32;20
1200.0;69;39;17
1206.0;68;41;16
1212.0;68;35;22
1218.0;69;29;27
1224.0;66;33;26
1230.0;67;35;23
1236.0;67;36;22
1242.0;72;34;19
1248.0;70;36;19
1254.0;72;32;21
1260.0;69;32;24
1266.0;71;32;22
1272.0;73;34;18
1278.0;73;37;15
1284.0;72;38;15
1290.0;74;35;16
1296.0;70;38;17
1302.0;75;32;18
1308.0;73;33;19
1314.0;74;30;21
1320.0;72;30;23
1326.0;72;32;21
1332.0;73;33;19
1338.0;77;35;13
1344.0;76;34;15
1350.0;82;34;9
1356.0;81;34;10
1362.0;82;32;11
1368.0;77;35;13
1374.0;73;37;15
1380.0;68;39;18
1386.0;73;41;11
1392.0;71;39;15
1398.0;68;43;14
1404.0;65;41;19
1410.0;66;36;23
1416.0;67;35;23
1422.0;65;39;21
1428.0;71;33;21
1434.0;68;37;20
1440.0;69;41;15
1446.0;68;37;20
1452.0;63;37;25
1458.0;62;38;25
1464.0;64;40;21
1470.0;67;42;16
1476.0;64;47;14
1482.0;69;42;14
1488.0;71;41;13
1494.0;72;36;17
