#auto generated file!
6.0;0.0;0.0
12.0;0.0;0.0
18.0;1.25;0.0
24.0;1.25;0.25
30.0;2.5;0.0
36.0;3.3333333333333335;0.0
42.0;3.3333333333333335;0.0
48.0;6.041666666666667;0.0
54.0;4.583333333333333;0.0
60.0;6.25;0.0
66.0;12.916666666666666;0.5
72.0;10.0;0.0
78.0;4.166666666666667;0.0
84.0;2.5;0.0
90.0;6.666666666666667;0.0
96.0;5.833333333333333;0.5
102.0;3.3333333333333335;0.0
108.0;6.666666666666667;0.0
114.0;4.166666666666667;0.0
120.0;5.833333333333333;0.0
126.0;3.3333333333333335;0.5
132.0;5.0;0.0
138.0;1.875;0.0
144.0;5.416666666666667;0.5
150.0;5.0;0.25
156.0;5.0;0.5
162.0;5.0;0.5
168.0;7.5;0.0
174.0;3.3333333333333335;0.0
180.0;5.833333333333333;0.0
186.0;11.666666666666666;0.0
192.0;5.833333333333333;1.0
198.0;5.0;0.0
204.0;4.791666666666667;0.0
210.0;5.0;0.0
216.0;10.416666666666666;0.0
222.0;10.0;0.0
228.0;7.5;0.0
234.0;8.333333333333334;0.0
240.0;6.666666666666667;0.0
246.0;1.6666666666666667;0.0
252.0;4.166666666666667;0.0
258.0;4.583333333333333;0.0
264.0;7.916666666666667;0.5
270.0;5.416666666666667;0.5
276.0;8.75;0.5
282.0;8.333333333333334;0.0
288.0;7.083333333333333;0.0
294.0;10.0;0.0
300.0;5.833333333333333;0.5
306.0;9.583333333333334;0.0
312.0;5.416666666666667;0.0
318.0;5.833333333333333;0.0
324.0;6.875;0.0
330.0;4.166666666666667;0.0
336.0;4.583333333333333;0.5
342.0;0.8333333333333334;0.5
348.0;2.5;0.125
354.0;4.166666666666667;0.5
360.0;7.5;0.0
366.0;7.5;1.0
372.0;10.833333333333334;0.0
378.0;5.0;0.0
384.0;7.083333333333333;0.0
390.0;7.083333333333333;0.0
396.0;2.5;0.5
402.0;4.166666666666667;0.0
408.0;5.208333333333333;0.0
414.0;7.5;0.0
420.0;2.5;0.0
426.0;11.666666666666666;0.0
432.0;7.5;0.5
438.0;5.833333333333333;0.5
444.0;6.25;0.0
450.0;4.583333333333333;0.0
456.0;9.166666666666666;0.0
462.0;7.5;0.5
468.0;7.5;0.5
474.0;4.166666666666667;0.0
480.0;1.6666666666666667;0.0
486.0;9.166666666666666;0.0
492.0;5.833333333333333;0.0
498.0;6.666666666666667;0.0
504.0;3.3333333333333335;0.5
510.0;8.333333333333334;0.0
516.0;7.5;0.0
522.0;10.833333333333334;0.0
528.0;7.5;0.0
534.0;2.5;0.0
540.0;5.416666666666667;0.0
546.0;3.3333333333333335;0.0
552.0;5.833333333333333;0.0
558.0;6.25;0.0
564.0;4.166666666666667;0.0
570.0;7.083333333333333;0.0
576.0;7.916666666666667;0.5
582.0;5.0;0.0
588.0;7.5;0.5
594.0;3.3333333333333335;0.5
600.0;5.0;0.0
606.0;4.166666666666667;0.0
612.0;5.0;0.5
618.0;3.3333333333333335;0.25
624.0;5.416666666666667;0.0
630.0;1.6666666666666667;0.25
636.0;5.833333333333333;0.0
642.0;4.166666666666667;0.0
648.0;3.3333333333333335;0.0
654.0;8.75;0.0
660.0;5.833333333333333;1.0
666.0;5.0;0.0
672.0;9.583333333333334;0.0
678.0;5.0;0.0
684.0;5.833333333333333;0.0
690.0;5.833333333333333;0.0
696.0;4.166666666666667;0.0
702.0;11.666666666666666;0.0
708.0;4.166666666666667;0.0
714.0;6.666666666666667;0.5
720.0;6.666666666666667;0.5
726.0;8.333333333333334;0.0
732.0;5.416666666666667;0.5
738.0;4.166666666666667;0.0
744.0;3.3333333333333335;0.0
750.0;7.083333333333333;0.0
756.0;4.166666666666667;0.0
762.0;5.833333333333333;0.5
768.0;4.166666666666667;0.0
774.0;5.416666666666667;0.0
780.0;5.833333333333333;0.0
786.0;5.0;0.0
792.0;1.6666666666666667;0.0
798.0;10.833333333333334;0.0
804.0;5.0;0.25
810.0;5.0;0.5
816.0;5.833333333333333;0.0
822.0;4.583333333333333;0.5
828.0;5.833333333333333;0.0
834.0;8.333333333333334;0.0
840.0;5.0;0.0
846.0;5.0;0.0
852.0;4.166666666666667;0.5
858.0;5.416666666666667;0.0
864.0;2.9166666666666665;0.5
870.0;5.833333333333333;0.75
876.0;6.666666666666667;0.5
882.0;5.416666666666667;0.5
888.0;5.0;0.0
894.0;0.8333333333333334;0.0
900.0;9.583333333333334;0.5
906.0;2.5;0.5
912.0;7.5;0.0
918.0;3.75;0.0
924.0;7.083333333333333;0.0
930.0;3.75;0.75
936.0;3.3333333333333335;0.0
942.0;3.3333333333333335;0.0
948.0;6.666666666666667;0.0
954.0;5.833333333333333;0.5
960.0;10.833333333333334;0.0
966.0;5.833333333333333;0.0
972.0;5.833333333333333;0.0
978.0;6.25;0.0
984.0;5.833333333333333;0.75
990.0;4.166666666666667;0.25
996.0;7.083333333333333;0.0
1002.0;5.833333333333333;0.0
1008.0;10.0;0.5
1014.0;3.5416666666666665;0.5
1020.0;1.6666666666666667;0.0
1026.0;2.5;0.0
1032.0;3.3333333333333335;0.0
1038.0;4.166666666666667;0.0
1044.0;6.666666666666667;0.0
1050.0;4.166666666666667;0.0
1056.0;2.5;0.0
1062.0;3.3333333333333335;0.0
1068.0;5.0;0.0
1074.0;3.3333333333333335;0.0
1080.0;5.833333333333333;0.0
1086.0;1.6666666666666667;0.0
1092.0;7.5;0.0
1098.0;6.25;0.0
1104.0;8.75;0.0
1110.0;10.0;0.0
1116.0;7.083333333333333;0.5
1122.0;3.3333333333333335;0.0
1128.0;8.958333333333334;0.0
1134.0;6.25;0.0
1140.0;7.916666666666667;0.0
1146.0;5.833333333333333;0.0
1152.0;4.791666666666667;0.0
1158.0;1.25;0.125
1164.0;2.5;0.0
1170.0;6.25;0.0
1176.0;3.3333333333333335;0.0
1182.0;5.833333333333333;0.5
1188.0;8.333333333333334;0.0
1194.0;11.666666666666666;0.0
1200.0;10.833333333333334;0.0
1206.0;9.166666666666666;0.0
1212.0;5.833333333333333;0.0
1218.0;6.666666666666667;0.0
1224.0;3.75;0.0
1230.0;10.833333333333334;0.0
1236.0;0.8333333333333334;0.0
1242.0;4.583333333333333;0.0
1248.0;10.208333333333334;0.0
1254.0;5.0;0.125
1260.0;11.666666666666666;0.0
1266.0;11.666666666666666;0.5
1272.0;5.0;0.0
1278.0;5.833333333333333;0.0
1284.0;6.458333333333333;0.5
1290.0;7.5;0.75
1296.0;1.6666666666666667;0.0
1302.0;7.5;0.5
1308.0;6.666666666666667;0.0
1314.0;11.666666666666666;0.0
1320.0;5.833333333333333;0.0
1326.0;6.666666666666667;0.5
1332.0;3.3333333333333335;0.5
1338.0;6.25;0.0
1344.0;7.083333333333333;0.0
1350.0;5.833333333333333;0.0
1356.0;7.916666666666667;0.0
1362.0;5.0;0.5
1368.0;7.083333333333333;0.5
1374.0;1.6666666666666667;0.5
1380.0;3.3333333333333335;0.0
1386.0;9.166666666666666;0.0
1392.0;8.333333333333334;0.5
1398.0;6.666666666666667;0.0
1404.0;7.083333333333333;0.0
1410.0;6.25;0.0
1416.0;8.333333333333334;0.5
1422.0;4.166666666666667;0.0
1428.0;5.833333333333333;0.0
1434.0;4.166666666666667;0.0
1440.0;6.666666666666667;0.5
1446.0;3.3333333333333335;0.0
1452.0;4.166666666666667;0.0
1458.0;2.2916666666666665;0.25
1464.0;9.166666666666666;0.0
1470.0;8.541666666666666;0.0
1476.0;9.166666666666666;0.5
1482.0;5.833333333333333;0.0
1488.0;5.833333333333333;0.0
1494.0;9.166666666666666;0.5
