#auto generated file!
6.0;0.0;0.0
12.0;1.25;0.0
18.0;2.9166666666666665;0.0
24.0;2.9166666666666665;0.0
30.0;2.5;0.0
36.0;5.0;0.0
42.0;5.0;0.5
48.0;12.5;0.0
54.0;12.083333333333334;0.5
60.0;12.5;0.0
66.0;10.0;0.0
72.0;9.166666666666666;0.0
78.0;13.75;1.5
84.0;8.333333333333334;0.25
90.0;9.166666666666666;0.0
96.0;9.583333333333334;0.0
102.0;5.833333333333333;0.5
108.0;10.416666666666666;0.5
114.0;6.666666666666667;0.0
120.0;7.5;0.5
126.0;8.333333333333334;0.5
132.0;9.583333333333334;0.0
138.0;8.75;0.0
144.0;12.916666666666666;0.0
150.0;12.916666666666666;0.0
156.0;9.166666666666666;0.0
162.0;10.0;0.5
168.0;6.666666666666667;0.75
174.0;10.0;0.0
180.0;7.5;0.5
186.0;4.583333333333333;1.0
192.0;7.5;0.5
198.0;13.333333333333334;0.5
204.0;12.916666666666666;0.5
210.0;8.75;0.0
216.0;6.666666666666667;0.25
222.0;12.5;0.0
228.0;10.833333333333334;0.0
234.0;10.0;0.0
240.0;4.166666666666667;0.0
246.0;10.0;0.0
252.0;6.25;0.0
258.0;9.375;0.0
264.0;5.833333333333333;0.0
270.0;7.916666666666667;0.0
276.0;12.5;0.5
282.0;7.5;0.0
288.0;16.25;0.5
294.0;10.416666666666666;0.0
300.0;19.583333333333332;0.5
306.0;8.333333333333334;0.5
312.0;10.416666666666666;0.0
318.0;12.916666666666666;0.0
324.0;12.5;1.25
330.0;12.083333333333334;0.0
336.0;15.833333333333334;0.0
342.0;5.833333333333333;0.0
348.0;14.375;0.5
354.0;5.833333333333333;0.5
360.0;15.833333333333334;0.0
366.0;18.333333333333332;0.0
372.0;10.0;0.5
378.0;8.333333333333334;0.0
384.0;9.166666666666666;0.25
390.0;12.083333333333334;0.0
396.0;9.166666666666666;0.0
402.0;10.416666666666666;0.0
408.0;4.166666666666667;0.0
414.0;5.0;0.5
420.0;8.333333333333334;0.5
426.0;7.5;1.25
432.0;14.583333333333334;0.75
438.0;10.208333333333334;0.75
444.0;8.75;0.0
450.0;10.416666666666666;0.0
456.0;15.416666666666666;0.0
462.0;4.166666666666667;0.0
468.0;5.0;1.0
474.0;6.666666666666667;0.0
480.0;15.0;0.5
486.0;10.0;0.0
492.0;7.083333333333333;0.0
498.0;11.666666666666666;0.0
504.0;12.083333333333334;0.5
510.0;14.166666666666666;0.0
516.0;12.083333333333334;0.0
522.0;10.0;0.0
528.0;8.333333333333334;0.0
534.0;11.041666666666666;0.0
540.0;9.166666666666666;0.0
546.0;8.75;0.0
552.0;5.0;0.5
558.0;15.208333333333334;0.0
564.0;13.75;0.0
570.0;6.666666666666667;0.5
576.0;9.166666666666666;0.0
582.0;5.833333333333333;1.0
588.0;10.0;1.0
594.0;11.666666666666666;0.0
600.0;11.666666666666666;0.5
606.0;3.3333333333333335;0.0
612.0;3.3333333333333335;0.0
618.0;9.791666666666666;0.5
624.0;12.083333333333334;0.0
630.0;10.833333333333334;0.0
636.0;10.0;0.0
642.0;8.333333333333334;0.5
648.0;7.5;0.0
654.0;11.666666666666666;0.0
660.0;11.666666666666666;0.0
666.0;20.833333333333332;0.0
672.0;9.166666666666666;0.0
678.0;13.75;1.0
684.0;15.416666666666666;0.5
690.0;12.083333333333334;0.0
696.0;12.5;0.0
702.0;7.916666666666667;0.0
708.0;13.333333333333334;0.0
714.0;8.333333333333334;0.0
720.0;10.0;0.0
726.0;8.333333333333334;0.5
732.0;7.916666666666667;0.0
738.0;7.083333333333333;0.0
744.0;14.583333333333334;0.0
750.0;11.666666666666666;0.0
756.0;7.916666666666667;0.0
762.0;7.5;0.0
768.0;7.5;0.0
774.0;8.333333333333334;0.0
780.0;5.833333333333333;0.0
786.0;10.833333333333334;0.0
792.0;10.833333333333334;0.0
798.0;5.833333333333333;0.0
804.0;9.583333333333334;0.25
810.0;5.833333333333333;0.5
816.0;9.583333333333334;0.5
822.0;10.0;0.0
828.0;9.166666666666666;0.0
834.0;6.666666666666667;0.0
840.0;6.25;0.0
846.0;7.5;0.5
852.0;6.25;0.0
858.0;7.083333333333333;0.0
864.0;8.958333333333334;0.0
870.0;10.0;0.0
876.0;6.25;0.0
882.0;6.666666666666667;0.0
888.0;10.833333333333334;0.0
894.0;8.333333333333334;0.5
900.0;14.166666666666666;0.0
906.0;9.166666666666666;0.0
912.0;6.666666666666667;0.5
918.0;15.833333333333334;0.5
924.0;5.833333333333333;0.0
930.0;9.791666666666666;0.25
936.0;5.833333333333333;0.0
942.0;7.5;0.0
948.0;12.916666666666666;0.0
954.0;11.666666666666666;0.5
960.0;7.5;0.5
966.0;9.166666666666666;0.5
972.0;12.5;0.0
978.0;11.666666666666666;0.5
984.0;6.875;0.0
990.0;10.0;0.0
996.0;10.0;0.0
1002.0;6.666666666666667;0.0
1008.0;14.375;0.0
1014.0;14.375;0.0
1020.0;11.666666666666666;0.5
1026.0;12.5;0.0
1032.0;11.25;0.0
1038.0;13.125;0.5
1044.0;10.416666666666666;0.5
1050.0;16.25;0.5
1056.0;10.416666666666666;0.5
1062.0;5.0;0.5
1068.0;12.5;0.0
1074.0;5.833333333333333;0.0
1080.0;5.0;0.5
1086.0;5.833333333333333;0.0
1092.0;4.166666666666667;0.0
1098.0;9.583333333333334;0.0
1104.0;8.333333333333334;0.0
1110.0;11.666666666666666;0.0
1116.0;14.166666666666666;0.0
1122.0;24.166666666666668;0.5
1128.0;15.833333333333334;0.5
1134.0;5.833333333333333;0.125
1140.0;10.833333333333334;0.5
1146.0;9.166666666666666;0.0
1152.0;9.583333333333334;0.0
1158.0;6.25;0.5
1164.0;11.041666666666666;0.75
1170.0;8.75;0.25
1176.0;7.916666666666667;0.0
1182.0;16.666666666666668;0.5
1188.0;5.0;1.0
1194.0;9.375;0.0
1200.0;11.666666666666666;0.0
1206.0;11.666666666666666;0.5
1212.0;11.666666666666666;0.0
1218.0;11.666666666666666;0.0
1224.0;7.916666666666667;1.75
1230.0;9.166666666666666;0.0
1236.0;7.083333333333333;0.0
1242.0;7.5;0.0
1248.0;6.875;0.0
1254.0;9.166666666666666;0.0
1260.0;8.333333333333334;0.0
1266.0;5.833333333333333;0.5
1272.0;12.5;0.0
1278.0;16.666666666666668;0.25
1284.0;10.416666666666666;0.0
1290.0;7.083333333333333;0.5
1296.0;8.333333333333334;0.0
1302.0;5.416666666666667;0.0
1308.0;8.541666666666666;0.5
1314.0;10.833333333333334;0.0
1320.0;6.666666666666667;0.0
1326.0;5.0;0.0
1332.0;10.0;1.0
1338.0;8.75;0.5
1344.0;9.583333333333334;0.0
1350.0;7.5;1.25
1356.0;15.0;0.0
1362.0;11.666666666666666;0.0
1368.0;4.166666666666667;0.0
1374.0;5.833333333333333;0.0
1380.0;8.333333333333334;0.5
1386.0;5.416666666666667;0.0
1392.0;7.5;0.0
1398.0;9.583333333333334;0.5
1404.0;15.625;0.25
1410.0;7.5;0.0
1416.0;16.25;0.5
1422.0;11.666666666666666;0.5
1428.0;11.666666666666666;0.0
1434.0;9.166666666666666;0.5
1440.0;5.416666666666667;0.0
1446.0;8.333333333333334;0.0
1452.0;9.583333333333334;0.0
1458.0;9.166666666666666;0.25
1464.0;9.791666666666666;0.0
1470.0;7.083333333333333;0.0
1476.0;10.0;0.25
1482.0;10.0;0.5
1488.0;12.083333333333334;0.0
1494.0;12.5;0.0
