#auto generated file!
6.0;0.0;0.0
12.0;0.0;0.0
18.0;2.9166666666666665;0.0
24.0;3.75;0.0
30.0;7.5;0.0
36.0;5.833333333333333;0.0
42.0;7.5;0.0
48.0;12.5;0.0
54.0;7.5;0.5
60.0;18.333333333333332;0.0
66.0;17.5;0.5
72.0;12.5;0.5
78.0;19.583333333333332;0.0
84.0;10.0;0.0
90.0;14.583333333333334;0.0
96.0;13.333333333333334;0.0
102.0;12.916666666666666;0.0
108.0;11.458333333333334;0.125
114.0;12.5;0.0
120.0;12.5;0.0
126.0;20.0;0.0
132.0;9.166666666666666;0.5
138.0;13.958333333333334;0.5
144.0;13.958333333333334;0.0
150.0;10.416666666666666;0.0
156.0;9.166666666666666;0.5
162.0;15.0;0.0
168.0;9.375;0.5
174.0;18.75;0.0
180.0;13.333333333333334;0.5
186.0;14.583333333333334;0.0
192.0;13.75;0.0
198.0;15.0;0.0
204.0;17.5;0.0
210.0;13.75;0.0
216.0;13.75;0.0
222.0;15.0;0.0
228.0;11.25;0.0
234.0;12.083333333333334;0.0
240.0;10.833333333333334;0.0
246.0;10.416666666666666;0.0
252.0;8.75;0.0
258.0;15.416666666666666;0.0
264.0;17.708333333333332;0.0
270.0;11.25;0.0
276.0;13.75;0.0
282.0;16.25;0.0
288.0;13.333333333333334;0.0
294.0;8.75;0.0
300.0;7.5;0.0
306.0;5.833333333333333;0.0
312.0;12.916666666666666;0.5
318.0;10.416666666666666;0.0
324.0;9.166666666666666;0.0
330.0;10.833333333333334;0.25
336.0;12.083333333333334;0.5
342.0;13.75;0.0
348.0;12.291666666666666;0.0
354.0;20.208333333333332;0.5
360.0;17.5;0.5
366.0;17.5;0.0
372.0;17.5;0.5
378.0;12.083333333333334;0.0
384.0;20.0;0.0
390.0;11.25;0.0
396.0;8.75;0.0
402.0;10.0;0.0
408.0;6.666666666666667;0.0
414.0;15.208333333333334;0.0
420.0;8.333333333333334;0.5
426.0;8.333333333333334;0.0
432.0;16.458333333333332;0.0
438.0;11.666666666666666;0.0
444.0;16.666666666666668;0.5
450.0;16.666666666666668;0.0
456.0;12.5;0.0
462.0;10.0;0.0
468.0;20.0;0.125
474.0;12.5;0.0
480.0;13.333333333333334;0.0
486.0;6.666666666666667;0.0
492.0;10.416666666666666;0.0
498.0;10.833333333333334;0.0
504.0;15.833333333333334;0.25
510.0;10.0;0.0
516.0;16.666666666666668;0.0
522.0;19.583333333333332;0.0
528.0;13.333333333333334;0.5
534.0;12.916666666666666;0.0
540.0;12.083333333333334;0.0
546.0;15.833333333333334;0.0
552.0;15.416666666666666;0.0
558.0;15.416666666666666;0.5
564.0;15.0;0.0
570.0;15.833333333333334;0.0
576.0;16.25;0.0
582.0;17.916666666666668;0.0
588.0;14.166666666666666;0.125
594.0;17.5;0.0
600.0;10.833333333333334;0.0
606.0;7.5;0.0
612.0;14.583333333333334;0.0
618.0;11.25;0.0
624.0;10.416666666666666;0.0
630.0;13.333333333333334;0.0
636.0;14.166666666666666;0.0
642.0;15.0;0.0
648.0;9.166666666666666;0.5
654.0;10.0;0.0
660.0;15.416666666666666;0.0
666.0;11.666666666666666;0.0
672.0;12.291666666666666;0.5
678.0;14.791666666666666;0.5
684.0;12.5;0.0
690.0;11.666666666666666;0.0
696.0;10.416666666666666;0.0
702.0;10.208333333333334;0.0
708.0;10.833333333333334;0.5
714.0;15.0;0.5
720.0;12.5;0.5
726.0;10.833333333333334;0.0
732.0;9.791666666666666;0.0
738.0;23.75;0.0
744.0;12.916666666666666;0.0
750.0;14.166666666666666;0.5
756.0;17.5;0.0
762.0;5.833333333333333;0.0
768.0;14.375;0.0
774.0;8.333333333333334;0.0
780.0;10.416666666666666;0.0
786.0;19.166666666666668;0.0
792.0;16.25;0.0
798.0;13.541666666666666;0.0
804.0;17.291666666666668;0.5
810.0;17.5;0.0
816.0;16.25;0.0
822.0;20.833333333333332;0.0
828.0;8.541666666666666;0.0
834.0;10.833333333333334;0.0
840.0;7.5;0.0
846.0;10.833333333333334;0.0
852.0;11.666666666666666;0.0
858.0;8.958333333333334;0.0
864.0;12.916666666666666;0.0
870.0;12.5;0.0
876.0;12.083333333333334;0.0
882.0;11.666666666666666;0.0
888.0;10.833333333333334;0.125
894.0;13.541666666666666;0.0
900.0;12.5;0.0
906.0;6.666666666666667;0.0
912.0;11.25;0.0
918.0;13.75;0.0
924.0;15.416666666666666;0.0
930.0;9.583333333333334;0.0
936.0;10.833333333333334;0.0
942.0;12.5;0.0
948.0;14.583333333333334;0.5
954.0;16.666666666666668;0.0
960.0;15.0;0.0
966.0;20.833333333333332;0.0
972.0;16.041666666666668;0.0
978.0;16.041666666666668;0.0
984.0;12.916666666666666;0.25
990.0;10.833333333333334;0.5
996.0;8.333333333333334;0.0
1002.0;17.916666666666668;0.0
1008.0;14.583333333333334;0.0
1014.0;10.208333333333334;0.5
1020.0;19.166666666666668;0.0
1026.0;15.833333333333334;0.75
1032.0;16.666666666666668;0.0
1038.0;16.666666666666668;0.0
1044.0;19.583333333333332;0.0
1050.0;15.416666666666666;0.0
1056.0;13.75;0.5
1062.0;17.916666666666668;0.0
1068.0;12.916666666666666;0.0
1074.0;10.833333333333334;0.5
1080.0;7.5;0.5
1086.0;11.666666666666666;0.5
1092.0;7.916666666666667;0.0
1098.0;10.416666666666666;0.25
1104.0;17.291666666666668;0.0
1110.0;10.416666666666666;0.125
1116.0;15.416666666666666;0.5
1122.0;14.166666666666666;0.0
1128.0;9.166666666666666;0.0
1134.0;15.0;0.0
1140.0;12.916666666666666;0.0
1146.0;7.916666666666667;0.0
1152.0;12.916666666666666;0.0
1158.0;15.625;0.0
1164.0;15.833333333333334;0.0
1170.0;8.75;0.5
1176.0;17.916666666666668;0.0
1182.0;10.833333333333334;0.5
1188.0;8.333333333333334;0.0
1194.0;16.666666666666668;0.5
1200.0;15.833333333333334;0.0
1206.0;15.833333333333334;0.0
1212.0;16.25;0.0
1218.0;10.833333333333334;0.0
1224.0;10.0;0.0
1230.0;8.333333333333334;0.0
1236.0;11.25;0.0
1242.0;14.166666666666666;0.0
1248.0;13.333333333333334;0.0
1254.0;9.166666666666666;0.5
1260.0;10.0;0.5
1266.0;22.083333333333332;1.0
1272.0;12.5;0.5
1278.0;12.916666666666666;0.0
1284.0;11.25;0.0
1290.0;10.416666666666666;0.0
1296.0;11.25;0.0
1302.0;8.333333333333334;0.0
1308.0;18.541666666666668;0.5
1314.0;13.541666666666666;0.0
1320.0;20.833333333333332;0.0
1326.0;13.333333333333334;0.0
1332.0;9.166666666666666;0.0
1338.0;16.25;0.5
1344.0;21.666666666666668;0.0
1350.0;18.75;0.125
1356.0;15.416666666666666;0.0
1362.0;9.166666666666666;0.0
1368.0;11.666666666666666;0.0
1374.0;10.625;0.0
1380.0;10.833333333333334;0.0
1386.0;10.0;0.0
1392.0;12.916666666666666;0.5
1398.0;17.083333333333332;0.0
1404.0;15.0;0.5
1410.0;6.666666666666667;0.5
1416.0;13.333333333333334;0.0
1422.0;15.833333333333334;0.0
1428.0;16.666666666666668;0.0
1434.0;11.666666666666666;0.0
1440.0;7.5;0.0
1446.0;7.5;0.5
1452.0;11.666666666666666;0.0
1458.0;13.333333333333334;0.5
1464.0;14.583333333333334;0.0
1470.0;15.416666666666666;0.0
1476.0;14.166666666666666;0.0
1482.0;8.333333333333334;0.0
1488.0;13.75;0.0
1494.0;14.166666666666666;0.5
