#auto generated file!
180.0;42;22;11
186.0;44;22;9
192.0;43;23;9
198.0;38;26;11
204.0;41;23;11
210.0;42;22;11
216.0;42;22;11
222.0;42;23;10
228.0;44;22;9
234.0;44;20;11
240.0;45;20;10
246.0;47;19;9
252.0;49;20;6
258.0;49;19;7
264.0;46;19;10
270.0;45;21;9
276.0;52;17;6
282.0;52;18;5
288.0;51;17;7
294.0;49;17;9
300.0;48;15;12
306.0;46;19;10
312.0;51;17;7
318.0;53;13;9
324.0;54;14;7
330.0;54;14;7
336.0;49;15;11
342.0;50;14;11
348.0;52;13;10
354.0;49;16;10
360.0;49;18;8
366.0;50;15;10
372.0;48;17;10
378.0;48;19;8
384.0;47;20;8
390.0;43;18;14
396.0;43;20;12
402.0;43;23;9
408.0;47;20;8
414.0;46;23;6
420.0;41;28;6
426.0;38;23;14
432.0;37;22;16
438.0;37;26;12
444.0;40;25;10
450.0;40;24;11
456.0;42;23;10
462.0;36;24;15
468.0;41;23;11
474.0;44;23;8
480.0;41;24;10
486.0;45;19;11
492.0;45;17;13
498.0;47;16;12
504.0;46;18;11
510.0;46;17;12
516.0;47;14;14
522.0;43;14;18
528.0;47;14;14
534.0;48;16;11
540.0;47;21;7
546.0;50;19;6
552.0;46;21;8
558.0;45;20;10
564.0;42;22;11
570.0;44;21;10
576.0;46;19;10
582.0;44;21;10
588.0;44;20;11
594.0;45;19;11
600.0;42;20;13
606.0;46;18;11
612.0;46;18;11
618.0;49;17;9
624.0;46;19;10
630.0;45;19;11
636.0;44;17;14
642.0;41;19;15
648.0;39;16;20
654.0;38;18;19
660.0;33;21;21
666.0;34;24;17
672.0;36;24;15
678.0;37;25;13
684.0;37;23;15
690.0;38;23;14
696.0;37;27;11
702.0;40;24;11
708.0;38;24;13
714.0;36;26;13
720.0;37;27;11
726.0;39;22;14
732.0;39;21;15
738.0;43;22;10
744.0;41;23;11
750.0;42;23;10
756.0;36;27;12
762.0;37;26;12
768.0;38;24;13
774.0;34;26;15
780.0;33;29;13
786.0;38;29;8
792.0;38;29;8
798.0;38;31;6
804.0;39;26;10
810.0;39;25;11
816.0;38;26;11
822.0;36;31;8
828.0;39;28;8
834.0;41;24;10
840.0;40;26;9
846.0;44;23;8
852.0;44;23;8
858.0;42;23;10
864.0;43;22;10
870.0;38;26;11
876.0;42;21;12
882.0;41;22;12
888.0;41;27;7
894.0;39;28;8
900.0;37;29;9
906.0;38;29;8
912.0;37;27;11
918.0;35;30;10
924.0;38;28;9
930.0;42;24;9
936.0;41;26;8
942.0;34;30;11
948.0;36;29;10
954.0;36;26;13
960.0;38;28;9
966.0;40;24;11
972.0;43;22;10
978.0;44;19;12
984.0;40;23;12
990.0;42;19;14
996.0;42;18;15
1002.0;44;17;14
1008.0;47;15;13
1014.0;49;12;14
1020.0;46;13;16
1026.0;46;15;14
1032.0;37;20;18
1038.0;35;22;18
1044.0;36;25;14
1050.0;35;25;15
1056.0;37;23;15
1062.0;38;25;12
1068.0;38;25;12
1074.0;40;24;11
1080.0;43;22;10
1086.0;44;24;7
1092.0;45;21;9
1098.0;45;21;9
1104.0;44;23;8
1110.0;43;25;7
1116.0;39;29;7
1122.0;37;31;7
1128.0;39;31;5
1134.0;40;29;6
1140.0;42;20;13
1146.0;42;23;10
1152.0;40;24;11
1158.0;40;20;15
1164.0;40;20;15
1170.0;45;23;7
1176.0;46;22;7
1182.0;49;20;6
1188.0;50;17;8
1194.0;49;15;11
1200.0;51;14;10
1206.0;49;15;11
1212.0;50;15;10
1218.0;43;16;16
1224.0;42;20;13
1230.0;42;19;14
1236.0;46;17;12
1242.0;45;18;12
1248.0;42;21;12
1254.0;41;23;11
1260.0;41;22;12
1266.0;43;21;11
1272.0;39;21;15
1278.0;36;24;15
1284.0;37;24;14
1290.0;40;23;12
1296.0;41;25;9
1302.0;40;27;8
1308.0;42;24;9
1314.0;43;24;8
1320.0;40;26;9
1326.0;42;22;11
1332.0;44;22;9
1338.0;42;23;10
1344.0;36;25;14
1350.0;40;23;12
1356.0;42;23;10
1362.0;43;23;9
1368.0;44;20;11
1374.0;43;22;10
1380.0;44;22;9
1386.0;43;23;9
1392.0;44;23;8
1398.0;41;23;11
1404.0;43;21;11
1410.0;42;18;15
1416.0;43;17;15
1422.0;45;17;13
1428.0;42;17;16
1434.0;42;18;15
1440.0;40;17;18
1446.0;39;21;15
1452.0;39;21;15
1458.0;42;23;10
1464.0;42;20;13
1470.0;43;21;11
1476.0;43;22;10
1482.0;40;27;8
1488.0;44;22;9
1494.0;47;23;5
