#auto generated file!
180.0;17;5;3
186.0;16;7;2
192.0;15;5;5
198.0;11;9;5
204.0;12;9;4
210.0;11;10;4
216.0;12;8;5
222.0;14;9;2
228.0;14;10;1
234.0;14;8;3
240.0;14;6;5
246.0;13;7;5
252.0;12;6;7
258.0;14;6;5
264.0;13;7;5
270.0;17;5;3
276.0;18;5;2
282.0;18;6;1
288.0;18;5;2
294.0;17;6;2
300.0;18;4;3
306.0;18;4;3
312.0;15;7;3
318.0;12;9;4
324.0;13;7;5
330.0;12;8;5
336.0;13;8;4
342.0;13;7;5
348.0;14;9;2
354.0;16;7;2
360.0;15;8;2
366.0;17;7;1
372.0;18;6;1
378.0;18;6;1
384.0;18;6;1
390.0;19;5;1
396.0;19;5;1
402.0;19;5;1
408.0;19;4;2
414.0;19;4;2
420.0;20;5;0
426.0;21;3;1
432.0;18;5;2
438.0;18;5;2
444.0;15;7;3
450.0;17;6;2
456.0;16;7;2
462.0;16;6;3
468.0;15;6;4
474.0;13;6;6
480.0;14;6;5
486.0;16;4;5
492.0;15;4;6
498.0;16;3;6
504.0;16;4;5
510.0;16;3;6
516.0;14;6;5
522.0;14;6;5
528.0;13;7;5
534.0;15;8;2
540.0;15;6;4
546.0;16;5;4
552.0;17;5;3
558.0;16;6;3
564.0;16;6;3
570.0;15;7;3
576.0;16;7;2
582.0;16;6;3
588.0;14;9;2
594.0;14;10;1
600.0;13;9;3
606.0;14;9;2
612.0;15;8;2
618.0;16;7;2
624.0;16;7;2
630.0;13;11;1
636.0;11;12;2
642.0;10;13;2
648.0;13;12;0
654.0;13;10;2
660.0;15;8;2
666.0;16;7;2
672.0;16;7;2
678.0;14;8;3
684.0;14;7;4
690.0;13;8;4
696.0;15;6;4
702.0;14;5;6
708.0;14;6;5
714.0;14;6;5
720.0;15;4;6
726.0;16;4;5
732.0;15;4;6
738.0;15;5;5
744.0;14;6;5
750.0;15;6;4
756.0;12;8;5
762.0;14;7;4
768.0;14;7;4
774.0;14;6;5
780.0;12;5;8
786.0;14;5;6
792.0;15;6;4
798.0;14;7;4
804.0;13;8;4
810.0;12;7;6
816.0;13;6;6
822.0;14;6;5
828.0;11;9;5
834.0;13;9;3
840.0;12;11;2
846.0;14;8;3
852.0;16;6;3
858.0;14;7;4
864.0;13;8;4
870.0;16;7;2
876.0;16;8;1
882.0;14;8;3
888.0;12;10;3
894.0;12;10;3
900.0;11;9;5
906.0;13;8;4
912.0;14;9;2
918.0;14;9;2
924.0;14;8;3
930.0;14;6;5
936.0;16;6;3
942.0;16;6;3
948.0;16;6;3
954.0;15;7;3
960.0;14;9;2
966.0;15;9;1
972.0;15;9;1
978.0;16;8;1
984.0;15;7;3
990.0;15;6;4
996.0;15;7;3
1002.0;15;7;3
1008.0;15;7;3
1014.0;16;6;3
1020.0;17;7;1
1026.0;19;5;1
1032.0;17;5;3
1038.0;17;4;4
1044.0;18;3;4
1050.0;18;2;5
1056.0;19;3;3
1062.0;15;6;4
1068.0;11;9;5
1074.0;14;8;3
1080.0;14;7;4
1086.0;14;8;3
1092.0;13;7;5
1098.0;12;7;6
1104.0;12;6;7
1110.0;13;6;6
1116.0;13;6;6
1122.0;12;7;6
1128.0;14;4;7
1134.0;16;4;5
1140.0;17;5;3
1146.0;17;6;2
1152.0;17;6;2
1158.0;18;5;2
1164.0;16;7;2
1170.0;17;5;3
1176.0;16;6;3
1182.0;16;5;4
1188.0;18;3;4
1194.0;16;5;4
1200.0;15;5;5
1206.0;16;5;4
1212.0;13;6;6
1218.0;14;8;3
1224.0;13;8;4
1230.0;14;9;2
1236.0;15;8;2
1242.0;16;7;2
1248.0;17;6;2
1254.0;16;8;1
1260.0;16;8;1
1266.0;17;7;1
1272.0;17;7;1
1278.0;18;6;1
1284.0;17;6;2
1290.0;16;4;5
1296.0;17;3;5
1302.0;14;5;6
1308.0;14;6;5
1314.0;13;8;4
1320.0;12;11;2
1326.0;13;10;2
1332.0;12;9;4
1338.0;13;10;2
1344.0;15;8;2
1350.0;14;8;3
1356.0;15;6;4
1362.0;14;7;4
1368.0;13;6;6
1374.0;12;8;5
1380.0;13;7;5
1386.0;13;6;6
1392.0;12;8;5
1398.0;10;10;5
1404.0;11;9;5
1410.0;13;8;4
1416.0;12;8;5
1422.0;12;7;6
1428.0;11;7;7
1434.0;13;6;6
1440.0;12;6;7
1446.0;10;6;9
1452.0;10;8;7
1458.0;10;9;6
1464.0;10;8;7
1470.0;10;13;2
1476.0;11;11;3
1482.0;14;7;4
1488.0;14;6;5
1494.0;14;7;4
