#auto generated file!
180.0;87;40;23
186.0;85;41;24
192.0;85;46;19
198.0;92;41;17
204.0;87;46;17
210.0;89;43;18
216.0;82;47;21
222.0;83;49;18
228.0;85;41;24
234.0;83;39;28
240.0;83;40;27
246.0;84;36;30
252.0;90;37;23
258.0;84;42;24
264.0;86;41;23
270.0;82;42;26
276.0;76;46;28
282.0;77;45;28
288.0;78;42;30
294.0;80;37;33
300.0;81;40;29
306.0;83;39;28
312.0;88;41;21
318.0;90;37;23
324.0;91;33;26
330.0;90;34;26
336.0;88;40;22
342.0;93;37;20
348.0;92;40;18
354.0;89;40;21
360.0;87;44;19
366.0;87;46;17
372.0;86;53;11
378.0;84;48;18
384.0;87;46;17
390.0;86;44;20
396.0;92;40;18
402.0;86;45;19
408.0;87;48;15
414.0;89;47;14
420.0;84;49;17
426.0;82;51;17
432.0;77;53;20
438.0;82;50;18
444.0;86;44;20
450.0;86;41;23
456.0;90;45;15
462.0;84;49;17
468.0;83;48;19
474.0;79;48;23
480.0;82;43;25
486.0;86;42;22
492.0;88;42;20
498.0;87;40;23
504.0;89;43;18
510.0;90;46;14
516.0;88;49;13
522.0;91;47;12
528.0;94;42;14
534.0;88;40;22
540.0;90;37;23
546.0;87;38;25
552.0;79;40;31
558.0;79;46;25
564.0;75;45;30
570.0;80;42;28
576.0;76;45;29
582.0;77;51;22
588.0;72;51;27
594.0;75;52;23
600.0;76;49;25
606.0;77;48;25
612.0;77;45;28
618.0;69;55;26
624.0;72;57;21
630.0;75;55;20
636.0;72;52;26
642.0;72;48;30
648.0;73;50;27
654.0;73;55;22
660.0;76;54;20
666.0;84;48;18
672.0;88;48;14
678.0;89;47;14
684.0;87;47;16
690.0;91;44;15
696.0;93;41;16
702.0;94;42;14
708.0;89;45;16
714.0;89;42;19
720.0;84;47;19
726.0;82;48;20
732.0;84;49;17
738.0;83;48;19
744.0;87;45;18
750.0;85;48;17
756.0;91;42;17
762.0;91;36;23
768.0;91;37;22
774.0;93;38;19
780.0;96;35;19
786.0;93;31;26
792.0;94;29;27
798.0;99;30;21
804.0;91;35;24
810.0;79;38;33
816.0;85;39;26
822.0;89;38;23
828.0;87;41;22
834.0;86;41;23
840.0;84;40;26
846.0;83;45;22
852.0;80;45;25
858.0;81;47;22
864.0;84;47;19
870.0;78;46;26
876.0;79;46;25
882.0;78;46;26
888.0;79;49;22
894.0;76;50;24
900.0;81;46;23
906.0;84;44;22
912.0;83;44;23
918.0;83;43;24
924.0;84;41;25
930.0;84;44;22
936.0;87;41;22
942.0;89;40;21
948.0;86;41;23
954.0;88;39;23
960.0;95;33;22
966.0;91;36;23
972.0;90;39;21
978.0;89;35;26
984.0;90;36;24
990.0;93;38;19
996.0;92;36;22
1002.0;91;41;18
1008.0;92;42;16
1014.0;90;41;19
1020.0;90;39;21
1026.0;85;39;26
1032.0;85;42;23
1038.0;82;48;20
1044.0;81;45;24
1050.0;82;44;24
1056.0;83;43;24
1062.0;83;41;26
1068.0;88;43;19
1074.0;91;43;16
1080.0;94;42;14
1086.0;97;41;12
1092.0;91;43;16
1098.0;88;43;19
1104.0;84;52;14
1110.0;79;53;18
1116.0;79;49;22
1122.0;79;46;25
1128.0;78;51;21
1134.0;75;53;22
1140.0;73;55;22
1146.0;76;54;20
1152.0;78;51;21
1158.0;75;53;22
1164.0;76;51;23
1170.0;68;59;23
1176.0;72;54;24
1182.0;77;53;20
1188.0;73;52;25
1194.0;74;55;21
1200.0;75;54;21
1206.0;79;49;22
1212.0;74;56;20
1218.0;72;58;20
1224.0;70;55;25
1230.0;76;53;21
1236.0;76;51;23
1242.0;77;53;20
1248.0;77;51;22
1254.0;83;48;19
1260.0;87;41;22
1266.0;90;38;22
1272.0;92;39;19
1278.0;97;38;15
1284.0;103;34;13
1290.0;97;29;24
1296.0;89;38;23
1302.0;85;37;28
1308.0;82;37;31
1314.0;80;38;32
1320.0;82;34;34
1326.0;80;38;32
1332.0;82;41;27
1338.0;78;43;29
1344.0;82;44;24
1350.0;81;49;20
1356.0;81;45;24
1362.0;75;47;28
1368.0;72;49;29
1374.0;73;51;26
1380.0;77;49;24
1386.0;73;50;27
1392.0;71;49;30
1398.0;73;43;34
1404.0;73;47;30
1410.0;78;44;28
1416.0;85;40;25
1422.0;85;39;26
1428.0;94;35;21
1434.0;95;36;19
1440.0;91;38;21
1446.0;86;47;17
1452.0;86;46;18
1458.0;89;44;17
1464.0;89;44;17
1470.0;86;47;17
1476.0;85;47;18
1482.0;84;45;21
1488.0;84;45;21
1494.0;80;45;25
