#auto generated file!
180.0;181;77;42
186.0;184;82;34
192.0;190;75;35
198.0;188;75;37
204.0;181;81;38
210.0;178;85;37
216.0;177;87;36
222.0;183;80;37
228.0;182;83;35
234.0;183;82;35
240.0;187;76;37
246.0;175;86;39
252.0;184;79;37
258.0;188;75;37
264.0;183;77;40
270.0;179;75;46
276.0;171;77;52
282.0;171;90;39
288.0;172;84;44
294.0;178;79;43
300.0;174;87;39
306.0;177;86;37
312.0;177;79;44
318.0;186;69;45
324.0;178;74;48
330.0;176;78;46
336.0;181;80;39
342.0;176;84;40
348.0;173;87;40
354.0;173;83;44
360.0;173;79;48
366.0;174;78;48
372.0;169;86;45
378.0;178;76;46
384.0;172;80;48
390.0;174;79;47
396.0;174;79;47
402.0;176;78;46
408.0;180;77;43
414.0;176;81;43
420.0;176;77;47
426.0;168;84;48
432.0;172;88;40
438.0;168;97;35
444.0;167;92;41
450.0;162;91;47
456.0;161;85;54
462.0;159;88;53
468.0;162;89;49
474.0;172;83;45
480.0;179;84;37
486.0;172;82;46
492.0;171;78;51
498.0;166;84;50
504.0;165;87;48
510.0;175;82;43
516.0;180;80;40
522.0;172;90;38
528.0;169;88;43
534.0;169;82;49
540.0;175;81;44
546.0;179;79;42
552.0;175;84;41
558.0;180;77;43
564.0;187;73;40
570.0;178;81;41
576.0;173;82;45
582.0;175;75;50
588.0;174;81;45
594.0;168;87;45
600.0;169;91;40
606.0;164;96;40
612.0;164;97;39
618.0;165;93;42
624.0;158;96;46
630.0;165;90;45
636.0;165;90;45
642.0;175;81;44
648.0;174;72;54
654.0;169;80;51
660.0;169;85;46
666.0;163;88;49
672.0;159;90;51
678.0;164;89;47
684.0;163;86;51
690.0;172;92;36
696.0;172;91;37
702.0;170;90;40
708.0;169;94;37
714.0;168;99;33
720.0;171;93;36
726.0;174;87;39
732.0;174;91;35
738.0;180;84;36
744.0;185;81;34
750.0;191;83;26
756.0;184;83;33
762.0;188;79;33
768.0;181;83;36
774.0;184;78;38
780.0;181;83;36
786.0;174;77;49
792.0;170;78;52
798.0;169;83;48
804.0;168;89;43
810.0;165;97;38
816.0;163;97;40
822.0;160;95;45
828.0;160;94;46
834.0;163;94;43
840.0;163;100;37
846.0;161;90;49
852.0;160;94;46
858.0;163;89;48
864.0;169;83;48
870.0;162;84;54
876.0;153;96;51
882.0;149;96;55
888.0;156;99;45
894.0;157;98;45
900.0;153;102;45
906.0;159;89;52
912.0;154;92;54
918.0;161;91;48
924.0;168;88;44
930.0;175;80;45
936.0;173;77;50
942.0;172;80;48
948.0;167;87;46
954.0;168;88;44
960.0;170;84;46
966.0;166;93;41
972.0;161;96;43
978.0;161;92;47
984.0;157;101;42
990.0;158;93;49
996.0;157;92;51
1002.0;153;96;51
1008.0;155;94;51
1014.0;163;94;43
1020.0;163;90;47
1026.0;175;79;46
1032.0;180;76;44
1038.0;176;77;47
1044.0;174;86;40
1050.0;174;88;38
1056.0;178;84;38
1062.0;175;84;41
1068.0;177;83;40
1074.0;178;79;43
1080.0;177;88;35
1086.0;174;93;33
1092.0;181;85;34
1098.0;180;89;31
1104.0;183;86;31
1110.0;182;76;42
1116.0;177;78;45
1122.0;170;81;49
1128.0;171;83;46
1134.0;171;83;46
1140.0;171;81;48
1146.0;170;78;52
1152.0;171;78;51
1158.0;169;85;46
1164.0;168;89;43
1170.0;159;94;47
1176.0;160;97;43
1182.0;164;97;39
1188.0;163;94;43
1194.0;165;98;37
1200.0;169;93;38
1206.0;171;87;42
1212.0;168;90;42
1218.0;159;97;44
1224.0;159;97;44
1230.0;163;90;47
1236.0;166;97;37
1242.0;161;100;39
1248.0;163;98;39
1254.0;166;87;47
1260.0;173;82;45
1266.0;172;87;41
1272.0;176;89;35
1278.0;175;85;40
1284.0;178;87;35
1290.0;171;85;44
1296.0;179;79;42
1302.0;177;82;41
1308.0;171;84;45
1314.0;174;80;46
1320.0;170;88;42
1326.0;177;83;40
1332.0;181;82;37
1338.0;181;72;47
1344.0;176;81;43
1350.0;178;81;41
1356.0;170;84;46
1362.0;177;84;39
1368.0;178;88;34
1374.0;169;89;42
1380.0;172;83;45
1386.0;167;85;48
1392.0;171;78;51
1398.0;170;82;48
1404.0;168;91;41
1410.0;159;104;37
1416.0;163;106;31
1422.0;163;95;42
1428.0;161;93;46
1434.0;167;87;46
1440.0;167;80;53
1446.0;166;76;58
1452.0;172;71;57
1458.0;177;68;55
1464.0;172;78;50
1470.0;161;96;43
1476.0;168;91;41
1482.0;171;94;35
1488.0;167;93;40
1494.0;165;96;39
