#auto generated file!
180.0;149;103;48
186.0;151;105;44
192.0;151;103;46
198.0;150;99;51
204.0;157;95;48
210.0;168;88;44
216.0;177;88;35
222.0;179;85;36
228.0;180;83;37
234.0;181;82;37
240.0;181;82;37
246.0;184;78;38
252.0;183;78;39
258.0;182;80;38
264.0;178;85;37
270.0;179;84;37
276.0;170;83;47
282.0;165;84;51
288.0;161;85;54
294.0;164;81;55
300.0;174;80;46
306.0;183;75;42
312.0;176;79;45
318.0;179;76;45
324.0;172;89;39
330.0;170;89;41
336.0;169;86;45
342.0;176;87;37
348.0;177;84;39
354.0;175;80;45
360.0;176;78;46
366.0;172;89;39
372.0;176;86;38
378.0;172;83;45
384.0;169;85;46
390.0;175;84;41
396.0;165;98;37
402.0;167;102;31
408.0;163;99;38
414.0;154;101;45
420.0;164;103;33
426.0;171;93;36
432.0;172;94;34
438.0;171;92;37
444.0;163;98;39
450.0;159;101;40
456.0;153;104;43
462.0;160;97;43
468.0;159;92;49
474.0;157;85;58
480.0;158;90;52
486.0;165;84;51
492.0;167;86;47
498.0;165;91;44
504.0;169;87;44
510.0;169;89;42
516.0;171;87;42
522.0;174;83;43
528.0;174;87;39
534.0;178;87;35
540.0;172;97;31
546.0;165;100;35
552.0;159;100;41
558.0;159;97;44
564.0;163;98;39
570.0;157;104;39
576.0;161;96;43
582.0;161;95;44
588.0;165;91;44
594.0;169;89;42
600.0;162;93;45
606.0;154;98;48
612.0;158;96;46
618.0;163;101;36
624.0;161;99;40
630.0;155;101;44
636.0;159;99;42
642.0;168;97;35
648.0;168;94;38
654.0;167;93;40
660.0;172;101;27
666.0;176;93;31
672.0;173;86;41
678.0;181;77;42
684.0;181;81;38
690.0;177;86;37
696.0;169;94;37
702.0;171;93;36
708.0;165;92;43
714.0;163;91;46
720.0;161;91;48
726.0;157;95;48
732.0;173;83;44
738.0;172;90;38
744.0;173;88;39
750.0;168;91;41
756.0;164;87;49
762.0;166;91;43
768.0;163;89;48
774.0;161;94;45
780.0;166;90;44
786.0;173;89;38
792.0;172;92;36
798.0;180;86;34
804.0;177;81;42
810.0;171;91;38
816.0;179;86;35
822.0;181;88;31
828.0;176;91;33
834.0;171;89;40
840.0;167;89;44
846.0;169;86;45
852.0;163;89;48
858.0;162;95;43
864.0;158;95;47
870.0;155;102;43
876.0;159;97;44
882.0;166;95;39
888.0;169;91;40
894.0;175;90;35
900.0;179;83;38
906.0;180;83;37
912.0;181;80;39
918.0;178;81;41
924.0;171;89;40
930.0;174;84;42
936.0;184;80;36
942.0;182;81;37
948.0;180;82;38
954.0;178;81;41
960.0;168;88;44
966.0;166;90;44
972.0;166;91;43
978.0;163;94;43
984.0;173;83;44
990.0;171;87;42
996.0;168;88;44
1002.0;166;86;48
1008.0;160;88;52
1014.0;166;84;50
1020.0;170;86;44
1026.0;165;84;51
1032.0;171;78;51
1038.0;171;77;52
1044.0;168;80;52
1050.0;176;78;46
1056.0;173;80;47
1062.0;168;86;46
1068.0;162;92;46
1074.0;169;85;46
1080.0;166;86;48
1086.0;167;90;43
1092.0;162;86;52
1098.0;161;91;48
1104.0;160;96;44
1110.0;156;97;47
1116.0;155;97;48
1122.0;161;96;43
1128.0;167;93;40
1134.0;170;91;39
1140.0;167;90;43
1146.0;165;89;46
1152.0;166;89;45
1158.0;162;98;40
1164.0;167;91;42
1170.0;172;92;36
1176.0;173;90;37
1182.0;168;93;39
1188.0;172;87;41
1194.0;177;86;37
1200.0;178;87;35
1206.0;165;95;40
1212.0;165;95;40
1218.0;166;91;43
1224.0;170;92;38
1230.0;166;90;44
1236.0;177;82;41
1242.0;176;87;37
1248.0;175;82;43
1254.0;182;82;36
1260.0;179;83;38
1266.0;180;79;41
1272.0;184;80;36
1278.0;182;79;39
1284.0;178;82;40
1290.0;160;90;50
1296.0;168;90;42
1302.0;165;98;37
1308.0;164;96;40
1314.0;167;93;40
1320.0;162;89;49
1326.0;164;85;51
1332.0;153;95;52
1338.0;154;98;48
1344.0;155;93;52
1350.0;153;94;53
1356.0;153;92;55
1362.0;160;89;51
1368.0;163;88;49
1374.0;158;91;51
1380.0;162;87;51
1386.0;157;88;55
1392.0;150;83;67
1398.0;153;89;58
1404.0;150;94;56
1410.0;150;97;53
1416.0;155;95;50
1422.0;160;92;48
1428.0;162;94;44
1434.0;157;96;47
1440.0;159;96;45
1446.0;152;106;42
1452.0;150;104;46
1458.0;152;100;48
1464.0;149;102;49
1470.0;155;95;50
1476.0;157;97;46
1482.0;160;93;47
1488.0;149;101;50
1494.0;152;96;52
