#auto generated file!
6.0;0.0;0.0
12.0;0.0;0.0
18.0;7.083333333333333;0.0
24.0;12.083333333333334;0.0
30.0;14.166666666666666;0.0
36.0;14.583333333333334;0.0
42.0;25.625;0.0
48.0;38.541666666666664;0.5
54.0;48.333333333333336;0.0
60.0;35.416666666666664;0.5
66.0;46.666666666666664;0.0
72.0;48.333333333333336;0.0
78.0;53.75;0.0
84.0;52.5;0.5
90.0;51.041666666666664;0.0
96.0;47.5;0.0
102.0;52.916666666666664;0.0
108.0;46.666666666666664;0.0
114.0;38.75;0.0
120.0;40.416666666666664;0.0
126.0;35.0;0.0
132.0;37.083333333333336;0.0
138.0;47.083333333333336;0.0
144.0;49.166666666666664;0.0
150.0;46.666666666666664;0.5
156.0;51.666666666666664;0.5
162.0;47.083333333333336;0.5
168.0;43.541666666666664;0.0
174.0;50.416666666666664;0.0
180.0;52.083333333333336;0.0
186.0;52.916666666666664;0.0
192.0;36.25;0.0
198.0;36.458333333333336;0.0
204.0;41.875;0.125
210.0;46.666666666666664;0.0
216.0;51.25;0.5
222.0;49.166666666666664;0.0
228.0;42.291666666666664;0.0
234.0;51.458333333333336;0.0
240.0;46.666666666666664;0.5
246.0;43.333333333333336;0.0
252.0;39.583333333333336;0.0
258.0;48.333333333333336;0.0
264.0;42.083333333333336;0.0
270.0;49.583333333333336;0.0
276.0;44.583333333333336;0.0
282.0;45.416666666666664;0.0
288.0;41.25;0.5
294.0;40.833333333333336;0.5
300.0;43.333333333333336;0.0
306.0;46.666666666666664;0.0
312.0;42.083333333333336;0.0
318.0;32.291666666666664;0.0
324.0;38.333333333333336;0.0
330.0;42.5;0.0
336.0;50.0;1.5
342.0;48.75;0.0
348.0;41.25;0.0
354.0;36.041666666666664;0.625
360.0;30.833333333333332;0.0
366.0;43.333333333333336;0.5
372.0;39.583333333333336;0.0
378.0;47.916666666666664;0.5
384.0;52.083333333333336;0.5
390.0;51.25;0.0
396.0;39.166666666666664;0.5
402.0;36.25;0.5
408.0;40.208333333333336;0.0
414.0;29.583333333333332;0.0
420.0;41.25;0.5
426.0;39.583333333333336;1.0
432.0;44.583333333333336;0.0
438.0;52.291666666666664;0.125
444.0;48.333333333333336;0.75
450.0;49.583333333333336;1.0
456.0;46.666666666666664;0.0
462.0;41.25;0.5
468.0;46.25;0.0
474.0;48.125;0.0
480.0;52.5;0.5
486.0;38.333333333333336;0.5
492.0;35.0;0.0
498.0;48.125;0.0
504.0;40.833333333333336;0.5
510.0;47.916666666666664;0.0
516.0;45.833333333333336;0.0
522.0;52.916666666666664;0.5
528.0;51.041666666666664;1.0
534.0;42.916666666666664;0.0
540.0;41.25;0.0
546.0;43.75;0.0
552.0;37.5;0.75
558.0;57.5;0.0
564.0;46.25;0.0
570.0;46.25;0.0
576.0;43.333333333333336;0.5
582.0;46.666666666666664;0.0
588.0;45.0;0.0
594.0;48.333333333333336;0.5
600.0;52.5;0.0
606.0;41.666666666666664;0.0
612.0;43.333333333333336;0.25
618.0;35.625;0.0
624.0;41.875;0.5
630.0;48.75;0.5
636.0;45.0;0.75
642.0;43.333333333333336;0.0
648.0;43.333333333333336;0.0
654.0;30.625;0.0
660.0;31.25;0.5
666.0;47.5;0.5
672.0;48.333333333333336;0.25
678.0;53.541666666666664;0.0
684.0;46.25;0.0
690.0;35.833333333333336;0.0
696.0;35.833333333333336;0.0
702.0;56.25;0.0
708.0;33.333333333333336;0.5
714.0;43.125;0.125
720.0;45.416666666666664;0.0
726.0;38.333333333333336;0.5
732.0;27.083333333333332;0.0
738.0;37.291666666666664;0.5
744.0;51.666666666666664;0.0
750.0;54.583333333333336;0.25
756.0;60.0;0.5
762.0;41.666666666666664;0.5
768.0;46.875;1.0
774.0;32.291666666666664;0.0
780.0;40.0;0.5
786.0;44.166666666666664;0.0
792.0;40.416666666666664;0.0
798.0;44.791666666666664;0.0
804.0;31.041666666666668;0.0
810.0;45.416666666666664;0.0
816.0;45.833333333333336;0.0
822.0;42.5;0.0
828.0;40.416666666666664;0.0
834.0;42.5;0.0
840.0;39.583333333333336;0.0
846.0;40.833333333333336;0.0
852.0;36.666666666666664;0.0
858.0;32.916666666666664;0.0
864.0;43.541666666666664;0.0
870.0;41.25;0.0
876.0;40.0;0.0
882.0;44.583333333333336;0.0
888.0;42.916666666666664;0.5
894.0;34.791666666666664;0.5
900.0;47.5;0.5
906.0;45.416666666666664;0.0
912.0;35.833333333333336;0.0
918.0;42.5;0.0
924.0;41.875;0.0
930.0;36.458333333333336;0.0
936.0;42.083333333333336;0.0
942.0;32.083333333333336;0.5
948.0;37.916666666666664;0.5
954.0;43.125;0.0
960.0;47.916666666666664;0.0
966.0;45.833333333333336;0.0
972.0;50.0;0.0
978.0;56.875;0.5
984.0;60.416666666666664;0.5
990.0;44.583333333333336;0.25
996.0;37.5;0.0
1002.0;44.583333333333336;0.5
1008.0;34.166666666666664;0.0
1014.0;45.625;0.0
1020.0;33.333333333333336;0.0
1026.0;37.083333333333336;0.0
1032.0;34.166666666666664;0.75
1038.0;35.625;0.0
1044.0;52.083333333333336;0.75
1050.0;47.291666666666664;0.0
1056.0;42.083333333333336;0.25
1062.0;40.416666666666664;0.0
1068.0;41.666666666666664;0.5
1074.0;39.166666666666664;0.5
1080.0;37.083333333333336;0.0
1086.0;45.833333333333336;0.0
1092.0;30.833333333333332;0.0
1098.0;46.875;0.0
1104.0;38.125;0.0
1110.0;33.125;0.5
1116.0;39.166666666666664;0.0
1122.0;52.083333333333336;0.5
1128.0;57.916666666666664;0.125
1134.0;51.666666666666664;0.0
1140.0;39.583333333333336;0.0
1146.0;35.833333333333336;0.5
1152.0;33.75;0.5
1158.0;46.666666666666664;0.0
1164.0;42.916666666666664;0.5
1170.0;42.5;0.25
1176.0;35.833333333333336;0.0
1182.0;37.5;0.5
1188.0;31.875;0.0
1194.0;57.5;0.5
1200.0;49.166666666666664;0.0
1206.0;50.0;0.0
1212.0;43.75;0.0
1218.0;40.833333333333336;0.0
1224.0;33.125;0.0
1230.0;57.916666666666664;0.75
1236.0;36.666666666666664;0.0
1242.0;36.666666666666664;0.5
1248.0;41.875;0.0
1254.0;39.166666666666664;0.0
1260.0;41.25;0.0
1266.0;45.833333333333336;0.0
1272.0;42.083333333333336;1.5
1278.0;45.833333333333336;0.0
1284.0;45.0;0.0
1290.0;39.583333333333336;0.5
1296.0;42.916666666666664;0.5
1302.0;40.625;0.0
1308.0;41.666666666666664;0.5
1314.0;33.333333333333336;0.5
1320.0;36.25;0.0
1326.0;44.166666666666664;0.0
1332.0;38.75;0.0
1338.0;52.708333333333336;0.0
1344.0;45.208333333333336;0.125
1350.0;45.625;0.25
1356.0;50.833333333333336;0.0
1362.0;41.666666666666664;0.0
1368.0;46.25;0.0
1374.0;41.041666666666664;0.5
1380.0;45.416666666666664;0.0
1386.0;46.25;0.0
1392.0;42.916666666666664;0.5
1398.0;47.5;0.0
1404.0;46.666666666666664;0.0
1410.0;45.416666666666664;0.5
1416.0;34.583333333333336;0.5
1422.0;53.958333333333336;0.0
1428.0;44.583333333333336;0.0
1434.0;48.333333333333336;0.5
1440.0;47.5;0.0
1446.0;42.5;0.0
1452.0;39.166666666666664;0.0
1458.0;40.833333333333336;0.0
1464.0;44.166666666666664;0.5
1470.0;37.916666666666664;0.0
1476.0;49.166666666666664;0.0
1482.0;44.166666666666664;0.5
1488.0;38.541666666666664;0.0
1494.0;52.083333333333336;0.0
