#auto generated file!
180.0;146;70;34
186.0;147;69;34
192.0;148;68;34
198.0;146;68;36
204.0;145;68;37
210.0;149;64;37
216.0;151;64;35
222.0;152;65;33
228.0;155;63;32
234.0;154;67;29
240.0;157;66;27
246.0;156;65;29
252.0;154;67;29
258.0;151;65;34
264.0;148;64;38
270.0;162;59;29
276.0;164;61;25
282.0;150;67;33
288.0;147;70;33
294.0;148;69;33
300.0;144;63;43
306.0;142;60;48
312.0;138;65;47
318.0;136;66;48
324.0;137;74;39
330.0;139;76;35
336.0;139;68;43
342.0;145;70;35
348.0;141;74;35
354.0;140;69;41
360.0;138;66;46
366.0;134;69;47
372.0;131;75;44
378.0;135;74;41
384.0;131;77;42
390.0;129;88;33
396.0;128;88;34
402.0;127;91;32
408.0;126;91;33
414.0;131;84;35
420.0;133;79;38
426.0;131;78;41
432.0;129;82;39
438.0;130;80;40
444.0;135;79;36
450.0;137;74;39
456.0;135;79;36
462.0;141;77;32
468.0;145;78;27
474.0;151;71;28
480.0;150;68;32
486.0;150;72;28
492.0;149;66;35
498.0;139;65;46
504.0;142;62;46
510.0;151;62;37
516.0;151;59;40
522.0;154;58;38
528.0;146;62;42
534.0;147;65;38
540.0;147;65;38
546.0;152;57;41
552.0;144;63;43
558.0;145;64;41
564.0;146;65;39
570.0;156;60;34
576.0;158;66;26
582.0;156;70;24
588.0;153;67;30
594.0;153;63;34
600.0;152;57;41
606.0;148;63;39
612.0;142;67;41
618.0;146;68;36
624.0;147;70;33
630.0;150;68;32
636.0;151;71;28
642.0;159;63;28
648.0;154;68;28
654.0;153;68;29
660.0;151;64;35
666.0;148;67;35
672.0;151;64;35
678.0;149;65;36
684.0;158;61;31
690.0;151;67;32
696.0;151;64;35
702.0;153;66;31
708.0;152;69;29
714.0;153;74;23
720.0;147;75;28
726.0;146;73;31
732.0;147;72;31
738.0;144;72;34
744.0;139;71;40
750.0;141;71;38
756.0;146;66;38
762.0;146;68;36
768.0;149;71;30
774.0;147;69;34
780.0;157;60;33
786.0;152;63;35
792.0;141;66;43
798.0;137;72;41
804.0;135;77;38
810.0;138;71;41
816.0;134;77;39
822.0;139;70;41
828.0;144;73;33
834.0;143;69;38
840.0;150;63;37
846.0;150;69;31
852.0;152;70;28
858.0;151;75;24
864.0;150;74;26
870.0;147;74;29
876.0;141;79;30
882.0;141;75;34
888.0;139;79;32
894.0;138;79;33
900.0;138;79;33
906.0;139;79;32
912.0;142;77;31
918.0;141;73;36
924.0;142;68;40
930.0;144;66;40
936.0;146;65;39
942.0;148;63;39
948.0;153;57;40
954.0;150;61;39
960.0;147;64;39
966.0;142;67;41
972.0;140;75;35
978.0;142;70;38
984.0;145;67;38
990.0;142;74;34
996.0;145;69;36
1002.0;139;69;42
1008.0;142;64;44
1014.0;142;61;47
1020.0;132;72;46
1026.0;136;63;51
1032.0;138;66;46
1038.0;136;67;47
1044.0;141;67;42
1050.0;147;66;37
1056.0;148;70;32
1062.0;146;68;36
1068.0;149;69;32
1074.0;148;73;29
1080.0;143;79;28
1086.0;133;77;40
1092.0;139;74;37
1098.0;135;78;37
1104.0;137;77;36
1110.0;136;74;40
1116.0;141;74;35
1122.0;142;70;38
1128.0;137;72;41
1134.0;141;73;36
1140.0;141;71;38
1146.0;141;74;35
1152.0;141;79;30
1158.0;138;75;37
1164.0;142;80;28
1170.0;138;82;30
1176.0;137;78;35
1182.0;139;76;35
1188.0;148;73;29
1194.0;149;73;28
1200.0;149;72;29
1206.0;154;63;33
1212.0;155;63;32
1218.0;153;61;36
1224.0;158;56;36
1230.0;156;56;38
1236.0;152;58;40
1242.0;150;58;42
1248.0;146;67;37
1254.0;144;62;44
1260.0;140;68;42
1266.0;140;69;41
1272.0;139;73;38
1278.0;137;81;32
1284.0;140;71;39
1290.0;140;66;44
1296.0;141;73;36
1302.0;142;70;38
1308.0;141;73;36
1314.0;144;70;36
1320.0;145;76;29
1326.0;145;79;26
1332.0;142;81;27
1338.0;143;78;29
1344.0;142;73;35
1350.0;140;76;34
1356.0;141;74;35
1362.0;150;71;29
1368.0;145;74;31
1374.0;141;70;39
1380.0;140;70;40
1386.0;139;72;39
1392.0;140;75;35
1398.0;142;74;34
1404.0;148;69;33
1410.0;144;72;34
1416.0;146;72;32
1422.0;140;73;37
1428.0;136;71;43
1434.0;128;84;38
1440.0;129;76;45
1446.0;129;79;42
1452.0;129;82;39
1458.0;132;79;39
1464.0;133;84;33
1470.0;136;78;36
1476.0;134;74;42
1482.0;136;73;41
1488.0;134;80;36
1494.0;135;78;37
