#auto generated file!
180.0;186;89;50
186.0;180;101;44
192.0;185;96;44
198.0;189;89;47
204.0;185;96;44
210.0;183;108;34
216.0;170;107;48
222.0;184;102;39
228.0;188;99;38
234.0;177;94;54
240.0;178;94;53
246.0;180;96;49
252.0;173;93;59
258.0;173;97;55
264.0;170;103;52
270.0;176;98;51
276.0;177;97;51
282.0;178;87;60
288.0;174;94;57
294.0;173;98;54
300.0;170;100;55
306.0;175;100;50
312.0;184;93;48
318.0;191;94;40
324.0;186;91;48
330.0;187;90;48
336.0;182;96;47
342.0;172;104;49
348.0;176;103;46
354.0;174;100;51
360.0;185;79;61
366.0;185;79;61
372.0;191;86;48
378.0;183;86;56
384.0;185;84;56
390.0;188;81;56
396.0;185;81;59
402.0;185;81;59
408.0;187;79;59
414.0;193;79;53
420.0;189;88;48
426.0;186;91;48
432.0;188;90;47
438.0;193;91;41
444.0;187;95;43
450.0;193;91;41
456.0;197;83;45
462.0;200;84;41
468.0;185;92;48
474.0;188;87;50
480.0;184;87;54
486.0;185;90;50
492.0;184;87;54
498.0;190;85;50
504.0;191;84;50
510.0;192;80;53
516.0;195;79;51
522.0;189;86;50
528.0;187;89;49
534.0;186;94;45
540.0;184;95;46
546.0;182;94;49
552.0;184;94;47
558.0;184;98;43
564.0;184;92;49
570.0;187;86;52
576.0;188;84;53
582.0;184;84;57
588.0;182;86;57
594.0;182;86;57
600.0;183;88;54
606.0;182;94;49
612.0;179;97;49
618.0;189;90;46
624.0;184;91;50
630.0;182;94;49
636.0;185;97;43
642.0;181;101;43
648.0;188;95;42
654.0;190;94;41
660.0;189;89;47
666.0;188;87;50
672.0;193;82;50
678.0;194;87;44
684.0;190;92;43
690.0;194;88;43
696.0;196;89;40
702.0;203;90;32
708.0;202;86;37
714.0;211;76;38
720.0;202;82;41
726.0;191;89;45
732.0;193;87;45
738.0;195;85;45
744.0;205;84;36
750.0;212;80;33
756.0;204;83;38
762.0;203;82;40
768.0;197;83;45
774.0;196;81;48
780.0;192;88;45
786.0;182;94;49
792.0;186;88;51
798.0;187;92;46
804.0;183;100;42
810.0;187;98;40
816.0;177;104;44
822.0;179;103;43
828.0;177;97;51
834.0;172;102;51
840.0;172;104;49
846.0;171;102;52
852.0;171;104;50
858.0;168;108;49
864.0;167;107;51
870.0;166;108;51
876.0;176;103;46
882.0;175;100;50
888.0;170;97;58
894.0;166;99;60
900.0;171;98;56
906.0;171;96;58
912.0;180;91;54
918.0;184;89;52
924.0;184;86;55
930.0;184;83;58
936.0;187;83;55
942.0;185;88;52
948.0;180;91;54
954.0;175;96;54
960.0;180;95;50
966.0;184;86;55
972.0;183;85;57
978.0;187;89;49
984.0;187;88;50
990.0;179;91;55
996.0;184;88;53
1002.0;185;89;51
1008.0;182;92;51
1014.0;187;95;43
1020.0;187;101;37
1026.0;197;98;30
1032.0;184;97;44
1038.0;186;98;41
1044.0;186;96;43
1050.0;186;98;41
1056.0;186;90;49
1062.0;184;95;46
1068.0;183;97;45
1074.0;191;92;42
1080.0;193;94;38
1086.0;186;89;50
1092.0;192;88;45
1098.0;194;92;39
1104.0;201;82;42
1110.0;202;80;43
1116.0;199;80;46
1122.0;196;86;43
1128.0;193;90;42
1134.0;186;96;43
1140.0;190;98;37
1146.0;185;92;48
1152.0;193;94;38
1158.0;198;90;37
1164.0;192;91;42
1170.0;185;91;49
1176.0;187;83;55
1182.0;192;89;44
1188.0;186;92;47
1194.0;183;103;39
1200.0;170;112;43
1206.0;173;108;44
1212.0;174;109;42
1218.0;168;110;47
1224.0;165;116;44
1230.0;165;116;44
1236.0;163;121;41
1242.0;163;122;40
1248.0;170;115;40
1254.0;164;114;47
1260.0;167;113;45
1266.0;163;111;51
1272.0;170;110;45
1278.0;176;105;44
1284.0;178;100;47
1290.0;182;93;50
1296.0;181;96;48
1302.0;184;92;49
1308.0;192;89;44
1314.0;199;85;41
1320.0;193;88;44
1326.0;198;85;42
1332.0;196;87;42
1338.0;199;86;40
1344.0;192;94;39
1350.0;192;90;43
1356.0;189;89;47
1362.0;179;96;50
1368.0;178;100;47
1374.0;182;101;42
1380.0;190;97;38
1386.0;190;92;43
1392.0;190;88;47
1398.0;182;97;46
1404.0;179;92;54
1410.0;179;92;54
1416.0;180;94;51
1422.0;184;100;41
1428.0;188;100;37
1434.0;188;97;40
1440.0;186;101;38
1446.0;186;106;33
1452.0;185;111;29
1458.0;189;99;37
1464.0;184;100;41
1470.0;184;104;37
1476.0;185;100;40
1482.0;189;90;46
1488.0;193;87;45
1494.0;197;85;43
