#auto generated file!
180.0;130;58;37
186.0;133;60;32
192.0;138;60;27
198.0;131;65;29
204.0;132;62;31
210.0;131;66;28
216.0;129;72;24
222.0;131;71;23
228.0;129;76;20
234.0;128;78;19
240.0;123;76;26
246.0;119;76;30
252.0;122;71;32
258.0;128;69;28
264.0;124;66;35
270.0;126;63;36
276.0;118;71;36
282.0;122;76;27
288.0;126;68;31
294.0;126;65;34
300.0;125;66;34
306.0;132;64;29
312.0;127;65;33
318.0;127;64;34
324.0;126;60;39
330.0;127;62;36
336.0;129;60;36
342.0;133;62;30
348.0;134;60;31
354.0;131;63;31
360.0;134;59;32
366.0;126;65;34
372.0;124;63;38
378.0;123;60;42
384.0;120;65;40
390.0;125;60;40
396.0;126;60;39
402.0;127;61;37
408.0;132;63;30
414.0;135;57;33
420.0;138;56;31
426.0;137;58;30
432.0;136;63;26
438.0;131;62;32
444.0;129;62;34
450.0;133;56;36
456.0;128;56;41
462.0;131;53;41
468.0;132;56;37
474.0;130;56;39
480.0;123;59;43
486.0;125;66;34
492.0;124;70;31
498.0;121;70;34
504.0;122;69;34
510.0;118;68;39
516.0;117;72;36
522.0;120;68;37
528.0;129;64;32
534.0;126;71;28
540.0;123;70;32
546.0;128;66;31
552.0;136;61;28
558.0;136;58;31
564.0;139;57;29
570.0;136;60;29
576.0;133;61;31
582.0;138;61;26
588.0;140;65;20
594.0;136;72;17
600.0;137;67;21
606.0;140;61;24
612.0;146;59;20
618.0;148;53;24
624.0;142;56;27
630.0;138;58;29
636.0;139;60;26
642.0;138;65;22
648.0;134;65;26
654.0;138;58;29
660.0;137;55;33
666.0;137;56;32
672.0;135;56;34
678.0;125;65;35
684.0;125;67;33
690.0;130;65;30
696.0;130;64;31
702.0;132;62;31
708.0;133;62;30
714.0;138;62;25
720.0;134;60;31
726.0;123;66;36
732.0;131;59;35
738.0;137;55;33
744.0;137;52;36
750.0;133;58;34
756.0;133;62;30
762.0;139;65;21
768.0;140;64;21
774.0;146;59;20
780.0;145;59;21
786.0;146;60;19
792.0;144;62;19
798.0;140;63;22
804.0;138;62;25
810.0;139;56;30
816.0;142;54;29
822.0;137;59;29
828.0;134;59;32
834.0;133;59;33
840.0;133;63;29
846.0;127;66;32
852.0;126;62;37
858.0;132;63;30
864.0;125;72;28
870.0;123;72;30
876.0;118;67;40
882.0;116;67;42
888.0;118;71;36
894.0;124;66;35
900.0;124;64;37
906.0;122;66;37
912.0;131;60;34
918.0;129;62;34
924.0;133;56;36
930.0;130;61;34
936.0;128;67;30
942.0;127;68;30
948.0;128;61;36
954.0;121;62;42
960.0;116;68;41
966.0;118;67;40
972.0;124;68;33
978.0;124;65;36
984.0;115;75;35
990.0;112;78;35
996.0;113;78;34
1002.0;120;78;27
1008.0;121;73;31
1014.0;122;69;34
1020.0;123;69;33
1026.0;126;68;31
1032.0;126;68;31
1038.0;123;73;29
1044.0;119;73;33
1050.0;122;70;33
1056.0;130;62;33
1062.0;128;67;30
1068.0;124;69;32
1074.0;121;69;35
1080.0;124;65;36
1086.0;120;68;37
1092.0;122;67;36
1098.0;124;68;33
1104.0;127;65;33
1110.0;122;71;32
1116.0;122;68;35
1122.0;110;69;46
1128.0;107;69;49
1134.0;108;68;49
1140.0;111;72;42
1146.0;110;74;41
1152.0;117;67;41
1158.0;119;66;40
1164.0;118;64;43
1170.0;121;62;42
1176.0;128;62;35
1182.0;126;59;40
1188.0;132;59;34
1194.0;127;61;37
1200.0;137;56;32
1206.0;140;55;30
1212.0;143;56;26
1218.0;144;57;24
1224.0;140;54;31
1230.0;143;56;26
1236.0;140;57;28
1242.0;133;59;33
1248.0;140;57;28
1254.0;141;57;27
1260.0;143;55;27
1266.0;138;55;32
1272.0;134;60;31
1278.0;134;61;30
1284.0;135;62;28
1290.0;135;57;33
1296.0;129;52;44
1302.0;129;53;43
1308.0;118;65;42
1314.0;118;64;43
1320.0;124;57;44
1326.0;121;58;46
1332.0;121;62;42
1338.0;124;62;39
1344.0;123;66;36
1350.0;120;68;37
1356.0;123;65;37
1362.0;126;71;28
1368.0;121;77;27
1374.0;124;72;29
1380.0;116;78;31
1386.0;118;79;28
1392.0;117;75;33
1398.0;113;78;34
1404.0;121;79;25
1410.0;119;79;27
1416.0;128;69;28
1422.0;129;63;33
1428.0;133;59;33
1434.0;117;65;43
1440.0;117;66;42
1446.0;114;72;39
1452.0;115;76;34
1458.0;116;77;32
1464.0;111;82;32
1470.0;118;72;35
1476.0;122;72;31
1482.0;124;70;31
1488.0;122;68;35
1494.0;119;67;39
