#auto generated file!
180.0;203;102;45
186.0;206;101;43
192.0;207;97;46
198.0;205;100;45
204.0;195;109;46
210.0;194;104;52
216.0;201;103;46
222.0;202;100;48
228.0;214;92;44
234.0;205;96;49
240.0;200;94;56
246.0;200;97;53
252.0;190;105;55
258.0;188;106;56
264.0;187;109;54
270.0;189;112;49
276.0;203;103;44
282.0;204;98;48
288.0;196;101;53
294.0;202;99;49
300.0;202;103;45
306.0;202;104;44
312.0;206;96;48
318.0;210;95;45
324.0;210;96;44
330.0;201;102;47
336.0;199;108;43
342.0;197;105;48
348.0;196;113;41
354.0;192;105;53
360.0;183;108;59
366.0;190;100;60
372.0;193;103;54
378.0;193;106;51
384.0;197;100;53
390.0;192;98;60
396.0;196;99;55
402.0;196;96;58
408.0;199;102;49
414.0;193;110;47
420.0;198;100;52
426.0;204;101;45
432.0;210;99;41
438.0;208;98;44
444.0;208;95;47
450.0;206;93;51
456.0;200;97;53
462.0;193;95;62
468.0;198;96;56
474.0;202;104;44
480.0;203;107;40
486.0;210;99;41
492.0;204;100;46
498.0;201;101;48
504.0;205;98;47
510.0;197;100;53
516.0;204;97;49
522.0;203;97;50
528.0;207;91;52
534.0;202;94;54
540.0;199;93;58
546.0;202;93;55
552.0;200;101;49
558.0;199;107;44
564.0;199;114;37
570.0;201;107;42
576.0;203;102;45
582.0;194;99;57
588.0;191;103;56
594.0;193;107;50
600.0;186;103;61
606.0;181;105;64
612.0;178;104;68
618.0;190;102;58
624.0;193;109;48
630.0;181;114;55
636.0;187;113;50
642.0;188;111;51
648.0;188;99;63
654.0;183;108;59
660.0;187;105;58
666.0;190;101;59
672.0;192;106;52
678.0;181;113;56
684.0;189;113;48
690.0;193;118;39
696.0;203;110;37
702.0;199;109;42
708.0;193;109;48
714.0;193;109;48
720.0;189;113;48
726.0;202;103;45
732.0;205;91;54
738.0;202;98;50
744.0;201;93;56
750.0;200;99;51
756.0;199;95;56
762.0;200;103;47
768.0;202;99;49
774.0;194;93;63
780.0;193;93;64
786.0;194;92;64
792.0;203;91;56
798.0;195;91;64
804.0;196;101;53
810.0;198;95;57
816.0;207;92;51
822.0;195;107;48
828.0;194;108;48
834.0;194;107;49
840.0;198;95;57
846.0;190;99;61
852.0;192;102;56
858.0;192;106;52
864.0;189;113;48
870.0;195;108;47
876.0;186;112;52
882.0;195;102;53
888.0;192;102;56
894.0;190;100;60
900.0;199;89;62
906.0;201;91;58
912.0;207;97;46
918.0;201;96;53
924.0;205;93;52
930.0;205;89;56
936.0;202;93;55
942.0;203;93;54
948.0;204;94;52
954.0;201;93;56
960.0;192;103;55
966.0;184;105;61
972.0;185;109;56
978.0;191;106;53
984.0;197;112;41
990.0;203;105;42
996.0;193;113;44
1002.0;194;110;46
1008.0;195;107;48
1014.0;201;103;46
1020.0;206;95;49
1026.0;210;93;47
1032.0;212;97;41
1038.0;210;94;46
1044.0;210;86;54
1050.0;210;91;49
1056.0;215;93;42
1062.0;210;91;49
1068.0;217;85;48
1074.0;219;87;44
1080.0;213;88;49
1086.0;214;83;53
1092.0;215;82;53
1098.0;215;88;47
1104.0;209;84;57
1110.0;204;81;65
1116.0;211;84;55
1122.0;218;81;51
1128.0;217;90;43
1134.0;212;86;52
1140.0;204;88;58
1146.0;201;93;56
1152.0;206;91;53
1158.0;211;87;52
1164.0;209;80;61
1170.0;197;94;59
1176.0;194;93;63
1182.0;198;89;63
1188.0;202;97;51
1194.0;203;102;45
1200.0;207;101;42
1206.0;201;106;43
1212.0;214;89;47
1218.0;219;83;48
1224.0;217;88;45
1230.0;218;84;48
1236.0;219;88;43
1242.0;213;92;45
1248.0;215;90;45
1254.0;214;84;52
1260.0;217;79;54
1266.0;208;90;52
1272.0;211;98;41
1278.0;214;98;38
1284.0;213;93;44
1290.0;217;93;40
1296.0;208;97;45
1302.0;202;107;41
1308.0;210;100;40
1314.0;210;100;40
1320.0;214;97;39
1326.0;219;88;43
1332.0;211;96;43
1338.0;213;93;44
1344.0;209;97;44
1350.0;215;95;40
1356.0;218;93;39
1362.0;216;100;34
1368.0;211;92;47
1374.0;214;84;52
1380.0;206;91;53
1386.0;210;102;38
1392.0;196;111;43
1398.0;195;109;46
1404.0;205;101;44
1410.0;198;102;50
1416.0;201;105;44
1422.0;208;91;51
1428.0;204;91;55
1434.0;203;91;56
1440.0;198;97;55
1446.0;201;102;47
1452.0;208;95;47
1458.0;203;88;59
1464.0;208;92;50
1470.0;211;95;44
1476.0;206;100;44
1482.0;206;104;40
1488.0;197;102;51
1494.0;191;101;58
