#auto generated file!
6.0;0.0;0.0
12.0;1.25;0.0
18.0;7.083333333333333;0.0
24.0;14.166666666666666;0.0
30.0;13.333333333333334;0.0
36.0;15.0;0.0
42.0;17.5;0.0
48.0;26.875;0.0
54.0;30.625;0.5
60.0;33.333333333333336;0.5
66.0;37.083333333333336;1.25
72.0;34.583333333333336;0.5
78.0;55.625;0.0
84.0;54.583333333333336;0.25
90.0;57.916666666666664;0.75
96.0;35.833333333333336;0.0
102.0;37.083333333333336;0.5
108.0;29.583333333333332;0.0
114.0;40.0;0.5
120.0;27.5;1.0
126.0;35.833333333333336;0.5
132.0;42.708333333333336;0.0
138.0;39.583333333333336;1.0
144.0;67.08333333333333;0.5
150.0;62.916666666666664;0.5
156.0;67.91666666666667;0.0
162.0;50.0;0.0
168.0;27.916666666666668;0.0
174.0;37.083333333333336;1.0
180.0;39.583333333333336;0.0
186.0;39.166666666666664;0.0
192.0;38.75;0.0
198.0;48.125;0.0
204.0;36.041666666666664;0.5
210.0;59.375;0.0
216.0;67.08333333333333;0.75
222.0;58.333333333333336;1.5
228.0;47.916666666666664;0.0
234.0;40.625;0.5
240.0;37.916666666666664;0.5
246.0;41.666666666666664;0.5
252.0;30.833333333333332;0.0
258.0;41.25;0.0
264.0;31.041666666666668;0.0
270.0;42.916666666666664;0.0
276.0;42.916666666666664;0.25
282.0;49.583333333333336;0.0
288.0;37.708333333333336;0.5
294.0;57.916666666666664;0.0
300.0;47.5;0.0
306.0;40.833333333333336;0.0
312.0;34.583333333333336;0.5
318.0;36.666666666666664;0.0
324.0;47.5;0.0
330.0;46.25;0.0
336.0;32.083333333333336;0.25
342.0;33.75;0.0
348.0;38.125;0.0
354.0;32.083333333333336;0.0
360.0;45.0;0.0
366.0;56.666666666666664;0.5
372.0;50.416666666666664;0.0
378.0;65.0;0.0
384.0;51.041666666666664;0.0
390.0;50.416666666666664;0.0
396.0;47.083333333333336;0.5
402.0;44.583333333333336;0.0
408.0;35.208333333333336;0.5
414.0;41.875;0.0
420.0;42.083333333333336;0.0
426.0;51.666666666666664;0.0
432.0;47.291666666666664;0.5
438.0;44.166666666666664;1.25
444.0;55.833333333333336;0.5
450.0;70.41666666666667;0.0
456.0;72.5;0.5
462.0;49.583333333333336;0.0
468.0;38.75;0.0
474.0;36.666666666666664;0.0
480.0;39.166666666666664;0.0
486.0;33.333333333333336;0.0
492.0;31.875;0.0
498.0;43.125;0.0
504.0;45.0;0.5
510.0;61.25;0.25
516.0;48.75;0.0
522.0;54.166666666666664;0.0
528.0;29.166666666666668;0.125
534.0;38.333333333333336;0.5
540.0;45.0;0.0
546.0;36.666666666666664;0.0
552.0;40.416666666666664;0.0
558.0;40.0;0.0
564.0;39.791666666666664;0.0
570.0;35.833333333333336;0.0
576.0;41.666666666666664;0.5
582.0;36.666666666666664;0.0
588.0;45.416666666666664;0.0
594.0;60.416666666666664;0.0
600.0;48.75;0.0
606.0;40.0;0.0
612.0;30.0;0.0
618.0;42.291666666666664;0.5
624.0;49.166666666666664;0.25
630.0;41.666666666666664;0.25
636.0;32.5;0.0
642.0;37.5;0.0
648.0;28.541666666666668;0.0
654.0;35.833333333333336;0.0
660.0;51.666666666666664;0.0
666.0;53.75;0.5
672.0;42.5;0.625
678.0;60.416666666666664;0.0
684.0;57.083333333333336;0.0
690.0;37.916666666666664;0.0
696.0;39.166666666666664;0.0
702.0;27.5;0.5
708.0;35.208333333333336;0.0
714.0;48.75;0.5
720.0;37.5;0.0
726.0;39.166666666666664;0.0
732.0;30.0;1.0
738.0;40.625;0.0
744.0;65.41666666666667;0.0
750.0;91.66666666666667;0.0
756.0;94.16666666666667;1.0
762.0;72.29166666666667;0.5
768.0;36.458333333333336;0.0
774.0;47.5;0.0
780.0;25.833333333333332;0.0
786.0;33.333333333333336;0.75
792.0;35.0;0.5
798.0;36.041666666666664;0.0
804.0;42.291666666666664;0.0
810.0;52.916666666666664;0.5
816.0;69.58333333333333;0.0
822.0;67.91666666666667;0.0
828.0;55.0;0.5
834.0;35.0;0.5
840.0;40.416666666666664;0.5
846.0;29.166666666666668;0.0
852.0;36.875;0.5
858.0;38.958333333333336;1.0
864.0;37.5;0.0
870.0;39.166666666666664;0.75
876.0;35.416666666666664;0.0
882.0;27.083333333333332;0.5
888.0;35.416666666666664;0.0
894.0;72.29166666666667;0.0
900.0;69.16666666666667;0.0
906.0;47.083333333333336;0.75
912.0;37.083333333333336;0.5
918.0;35.625;0.0
924.0;23.75;0.0
930.0;31.25;0.0
936.0;52.5;0.0
942.0;31.666666666666668;0.0
948.0;36.666666666666664;0.0
954.0;29.166666666666668;0.0
960.0;34.166666666666664;0.0
966.0;65.0;0.0
972.0;56.666666666666664;0.5
978.0;76.04166666666667;0.125
984.0;53.125;0.25
990.0;45.0;1.0
996.0;50.0;0.0
1002.0;29.583333333333332;0.0
1008.0;30.0;0.0
1014.0;30.833333333333332;0.0
1020.0;24.166666666666668;0.75
1026.0;31.666666666666668;0.5
1032.0;37.916666666666664;0.0
1038.0;42.083333333333336;0.0
1044.0;44.583333333333336;0.25
1050.0;63.541666666666664;0.0
1056.0;47.5;0.0
1062.0;32.916666666666664;0.5
1068.0;35.208333333333336;0.0
1074.0;31.458333333333332;0.0
1080.0;36.666666666666664;0.0
1086.0;33.333333333333336;0.0
1092.0;44.166666666666664;0.5
1098.0;28.958333333333332;0.0
1104.0;40.625;0.5
1110.0;55.625;0.0
1116.0;42.083333333333336;0.0
1122.0;37.5;1.0
1128.0;40.625;0.0
1134.0;42.5;0.0
1140.0;39.166666666666664;0.0
1146.0;30.0;0.5
1152.0;32.916666666666664;0.75
1158.0;45.0;0.0
1164.0;39.583333333333336;0.0
1170.0;42.708333333333336;0.0
1176.0;45.416666666666664;0.5
1182.0;34.166666666666664;0.0
1188.0;32.5;0.0
1194.0;46.875;0.0
1200.0;77.08333333333333;0.0
1206.0;57.5;0.0
1212.0;54.375;0.5
1218.0;40.625;0.5
1224.0;27.916666666666668;0.5
1230.0;45.416666666666664;0.5
1236.0;42.916666666666664;0.0
1242.0;30.0;0.0
1248.0;22.708333333333332;0.5
1254.0;25.0;0.0
1260.0;37.708333333333336;0.0
1266.0;58.75;0.0
1272.0;54.375;0.0
1278.0;52.5;0.5
1284.0;63.958333333333336;0.0
1290.0;56.25;0.0
1296.0;37.083333333333336;0.5
1302.0;37.916666666666664;0.0
1308.0;32.708333333333336;0.0
1314.0;22.5;0.0
1320.0;24.166666666666668;0.0
1326.0;29.583333333333332;0.5
1332.0;26.25;0.0
1338.0;30.416666666666668;0.5
1344.0;42.916666666666664;0.5
1350.0;46.25;0.0
1356.0;38.75;0.0
1362.0;47.916666666666664;1.0
1368.0;49.166666666666664;0.0
1374.0;31.666666666666668;1.0
1380.0;34.166666666666664;0.0
1386.0;25.833333333333332;0.5
1392.0;35.833333333333336;0.5
1398.0;38.75;0.5
1404.0;51.458333333333336;0.0
1410.0;59.375;0.0
1416.0;58.333333333333336;0.0
1422.0;58.75;0.0
1428.0;54.791666666666664;0.0
1434.0;62.5;0.5
1440.0;49.166666666666664;0.5
1446.0;20.0;0.0
1452.0;23.333333333333332;1.0
1458.0;32.5;0.0
1464.0;34.375;0.25
1470.0;60.0;0.0
1476.0;52.916666666666664;0.0
1482.0;33.333333333333336;0.5
1488.0;37.5;0.0
1494.0;51.458333333333336;0.0
