#auto generated file!
6.0;0.0;0.0
12.0;0.0;0.0
18.0;2.2916666666666665;0.0
24.0;4.583333333333333;0.0
30.0;5.833333333333333;0.0
36.0;7.5;0.0
42.0;7.916666666666667;0.0
48.0;6.25;0.5
54.0;8.541666666666666;0.0
60.0;10.833333333333334;0.0
66.0;13.333333333333334;0.0
72.0;22.5;0.0
78.0;11.458333333333334;0.5
84.0;16.25;0.0
90.0;13.333333333333334;0.0
96.0;9.583333333333334;0.0
102.0;7.5;0.0
108.0;10.0;0.0
114.0;7.5;0.0
120.0;15.416666666666666;0.5
126.0;6.666666666666667;0.0
132.0;15.0;0.0
138.0;10.0;0.0
144.0;17.5;0.5
150.0;18.75;0.0
156.0;9.166666666666666;0.0
162.0;9.166666666666666;0.0
168.0;9.166666666666666;0.0
174.0;10.833333333333334;0.5
180.0;7.5;0.0
186.0;15.416666666666666;0.0
192.0;14.583333333333334;0.0
198.0;16.25;0.5
204.0;17.916666666666668;0.25
210.0;11.666666666666666;0.0
216.0;12.916666666666666;1.0
222.0;17.916666666666668;0.0
228.0;12.708333333333334;0.0
234.0;6.666666666666667;0.0
240.0;8.333333333333334;0.0
246.0;5.833333333333333;0.0
252.0;16.25;0.0
258.0;12.5;0.0
264.0;10.416666666666666;0.0
270.0;10.416666666666666;0.5
276.0;10.0;0.0
282.0;13.333333333333334;0.5
288.0;15.0;0.5
294.0;10.0;0.0
300.0;10.0;0.0
306.0;11.666666666666666;0.75
312.0;12.916666666666666;0.0
318.0;6.875;0.0
324.0;9.583333333333334;0.0
330.0;12.916666666666666;0.5
336.0;7.916666666666667;0.0
342.0;15.0;0.0
348.0;7.708333333333333;0.0
354.0;10.833333333333334;0.0
360.0;14.166666666666666;0.0
366.0;13.333333333333334;0.0
372.0;10.0;0.125
378.0;14.375;0.25
384.0;12.083333333333334;0.5
390.0;8.333333333333334;0.75
396.0;10.833333333333334;0.0
402.0;9.166666666666666;0.5
408.0;6.041666666666667;0.5
414.0;10.833333333333334;0.0
420.0;12.083333333333334;0.0
426.0;9.583333333333334;0.5
432.0;5.833333333333333;0.0
438.0;16.666666666666668;0.0
444.0;18.333333333333332;0.0
450.0;14.166666666666666;0.0
456.0;9.166666666666666;0.0
462.0;6.666666666666667;0.0
468.0;9.375;0.5
474.0;10.0;0.0
480.0;14.166666666666666;0.0
486.0;10.0;0.0
492.0;11.666666666666666;0.0
498.0;8.541666666666666;0.0
504.0;7.5;0.0
510.0;14.166666666666666;0.0
516.0;12.916666666666666;0.0
522.0;15.833333333333334;0.0
528.0;12.5;0.0
534.0;6.666666666666667;0.5
540.0;9.166666666666666;0.5
546.0;11.25;0.0
552.0;9.166666666666666;0.0
558.0;10.416666666666666;0.0
564.0;13.333333333333334;0.0
570.0;8.75;0.0
576.0;14.166666666666666;0.0
582.0;8.333333333333334;0.0
588.0;11.666666666666666;0.0
594.0;14.166666666666666;0.0
600.0;10.0;0.0
606.0;11.666666666666666;0.5
612.0;10.833333333333334;0.0
618.0;12.708333333333334;0.0
624.0;11.875;0.0
630.0;11.666666666666666;0.0
636.0;9.166666666666666;0.0
642.0;5.833333333333333;0.5
648.0;8.75;0.0
654.0;8.333333333333334;0.0
660.0;11.666666666666666;0.0
666.0;7.5;0.5
672.0;19.375;0.5
678.0;13.75;0.0
684.0;12.5;0.25
690.0;13.75;0.25
696.0;10.0;0.0
702.0;10.0;0.0
708.0;7.5;0.0
714.0;10.0;0.0
720.0;5.833333333333333;0.0
726.0;6.666666666666667;0.0
732.0;10.0;0.0
738.0;15.0;0.25
744.0;14.791666666666666;0.0
750.0;15.416666666666666;0.0
756.0;12.5;0.0
762.0;10.833333333333334;0.0
768.0;12.5;0.0
774.0;9.166666666666666;0.5
780.0;6.666666666666667;0.0
786.0;15.833333333333334;0.5
792.0;14.166666666666666;0.0
798.0;12.916666666666666;0.0
804.0;15.416666666666666;0.0
810.0;15.0;0.0
816.0;28.333333333333332;0.0
822.0;6.666666666666667;0.0
828.0;10.208333333333334;0.125
834.0;10.208333333333334;0.5
840.0;5.0;0.0
846.0;9.166666666666666;0.0
852.0;10.833333333333334;0.5
858.0;9.166666666666666;0.0
864.0;12.083333333333334;0.0
870.0;11.666666666666666;0.0
876.0;11.25;0.0
882.0;6.666666666666667;0.0
888.0;7.5;0.0
894.0;18.75;0.0
900.0;15.833333333333334;0.0
906.0;12.5;0.0
912.0;10.0;0.5
918.0;12.916666666666666;0.0
924.0;11.666666666666666;0.0
930.0;9.166666666666666;0.0
936.0;11.666666666666666;0.0
942.0;3.3333333333333335;0.5
948.0;15.833333333333334;0.0
954.0;7.5;0.0
960.0;9.166666666666666;0.0
966.0;13.333333333333334;0.0
972.0;14.166666666666666;0.0
978.0;10.833333333333334;0.0
984.0;8.75;0.0
990.0;11.666666666666666;0.25
996.0;11.25;0.0
1002.0;15.833333333333334;0.0
1008.0;10.0;0.5
1014.0;11.666666666666666;0.0
1020.0;7.5;0.0
1026.0;14.166666666666666;0.0
1032.0;12.916666666666666;0.0
1038.0;13.333333333333334;0.25
1044.0;12.916666666666666;0.0
1050.0;16.666666666666668;0.5
1056.0;12.083333333333334;0.0
1062.0;8.333333333333334;0.0
1068.0;13.333333333333334;0.0
1074.0;10.0;0.0
1080.0;10.0;0.0
1086.0;12.5;0.0
1092.0;12.083333333333334;0.0
1098.0;11.666666666666666;0.0
1104.0;6.666666666666667;0.0
1110.0;8.75;0.0
1116.0;13.75;0.0
1122.0;13.333333333333334;0.0
1128.0;11.666666666666666;0.0
1134.0;11.666666666666666;0.0
1140.0;13.333333333333334;0.0
1146.0;5.0;0.0
1152.0;7.5;0.0
1158.0;11.041666666666666;0.5
1164.0;11.666666666666666;0.0
1170.0;12.5;0.0
1176.0;10.0;0.0
1182.0;10.833333333333334;0.5
1188.0;7.5;0.0
1194.0;10.833333333333334;0.0
1200.0;13.333333333333334;0.5
1206.0;10.833333333333334;0.5
1212.0;11.666666666666666;0.25
1218.0;8.75;0.0
1224.0;8.75;0.0
1230.0;8.75;0.25
1236.0;7.5;0.0
1242.0;10.0;0.5
1248.0;8.333333333333334;0.125
1254.0;11.666666666666666;0.0
1260.0;11.25;0.0
1266.0;16.666666666666668;1.0
1272.0;14.166666666666666;0.0
1278.0;11.666666666666666;0.0
1284.0;15.416666666666666;0.0
1290.0;8.333333333333334;0.25
1296.0;5.0;0.0
1302.0;13.333333333333334;0.0
1308.0;11.666666666666666;0.0
1314.0;11.666666666666666;0.5
1320.0;12.5;0.0
1326.0;7.5;0.0
1332.0;5.416666666666667;0.0
1338.0;10.625;0.0
1344.0;15.416666666666666;0.0
1350.0;14.166666666666666;0.0
1356.0;16.25;0.5
1362.0;7.5;0.0
1368.0;9.375;0.0
1374.0;9.166666666666666;0.0
1380.0;10.833333333333334;1.0
1386.0;11.666666666666666;0.0
1392.0;11.25;0.0
1398.0;12.916666666666666;0.0
1404.0;12.916666666666666;0.5
1410.0;9.583333333333334;0.0
1416.0;13.75;0.0
1422.0;12.708333333333334;0.0
1428.0;15.0;0.0
1434.0;5.833333333333333;0.0
1440.0;11.666666666666666;0.0
1446.0;11.666666666666666;0.0
1452.0;10.416666666666666;0.0
1458.0;7.083333333333333;0.25
1464.0;13.75;0.0
1470.0;7.916666666666667;0.0
1476.0;6.666666666666667;0.0
1482.0;9.583333333333334;0.0
1488.0;15.0;0.0
1494.0;19.583333333333332;0.0
