#auto generated file!
180.0;161;73;41
186.0;165;70;40
192.0;167;65;43
198.0;171;65;39
204.0;165;68;42
210.0;167;69;39
216.0;156;76;43
222.0;159;73;43
228.0;163;63;49
234.0;162;72;41
240.0;162;75;38
246.0;154;83;38
252.0;159;81;35
258.0;155;69;51
264.0;152;83;40
270.0;159;80;36
276.0;155;83;37
282.0;159;90;26
288.0;157;87;31
294.0;157;84;34
300.0;159;80;36
306.0;158;78;39
312.0;158;83;34
318.0;160;81;34
324.0;162;74;39
330.0;153;76;46
336.0;155;80;40
342.0;153;81;41
348.0;152;85;38
354.0;153;85;37
360.0;155;79;41
366.0;150;79;46
372.0;163;74;38
378.0;173;72;30
384.0;170;74;31
390.0;166;80;29
396.0;166;86;23
402.0;161;85;29
408.0;162;78;35
414.0;160;81;34
420.0;167;78;30
426.0;168;73;34
432.0;166;79;30
438.0;167;76;32
444.0;171;71;33
450.0;165;74;36
456.0;164;74;37
462.0;169;67;39
468.0;168;66;41
474.0;173;66;36
480.0;173;71;31
486.0;170;69;36
492.0;167;70;38
498.0;166;66;43
504.0;167;64;44
510.0;163;72;40
516.0;162;74;39
522.0;159;71;45
528.0;160;73;42
534.0;158;75;42
540.0;166;76;33
546.0;168;74;33
552.0;167;73;35
558.0;165;73;37
564.0;161;78;36
570.0;165;76;34
576.0;165;74;36
582.0;169;66;40
588.0;178;63;34
594.0;175;65;35
600.0;168;68;39
606.0;166;73;36
612.0;164;73;38
618.0;160;69;46
624.0;161;69;45
630.0;164;76;35
636.0;170;74;31
642.0;163;78;34
648.0;167;77;31
654.0;164;75;36
660.0;160;82;33
666.0;165;78;32
672.0;163;80;32
678.0;166;81;28
684.0;166;78;31
690.0;170;76;29
696.0;169;84;22
702.0;165;85;25
708.0;167;80;28
714.0;167;85;23
720.0;162;85;28
726.0;166;76;33
732.0;169;72;34
738.0;167;70;38
744.0;170;73;32
750.0;176;73;26
756.0;170;77;28
762.0;171;70;34
768.0;165;76;34
774.0;165;72;38
780.0;153;79;43
786.0;152;80;43
792.0;145;79;51
798.0;143;87;45
804.0;149;83;43
810.0;150;82;43
816.0;155;76;44
822.0;157;78;40
828.0;160;75;40
834.0;157;79;39
840.0;169;70;36
846.0;162;75;38
852.0;160;80;35
858.0;164;81;30
864.0;160;76;39
870.0;161;76;38
876.0;162;73;40
882.0;158;77;40
888.0;151;82;42
894.0;149;75;51
900.0;139;80;56
906.0;144;79;52
912.0;146;76;53
918.0;151;69;55
924.0;159;72;44
930.0;162;69;44
936.0;162;72;41
942.0;167;69;39
948.0;173;67;35
954.0;161;76;38
960.0;167;68;40
966.0;177;60;38
972.0;170;70;35
978.0;169;69;37
984.0;162;70;43
990.0;159;72;44
996.0;156;77;42
1002.0;153;78;44
1008.0;162;82;31
1014.0;160;82;33
1020.0;167;73;35
1026.0;173;69;33
1032.0;171;76;28
1038.0;163;81;31
1044.0;158;80;37
1050.0;157;81;37
1056.0;156;79;40
1062.0;161;73;41
1068.0;164;67;44
1074.0;165;65;45
1080.0;164;67;44
1086.0;169;69;37
1092.0;175;69;31
1098.0;163;77;35
1104.0;156;74;45
1110.0;162;76;37
1116.0;165;76;34
1122.0;167;68;40
1128.0;169;66;40
1134.0;166;69;40
1140.0;162;75;38
1146.0;160;73;42
1152.0;160;76;39
1158.0;154;79;42
1164.0;160;75;40
1170.0;164;75;36
1176.0;161;77;37
1182.0;163;74;38
1188.0;165;71;39
1194.0;162;70;43
1200.0;162;75;38
1206.0;156;79;40
1212.0;159;78;38
1218.0;162;77;36
1224.0;166;81;28
1230.0;161;82;32
1236.0;159;87;29
1242.0;162;86;27
1248.0;156;82;37
1254.0;161;79;35
1260.0;164;76;35
1266.0;160;76;39
1272.0;154;83;38
1278.0;152;89;34
1284.0;152;91;32
1290.0;153;85;37
1296.0;151;81;43
1302.0;154;73;48
1308.0;146;79;50
1314.0;143;80;52
1320.0;146;75;54
1326.0;145;79;51
1332.0;144;79;52
1338.0;154;80;41
1344.0;157;75;43
1350.0;147;76;52
1356.0;151;77;47
1362.0;158;76;41
1368.0;162;80;33
1374.0;168;74;33
1380.0;171;72;32
1386.0;177;70;28
1392.0;176;73;26
1398.0;171;75;29
1404.0;160;84;31
1410.0;163;83;29
1416.0;164;78;33
1422.0;152;82;41
1428.0;152;81;42
1434.0;163;72;40
1440.0;164;71;40
1446.0;161;72;42
1452.0;155;80;40
1458.0;158;78;39
1464.0;158;81;36
1470.0;160;78;37
1476.0;166;71;38
1482.0;168;71;36
1488.0;165;75;35
1494.0;162;79;34
