#auto generated file!
6.0;0.0;0.0
12.0;0.4166666666666667;0.0
18.0;10.625;0.5
24.0;7.291666666666667;0.5
30.0;14.583333333333334;0.0
36.0;17.916666666666668;0.75
42.0;25.416666666666668;0.0
48.0;25.0;0.0
54.0;44.583333333333336;0.5
60.0;48.333333333333336;0.5
66.0;78.75;0.0
72.0;95.83333333333333;0.0
78.0;95.0;0.0
84.0;93.33333333333333;0.0
90.0;68.33333333333333;0.0
96.0;75.83333333333333;0.0
102.0;66.66666666666667;0.5
108.0;62.5;0.0
114.0;56.041666666666664;0.0
120.0;48.333333333333336;0.5
126.0;50.833333333333336;0.0
132.0;48.75;0.0
138.0;68.75;1.25
144.0;98.95833333333333;0.5
150.0;94.79166666666667;0.0
156.0;88.33333333333333;0.0
162.0;86.25;0.0
168.0;78.95833333333333;0.5
174.0;87.5;0.75
180.0;78.75;0.0
186.0;65.0;0.0
192.0;53.333333333333336;0.0
198.0;64.375;0.5
204.0;71.45833333333333;0.0
210.0;85.0;0.5
216.0;92.5;0.0
222.0;97.5;0.0
228.0;89.16666666666667;0.5
234.0;62.291666666666664;0.0
240.0;49.166666666666664;0.0
246.0;59.166666666666664;0.0
252.0;38.333333333333336;0.0
258.0;63.125;0.0
264.0;83.125;0.0
270.0;88.33333333333333;0.0
276.0;85.41666666666667;0.0
282.0;82.91666666666667;0.5
288.0;75.41666666666667;0.0
294.0;97.70833333333333;0.0
300.0;91.66666666666667;0.5
306.0;87.5;0.0
312.0;60.416666666666664;1.0
318.0;62.083333333333336;0.0
324.0;69.58333333333333;0.0
330.0;65.41666666666667;0.0
336.0;64.58333333333333;0.25
342.0;69.16666666666667;0.0
348.0;65.41666666666667;0.5
354.0;55.416666666666664;0.5
360.0;66.66666666666667;0.5
366.0;94.58333333333333;0.0
372.0;92.08333333333333;0.0
378.0;67.08333333333333;0.0
384.0;93.95833333333333;0.0
390.0;96.66666666666667;0.25
396.0;95.41666666666667;0.75
402.0;67.5;0.0
408.0;67.70833333333333;0.0
414.0;40.833333333333336;0.0
420.0;54.166666666666664;1.25
426.0;52.916666666666664;0.0
432.0;50.0;0.75
438.0;79.58333333333333;0.0
444.0;94.79166666666667;0.25
450.0;97.08333333333333;0.0
456.0;80.83333333333333;0.5
462.0;71.66666666666667;0.0
468.0;61.875;0.0
474.0;66.25;0.0
480.0;58.333333333333336;0.5
486.0;48.333333333333336;0.0
492.0;43.75;0.0
498.0;42.916666666666664;0.25
504.0;71.25;0.0
510.0;75.41666666666667;0.25
516.0;81.66666666666667;0.0
522.0;82.91666666666667;0.0
528.0;91.04166666666667;0.75
534.0;85.41666666666667;0.0
540.0;88.33333333333333;0.5
546.0;73.33333333333333;0.0
552.0;77.5;0.0
558.0;69.79166666666667;0.0
564.0;78.33333333333333;0.0
570.0;83.33333333333333;0.0
576.0;64.16666666666667;0.0
582.0;60.0;0.0
588.0;68.125;0.5
594.0;71.875;0.5
600.0;67.5;0.0
606.0;69.16666666666667;0.0
612.0;80.0;0.0
618.0;97.5;0.0
624.0;87.08333333333333;0.0
630.0;62.083333333333336;0.0
636.0;72.5;0.0
642.0;66.04166666666667;0.0
648.0;62.916666666666664;0.5
654.0;42.916666666666664;0.0
660.0;47.083333333333336;0.0
666.0;70.41666666666667;0.0
672.0;98.125;0.0
678.0;94.16666666666667;0.0
684.0;79.16666666666667;0.5
690.0;70.0;0.0
696.0;96.25;0.0
702.0;71.25;0.0
708.0;75.41666666666667;0.0
714.0;46.458333333333336;0.0
720.0;57.5;0.125
726.0;50.833333333333336;0.0
732.0;54.166666666666664;0.5
738.0;52.5;0.0
744.0;82.91666666666667;0.0
750.0;91.25;0.0
756.0;91.66666666666667;0.0
762.0;75.0;0.0
768.0;76.25;0.0
774.0;82.08333333333333;0.75
780.0;76.66666666666667;0.0
786.0;62.083333333333336;0.5
792.0;62.291666666666664;0.0
798.0;72.70833333333333;0.0
804.0;86.875;0.0
810.0;94.16666666666667;0.0
816.0;92.91666666666667;1.25
822.0;97.91666666666667;0.0
828.0;95.83333333333333;0.5
834.0;78.125;0.0
840.0;59.166666666666664;0.0
846.0;45.0;0.0
852.0;49.583333333333336;0.5
858.0;42.083333333333336;0.5
864.0;59.166666666666664;0.25
870.0;59.583333333333336;0.0
876.0;58.75;0.0
882.0;43.541666666666664;0.0
888.0;61.25;0.0
894.0;94.79166666666667;0.0
900.0;93.33333333333333;0.0
906.0;94.58333333333333;0.0
912.0;62.083333333333336;0.0
918.0;74.16666666666667;0.0
924.0;75.41666666666667;0.0
930.0;73.33333333333333;0.0
936.0;57.916666666666664;1.0
942.0;56.666666666666664;0.0
948.0;72.91666666666667;0.0
954.0;77.5;0.5
960.0;99.58333333333333;0.5
966.0;88.33333333333333;0.5
972.0;92.5;0.5
978.0;93.33333333333333;0.0
984.0;91.04166666666667;0.5
990.0;96.66666666666667;0.5
996.0;92.5;0.5
1002.0;79.16666666666667;0.0
1008.0;49.583333333333336;0.0
1014.0;57.083333333333336;0.0
1020.0;49.583333333333336;0.0
1026.0;48.75;0.5
1032.0;51.25;0.0
1038.0;86.25;0.0
1044.0;99.58333333333333;0.0
1050.0;88.75;1.25
1056.0;89.16666666666667;0.0
1062.0;56.666666666666664;0.0
1068.0;59.375;0.0
1074.0;58.125;0.5
1080.0;59.583333333333336;0.5
1086.0;44.166666666666664;0.0
1092.0;56.666666666666664;0.5
1098.0;56.666666666666664;0.5
1104.0;69.58333333333333;0.0
1110.0;85.41666666666667;0.5
1116.0;95.83333333333333;0.0
1122.0;90.83333333333333;0.5
1128.0;96.45833333333333;0.5
1134.0;93.33333333333333;0.5
1140.0;72.70833333333333;0.5
1146.0;71.66666666666667;0.0
1152.0;72.08333333333333;0.0
1158.0;78.95833333333333;0.5
1164.0;76.875;0.5
1170.0;83.75;0.5
1176.0;78.33333333333333;0.0
1182.0;65.83333333333333;0.0
1188.0;70.20833333333333;1.0
1194.0;79.58333333333333;0.0
1200.0;96.25;0.5
1206.0;84.16666666666667;0.0
1212.0;44.166666666666664;0.0
1218.0;75.0;0.0
1224.0;93.33333333333333;0.5
1230.0;88.75;0.0
1236.0;67.08333333333333;0.0
1242.0;46.875;0.0
1248.0;49.375;0.125
1254.0;65.20833333333333;0.0
1260.0;69.58333333333333;0.5
1266.0;78.75;0.0
1272.0;95.83333333333333;0.0
1278.0;93.33333333333333;0.125
1284.0;84.375;0.75
1290.0;90.0;0.0
1296.0;75.41666666666667;0.0
1302.0;64.16666666666667;0.0
1308.0;40.416666666666664;0.5
1314.0;67.08333333333333;1.0
1320.0;70.41666666666667;0.5
1326.0;52.083333333333336;1.0
1332.0;67.70833333333333;0.0
1338.0;79.79166666666667;0.0
1344.0;85.0;0.0
1350.0;97.91666666666667;0.25
1356.0;83.75;1.25
1362.0;74.58333333333333;0.0
1368.0;85.41666666666667;0.0
1374.0;71.25;0.0
1380.0;64.79166666666667;0.0
1386.0;53.75;1.25
1392.0;54.583333333333336;0.0
1398.0;59.583333333333336;0.0
1404.0;70.0;0.5
1410.0;64.58333333333333;0.0
1416.0;87.5;0.5
1422.0;92.91666666666667;0.5
1428.0;99.16666666666667;0.0
1434.0;80.0;0.0
1440.0;62.5;0.0
1446.0;53.333333333333336;0.5
1452.0;49.583333333333336;0.0
1458.0;63.333333333333336;0.0
1464.0;64.79166666666667;0.25
1470.0;83.33333333333333;0.0
1476.0;69.58333333333333;0.0
1482.0;61.666666666666664;0.0
1488.0;87.29166666666667;0.0
1494.0;79.58333333333333;0.75
