#auto generated file!
6.0;0.0;0.0
12.0;0.0;0.0
18.0;4.166666666666667;0.0
24.0;10.0;0.25
30.0;12.083333333333334;0.0
36.0;15.0;0.75
42.0;29.583333333333332;0.5
48.0;31.875;0.0
54.0;39.583333333333336;0.5
60.0;47.5;0.0
66.0;48.75;0.5
72.0;52.083333333333336;1.0
78.0;50.833333333333336;0.0
84.0;43.125;0.25
90.0;44.166666666666664;0.25
96.0;37.083333333333336;0.0
102.0;38.75;0.0
108.0;30.0;0.0
114.0;20.833333333333332;0.0
120.0;34.583333333333336;0.0
126.0;38.75;0.5
132.0;32.5;1.0
138.0;43.333333333333336;0.0
144.0;53.541666666666664;0.25
150.0;56.666666666666664;0.5
156.0;48.333333333333336;0.0
162.0;37.083333333333336;0.0
168.0;38.333333333333336;0.0
174.0;37.5;0.0
180.0;24.166666666666668;0.0
186.0;33.75;0.0
192.0;25.416666666666668;0.0
198.0;30.208333333333332;0.0
204.0;30.416666666666668;0.5
210.0;49.583333333333336;0.0
216.0;41.666666666666664;0.0
222.0;43.333333333333336;0.5
228.0;44.166666666666664;0.0
234.0;45.208333333333336;0.5
240.0;39.166666666666664;0.5
246.0;26.666666666666668;0.0
252.0;30.0;0.0
258.0;35.0;0.0
264.0;31.25;0.0
270.0;42.916666666666664;0.0
276.0;55.833333333333336;0.75
282.0;35.833333333333336;0.0
288.0;42.916666666666664;0.5
294.0;47.5;0.5
300.0;47.5;0.0
306.0;49.583333333333336;0.5
312.0;46.25;0.0
318.0;31.666666666666668;0.0
324.0;45.416666666666664;0.0
330.0;37.083333333333336;0.0
336.0;32.083333333333336;0.0
342.0;35.833333333333336;0.0
348.0;50.0;0.0
354.0;45.0;0.0
360.0;45.0;0.0
366.0;49.583333333333336;0.0
372.0;51.041666666666664;0.0
378.0;55.208333333333336;0.0
384.0;40.833333333333336;0.0
390.0;44.791666666666664;0.25
396.0;31.25;0.0
402.0;30.208333333333332;0.0
408.0;21.875;0.0
414.0;25.625;0.0
420.0;40.0;0.0
426.0;34.166666666666664;0.0
432.0;39.166666666666664;0.0
438.0;33.75;0.0
444.0;37.291666666666664;0.0
450.0;38.333333333333336;0.5
456.0;37.5;0.0
462.0;34.583333333333336;0.0
468.0;30.0;0.0
474.0;29.166666666666668;0.5
480.0;41.666666666666664;0.0
486.0;34.166666666666664;0.0
492.0;35.833333333333336;0.0
498.0;38.75;0.0
504.0;55.208333333333336;0.0
510.0;53.75;0.25
516.0;52.083333333333336;0.0
522.0;49.583333333333336;0.0
528.0;50.833333333333336;0.0
534.0;61.25;0.5
540.0;47.916666666666664;0.0
546.0;42.916666666666664;0.0
552.0;49.583333333333336;0.5
558.0;39.166666666666664;0.75
564.0;36.458333333333336;0.0
570.0;46.666666666666664;0.0
576.0;45.0;0.0
582.0;39.583333333333336;0.5
588.0;38.75;0.0
594.0;53.333333333333336;0.0
600.0;49.166666666666664;0.5
606.0;44.166666666666664;0.5
612.0;42.5;0.0
618.0;34.166666666666664;0.5
624.0;46.666666666666664;0.0
630.0;32.916666666666664;0.0
636.0;34.166666666666664;0.0
642.0;34.791666666666664;1.5
648.0;39.375;0.0
654.0;45.416666666666664;0.75
660.0;34.166666666666664;0.0
666.0;35.833333333333336;0.0
672.0;36.666666666666664;0.0
678.0;43.333333333333336;0.25
684.0;45.416666666666664;1.0
690.0;42.083333333333336;0.25
696.0;38.75;0.5
702.0;30.0;0.0
708.0;45.0;0.0
714.0;35.0;0.75
720.0;41.666666666666664;0.0
726.0;41.666666666666664;0.5
732.0;44.583333333333336;0.0
738.0;39.583333333333336;0.5
744.0;46.875;0.5
750.0;41.25;0.0
756.0;36.666666666666664;0.5
762.0;42.083333333333336;0.0
768.0;30.833333333333332;0.0
774.0;24.166666666666668;0.125
780.0;37.5;0.0
786.0;31.25;0.75
792.0;25.416666666666668;0.0
798.0;34.791666666666664;0.0
804.0;51.458333333333336;0.0
810.0;47.916666666666664;0.5
816.0;52.083333333333336;0.5
822.0;49.583333333333336;0.5
828.0;48.75;0.0
834.0;47.5;0.0
840.0;44.791666666666664;0.5
846.0;34.166666666666664;0.0
852.0;34.166666666666664;0.0
858.0;24.166666666666668;0.5
864.0;28.333333333333332;0.5
870.0;32.083333333333336;0.5
876.0;34.583333333333336;0.0
882.0;35.833333333333336;0.5
888.0;47.916666666666664;0.0
894.0;46.666666666666664;1.75
900.0;50.208333333333336;0.5
906.0;44.583333333333336;0.0
912.0;39.166666666666664;0.0
918.0;41.458333333333336;0.5
924.0;47.083333333333336;0.0
930.0;41.666666666666664;0.0
936.0;37.916666666666664;0.0
942.0;43.75;1.0
948.0;44.583333333333336;1.0
954.0;51.041666666666664;0.5
960.0;51.666666666666664;0.0
966.0;50.0;0.0
972.0;49.166666666666664;0.0
978.0;52.083333333333336;0.0
984.0;47.5;0.0
990.0;47.5;0.0
996.0;40.416666666666664;0.0
1002.0;38.333333333333336;0.0
1008.0;31.666666666666668;0.5
1014.0;36.25;0.5
1020.0;39.166666666666664;0.0
1026.0;47.083333333333336;0.0
1032.0;32.916666666666664;0.0
1038.0;46.875;0.0
1044.0;53.75;0.0
1050.0;47.083333333333336;0.0
1056.0;42.5;0.0
1062.0;49.166666666666664;0.0
1068.0;36.25;0.0
1074.0;37.916666666666664;0.0
1080.0;34.166666666666664;0.0
1086.0;27.5;0.0
1092.0;24.583333333333332;0.0
1098.0;40.416666666666664;0.0
1104.0;46.875;0.0
1110.0;39.583333333333336;0.0
1116.0;45.416666666666664;0.5
1122.0;40.0;0.0
1128.0;40.833333333333336;0.0
1134.0;35.0;0.0
1140.0;36.666666666666664;0.0
1146.0;33.75;0.0
1152.0;48.75;0.0
1158.0;30.208333333333332;0.5
1164.0;35.416666666666664;0.0
1170.0;40.833333333333336;0.0
1176.0;37.5;0.5
1182.0;44.166666666666664;0.0
1188.0;35.208333333333336;0.0
1194.0;45.416666666666664;0.5
1200.0;55.833333333333336;0.0
1206.0;45.0;0.0
1212.0;35.833333333333336;0.5
1218.0;28.75;0.5
1224.0;32.083333333333336;0.0
1230.0;41.25;0.25
1236.0;35.833333333333336;0.5
1242.0;30.416666666666668;0.0
1248.0;40.0;0.0
1254.0;31.875;0.75
1260.0;35.416666666666664;0.0
1266.0;42.5;0.0
1272.0;41.25;0.0
1278.0;42.291666666666664;0.0
1284.0;44.583333333333336;0.0
1290.0;35.416666666666664;0.0
1296.0;28.333333333333332;0.25
1302.0;25.833333333333332;0.0
1308.0;27.708333333333332;0.0
1314.0;33.541666666666664;0.5
1320.0;44.166666666666664;0.0
1326.0;34.166666666666664;0.0
1332.0;34.583333333333336;0.0
1338.0;43.958333333333336;0.0
1344.0;45.833333333333336;0.0
1350.0;49.791666666666664;0.0
1356.0;44.583333333333336;0.0
1362.0;40.416666666666664;0.0
1368.0;40.833333333333336;0.0
1374.0;33.75;0.0
1380.0;31.666666666666668;0.0
1386.0;25.0;0.0
1392.0;29.583333333333332;0.0
1398.0;42.916666666666664;0.0
1404.0;41.25;0.0
1410.0;47.083333333333336;0.0
1416.0;59.166666666666664;0.0
1422.0;59.166666666666664;0.0
1428.0;58.125;0.0
1434.0;51.458333333333336;0.5
1440.0;51.666666666666664;0.0
1446.0;37.5;0.0
1452.0;38.333333333333336;0.0
1458.0;27.5;0.0
1464.0;31.25;0.25
1470.0;31.666666666666668;0.5
1476.0;43.75;0.0
1482.0;42.5;0.5
1488.0;46.25;0.0
1494.0;41.25;0.0
