#auto generated file!
6.0;0.0;0.0
12.0;1.25;0.0
18.0;6.041666666666667;0.0
24.0;20.416666666666668;0.25
30.0;20.0;0.0
36.0;28.333333333333332;0.5
42.0;39.583333333333336;0.0
48.0;62.916666666666664;0.0
54.0;93.33333333333333;0.0
60.0;97.5;0.0
66.0;80.83333333333333;0.5
72.0;96.66666666666667;0.75
78.0;92.91666666666667;0.0
84.0;85.625;0.0
90.0;72.08333333333333;0.0
96.0;84.16666666666667;0.0
102.0;82.91666666666667;0.5
108.0;66.875;0.0
114.0;59.166666666666664;0.0
120.0;66.25;0.0
126.0;82.91666666666667;0.0
132.0;80.0;0.5
138.0;98.33333333333333;0.0
144.0;95.0;0.5
150.0;98.125;0.0
156.0;84.16666666666667;0.0
162.0;92.5;0.5
168.0;85.625;0.0
174.0;82.5;0.0
180.0;96.66666666666667;0.0
186.0;78.33333333333333;0.0
192.0;70.0;0.0
198.0;85.41666666666667;0.0
204.0;99.16666666666667;0.75
210.0;95.41666666666667;0.0
216.0;97.5;1.0
222.0;97.29166666666667;0.0
228.0;82.91666666666667;0.0
234.0;90.0;0.0
240.0;90.0;0.0
246.0;90.0;0.0
252.0;73.75;0.0
258.0;80.20833333333333;0.125
264.0;80.41666666666667;0.5
270.0;71.66666666666667;0.0
276.0;74.58333333333333;0.5
282.0;84.58333333333333;0.5
288.0;95.83333333333333;0.125
294.0;93.33333333333333;0.125
300.0;91.25;0.5
306.0;97.5;0.5
312.0;71.66666666666667;0.0
318.0;88.95833333333333;1.0
324.0;97.29166666666667;0.0
330.0;95.0;0.0
336.0;96.66666666666667;0.0
342.0;81.25;0.0
348.0;96.45833333333333;0.0
354.0;74.16666666666667;0.5
360.0;85.41666666666667;0.75
366.0;86.66666666666667;0.0
372.0;96.875;0.0
378.0;97.70833333333333;0.0
384.0;90.0;0.0
390.0;92.5;1.0
396.0;91.66666666666667;0.25
402.0;92.5;0.0
408.0;81.66666666666667;0.0
414.0;99.16666666666667;0.75
420.0;97.91666666666667;0.0
426.0;90.41666666666667;0.5
432.0;90.41666666666667;0.0
438.0;87.29166666666667;0.5
444.0;92.29166666666667;0.0
450.0;98.75;0.0
456.0;84.16666666666667;0.0
462.0;73.75;0.0
468.0;77.08333333333333;0.0
474.0;95.41666666666667;0.0
480.0;83.33333333333333;0.0
486.0;81.25;0.0
492.0;84.58333333333333;0.0
498.0;61.041666666666664;0.0
504.0;96.45833333333333;0.0
510.0;94.16666666666667;0.5
516.0;97.91666666666667;0.0
522.0;96.66666666666667;0.0
528.0;97.70833333333333;0.5
534.0;97.70833333333333;0.5
540.0;77.70833333333333;1.0
546.0;90.0;0.0
552.0;95.83333333333333;0.5
558.0;89.16666666666667;0.0
564.0;74.375;1.0
570.0;81.25;0.5
576.0;90.83333333333333;0.0
582.0;98.33333333333333;0.5
588.0;91.04166666666667;0.0
594.0;98.33333333333333;0.0
600.0;97.5;0.0
606.0;94.16666666666667;0.5
612.0;83.33333333333333;0.0
618.0;80.41666666666667;0.0
624.0;81.25;0.0
630.0;91.66666666666667;0.25
636.0;77.5;0.0
642.0;98.33333333333333;0.0
648.0;80.0;0.5
654.0;98.75;0.5
660.0;98.75;0.0
666.0;98.33333333333333;0.0
672.0;98.33333333333333;0.0
678.0;96.45833333333333;0.5
684.0;78.95833333333333;1.0
690.0;97.08333333333333;0.5
696.0;93.75;0.0
702.0;99.16666666666667;1.0
708.0;76.25;0.0
714.0;86.66666666666667;0.0
720.0;73.33333333333333;1.25
726.0;61.666666666666664;0.0
732.0;74.16666666666667;0.0
738.0;88.75;0.0
744.0;98.95833333333333;0.0
750.0;98.75;0.0
756.0;90.41666666666667;0.5
762.0;98.75;0.0
768.0;79.58333333333333;0.0
774.0;80.625;0.5
780.0;93.33333333333333;0.0
786.0;76.66666666666667;0.0
792.0;77.91666666666667;0.5
798.0;98.54166666666667;0.5
804.0;98.75;0.75
810.0;97.5;0.5
816.0;95.83333333333333;0.0
822.0;98.33333333333333;0.0
828.0;92.91666666666667;0.0
834.0;85.625;0.0
840.0;85.41666666666667;0.5
846.0;55.833333333333336;0.0
852.0;66.66666666666667;0.625
858.0;96.66666666666667;0.0
864.0;95.20833333333333;1.0
870.0;92.5;0.0
876.0;95.41666666666667;0.0
882.0;80.83333333333333;1.0
888.0;90.83333333333333;0.0
894.0;99.16666666666667;0.5
900.0;96.45833333333333;0.0
906.0;90.41666666666667;0.0
912.0;75.83333333333333;0.0
918.0;90.0;0.0
924.0;88.75;0.0
930.0;61.25;0.0
936.0;60.416666666666664;0.5
942.0;75.83333333333333;0.0
948.0;83.33333333333333;0.0
954.0;97.5;0.0
960.0;100.0;0.0
966.0;100.0;0.0
972.0;97.08333333333333;0.0
978.0;98.75;0.5
984.0;85.625;0.0
990.0;94.16666666666667;0.5
996.0;97.08333333333333;0.0
1002.0;76.45833333333333;1.0
1008.0;68.75;0.0
1014.0;72.5;0.5
1020.0;82.08333333333333;0.0
1026.0;71.25;0.75
1032.0;87.08333333333333;0.0
1038.0;96.25;0.5
1044.0;97.5;0.5
1050.0;99.58333333333333;0.0
1056.0;97.91666666666667;0.5
1062.0;86.45833333333333;0.0
1068.0;91.66666666666667;0.0
1074.0;92.70833333333333;0.75
1080.0;91.66666666666667;0.0
1086.0;85.83333333333333;0.0
1092.0;63.75;0.0
1098.0;76.25;0.0
1104.0;95.41666666666667;0.0
1110.0;86.25;0.5
1116.0;97.91666666666667;0.0
1122.0;96.25;0.0
1128.0;86.66666666666667;0.5
1134.0;92.5;0.5
1140.0;85.41666666666667;1.0
1146.0;90.83333333333333;0.0
1152.0;91.66666666666667;0.0
1158.0;92.29166666666667;0.5
1164.0;96.04166666666667;0.0
1170.0;86.66666666666667;0.0
1176.0;90.0;0.0
1182.0;95.0;0.0
1188.0;98.125;0.5
1194.0;93.75;0.0
1200.0;88.75;0.5
1206.0;76.25;0.5
1212.0;90.41666666666667;0.0
1218.0;90.83333333333333;0.25
1224.0;98.95833333333333;0.0
1230.0;82.08333333333333;0.5
1236.0;75.83333333333333;0.0
1242.0;97.08333333333333;0.0
1248.0;91.875;0.0
1254.0;96.45833333333333;0.0
1260.0;86.66666666666667;0.0
1266.0;98.75;1.0
1272.0;98.75;0.0
1278.0;96.04166666666667;1.0
1284.0;91.45833333333333;0.0
1290.0;94.58333333333333;0.0
1296.0;91.66666666666667;0.5
1302.0;82.91666666666667;0.0
1308.0;82.5;0.0
1314.0;70.20833333333333;0.5
1320.0;56.666666666666664;0.0
1326.0;65.41666666666667;0.0
1332.0;80.41666666666667;0.0
1338.0;93.125;0.0
1344.0;92.29166666666667;0.0
1350.0;94.16666666666667;0.0
1356.0;97.91666666666667;0.0
1362.0;95.41666666666667;0.5
1368.0;82.91666666666667;0.0
1374.0;82.91666666666667;0.75
1380.0;81.25;0.75
1386.0;80.83333333333333;0.0
1392.0;96.45833333333333;0.0
1398.0;82.91666666666667;0.625
1404.0;92.91666666666667;0.5
1410.0;98.95833333333333;0.0
1416.0;89.58333333333333;0.0
1422.0;98.75;0.0
1428.0;92.5;0.0
1434.0;81.45833333333333;0.0
1440.0;88.75;0.5
1446.0;78.75;0.0
1452.0;100.0;0.0
1458.0;96.25;0.0
1464.0;96.875;0.0
1470.0;96.25;0.0
1476.0;94.16666666666667;0.0
1482.0;93.54166666666667;0.0
1488.0;88.95833333333333;0.0
1494.0;88.75;0.0
