#auto generated file!
6.0;0.0;0.0
12.0;0.4166666666666667;0.0
18.0;3.75;0.0
24.0;7.5;0.0
30.0;7.083333333333333;0.0
36.0;3.3333333333333335;0.0
42.0;6.666666666666667;0.0
48.0;10.625;0.0
54.0;19.583333333333332;0.0
60.0;10.0;0.0
66.0;26.666666666666668;0.5
72.0;27.5;0.5
78.0;17.916666666666668;0.5
84.0;21.666666666666668;0.5
90.0;24.583333333333332;0.25
96.0;23.75;0.0
102.0;21.666666666666668;0.5
108.0;20.0;0.0
114.0;20.0;0.5
120.0;25.0;0.0
126.0;17.083333333333332;0.5
132.0;17.083333333333332;0.0
138.0;21.25;0.0
144.0;27.5;0.5
150.0;16.25;0.25
156.0;13.333333333333334;0.0
162.0;13.333333333333334;0.0
168.0;21.25;0.5
174.0;24.166666666666668;0.0
180.0;15.833333333333334;0.0
186.0;19.166666666666668;0.5
192.0;17.5;0.0
198.0;10.0;0.5
204.0;17.916666666666668;0.0
210.0;21.666666666666668;0.0
216.0;20.833333333333332;0.0
222.0;28.333333333333332;0.5
228.0;23.958333333333332;0.0
234.0;12.5;0.5
240.0;21.666666666666668;0.0
246.0;28.333333333333332;0.5
252.0;21.25;0.5
258.0;26.666666666666668;0.5
264.0;19.166666666666668;0.5
270.0;19.166666666666668;0.5
276.0;10.833333333333334;0.0
282.0;16.666666666666668;0.0
288.0;28.958333333333332;0.0
294.0;31.875;0.0
300.0;26.666666666666668;0.0
306.0;23.333333333333332;0.5
312.0;22.708333333333332;0.0
318.0;20.208333333333332;0.0
324.0;15.833333333333334;1.0
330.0;21.25;1.0
336.0;27.5;0.5
342.0;12.5;0.0
348.0;17.5;0.0
354.0;15.0;0.5
360.0;23.333333333333332;0.0
366.0;35.0;0.0
372.0;21.666666666666668;0.5
378.0;32.083333333333336;0.125
384.0;17.5;0.5
390.0;20.416666666666668;0.5
396.0;22.916666666666668;0.0
402.0;24.791666666666668;0.0
408.0;20.0;0.0
414.0;25.0;0.5
420.0;18.333333333333332;0.5
426.0;5.833333333333333;0.0
432.0;17.083333333333332;0.0
438.0;22.708333333333332;0.5
444.0;24.166666666666668;0.0
450.0;33.333333333333336;0.25
456.0;15.416666666666666;0.5
462.0;21.666666666666668;0.0
468.0;26.666666666666668;0.0
474.0;16.666666666666668;0.125
480.0;24.583333333333332;0.0
486.0;20.833333333333332;0.0
492.0;16.25;1.0
498.0;21.25;0.5
504.0;13.75;0.25
510.0;21.25;0.5
516.0;32.5;0.0
522.0;35.416666666666664;0.0
528.0;18.75;0.0
534.0;21.666666666666668;0.0
540.0;9.583333333333334;0.5
546.0;22.083333333333332;0.0
552.0;14.583333333333334;0.75
558.0;26.25;0.0
564.0;21.25;0.5
570.0;14.166666666666666;0.0
576.0;20.833333333333332;0.0
582.0;13.333333333333334;0.0
588.0;17.708333333333332;0.0
594.0;20.833333333333332;0.0
600.0;24.583333333333332;0.5
606.0;12.5;0.5
612.0;19.166666666666668;0.0
618.0;13.333333333333334;0.0
624.0;26.25;0.0
630.0;28.75;0.0
636.0;23.75;1.0
642.0;17.083333333333332;0.0
648.0;7.916666666666667;0.0
654.0;17.083333333333332;0.0
660.0;17.083333333333332;0.5
666.0;15.416666666666666;0.5
672.0;16.875;0.5
678.0;20.0;0.0
684.0;16.25;0.5
690.0;16.666666666666668;0.25
696.0;19.166666666666668;0.0
702.0;17.5;0.0
708.0;21.666666666666668;0.0
714.0;17.916666666666668;0.0
720.0;11.666666666666666;0.0
726.0;11.666666666666666;1.0
732.0;12.5;0.0
738.0;26.666666666666668;0.0
744.0;22.916666666666668;0.0
750.0;21.666666666666668;0.0
756.0;22.5;0.5
762.0;20.0;0.125
768.0;15.208333333333334;0.5
774.0;20.833333333333332;0.0
780.0;17.916666666666668;0.0
786.0;20.833333333333332;1.5
792.0;11.666666666666666;0.0
798.0;20.416666666666668;0.0
804.0;19.583333333333332;0.0
810.0;25.833333333333332;0.0
816.0;30.833333333333332;0.0
822.0;29.583333333333332;0.0
828.0;17.5;0.5
834.0;18.541666666666668;0.0
840.0;17.5;0.5
846.0;23.333333333333332;0.0
852.0;14.166666666666666;0.0
858.0;25.416666666666668;0.75
864.0;17.5;0.5
870.0;13.75;0.5
876.0;18.75;0.5
882.0;25.0;0.0
888.0;16.25;0.0
894.0;29.166666666666668;0.5
900.0;27.5;1.5
906.0;23.75;0.0
912.0;19.166666666666668;0.0
918.0;17.083333333333332;0.5
924.0;32.708333333333336;0.25
930.0;12.5;0.5
936.0;15.833333333333334;0.75
942.0;18.75;0.0
948.0;10.416666666666666;0.0
954.0;17.5;0.5
960.0;20.0;0.0
966.0;22.5;1.0
972.0;25.0;0.0
978.0;17.083333333333332;0.5
984.0;15.0;0.0
990.0;25.833333333333332;0.5
996.0;21.666666666666668;0.5
1002.0;18.333333333333332;0.5
1008.0;18.333333333333332;0.5
1014.0;17.5;0.0
1020.0;19.583333333333332;0.0
1026.0;13.333333333333334;0.75
1032.0;19.166666666666668;0.0
1038.0;23.541666666666668;0.0
1044.0;30.416666666666668;0.0
1050.0;34.166666666666664;0.25
1056.0;22.083333333333332;0.0
1062.0;20.416666666666668;0.0
1068.0;18.75;0.0
1074.0;18.333333333333332;0.5
1080.0;18.333333333333332;0.0
1086.0;29.166666666666668;0.0
1092.0;15.0;0.0
1098.0;23.75;0.0
1104.0;20.0;0.5
1110.0;18.333333333333332;0.0
1116.0;22.083333333333332;0.0
1122.0;32.083333333333336;0.0
1128.0;15.833333333333334;0.0
1134.0;14.583333333333334;0.0
1140.0;15.833333333333334;0.5
1146.0;20.833333333333332;0.5
1152.0;21.25;0.0
1158.0;19.583333333333332;0.0
1164.0;24.166666666666668;0.0
1170.0;17.5;0.5
1176.0;16.666666666666668;0.0
1182.0;15.0;0.0
1188.0;19.583333333333332;0.0
1194.0;16.666666666666668;0.5
1200.0;15.0;0.5
1206.0;13.333333333333334;0.0
1212.0;15.0;1.0
1218.0;19.583333333333332;0.0
1224.0;20.416666666666668;0.0
1230.0;23.333333333333332;0.0
1236.0;10.833333333333334;0.5
1242.0;9.166666666666666;0.0
1248.0;16.666666666666668;0.75
1254.0;20.416666666666668;0.0
1260.0;16.666666666666668;0.0
1266.0;20.833333333333332;0.0
1272.0;30.0;0.0
1278.0;14.583333333333334;0.0
1284.0;14.166666666666666;0.0
1290.0;12.083333333333334;0.5
1296.0;17.083333333333332;0.0
1302.0;10.0;0.0
1308.0;24.583333333333332;0.0
1314.0;18.333333333333332;0.5
1320.0;11.666666666666666;0.0
1326.0;13.333333333333334;0.0
1332.0;21.666666666666668;0.5
1338.0;26.25;0.0
1344.0;28.958333333333332;0.25
1350.0;22.916666666666668;0.25
1356.0;20.0;0.0
1362.0;14.166666666666666;0.0
1368.0;10.416666666666666;0.0
1374.0;25.208333333333332;0.5
1380.0;24.166666666666668;0.0
1386.0;15.0;0.5
1392.0;15.0;0.0
1398.0;17.083333333333332;0.5
1404.0;16.666666666666668;0.0
1410.0;26.25;0.0
1416.0;32.916666666666664;0.0
1422.0;28.333333333333332;1.75
1428.0;25.833333333333332;0.5
1434.0;17.5;0.5
1440.0;22.083333333333332;0.0
1446.0;27.5;0.0
1452.0;27.083333333333332;0.0
1458.0;26.666666666666668;0.0
1464.0;21.666666666666668;0.0
1470.0;17.083333333333332;0.0
1476.0;27.916666666666668;1.0
1482.0;17.083333333333332;0.5
1488.0;22.5;0.0
1494.0;23.75;0.0
