#auto generated file!
6.0;0.0;0.0
12.0;1.875;0.0
18.0;3.5416666666666665;0.0
24.0;4.583333333333333;0.0
30.0;13.333333333333334;0.0
36.0;11.25;0.0
42.0;9.166666666666666;0.5
48.0;15.416666666666666;0.0
54.0;17.083333333333332;0.0
60.0;21.666666666666668;0.0
66.0;26.25;0.5
72.0;36.666666666666664;0.0
78.0;29.166666666666668;1.75
84.0;24.583333333333332;0.5
90.0;19.166666666666668;0.0
96.0;26.25;0.0
102.0;10.833333333333334;0.0
108.0;20.0;0.0
114.0;17.5;0.0
120.0;20.0;0.0
126.0;22.5;0.0
132.0;22.083333333333332;0.125
138.0;29.583333333333332;0.0
144.0;33.541666666666664;0.0
150.0;35.833333333333336;0.0
156.0;22.5;0.0
162.0;22.916666666666668;0.0
168.0;28.333333333333332;1.5
174.0;29.583333333333332;0.0
180.0;17.5;0.5
186.0;18.333333333333332;0.0
192.0;20.0;0.0
198.0;23.541666666666668;0.0
204.0;25.0;0.5
210.0;34.166666666666664;0.0
216.0;18.333333333333332;0.0
222.0;32.083333333333336;0.5
228.0;31.25;0.0
234.0;19.166666666666668;0.5
240.0;27.5;0.0
246.0;25.0;0.0
252.0;24.583333333333332;0.0
258.0;23.541666666666668;0.5
264.0;17.5;0.0
270.0;23.333333333333332;0.0
276.0;26.25;0.0
282.0;20.0;0.0
288.0;27.083333333333332;0.5
294.0;18.75;0.5
300.0;22.5;0.0
306.0;32.083333333333336;0.5
312.0;22.083333333333332;0.5
318.0;14.791666666666666;0.0
324.0;17.5;0.0
330.0;22.5;0.0
336.0;19.166666666666668;0.0
342.0;11.875;0.0
348.0;29.166666666666668;0.5
354.0;32.916666666666664;0.0
360.0;34.166666666666664;0.0
366.0;23.333333333333332;0.0
372.0;33.333333333333336;0.0
378.0;35.0;0.5
384.0;28.75;0.25
390.0;24.583333333333332;0.5
396.0;19.166666666666668;0.0
402.0;17.5;0.0
408.0;22.916666666666668;0.75
414.0;22.916666666666668;0.0
420.0;12.5;0.0
426.0;29.583333333333332;1.25
432.0;31.666666666666668;0.0
438.0;21.041666666666668;0.25
444.0;31.666666666666668;0.0
450.0;29.166666666666668;0.0
456.0;22.916666666666668;1.0
462.0;20.0;0.0
468.0;20.833333333333332;0.5
474.0;20.833333333333332;0.0
480.0;20.833333333333332;0.0
486.0;11.666666666666666;0.0
492.0;23.75;0.0
498.0;24.583333333333332;0.5
504.0;26.666666666666668;0.25
510.0;27.5;0.0
516.0;32.083333333333336;0.0
522.0;22.083333333333332;0.0
528.0;30.208333333333332;0.875
534.0;16.666666666666668;0.125
540.0;20.0;0.0
546.0;25.833333333333332;0.0
552.0;13.333333333333334;1.25
558.0;21.25;0.25
564.0;18.75;0.0
570.0;20.0;0.0
576.0;19.166666666666668;0.0
582.0;23.333333333333332;0.0
588.0;32.5;0.0
594.0;28.333333333333332;0.0
600.0;25.0;0.0
606.0;13.333333333333334;0.0
612.0;20.0;0.5
618.0;17.916666666666668;0.0
624.0;18.958333333333332;0.0
630.0;25.416666666666668;0.25
636.0;25.833333333333332;0.5
642.0;16.666666666666668;0.0
648.0;22.5;0.0
654.0;25.0;0.0
660.0;22.5;0.0
666.0;27.083333333333332;1.25
672.0;28.75;0.0
678.0;34.583333333333336;0.0
684.0;30.625;0.5
690.0;28.75;0.25
696.0;22.916666666666668;0.0
702.0;27.083333333333332;0.5
708.0;25.0;0.5
714.0;21.041666666666668;0.0
720.0;15.0;0.0
726.0;19.166666666666668;0.75
732.0;30.0;0.0
738.0;26.041666666666668;0.0
744.0;27.5;0.5
750.0;32.916666666666664;0.25
756.0;30.0;0.0
762.0;24.583333333333332;0.5
768.0;21.875;0.5
774.0;18.333333333333332;1.0
780.0;20.0;0.5
786.0;25.833333333333332;0.0
792.0;12.916666666666666;0.0
798.0;35.833333333333336;0.5
804.0;28.333333333333332;0.0
810.0;32.083333333333336;0.0
816.0;37.083333333333336;0.0
822.0;20.0;0.5
828.0;31.25;0.5
834.0;26.041666666666668;0.0
840.0;22.5;0.0
846.0;21.666666666666668;0.0
852.0;25.625;0.0
858.0;31.041666666666668;0.0
864.0;20.208333333333332;0.0
870.0;15.416666666666666;0.0
876.0;21.25;0.5
882.0;24.166666666666668;0.5
888.0;27.083333333333332;0.0
894.0;25.416666666666668;0.0
900.0;33.333333333333336;0.0
906.0;35.416666666666664;0.0
912.0;34.375;0.0
918.0;26.875;0.0
924.0;37.083333333333336;0.5
930.0;28.333333333333332;0.5
936.0;22.083333333333332;0.0
942.0;20.416666666666668;0.0
948.0;16.666666666666668;0.5
954.0;19.166666666666668;0.0
960.0;20.0;0.0
966.0;34.166666666666664;0.0
972.0;28.541666666666668;0.5
978.0;24.375;0.0
984.0;26.25;0.0
990.0;24.166666666666668;0.0
996.0;16.666666666666668;0.5
1002.0;15.833333333333334;0.5
1008.0;15.0;0.0
1014.0;26.25;0.0
1020.0;13.333333333333334;0.0
1026.0;24.583333333333332;0.5
1032.0;21.25;0.0
1038.0;28.333333333333332;0.25
1044.0;34.166666666666664;0.5
1050.0;29.583333333333332;0.25
1056.0;21.25;0.25
1062.0;18.75;0.0
1068.0;24.166666666666668;0.5
1074.0;26.875;0.0
1080.0;33.125;0.0
1086.0;18.333333333333332;0.0
1092.0;15.0;0.25
1098.0;29.583333333333332;0.0
1104.0;30.833333333333332;0.0
1110.0;30.416666666666668;0.25
1116.0;33.333333333333336;0.0
1122.0;25.833333333333332;0.5
1128.0;32.916666666666664;0.75
1134.0;10.833333333333334;0.0
1140.0;27.916666666666668;0.0
1146.0;19.166666666666668;0.5
1152.0;19.166666666666668;0.5
1158.0;15.416666666666666;0.0
1164.0;25.416666666666668;0.0
1170.0;19.583333333333332;0.0
1176.0;20.833333333333332;0.0
1182.0;30.0;0.5
1188.0;17.083333333333332;0.5
1194.0;26.666666666666668;0.5
1200.0;17.083333333333332;0.0
1206.0;26.666666666666668;0.0
1212.0;25.208333333333332;0.0
1218.0;20.0;0.0
1224.0;22.083333333333332;0.0
1230.0;19.583333333333332;0.0
1236.0;24.166666666666668;0.5
1242.0;14.166666666666666;0.0
1248.0;16.875;0.0
1254.0;21.666666666666668;0.0
1260.0;29.166666666666668;0.5
1266.0;27.5;0.0
1272.0;35.416666666666664;0.0
1278.0;33.333333333333336;0.0
1284.0;27.5;0.0
1290.0;31.666666666666668;0.5
1296.0;32.083333333333336;0.0
1302.0;22.083333333333332;0.0
1308.0;19.166666666666668;0.0
1314.0;22.5;0.5
1320.0;31.666666666666668;0.0
1326.0;20.0;0.0
1332.0;19.166666666666668;0.0
1338.0;23.75;1.0
1344.0;35.0;0.25
1350.0;31.25;0.0
1356.0;30.833333333333332;0.25
1362.0;23.541666666666668;0.5
1368.0;22.5;0.5
1374.0;23.333333333333332;0.5
1380.0;27.5;0.0
1386.0;17.083333333333332;0.5
1392.0;21.25;0.0
1398.0;24.166666666666668;0.0
1404.0;26.25;0.0
1410.0;21.666666666666668;0.0
1416.0;26.666666666666668;0.5
1422.0;32.5;0.0
1428.0;33.333333333333336;0.0
1434.0;30.416666666666668;0.0
1440.0;16.666666666666668;0.0
1446.0;23.333333333333332;0.5
1452.0;20.0;0.0
1458.0;13.75;0.0
1464.0;20.833333333333332;0.0
1470.0;28.75;0.5
1476.0;20.833333333333332;0.0
1482.0;28.333333333333332;0.0
1488.0;20.833333333333332;0.0
1494.0;27.083333333333332;0.5
