#auto generated file!
6.0;0.0;0.0
12.0;2.0833333333333335;0.0
18.0;4.583333333333333;0.0
24.0;8.75;0.0
30.0;8.75;0.25
36.0;11.25;0.0
42.0;19.166666666666668;0.0
48.0;14.166666666666666;0.0
54.0;24.791666666666668;0.5
60.0;34.583333333333336;0.0
66.0;36.25;0.0
72.0;43.75;0.25
78.0;49.375;0.75
84.0;29.583333333333332;0.5
90.0;40.833333333333336;0.0
96.0;30.416666666666668;0.0
102.0;29.166666666666668;0.0
108.0;35.0;0.0
114.0;32.708333333333336;1.0
120.0;36.666666666666664;0.0
126.0;22.5;0.5
132.0;33.333333333333336;0.5
138.0;37.916666666666664;0.75
144.0;41.25;0.0
150.0;47.916666666666664;0.0
156.0;37.916666666666664;0.5
162.0;39.166666666666664;0.5
168.0;14.166666666666666;0.0
174.0;30.0;1.75
180.0;37.5;0.0
186.0;28.333333333333332;0.5
192.0;21.666666666666668;0.25
198.0;24.791666666666668;0.0
204.0;30.416666666666668;0.0
210.0;35.416666666666664;0.5
216.0;47.916666666666664;0.0
222.0;41.666666666666664;0.5
228.0;28.541666666666668;0.5
234.0;36.666666666666664;0.0
240.0;31.666666666666668;0.0
246.0;34.166666666666664;1.0
252.0;35.416666666666664;0.5
258.0;27.708333333333332;0.0
264.0;30.833333333333332;0.0
270.0;32.083333333333336;0.5
276.0;34.166666666666664;0.0
282.0;34.166666666666664;0.0
288.0;35.0;0.0
294.0;33.75;0.0
300.0;37.916666666666664;0.5
306.0;33.75;1.5
312.0;41.25;0.0
318.0;35.833333333333336;0.75
324.0;33.333333333333336;0.0
330.0;37.5;0.75
336.0;32.916666666666664;0.0
342.0;25.0;1.0
348.0;26.666666666666668;0.0
354.0;21.875;0.5
360.0;35.833333333333336;1.75
366.0;38.333333333333336;0.5
372.0;33.75;0.0
378.0;40.625;0.0
384.0;43.75;0.0
390.0;34.583333333333336;0.5
396.0;37.5;0.0
402.0;29.375;0.0
408.0;31.041666666666668;0.0
414.0;15.0;0.0
420.0;24.583333333333332;0.5
426.0;25.0;0.5
432.0;25.208333333333332;0.5
438.0;43.541666666666664;0.0
444.0;35.833333333333336;0.5
450.0;40.416666666666664;1.5
456.0;33.333333333333336;0.5
462.0;35.0;0.0
468.0;41.666666666666664;0.0
474.0;38.333333333333336;0.5
480.0;30.833333333333332;0.5
486.0;35.833333333333336;0.0
492.0;25.416666666666668;1.0
498.0;32.916666666666664;0.5
504.0;31.458333333333332;0.5
510.0;34.166666666666664;0.0
516.0;35.416666666666664;0.0
522.0;32.5;0.5
528.0;40.0;0.0
534.0;21.666666666666668;0.0
540.0;33.75;0.0
546.0;33.333333333333336;0.75
552.0;28.541666666666668;0.0
558.0;37.5;0.0
564.0;32.5;0.125
570.0;29.583333333333332;0.0
576.0;35.833333333333336;0.5
582.0;36.666666666666664;0.5
588.0;39.375;0.0
594.0;35.833333333333336;0.5
600.0;43.333333333333336;0.0
606.0;30.0;0.0
612.0;29.583333333333332;0.0
618.0;33.125;0.0
624.0;30.416666666666668;0.25
630.0;42.5;0.75
636.0;34.166666666666664;0.0
642.0;21.666666666666668;0.0
648.0;15.833333333333334;0.125
654.0;40.0;0.5
660.0;39.583333333333336;0.0
666.0;37.5;0.0
672.0;41.666666666666664;0.0
678.0;37.5;0.0
684.0;32.916666666666664;0.0
690.0;38.75;0.0
696.0;38.333333333333336;0.5
702.0;34.583333333333336;0.0
708.0;36.666666666666664;0.0
714.0;20.833333333333332;0.0
720.0;20.416666666666668;0.5
726.0;18.333333333333332;0.5
732.0;22.5;0.0
738.0;30.416666666666668;0.0
744.0;42.916666666666664;0.0
750.0;44.583333333333336;0.0
756.0;37.083333333333336;0.5
762.0;22.083333333333332;0.0
768.0;34.583333333333336;0.0
774.0;29.166666666666668;0.0
780.0;31.666666666666668;0.0
786.0;32.083333333333336;0.5
792.0;28.75;0.75
798.0;28.333333333333332;0.125
804.0;28.75;0.25
810.0;40.0;0.0
816.0;42.5;0.0
822.0;44.166666666666664;0.0
828.0;27.916666666666668;0.5
834.0;30.833333333333332;0.0
840.0;33.333333333333336;0.5
846.0;27.5;0.5
852.0;24.583333333333332;0.0
858.0;20.833333333333332;0.5
864.0;28.541666666666668;0.5
870.0;33.75;0.0
876.0;37.5;0.0
882.0;27.5;0.5
888.0;35.416666666666664;0.5
894.0;27.083333333333332;0.0
900.0;44.166666666666664;0.5
906.0;31.666666666666668;0.5
912.0;26.25;0.5
918.0;34.375;0.5
924.0;28.75;0.0
930.0;33.75;0.125
936.0;30.0;0.5
942.0;35.0;0.5
948.0;27.916666666666668;0.0
954.0;24.166666666666668;1.0
960.0;33.333333333333336;0.5
966.0;30.833333333333332;0.0
972.0;40.625;1.0
978.0;31.458333333333332;0.0
984.0;33.333333333333336;0.5
990.0;35.833333333333336;0.5
996.0;36.25;0.0
1002.0;34.583333333333336;0.0
1008.0;27.083333333333332;0.0
1014.0;20.0;0.0
1020.0;22.5;0.0
1026.0;31.666666666666668;0.0
1032.0;31.25;0.75
1038.0;28.125;0.0
1044.0;38.75;0.5
1050.0;38.333333333333336;0.0
1056.0;36.25;0.0
1062.0;32.5;0.5
1068.0;28.541666666666668;0.5
1074.0;30.416666666666668;0.0
1080.0;32.916666666666664;0.0
1086.0;31.666666666666668;0.0
1092.0;28.333333333333332;0.0
1098.0;21.25;0.0
1104.0;25.0;0.0
1110.0;41.25;0.0
1116.0;44.583333333333336;0.0
1122.0;41.25;0.5
1128.0;33.333333333333336;0.0
1134.0;27.083333333333332;0.0
1140.0;27.916666666666668;0.0
1146.0;35.0;0.0
1152.0;41.666666666666664;0.0
1158.0;34.583333333333336;0.0
1164.0;30.0;0.5
1170.0;28.333333333333332;0.0
1176.0;21.666666666666668;0.0
1182.0;30.0;0.5
1188.0;31.041666666666668;0.0
1194.0;39.166666666666664;0.0
1200.0;40.0;1.0
1206.0;38.333333333333336;0.0
1212.0;37.5;0.0
1218.0;31.666666666666668;0.0
1224.0;30.833333333333332;0.125
1230.0;28.333333333333332;0.0
1236.0;22.083333333333332;0.0
1242.0;28.333333333333332;0.0
1248.0;26.25;0.0
1254.0;22.916666666666668;0.0
1260.0;25.0;0.0
1266.0;32.5;0.0
1272.0;40.416666666666664;0.5
1278.0;42.916666666666664;0.0
1284.0;33.541666666666664;0.5
1290.0;37.083333333333336;0.0
1296.0;34.166666666666664;0.0
1302.0;32.5;0.0
1308.0;34.791666666666664;0.0
1314.0;35.0;0.0
1320.0;28.333333333333332;0.0
1326.0;22.5;0.0
1332.0;30.833333333333332;0.0
1338.0;31.25;0.5
1344.0;42.5;0.0
1350.0;39.583333333333336;0.0
1356.0;39.583333333333336;0.0
1362.0;30.0;0.0
1368.0;26.666666666666668;0.625
1374.0;32.916666666666664;0.0
1380.0;30.833333333333332;0.5
1386.0;40.416666666666664;0.0
1392.0;30.0;0.0
1398.0;37.083333333333336;1.0
1404.0;28.958333333333332;0.0
1410.0;39.166666666666664;0.0
1416.0;43.75;0.0
1422.0;30.0;0.5
1428.0;27.916666666666668;0.5
1434.0;36.875;0.0
1440.0;35.833333333333336;0.75
1446.0;25.833333333333332;0.0
1452.0;29.166666666666668;1.0
1458.0;33.75;0.25
1464.0;25.833333333333332;0.0
1470.0;36.25;1.0
1476.0;27.916666666666668;0.0
1482.0;31.666666666666668;0.5
1488.0;43.75;0.0
1494.0;43.333333333333336;0.0
