#auto generated file!
6.0;0.0;0.0
12.0;0.0;0.0
18.0;0.8333333333333334;0.0
24.0;0.0;0.0
30.0;1.6666666666666667;0.0
36.0;1.25;0.0
42.0;0.8333333333333334;0.0
48.0;2.5;0.0
54.0;2.9166666666666665;0.0
60.0;3.3333333333333335;0.5
66.0;1.6666666666666667;0.5
72.0;6.666666666666667;0.0
78.0;2.5;0.0
84.0;4.166666666666667;0.0
90.0;3.3333333333333335;0.0
96.0;2.5;0.0
102.0;5.833333333333333;0.0
108.0;3.3333333333333335;0.5
114.0;0.8333333333333334;0.0
120.0;0.8333333333333334;0.0
126.0;2.5;0.0
132.0;3.75;0.0
138.0;3.75;0.0
144.0;5.833333333333333;0.0
150.0;2.9166666666666665;0.0
156.0;2.5;0.5
162.0;3.3333333333333335;0.0
168.0;1.6666666666666667;0.0
174.0;3.3333333333333335;0.0
180.0;2.5;0.0
186.0;1.6666666666666667;0.0
192.0;3.3333333333333335;0.5
198.0;2.5;0.0
204.0;3.3333333333333335;0.0
210.0;0.8333333333333334;0.0
216.0;2.5;0.0
222.0;4.166666666666667;0.0
228.0;2.5;0.0
234.0;3.3333333333333335;0.0
240.0;0.8333333333333334;0.5
246.0;1.6666666666666667;0.0
252.0;4.166666666666667;0.0
258.0;5.416666666666667;0.0
264.0;1.6666666666666667;0.0
270.0;1.25;0.0
276.0;2.0833333333333335;0.0
282.0;0.4166666666666667;0.0
288.0;3.125;0.0
294.0;2.0833333333333335;0.0
300.0;4.583333333333333;0.0
306.0;3.75;0.5
312.0;2.9166666666666665;0.25
318.0;5.833333333333333;0.0
324.0;1.6666666666666667;0.0
330.0;0.8333333333333334;0.0
336.0;1.6666666666666667;0.0
342.0;0.8333333333333334;0.0
348.0;0.0;0.0
354.0;0.8333333333333334;0.0
360.0;2.5;0.0
366.0;0.8333333333333334;0.0
372.0;5.833333333333333;0.0
378.0;2.5;0.0
384.0;3.75;0.0
390.0;2.9166666666666665;0.0
396.0;1.6666666666666667;0.0
402.0;3.3333333333333335;0.0
408.0;3.3333333333333335;0.5
414.0;2.5;0.0
420.0;0.8333333333333334;0.5
426.0;0.8333333333333334;0.0
432.0;4.166666666666667;0.0
438.0;2.5;0.0
444.0;4.583333333333333;0.0
450.0;5.833333333333333;0.0
456.0;4.166666666666667;0.0
462.0;4.166666666666667;0.5
468.0;1.6666666666666667;0.0
474.0;1.6666666666666667;0.0
480.0;4.166666666666667;0.0
486.0;5.0;0.0
492.0;4.166666666666667;0.5
498.0;6.666666666666667;0.0
504.0;1.6666666666666667;0.0
510.0;2.0833333333333335;0.5
516.0;1.6666666666666667;0.0
522.0;0.8333333333333334;0.0
528.0;4.583333333333333;0.0
534.0;2.5;0.0
540.0;7.5;0.0
546.0;3.3333333333333335;0.0
552.0;2.9166666666666665;0.0
558.0;1.6666666666666667;0.0
564.0;2.9166666666666665;0.25
570.0;2.5;0.0
576.0;1.6666666666666667;0.0
582.0;1.6666666666666667;0.0
588.0;2.7083333333333335;0.0
594.0;6.25;0.0
600.0;5.208333333333333;0.125
606.0;2.5;0.0
612.0;4.166666666666667;0.0
618.0;7.083333333333333;0.0
624.0;4.166666666666667;0.0
630.0;1.6666666666666667;0.0
636.0;1.6666666666666667;0.0
642.0;2.5;0.0
648.0;2.0833333333333335;0.0
654.0;3.3333333333333335;0.0
660.0;5.416666666666667;0.0
666.0;6.25;0.0
672.0;4.166666666666667;0.0
678.0;3.3333333333333335;0.0
684.0;4.166666666666667;0.0
690.0;4.166666666666667;0.25
696.0;3.75;0.0
702.0;1.6666666666666667;0.5
708.0;0.8333333333333334;0.5
714.0;1.6666666666666667;0.0
720.0;0.8333333333333334;0.0
726.0;1.6666666666666667;0.0
732.0;1.6666666666666667;0.0
738.0;2.5;0.0
744.0;5.0;0.0
750.0;2.9166666666666665;0.0
756.0;3.75;0.0
762.0;4.583333333333333;0.0
768.0;4.583333333333333;0.0
774.0;4.166666666666667;0.0
780.0;0.8333333333333334;0.0
786.0;1.25;0.0
792.0;1.6666666666666667;0.0
798.0;0.8333333333333334;0.0
804.0;3.3333333333333335;0.0
810.0;2.0833333333333335;0.5
816.0;4.166666666666667;0.0
822.0;4.166666666666667;0.0
828.0;1.6666666666666667;0.0
834.0;1.6666666666666667;0.0
840.0;1.6666666666666667;0.0
846.0;1.6666666666666667;0.0
852.0;2.9166666666666665;0.0
858.0;2.5;0.0
864.0;1.0416666666666667;0.0
870.0;3.3333333333333335;0.0
876.0;2.9166666666666665;0.0
882.0;0.0;0.0
888.0;0.8333333333333334;0.5
894.0;0.8333333333333334;0.0
900.0;4.166666666666667;0.0
906.0;4.166666666666667;0.5
912.0;2.5;0.0
918.0;3.3333333333333335;0.0
924.0;0.0;0.25
930.0;2.9166666666666665;0.5
936.0;3.3333333333333335;0.0
942.0;4.166666666666667;0.0
948.0;3.3333333333333335;0.0
954.0;3.3333333333333335;0.0
960.0;2.5;0.5
966.0;0.8333333333333334;0.0
972.0;1.25;0.0
978.0;4.166666666666667;0.0
984.0;0.8333333333333334;0.25
990.0;6.25;0.0
996.0;4.583333333333333;0.0
1002.0;2.5;0.0
1008.0;3.3333333333333335;0.0
1014.0;2.5;0.0
1020.0;1.6666666666666667;0.0
1026.0;2.5;0.0
1032.0;1.6666666666666667;0.0
1038.0;5.416666666666667;0.0
1044.0;0.8333333333333334;0.0
1050.0;3.3333333333333335;0.0
1056.0;4.583333333333333;0.0
1062.0;2.5;0.5
1068.0;3.3333333333333335;0.0
1074.0;6.25;0.0
1080.0;2.5;0.0
1086.0;1.6666666666666667;0.0
1092.0;5.833333333333333;0.25
1098.0;2.0833333333333335;0.0
1104.0;1.25;0.0
1110.0;4.166666666666667;0.25
1116.0;3.75;0.0
1122.0;4.166666666666667;0.0
1128.0;4.166666666666667;0.0
1134.0;1.6666666666666667;0.0
1140.0;3.3333333333333335;0.0
1146.0;0.8333333333333334;0.0
1152.0;1.25;0.0
1158.0;3.3333333333333335;0.0
1164.0;1.6666666666666667;0.0
1170.0;0.8333333333333334;0.0
1176.0;2.9166666666666665;0.0
1182.0;4.166666666666667;0.0
1188.0;2.5;0.0
1194.0;1.6666666666666667;0.0
1200.0;2.5;0.0
1206.0;3.3333333333333335;0.0
1212.0;2.5;0.0
1218.0;5.416666666666667;0.0
1224.0;5.833333333333333;0.0
1230.0;2.5;0.0
1236.0;5.833333333333333;0.0
1242.0;3.3333333333333335;0.0
1248.0;2.7083333333333335;0.5
1254.0;1.6666666666666667;0.0
1260.0;3.3333333333333335;0.0
1266.0;4.166666666666667;0.0
1272.0;7.5;0.0
1278.0;4.583333333333333;0.0
1284.0;0.8333333333333334;0.0
1290.0;1.6666666666666667;0.0
1296.0;3.3333333333333335;0.0
1302.0;2.5;0.0
1308.0;4.166666666666667;0.0
1314.0;3.75;0.5
1320.0;3.3333333333333335;0.0
1326.0;0.0;0.0
1332.0;0.0;0.0
1338.0;1.6666666666666667;0.0
1344.0;2.0833333333333335;0.0
1350.0;5.416666666666667;0.25
1356.0;2.5;0.0
1362.0;0.8333333333333334;0.0
1368.0;1.6666666666666667;0.0
1374.0;3.3333333333333335;0.0
1380.0;4.166666666666667;0.0
1386.0;0.8333333333333334;0.0
1392.0;2.0833333333333335;0.25
1398.0;0.8333333333333334;0.0
1404.0;0.8333333333333334;0.75
1410.0;5.416666666666667;0.0
1416.0;4.166666666666667;0.5
1422.0;3.3333333333333335;0.0
1428.0;8.75;0.0
1434.0;1.6666666666666667;0.0
1440.0;1.6666666666666667;0.0
1446.0;1.6666666666666667;0.5
1452.0;2.5;0.0
1458.0;5.0;0.0
1464.0;2.9166666666666665;0.0
1470.0;2.5;0.0
1476.0;2.5;0.0
1482.0;0.0;0.0
1488.0;0.8333333333333334;0.0
1494.0;7.5;0.0
