#auto generated file!
6.0;0.0;0.0
12.0;2.9166666666666665;0.0
18.0;3.75;0.0
24.0;4.583333333333333;0.125
30.0;4.166666666666667;0.0
36.0;10.416666666666666;0.0
42.0;5.0;0.0
48.0;9.583333333333334;0.0
54.0;14.166666666666666;0.0
60.0;13.333333333333334;0.5
66.0;13.333333333333334;0.0
72.0;16.25;0.0
78.0;17.5;0.0
84.0;14.583333333333334;0.0
90.0;14.166666666666666;0.0
96.0;18.75;0.5
102.0;15.0;0.0
108.0;13.333333333333334;0.0
114.0;10.833333333333334;0.0
120.0;12.5;0.0
126.0;17.5;0.0
132.0;14.166666666666666;0.5
138.0;26.25;0.5
144.0;26.25;0.0
150.0;20.0;0.0
156.0;13.75;0.0
162.0;16.25;0.0
168.0;12.083333333333334;0.0
174.0;15.0;0.625
180.0;13.333333333333334;0.5
186.0;7.083333333333333;0.0
192.0;10.0;0.0
198.0;15.416666666666666;0.5
204.0;24.375;0.0
210.0;21.666666666666668;0.5
216.0;17.916666666666668;0.5
222.0;25.416666666666668;0.0
228.0;20.208333333333332;0.5
234.0;11.666666666666666;0.0
240.0;13.333333333333334;0.0
246.0;7.5;0.5
252.0;13.333333333333334;0.0
258.0;17.916666666666668;1.0
264.0;24.791666666666668;0.0
270.0;17.083333333333332;0.25
276.0;17.083333333333332;0.5
282.0;21.25;0.0
288.0;10.208333333333334;0.0
294.0;20.416666666666668;0.0
300.0;20.833333333333332;0.0
306.0;22.5;0.0
312.0;14.166666666666666;0.5
318.0;20.0;0.0
324.0;12.5;0.25
330.0;18.333333333333332;0.0
336.0;15.833333333333334;0.5
342.0;19.166666666666668;0.0
348.0;12.5;0.0
354.0;18.333333333333332;0.0
360.0;11.666666666666666;0.0
366.0;5.833333333333333;0.0
372.0;14.166666666666666;0.5
378.0;15.416666666666666;0.0
384.0;14.166666666666666;0.0
390.0;21.666666666666668;0.0
396.0;12.083333333333334;0.0
402.0;22.083333333333332;0.0
408.0;10.833333333333334;1.0
414.0;11.666666666666666;0.0
420.0;11.25;0.0
426.0;13.75;0.75
432.0;20.416666666666668;0.0
438.0;24.166666666666668;0.75
444.0;22.916666666666668;0.0
450.0;27.083333333333332;0.0
456.0;16.25;0.0
462.0;17.916666666666668;0.0
468.0;18.333333333333332;0.75
474.0;10.0;0.0
480.0;12.5;0.0
486.0;13.333333333333334;0.0
492.0;16.041666666666668;0.0
498.0;14.583333333333334;0.0
504.0;12.083333333333334;0.0
510.0;17.5;0.75
516.0;20.0;0.75
522.0;19.583333333333332;0.125
528.0;19.166666666666668;0.0
534.0;10.0;0.0
540.0;15.833333333333334;1.25
546.0;7.5;0.0
552.0;11.875;0.0
558.0;14.583333333333334;0.5
564.0;16.25;0.0
570.0;12.5;0.5
576.0;14.583333333333334;0.0
582.0;15.0;0.0
588.0;16.666666666666668;0.0
594.0;15.833333333333334;0.5
600.0;20.833333333333332;0.0
606.0;11.666666666666666;0.5
612.0;13.333333333333334;1.0
618.0;20.416666666666668;0.0
624.0;17.083333333333332;0.0
630.0;16.25;0.0
636.0;10.0;0.0
642.0;20.416666666666668;0.0
648.0;12.5;0.0
654.0;13.333333333333334;0.0
660.0;17.083333333333332;0.0
666.0;21.25;0.0
672.0;22.083333333333332;0.0
678.0;16.666666666666668;0.25
684.0;20.416666666666668;0.5
690.0;11.666666666666666;0.25
696.0;20.416666666666668;0.0
702.0;7.5;0.0
708.0;17.5;0.5
714.0;10.833333333333334;0.0
720.0;11.666666666666666;0.0
726.0;11.666666666666666;0.0
732.0;18.75;0.5
738.0;10.0;0.5
744.0;17.5;0.0
750.0;15.0;0.5
756.0;25.0;0.5
762.0;5.833333333333333;0.75
768.0;20.416666666666668;0.0
774.0;20.833333333333332;0.0
780.0;15.0;0.0
786.0;17.916666666666668;0.0
792.0;17.083333333333332;0.0
798.0;17.916666666666668;0.0
804.0;13.75;0.25
810.0;19.166666666666668;0.5
816.0;20.416666666666668;0.0
822.0;15.0;0.5
828.0;14.166666666666666;0.5
834.0;5.833333333333333;0.0
840.0;10.833333333333334;0.5
846.0;14.166666666666666;0.5
852.0;10.416666666666666;0.0
858.0;15.833333333333334;1.25
864.0;11.041666666666666;0.25
870.0;13.333333333333334;0.0
876.0;14.583333333333334;0.0
882.0;14.166666666666666;0.0
888.0;15.416666666666666;0.0
894.0;26.666666666666668;0.0
900.0;21.25;0.5
906.0;17.5;0.0
912.0;9.166666666666666;0.0
918.0;8.333333333333334;0.0
924.0;19.375;0.25
930.0;13.333333333333334;0.0
936.0;13.333333333333334;0.0
942.0;5.416666666666667;0.0
948.0;17.083333333333332;0.0
954.0;16.666666666666668;0.0
960.0;13.333333333333334;0.5
966.0;12.5;0.0
972.0;25.833333333333332;0.0
978.0;25.0;0.0
984.0;16.875;0.0
990.0;15.416666666666666;0.0
996.0;18.75;0.0
1002.0;14.166666666666666;0.0
1008.0;11.666666666666666;0.0
1014.0;15.416666666666666;0.0
1020.0;14.166666666666666;1.25
1026.0;21.25;0.0
1032.0;15.833333333333334;0.0
1038.0;21.041666666666668;0.5
1044.0;21.25;0.25
1050.0;30.416666666666668;0.0
1056.0;20.833333333333332;0.0
1062.0;10.833333333333334;0.0
1068.0;17.708333333333332;0.5
1074.0;12.5;0.0
1080.0;11.666666666666666;0.0
1086.0;9.166666666666666;0.0
1092.0;12.916666666666666;0.0
1098.0;17.083333333333332;1.5
1104.0;14.166666666666666;0.0
1110.0;17.5;0.0
1116.0;14.166666666666666;0.0
1122.0;27.083333333333332;0.0
1128.0;10.0;0.5
1134.0;13.75;0.0
1140.0;14.166666666666666;0.75
1146.0;19.166666666666668;0.0
1152.0;12.916666666666666;0.0
1158.0;8.333333333333334;0.25
1164.0;17.916666666666668;0.0
1170.0;6.25;0.0
1176.0;13.75;0.5
1182.0;17.5;0.5
1188.0;22.5;0.0
1194.0;20.0;0.5
1200.0;10.0;0.0
1206.0;17.5;0.5
1212.0;15.0;0.0
1218.0;17.916666666666668;0.0
1224.0;15.0;0.0
1230.0;19.166666666666668;0.5
1236.0;11.25;0.0
1242.0;18.333333333333332;0.0
1248.0;18.333333333333332;0.0
1254.0;14.166666666666666;0.0
1260.0;15.0;0.0
1266.0;11.666666666666666;0.5
1272.0;18.333333333333332;0.0
1278.0;18.333333333333332;0.125
1284.0;13.75;0.0
1290.0;14.166666666666666;0.75
1296.0;22.916666666666668;0.0
1302.0;14.166666666666666;0.5
1308.0;10.0;0.0
1314.0;12.083333333333334;0.0
1320.0;19.166666666666668;0.0
1326.0;18.333333333333332;0.5
1332.0;16.666666666666668;0.0
1338.0;21.458333333333332;0.5
1344.0;20.833333333333332;0.5
1350.0;15.416666666666666;0.5
1356.0;22.5;1.0
1362.0;14.166666666666666;0.0
1368.0;8.75;0.0
1374.0;18.75;0.0
1380.0;8.333333333333334;0.0
1386.0;14.166666666666666;0.0
1392.0;18.333333333333332;0.25
1398.0;19.166666666666668;0.0
1404.0;6.25;0.0
1410.0;15.416666666666666;0.5
1416.0;15.833333333333334;0.0
1422.0;19.166666666666668;0.0
1428.0;17.708333333333332;0.5
1434.0;15.833333333333334;0.5
1440.0;10.833333333333334;0.0
1446.0;10.833333333333334;0.0
1452.0;14.166666666666666;0.0
1458.0;13.333333333333334;0.0
1464.0;12.916666666666666;0.0
1470.0;15.0;0.0
1476.0;14.166666666666666;0.75
1482.0;15.833333333333334;0.0
1488.0;25.0;0.0
1494.0;17.083333333333332;0.0
