#auto generated file!
6.0;0.0;0.0
12.0;0.4166666666666667;0.0
18.0;1.25;0.25
24.0;4.166666666666667;0.25
30.0;8.75;0.0
36.0;6.25;0.0
42.0;12.5;0.0
48.0;10.833333333333334;0.0
54.0;8.333333333333334;0.0
60.0;22.083333333333332;0.5
66.0;20.0;0.0
72.0;27.5;1.25
78.0;18.958333333333332;0.5
84.0;21.25;0.5
90.0;20.416666666666668;1.5
96.0;16.666666666666668;1.0
102.0;17.5;0.5
108.0;18.75;1.0
114.0;13.541666666666666;0.0
120.0;13.333333333333334;0.0
126.0;27.5;0.0
132.0;16.666666666666668;0.5
138.0;18.333333333333332;0.0
144.0;14.583333333333334;0.5
150.0;28.333333333333332;0.25
156.0;20.416666666666668;0.5
162.0;19.583333333333332;0.0
168.0;20.0;0.0
174.0;10.0;0.5
180.0;13.333333333333334;0.0
186.0;15.833333333333334;0.0
192.0;14.166666666666666;0.5
198.0;18.541666666666668;0.0
204.0;17.916666666666668;0.0
210.0;21.25;0.0
216.0;18.333333333333332;0.5
222.0;21.666666666666668;0.0
228.0;14.375;0.0
234.0;25.625;0.0
240.0;14.166666666666666;0.5
246.0;21.25;0.0
252.0;17.083333333333332;0.0
258.0;13.75;0.0
264.0;20.416666666666668;0.0
270.0;16.666666666666668;0.25
276.0;20.416666666666668;0.25
282.0;16.666666666666668;0.0
288.0;26.25;0.5
294.0;21.875;0.0
300.0;25.833333333333332;0.0
306.0;28.75;0.0
312.0;22.916666666666668;0.0
318.0;20.208333333333332;1.0
324.0;15.833333333333334;0.25
330.0;12.916666666666666;0.5
336.0;22.5;0.0
342.0;20.416666666666668;0.0
348.0;12.5;0.0
354.0;15.833333333333334;0.0
360.0;17.5;0.5
366.0;25.0;0.0
372.0;25.0;1.0
378.0;30.208333333333332;0.0
384.0;19.166666666666668;0.25
390.0;9.166666666666666;0.0
396.0;22.916666666666668;0.0
402.0;16.666666666666668;0.0
408.0;15.0;0.5
414.0;12.708333333333334;0.0
420.0;7.083333333333333;0.0
426.0;16.25;0.0
432.0;19.583333333333332;0.75
438.0;21.875;0.0
444.0;23.75;0.75
450.0;17.5;0.25
456.0;23.333333333333332;1.0
462.0;21.666666666666668;0.0
468.0;15.0;0.0
474.0;17.291666666666668;1.0
480.0;12.5;0.0
486.0;16.666666666666668;0.0
492.0;13.333333333333334;0.0
498.0;14.791666666666666;0.0
504.0;17.5;0.5
510.0;19.166666666666668;0.25
516.0;18.333333333333332;0.5
522.0;26.25;0.0
528.0;20.0;0.0
534.0;14.375;0.75
540.0;19.166666666666668;0.0
546.0;28.333333333333332;0.5
552.0;12.5;0.0
558.0;14.166666666666666;0.5
564.0;22.083333333333332;0.5
570.0;11.666666666666666;0.5
576.0;16.25;0.0
582.0;22.5;0.0
588.0;17.083333333333332;0.5
594.0;17.916666666666668;0.0
600.0;18.333333333333332;0.0
606.0;17.5;0.0
612.0;17.5;0.5
618.0;25.833333333333332;0.5
624.0;15.416666666666666;0.75
630.0;14.583333333333334;0.0
636.0;22.916666666666668;0.5
642.0;12.5;0.5
648.0;15.416666666666666;0.5
654.0;26.666666666666668;0.0
660.0;20.833333333333332;0.0
666.0;23.75;0.5
672.0;28.541666666666668;0.5
678.0;25.0;0.0
684.0;20.833333333333332;0.25
690.0;17.916666666666668;0.5
696.0;20.0;0.0
702.0;18.333333333333332;0.0
708.0;17.916666666666668;1.0
714.0;14.583333333333334;0.5
720.0;18.333333333333332;0.5
726.0;16.666666666666668;0.0
732.0;10.833333333333334;0.0
738.0;23.333333333333332;0.0
744.0;20.416666666666668;0.0
750.0;25.833333333333332;0.0
756.0;26.666666666666668;0.0
762.0;19.375;0.0
768.0;16.041666666666668;0.0
774.0;23.75;0.0
780.0;11.666666666666666;0.5
786.0;15.416666666666666;0.0
792.0;11.666666666666666;0.0
798.0;18.75;0.5
804.0;15.416666666666666;0.0
810.0;20.833333333333332;0.0
816.0;30.0;0.0
822.0;24.166666666666668;0.5
828.0;24.791666666666668;0.125
834.0;20.833333333333332;0.5
840.0;16.25;0.0
846.0;12.5;0.0
852.0;21.666666666666668;0.0
858.0;12.916666666666666;0.25
864.0;10.0;0.0
870.0;29.166666666666668;0.0
876.0;17.083333333333332;0.5
882.0;14.166666666666666;0.0
888.0;23.958333333333332;0.0
894.0;22.5;0.0
900.0;23.333333333333332;0.0
906.0;25.0;0.0
912.0;15.833333333333334;0.0
918.0;15.0;0.5
924.0;18.75;0.5
930.0;22.5;0.0
936.0;16.666666666666668;0.0
942.0;8.333333333333334;0.5
948.0;10.0;0.0
954.0;15.833333333333334;0.5
960.0;10.0;0.0
966.0;19.166666666666668;0.5
972.0;21.25;0.0
978.0;23.958333333333332;0.0
984.0;18.75;0.5
990.0;22.083333333333332;0.0
996.0;13.333333333333334;0.0
1002.0;18.75;0.5
1008.0;18.541666666666668;0.0
1014.0;14.583333333333334;0.75
1020.0;17.083333333333332;0.0
1026.0;19.166666666666668;0.0
1032.0;19.583333333333332;0.0
1038.0;23.333333333333332;0.5
1044.0;33.125;0.75
1050.0;23.75;0.0
1056.0;23.333333333333332;0.0
1062.0;22.916666666666668;1.5
1068.0;17.5;0.0
1074.0;17.5;0.75
1080.0;18.333333333333332;0.0
1086.0;11.666666666666666;0.0
1092.0;13.75;0.0
1098.0;15.833333333333334;0.0
1104.0;19.166666666666668;0.25
1110.0;25.0;0.0
1116.0;29.166666666666668;0.0
1122.0;16.666666666666668;0.0
1128.0;17.083333333333332;0.625
1134.0;25.0;0.0
1140.0;10.416666666666666;0.5
1146.0;21.25;0.5
1152.0;21.666666666666668;1.25
1158.0;17.916666666666668;0.0
1164.0;21.666666666666668;0.25
1170.0;14.583333333333334;0.0
1176.0;12.916666666666666;0.0
1182.0;17.5;0.5
1188.0;15.0;0.75
1194.0;20.833333333333332;0.0
1200.0;26.666666666666668;0.0
1206.0;15.833333333333334;0.0
1212.0;24.583333333333332;0.0
1218.0;12.083333333333334;0.0
1224.0;17.5;0.0
1230.0;11.25;0.0
1236.0;13.75;0.0
1242.0;17.083333333333332;0.0
1248.0;15.833333333333334;0.0
1254.0;17.5;0.0
1260.0;13.333333333333334;0.0
1266.0;34.166666666666664;0.0
1272.0;22.916666666666668;0.0
1278.0;22.083333333333332;0.0
1284.0;15.208333333333334;0.0
1290.0;16.25;0.25
1296.0;18.75;0.5
1302.0;14.583333333333334;0.0
1308.0;14.166666666666666;0.75
1314.0;13.333333333333334;0.0
1320.0;11.666666666666666;0.0
1326.0;15.833333333333334;0.5
1332.0;12.5;0.5
1338.0;22.083333333333332;0.0
1344.0;42.5;0.0
1350.0;25.416666666666668;0.0
1356.0;17.083333333333332;0.0
1362.0;15.833333333333334;0.0
1368.0;15.0;0.0
1374.0;20.0;0.5
1380.0;18.75;0.5
1386.0;16.666666666666668;0.0
1392.0;11.666666666666666;0.0
1398.0;22.916666666666668;0.0
1404.0;23.75;0.5
1410.0;21.25;0.5
1416.0;17.083333333333332;0.0
1422.0;24.583333333333332;0.0
1428.0;20.833333333333332;0.0
1434.0;19.791666666666668;0.5
1440.0;14.166666666666666;0.5
1446.0;16.666666666666668;0.0
1452.0;16.666666666666668;0.5
1458.0;22.291666666666668;0.0
1464.0;26.25;0.0
1470.0;8.75;0.25
1476.0;23.333333333333332;0.0
1482.0;16.666666666666668;0.0
1488.0;18.333333333333332;0.125
1494.0;27.916666666666668;0.0
