#auto generated file!
180.0;16;5;4
186.0;17;5;3
192.0;15;4;6
198.0;20;3;2
204.0;19;3;3
210.0;19;3;3
216.0;18;2;5
222.0;18;2;5
228.0;17;3;5
234.0;15;4;6
240.0;16;4;5
246.0;15;6;4
252.0;15;7;3
258.0;14;6;5
264.0;14;6;5
270.0;15;7;3
276.0;16;5;4
282.0;16;5;4
288.0;17;5;3
294.0;16;6;3
300.0;18;5;2
306.0;16;7;2
312.0;16;8;1
318.0;16;7;2
324.0;13;8;4
330.0;12;7;6
336.0;14;6;5
342.0;14;7;4
348.0;14;10;1
354.0;13;9;3
360.0;14;8;3
366.0;14;8;3
372.0;15;7;3
378.0;16;6;3
384.0;17;4;4
390.0;17;6;2
396.0;14;6;5
402.0;17;6;2
408.0;19;3;3
414.0;17;5;3
420.0;16;7;2
426.0;16;6;3
432.0;14;6;5
438.0;14;6;5
444.0;13;8;4
450.0;12;7;6
456.0;12;7;6
462.0;13;7;5
468.0;12;9;4
474.0;14;9;2
480.0;15;7;3
486.0;16;6;3
492.0;14;7;4
498.0;13;8;4
504.0;14;8;3
510.0;15;8;2
516.0;14;10;1
522.0;16;7;2
528.0;14;8;3
534.0;13;7;5
540.0;14;7;4
546.0;13;8;4
552.0;13;6;6
558.0;14;6;5
564.0;9;9;7
570.0;10;10;5
576.0;9;8;8
582.0;7;10;8
588.0;9;8;8
594.0;10;7;8
600.0;10;6;9
606.0;11;7;7
612.0;13;7;5
618.0;15;5;5
624.0;14;7;4
630.0;14;8;3
636.0;14;9;2
642.0;13;8;4
648.0;12;8;5
654.0;14;6;5
660.0;14;5;6
666.0;14;4;7
672.0;14;4;7
678.0;13;4;8
684.0;11;7;7
690.0;11;7;7
696.0;12;6;7
702.0;11;9;5
708.0;11;7;7
714.0;11;8;6
720.0;11;11;3
726.0;12;10;3
732.0;13;11;1
738.0;14;8;3
744.0;14;7;4
750.0;12;7;6
756.0;12;8;5
762.0;9;9;7
768.0;10;7;8
774.0;11;7;7
780.0;12;7;6
786.0;11;7;7
792.0;11;8;6
798.0;10;10;5
804.0;10;8;7
810.0;9;8;8
816.0;11;9;5
822.0;12;8;5
828.0;14;6;5
834.0;15;5;5
840.0;15;4;6
846.0;14;4;7
852.0;16;4;5
858.0;16;6;3
864.0;16;6;3
870.0;15;7;3
876.0;16;8;1
882.0;15;6;4
888.0;15;6;4
894.0;15;5;5
900.0;17;4;4
906.0;20;4;1
912.0;19;5;1
918.0;20;5;0
924.0;18;6;1
930.0;20;4;1
936.0;21;3;1
942.0;21;4;0
948.0;18;5;2
954.0;17;5;3
960.0;16;6;3
966.0;16;5;4
972.0;15;6;4
978.0;16;5;4
984.0;15;6;4
990.0;12;8;5
996.0;11;9;5
1002.0;11;10;4
1008.0;11;11;3
1014.0;10;10;5
1020.0;9;12;4
1026.0;10;11;4
1032.0;12;9;4
1038.0;12;9;4
1044.0;14;6;5
1050.0;13;7;5
1056.0;15;5;5
1062.0;14;8;3
1068.0;13;9;3
1074.0;14;8;3
1080.0;13;6;6
1086.0;12;6;7
1092.0;13;6;6
1098.0;13;6;6
1104.0;15;6;4
1110.0;15;8;2
1116.0;13;10;2
1122.0;12;9;4
1128.0;11;8;6
1134.0;11;7;7
1140.0;11;6;8
1146.0;11;7;7
1152.0;14;7;4
1158.0;13;7;5
1164.0;13;8;4
1170.0;13;8;4
1176.0;14;7;4
1182.0;13;8;4
1188.0;13;9;3
1194.0;14;7;4
1200.0;14;9;2
1206.0;14;9;2
1212.0;15;8;2
1218.0;16;8;1
1224.0;15;8;2
1230.0;14;8;3
1236.0;14;8;3
1242.0;12;9;4
1248.0;13;7;5
1254.0;13;8;4
1260.0;14;7;4
1266.0;15;7;3
1272.0;16;7;2
1278.0;14;7;4
1284.0;14;6;5
1290.0;16;4;5
1296.0;16;4;5
1302.0;16;5;4
1308.0;14;10;1
1314.0;14;9;2
1320.0;14;7;4
1326.0;15;8;2
1332.0;15;8;2
1338.0;14;9;2
1344.0;15;8;2
1350.0;14;9;2
1356.0;15;9;1
1362.0;16;8;1
1368.0;18;6;1
1374.0;15;7;3
1380.0;15;7;3
1386.0;14;7;4
1392.0;15;8;2
1398.0;14;7;4
1404.0;15;6;4
1410.0;15;6;4
1416.0;15;6;4
1422.0;15;6;4
1428.0;16;6;3
1434.0;15;9;1
1440.0;16;8;1
1446.0;14;7;4
1452.0;16;6;3
1458.0;16;7;2
1464.0;17;7;1
1470.0;17;6;2
1476.0;17;5;3
1482.0;17;5;3
1488.0;18;3;4
1494.0;17;3;5
