#auto generated file!
180.0;107;45;23
186.0;109;42;24
192.0;114;37;24
198.0;105;46;24
204.0;108;43;24
210.0;109;47;19
216.0;108;44;23
222.0;105;43;27
228.0;101;45;29
234.0;95;47;33
240.0;94;50;31
246.0;91;57;27
252.0;95;56;24
258.0;100;55;20
264.0;101;52;22
270.0;97;53;25
276.0;101;52;22
282.0;99;50;26
288.0;101;48;26
294.0;97;49;29
300.0;94;53;28
306.0;101;50;24
312.0;96;49;30
318.0;98;48;29
324.0;98;47;30
330.0;99;46;30
336.0;98;52;25
342.0;102;51;22
348.0;101;50;24
354.0;102;51;22
360.0;106;48;21
366.0;109;44;22
372.0;107;44;24
378.0;110;41;24
384.0;109;45;21
390.0;109;43;23
396.0;110;40;25
402.0;107;47;21
408.0;101;50;24
414.0;98;50;27
420.0;96;52;27
426.0;87;60;28
432.0;92;58;25
438.0;92;51;32
444.0;93;48;34
450.0;90;54;31
456.0;89;55;31
462.0;90;58;27
468.0;91;58;26
474.0;96;55;24
480.0;98;52;25
486.0;98;51;26
492.0;96;49;30
498.0;99;50;26
504.0;99;50;26
510.0;108;45;22
516.0;113;39;23
522.0;112;43;20
528.0;110;41;24
534.0;110;42;23
540.0;106;46;23
546.0;108;45;22
552.0;108;46;21
558.0;103;51;21
564.0;104;56;15
570.0;103;55;17
576.0;98;55;22
582.0;100;49;26
588.0;101;50;24
594.0;100;55;20
600.0;97;55;23
606.0;96;54;25
612.0;91;54;30
618.0;88;61;26
624.0;81;66;28
630.0;83;59;33
636.0;83;58;34
642.0;91;54;30
648.0;93;49;33
654.0;89;56;30
660.0;93;52;30
666.0;95;53;27
672.0;97;51;27
678.0;101;49;25
684.0;103;49;23
690.0;100;52;23
696.0;102;53;20
702.0;101;50;24
708.0;105;48;22
714.0;98;50;27
720.0;102;50;23
726.0;100;51;24
732.0;104;50;21
738.0;101;50;24
744.0;105;49;21
750.0;101;52;22
756.0;104;50;21
762.0;108;50;17
768.0;107;48;20
774.0;109;46;20
780.0;107;45;23
786.0;111;41;23
792.0;114;40;21
798.0;112;41;22
804.0;109;38;28
810.0;111;40;24
816.0;107;42;26
822.0;106;45;24
828.0;105;48;22
834.0;104;52;19
840.0;104;50;21
846.0;100;53;22
852.0;100;52;23
858.0;102;57;16
864.0;97;61;17
870.0;92;60;23
876.0;88;60;27
882.0;96;54;25
888.0;100;48;27
894.0;106;48;21
900.0;111;44;20
906.0;107;42;26
912.0;99;48;28
918.0;94;54;27
924.0;97;49;29
930.0;96;48;31
936.0;98;47;30
942.0;96;52;27
948.0;98;56;21
954.0;89;60;26
960.0;99;55;21
966.0;94;53;28
972.0;95;46;34
978.0;98;51;26
984.0;97;53;25
990.0;99;49;27
996.0;103;47;25
1002.0;106;45;24
1008.0;102;46;27
1014.0;101;51;23
1020.0;104;53;18
1026.0;106;51;18
1032.0;108;54;13
1038.0;106;54;15
1044.0;105;47;23
1050.0;103;51;21
1056.0;102;53;20
1062.0;101;51;23
1068.0;102;51;22
1074.0;104;45;26
1080.0;103;45;27
1086.0;99;50;26
1092.0;101;46;28
1098.0;101;46;28
1104.0;102;49;24
1110.0;106;48;21
1116.0;106;47;22
1122.0;107;49;19
1128.0;107;49;19
1134.0;109;47;19
1140.0;105;49;21
1146.0;101;47;27
1152.0;100;50;25
1158.0;98;54;23
1164.0;99;54;22
1170.0;97;53;25
1176.0;93;55;27
1182.0;90;56;29
1188.0;82;59;34
1194.0;82;54;39
1200.0;89;53;33
1206.0;89;55;31
1212.0;94;54;27
1218.0;93;56;26
1224.0;90;58;27
1230.0;95;59;21
1236.0;92;59;24
1242.0;90;62;23
1248.0;96;55;24
1254.0;93;55;27
1260.0;91;55;29
1266.0;92;51;32
1272.0;99;50;26
1278.0;100;50;25
1284.0;99;54;22
1290.0;100;56;19
1296.0;100;52;23
1302.0;103;51;21
1308.0;98;55;22
1314.0;96;57;22
1320.0;100;54;21
1326.0;99;50;26
1332.0;99;52;24
1338.0;98;53;24
1344.0;100;49;26
1350.0;101;49;25
1356.0;101;52;22
1362.0;100;48;27
1368.0;97;48;30
1374.0;100;47;28
1380.0;98;52;25
1386.0;96;54;25
1392.0;97;50;28
1398.0;98;50;27
1404.0;89;55;31
1410.0;92;56;27
1416.0;103;53;19
1422.0;102;52;21
1428.0;107;47;21
1434.0;106;50;19
1440.0;108;48;19
1446.0;103;52;20
1452.0;106;54;15
1458.0;99;58;18
1464.0;103;57;15
1470.0;100;55;20
1476.0;96;57;22
1482.0;93;56;26
1488.0;91;59;25
1494.0;95;57;23
