#auto generated file!
180.0;35;11;4
186.0;33;11;6
192.0;34;8;8
198.0;34;11;5
204.0;33;11;6
210.0;36;9;5
216.0;36;11;3
222.0;37;9;4
228.0;35;9;6
234.0;34;11;5
240.0;33;11;6
246.0;31;12;7
252.0;29;14;7
258.0;29;14;7
264.0;34;15;1
270.0;31;14;5
276.0;30;14;6
282.0;26;16;8
288.0;27;17;6
294.0;24;18;8
300.0;25;18;7
306.0;24;19;7
312.0;25;18;7
318.0;24;18;8
324.0;26;17;7
330.0;29;10;11
336.0;29;8;13
342.0;30;9;11
348.0;29;11;10
354.0;31;13;6
360.0;30;12;8
366.0;32;11;7
372.0;33;10;7
378.0;31;11;8
384.0;29;13;8
390.0;30;14;6
396.0;31;12;7
402.0;31;13;6
408.0;32;12;6
414.0;32;11;7
420.0;33;12;5
426.0;32;13;5
432.0;30;16;4
438.0;31;15;4
444.0;30;16;4
450.0;30;13;7
456.0;29;14;7
462.0;27;16;7
468.0;26;18;6
474.0;26;20;4
480.0;28;17;5
486.0;29;15;6
492.0;27;17;6
498.0;29;14;7
504.0;29;18;3
510.0;26;18;6
516.0;23;21;6
522.0;24;20;6
528.0;24;20;6
534.0;22;19;9
540.0;23;19;8
546.0;23;19;8
552.0;25;18;7
558.0;30;15;5
564.0;25;19;6
570.0;26;18;6
576.0;27;16;7
582.0;25;21;4
588.0;28;18;4
594.0;27;19;4
600.0;25;20;5
606.0;27;20;3
612.0;29;19;2
618.0;28;19;3
624.0;26;18;6
630.0;27;17;6
636.0;25;17;8
642.0;23;21;6
648.0;24;17;9
654.0;25;16;9
660.0;25;15;10
666.0;26;17;7
672.0;26;19;5
678.0;25;17;8
684.0;24;18;8
690.0;26;17;7
696.0;25;15;10
702.0;30;11;9
708.0;31;12;7
714.0;32;12;6
720.0;31;14;5
726.0;31;15;4
732.0;32;13;5
738.0;33;11;6
744.0;34;10;6
750.0;34;13;3
756.0;35;13;2
762.0;31;16;3
768.0;31;17;2
774.0;31;17;2
780.0;31;13;6
786.0;31;14;5
792.0;31;14;5
798.0;30;14;6
804.0;31;14;5
810.0;32;12;6
816.0;32;11;7
822.0;30;11;9
828.0;29;12;9
834.0;32;13;5
840.0;32;12;6
846.0;30;15;5
852.0;27;14;9
858.0;26;14;10
864.0;30;11;9
870.0;29;14;7
876.0;27;17;6
882.0;29;16;5
888.0;29;16;5
894.0;26;18;6
900.0;25;18;7
906.0;27;15;8
912.0;26;15;9
918.0;28;13;9
924.0;30;9;11
930.0;31;11;8
936.0;30;13;7
942.0;31;13;6
948.0;32;14;4
954.0;32;14;4
960.0;34;13;3
966.0;34;13;3
972.0;32;13;5
978.0;33;10;7
984.0;33;8;9
990.0;35;9;6
996.0;37;7;6
1002.0;36;7;7
1008.0;37;9;4
1014.0;36;11;3
1020.0;34;11;5
1026.0;32;13;5
1032.0;31;13;6
1038.0;34;10;6
1044.0;32;11;7
1050.0;33;12;5
1056.0;27;15;8
1062.0;24;20;6
1068.0;23;20;7
1074.0;22;20;8
1080.0;23;18;9
1086.0;23;18;9
1092.0;25;18;7
1098.0;26;17;7
1104.0;26;18;6
1110.0;28;15;7
1116.0;26;17;7
1122.0;27;16;7
1128.0;25;19;6
1134.0;26;18;6
1140.0;29;15;6
1146.0;29;16;5
1152.0;29;19;2
1158.0;31;17;2
1164.0;32;16;2
1170.0;33;16;1
1176.0;33;12;5
1182.0;33;11;6
1188.0;31;13;6
1194.0;33;12;5
1200.0;34;11;5
1206.0;33;11;6
1212.0;35;8;7
1218.0;34;9;7
1224.0;33;12;5
1230.0;33;12;5
1236.0;30;15;5
1242.0;33;13;4
1248.0;30;16;4
1254.0;30;13;7
1260.0;29;11;10
1266.0;28;13;9
1272.0;28;15;7
1278.0;26;15;9
1284.0;26;18;6
1290.0;24;22;4
1296.0;23;21;6
1302.0;24;17;9
1308.0;25;17;8
1314.0;25;16;9
1320.0;27;18;5
1326.0;26;19;5
1332.0;28;17;5
1338.0;26;16;8
1344.0;26;18;6
1350.0;27;19;4
1356.0;28;19;3
1362.0;29;17;4
1368.0;26;17;7
1374.0;27;15;8
1380.0;26;18;6
1386.0;25;16;9
1392.0;26;15;9
1398.0;29;13;8
1404.0;30;15;5
1410.0;29;16;5
1416.0;26;19;5
1422.0;26;19;5
1428.0;27;18;5
1434.0;25;15;10
1440.0;29;12;9
1446.0;25;13;12
1452.0;25;14;11
1458.0;28;14;8
1464.0;27;14;9
1470.0;27;15;8
1476.0;29;12;9
1482.0;28;13;9
1488.0;29;12;9
1494.0;31;10;9
