#auto generated file!
180.0;85;43;22
186.0;86;40;24
192.0;90;43;17
198.0;90;43;17
204.0;92;44;14
210.0;94;41;15
216.0;87;45;18
222.0;87;44;19
228.0;85;50;15
234.0;87;48;15
240.0;87;46;17
246.0;85;45;20
252.0;89;44;17
258.0;91;41;18
264.0;91;46;13
270.0;87;49;14
276.0;91;43;16
282.0;93;42;15
288.0;86;47;17
294.0;91;38;21
300.0;92;40;18
306.0;89;40;21
312.0;90;40;20
318.0;92;37;21
324.0;90;38;22
330.0;91;41;18
336.0;88;45;17
342.0;86;43;21
348.0;85;44;21
354.0;87;46;17
360.0;86;45;19
366.0;90;42;18
372.0;90;43;17
378.0;90;40;20
384.0;95;37;18
390.0;94;39;17
396.0;96;39;15
402.0;99;34;17
408.0;96;38;16
414.0;92;36;22
420.0;88;40;22
426.0;87;41;22
432.0;84;42;24
438.0;87;37;26
444.0;89;37;24
450.0;88;39;23
456.0;85;42;23
462.0;86;42;22
468.0;88;43;19
474.0;93;41;16
480.0;90;46;14
486.0;90;39;21
492.0;89;43;18
498.0;92;42;16
504.0;92;42;16
510.0;91;44;15
516.0;86;45;19
522.0;84;43;23
528.0;87;42;21
534.0;81;44;25
540.0;81;48;21
546.0;79;49;22
552.0;78;46;26
558.0;81;46;23
564.0;81;46;23
570.0;82;47;21
576.0;86;43;21
582.0;86;40;24
588.0;89;39;22
594.0;88;40;22
600.0;86;43;21
606.0;80;41;29
612.0;78;44;28
618.0;80;45;25
624.0;82;41;27
630.0;87;37;26
636.0;90;30;30
642.0;90;34;26
648.0;94;35;21
654.0;94;38;18
660.0;97;36;17
666.0;89;38;23
672.0;90;41;19
678.0;86;42;22
684.0;88;42;20
690.0;85;42;23
696.0;87;42;21
702.0;87;41;22
708.0;80;44;26
714.0;83;41;26
720.0;78;46;26
726.0;80;45;25
732.0;84;42;24
738.0;84;47;19
744.0;83;46;21
750.0;85;45;20
756.0;86;39;25
762.0;85;42;23
768.0;83;43;24
774.0;86;40;24
780.0;86;41;23
786.0;85;40;25
792.0;84;41;25
798.0;79;40;31
804.0;78;45;27
810.0;80;46;24
816.0;86;43;21
822.0;86;43;21
828.0;88;39;23
834.0;86;44;20
840.0;91;43;16
846.0;96;39;15
852.0;91;38;21
858.0;86;43;21
864.0;77;50;23
870.0;74;50;26
876.0;69;53;28
882.0;74;51;25
888.0;81;52;17
894.0;83;46;21
900.0;87;41;22
906.0;92;37;21
912.0;89;39;22
918.0;93;37;20
924.0;89;38;23
930.0;86;41;23
936.0;91;39;20
942.0;92;40;18
948.0;91;35;24
954.0;90;34;26
960.0;88;38;24
966.0;88;38;24
972.0;90;40;20
978.0;90;35;25
984.0;92;35;23
990.0;89;37;24
996.0;96;31;23
1002.0;95;30;25
1008.0;93;35;22
1014.0;90;39;21
1020.0;87;43;20
1026.0;93;38;19
1032.0;94;35;21
1038.0;99;33;18
1044.0;95;35;20
1050.0;95;37;18
1056.0;93;42;15
1062.0;94;37;19
1068.0;92;38;20
1074.0;96;37;17
1080.0;93;41;16
1086.0;97;38;15
1092.0;94;38;18
1098.0;95;36;19
1104.0;93;41;16
1110.0;88;41;21
1116.0;91;41;18
1122.0;87;44;19
1128.0;81;46;23
1134.0;83;46;21
1140.0;83;47;20
1146.0;85;41;24
1152.0;87;38;25
1158.0;86;35;29
1164.0;86;35;29
1170.0;88;36;26
1176.0;88;39;23
1182.0;89;38;23
1188.0;86;49;15
1194.0;85;52;13
1200.0;87;48;15
1206.0;86;51;13
1212.0;90;46;14
1218.0;92;47;11
1224.0;91;44;15
1230.0;93;40;17
1236.0;89;44;17
1242.0;82;47;21
1248.0;78;53;19
1254.0;77;58;15
1260.0;78;59;13
1266.0;77;56;17
1272.0;82;48;20
1278.0;83;43;24
1284.0;87;44;19
1290.0;85;45;20
1296.0;84;46;20
1302.0;90;40;20
1308.0;88;42;20
1314.0;85;39;26
1320.0;85;40;25
1326.0;87;39;24
1332.0;86;41;23
1338.0;85;38;27
1344.0;84;42;24
1350.0;82;45;23
1356.0;78;49;23
1362.0;77;52;21
1368.0;81;47;22
1374.0;85;41;24
1380.0;84;42;24
1386.0;80;47;23
1392.0;81;48;21
1398.0;82;45;23
1404.0;86;41;23
1410.0;87;41;22
1416.0;87;41;22
1422.0;89;42;19
1428.0;93;38;19
1434.0;95;36;19
1440.0;97;39;14
1446.0;90;39;21
1452.0;93;44;13
1458.0;91;42;17
1464.0;94;41;15
1470.0;94;40;16
1476.0;98;39;13
1482.0;95;35;20
1488.0;91;38;21
1494.0;90;35;25
