#auto generated file!
180.0;176;77;47
186.0;177;83;40
192.0;182;78;40
198.0;185;75;40
204.0;179;82;39
210.0;184;78;38
216.0;179;77;44
222.0;185;74;41
228.0;195;64;41
234.0;191;65;44
240.0;188;61;51
246.0;182;74;44
252.0;178;78;44
258.0;180;79;41
264.0;185;72;43
270.0;178;77;45
276.0;182;81;37
282.0;187;76;37
288.0;183;83;34
294.0;180;85;35
300.0;176;87;37
306.0;175;87;38
312.0;173;85;42
318.0;167;93;40
324.0;172;89;39
330.0;178;83;39
336.0;175;83;42
342.0;174;88;38
348.0;178;78;44
354.0;172;86;42
360.0;169;91;40
366.0;176;90;34
372.0;176;90;34
378.0;176;86;38
384.0;181;85;34
390.0;181;85;34
396.0;179;83;38
402.0;173;88;39
408.0;182;79;39
414.0;182;83;35
420.0;174;88;38
426.0;175;80;45
432.0;175;89;36
438.0;175;88;37
444.0;170;88;42
450.0;169;85;46
456.0;168;90;42
462.0;172;91;37
468.0;177;86;37
474.0;171;82;47
480.0;177;80;43
486.0;170;86;44
492.0;171;83;46
498.0;171;85;44
504.0;172;77;51
510.0;174;83;43
516.0;173;83;44
522.0;173;87;40
528.0;174;83;43
534.0;181;79;40
540.0;181;76;43
546.0;182;78;40
552.0;177;80;43
558.0;177;82;41
564.0;181;84;35
570.0;176;82;42
576.0;173;81;46
582.0;173;82;45
588.0;177;88;35
594.0;177;81;42
600.0;177;79;44
606.0;176;76;48
612.0;182;84;34
618.0;178;81;41
624.0;163;88;49
630.0;155;93;52
636.0;159;87;54
642.0;162;86;52
648.0;164;88;48
654.0;174;76;50
660.0;180;77;43
666.0;173;84;43
672.0;173;86;41
678.0;173;85;42
684.0;167;90;43
690.0;166;86;48
696.0;171;75;54
702.0;176;73;51
708.0;187;70;43
714.0;182;69;49
720.0;176;68;56
726.0;176;72;52
732.0;177;77;46
738.0;186;75;39
744.0;183;74;43
750.0;184;76;40
756.0;181;80;39
762.0;177;83;40
768.0;172;81;47
774.0;170;87;43
780.0;170;88;42
786.0;171;93;36
792.0;176;79;45
798.0;183;82;35
804.0;174;91;35
810.0;176;88;36
816.0;171;88;41
822.0;170;86;44
828.0;166;87;47
834.0;161;86;53
840.0;156;91;53
846.0;156;93;51
852.0;152;98;50
858.0;154;102;44
864.0;156;104;40
870.0;152;100;48
876.0;159;87;54
882.0;157;91;52
888.0;161;95;44
894.0;160;95;45
900.0;154;98;48
906.0;151;104;45
912.0;158;94;48
918.0;164;93;43
924.0;160;93;47
930.0;169;87;44
936.0;173;84;43
942.0;172;82;46
948.0;173;85;42
954.0;177;82;41
960.0;179;79;42
966.0;175;78;47
972.0;178;80;42
978.0;177;87;36
984.0;179;87;34
990.0;177;85;38
996.0;175;84;41
1002.0;174;84;42
1008.0;175;89;36
1014.0;173;87;40
1020.0;175;86;39
1026.0;172;82;46
1032.0;168;94;38
1038.0;164;87;49
1044.0;163;88;49
1050.0;165;81;54
1056.0;163;90;47
1062.0;163;91;46
1068.0;162;97;41
1074.0;156;102;42
1080.0;157;100;43
1086.0;161;98;41
1092.0;159;100;41
1098.0;149;106;45
1104.0;149;99;52
1110.0;153;100;47
1116.0;151;100;49
1122.0;154;104;42
1128.0;150;100;50
1134.0;151;101;48
1140.0;155;100;45
1146.0;157;92;51
1152.0;159;94;47
1158.0;165;89;46
1164.0;162;86;52
1170.0;163;85;52
1176.0;160;89;51
1182.0;166;90;44
1188.0;161;88;51
1194.0;157;91;52
1200.0;154;97;49
1206.0;152;102;46
1212.0;155;102;43
1218.0;156;98;46
1224.0;159;101;40
1230.0;169;93;38
1236.0;170;89;41
1242.0;165;93;42
1248.0;165;89;46
1254.0;164;85;51
1260.0;164;84;52
1266.0;172;79;49
1272.0;172;78;50
1278.0;174;79;47
1284.0;172;78;50
1290.0;166;82;52
1296.0;169;83;48
1302.0;171;81;48
1308.0;170;82;48
1314.0;173;82;45
1320.0;175;81;44
1326.0;169;83;48
1332.0;170;77;53
1338.0;165;91;44
1344.0;158;101;41
1350.0;161;98;41
1356.0;161;99;40
1362.0;165;96;39
1368.0;162;100;38
1374.0;157;99;44
1380.0;161;93;46
1386.0;162;90;48
1392.0;160;94;46
1398.0;161;86;53
1404.0;160;79;61
1410.0;163;78;59
1416.0;174;72;54
1422.0;176;72;52
1428.0;172;77;51
1434.0;170;83;47
1440.0;171;80;49
1446.0;171;82;47
1452.0;166;80;54
1458.0;168;84;48
1464.0;165;84;51
1470.0;162;87;51
1476.0;158;84;58
1482.0;154;89;57
1488.0;159;80;61
1494.0;163;83;54
