#auto generated file!
180.0;55;31;14
186.0;57;31;12
192.0;58;29;13
198.0;58;31;11
204.0;58;32;10
210.0;57;34;9
216.0;59;32;9
222.0;56;34;10
228.0;54;36;10
234.0;56;36;8
240.0;52;35;13
246.0;51;34;15
252.0;52;33;15
258.0;57;30;13
264.0;61;26;13
270.0;62;26;12
276.0;64;24;12
282.0;65;23;12
288.0;69;25;6
294.0;68;25;7
300.0;65;27;8
306.0;67;25;8
312.0;68;21;11
318.0;66;20;14
324.0;64;19;17
330.0;59;21;20
336.0;58;19;23
342.0;57;22;21
348.0;60;24;16
354.0;59;27;14
360.0;58;26;16
366.0;53;30;17
372.0;56;32;12
378.0;59;30;11
384.0;63;31;6
390.0;61;28;11
396.0;63;27;10
402.0;62;26;12
408.0;62;25;13
414.0;56;24;20
420.0;53;20;27
426.0;51;25;24
432.0;50;27;23
438.0;53;30;17
444.0;54;31;15
450.0;55;29;16
456.0;53;32;15
462.0;53;35;12
468.0;53;32;15
474.0;50;32;18
480.0;51;33;16
486.0;53;30;17
492.0;56;27;17
498.0;54;30;16
504.0;59;24;17
510.0;56;26;18
516.0;58;25;17
522.0;56;28;16
528.0;53;31;16
534.0;57;29;14
540.0;58;31;11
546.0;58;28;14
552.0;59;31;10
558.0;60;28;12
564.0;60;27;13
570.0;59;28;13
576.0;56;27;17
582.0;54;31;15
588.0;52;33;15
594.0;57;30;13
600.0;54;29;17
606.0;54;31;15
612.0;55;34;11
618.0;57;31;12
624.0;58;30;12
630.0;61;24;15
636.0;60;26;14
642.0;57;26;17
648.0;57;26;17
654.0;54;27;19
660.0;55;32;13
666.0;57;31;12
672.0;53;32;15
678.0;53;30;17
684.0;56;29;15
690.0;57;28;15
696.0;55;30;15
702.0;56;31;13
708.0;51;32;17
714.0;49;27;24
720.0;52;27;21
726.0;55;24;21
732.0;51;27;22
738.0;52;30;18
744.0;51;32;17
750.0;50;32;18
756.0;50;32;18
762.0;52;35;13
768.0;56;35;9
774.0;59;34;7
780.0;58;29;13
786.0;60;25;15
792.0;59;27;14
798.0;59;25;16
804.0;64;22;14
810.0;66;24;10
816.0;61;23;16
822.0;63;27;10
828.0;58;30;12
834.0;55;30;15
840.0;53;32;15
846.0;52;32;16
852.0;53;30;17
858.0;52;34;14
864.0;55;33;12
870.0;58;29;13
876.0;60;29;11
882.0;60;27;13
888.0;59;30;11
894.0;62;27;11
900.0;60;29;11
906.0;56;28;16
912.0;62;24;14
918.0;54;31;15
924.0;56;29;15
930.0;57;27;16
936.0;55;24;21
942.0;59;27;14
948.0;63;26;11
954.0;61;27;12
960.0;56;29;15
966.0;56;32;12
972.0;54;31;15
978.0;57;32;11
984.0;55;34;11
990.0;56;32;12
996.0;55;33;12
1002.0;59;31;10
1008.0;56;31;13
1014.0;57;32;11
1020.0;55;32;13
1026.0;58;25;17
1032.0;56;28;16
1038.0;58;32;10
1044.0;57;31;12
1050.0;53;34;13
1056.0;50;33;17
1062.0;46;30;24
1068.0;45;28;27
1074.0;47;26;27
1080.0;47;29;24
1086.0;46;34;20
1092.0;49;34;17
1098.0;53;32;15
1104.0;56;27;17
1110.0;57;25;18
1116.0;54;23;23
1122.0;54;29;17
1128.0;48;36;16
1134.0;49;35;16
1140.0;50;37;13
1146.0;54;34;12
1152.0;62;28;10
1158.0;62;26;12
1164.0;62;27;11
1170.0;57;29;14
1176.0;55;28;17
1182.0;57;30;13
1188.0;61;25;14
1194.0;59;25;16
1200.0;60;24;16
1206.0;61;25;14
1212.0;62;23;15
1218.0;60;26;14
1224.0;58;28;14
1230.0;59;28;13
1236.0;55;30;15
1242.0;59;27;14
1248.0;57;27;16
1254.0;61;24;15
1260.0;62;25;13
1266.0;59;26;15
1272.0;57;28;15
1278.0;53;30;17
1284.0;56;34;10
1290.0;54;35;11
1296.0;55;35;10
1302.0;58;33;9
1308.0;58;32;10
1314.0;61;28;11
1320.0;62;26;12
1326.0;65;25;10
1332.0;68;22;10
1338.0;62;24;14
1344.0;58;24;18
1350.0;62;21;17
1356.0;64;23;13
1362.0;66;22;12
1368.0;62;22;16
1374.0;64;23;13
1380.0;59;28;13
1386.0;62;29;9
1392.0;61;27;12
1398.0;61;28;11
1404.0;63;26;11
1410.0;64;25;11
1416.0;57;32;11
1422.0;57;31;12
1428.0;56;29;15
1434.0;59;22;19
1440.0;59;22;19
1446.0;63;27;10
1452.0;65;25;10
1458.0;66;26;8
1464.0;64;23;13
1470.0;62;23;15
1476.0;63;22;15
1482.0;63;24;13
1488.0;61;23;16
1494.0;57;25;18
