#auto generated file!
180.0;209;92;49
186.0;210;92;48
192.0;215;92;43
198.0;214;101;35
204.0;210;105;35
210.0;209;104;37
216.0;202;98;50
222.0;205;92;53
228.0;198;99;53
234.0;197;99;54
240.0;198;99;53
246.0;204;94;52
252.0;200;100;50
258.0;196;103;51
264.0;198;105;47
270.0;197;107;46
276.0;203;103;44
282.0;216;96;38
288.0;212;93;45
294.0;212;93;45
300.0;211;90;49
306.0;205;95;50
312.0;201;100;49
318.0;199;102;49
324.0;207;98;45
330.0;203;99;48
336.0;203;97;50
342.0;201;100;49
348.0;199;98;53
354.0;200;94;56
360.0;197;94;59
366.0;194;94;62
372.0;189;95;66
378.0;195;87;68
384.0;196;85;69
390.0;199;93;58
396.0;203;91;56
402.0;212;82;56
408.0;203;86;61
414.0;201;86;63
420.0;199;87;64
426.0;203;89;58
432.0;198;103;49
438.0;193;101;56
444.0;188;105;57
450.0;185;116;49
456.0;184;113;53
462.0;189;111;50
468.0;192;115;43
474.0;188;111;51
480.0;194;113;43
486.0;205;103;42
492.0;207;104;39
498.0;209;101;40
504.0;212;97;41
510.0;210;97;43
516.0;208;102;40
522.0;201;108;41
528.0;199;105;46
534.0;200;107;43
540.0;201;108;41
546.0;203;105;42
552.0;199;101;50
558.0;192;108;50
564.0;185;113;52
570.0;191;109;50
576.0;193;113;44
582.0;192;108;50
588.0;190;107;53
594.0;192;109;49
600.0;189;104;57
606.0;199;97;54
612.0;206;93;51
618.0;207;94;49
624.0;203;98;49
630.0;201;94;55
636.0;206;89;55
642.0;205;90;55
648.0;219;86;45
654.0;216;87;47
660.0;224;80;46
666.0;238;78;34
672.0;237;74;39
678.0;226;82;42
684.0;219;89;42
690.0;221;89;40
696.0;222;91;37
702.0;223;90;37
708.0;219;93;38
714.0;218;88;44
720.0;209;93;48
726.0;204;97;49
732.0;205;100;45
738.0;195;105;50
744.0;192;109;49
750.0;195;107;48
756.0;201;109;40
762.0;193;115;42
768.0;193;107;50
774.0;188;118;44
780.0;195;107;48
786.0;198;105;47
792.0;203;105;42
798.0;203;107;40
804.0;187;112;51
810.0;192;105;53
816.0;204;95;51
822.0;208;90;52
828.0;208;81;61
834.0;208;84;58
840.0;210;86;54
846.0;214;84;52
852.0;227;83;40
858.0;220;92;38
864.0;228;82;40
870.0;225;86;39
876.0;223;92;35
882.0;216;88;46
888.0;215;85;50
894.0;203;97;50
900.0;198;96;56
906.0;198;94;58
912.0;195;100;55
918.0;195;102;53
924.0;189;112;49
930.0;197;105;48
936.0;200;109;41
942.0;202;109;39
948.0;197;107;46
954.0;200;102;48
960.0;198;99;53
966.0;199;96;55
972.0;203;98;49
978.0;207;96;47
984.0;202;100;48
990.0;200;104;46
996.0;199;94;57
1002.0;205;91;54
1008.0;209;88;53
1014.0;210;91;49
1020.0;218;87;45
1026.0;208;89;53
1032.0;215;89;46
1038.0;221;91;38
1044.0;222;92;36
1050.0;224;94;32
1056.0;219;89;42
1062.0;215;90;45
1068.0;213;88;49
1074.0;227;77;46
1080.0;227;73;50
1086.0;216;80;54
1092.0;211;83;56
1098.0;214;90;46
1104.0;205;92;53
1110.0;213;89;48
1116.0;208;92;50
1122.0;208;88;54
1128.0;203;87;60
1134.0;200;87;63
1140.0;202;91;57
1146.0;207;86;57
1152.0;206;101;43
1158.0;202;104;44
1164.0;198;105;47
1170.0;201;106;43
1176.0;202;107;41
1182.0;200;107;43
1188.0;200;112;38
1194.0;194;108;48
1200.0;197;105;48
1206.0;213;92;45
1212.0;198;93;59
1218.0;197;99;54
1224.0;202;98;50
1230.0;206;97;47
1236.0;202;102;46
1242.0;206;93;51
1248.0;208;90;52
1254.0;201;97;52
1260.0;193;103;54
1266.0;194;102;54
1272.0;194;102;54
1278.0;196;106;48
1284.0;193;100;57
1290.0;187;101;62
1296.0;193;104;53
1302.0;191;109;50
1308.0;194;108;48
1314.0;197;106;47
1320.0;201;109;40
1326.0;204;101;45
1332.0;210;94;46
1338.0;196;104;50
1344.0;184;105;61
1350.0;184;113;53
1356.0;180;120;50
1362.0;179;115;56
1368.0;185;109;56
1374.0;188;101;61
1380.0;191;95;64
1386.0;196;89;65
1392.0;194;92;64
1398.0;195;97;58
1404.0;197;98;55
1410.0;204;93;53
1416.0;202;96;52
1422.0;205;92;53
1428.0;196;97;57
1434.0;204;91;55
1440.0;209;89;52
1446.0;213;97;40
1452.0;215;98;37
1458.0;217;92;41
1464.0;213;93;44
1470.0;211;88;51
1476.0;213;91;46
1482.0;211;88;51
1488.0;210;86;54
1494.0;202;93;55
