#auto generated file!
180.0;170;102;53
186.0;181;93;51
192.0;186;90;49
198.0;187;88;50
204.0;184;87;54
210.0;193;87;45
216.0;186;88;51
222.0;176;87;62
228.0;172;95;58
234.0;176;99;50
240.0;178;104;43
246.0;173;105;47
252.0;186;91;48
258.0;191;91;43
264.0;186;103;36
270.0;193;98;34
276.0;192;97;36
282.0;188;96;41
288.0;191;95;39
294.0;190;95;40
300.0;190;90;45
306.0;189;87;49
312.0;182;87;56
318.0;184;97;44
324.0;180;104;41
330.0;185;91;49
336.0;185;89;51
342.0;185;98;42
348.0;188;85;52
354.0;184;90;51
360.0;188;93;44
366.0;188;93;44
372.0;183;92;50
378.0;173;98;54
384.0;178;91;56
390.0;182;95;48
396.0;173;96;56
402.0;176;91;58
408.0;177;95;53
414.0;177;100;48
420.0;176;103;46
426.0;177;101;47
432.0;174;103;48
438.0;171;101;53
444.0;179;100;46
450.0;185;90;50
456.0;184;90;51
462.0;176;94;55
468.0;176;98;51
474.0;178;90;57
480.0;172;95;58
486.0;178;95;52
492.0;183;91;51
498.0;187;82;56
504.0;185;83;57
510.0;181;83;61
516.0;181;87;57
522.0;182;84;59
528.0;181;94;50
534.0;188;96;41
540.0;182;98;45
546.0;187;95;43
552.0;187;96;42
558.0;188;90;47
564.0;186;93;46
570.0;180;93;52
576.0;185;90;50
582.0;183;87;55
588.0;188;87;50
594.0;188;85;52
600.0;185;89;51
606.0;195;75;55
612.0;193;85;47
618.0;189;93;43
624.0;193;98;34
630.0;186;105;34
636.0;186;99;40
642.0;178;111;36
648.0;183;103;39
654.0;184;101;40
660.0;188;95;42
666.0;187;94;44
672.0;197;84;44
678.0;194;88;43
684.0;188;93;44
690.0;188;94;43
696.0;184;93;48
702.0;185;93;47
708.0;194;88;43
714.0;192;91;42
720.0;189;91;45
726.0;190;91;44
732.0;188;89;48
738.0;192;93;40
744.0;191;93;41
750.0;183;98;44
756.0;186;100;39
762.0;194;93;38
768.0;202;85;38
774.0;201;82;42
780.0;198;87;40
786.0;195;92;38
792.0;192;92;41
798.0;189;97;39
804.0;185;102;38
810.0;180;102;43
816.0;186;95;44
822.0;182;97;46
828.0;190;94;41
834.0;192;83;50
840.0;192;81;52
846.0;195;84;46
852.0;197;81;47
858.0;189;85;51
864.0;188;86;51
870.0;192;84;49
876.0;204;80;41
882.0;196;88;41
888.0;203;85;37
894.0;197;83;45
900.0;193;90;42
906.0;188;90;47
912.0;191;93;41
918.0;190;91;44
924.0;186;86;53
930.0;190;87;48
936.0;194;84;47
942.0;195;86;44
948.0;194;81;50
954.0;199;85;41
960.0;201;89;35
966.0;200;89;36
972.0;195;95;35
978.0;193;93;39
984.0;194;97;34
990.0;185;99;41
996.0;180;100;45
1002.0;177;97;51
1008.0;178;103;44
1014.0;178;100;47
1020.0;185;91;49
1026.0;184;93;48
1032.0;181;97;47
1038.0;180;98;47
1044.0;184;94;47
1050.0;181;96;48
1056.0;178;92;55
1062.0;178;96;51
1068.0;182;96;47
1074.0;178;101;46
1080.0;178;94;53
1086.0;177;96;52
1092.0;180;93;52
1098.0;185;88;52
1104.0;182;96;47
1110.0;190;90;45
1116.0;193;83;49
1122.0;201;81;43
1128.0;199;82;44
1134.0;200;82;43
1140.0;199;82;44
1146.0;206;76;43
1152.0;204;77;44
1158.0;210;75;40
1164.0;210;73;42
1170.0;198;78;49
1176.0;202;81;42
1182.0;199;79;47
1188.0;197;84;44
1194.0;196;85;44
1200.0;191;87;47
1206.0;183;91;51
1212.0;187;85;53
1218.0;186;85;54
1224.0;188;89;48
1230.0;183;95;47
1236.0;193;82;50
1242.0;196;82;47
1248.0;201;76;48
1254.0;200;78;47
1260.0;204;80;41
1266.0;200;86;39
1272.0;189;94;42
1278.0;191;97;37
1284.0;185;92;48
1290.0;183;94;48
1296.0;184;93;48
1302.0;188;86;51
1308.0;190;88;47
1314.0;191;91;43
1320.0;198;89;38
1326.0;195;91;39
1332.0;189;91;45
1338.0;191;89;45
1344.0;189;93;43
1350.0;193;91;41
1356.0;192;92;41
1362.0;196;86;43
1368.0;189;86;50
1374.0;188;86;51
1380.0;189;84;52
1386.0;183;85;57
1392.0;180;86;59
1398.0;181;89;55
1404.0;177;97;51
1410.0;182;97;46
1416.0;173;102;50
1422.0;174;103;48
1428.0;175;99;51
1434.0;177;101;47
1440.0;182;94;49
1446.0;189;93;43
1452.0;187;92;46
1458.0;190;90;45
1464.0;185;88;52
1470.0;181;96;48
1476.0;187;89;49
1482.0;189;92;44
1488.0;189;90;46
1494.0;187;89;49
