#auto generated file!
6.0;0.0;0.0
12.0;0.0;0.0
18.0;1.6666666666666667;0.0
24.0;2.5;0.0
30.0;7.083333333333333;0.0
36.0;8.333333333333334;0.0
42.0;5.833333333333333;0.0
48.0;9.166666666666666;0.125
54.0;14.375;0.125
60.0;24.583333333333332;0.0
66.0;23.333333333333332;0.5
72.0;18.75;0.0
78.0;22.916666666666668;0.0
84.0;23.75;0.25
90.0;13.333333333333334;0.0
96.0;20.0;0.5
102.0;17.5;0.0
108.0;15.416666666666666;0.0
114.0;10.0;0.0
120.0;18.333333333333332;0.0
126.0;11.666666666666666;0.0
132.0;20.833333333333332;0.5
138.0;23.75;0.0
144.0;28.958333333333332;0.0
150.0;17.916666666666668;0.0
156.0;35.416666666666664;0.0
162.0;17.5;0.0
168.0;15.833333333333334;0.0
174.0;21.666666666666668;0.0
180.0;14.166666666666666;0.0
186.0;15.833333333333334;0.0
192.0;12.916666666666666;0.0
198.0;17.083333333333332;0.0
204.0;17.916666666666668;0.0
210.0;18.75;0.5
216.0;25.0;0.5
222.0;22.083333333333332;0.0
228.0;21.666666666666668;0.0
234.0;16.25;0.0
240.0;15.0;0.0
246.0;24.166666666666668;0.0
252.0;21.666666666666668;0.0
258.0;17.5;0.5
264.0;22.5;0.0
270.0;18.75;0.5
276.0;13.75;0.25
282.0;19.583333333333332;0.0
288.0;33.333333333333336;0.0
294.0;24.166666666666668;0.0
300.0;20.833333333333332;0.0
306.0;23.333333333333332;0.0
312.0;27.916666666666668;0.0
318.0;23.541666666666668;0.25
324.0;15.625;0.0
330.0;15.833333333333334;0.0
336.0;22.5;0.0
342.0;16.666666666666668;0.0
348.0;20.0;0.125
354.0;16.666666666666668;0.5
360.0;22.5;0.5
366.0;26.666666666666668;0.0
372.0;30.0;0.5
378.0;29.375;0.0
384.0;19.583333333333332;0.0
390.0;21.666666666666668;0.0
396.0;18.333333333333332;0.5
402.0;14.375;0.0
408.0;15.0;0.0
414.0;15.0;0.0
420.0;13.333333333333334;0.0
426.0;19.583333333333332;0.0
432.0;17.5;0.0
438.0;16.666666666666668;0.0
444.0;27.083333333333332;0.0
450.0;29.583333333333332;0.25
456.0;20.416666666666668;0.0
462.0;22.5;0.0
468.0;18.75;0.5
474.0;22.5;0.0
480.0;13.333333333333334;0.0
486.0;9.166666666666666;0.0
492.0;12.5;0.0
498.0;18.333333333333332;0.0
504.0;24.166666666666668;0.5
510.0;20.0;0.0
516.0;26.666666666666668;0.0
522.0;26.666666666666668;0.0
528.0;28.333333333333332;0.0
534.0;23.333333333333332;0.0
540.0;16.666666666666668;0.0
546.0;22.5;0.5
552.0;20.0;0.0
558.0;8.75;0.0
564.0;17.708333333333332;0.0
570.0;25.0;0.0
576.0;22.916666666666668;0.0
582.0;28.333333333333332;0.5
588.0;26.875;0.0
594.0;18.333333333333332;0.5
600.0;25.0;0.0
606.0;31.666666666666668;0.0
612.0;20.0;0.0
618.0;10.208333333333334;0.0
624.0;16.25;0.5
630.0;12.5;0.0
636.0;10.833333333333334;0.0
642.0;15.0;0.0
648.0;20.0;0.5
654.0;19.166666666666668;0.0
660.0;24.166666666666668;0.0
666.0;21.25;0.0
672.0;30.0;0.0
678.0;25.416666666666668;0.0
684.0;23.75;0.0
690.0;23.333333333333332;0.0
696.0;17.916666666666668;0.0
702.0;13.333333333333334;0.0
708.0;12.5;0.0
714.0;15.416666666666666;0.0
720.0;20.833333333333332;0.0
726.0;15.833333333333334;0.0
732.0;14.166666666666666;0.0
738.0;20.0;0.5
744.0;19.166666666666668;0.25
750.0;26.666666666666668;0.5
756.0;23.333333333333332;0.0
762.0;19.583333333333332;0.0
768.0;20.0;0.5
774.0;19.583333333333332;0.0
780.0;11.666666666666666;0.0
786.0;14.166666666666666;0.5
792.0;10.833333333333334;0.0
798.0;16.25;0.0
804.0;20.0;0.125
810.0;16.666666666666668;0.0
816.0;16.666666666666668;0.0
822.0;21.666666666666668;0.0
828.0;20.0;0.0
834.0;22.083333333333332;0.0
840.0;20.0;0.0
846.0;16.666666666666668;0.0
852.0;15.833333333333334;0.0
858.0;18.75;0.0
864.0;19.375;0.0
870.0;25.833333333333332;0.0
876.0;24.583333333333332;0.0
882.0;15.0;0.0
888.0;23.333333333333332;0.0
894.0;24.166666666666668;0.0
900.0;22.916666666666668;0.0
906.0;21.666666666666668;0.0
912.0;23.75;0.0
918.0;20.0;0.0
924.0;21.25;0.0
930.0;20.0;0.25
936.0;18.75;0.0
942.0;20.0;0.0
948.0;18.333333333333332;0.0
954.0;20.833333333333332;0.0
960.0;20.833333333333332;0.0
966.0;21.666666666666668;0.0
972.0;25.833333333333332;0.0
978.0;27.708333333333332;0.0
984.0;18.75;0.0
990.0;22.083333333333332;0.0
996.0;30.0;0.5
1002.0;24.166666666666668;0.0
1008.0;9.375;0.0
1014.0;15.416666666666666;0.5
1020.0;11.666666666666666;0.0
1026.0;15.0;0.0
1032.0;10.0;0.0
1038.0;17.291666666666668;1.0
1044.0;23.333333333333332;0.0
1050.0;28.958333333333332;0.5
1056.0;27.916666666666668;0.0
1062.0;14.583333333333334;0.0
1068.0;18.333333333333332;0.0
1074.0;22.916666666666668;0.0
1080.0;19.583333333333332;0.0
1086.0;13.333333333333334;0.0
1092.0;17.5;0.0
1098.0;20.0;0.0
1104.0;21.666666666666668;0.0
1110.0;21.666666666666668;0.0
1116.0;22.083333333333332;0.0
1122.0;24.166666666666668;0.0
1128.0;27.083333333333332;0.5
1134.0;20.208333333333332;0.0
1140.0;26.875;0.0
1146.0;12.291666666666666;0.0
1152.0;18.75;0.75
1158.0;22.916666666666668;0.0
1164.0;16.666666666666668;0.25
1170.0;15.833333333333334;0.5
1176.0;13.333333333333334;0.0
1182.0;18.333333333333332;0.0
1188.0;15.0;0.0
1194.0;20.833333333333332;0.5
1200.0;19.166666666666668;0.0
1206.0;29.166666666666668;0.0
1212.0;22.916666666666668;0.0
1218.0;20.0;0.0
1224.0;11.25;0.0
1230.0;17.083333333333332;0.0
1236.0;16.25;0.0
1242.0;13.333333333333334;0.0
1248.0;15.833333333333334;0.5
1254.0;13.541666666666666;0.0
1260.0;18.333333333333332;0.0
1266.0;22.5;0.0
1272.0;31.25;0.0
1278.0;20.416666666666668;0.0
1284.0;22.5;0.0
1290.0;19.583333333333332;0.0
1296.0;19.166666666666668;0.0
1302.0;20.833333333333332;0.0
1308.0;5.833333333333333;0.0
1314.0;7.5;0.5
1320.0;22.083333333333332;0.0
1326.0;27.5;0.0
1332.0;19.583333333333332;0.0
1338.0;19.583333333333332;0.5
1344.0;18.75;0.75
1350.0;30.0;0.0
1356.0;30.0;0.5
1362.0;15.0;0.0
1368.0;21.25;0.0
1374.0;17.5;0.0
1380.0;24.583333333333332;0.0
1386.0;18.75;0.0
1392.0;25.416666666666668;0.0
1398.0;23.333333333333332;0.0
1404.0;13.333333333333334;0.75
1410.0;17.083333333333332;0.0
1416.0;15.416666666666666;0.0
1422.0;27.5;0.0
1428.0;24.583333333333332;0.0
1434.0;27.916666666666668;0.0
1440.0;20.0;0.5
1446.0;18.333333333333332;0.0
1452.0;10.833333333333334;0.125
1458.0;12.5;0.0
1464.0;15.0;0.0
1470.0;15.0;0.0
1476.0;17.5;0.0
1482.0;18.958333333333332;0.0
1488.0;15.833333333333334;0.0
1494.0;24.166666666666668;0.0
