#auto generated file!
180.0;111;53;36
186.0;112;53;35
192.0;115;59;26
198.0;114;56;30
204.0;118;54;28
210.0;123;49;28
216.0;114;53;33
222.0;113;57;30
228.0;107;66;27
234.0;109;63;28
240.0;111;60;29
246.0;110;58;32
252.0;111;59;30
258.0;111;57;32
264.0;109;64;27
270.0;113;65;22
276.0;115;67;18
282.0;115;64;21
288.0;114;59;27
294.0;111;60;29
300.0;122;52;26
306.0;118;53;29
312.0;121;53;26
318.0;121;51;28
324.0;124;47;29
330.0;125;48;27
336.0;128;46;26
342.0;123;53;24
348.0;123;55;22
354.0;118;56;26
360.0;116;57;27
366.0;121;56;23
372.0;122;54;24
378.0;132;45;23
384.0;131;45;24
390.0;123;44;33
396.0;118;51;31
402.0;125;48;27
408.0;121;54;25
414.0;118;59;23
420.0;113;63;24
426.0;113;64;23
432.0;115;68;17
438.0;118;68;14
444.0;116;70;14
450.0;112;68;20
456.0;112;64;24
462.0;118;56;26
468.0;113;57;30
474.0;119;55;26
480.0;122;49;29
486.0;126;46;28
492.0;114;51;35
498.0;113;55;32
504.0;119;55;26
510.0;110;61;29
516.0;110;58;32
522.0;106;60;34
528.0;109;59;32
534.0;116;58;26
540.0;113;60;27
546.0;111;62;27
552.0;103;65;32
558.0;99;68;33
564.0;98;70;32
570.0;107;68;25
576.0;106;68;26
582.0;106;72;22
588.0;108;73;19
594.0;112;68;20
600.0;115;68;17
606.0;117;61;22
612.0;119;55;26
618.0;113;52;35
624.0;118;54;28
630.0;114;56;30
636.0;119;55;26
642.0;122;59;19
648.0;113;69;18
654.0;109;66;25
660.0;115;60;25
666.0;112;58;30
672.0;113;59;28
678.0;105;63;32
684.0;110;62;28
690.0;112;66;22
696.0;112;66;22
702.0;109;61;30
708.0;108;66;26
714.0;105;73;22
720.0;102;73;25
726.0;99;72;29
732.0;103;69;28
738.0;102;65;33
744.0;106;68;26
750.0;105;64;31
756.0;105;64;31
762.0;105;65;30
768.0;111;65;24
774.0;105;69;26
780.0;104;65;31
786.0;107;65;28
792.0;107;67;26
798.0;112;64;24
804.0;109;64;27
810.0;110;55;35
816.0;112;56;32
822.0;113;57;30
828.0;116;51;33
834.0;112;58;30
840.0;117;58;25
846.0;120;52;28
852.0;121;52;27
858.0;115;56;29
864.0;116;57;27
870.0;113;62;25
876.0;120;52;28
882.0;116;56;28
888.0;113;60;27
894.0;114;57;29
900.0;116;56;28
906.0;116;58;26
912.0;119;58;23
918.0;115;58;27
924.0;118;53;29
930.0;120;52;28
936.0;120;56;24
942.0;123;60;17
948.0;124;58;18
954.0;129;55;16
960.0;122;58;20
966.0;125;61;14
972.0;132;52;16
978.0;125;60;15
984.0;125;54;21
990.0;117;58;25
996.0;118;59;23
1002.0;115;53;32
1008.0;113;49;38
1014.0;115;55;30
1020.0;111;55;34
1026.0;108;64;28
1032.0;108;61;31
1038.0;111;59;30
1044.0;112;60;28
1050.0;116;61;23
1056.0;122;55;23
1062.0;127;52;21
1068.0;123;54;23
1074.0;122;55;23
1080.0;119;52;29
1086.0;115;58;27
1092.0;116;53;31
1098.0;116;55;29
1104.0;112;57;31
1110.0;115;58;27
1116.0;121;56;23
1122.0;124;53;23
1128.0;119;54;27
1134.0;112;57;31
1140.0;109;56;35
1146.0;110;55;35
1152.0;114;54;32
1158.0;117;51;32
1164.0;115;52;33
1170.0;115;47;38
1176.0;112;50;38
1182.0;116;49;35
1188.0;114;52;34
1194.0;122;49;29
1200.0;125;52;23
1206.0;123;59;18
1212.0;117;57;26
1218.0;120;57;23
1224.0;120;55;25
1230.0;115;55;30
1236.0;113;62;25
1242.0;111;62;27
1248.0;111;62;27
1254.0;115;59;26
1260.0;117;52;31
1266.0;113;59;28
1272.0;107;54;39
1278.0;110;59;31
1284.0;104;67;29
1290.0;104;68;28
1296.0;104;71;25
1302.0;108;74;18
1308.0;109;74;17
1314.0;104;75;21
1320.0;106;69;25
1326.0;111;63;26
1332.0;114;60;26
1338.0;120;57;23
1344.0;121;51;28
1350.0;115;57;28
1356.0;116;58;26
1362.0;114;55;31
1368.0;111;61;28
1374.0;111;58;31
1380.0;112;60;28
1386.0;114;55;31
1392.0;116;56;28
1398.0;123;51;26
1404.0;124;51;25
1410.0;123;56;21
1416.0;127;58;15
1422.0;122;56;22
1428.0;120;54;26
1434.0;124;53;23
1440.0;123;55;22
1446.0;123;49;28
1452.0;120;55;25
1458.0;118;56;26
1464.0;115;64;21
1470.0;113;62;25
1476.0;114;56;30
1482.0;113;54;33
1488.0;111;59;30
1494.0;113;61;26
