#auto generated file!
180.0;105;60;35
186.0;102;68;30
192.0;102;71;27
198.0;102;69;29
204.0;107;65;28
210.0;109;64;27
216.0;115;60;25
222.0;113;61;26
228.0;107;64;29
234.0;108;62;30
240.0;109;63;28
246.0;118;54;28
252.0;124;49;27
258.0;122;49;29
264.0;128;48;24
270.0;132;46;22
276.0;123;50;27
282.0;124;53;23
288.0;121;56;23
294.0;123;51;26
300.0;119;54;27
306.0;114;59;27
312.0;105;59;36
318.0;106;60;34
324.0;108;58;34
330.0;106;63;31
336.0;103;69;28
342.0;100;71;29
348.0;103;72;25
354.0;100;71;29
360.0;105;68;27
366.0;106;68;26
372.0;107;65;28
378.0;110;63;27
384.0;113;62;25
390.0;116;60;24
396.0;115;64;21
402.0;118;65;17
408.0;116;62;22
414.0;116;59;25
420.0;114;61;25
426.0;122;53;25
432.0;118;55;27
438.0;117;57;26
444.0;119;54;27
450.0;119;61;20
456.0;116;66;18
462.0;112;68;20
468.0;112;65;23
474.0;118;62;20
480.0;114;60;26
486.0;116;55;29
492.0;116;58;26
498.0;112;59;29
504.0;110;61;29
510.0;119;49;32
516.0;117;54;29
522.0;116;52;32
528.0;115;49;36
534.0;119;51;30
540.0;122;49;29
546.0;122;48;30
552.0;115;48;37
558.0;119;48;33
564.0;114;49;37
570.0;112;49;39
576.0;110;49;41
582.0;111;54;35
588.0;115;51;34
594.0;113;54;33
600.0;117;59;24
606.0;113;56;31
612.0;110;55;35
618.0;114;54;32
624.0;117;53;30
630.0;120;53;27
636.0;123;50;27
642.0;130;49;21
648.0;135;46;19
654.0;134;46;20
660.0;128;49;23
666.0;126;53;21
672.0;122;55;23
678.0;116;59;25
684.0;118;61;21
690.0;124;50;26
696.0;127;45;28
702.0;125;51;24
708.0;127;45;28
714.0;122;45;33
720.0;125;41;34
726.0;127;39;34
732.0;125;46;29
738.0;124;46;30
744.0;119;51;30
750.0;118;54;28
756.0;122;52;26
762.0;116;52;32
768.0;115;56;29
774.0;116;56;28
780.0;119;58;23
786.0;123;49;28
792.0;120;48;32
798.0;124;41;35
804.0;123;44;33
810.0;126;43;31
816.0;119;51;30
822.0;118;50;32
828.0;120;52;28
834.0;119;56;25
840.0;122;51;27
846.0;122;52;26
852.0;121;54;25
858.0;115;59;26
864.0;114;56;30
870.0;114;56;30
876.0;110;53;37
882.0;118;51;31
888.0;115;55;30
894.0;107;56;37
900.0;105;59;36
906.0;106;62;32
912.0;108;64;28
918.0;111;58;31
924.0;105;62;33
930.0;105;62;33
936.0;102;63;35
942.0;102;65;33
948.0;107;67;26
954.0;114;66;20
960.0;116;60;24
966.0;114;59;27
972.0;110;58;32
978.0;111;55;34
984.0;116;49;35
990.0;118;50;32
996.0;117;55;28
1002.0;110;58;32
1008.0;107;56;37
1014.0;106;57;37
1020.0;108;55;37
1026.0;112;57;31
1032.0;110;52;38
1038.0;112;52;36
1044.0;109;55;36
1050.0;110;58;32
1056.0;110;60;30
1062.0;111;55;34
1068.0;115;52;33
1074.0;114;53;33
1080.0;117;53;30
1086.0;116;55;29
1092.0;110;58;32
1098.0;113;59;28
1104.0;114;61;25
1110.0;117;64;19
1116.0;116;68;16
1122.0;114;65;21
1128.0;119;57;24
1134.0;115;60;25
1140.0;112;59;29
1146.0;112;57;31
1152.0;111;57;32
1158.0;109;61;30
1164.0;113;60;27
1170.0;110;65;25
1176.0;110;65;25
1182.0;114;62;24
1188.0;116;57;27
1194.0;115;57;28
1200.0;107;62;31
1206.0;106;64;30
1212.0;109;69;22
1218.0;115;63;22
1224.0;114;62;24
1230.0;111;60;29
1236.0;113;62;25
1242.0;107;72;21
1248.0;107;76;17
1254.0;105;74;21
1260.0;106;71;23
1266.0;105;73;22
1272.0;102;78;20
1278.0;103;77;20
1284.0;107;68;25
1290.0;109;70;21
1296.0;111;64;25
1302.0;109;63;28
1308.0;108;66;26
1314.0;106;67;27
1320.0;109;64;27
1326.0;108;68;24
1332.0;105;66;29
1338.0;108;64;28
1344.0;112;67;21
1350.0;110;63;27
1356.0;107;64;29
1362.0;108;61;31
1368.0;111;59;30
1374.0;113;61;26
1380.0;122;61;17
1386.0;124;56;20
1392.0;122;54;24
1398.0;117;58;25
1404.0;114;60;26
1410.0;116;58;26
1416.0;118;58;24
1422.0;118;53;29
1428.0;114;61;25
1434.0;112;57;31
1440.0;113;55;32
1446.0;107;60;33
1452.0;109;62;29
1458.0;109;58;33
1464.0;101;62;37
1470.0;100;62;38
1476.0;106;57;37
1482.0;103;61;36
1488.0;106;63;31
1494.0;109;62;29
