#auto generated file!
180.0;80;34;11
186.0;79;38;8
192.0;84;33;8
198.0;84;30;11
204.0;78;34;13
210.0;81;34;10
216.0;82;32;11
222.0;81;34;10
228.0;80;34;11
234.0;81;35;9
240.0;79;31;15
246.0;74;30;21
252.0;77;32;16
258.0;78;31;16
264.0;80;34;11
270.0;79;29;17
276.0;76;26;23
282.0;73;30;22
288.0;72;35;18
294.0;71;35;19
300.0;71;32;22
306.0;69;35;21
312.0;72;33;20
318.0;71;35;19
324.0;69;36;20
330.0;74;30;21
336.0;76;30;19
342.0;78;30;17
348.0;77;30;18
354.0;73;29;23
360.0;70;33;22
366.0;67;34;24
372.0;66;31;28
378.0;68;31;26
384.0;67;36;22
390.0;69;40;16
396.0;67;39;19
402.0;67;38;20
408.0;62;41;22
414.0;67;38;20
420.0;69;36;20
426.0;69;39;17
432.0;69;42;14
438.0;71;36;18
444.0;76;34;15
450.0;80;32;13
456.0;82;31;12
462.0;79;33;13
468.0;76;33;16
474.0;72;40;13
480.0;72;39;14
486.0;70;41;14
492.0;70;37;18
498.0;71;37;17
504.0;74;38;13
510.0;71;38;16
516.0;65;42;18
522.0;67;37;21
528.0;69;36;20
534.0;68;39;18
540.0;69;39;17
546.0;65;38;22
552.0;67;36;22
558.0;68;35;22
564.0;66;42;17
570.0;68;37;20
576.0;65;37;23
582.0;67;36;22
588.0;68;36;21
594.0;70;36;19
600.0;71;37;17
606.0;69;38;18
612.0;72;39;14
618.0;69;39;17
624.0;73;37;15
630.0;69;41;15
636.0;69;37;19
642.0;71;39;15
648.0;75;36;14
654.0;75;37;13
660.0;69;38;18
666.0;74;39;12
672.0;78;34;13
678.0;70;30;25
684.0;69;29;27
690.0;67;32;26
696.0;67;40;18
702.0;64;41;20
708.0;66;42;17
714.0;66;41;18
720.0;69;40;16
726.0;67;42;16
732.0;70;41;14
738.0;73;34;18
744.0;72;33;20
750.0;74;33;18
756.0;75;31;19
762.0;72;33;20
768.0;72;33;20
774.0;75;33;17
780.0;68;39;18
786.0;70;35;20
792.0;69;35;21
798.0;68;32;25
804.0;67;36;22
810.0;66;36;23
816.0;67;37;21
822.0;67;40;18
828.0;68;37;20
834.0;66;34;25
840.0;69;30;26
846.0;67;34;24
852.0;62;33;30
858.0;68;28;29
864.0;72;27;26
870.0;74;29;22
876.0;75;31;19
882.0;76;27;22
888.0;77;27;21
894.0;73;29;23
900.0;71;32;22
906.0;73;33;19
912.0;72;38;15
918.0;72;40;13
924.0;75;38;12
930.0;72;40;13
936.0;72;35;18
942.0;70;39;16
948.0;74;35;16
954.0;69;38;18
960.0;73;38;14
966.0;73;38;14
972.0;71;39;15
978.0;73;36;16
984.0;76;35;14
990.0;79;33;13
996.0;75;37;13
1002.0;77;36;12
1008.0;76;31;18
1014.0;71;34;20
1020.0;72;37;16
1026.0;75;36;14
1032.0;77;35;13
1038.0;77;35;13
1044.0;74;38;13
1050.0;73;36;16
1056.0;73;35;17
1062.0;73;33;19
1068.0;66;35;24
1074.0;65;42;18
1080.0;64;40;21
1086.0;68;38;19
1092.0;68;37;20
1098.0;67;39;19
1104.0;66;37;22
1110.0;65;41;19
1116.0;63;43;19
1122.0;68;44;13
1128.0;68;43;14
1134.0;69;41;15
1140.0;66;42;17
1146.0;67;42;16
1152.0;69;37;19
1158.0;65;38;22
1164.0;66;40;19
1170.0;65;39;21
1176.0;64;42;19
1182.0;62;42;21
1188.0;60;49;16
1194.0;60;45;20
1200.0;67;44;14
1206.0;69;40;16
1212.0;71;41;13
1218.0;66;44;15
1224.0;71;37;17
1230.0;69;43;13
1236.0;68;41;16
1242.0;72;36;17
1248.0;68;33;24
1254.0;70;31;24
1260.0;67;36;22
1266.0;66;35;24
1272.0;69;38;18
1278.0;70;37;18
1284.0;69;40;16
1290.0;67;44;14
1296.0;64;44;17
1302.0;69;42;14
1308.0;70;39;16
1314.0;68;37;20
1320.0;66;35;24
1326.0;67;37;21
1332.0;68;36;21
1338.0;64;35;26
1344.0;73;29;23
1350.0;78;30;17
1356.0;76;36;13
1362.0;69;36;20
1368.0;71;34;20
1374.0;75;31;19
1380.0;73;34;18
1386.0;73;35;17
1392.0;70;36;19
1398.0;74;35;16
1404.0;72;33;20
1410.0;71;35;19
1416.0;73;33;19
1422.0;73;38;14
1428.0;72;38;15
1434.0;68;36;21
1440.0;68;37;20
1446.0;68;38;19
1452.0;67;37;21
1458.0;68;35;22
1464.0;65;32;28
1470.0;70;28;27
1476.0;72;27;26
1482.0;68;33;24
1488.0;65;36;24
1494.0;68;36;21
