#auto generated file!
180.0;40;24;11
186.0;42;23;10
192.0;44;22;9
198.0;42;23;10
204.0;40;20;15
210.0;40;21;14
216.0;35;22;18
222.0;33;21;21
228.0;34;22;19
234.0;34;24;17
240.0;35;26;14
246.0;38;24;13
252.0;38;23;14
258.0;40;21;14
264.0;41;20;14
270.0;41;19;15
276.0;40;20;15
282.0;42;21;12
288.0;42;21;12
294.0;41;21;13
300.0;41;21;13
306.0;40;20;15
312.0;42;21;12
318.0;38;23;14
324.0;40;20;15
330.0;37;26;12
336.0;42;24;9
342.0;43;22;10
348.0;44;22;9
354.0;40;21;14
360.0;39;22;14
366.0;38;21;16
372.0;36;24;15
378.0;42;24;9
384.0;41;22;12
390.0;42;21;12
396.0;47;19;9
402.0;45;21;9
408.0;42;22;11
414.0;41;23;11
420.0;42;19;14
426.0;44;21;10
432.0;47;17;11
438.0;45;23;7
444.0;45;23;7
450.0;50;17;8
456.0;46;17;12
462.0;44;22;9
468.0;45;22;8
474.0;47;20;8
480.0;44;19;12
486.0;43;20;12
492.0;39;23;13
498.0;39;26;10
504.0;39;27;9
510.0;35;29;11
516.0;39;23;13
522.0;38;26;11
528.0;36;24;15
534.0;36;21;18
540.0;34;21;20
546.0;35;22;18
552.0;41;21;13
558.0;39;23;13
564.0;41;23;11
570.0;41;22;12
576.0;36;25;14
582.0;36;27;12
588.0;36;24;15
594.0;40;22;13
600.0;40;25;10
606.0;33;26;16
612.0;36;21;18
618.0;41;19;15
624.0;45;20;10
630.0;42;21;12
636.0;41;18;16
642.0;40;18;17
648.0;37;18;20
654.0;40;19;16
660.0;39;21;15
666.0;41;19;15
672.0;42;20;13
678.0;40;23;12
684.0;41;19;15
690.0;43;15;17
696.0;45;17;13
702.0;46;18;11
708.0;44;19;12
714.0;43;19;13
720.0;45;21;9
726.0;43;19;13
732.0;44;21;10
738.0;40;25;10
744.0;39;28;8
750.0;39;22;14
756.0;39;22;14
762.0;39;21;15
768.0;36;23;16
774.0;40;22;13
780.0;39;21;15
786.0;44;22;9
792.0;42;23;10
798.0;45;21;9
804.0;47;20;8
810.0;46;22;7
816.0;45;25;5
822.0;45;24;6
828.0;47;21;7
834.0;44;22;9
840.0;43;20;12
846.0;45;19;11
852.0;45;21;9
858.0;45;22;8
864.0;48;22;5
870.0;45;24;6
876.0;44;26;5
882.0;40;27;8
888.0;39;27;9
894.0;39;24;12
900.0;37;24;14
906.0;41;22;12
912.0;40;21;14
918.0;41;22;12
924.0;39;26;10
930.0;39;23;13
936.0;41;22;12
942.0;41;20;14
948.0;42;19;14
954.0;48;13;14
960.0;51;13;11
966.0;48;14;13
972.0;47;14;14
978.0;45;15;15
984.0;49;14;12
990.0;52;12;11
996.0;54;10;11
1002.0;53;11;11
1008.0;52;13;10
1014.0;51;18;6
1020.0;49;18;8
1026.0;45;19;11
1032.0;46;21;8
1038.0;45;23;7
1044.0;46;20;9
1050.0;45;19;11
1056.0;48;20;7
1062.0;48;18;9
1068.0;46;17;12
1074.0;45;20;10
1080.0;49;16;10
1086.0;48;19;8
1092.0;46;22;7
1098.0;48;21;6
1104.0;46;21;8
1110.0;43;25;7
1116.0;40;26;9
1122.0;42;23;10
1128.0;43;23;9
1134.0;45;24;6
1140.0;42;27;6
1146.0;41;26;8
1152.0;42;19;14
1158.0;43;20;12
1164.0;44;22;9
1170.0;40;28;7
1176.0;39;27;9
1182.0;40;23;12
1188.0;38;24;13
1194.0;38;22;15
1200.0;41;25;9
1206.0;37;27;11
1212.0;34;30;11
1218.0;40;25;10
1224.0;45;23;7
1230.0;45;24;6
1236.0;43;20;12
1242.0;41;21;13
1248.0;40;22;13
1254.0;39;20;16
1260.0;44;19;12
1266.0;45;20;10
1272.0;41;20;14
1278.0;40;22;13
1284.0;40;24;11
1290.0;39;23;13
1296.0;37;23;15
1302.0;38;25;12
1308.0;41;24;10
1314.0;38;25;12
1320.0;40;26;9
1326.0;37;26;12
1332.0;39;25;11
1338.0;40;24;11
1344.0;39;25;11
1350.0;39;25;11
1356.0;37;26;12
1362.0;37;29;9
1368.0;41;22;12
1374.0;38;24;13
1380.0;38;24;13
1386.0;40;21;14
1392.0;41;24;10
1398.0;42;23;10
1404.0;40;25;10
1410.0;41;26;8
1416.0;41;27;7
1422.0;41;26;8
1428.0;42;23;10
1434.0;44;20;11
1440.0;45;20;10
1446.0;45;23;7
1452.0;43;24;8
1458.0;45;25;5
1464.0;47;23;5
1470.0;46;25;4
1476.0;49;22;4
1482.0;45;23;7
1488.0;43;24;8
1494.0;45;23;7
