#auto generated file!
180.0;142;70;38
186.0;145;73;32
192.0;145;83;22
198.0;149;78;23
204.0;147;82;21
210.0;142;83;25
216.0;143;84;23
222.0;142;79;29
228.0;140;79;31
234.0;138;77;35
240.0;138;75;37
246.0;134;82;34
252.0;137;74;39
258.0;138;65;47
264.0;132;76;42
270.0;136;72;42
276.0;142;71;37
282.0;145;79;26
288.0;151;78;21
294.0;143;79;28
300.0;138;79;33
306.0;132;81;37
312.0;131;88;31
318.0;130;85;35
324.0;138;70;42
330.0;147;70;33
336.0;148;70;32
342.0;148;69;33
348.0;153;64;33
354.0;160;66;24
360.0;158;64;28
366.0;145;68;37
372.0;142;71;37
378.0;146;64;40
384.0;150;62;38
390.0;149;68;33
396.0;148;66;36
402.0;151;72;27
408.0;145;73;32
414.0;147;66;37
420.0;147;63;40
426.0;145;64;41
432.0;147;71;32
438.0;144;75;31
444.0;140;79;31
450.0;146;69;35
456.0;144;73;33
462.0;149;70;31
468.0;152;70;28
474.0;145;79;26
480.0;132;85;33
486.0;124;81;45
492.0;126;74;50
498.0;129;78;43
504.0;142;65;43
510.0;148;62;40
516.0;145;70;35
522.0;137;70;43
528.0;140;66;44
534.0;142;64;44
540.0;150;61;39
546.0;153;64;33
552.0;145;67;38
558.0;142;69;39
564.0;149;66;35
570.0;145;66;39
576.0;143;71;36
582.0;147;72;31
588.0;141;68;41
594.0;146;61;43
600.0;145;62;43
606.0;139;65;46
612.0;146;65;39
618.0;143;60;47
624.0;144;63;43
630.0;141;70;39
636.0;148;70;32
642.0;144;71;35
648.0;141;75;34
654.0;140;74;36
660.0;134;80;36
666.0;138;77;35
672.0;143;75;32
678.0;134;77;39
684.0;138;68;44
690.0;139;69;42
696.0;143;71;36
702.0;144;69;37
708.0;144;64;42
714.0;146;61;43
720.0;153;56;41
726.0;152;59;39
732.0;143;60;47
738.0;139;70;41
744.0;145;68;37
750.0;153;60;37
756.0;155;65;30
762.0;151;64;35
768.0;155;64;31
774.0;154;63;33
780.0;149;65;36
786.0;152;62;36
792.0;149;63;38
798.0;157;64;29
804.0;151;68;31
810.0;149;67;34
816.0;146;65;39
822.0;148;69;33
828.0;147;68;35
834.0;145;73;32
840.0;129;77;44
846.0;140;73;37
852.0;137;74;39
858.0;142;68;40
864.0;141;71;38
870.0;146;75;29
876.0;146;75;29
882.0;144;74;32
888.0;138;78;34
894.0;137;73;40
900.0;137;72;41
906.0;138;76;36
912.0;141;74;35
918.0;149;73;28
924.0;156;68;26
930.0;154;64;32
936.0;159;65;26
942.0;158;63;29
948.0;150;73;27
954.0;151;73;26
960.0;148;76;26
966.0;145;81;24
972.0;138;82;30
978.0;137;87;26
984.0;136;82;32
990.0;127;80;43
996.0;135;74;41
1002.0;136;70;44
1008.0;135;72;43
1014.0;137;72;41
1020.0;138;72;40
1026.0;144;68;38
1032.0;142;75;33
1038.0;140;74;36
1044.0;141;73;36
1050.0;136;73;41
1056.0;142;68;40
1062.0;147;69;34
1068.0;141;65;44
1074.0;140;67;43
1080.0;139;67;44
1086.0;144;67;39
1092.0;140;67;43
1098.0;137;66;47
1104.0;125;78;47
1110.0;129;79;42
1116.0;139;77;34
1122.0;141;76;33
1128.0;145;75;30
1134.0;138;81;31
1140.0;142;77;31
1146.0;133;81;36
1152.0;131;81;38
1158.0;128;82;40
1164.0;132;82;36
1170.0;130;79;41
1176.0;135;76;39
1182.0;132;77;41
1188.0;136;71;43
1194.0;137;73;40
1200.0;142;73;35
1206.0;142;76;32
1212.0;140;71;39
1218.0;137;71;42
1224.0;142;67;41
1230.0;143;72;35
1236.0;145;70;35
1242.0;146;77;27
1248.0;142;70;38
1254.0;143;67;40
1260.0;143;63;44
1266.0;138;71;41
1272.0;144;68;38
1278.0;146;67;37
1284.0;142;68;40
1290.0;139;72;39
1296.0;136;74;40
1302.0;143;71;36
1308.0;141;71;38
1314.0;139;72;39
1320.0;142;69;39
1326.0;141;69;40
1332.0;141;67;42
1338.0;150;60;40
1344.0;153;55;42
1350.0;144;57;49
1356.0;151;54;45
1362.0;143;59;48
1368.0;138;72;40
1374.0;140;73;37
1380.0;142;77;31
1386.0;139;81;30
1392.0;138;83;29
1398.0;139;83;28
1404.0;144;80;26
1410.0;146;74;30
1416.0;152;63;35
1422.0;147;69;34
1428.0;149;69;32
1434.0;148;68;34
1440.0;139;74;37
1446.0;143;75;32
1452.0;141;74;35
1458.0;142;75;33
1464.0;148;72;30
1470.0;144;73;33
1476.0;141;74;35
1482.0;143;69;38
1488.0;151;66;33
1494.0;145;70;35
