#auto generated file!
180.0;43;18;14
186.0;44;21;10
192.0;41;23;11
198.0;46;21;8
204.0;45;19;11
210.0;44;18;13
216.0;44;19;12
222.0;46;17;12
228.0;43;18;14
234.0;43;21;11
240.0;46;19;10
246.0;42;23;10
252.0;42;20;13
258.0;42;22;11
264.0;42;21;12
270.0;42;26;7
276.0;42;27;6
282.0;41;24;10
288.0;39;25;11
294.0;42;20;13
300.0;43;19;13
306.0;37;23;15
312.0;38;24;13
318.0;37;26;12
324.0;37;26;12
330.0;43;21;11
336.0;44;23;8
342.0;45;22;8
348.0;46;20;9
354.0;46;20;9
360.0;48;20;7
366.0;47;17;11
372.0;47;17;11
378.0;48;17;10
384.0;51;16;8
390.0;50;15;10
396.0;48;16;11
402.0;46;17;12
408.0;51;14;10
414.0;48;15;12
420.0;46;18;11
426.0;49;19;7
432.0;42;20;13
438.0;49;19;7
444.0;48;21;6
450.0;46;23;6
456.0;44;23;8
462.0;46;25;4
468.0;42;26;7
474.0;43;23;9
480.0;44;21;10
486.0;43;21;11
492.0;41;23;11
498.0;42;20;13
504.0;43;21;11
510.0;43;23;9
516.0;41;30;4
522.0;44;27;4
528.0;37;31;7
534.0;38;29;8
540.0;43;22;10
546.0;39;24;12
552.0;42;24;9
558.0;44;21;10
564.0;40;26;9
570.0;43;24;8
576.0;40;26;9
582.0;42;27;6
588.0;42;25;8
594.0;41;24;10
600.0;42;20;13
606.0;40;21;14
612.0;44;26;5
618.0;44;21;10
624.0;41;24;10
630.0;44;22;9
636.0;44;23;8
642.0;43;24;8
648.0;39;25;11
654.0;42;23;10
660.0;39;23;13
666.0;40;25;10
672.0;37;25;13
678.0;37;27;11
684.0;38;26;11
690.0;40;23;12
696.0;42;20;13
702.0;38;20;17
708.0;41;16;18
714.0;40;20;15
720.0;40;23;12
726.0;40;22;13
732.0;39;26;10
738.0;39;28;8
744.0;39;26;10
750.0;42;21;12
756.0;43;20;12
762.0;44;19;12
768.0;44;21;10
774.0;46;21;8
780.0;49;20;6
786.0;49;17;9
792.0;48;17;10
798.0;50;15;10
804.0;50;15;10
810.0;47;15;13
816.0;45;16;14
822.0;45;18;12
828.0;45;15;15
834.0;45;17;13
840.0;44;19;12
846.0;43;17;15
852.0;45;17;13
858.0;44;20;11
864.0;45;23;7
870.0;41;25;9
876.0;40;27;8
882.0;38;26;11
888.0;38;26;11
894.0;36;27;12
900.0;40;25;10
906.0;39;25;11
912.0;43;21;11
918.0;45;23;7
924.0;43;23;9
930.0;39;25;11
936.0;39;24;12
942.0;39;21;15
948.0;39;19;17
954.0;42;20;13
960.0;44;15;16
966.0;46;16;13
972.0;49;16;10
978.0;50;19;6
984.0;53;18;4
990.0;54;16;5
996.0;48;21;6
1002.0;46;20;9
1008.0;43;19;13
1014.0;46;21;8
1020.0;49;17;9
1026.0;49;15;11
1032.0;49;17;9
1038.0;52;12;11
1044.0;48;16;11
1050.0;49;16;10
1056.0;48;19;8
1062.0;48;18;9
1068.0;48;20;7
1074.0;45;22;8
1080.0;45;23;7
1086.0;42;24;9
1092.0;39;27;9
1098.0;43;22;10
1104.0;46;17;12
1110.0;43;24;8
1116.0;39;27;9
1122.0;40;26;9
1128.0;38;26;11
1134.0;41;19;15
1140.0;37;21;17
1146.0;41;22;12
1152.0;41;22;12
1158.0;42;25;8
1164.0;42;28;5
1170.0;35;26;14
1176.0;37;26;12
1182.0;38;27;10
1188.0;42;26;7
1194.0;43;20;12
1200.0;41;22;12
1206.0;42;20;13
1212.0;42;19;14
1218.0;40;22;13
1224.0;42;25;8
1230.0;45;23;7
1236.0;42;24;9
1242.0;37;29;9
1248.0;38;27;10
1254.0;41;24;10
1260.0;40;23;12
1266.0;44;22;9
1272.0;40;23;12
1278.0;44;21;10
1284.0;46;21;8
1290.0;45;20;10
1296.0;48;17;10
1302.0;45;14;16
1308.0;48;12;15
1314.0;43;13;19
1320.0;44;12;19
1326.0;46;14;15
1332.0;49;14;12
1338.0;44;13;18
1344.0;44;17;14
1350.0;46;18;11
1356.0;46;21;8
1362.0;43;22;10
1368.0;40;28;7
1374.0;37;30;8
1380.0;36;31;8
1386.0;35;31;9
1392.0;37;27;11
1398.0;37;28;10
1404.0;38;25;12
1410.0;37;26;12
1416.0;37;22;16
1422.0;38;21;16
1428.0;41;22;12
1434.0;41;22;12
1440.0;41;20;14
1446.0;48;18;9
1452.0;46;19;10
1458.0;46;18;11
1464.0;46;19;10
1470.0;48;18;9
1476.0;49;18;8
1482.0;49;15;11
1488.0;50;18;7
1494.0;51;16;8
