#auto generated file!
180.0;172;89;39
186.0;170;88;42
192.0;170;91;39
198.0;175;89;36
204.0;174;96;30
210.0;174;97;29
216.0;171;97;32
222.0;177;96;27
228.0;173;95;32
234.0;183;89;28
240.0;182;79;39
246.0;178;83;39
252.0;179;76;45
258.0;180;72;48
264.0;181;77;42
270.0;180;77;43
276.0;182;81;37
282.0;187;80;33
288.0;183;81;36
294.0;188;83;29
300.0;195;81;24
306.0;191;85;24
312.0;197;84;19
318.0;188;84;28
324.0;173;86;41
330.0;169;90;41
336.0;160;95;45
342.0;161;96;43
348.0;171;90;39
354.0;168;88;44
360.0;173;84;43
366.0;160;85;55
372.0;168;83;49
378.0;173;84;43
384.0;168;89;43
390.0;164;87;49
396.0;165;90;45
402.0;163;94;43
408.0;169;87;44
414.0;168;89;43
420.0;169;90;41
426.0;167;93;40
432.0;171;93;36
438.0;177;88;35
444.0;181;86;33
450.0;186;79;35
456.0;186;73;41
462.0;189;77;34
468.0;194;77;29
474.0;189;80;31
480.0;186;81;33
486.0;182;90;28
492.0;184;81;35
498.0;183;84;33
504.0;180;85;35
510.0;181;85;34
516.0;178;84;38
522.0;186;83;31
528.0;179;87;34
534.0;175;86;39
540.0;173;84;43
546.0;177;87;36
552.0;182;78;40
558.0;176;81;43
564.0;177;83;40
570.0;170;83;47
576.0;160;89;51
582.0;158;94;48
588.0;157;98;45
594.0;155;102;43
600.0;152;96;52
606.0;154;103;43
612.0;156;92;52
618.0;158;91;51
624.0;169;82;49
630.0;165;84;51
636.0;166;86;48
642.0;165;84;51
648.0;177;81;42
654.0;171;81;48
660.0;166;84;50
666.0;169;84;47
672.0;164;91;45
678.0;175;86;39
684.0;183;82;35
690.0;182;81;37
696.0;187;83;30
702.0;188;81;31
708.0;174;85;41
714.0;175;86;39
720.0;175;87;38
726.0;179;75;46
732.0;184;70;46
738.0;192;69;39
744.0;193;72;35
750.0;188;80;32
756.0;181;80;39
762.0;184;81;35
768.0;175;82;43
774.0;176;78;46
780.0;178;73;49
786.0;166;75;59
792.0;176;80;44
798.0;177;75;48
804.0;167;81;52
810.0;165;90;45
816.0;162;94;44
822.0;165;86;49
828.0;165;85;50
834.0;167;94;39
840.0;170;93;37
846.0;178;83;39
852.0;182;82;36
858.0;182;76;42
864.0;182;81;37
870.0;184;73;43
876.0;178;76;46
882.0;175;86;39
888.0;173;81;46
894.0;175;87;38
900.0;182;74;44
906.0;184;77;39
912.0;176;85;39
918.0;175;83;42
924.0;171;87;42
930.0;169;82;49
936.0;165;87;48
942.0;164;87;49
948.0;167;89;44
954.0;180;81;39
960.0;181;78;41
966.0;177;77;46
972.0;183;76;41
978.0;185;80;35
984.0;183;79;38
990.0;178;80;42
996.0;170;87;43
1002.0;168;91;41
1008.0;173;82;45
1014.0;170;86;44
1020.0;169;92;39
1026.0;172;91;37
1032.0;175;88;37
1038.0;177;92;31
1044.0;182;84;34
1050.0;176;85;39
1056.0;178;84;38
1062.0;183;72;45
1068.0;178;73;49
1074.0;179;74;47
1080.0;174;76;50
1086.0;176;80;44
1092.0;179;81;40
1098.0;180;79;41
1104.0;173;82;45
1110.0;180;77;43
1116.0;177;76;47
1122.0;181;76;43
1128.0;190;78;32
1134.0;190;74;36
1140.0;186;82;32
1146.0;184;83;33
1152.0;178;83;39
1158.0;176;85;39
1164.0;176;90;34
1170.0;174;89;37
1176.0;162;94;44
1182.0;160;92;48
1188.0;156;98;46
1194.0;160;98;42
1200.0;156;97;47
1206.0;161;97;42
1212.0;151;100;49
1218.0;157;98;45
1224.0;169;95;36
1230.0;170;97;33
1236.0;166;100;34
1242.0;166;95;39
1248.0;169;100;31
1254.0;168;98;34
1260.0;170;98;32
1266.0;163;106;31
1272.0;162;103;35
1278.0;167;98;35
1284.0;172;95;33
1290.0;167;92;41
1296.0;169;88;43
1302.0;165;93;42
1308.0;166;90;44
1314.0;168;91;41
1320.0;160;84;56
1326.0;166;93;41
1332.0;163;103;34
1338.0;167;104;29
1344.0;166;103;31
1350.0;161;90;49
1356.0;163;94;43
1362.0;158;96;46
1368.0;165;94;41
1374.0;170;94;36
1380.0;165;87;48
1386.0;166;88;46
1392.0;158;91;51
1398.0;156;92;52
1404.0;156;95;49
1410.0;157;93;50
1416.0;160;91;49
1422.0;161;90;49
1428.0;160;92;48
1434.0;162;96;42
1440.0;171;97;32
1446.0;172;100;28
1452.0;170;98;32
1458.0;169;97;34
1464.0;172;96;32
1470.0;170;96;34
1476.0;165;94;41
1482.0;166;93;41
1488.0;161;94;45
1494.0;166;85;49
