#auto generated file!
180.0;178;118;54
186.0;190;112;48
192.0;183;123;44
198.0;185;121;44
204.0;185;115;50
210.0;197;109;44
216.0;192;109;49
222.0;195;112;43
228.0;193;108;49
234.0;207;99;44
240.0;205;93;52
246.0;209;93;48
252.0;202;95;53
258.0;198;102;50
264.0;212;88;50
270.0;211;91;48
276.0;211;81;58
282.0;214;86;50
288.0;208;85;57
294.0;209;96;45
300.0;218;88;44
306.0;214;96;40
312.0;211;99;40
318.0;207;104;39
324.0;207;108;35
330.0;198;107;45
336.0;195;110;45
342.0;203;103;44
348.0;211;98;41
354.0;207;101;42
360.0;204;104;42
366.0;201;102;47
372.0;192;110;48
378.0;192;114;44
384.0;188;113;49
390.0;179;114;57
396.0;181;112;57
402.0;191;104;55
408.0;187;104;59
414.0;193;107;50
420.0;201;99;50
426.0;202;99;49
432.0;195;99;56
438.0;190;110;50
444.0;190;112;48
450.0;183;114;53
456.0;176;118;56
462.0;180;117;53
468.0;185;108;57
474.0;189;114;47
480.0;187;113;50
486.0;185;109;56
492.0;187;105;58
498.0;185;114;51
504.0;187;116;47
510.0;189;119;42
516.0;190;111;49
522.0;197;111;42
528.0;201;103;46
534.0;194;109;47
540.0;200;108;42
546.0;192;114;44
552.0;192;106;52
558.0;198;108;44
564.0;204;99;47
570.0;200;97;53
576.0;193;98;59
582.0;201;90;59
588.0;201;99;50
594.0;202;96;52
600.0;199;99;52
606.0;197;105;48
612.0;205;100;45
618.0;199;109;42
624.0;196;102;52
630.0;196;103;51
636.0;188;106;56
642.0;195;101;54
648.0;198;92;60
654.0;193;92;65
660.0;193;92;65
666.0;200;93;57
672.0;203;96;51
678.0;195;100;55
684.0;195;97;58
690.0;202;92;56
696.0;199;96;55
702.0;209;94;47
708.0;208;92;50
714.0;204;92;54
720.0;202;96;52
726.0;200;98;52
732.0;199;98;53
738.0;194;100;56
744.0;197;95;58
750.0;195;98;57
756.0;201;100;49
762.0;200;98;52
768.0;198;94;58
774.0;192;96;62
780.0;198;107;45
786.0;203;105;42
792.0;196;107;47
798.0;197;111;42
804.0;199;104;47
810.0;198;112;40
816.0;190;113;47
822.0;193;115;42
828.0;193;107;50
834.0;183;118;49
840.0;181;124;45
846.0;193;110;47
852.0;196;111;43
858.0;190;109;51
864.0;193;106;51
870.0;192;110;48
876.0;190;105;55
882.0;191;111;48
888.0;184;116;50
894.0;183;116;51
900.0;185;107;58
906.0;182;112;56
912.0;189;100;61
918.0;189;92;69
924.0;191;94;65
930.0;195;97;58
936.0;205;98;47
942.0;202;98;50
948.0;194;101;55
954.0;195;104;51
960.0;193;102;55
966.0;192;110;48
972.0;202;101;47
978.0;204;97;49
984.0;198;100;52
990.0;194;97;59
996.0;202;94;54
1002.0;206;90;54
1008.0;208;93;49
1014.0;201;102;47
1020.0;198;104;48
1026.0;199;99;52
1032.0;205;88;57
1038.0;202;99;49
1044.0;208;103;39
1050.0;199;105;46
1056.0;200;102;48
1062.0;198;102;50
1068.0;207;98;45
1074.0;205;97;48
1080.0;201;94;55
1086.0;204;87;59
1092.0;206;87;57
1098.0;202;96;52
1104.0;202;90;58
1110.0;203;83;64
1116.0;208;86;56
1122.0;202;86;62
1128.0;201;93;56
1134.0;197;96;57
1140.0;197;101;52
1146.0;193;104;53
1152.0;189;106;55
1158.0;183;114;53
1164.0;177;121;52
1170.0;181;120;49
1176.0;174;122;54
1182.0;184;106;60
1188.0;188;97;65
1194.0;190;99;61
1200.0;193;106;51
1206.0;204;96;50
1212.0;204;96;50
1218.0;211;96;43
1224.0;203;98;49
1230.0;209;92;49
1236.0;206;97;47
1242.0;208;90;52
1248.0;208;89;53
1254.0;213;86;51
1260.0;208;92;50
1266.0;204;96;50
1272.0;209;91;50
1278.0;203;97;50
1284.0;198;98;54
1290.0;198;105;47
1296.0;201;105;44
1302.0;199;98;53
1308.0;205;92;53
1314.0;197;103;50
1320.0;195;110;45
1326.0;205;113;32
1332.0;203;113;34
1338.0;202;109;39
1344.0;197;109;44
1350.0;200;108;42
1356.0;210;101;39
1362.0;207;98;45
1368.0;218;93;39
1374.0;224;86;40
1380.0;217;86;47
1386.0;213;89;48
1392.0;207;86;57
1398.0;206;91;53
1404.0;207;88;55
1410.0;208;84;58
1416.0;214;86;50
1422.0;211;95;44
1428.0;211;96;43
1434.0;210;94;46
1440.0;206;92;52
1446.0;208;96;46
1452.0;203;92;55
1458.0;203;96;51
1464.0;208;93;49
1470.0;211;92;47
1476.0;216;84;50
1482.0;206;85;59
1488.0;211;86;53
1494.0;208;91;51
