#auto generated file!
180.0;206;102;42
186.0;205;99;46
192.0;203;100;47
198.0;202;100;48
204.0;189;103;58
210.0;192;98;60
216.0;192;103;55
222.0;201;97;52
228.0;197;96;57
234.0;206;93;51
240.0;205;94;51
246.0;211;87;52
252.0;211;92;47
258.0;208;93;49
264.0;202;94;54
270.0;203;97;50
276.0;204;91;55
282.0;204;93;53
288.0;198;90;62
294.0;197;101;52
300.0;188;107;55
306.0;189;105;56
312.0;186;107;57
318.0;189;106;55
324.0;186;105;59
330.0;184;103;63
336.0;181;107;62
342.0;193;96;61
348.0;190;100;60
354.0;184;98;68
360.0;182;99;69
366.0;190;99;61
372.0;196;96;58
378.0;195;97;58
384.0;198;100;52
390.0;198;103;49
396.0;198;102;50
402.0;210;94;46
408.0;204;99;47
414.0;191;106;53
420.0;192;108;50
426.0;196;110;44
432.0;187;113;50
438.0;192;123;35
444.0;188;124;38
450.0;182;130;38
456.0;184;127;39
462.0;191;116;43
468.0;195;113;42
474.0;196;112;42
480.0;198;106;46
486.0;188;110;52
492.0;188;110;52
498.0;187;103;60
504.0;182;111;57
510.0;186;101;63
516.0;194;102;54
522.0;202;96;52
528.0;206;96;48
534.0;206;93;51
540.0;210;93;47
546.0;207;97;46
552.0;196;101;53
558.0;196;92;62
564.0;198;89;63
570.0;196;101;53
576.0;203;94;53
582.0;208;97;45
588.0;200;104;46
594.0;202;103;45
600.0;211;98;41
606.0;210;93;47
612.0;205;103;42
618.0;198;106;46
624.0;200;103;47
630.0;201;102;47
636.0;204;103;43
642.0;207;98;45
648.0;210;87;53
654.0;200;86;64
660.0;209;80;61
666.0;211;81;58
672.0;205;89;56
678.0;198;92;60
684.0;201;96;53
690.0;207;94;49
696.0;209;91;50
702.0;212;89;49
708.0;211;89;50
714.0;208;87;55
720.0;211;89;50
726.0;206;92;52
732.0;208;89;53
738.0;214;91;45
744.0;202;96;52
750.0;205;100;45
756.0;202;98;50
762.0;209;88;53
768.0;201;95;54
774.0;199;100;51
780.0;191;99;60
786.0;203;93;54
792.0;198;101;51
798.0;190;101;59
804.0;195;100;55
810.0;197;105;48
816.0;202;96;52
822.0;201;91;58
828.0;200;95;55
834.0;191;107;52
840.0;188;107;55
846.0;186;113;51
852.0;184;113;53
858.0;194;104;52
864.0;201;103;46
870.0;205;99;46
876.0;195;99;56
882.0;204;94;52
888.0;202;94;54
894.0;198;93;59
900.0;208;87;55
906.0;206;93;51
912.0;211;81;58
918.0;211;82;57
924.0;211;89;50
930.0;207;94;49
936.0;205;96;49
942.0;202;97;51
948.0;206;92;52
954.0;196;100;54
960.0;199;98;53
966.0;199;98;53
972.0;201;103;46
978.0;197;101;52
984.0;186;107;57
990.0;186;113;51
996.0;194;112;44
1002.0;192;107;51
1008.0;196;105;49
1014.0;195;108;47
1020.0;199;105;46
1026.0;196;102;52
1032.0;188;109;53
1038.0;184;107;59
1044.0;185;102;63
1050.0;189;101;60
1056.0;197;95;58
1062.0;199;97;54
1068.0;203;94;53
1074.0;209;90;51
1080.0;203;94;53
1086.0;207;91;52
1092.0;211;92;47
1098.0;206;98;46
1104.0;209;95;46
1110.0;213;92;45
1116.0;209;98;43
1122.0;212;92;46
1128.0;205;100;45
1134.0;201;105;44
1140.0;194;116;40
1146.0;203;103;44
1152.0;200;98;52
1158.0;195;97;58
1164.0;192;99;59
1170.0;196;95;59
1176.0;196;97;57
1182.0;199;96;55
1188.0;195;100;55
1194.0;196;96;58
1200.0;199;90;61
1206.0;196;99;55
1212.0;195;94;61
1218.0;198;93;59
1224.0;205;81;64
1230.0;208;81;61
1236.0;205;83;62
1242.0;205;83;62
1248.0;210;81;59
1254.0;214;77;59
1260.0;207;81;62
1266.0;213;85;52
1272.0;205;89;56
1278.0;206;93;51
1284.0;208;92;50
1290.0;214;86;50
1296.0;213;85;52
1302.0;209;85;56
1308.0;206;94;50
1314.0;199;95;56
1320.0;193;104;53
1326.0;203;104;43
1332.0;191;111;48
1338.0;184;109;57
1344.0;195;112;43
1350.0;191;112;47
1356.0;199;109;42
1362.0;207;107;36
1368.0;209;102;39
1374.0;203;96;51
1380.0;203;98;49
1386.0;205;102;43
1392.0;198;105;47
1398.0;200;102;48
1404.0;195;102;53
1410.0;188;107;55
1416.0;178;110;62
1422.0;188;108;54
1428.0;191;105;54
1434.0;184;111;55
1440.0;195;108;47
1446.0;197;108;45
1452.0;198;108;44
1458.0;194;117;39
1464.0;200;109;41
1470.0;203;103;44
1476.0;200;108;42
1482.0;193;112;45
1488.0;197;111;42
1494.0;193;109;48
