#auto generated file!
180.0;33;10;7
186.0;33;10;7
192.0;32;12;6
198.0;31;14;5
204.0;32;12;6
210.0;31;14;5
216.0;31;13;6
222.0;29;11;10
228.0;32;8;10
234.0;31;9;10
240.0;28;9;13
246.0;29;11;10
252.0;29;13;8
258.0;28;14;8
264.0;27;17;6
270.0;26;17;7
276.0;30;15;5
282.0;31;15;4
288.0;30;16;4
294.0;32;15;3
300.0;33;13;4
306.0;29;15;6
312.0;27;15;8
318.0;28;14;8
324.0;29;14;7
330.0;28;14;8
336.0;31;11;8
342.0;32;13;5
348.0;32;12;6
354.0;33;10;7
360.0;32;12;6
366.0;30;10;10
372.0;32;10;8
378.0;32;10;8
384.0;32;7;11
390.0;29;9;12
396.0;29;9;12
402.0;26;12;12
408.0;28;12;10
414.0;29;10;11
420.0;29;11;10
426.0;30;13;7
432.0;31;8;11
438.0;30;10;10
444.0;32;8;10
450.0;33;10;7
456.0;32;11;7
462.0;34;12;4
468.0;35;13;2
474.0;34;15;1
480.0;28;16;6
486.0;28;16;6
492.0;28;17;5
498.0;27;16;7
504.0;27;17;6
510.0;23;21;6
516.0;23;16;11
522.0;25;16;9
528.0;23;15;12
534.0;23;14;13
540.0;21;16;13
546.0;25;14;11
552.0;27;13;10
558.0;23;17;10
564.0;27;17;6
570.0;28;18;4
576.0;29;16;5
582.0;28;15;7
588.0;28;16;6
594.0;27;15;8
600.0;26;15;9
606.0;25;16;9
612.0;26;16;8
618.0;23;16;11
624.0;25;16;9
630.0;25;18;7
636.0;26;20;4
642.0;25;20;5
648.0;24;18;8
654.0;24;17;9
660.0;26;16;8
666.0;25;18;7
672.0;26;17;7
678.0;26;19;5
684.0;24;20;6
690.0;23;17;10
696.0;26;15;9
702.0;22;18;10
708.0;21;21;8
714.0;20;22;8
720.0;18;22;10
726.0;20;21;9
732.0;21;20;9
738.0;21;18;11
744.0;22;18;10
750.0;22;20;8
756.0;24;19;7
762.0;27;16;7
768.0;27;16;7
774.0;25;16;9
780.0;29;11;10
786.0;32;8;10
792.0;34;6;10
798.0;31;7;12
804.0;35;9;6
810.0;34;10;6
816.0;33;10;7
822.0;33;11;6
828.0;35;6;9
834.0;32;8;10
840.0;33;11;6
846.0;34;11;5
852.0;33;12;5
858.0;33;13;4
864.0;35;12;3
870.0;32;15;3
876.0;32;17;1
882.0;34;15;1
888.0;35;14;1
894.0;33;15;2
900.0;35;12;3
906.0;33;13;4
912.0;31;10;9
918.0;34;13;3
924.0;31;14;5
930.0;31;14;5
936.0;30;15;5
942.0;28;15;7
948.0;28;16;6
954.0;28;14;8
960.0;30;13;7
966.0;32;10;8
972.0;31;9;10
978.0;29;9;12
984.0;29;8;13
990.0;32;5;13
996.0;32;6;12
1002.0;31;9;10
1008.0;32;9;9
1014.0;30;11;9
1020.0;28;13;9
1026.0;29;14;7
1032.0;29;14;7
1038.0;28;14;8
1044.0;28;13;9
1050.0;28;13;9
1056.0;29;11;10
1062.0;26;17;7
1068.0;26;17;7
1074.0;23;20;7
1080.0;23;20;7
1086.0;24;18;8
1092.0;22;18;10
1098.0;20;19;11
1104.0;19;22;9
1110.0;17;25;8
1116.0;19;22;9
1122.0;20;21;9
1128.0;21;19;10
1134.0;23;18;9
1140.0;25;20;5
1146.0;24;17;9
1152.0;24;19;7
1158.0;24;21;5
1164.0;22;22;6
1170.0;21;23;6
1176.0;20;25;5
1182.0;24;19;7
1188.0;24;20;6
1194.0;24;21;5
1200.0;24;19;7
1206.0;27;18;5
1212.0;30;17;3
1218.0;29;16;5
1224.0;27;18;5
1230.0;28;17;5
1236.0;27;14;9
1242.0;27;14;9
1248.0;27;14;9
1254.0;26;14;10
1260.0;26;13;11
1266.0;23;16;11
1272.0;25;16;9
1278.0;26;14;10
1284.0;28;13;9
1290.0;29;12;9
1296.0;27;12;11
1302.0;23;13;14
1308.0;23;14;13
1314.0;24;17;9
1320.0;26;18;6
1326.0;27;15;8
1332.0;31;13;6
1338.0;32;13;5
1344.0;32;11;7
1350.0;31;13;6
1356.0;32;11;7
1362.0;26;16;8
1368.0;26;15;9
1374.0;26;14;10
1380.0;26;13;11
1386.0;28;11;11
1392.0;33;11;6
1398.0;32;10;8
1404.0;28;11;11
1410.0;27;11;12
1416.0;26;13;11
1422.0;27;19;4
1428.0;31;17;2
1434.0;30;15;5
1440.0;33;10;7
1446.0;31;12;7
1452.0;27;12;11
1458.0;24;14;12
1464.0;22;15;13
1470.0;22;13;15
1476.0;23;14;13
1482.0;25;10;15
1488.0;27;11;12
1494.0;28;15;7
