#auto generated file!
180.0;144;89;42
186.0;141;91;43
192.0;142;90;43
198.0;138;94;43
204.0;141;95;39
210.0;140;96;39
216.0;140;100;35
222.0;145;93;37
228.0;145;89;41
234.0;149;91;35
240.0;142;95;38
246.0;148;86;41
252.0;146;83;46
258.0;147;81;47
264.0;146;86;43
270.0;151;81;43
276.0;155;76;44
282.0;165;72;38
288.0;162;78;35
294.0;155;85;35
300.0;149;89;37
306.0;152;89;34
312.0;158;79;38
318.0;157;74;44
324.0;153;78;44
330.0;156;73;46
336.0;159;70;46
342.0;157;70;48
348.0;157;77;41
354.0;163;72;40
360.0;162;70;43
366.0;163;69;43
372.0;159;72;44
378.0;158;71;46
384.0;161;66;48
390.0;158;68;49
396.0;153;73;49
402.0;159;80;36
408.0;154;89;32
414.0;149;92;34
420.0;151;93;31
426.0;157;83;35
432.0;158;76;41
438.0;153;75;47
444.0;154;84;37
450.0;160;84;31
456.0;158;81;36
462.0;153;83;39
468.0;163;72;40
474.0;166;68;41
480.0;156;77;42
486.0;152;81;42
492.0;150;83;42
498.0;155;84;36
504.0;157;85;33
510.0;154;82;39
516.0;150;87;38
522.0;157;81;37
528.0;158;78;39
534.0;149;84;42
540.0;147;84;44
546.0;149;84;42
552.0;143;88;44
558.0;148;85;42
564.0;142;94;39
570.0;135;94;46
576.0;140;99;36
582.0;146;90;39
588.0;147;80;48
594.0;150;80;45
600.0;156;76;43
606.0;158;76;41
612.0;159;81;35
618.0;164;79;32
624.0;159;83;33
630.0;152;92;31
636.0;150;92;33
642.0;153;92;30
648.0;154;90;31
654.0;156;91;28
660.0;155;90;30
666.0;155;83;37
672.0;160;81;34
678.0;153;79;43
684.0;151;79;45
690.0;154;82;39
696.0;160;79;36
702.0;162;79;34
708.0;162;79;34
714.0;163;79;33
720.0;161;76;38
726.0;160;75;40
732.0;158;76;41
738.0;157;76;42
744.0;155;75;45
750.0;155;78;42
756.0;155;76;44
762.0;156;77;42
768.0;151;74;50
774.0;153;73;49
780.0;144;83;48
786.0;147;82;46
792.0;148;79;48
798.0;152;76;47
804.0;154;78;43
810.0;147;86;42
816.0;143;89;43
822.0;147;84;44
828.0;145;87;43
834.0;149;87;39
840.0;154;87;34
846.0;157;90;28
852.0;154;89;32
858.0;149;89;37
864.0;148;94;33
870.0;155;87;33
876.0;159;80;36
882.0;160;78;37
888.0;160;79;36
894.0;158;76;41
900.0;151;81;43
906.0;147;84;44
912.0;151;83;41
918.0;148;83;44
924.0;145;89;41
930.0;145;98;32
936.0;153;91;31
942.0;158;93;24
948.0;159;88;28
954.0;153;90;32
960.0;153;90;32
966.0;150;85;40
972.0;154;80;41
978.0;158;72;45
984.0;156;81;38
990.0;159;82;34
996.0;161;75;39
1002.0;160;77;38
1008.0;163;81;31
1014.0;161;83;31
1020.0;161;81;33
1026.0;157;76;42
1032.0;158;76;41
1038.0;162;78;35
1044.0;163;81;31
1050.0;172;76;27
1056.0;170;73;32
1062.0;172;70;33
1068.0;175;67;33
1074.0;170;72;33
1080.0;163;73;39
1086.0;161;73;41
1092.0;155;78;42
1098.0;159;78;38
1104.0;158;77;40
1110.0;159;76;40
1116.0;158;72;45
1122.0;157;71;47
1128.0;159;71;45
1134.0;151;84;40
1140.0;153;82;40
1146.0;157;85;33
1152.0;156;86;33
1158.0;157;78;40
1164.0;161;70;44
1170.0;153;73;49
1176.0;158;75;42
1182.0;149;77;49
1188.0;146;83;46
1194.0;149;78;48
1200.0;153;76;46
1206.0;146;80;49
1212.0;145;86;44
1218.0;157;75;43
1224.0;161;80;34
1230.0;164;77;34
1236.0;165;83;27
1242.0;169;79;27
1248.0;168;79;28
1254.0;167;81;27
1260.0;165;78;32
1266.0;167;73;35
1272.0;171;69;35
1278.0;168;70;37
1284.0;170;69;36
1290.0;169;61;45
1296.0;165;68;42
1302.0;162;73;40
1308.0;164;71;40
1314.0;166;76;33
1320.0;166;73;36
1326.0;157;77;41
1332.0;156;78;41
1338.0;161;74;40
1344.0;159;74;42
1350.0;163;71;41
1356.0;167;67;41
1362.0;163;71;41
1368.0;160;83;32
1374.0;161;83;31
1380.0;159;75;41
1386.0;160;74;41
1392.0;152;81;42
1398.0;149;82;44
1404.0;147;83;45
1410.0;146;90;39
1416.0;149;85;41
1422.0;154;85;36
1428.0;155;83;37
1434.0;150;80;45
1440.0;150;79;46
1446.0;155;77;43
1452.0;156;78;41
1458.0;155;78;42
1464.0;158;80;37
1470.0;164;76;35
1476.0;163;79;33
1482.0;166;78;31
1488.0;167;82;26
1494.0;162;83;30
