#auto generated file!
180.0;162;73;40
186.0;154;72;49
192.0;158;70;47
198.0;163;73;39
204.0;161;74;40
210.0;160;75;40
216.0;157;82;36
222.0;161;79;35
228.0;160;79;36
234.0;158;78;39
240.0;157;78;40
246.0;152;76;47
252.0;154;72;49
258.0;159;74;42
264.0;154;80;41
270.0;152;85;38
276.0;158;78;39
282.0;164;76;35
288.0;158;82;35
294.0;162;80;33
300.0;165;84;26
306.0;171;76;28
312.0;167;77;31
318.0;161;75;39
324.0;157;73;45
330.0;156;76;43
336.0;153;83;39
342.0;158;82;35
348.0;162;80;33
354.0;158;83;34
360.0;162;78;35
366.0;165;77;33
372.0;161;78;36
378.0;161;79;35
384.0;162;84;29
390.0;164;84;27
396.0;163;79;33
402.0;166;80;29
408.0;159;90;26
414.0;171;81;23
420.0;171;81;23
426.0;165;80;30
432.0;162;75;38
438.0;162;77;36
444.0;164;77;34
450.0;161;71;43
456.0;150;78;47
462.0;152;77;46
468.0;155;76;44
474.0;160;73;42
480.0;155;81;39
486.0;163;72;40
492.0;160;73;42
498.0;161;72;42
504.0;162;78;35
510.0;162;79;34
516.0;161;80;34
522.0;158;83;34
528.0;171;71;33
534.0;166;69;40
540.0;158;72;45
546.0;165;71;39
552.0;161;82;32
558.0;161;78;36
564.0;162;71;42
570.0;170;68;37
576.0;168;70;37
582.0;172;66;37
588.0;165;69;41
594.0;160;71;44
600.0;164;72;39
606.0;157;81;37
612.0;156;83;36
618.0;159;78;38
624.0;160;75;40
630.0;166;75;34
636.0;159;76;40
642.0;160;77;38
648.0;160;68;47
654.0;166;68;41
660.0;165;69;41
666.0;163;74;38
672.0;163;72;40
678.0;160;76;39
684.0;164;77;34
690.0;158;79;38
696.0;155;88;32
702.0;153;94;28
708.0;158;89;28
714.0;156;92;27
720.0;155;91;29
726.0;158;90;27
732.0;153;92;30
738.0;151;88;36
744.0;150;88;37
750.0;151;84;40
756.0;153;86;36
762.0;149;92;34
768.0;155;76;44
774.0;157;72;46
780.0;150;74;51
786.0;154;77;44
792.0;157;76;42
798.0;153;77;45
804.0;155;80;40
810.0;159;73;43
816.0;159;76;40
822.0;151;81;43
828.0;153;77;45
834.0;148;80;47
840.0;145;84;46
846.0;148;84;43
852.0;154;91;30
858.0;150;86;39
864.0;154;81;40
870.0;158;78;39
876.0;159;73;43
882.0;161;76;38
888.0;160;79;36
894.0;164;75;36
900.0;158;81;36
906.0;166;80;29
912.0;162;80;33
918.0;165;80;30
924.0;160;81;34
930.0;165;75;35
936.0;159;77;39
942.0;162;77;36
948.0;158;74;43
954.0;156;71;48
960.0;163;73;39
966.0;161;72;42
972.0;153;74;48
978.0;155;77;43
984.0;147;80;48
990.0;148;75;52
996.0;145;76;54
1002.0;144;79;52
1008.0;141;87;47
1014.0;150;82;43
1020.0;160;84;31
1026.0;153;87;35
1032.0;151;84;40
1038.0;144;79;52
1044.0;145;78;52
1050.0;151;73;51
1056.0;149;77;49
1062.0;151;81;43
1068.0;154;80;41
1074.0;160;71;44
1080.0;149;77;49
1086.0;149;80;46
1092.0;144;83;48
1098.0;140;86;49
1104.0;129;86;60
1110.0;128;94;53
1116.0;130;93;52
1122.0;138;93;44
1128.0;143;93;39
1134.0;151;86;38
1140.0;156;79;40
1146.0;161;72;42
1152.0;164;70;41
1158.0;159;73;43
1164.0;160;71;44
1170.0;163;69;43
1176.0;159;73;43
1182.0;166;70;39
1188.0;166;76;33
1194.0;167;75;33
1200.0;163;80;32
1206.0;157;83;35
1212.0;162;77;36
1218.0;166;72;37
1224.0;166;71;38
1230.0;157;79;39
1236.0;155;83;37
1242.0;161;74;40
1248.0;157;75;43
1254.0;154;83;38
1260.0;154;82;39
1266.0;160;76;39
1272.0;165;74;36
1278.0;164;82;29
1284.0;155;87;33
1290.0;157;80;38
1296.0;153;85;37
1302.0;154;87;34
1308.0;152;89;34
1314.0;159;76;40
1320.0;153;85;37
1326.0;153;81;41
1332.0;154;82;39
1338.0;152;84;39
1344.0;144;88;43
1350.0;148;86;41
1356.0;147;86;42
1362.0;155;83;37
1368.0;151;90;34
1374.0;149;95;31
1380.0;156;86;33
1386.0;160;89;26
1392.0;156;87;32
1398.0;164;82;29
1404.0;164;81;30
1410.0;167;81;27
1416.0;161;82;32
1422.0;153;84;38
1428.0;145;92;38
1434.0;152;84;39
1440.0;147;87;41
1446.0;149;87;39
1452.0;155;81;39
1458.0;156;79;40
1464.0;162;76;37
1470.0;153;79;43
1476.0;158;78;39
1482.0;160;69;46
1488.0;159;68;48
1494.0;159;69;47
