#auto generated file!
6.0;0.0;0.0
12.0;1.6666666666666667;0.0
18.0;4.583333333333333;0.0
24.0;6.666666666666667;0.0
30.0;11.25;0.0
36.0;10.833333333333334;0.0
42.0;12.5;0.0
48.0;7.083333333333333;0.0
54.0;19.166666666666668;0.0
60.0;20.833333333333332;0.0
66.0;14.583333333333334;0.5
72.0;28.75;0.0
78.0;23.958333333333332;0.0
84.0;29.166666666666668;0.0
90.0;20.833333333333332;0.0
96.0;24.583333333333332;0.0
102.0;22.083333333333332;0.5
108.0;22.5;0.0
114.0;22.5;0.0
120.0;15.833333333333334;0.0
126.0;20.0;0.5
132.0;20.0;0.0
138.0;22.291666666666668;0.0
144.0;16.25;0.0
150.0;29.166666666666668;0.0
156.0;21.666666666666668;0.0
162.0;12.916666666666666;0.0
168.0;17.5;0.0
174.0;23.333333333333332;0.0
180.0;26.25;0.0
186.0;16.25;0.5
192.0;18.333333333333332;0.5
198.0;22.916666666666668;0.0
204.0;21.875;0.0
210.0;27.5;0.0
216.0;18.333333333333332;0.0
222.0;25.0;0.0
228.0;19.166666666666668;0.0
234.0;22.083333333333332;0.5
240.0;20.833333333333332;0.0
246.0;13.333333333333334;0.0
252.0;14.166666666666666;0.0
258.0;18.75;0.0
264.0;23.75;0.0
270.0;15.0;0.0
276.0;12.916666666666666;0.0
282.0;15.0;0.0
288.0;13.75;0.0
294.0;16.666666666666668;0.0
300.0;20.833333333333332;0.0
306.0;18.333333333333332;0.0
312.0;14.166666666666666;0.0
318.0;15.833333333333334;0.5
324.0;23.333333333333332;0.0
330.0;27.916666666666668;0.0
336.0;25.833333333333332;0.0
342.0;18.333333333333332;0.5
348.0;15.833333333333334;0.5
354.0;10.833333333333334;0.0
360.0;16.666666666666668;0.0
366.0;15.833333333333334;0.0
372.0;27.5;0.0
378.0;31.25;0.0
384.0;26.666666666666668;0.0
390.0;20.416666666666668;0.0
396.0;12.083333333333334;0.0
402.0;19.583333333333332;0.0
408.0;18.125;0.75
414.0;17.916666666666668;0.0
420.0;13.75;0.0
426.0;10.416666666666666;0.5
432.0;17.083333333333332;0.0
438.0;23.75;0.0
444.0;22.916666666666668;0.0
450.0;18.75;0.0
456.0;14.166666666666666;0.0
462.0;25.833333333333332;0.0
468.0;22.5;0.0
474.0;20.208333333333332;0.0
480.0;15.0;0.0
486.0;23.333333333333332;0.0
492.0;16.666666666666668;0.5
498.0;18.333333333333332;0.0
504.0;16.666666666666668;0.0
510.0;14.583333333333334;0.25
516.0;14.583333333333334;0.5
522.0;19.166666666666668;0.0
528.0;30.833333333333332;0.0
534.0;22.5;0.0
540.0;19.166666666666668;0.0
546.0;18.75;0.0
552.0;25.0;0.0
558.0;18.333333333333332;0.0
564.0;28.75;0.0
570.0;23.75;0.25
576.0;21.666666666666668;0.0
582.0;21.25;0.0
588.0;19.583333333333332;0.75
594.0;20.0;0.75
600.0;29.166666666666668;0.5
606.0;25.833333333333332;0.0
612.0;20.0;0.0
618.0;21.25;0.125
624.0;17.916666666666668;0.0
630.0;16.25;0.0
636.0;17.5;0.0
642.0;20.0;0.0
648.0;24.583333333333332;0.0
654.0;17.5;0.5
660.0;22.5;0.0
666.0;17.916666666666668;0.5
672.0;17.5;0.0
678.0;16.666666666666668;0.0
684.0;20.833333333333332;0.0
690.0;16.25;0.0
696.0;21.25;0.0
702.0;15.416666666666666;0.75
708.0;20.0;0.0
714.0;15.833333333333334;0.0
720.0;20.416666666666668;0.0
726.0;18.75;0.0
732.0;15.833333333333334;0.0
738.0;18.541666666666668;0.0
744.0;23.75;0.0
750.0;26.25;0.0
756.0;19.166666666666668;0.0
762.0;14.166666666666666;0.0
768.0;15.416666666666666;0.5
774.0;17.083333333333332;0.0
780.0;25.416666666666668;0.0
786.0;20.833333333333332;0.0
792.0;11.25;0.0
798.0;17.291666666666668;0.0
804.0;22.5;0.5
810.0;20.833333333333332;0.0
816.0;27.083333333333332;0.5
822.0;25.833333333333332;0.5
828.0;36.25;0.5
834.0;22.291666666666668;0.0
840.0;18.75;0.0
846.0;16.666666666666668;0.0
852.0;16.25;0.0
858.0;29.583333333333332;0.0
864.0;27.916666666666668;0.0
870.0;24.166666666666668;0.0
876.0;21.666666666666668;0.0
882.0;15.0;0.0
888.0;18.958333333333332;0.5
894.0;32.5;0.5
900.0;29.583333333333332;0.0
906.0;20.833333333333332;0.5
912.0;19.166666666666668;0.0
918.0;22.916666666666668;0.0
924.0;20.208333333333332;0.0
930.0;22.5;0.0
936.0;22.5;0.0
942.0;25.833333333333332;0.75
948.0;26.666666666666668;0.5
954.0;21.666666666666668;0.0
960.0;22.916666666666668;0.5
966.0;20.0;0.5
972.0;13.75;0.0
978.0;18.333333333333332;0.0
984.0;25.416666666666668;0.0
990.0;30.0;0.0
996.0;18.75;0.0
1002.0;15.833333333333334;0.5
1008.0;17.5;0.0
1014.0;20.833333333333332;0.0
1020.0;22.083333333333332;0.0
1026.0;15.0;0.5
1032.0;16.25;0.0
1038.0;20.0;1.0
1044.0;21.666666666666668;0.0
1050.0;26.25;0.0
1056.0;21.666666666666668;0.0
1062.0;20.833333333333332;0.5
1068.0;15.0;0.0
1074.0;17.5;0.0
1080.0;12.5;0.5
1086.0;15.833333333333334;0.5
1092.0;22.083333333333332;0.0
1098.0;18.333333333333332;0.75
1104.0;14.166666666666666;0.25
1110.0;23.75;1.25
1116.0;25.416666666666668;0.5
1122.0;26.25;1.0
1128.0;20.0;0.0
1134.0;25.0;0.5
1140.0;27.5;0.5
1146.0;17.916666666666668;0.0
1152.0;16.25;0.0
1158.0;24.583333333333332;0.5
1164.0;13.75;0.0
1170.0;23.333333333333332;0.0
1176.0;16.666666666666668;0.5
1182.0;23.333333333333332;0.5
1188.0;19.166666666666668;0.5
1194.0;20.833333333333332;0.0
1200.0;14.583333333333334;0.5
1206.0;19.166666666666668;0.0
1212.0;16.666666666666668;0.0
1218.0;20.833333333333332;0.25
1224.0;12.5;0.5
1230.0;10.833333333333334;0.0
1236.0;25.0;0.5
1242.0;14.583333333333334;0.75
1248.0;20.0;0.0
1254.0;15.625;0.5
1260.0;14.166666666666666;0.0
1266.0;11.25;0.5
1272.0;24.583333333333332;0.5
1278.0;22.916666666666668;0.75
1284.0;20.833333333333332;0.5
1290.0;25.833333333333332;0.0
1296.0;26.25;0.0
1302.0;29.166666666666668;0.0
1308.0;25.625;0.5
1314.0;22.916666666666668;0.0
1320.0;17.083333333333332;0.0
1326.0;20.416666666666668;0.0
1332.0;16.458333333333332;0.0
1338.0;17.083333333333332;0.0
1344.0;32.5;0.0
1350.0;25.416666666666668;0.0
1356.0;24.583333333333332;0.5
1362.0;16.666666666666668;0.5
1368.0;23.125;0.0
1374.0;21.25;0.0
1380.0;19.166666666666668;0.0
1386.0;24.583333333333332;0.0
1392.0;11.666666666666666;0.5
1398.0;22.916666666666668;0.125
1404.0;17.5;0.0
1410.0;27.5;0.0
1416.0;28.75;0.0
1422.0;26.666666666666668;0.0
1428.0;10.833333333333334;0.5
1434.0;15.416666666666666;0.5
1440.0;28.333333333333332;0.0
1446.0;14.166666666666666;0.0
1452.0;12.5;0.0
1458.0;7.916666666666667;0.0
1464.0;19.166666666666668;0.0
1470.0;21.25;0.0
1476.0;15.0;0.0
1482.0;14.166666666666666;0.5
1488.0;32.083333333333336;0.5
1494.0;30.416666666666668;0.0
