#auto generated file!
6.0;0.0;0.0
12.0;0.0;0.0
18.0;2.9166666666666665;0.0
24.0;7.083333333333333;0.0
30.0;10.0;0.0
36.0;10.833333333333334;0.0
42.0;17.916666666666668;0.0
48.0;18.333333333333332;0.0
54.0;16.666666666666668;0.0
60.0;25.0;0.0
66.0;22.083333333333332;0.0
72.0;37.916666666666664;0.0
78.0;38.333333333333336;0.75
84.0;40.0;0.0
90.0;28.333333333333332;0.25
96.0;33.75;0.0
102.0;21.666666666666668;0.5
108.0;17.5;0.0
114.0;21.458333333333332;0.0
120.0;25.416666666666668;0.0
126.0;17.5;0.0
132.0;27.5;0.0
138.0;41.25;0.0
144.0;35.625;0.0
150.0;41.875;0.5
156.0;31.25;0.0
162.0;27.083333333333332;0.75
168.0;21.25;0.0
174.0;21.25;0.0
180.0;16.25;0.0
186.0;25.833333333333332;0.0
192.0;24.166666666666668;0.0
198.0;34.166666666666664;0.0
204.0;26.25;0.0
210.0;35.0;0.25
216.0;40.416666666666664;0.5
222.0;26.666666666666668;0.0
228.0;41.875;0.0
234.0;29.375;0.0
240.0;20.833333333333332;0.0
246.0;25.0;0.5
252.0;25.0;0.5
258.0;27.708333333333332;0.0
264.0;20.833333333333332;0.0
270.0;17.916666666666668;0.0
276.0;23.333333333333332;0.0
282.0;27.5;0.0
288.0;27.5;0.0
294.0;32.083333333333336;1.0
300.0;36.666666666666664;0.0
306.0;27.5;0.0
312.0;25.833333333333332;0.0
318.0;31.25;0.0
324.0;30.833333333333332;0.0
330.0;33.333333333333336;0.5
336.0;30.416666666666668;0.5
342.0;20.0;0.0
348.0;15.416666666666666;0.0
354.0;25.625;0.5
360.0;26.25;0.0
366.0;28.333333333333332;0.0
372.0;21.666666666666668;0.125
378.0;29.791666666666668;0.5
384.0;25.833333333333332;0.25
390.0;22.5;0.5
396.0;35.833333333333336;0.25
402.0;19.166666666666668;0.0
408.0;17.5;0.0
414.0;12.916666666666666;0.5
420.0;12.083333333333334;0.0
426.0;37.5;0.5
432.0;25.416666666666668;0.0
438.0;36.041666666666664;0.0
444.0;35.833333333333336;0.0
450.0;33.75;0.0
456.0;28.333333333333332;0.0
462.0;26.25;0.0
468.0;26.25;0.5
474.0;27.083333333333332;0.5
480.0;24.166666666666668;0.0
486.0;30.0;0.0
492.0;22.5;0.0
498.0;17.291666666666668;0.0
504.0;25.0;0.5
510.0;32.083333333333336;0.0
516.0;26.666666666666668;0.0
522.0;28.333333333333332;0.5
528.0;32.083333333333336;0.0
534.0;36.25;0.0
540.0;26.666666666666668;0.0
546.0;40.0;0.0
552.0;34.583333333333336;0.0
558.0;24.375;0.0
564.0;28.541666666666668;0.0
570.0;25.833333333333332;0.5
576.0;27.5;0.0
582.0;32.916666666666664;0.5
588.0;29.375;0.5
594.0;41.666666666666664;0.0
600.0;34.166666666666664;0.0
606.0;42.5;0.0
612.0;20.833333333333332;0.0
618.0;27.083333333333332;0.5
624.0;39.791666666666664;0.0
630.0;30.833333333333332;0.0
636.0;20.416666666666668;0.5
642.0;17.916666666666668;0.0
648.0;25.0;0.5
654.0;25.416666666666668;0.0
660.0;32.916666666666664;0.5
666.0;27.5;0.0
672.0;37.083333333333336;0.0
678.0;34.583333333333336;0.0
684.0;27.083333333333332;0.25
690.0;35.833333333333336;0.5
696.0;32.916666666666664;0.0
702.0;31.666666666666668;0.75
708.0;21.25;0.0
714.0;28.333333333333332;0.0
720.0;24.166666666666668;0.0
726.0;20.416666666666668;0.0
732.0;21.25;0.0
738.0;33.541666666666664;0.5
744.0;38.75;0.5
750.0;40.833333333333336;0.0
756.0;38.333333333333336;0.0
762.0;31.25;0.0
768.0;28.75;0.0
774.0;15.625;0.0
780.0;22.916666666666668;0.5
786.0;18.333333333333332;0.0
792.0;12.5;0.125
798.0;20.208333333333332;0.0
804.0;35.0;0.0
810.0;44.583333333333336;0.5
816.0;39.583333333333336;0.5
822.0;28.333333333333332;0.5
828.0;31.666666666666668;0.0
834.0;21.666666666666668;0.0
840.0;27.5;0.0
846.0;24.166666666666668;0.0
852.0;35.0;0.0
858.0;23.75;0.0
864.0;20.0;0.0
870.0;20.0;0.25
876.0;18.75;0.0
882.0;32.916666666666664;0.5
888.0;26.041666666666668;0.0
894.0;34.166666666666664;0.0
900.0;27.5;0.0
906.0;20.0;0.0
912.0;23.541666666666668;0.0
918.0;26.666666666666668;0.75
924.0;34.375;0.0
930.0;30.416666666666668;0.0
936.0;26.25;0.0
942.0;28.125;0.0
948.0;42.291666666666664;0.0
954.0;26.041666666666668;0.0
960.0;27.916666666666668;0.5
966.0;29.166666666666668;0.0
972.0;35.0;0.0
978.0;39.375;0.0
984.0;35.416666666666664;0.0
990.0;18.75;0.0
996.0;24.166666666666668;0.0
1002.0;27.916666666666668;0.5
1008.0;17.5;0.0
1014.0;33.333333333333336;0.0
1020.0;27.5;0.0
1026.0;21.25;0.5
1032.0;25.833333333333332;0.75
1038.0;36.25;0.0
1044.0;27.916666666666668;0.5
1050.0;31.666666666666668;0.0
1056.0;33.75;0.0
1062.0;21.25;0.0
1068.0;35.416666666666664;0.0
1074.0;32.083333333333336;0.0
1080.0;35.833333333333336;0.5
1086.0;31.666666666666668;1.5
1092.0;17.291666666666668;0.25
1098.0;25.0;0.5
1104.0;23.75;0.5
1110.0;40.0;0.5
1116.0;36.666666666666664;0.5
1122.0;30.833333333333332;0.125
1128.0;31.25;0.0
1134.0;28.541666666666668;0.0
1140.0;31.666666666666668;0.0
1146.0;32.5;0.0
1152.0;31.25;0.5
1158.0;31.875;0.5
1164.0;30.0;0.0
1170.0;30.0;0.0
1176.0;27.5;0.0
1182.0;33.333333333333336;0.0
1188.0;30.833333333333332;0.5
1194.0;25.416666666666668;0.0
1200.0;34.166666666666664;0.0
1206.0;32.5;0.0
1212.0;14.583333333333334;0.5
1218.0;28.75;0.5
1224.0;31.25;0.25
1230.0;30.833333333333332;0.0
1236.0;28.333333333333332;0.0
1242.0;28.333333333333332;0.0
1248.0;35.0;0.0
1254.0;18.333333333333332;1.0
1260.0;30.833333333333332;0.0
1266.0;51.25;0.0
1272.0;45.625;0.0
1278.0;31.666666666666668;0.0
1284.0;32.083333333333336;0.125
1290.0;31.666666666666668;0.0
1296.0;36.666666666666664;0.0
1302.0;25.833333333333332;0.0
1308.0;30.0;0.5
1314.0;24.166666666666668;0.5
1320.0;21.666666666666668;0.0
1326.0;30.0;0.0
1332.0;26.666666666666668;0.0
1338.0;30.0;1.0
1344.0;40.416666666666664;0.0
1350.0;42.5;0.5
1356.0;36.666666666666664;0.5
1362.0;31.25;0.5
1368.0;35.833333333333336;0.0
1374.0;34.583333333333336;0.0
1380.0;34.166666666666664;0.0
1386.0;30.833333333333332;0.5
1392.0;25.0;1.0
1398.0;30.416666666666668;0.0
1404.0;34.791666666666664;0.5
1410.0;32.916666666666664;0.25
1416.0;43.333333333333336;0.0
1422.0;31.666666666666668;0.5
1428.0;28.541666666666668;0.0
1434.0;25.833333333333332;0.0
1440.0;34.583333333333336;0.0
1446.0;37.916666666666664;0.0
1452.0;33.333333333333336;0.5
1458.0;24.375;0.0
1464.0;21.666666666666668;0.0
1470.0;23.333333333333332;0.0
1476.0;23.333333333333332;0.0
1482.0;25.0;0.5
1488.0;27.5;0.0
1494.0;40.208333333333336;0.0
