#auto generated file!
6.0;0.0;0.0
12.0;0.4166666666666667;0.0
18.0;12.5;0.0
24.0;17.5;0.25
30.0;33.958333333333336;0.0
36.0;30.416666666666668;1.0
42.0;37.708333333333336;0.5
48.0;29.375;0.0
54.0;46.666666666666664;0.5
60.0;57.5;0.5
66.0;54.166666666666664;0.0
72.0;55.0;0.0
78.0;45.833333333333336;0.25
84.0;41.458333333333336;0.0
90.0;46.666666666666664;0.0
96.0;39.583333333333336;0.0
102.0;35.833333333333336;0.0
108.0;55.833333333333336;0.0
114.0;44.166666666666664;0.0
120.0;32.5;0.0
126.0;40.0;0.0
132.0;53.75;0.0
138.0;46.25;0.0
144.0;52.5;0.0
150.0;53.75;0.5
156.0;57.5;0.5
162.0;54.791666666666664;0.0
168.0;47.5;0.5
174.0;35.416666666666664;0.5
180.0;40.833333333333336;0.5
186.0;50.416666666666664;0.5
192.0;47.916666666666664;0.0
198.0;45.0;0.0
204.0;48.958333333333336;0.0
210.0;60.625;0.0
216.0;65.83333333333333;0.0
222.0;56.25;0.5
228.0;55.833333333333336;0.5
234.0;56.875;0.0
240.0;45.0;0.0
246.0;40.833333333333336;0.5
252.0;45.833333333333336;0.0
258.0;43.75;0.0
264.0;51.041666666666664;0.0
270.0;39.791666666666664;0.0
276.0;46.25;0.0
282.0;37.5;0.0
288.0;56.041666666666664;0.0
294.0;43.541666666666664;0.5
300.0;48.333333333333336;0.0
306.0;50.833333333333336;0.0
312.0;43.125;0.75
318.0;42.083333333333336;0.5
324.0;37.5;0.0
330.0;47.5;0.0
336.0;50.416666666666664;0.5
342.0;37.5;0.0
348.0;28.958333333333332;0.0
354.0;36.666666666666664;0.0
360.0;46.25;0.5
366.0;48.333333333333336;1.0
372.0;55.0;0.0
378.0;47.5;0.75
384.0;45.625;0.0
390.0;48.75;0.0
396.0;48.333333333333336;0.0
402.0;41.25;0.5
408.0;43.125;0.5
414.0;55.0;0.0
420.0;47.083333333333336;0.0
426.0;44.583333333333336;0.0
432.0;44.583333333333336;0.75
438.0;40.833333333333336;0.0
444.0;62.291666666666664;0.25
450.0;68.95833333333333;0.0
456.0;63.333333333333336;0.5
462.0;60.833333333333336;0.0
468.0;45.625;0.0
474.0;39.583333333333336;0.0
480.0;44.166666666666664;0.0
486.0;44.166666666666664;0.0
492.0;48.333333333333336;0.0
498.0;50.416666666666664;0.0
504.0;41.666666666666664;0.5
510.0;40.208333333333336;0.5
516.0;42.916666666666664;0.0
522.0;59.166666666666664;0.75
528.0;52.5;1.0
534.0;40.0;0.0
540.0;38.541666666666664;0.5
546.0;42.083333333333336;0.0
552.0;30.0;0.0
558.0;39.583333333333336;0.5
564.0;47.291666666666664;0.25
570.0;44.583333333333336;0.5
576.0;46.666666666666664;0.0
582.0;41.666666666666664;0.5
588.0;38.333333333333336;0.0
594.0;42.5;0.0
600.0;39.375;0.0
606.0;47.5;0.5
612.0;46.666666666666664;0.0
618.0;42.5;1.0
624.0;46.25;0.0
630.0;45.416666666666664;0.25
636.0;45.833333333333336;0.5
642.0;41.666666666666664;0.0
648.0;37.916666666666664;0.0
654.0;38.333333333333336;0.0
660.0;54.166666666666664;0.0
666.0;57.916666666666664;0.5
672.0;55.0;0.0
678.0;58.333333333333336;0.0
684.0;47.083333333333336;0.5
690.0;46.666666666666664;0.0
696.0;34.583333333333336;0.0
702.0;34.583333333333336;0.0
708.0;33.333333333333336;0.0
714.0;39.375;0.0
720.0;39.166666666666664;0.0
726.0;49.166666666666664;0.0
732.0;44.166666666666664;0.0
738.0;51.458333333333336;0.5
744.0;54.166666666666664;0.0
750.0;50.0;0.0
756.0;47.916666666666664;0.5
762.0;33.75;0.0
768.0;37.5;0.0
774.0;50.833333333333336;0.5
780.0;30.0;0.5
786.0;42.5;0.0
792.0;42.083333333333336;0.5
798.0;35.625;0.0
804.0;38.541666666666664;0.5
810.0;58.333333333333336;0.0
816.0;62.083333333333336;0.0
822.0;59.166666666666664;0.5
828.0;53.333333333333336;0.0
834.0;54.791666666666664;0.0
840.0;41.875;0.0
846.0;47.083333333333336;0.0
852.0;47.5;0.0
858.0;47.083333333333336;0.0
864.0;43.125;0.0
870.0;47.291666666666664;0.0
876.0;40.833333333333336;0.5
882.0;56.666666666666664;0.5
888.0;43.75;0.0
894.0;48.541666666666664;0.5
900.0;46.458333333333336;0.0
906.0;39.583333333333336;0.0
912.0;47.083333333333336;0.5
918.0;37.083333333333336;0.5
924.0;49.583333333333336;0.0
930.0;40.833333333333336;0.25
936.0;49.583333333333336;0.0
942.0;43.75;0.0
948.0;40.625;0.5
954.0;48.75;0.5
960.0;37.708333333333336;0.0
966.0;48.333333333333336;0.0
972.0;44.791666666666664;0.0
978.0;38.333333333333336;0.0
984.0;48.75;0.25
990.0;47.5;0.0
996.0;47.083333333333336;0.0
1002.0;39.166666666666664;0.0
1008.0;42.5;0.0
1014.0;31.666666666666668;0.0
1020.0;39.583333333333336;0.0
1026.0;30.833333333333332;0.0
1032.0;47.708333333333336;0.0
1038.0;54.166666666666664;1.0
1044.0;58.333333333333336;0.0
1050.0;62.916666666666664;0.0
1056.0;53.75;0.25
1062.0;41.666666666666664;1.5
1068.0;34.791666666666664;0.0
1074.0;36.666666666666664;0.0
1080.0;36.666666666666664;0.0
1086.0;32.5;0.5
1092.0;37.5;0.5
1098.0;40.0;0.0
1104.0;43.75;0.75
1110.0;38.75;0.0
1116.0;46.25;0.25
1122.0;49.166666666666664;0.0
1128.0;51.25;0.0
1134.0;40.208333333333336;0.0
1140.0;47.083333333333336;0.5
1146.0;41.666666666666664;0.0
1152.0;30.416666666666668;0.75
1158.0;45.833333333333336;0.5
1164.0;45.833333333333336;1.0
1170.0;42.083333333333336;0.75
1176.0;35.833333333333336;0.0
1182.0;47.083333333333336;0.0
1188.0;55.208333333333336;0.0
1194.0;57.291666666666664;0.0
1200.0;44.583333333333336;0.0
1206.0;45.0;0.0
1212.0;44.166666666666664;0.5
1218.0;53.958333333333336;0.125
1224.0;61.666666666666664;0.0
1230.0;47.916666666666664;0.5
1236.0;55.0;0.5
1242.0;42.083333333333336;0.0
1248.0;38.333333333333336;0.5
1254.0;32.5;0.5
1260.0;44.166666666666664;0.0
1266.0;44.583333333333336;0.5
1272.0;50.833333333333336;0.0
1278.0;47.083333333333336;0.5
1284.0;47.083333333333336;0.0
1290.0;46.25;0.5
1296.0;51.25;0.25
1302.0;40.0;0.0
1308.0;35.0;0.0
1314.0;45.416666666666664;0.5
1320.0;30.0;0.0
1326.0;35.0;0.0
1332.0;54.166666666666664;0.0
1338.0;57.083333333333336;0.0
1344.0;46.25;0.0
1350.0;46.25;0.0
1356.0;37.5;0.5
1362.0;47.5;0.5
1368.0;54.166666666666664;0.0
1374.0;31.25;0.0
1380.0;33.75;0.0
1386.0;47.5;0.0
1392.0;38.75;0.0
1398.0;39.583333333333336;0.0
1404.0;54.583333333333336;0.25
1410.0;47.083333333333336;0.75
1416.0;51.666666666666664;0.0
1422.0;47.083333333333336;0.5
1428.0;38.125;0.0
1434.0;36.041666666666664;0.5
1440.0;45.0;0.5
1446.0;45.833333333333336;0.0
1452.0;48.333333333333336;0.0
1458.0;58.125;0.0
1464.0;55.0;0.0
1470.0;59.166666666666664;0.5
1476.0;52.5;0.0
1482.0;47.083333333333336;0.5
1488.0;49.583333333333336;0.5
1494.0;43.333333333333336;0.0
