#auto generated file!
6.0;0.0;0.0
12.0;0.4166666666666667;0.0
18.0;3.125;0.25
24.0;3.75;0.0
30.0;4.166666666666667;0.0
36.0;9.583333333333334;0.0
42.0;6.666666666666667;0.0
48.0;14.166666666666666;0.0
54.0;28.333333333333332;0.0
60.0;18.541666666666668;0.0
66.0;19.166666666666668;0.5
72.0;26.25;0.0
78.0;26.041666666666668;0.0
84.0;27.5;0.0
90.0;20.0;0.0
96.0;17.5;0.0
102.0;27.083333333333332;0.5
108.0;15.0;0.0
114.0;13.75;0.5
120.0;13.333333333333334;0.0
126.0;20.833333333333332;0.0
132.0;21.666666666666668;0.5
138.0;21.25;0.0
144.0;31.25;0.0
150.0;27.5;0.0
156.0;22.5;0.0
162.0;35.0;0.0
168.0;24.375;0.0
174.0;23.333333333333332;0.0
180.0;18.333333333333332;0.0
186.0;22.083333333333332;0.0
192.0;22.708333333333332;0.0
198.0;23.125;0.0
204.0;20.416666666666668;0.0
210.0;25.0;0.5
216.0;22.5;0.0
222.0;23.333333333333332;0.0
228.0;29.583333333333332;0.0
234.0;32.5;0.0
240.0;21.666666666666668;0.0
246.0;18.333333333333332;0.0
252.0;16.666666666666668;0.0
258.0;9.166666666666666;0.0
264.0;22.708333333333332;0.0
270.0;28.333333333333332;0.0
276.0;27.083333333333332;0.0
282.0;22.083333333333332;0.5
288.0;23.333333333333332;0.5
294.0;24.791666666666668;0.0
300.0;37.916666666666664;0.0
306.0;35.0;0.0
312.0;31.666666666666668;0.5
318.0;29.583333333333332;0.5
324.0;23.75;0.25
330.0;26.666666666666668;0.0
336.0;7.5;0.0
342.0;12.5;0.0
348.0;13.333333333333334;0.0
354.0;20.833333333333332;0.0
360.0;14.166666666666666;0.0
366.0;11.666666666666666;0.0
372.0;28.333333333333332;0.0
378.0;26.875;0.0
384.0;25.416666666666668;1.0
390.0;23.75;0.25
396.0;19.166666666666668;0.0
402.0;19.166666666666668;0.0
408.0;11.875;0.625
414.0;14.166666666666666;0.0
420.0;12.5;0.0
426.0;18.75;0.5
432.0;20.833333333333332;0.5
438.0;17.5;0.0
444.0;20.0;0.0
450.0;25.0;0.0
456.0;20.833333333333332;0.5
462.0;21.666666666666668;0.5
468.0;21.666666666666668;0.0
474.0;17.708333333333332;0.0
480.0;18.333333333333332;0.0
486.0;15.0;0.5
492.0;15.208333333333334;0.0
498.0;18.75;0.125
504.0;22.916666666666668;0.5
510.0;19.166666666666668;0.0
516.0;17.916666666666668;0.25
522.0;26.666666666666668;0.0
528.0;21.666666666666668;0.0
534.0;20.833333333333332;0.0
540.0;19.166666666666668;0.0
546.0;17.5;0.0
552.0;23.333333333333332;0.0
558.0;18.125;0.5
564.0;20.416666666666668;0.0
570.0;21.25;0.0
576.0;16.666666666666668;0.0
582.0;20.833333333333332;0.0
588.0;19.583333333333332;0.0
594.0;24.166666666666668;0.0
600.0;25.0;0.0
606.0;16.666666666666668;0.5
612.0;25.0;0.0
618.0;22.5;0.0
624.0;20.625;0.0
630.0;24.166666666666668;0.0
636.0;25.0;0.0
642.0;20.833333333333332;0.0
648.0;11.666666666666666;0.0
654.0;19.583333333333332;0.0
660.0;21.666666666666668;0.0
666.0;24.166666666666668;0.5
672.0;30.0;0.5
678.0;25.416666666666668;0.0
684.0;25.416666666666668;0.0
690.0;17.5;0.5
696.0;19.166666666666668;0.0
702.0;13.333333333333334;0.0
708.0;11.041666666666666;0.0
714.0;13.333333333333334;0.5
720.0;20.0;0.0
726.0;11.666666666666666;0.0
732.0;19.166666666666668;0.0
738.0;17.5;0.0
744.0;23.333333333333332;0.5
750.0;42.916666666666664;0.0
756.0;24.583333333333332;0.0
762.0;21.041666666666668;0.5
768.0;16.25;0.0
774.0;17.083333333333332;0.0
780.0;22.083333333333332;0.0
786.0;18.75;0.5
792.0;22.083333333333332;0.25
798.0;21.25;0.125
804.0;24.166666666666668;0.0
810.0;22.916666666666668;0.0
816.0;23.333333333333332;0.0
822.0;24.166666666666668;0.0
828.0;29.166666666666668;0.0
834.0;19.583333333333332;0.0
840.0;14.583333333333334;0.0
846.0;17.083333333333332;0.0
852.0;13.333333333333334;0.0
858.0;19.583333333333332;0.0
864.0;22.291666666666668;0.0
870.0;21.25;0.5
876.0;16.666666666666668;0.0
882.0;15.833333333333334;0.0
888.0;31.666666666666668;0.5
894.0;21.875;0.0
900.0;24.166666666666668;0.0
906.0;22.916666666666668;0.0
912.0;17.5;0.0
918.0;28.333333333333332;0.0
924.0;23.958333333333332;0.0
930.0;22.083333333333332;0.5
936.0;30.416666666666668;0.0
942.0;16.25;0.75
948.0;18.333333333333332;0.0
954.0;11.666666666666666;0.0
960.0;19.166666666666668;0.0
966.0;25.833333333333332;0.5
972.0;27.5;0.0
978.0;28.333333333333332;0.0
984.0;30.208333333333332;0.5
990.0;25.833333333333332;0.0
996.0;22.5;0.0
1002.0;14.166666666666666;0.0
1008.0;13.333333333333334;0.0
1014.0;8.541666666666666;0.0
1020.0;16.666666666666668;0.0
1026.0;16.25;0.0
1032.0;20.0;0.0
1038.0;32.916666666666664;0.0
1044.0;27.083333333333332;0.0
1050.0;21.25;0.0
1056.0;21.25;0.0
1062.0;23.333333333333332;0.0
1068.0;21.875;0.0
1074.0;10.833333333333334;0.5
1080.0;10.833333333333334;0.0
1086.0;20.833333333333332;0.0
1092.0;14.166666666666666;0.0
1098.0;14.166666666666666;0.0
1104.0;20.416666666666668;0.5
1110.0;21.666666666666668;0.0
1116.0;22.083333333333332;1.0
1122.0;27.5;0.0
1128.0;25.833333333333332;0.0
1134.0;23.75;0.0
1140.0;16.666666666666668;0.0
1146.0;16.666666666666668;0.5
1152.0;18.75;0.0
1158.0;18.75;0.0
1164.0;14.583333333333334;0.0
1170.0;18.125;0.0
1176.0;18.75;0.0
1182.0;16.666666666666668;0.5
1188.0;13.541666666666666;0.0
1194.0;23.333333333333332;0.0
1200.0;27.916666666666668;0.5
1206.0;21.666666666666668;0.0
1212.0;20.0;0.0
1218.0;18.75;0.0
1224.0;15.0;0.0
1230.0;16.25;0.0
1236.0;17.5;0.5
1242.0;12.5;0.5
1248.0;15.416666666666666;0.0
1254.0;19.166666666666668;0.0
1260.0;15.833333333333334;0.0
1266.0;27.083333333333332;0.0
1272.0;29.166666666666668;0.0
1278.0;26.041666666666668;0.0
1284.0;38.125;0.0
1290.0;29.166666666666668;0.0
1296.0;24.583333333333332;0.0
1302.0;12.5;0.0
1308.0;16.666666666666668;0.0
1314.0;24.166666666666668;0.0
1320.0;14.166666666666666;0.125
1326.0;10.833333333333334;0.0
1332.0;22.083333333333332;0.0
1338.0;29.375;0.0
1344.0;32.5;0.0
1350.0;37.083333333333336;0.0
1356.0;29.166666666666668;0.5
1362.0;16.666666666666668;0.0
1368.0;21.666666666666668;0.0
1374.0;20.0;0.0
1380.0;16.25;0.0
1386.0;20.0;0.0
1392.0;17.5;0.0
1398.0;24.166666666666668;0.5
1404.0;19.166666666666668;0.0
1410.0;22.083333333333332;0.0
1416.0;21.666666666666668;0.0
1422.0;28.75;0.0
1428.0;28.333333333333332;0.0
1434.0;20.0;0.75
1440.0;11.666666666666666;0.5
1446.0;16.666666666666668;0.0
1452.0;15.833333333333334;0.0
1458.0;14.583333333333334;0.0
1464.0;21.041666666666668;0.0
1470.0;19.583333333333332;0.25
1476.0;10.0;0.0
1482.0;10.833333333333334;0.5
1488.0;19.166666666666668;0.0
1494.0;23.541666666666668;0.0
