#auto generated file!
6.0;0.0;0.0
12.0;0.0;0.0
18.0;8.541666666666666;0.0
24.0;8.541666666666666;0.0
30.0;11.25;0.0
36.0;15.0;0.0
42.0;21.041666666666668;0.0
48.0;22.5;0.5
54.0;27.5;0.0
60.0;42.5;0.0
66.0;48.75;0.5
72.0;57.083333333333336;0.0
78.0;54.583333333333336;0.0
84.0;48.75;0.0
90.0;37.916666666666664;0.0
96.0;40.833333333333336;0.0
102.0;36.666666666666664;0.5
108.0;40.833333333333336;0.0
114.0;30.625;0.5
120.0;34.166666666666664;0.0
126.0;39.166666666666664;0.0
132.0;55.833333333333336;0.5
138.0;35.416666666666664;0.0
144.0;58.75;0.0
150.0;60.833333333333336;0.25
156.0;50.416666666666664;0.0
162.0;52.083333333333336;0.0
168.0;41.666666666666664;0.0
174.0;42.083333333333336;0.0
180.0;36.666666666666664;0.0
186.0;37.916666666666664;0.0
192.0;39.583333333333336;0.0
198.0;36.041666666666664;0.0
204.0;45.0;0.0
210.0;58.333333333333336;0.0
216.0;45.833333333333336;0.0
222.0;55.0;0.5
228.0;50.625;0.0
234.0;47.083333333333336;0.0
240.0;48.333333333333336;0.5
246.0;45.833333333333336;0.5
252.0;45.0;0.0
258.0;42.291666666666664;0.5
264.0;40.833333333333336;0.25
270.0;40.0;0.0
276.0;33.75;0.0
282.0;33.333333333333336;0.5
288.0;44.375;0.0
294.0;56.25;0.0
300.0;61.666666666666664;0.5
306.0;60.416666666666664;0.0
312.0;58.333333333333336;0.0
318.0;48.333333333333336;0.125
324.0;45.0;0.5
330.0;52.083333333333336;0.0
336.0;33.75;0.0
342.0;37.5;0.5
348.0;42.083333333333336;0.0
354.0;41.041666666666664;0.0
360.0;37.5;0.0
366.0;48.333333333333336;0.0
372.0;59.166666666666664;0.5
378.0;52.916666666666664;0.0
384.0;41.458333333333336;0.0
390.0;50.833333333333336;0.5
396.0;42.916666666666664;0.25
402.0;45.833333333333336;0.0
408.0;44.791666666666664;0.0
414.0;46.666666666666664;0.0
420.0;44.166666666666664;0.5
426.0;46.666666666666664;0.0
432.0;56.666666666666664;0.0
438.0;48.333333333333336;0.0
444.0;53.125;0.0
450.0;65.41666666666667;0.0
456.0;53.333333333333336;0.0
462.0;54.166666666666664;0.0
468.0;55.625;0.5
474.0;41.25;0.5
480.0;41.666666666666664;0.0
486.0;41.666666666666664;0.0
492.0;44.166666666666664;0.0
498.0;36.875;0.0
504.0;47.083333333333336;0.25
510.0;40.0;0.5
516.0;43.333333333333336;0.0
522.0;47.5;0.0
528.0;48.333333333333336;0.0
534.0;41.041666666666664;0.0
540.0;46.666666666666664;0.0
546.0;36.666666666666664;0.5
552.0;39.791666666666664;0.5
558.0;45.833333333333336;0.0
564.0;45.625;0.25
570.0;44.583333333333336;0.0
576.0;35.0;0.5
582.0;36.041666666666664;0.0
588.0;37.916666666666664;0.0
594.0;50.625;0.0
600.0;50.833333333333336;0.0
606.0;42.5;0.0
612.0;29.166666666666668;0.0
618.0;37.916666666666664;0.0
624.0;45.416666666666664;0.0
630.0;40.416666666666664;0.75
636.0;44.166666666666664;0.0
642.0;32.708333333333336;0.5
648.0;47.708333333333336;0.0
654.0;42.5;0.0
660.0;54.166666666666664;0.5
666.0;45.833333333333336;0.0
672.0;44.166666666666664;0.0
678.0;51.666666666666664;0.0
684.0;53.541666666666664;0.0
690.0;48.333333333333336;0.0
696.0;41.666666666666664;0.25
702.0;43.333333333333336;0.0
708.0;39.583333333333336;0.0
714.0;39.583333333333336;0.0
720.0;37.083333333333336;0.0
726.0;37.5;0.0
732.0;38.541666666666664;0.0
738.0;44.166666666666664;0.0
744.0;47.5;0.0
750.0;52.5;0.75
756.0;49.166666666666664;0.0
762.0;45.0;0.0
768.0;45.208333333333336;0.0
774.0;38.333333333333336;0.0
780.0;44.583333333333336;0.5
786.0;40.833333333333336;0.0
792.0;37.916666666666664;0.0
798.0;47.5;0.125
804.0;44.791666666666664;0.5
810.0;45.0;0.5
816.0;54.583333333333336;0.0
822.0;49.166666666666664;0.5
828.0;52.708333333333336;1.125
834.0;47.5;0.0
840.0;46.666666666666664;0.0
846.0;46.666666666666664;0.5
852.0;47.5;0.0
858.0;45.416666666666664;0.25
864.0;58.75;0.25
870.0;52.5;0.0
876.0;46.25;0.5
882.0;48.333333333333336;0.0
888.0;39.791666666666664;0.0
894.0;47.083333333333336;0.0
900.0;51.666666666666664;0.0
906.0;46.666666666666664;0.0
912.0;37.5;0.5
918.0;40.833333333333336;0.25
924.0;46.25;0.0
930.0;39.583333333333336;0.0
936.0;57.916666666666664;0.0
942.0;43.333333333333336;0.0
948.0;34.583333333333336;0.5
954.0;39.166666666666664;0.5
960.0;42.083333333333336;0.0
966.0;46.666666666666664;0.0
972.0;45.416666666666664;0.0
978.0;51.25;0.0
984.0;52.083333333333336;0.0
990.0;52.083333333333336;0.0
996.0;46.666666666666664;0.0
1002.0;36.666666666666664;0.5
1008.0;46.041666666666664;0.0
1014.0;36.666666666666664;0.0
1020.0;57.916666666666664;0.5
1026.0;54.583333333333336;0.0
1032.0;43.333333333333336;0.0
1038.0;47.916666666666664;0.0
1044.0;44.583333333333336;0.75
1050.0;52.5;1.0
1056.0;62.083333333333336;0.25
1062.0;36.25;0.0
1068.0;40.0;0.0
1074.0;37.708333333333336;1.0
1080.0;34.166666666666664;0.0
1086.0;42.083333333333336;0.0
1092.0;35.833333333333336;0.0
1098.0;50.208333333333336;0.0
1104.0;49.791666666666664;0.0
1110.0;52.916666666666664;0.0
1116.0;57.083333333333336;0.0
1122.0;61.666666666666664;0.0
1128.0;54.166666666666664;0.75
1134.0;46.25;0.0
1140.0;43.75;0.5
1146.0;45.833333333333336;0.0
1152.0;43.958333333333336;0.0
1158.0;44.583333333333336;0.0
1164.0;39.166666666666664;0.0
1170.0;51.875;0.5
1176.0;54.166666666666664;0.0
1182.0;39.583333333333336;0.5
1188.0;40.416666666666664;0.0
1194.0;50.625;0.0
1200.0;53.333333333333336;0.5
1206.0;50.833333333333336;0.0
1212.0;40.0;0.0
1218.0;39.375;0.0
1224.0;48.333333333333336;0.0
1230.0;53.333333333333336;0.5
1236.0;47.916666666666664;0.25
1242.0;44.166666666666664;0.0
1248.0;51.25;0.125
1254.0;37.083333333333336;0.0
1260.0;40.0;0.0
1266.0;50.0;0.5
1272.0;65.20833333333333;0.0
1278.0;62.083333333333336;0.0
1284.0;54.583333333333336;0.0
1290.0;48.75;0.0
1296.0;52.916666666666664;0.0
1302.0;50.416666666666664;0.0
1308.0;45.416666666666664;0.0
1314.0;44.166666666666664;0.0
1320.0;49.166666666666664;0.0
1326.0;32.5;0.0
1332.0;48.333333333333336;0.0
1338.0;50.208333333333336;0.0
1344.0;64.58333333333333;0.5
1350.0;50.416666666666664;1.75
1356.0;52.916666666666664;0.0
1362.0;52.5;0.5
1368.0;50.208333333333336;0.0
1374.0;51.041666666666664;0.0
1380.0;54.166666666666664;0.5
1386.0;58.333333333333336;0.5
1392.0;51.666666666666664;0.0
1398.0;48.75;0.5
1404.0;43.75;0.0
1410.0;47.916666666666664;0.5
1416.0;49.166666666666664;0.0
1422.0;59.166666666666664;0.5
1428.0;44.583333333333336;0.0
1434.0;35.833333333333336;0.0
1440.0;39.583333333333336;0.5
1446.0;45.0;0.5
1452.0;46.666666666666664;0.0
1458.0;40.416666666666664;0.0
1464.0;47.083333333333336;0.0
1470.0;34.583333333333336;0.5
1476.0;39.166666666666664;0.0
1482.0;44.583333333333336;0.0
1488.0;31.25;0.0
1494.0;50.416666666666664;0.0
