#auto generated file!
6.0;0.0;0.0
12.0;0.0;0.0
18.0;3.75;0.0
24.0;5.208333333333333;0.0
30.0;16.25;0.0
36.0;20.0;0.5
42.0;10.0;0.0
48.0;16.25;0.0
54.0;30.208333333333332;0.0
60.0;29.166666666666668;0.0
66.0;27.916666666666668;0.5
72.0;32.916666666666664;0.0
78.0;41.875;0.0
84.0;39.583333333333336;1.0
90.0;37.5;0.25
96.0;30.416666666666668;0.0
102.0;26.25;0.5
108.0;24.166666666666668;0.0
114.0;28.333333333333332;0.0
120.0;30.833333333333332;0.0
126.0;38.333333333333336;0.0
132.0;32.916666666666664;0.0
138.0;37.916666666666664;0.5
144.0;40.833333333333336;0.0
150.0;37.083333333333336;0.25
156.0;29.166666666666668;0.5
162.0;21.666666666666668;0.0
168.0;28.75;0.0
174.0;23.333333333333332;0.0
180.0;25.833333333333332;0.5
186.0;24.583333333333332;0.0
192.0;19.166666666666668;0.5
198.0;28.75;0.5
204.0;31.25;0.0
210.0;27.083333333333332;0.0
216.0;28.333333333333332;0.0
222.0;31.666666666666668;1.0
228.0;28.75;0.125
234.0;27.5;0.0
240.0;28.333333333333332;0.0
246.0;38.333333333333336;0.0
252.0;36.666666666666664;0.0
258.0;26.875;0.0
264.0;29.791666666666668;0.5
270.0;33.125;0.0
276.0;35.833333333333336;0.0
282.0;24.166666666666668;0.0
288.0;20.833333333333332;0.0
294.0;30.833333333333332;0.0
300.0;34.166666666666664;0.5
306.0;36.666666666666664;0.0
312.0;37.916666666666664;0.0
318.0;25.0;1.0
324.0;25.416666666666668;0.0
330.0;30.416666666666668;0.0
336.0;36.666666666666664;0.5
342.0;18.333333333333332;0.5
348.0;30.0;0.0
354.0;33.541666666666664;0.0
360.0;21.875;0.0
366.0;25.0;0.0
372.0;32.083333333333336;0.0
378.0;25.625;0.5
384.0;31.875;0.0
390.0;35.0;0.5
396.0;25.416666666666668;0.5
402.0;26.666666666666668;0.0
408.0;26.666666666666668;0.0
414.0;24.791666666666668;0.0
420.0;26.666666666666668;0.5
426.0;27.916666666666668;0.0
432.0;28.75;0.0
438.0;31.666666666666668;1.0
444.0;37.708333333333336;0.0
450.0;38.75;0.5
456.0;33.333333333333336;0.5
462.0;17.916666666666668;0.0
468.0;31.041666666666668;0.0
474.0;33.541666666666664;0.5
480.0;25.0;0.0
486.0;28.333333333333332;0.0
492.0;28.333333333333332;0.0
498.0;35.833333333333336;0.0
504.0;32.291666666666664;0.0
510.0;33.333333333333336;0.0
516.0;37.083333333333336;0.0
522.0;40.833333333333336;0.0
528.0;38.125;0.0
534.0;33.75;0.0
540.0;19.166666666666668;0.0
546.0;17.5;0.0
552.0;31.25;0.0
558.0;26.041666666666668;0.5
564.0;32.916666666666664;0.5
570.0;27.916666666666668;0.5
576.0;29.583333333333332;0.0
582.0;33.333333333333336;0.5
588.0;40.833333333333336;0.5
594.0;36.25;0.0
600.0;40.0;0.0
606.0;35.0;0.0
612.0;21.666666666666668;0.0
618.0;38.75;1.5
624.0;42.083333333333336;0.25
630.0;35.0;0.0
636.0;27.5;0.0
642.0;29.166666666666668;0.0
648.0;31.875;0.5
654.0;28.541666666666668;0.0
660.0;24.583333333333332;0.0
666.0;36.666666666666664;0.5
672.0;34.166666666666664;0.0
678.0;35.625;0.0
684.0;38.75;0.0
690.0;35.416666666666664;0.0
696.0;32.5;0.0
702.0;35.416666666666664;0.0
708.0;24.166666666666668;0.0
714.0;27.291666666666668;0.5
720.0;25.833333333333332;0.0
726.0;16.666666666666668;0.0
732.0;22.083333333333332;0.0
738.0;27.291666666666668;0.0
744.0;40.208333333333336;0.0
750.0;45.0;0.0
756.0;32.5;0.0
762.0;31.666666666666668;0.0
768.0;37.916666666666664;1.25
774.0;20.208333333333332;0.0
780.0;25.833333333333332;0.0
786.0;26.25;0.0
792.0;33.958333333333336;0.0
798.0;31.458333333333332;0.0
804.0;28.333333333333332;0.0
810.0;30.833333333333332;0.0
816.0;40.416666666666664;0.0
822.0;35.416666666666664;0.0
828.0;36.25;0.0
834.0;39.166666666666664;0.5
840.0;34.166666666666664;0.5
846.0;29.166666666666668;0.0
852.0;29.791666666666668;0.0
858.0;21.666666666666668;0.0
864.0;22.708333333333332;0.0
870.0;24.583333333333332;0.0
876.0;29.166666666666668;1.0
882.0;38.333333333333336;0.0
888.0;27.083333333333332;0.125
894.0;46.875;0.0
900.0;37.5;0.0
906.0;34.583333333333336;0.5
912.0;27.083333333333332;0.0
918.0;31.666666666666668;0.5
924.0;36.458333333333336;0.0
930.0;34.583333333333336;0.0
936.0;26.25;0.0
942.0;37.5;0.0
948.0;39.166666666666664;0.0
954.0;23.333333333333332;0.0
960.0;23.333333333333332;0.0
966.0;33.333333333333336;0.0
972.0;31.666666666666668;0.0
978.0;32.916666666666664;0.0
984.0;31.666666666666668;0.0
990.0;26.25;0.0
996.0;22.5;0.0
1002.0;33.333333333333336;0.0
1008.0;37.916666666666664;0.5
1014.0;29.583333333333332;0.0
1020.0;30.416666666666668;0.0
1026.0;21.25;0.5
1032.0;22.083333333333332;0.0
1038.0;37.916666666666664;0.5
1044.0;44.375;0.5
1050.0;32.083333333333336;0.0
1056.0;26.25;1.25
1062.0;36.666666666666664;0.0
1068.0;30.208333333333332;0.0
1074.0;26.875;0.0
1080.0;35.833333333333336;0.0
1086.0;31.666666666666668;0.5
1092.0;28.333333333333332;0.0
1098.0;25.833333333333332;0.25
1104.0;31.458333333333332;0.5
1110.0;35.0;0.0
1116.0;36.25;0.0
1122.0;35.833333333333336;0.0
1128.0;41.666666666666664;0.0
1134.0;31.25;0.0
1140.0;40.416666666666664;0.0
1146.0;30.0;0.0
1152.0;35.833333333333336;0.0
1158.0;41.25;0.0
1164.0;25.0;0.0
1170.0;28.75;0.0
1176.0;20.833333333333332;0.5
1182.0;28.333333333333332;0.0
1188.0;24.166666666666668;0.125
1194.0;35.0;0.0
1200.0;34.166666666666664;0.0
1206.0;36.666666666666664;0.0
1212.0;24.583333333333332;0.0
1218.0;30.833333333333332;0.0
1224.0;30.833333333333332;0.0
1230.0;32.916666666666664;0.5
1236.0;35.416666666666664;0.0
1242.0;31.25;0.0
1248.0;25.833333333333332;0.5
1254.0;28.333333333333332;0.75
1260.0;33.333333333333336;0.5
1266.0;33.75;0.5
1272.0;24.166666666666668;0.75
1278.0;17.5;0.75
1284.0;30.0;0.0
1290.0;26.25;0.0
1296.0;26.666666666666668;0.5
1302.0;25.0;0.5
1308.0;28.958333333333332;0.0
1314.0;24.375;0.0
1320.0;27.5;0.0
1326.0;35.0;0.5
1332.0;28.333333333333332;0.0
1338.0;31.875;0.0
1344.0;37.916666666666664;0.0
1350.0;40.833333333333336;0.5
1356.0;39.166666666666664;0.0
1362.0;34.583333333333336;0.0
1368.0;30.833333333333332;1.0
1374.0;25.0;0.5
1380.0;27.5;0.0
1386.0;30.416666666666668;0.5
1392.0;25.833333333333332;0.5
1398.0;27.5;0.5
1404.0;32.291666666666664;1.0
1410.0;32.083333333333336;0.0
1416.0;28.75;0.25
1422.0;34.166666666666664;0.0
1428.0;34.166666666666664;0.0
1434.0;28.541666666666668;0.0
1440.0;23.333333333333332;0.0
1446.0;21.666666666666668;0.0
1452.0;26.666666666666668;0.0
1458.0;35.833333333333336;0.0
1464.0;26.666666666666668;0.0
1470.0;30.416666666666668;0.0
1476.0;31.666666666666668;0.5
1482.0;21.666666666666668;0.0
1488.0;30.0;0.0
1494.0;38.333333333333336;0.0
