#auto generated file!
6.0;0.0;0.0
12.0;0.0;0.0
18.0;1.6666666666666667;0.0
24.0;1.6666666666666667;0.25
30.0;3.3333333333333335;0.5
36.0;10.0;0.5
42.0;5.833333333333333;0.5
48.0;11.666666666666666;0.0
54.0;0.8333333333333334;0.0
60.0;15.833333333333334;0.0
66.0;15.416666666666666;0.0
72.0;11.666666666666666;0.0
78.0;10.0;0.0
84.0;8.75;0.5
90.0;6.25;0.0
96.0;9.166666666666666;0.0
102.0;10.0;0.5
108.0;10.208333333333334;0.5
114.0;7.5;0.0
120.0;5.833333333333333;0.5
126.0;7.5;0.0
132.0;7.5;0.0
138.0;6.666666666666667;0.0
144.0;10.833333333333334;1.0
150.0;8.333333333333334;0.75
156.0;16.25;0.0
162.0;5.0;0.0
168.0;9.166666666666666;0.0
174.0;5.833333333333333;0.0
180.0;3.3333333333333335;0.75
186.0;10.0;0.0
192.0;8.75;0.5
198.0;16.666666666666668;0.0
204.0;10.0;0.5
210.0;14.583333333333334;0.25
216.0;13.333333333333334;0.25
222.0;14.583333333333334;0.5
228.0;6.666666666666667;0.5
234.0;7.5;0.0
240.0;12.5;0.5
246.0;4.166666666666667;0.0
252.0;7.5;0.0
258.0;7.5;0.0
264.0;6.25;0.0
270.0;8.333333333333334;0.0
276.0;5.0;0.0
282.0;12.5;0.0
288.0;6.875;0.0
294.0;8.333333333333334;0.0
300.0;10.0;0.0
306.0;13.333333333333334;0.0
312.0;11.25;1.0
318.0;9.583333333333334;0.0
324.0;9.583333333333334;0.0
330.0;11.25;0.0
336.0;10.0;0.25
342.0;9.166666666666666;0.5
348.0;5.416666666666667;0.5
354.0;5.833333333333333;0.5
360.0;5.833333333333333;0.5
366.0;9.166666666666666;0.0
372.0;9.166666666666666;0.0
378.0;2.9166666666666665;0.125
384.0;9.166666666666666;0.125
390.0;11.25;0.5
396.0;11.25;0.0
402.0;6.666666666666667;0.0
408.0;8.333333333333334;0.5
414.0;8.333333333333334;0.0
420.0;13.333333333333334;0.5
426.0;7.916666666666667;0.0
432.0;7.5;0.5
438.0;9.583333333333334;0.75
444.0;13.75;0.0
450.0;13.333333333333334;0.0
456.0;10.0;0.0
462.0;7.5;0.0
468.0;11.666666666666666;0.5
474.0;8.333333333333334;0.0
480.0;11.666666666666666;0.0
486.0;9.166666666666666;0.0
492.0;7.5;0.0
498.0;9.166666666666666;0.0
504.0;10.416666666666666;0.0
510.0;6.25;0.0
516.0;15.0;0.0
522.0;10.0;0.0
528.0;7.5;0.0
534.0;3.3333333333333335;0.0
540.0;7.5;0.0
546.0;5.416666666666667;0.0
552.0;5.833333333333333;0.0
558.0;7.5;0.0
564.0;5.833333333333333;0.0
570.0;11.666666666666666;0.0
576.0;4.583333333333333;0.0
582.0;9.166666666666666;0.75
588.0;11.875;0.0
594.0;5.833333333333333;0.0
600.0;6.875;0.0
606.0;9.166666666666666;0.0
612.0;10.833333333333334;0.0
618.0;5.833333333333333;0.0
624.0;3.75;0.0
630.0;10.416666666666666;0.0
636.0;7.916666666666667;0.0
642.0;7.5;0.0
648.0;5.0;0.0
654.0;5.833333333333333;0.0
660.0;12.083333333333334;0.0
666.0;15.833333333333334;0.0
672.0;10.833333333333334;0.0
678.0;8.333333333333334;0.0
684.0;10.416666666666666;0.0
690.0;5.416666666666667;0.0
696.0;4.166666666666667;0.0
702.0;9.166666666666666;0.0
708.0;6.666666666666667;0.0
714.0;9.166666666666666;0.0
720.0;6.666666666666667;0.0
726.0;7.5;0.0
732.0;5.0;0.0
738.0;5.0;0.0
744.0;10.0;0.0
750.0;6.666666666666667;0.0
756.0;13.333333333333334;0.0
762.0;5.833333333333333;0.0
768.0;10.416666666666666;0.0
774.0;7.5;0.0
780.0;12.5;0.0
786.0;8.333333333333334;0.0
792.0;5.833333333333333;0.0
798.0;5.416666666666667;0.0
804.0;7.916666666666667;0.5
810.0;12.5;0.0
816.0;10.0;0.5
822.0;5.0;0.0
828.0;11.666666666666666;0.0
834.0;12.5;0.0
840.0;3.3333333333333335;0.5
846.0;5.0;0.0
852.0;5.833333333333333;0.0
858.0;9.166666666666666;0.0
864.0;13.333333333333334;0.0
870.0;6.25;0.0
876.0;7.916666666666667;0.0
882.0;7.916666666666667;0.0
888.0;9.583333333333334;0.0
894.0;10.833333333333334;0.0
900.0;9.166666666666666;0.0
906.0;6.666666666666667;0.0
912.0;5.0;0.0
918.0;9.166666666666666;0.25
924.0;12.083333333333334;0.0
930.0;10.833333333333334;0.5
936.0;5.833333333333333;0.0
942.0;8.333333333333334;0.0
948.0;6.666666666666667;0.125
954.0;10.833333333333334;0.0
960.0;6.666666666666667;0.0
966.0;10.0;0.0
972.0;8.333333333333334;0.0
978.0;9.166666666666666;0.5
984.0;7.5;0.0
990.0;12.5;0.0
996.0;4.166666666666667;0.0
1002.0;10.0;0.0
1008.0;8.333333333333334;0.0
1014.0;5.833333333333333;0.0
1020.0;3.3333333333333335;0.0
1026.0;4.166666666666667;0.0
1032.0;4.166666666666667;0.5
1038.0;5.416666666666667;0.5
1044.0;10.416666666666666;0.0
1050.0;11.666666666666666;0.0
1056.0;9.583333333333334;0.0
1062.0;9.166666666666666;0.0
1068.0;6.666666666666667;0.5
1074.0;5.833333333333333;0.0
1080.0;5.0;0.0
1086.0;14.166666666666666;0.0
1092.0;5.0;0.0
1098.0;7.5;0.25
1104.0;4.166666666666667;0.0
1110.0;9.583333333333334;0.0
1116.0;5.833333333333333;0.0
1122.0;15.416666666666666;0.5
1128.0;10.833333333333334;0.0
1134.0;13.75;0.0
1140.0;8.75;0.0
1146.0;5.833333333333333;0.0
1152.0;11.25;0.0
1158.0;4.375;0.5
1164.0;10.833333333333334;0.0
1170.0;5.0;0.0
1176.0;9.583333333333334;0.75
1182.0;6.666666666666667;0.0
1188.0;8.333333333333334;0.0
1194.0;9.166666666666666;0.0
1200.0;14.166666666666666;0.0
1206.0;9.166666666666666;0.0
1212.0;4.166666666666667;0.0
1218.0;7.5;0.5
1224.0;7.083333333333333;0.0
1230.0;10.0;0.0
1236.0;14.166666666666666;0.0
1242.0;3.3333333333333335;0.0
1248.0;11.666666666666666;0.0
1254.0;6.666666666666667;0.0
1260.0;9.166666666666666;0.75
1266.0;7.083333333333333;1.0
1272.0;11.25;0.0
1278.0;4.583333333333333;0.5
1284.0;6.25;0.5
1290.0;4.166666666666667;0.25
1296.0;10.416666666666666;0.0
1302.0;6.666666666666667;0.0
1308.0;4.166666666666667;0.125
1314.0;9.583333333333334;0.0
1320.0;13.75;0.0
1326.0;5.833333333333333;0.0
1332.0;8.333333333333334;0.0
1338.0;7.5;0.5
1344.0;10.416666666666666;0.0
1350.0;16.25;0.0
1356.0;12.083333333333334;0.5
1362.0;7.5;0.0
1368.0;7.083333333333333;0.5
1374.0;10.0;0.0
1380.0;7.5;0.5
1386.0;5.833333333333333;0.0
1392.0;10.0;0.5
1398.0;7.083333333333333;0.75
1404.0;10.833333333333334;0.0
1410.0;13.75;0.0
1416.0;3.3333333333333335;0.0
1422.0;13.333333333333334;0.5
1428.0;16.25;0.5
1434.0;6.666666666666667;0.0
1440.0;4.166666666666667;0.5
1446.0;7.5;0.5
1452.0;8.333333333333334;0.0
1458.0;8.75;0.5
1464.0;7.5;0.0
1470.0;14.583333333333334;0.25
1476.0;8.333333333333334;0.0
1482.0;7.5;0.5
1488.0;13.75;0.0
1494.0;11.666666666666666;0.0
