#auto generated file!
6.0;0.0;0.0
12.0;0.0;0.0
18.0;1.4583333333333333;0.0
24.0;1.25;0.25
30.0;0.8333333333333334;0.25
36.0;6.25;0.5
42.0;4.166666666666667;0.0
48.0;8.333333333333334;0.5
54.0;8.75;0.5
60.0;10.833333333333334;0.0
66.0;7.916666666666667;0.75
72.0;15.0;0.5
78.0;9.166666666666666;0.0
84.0;12.083333333333334;0.0
90.0;10.625;0.0
96.0;6.041666666666667;0.0
102.0;5.833333333333333;0.0
108.0;5.833333333333333;0.125
114.0;6.666666666666667;0.0
120.0;1.6666666666666667;1.0
126.0;3.3333333333333335;0.5
132.0;9.583333333333334;0.0
138.0;3.3333333333333335;0.0
144.0;9.583333333333334;0.0
150.0;10.833333333333334;0.5
156.0;7.5;0.25
162.0;12.083333333333334;0.0
168.0;11.25;0.0
174.0;5.833333333333333;1.75
180.0;8.333333333333334;0.0
186.0;7.5;0.0
192.0;5.416666666666667;0.0
198.0;10.416666666666666;0.125
204.0;4.166666666666667;0.5
210.0;11.25;0.0
216.0;9.583333333333334;0.5
222.0;10.0;0.0
228.0;9.375;0.5
234.0;16.666666666666668;0.5
240.0;2.5;0.0
246.0;10.833333333333334;0.5
252.0;7.916666666666667;0.0
258.0;5.416666666666667;0.0
264.0;6.666666666666667;0.0
270.0;7.5;0.5
276.0;10.0;0.0
282.0;5.0;1.0
288.0;16.666666666666668;0.0
294.0;4.166666666666667;0.5
300.0;8.333333333333334;0.0
306.0;10.833333333333334;0.75
312.0;12.083333333333334;0.0
318.0;7.5;0.0
324.0;5.0;0.0
330.0;9.583333333333334;0.0
336.0;8.75;0.0
342.0;11.666666666666666;0.0
348.0;4.166666666666667;0.0
354.0;10.0;0.0
360.0;3.3333333333333335;0.0
366.0;10.0;0.0
372.0;11.666666666666666;0.25
378.0;6.875;0.25
384.0;17.916666666666668;0.0
390.0;8.75;0.0
396.0;4.166666666666667;0.0
402.0;7.5;0.0
408.0;6.666666666666667;0.0
414.0;10.833333333333334;0.0
420.0;7.5;0.0
426.0;5.833333333333333;0.75
432.0;5.416666666666667;0.5
438.0;10.416666666666666;0.0
444.0;17.083333333333332;0.0
450.0;13.333333333333334;0.0
456.0;10.416666666666666;0.0
462.0;7.5;0.0
468.0;6.666666666666667;0.5
474.0;7.5;0.0
480.0;2.5;0.5
486.0;5.0;0.0
492.0;5.0;0.5
498.0;8.75;0.0
504.0;9.583333333333334;0.0
510.0;10.416666666666666;0.25
516.0;7.916666666666667;0.5
522.0;5.416666666666667;0.0
528.0;11.666666666666666;0.0
534.0;5.833333333333333;0.0
540.0;9.166666666666666;0.0
546.0;3.75;0.0
552.0;9.166666666666666;0.0
558.0;8.333333333333334;0.0
564.0;6.25;0.5
570.0;7.5;0.5
576.0;8.75;0.0
582.0;5.833333333333333;0.0
588.0;7.5;0.5
594.0;12.5;0.0
600.0;10.833333333333334;0.0
606.0;6.666666666666667;0.0
612.0;7.708333333333333;0.5
618.0;8.541666666666666;0.0
624.0;10.0;0.125
630.0;4.166666666666667;0.5
636.0;6.666666666666667;0.25
642.0;3.3333333333333335;0.125
648.0;11.666666666666666;0.0
654.0;6.041666666666667;0.0
660.0;9.166666666666666;1.0
666.0;7.5;0.0
672.0;15.416666666666666;0.0
678.0;9.583333333333334;0.0
684.0;9.583333333333334;0.0
690.0;6.666666666666667;0.25
696.0;6.25;0.0
702.0;9.166666666666666;0.0
708.0;5.833333333333333;0.75
714.0;8.333333333333334;0.5
720.0;5.833333333333333;0.0
726.0;10.0;0.0
732.0;3.3333333333333335;0.0
738.0;11.25;0.0
744.0;10.0;0.0
750.0;6.25;0.5
756.0;11.25;0.0
762.0;6.666666666666667;0.0
768.0;2.5;0.5
774.0;7.083333333333333;0.0
780.0;6.666666666666667;0.0
786.0;7.083333333333333;0.0
792.0;7.083333333333333;0.0
798.0;10.416666666666666;0.0
804.0;9.583333333333334;0.0
810.0;5.833333333333333;0.0
816.0;7.083333333333333;0.0
822.0;14.166666666666666;0.0
828.0;8.125;0.0
834.0;9.166666666666666;0.0
840.0;7.5;0.0
846.0;3.75;0.0
852.0;7.083333333333333;0.5
858.0;5.625;0.75
864.0;7.916666666666667;0.25
870.0;5.833333333333333;0.25
876.0;6.666666666666667;0.0
882.0;4.166666666666667;0.0
888.0;9.166666666666666;1.25
894.0;9.583333333333334;0.0
900.0;8.333333333333334;0.0
906.0;7.916666666666667;0.0
912.0;6.666666666666667;0.0
918.0;12.916666666666666;0.0
924.0;6.666666666666667;0.25
930.0;10.416666666666666;0.0
936.0;6.666666666666667;0.25
942.0;6.666666666666667;0.0
948.0;10.416666666666666;0.0
954.0;9.166666666666666;0.0
960.0;4.166666666666667;0.0
966.0;8.333333333333334;0.0
972.0;10.0;0.0
978.0;8.75;0.0
984.0;12.5;0.25
990.0;5.833333333333333;0.0
996.0;10.416666666666666;0.0
1002.0;5.833333333333333;0.0
1008.0;4.166666666666667;0.0
1014.0;7.5;0.0
1020.0;6.666666666666667;0.0
1026.0;7.083333333333333;0.0
1032.0;3.3333333333333335;0.0
1038.0;9.166666666666666;0.0
1044.0;13.333333333333334;0.0
1050.0;6.666666666666667;0.0
1056.0;5.0;0.75
1062.0;13.333333333333334;0.0
1068.0;5.833333333333333;0.0
1074.0;7.5;0.75
1080.0;6.666666666666667;0.0
1086.0;8.333333333333334;0.0
1092.0;7.083333333333333;0.0
1098.0;8.333333333333334;0.5
1104.0;5.416666666666667;0.0
1110.0;5.416666666666667;0.5
1116.0;14.166666666666666;0.0
1122.0;9.166666666666666;0.0
1128.0;9.166666666666666;0.0
1134.0;7.083333333333333;0.0
1140.0;6.25;0.0
1146.0;12.5;0.0
1152.0;7.083333333333333;0.0
1158.0;3.3333333333333335;0.0
1164.0;14.583333333333334;0.0
1170.0;5.416666666666667;0.0
1176.0;14.583333333333334;0.0
1182.0;6.666666666666667;0.5
1188.0;10.833333333333334;0.0
1194.0;13.333333333333334;0.0
1200.0;8.333333333333334;0.0
1206.0;9.166666666666666;0.0
1212.0;2.9166666666666665;0.0
1218.0;8.75;0.125
1224.0;10.0;0.0
1230.0;12.083333333333334;0.0
1236.0;3.75;0.0
1242.0;9.166666666666666;0.0
1248.0;5.0;0.0
1254.0;2.5;0.0
1260.0;9.166666666666666;0.0
1266.0;10.416666666666666;0.0
1272.0;13.75;0.5
1278.0;5.625;0.0
1284.0;11.25;0.0
1290.0;13.333333333333334;1.5
1296.0;10.0;0.0
1302.0;2.5;0.0
1308.0;5.833333333333333;0.0
1314.0;3.3333333333333335;0.0
1320.0;6.666666666666667;0.0
1326.0;5.833333333333333;0.0
1332.0;8.75;0.25
1338.0;7.916666666666667;0.5
1344.0;8.333333333333334;0.5
1350.0;7.916666666666667;0.0
1356.0;9.583333333333334;0.0
1362.0;8.333333333333334;0.0
1368.0;12.083333333333334;0.0
1374.0;3.3333333333333335;0.5
1380.0;9.583333333333334;0.0
1386.0;5.833333333333333;0.0
1392.0;6.666666666666667;0.0
1398.0;15.416666666666666;0.0
1404.0;12.083333333333334;0.5
1410.0;5.0;0.0
1416.0;11.666666666666666;0.0
1422.0;9.166666666666666;0.0
1428.0;8.333333333333334;0.0
1434.0;11.25;0.0
1440.0;6.666666666666667;0.0
1446.0;5.833333333333333;0.5
1452.0;5.833333333333333;0.0
1458.0;8.333333333333334;0.0
1464.0;12.916666666666666;0.0
1470.0;5.0;0.0
1476.0;7.5;0.0
1482.0;8.75;0.0
1488.0;10.833333333333334;0.0
1494.0;9.166666666666666;0.0
