#auto generated file!
6.0;0.0;0.0
12.0;0.4166666666666667;0.0
18.0;3.75;0.25
24.0;4.583333333333333;0.0
30.0;6.25;0.0
36.0;2.5;0.0
42.0;8.333333333333334;0.0
48.0;13.75;0.0
54.0;13.333333333333334;0.5
60.0;14.583333333333334;0.0
66.0;20.416666666666668;0.75
72.0;25.0;0.0
78.0;20.0;0.5
84.0;21.25;0.5
90.0;20.416666666666668;0.0
96.0;16.25;0.5
102.0;15.0;0.5
108.0;15.833333333333334;0.0
114.0;20.208333333333332;0.5
120.0;23.75;0.0
126.0;10.833333333333334;0.0
132.0;15.0;0.0
138.0;22.916666666666668;0.0
144.0;20.416666666666668;0.0
150.0;25.833333333333332;0.0
156.0;24.166666666666668;0.0
162.0;20.0;0.0
168.0;11.041666666666666;0.0
174.0;12.5;0.75
180.0;21.25;0.5
186.0;14.166666666666666;1.0
192.0;20.833333333333332;0.875
198.0;13.958333333333334;0.0
204.0;15.416666666666666;0.0
210.0;17.083333333333332;0.0
216.0;11.666666666666666;0.0
222.0;15.833333333333334;0.5
228.0;16.666666666666668;0.5
234.0;18.333333333333332;0.0
240.0;21.666666666666668;0.5
246.0;11.25;0.0
252.0;14.166666666666666;1.0
258.0;13.75;0.0
264.0;18.75;0.0
270.0;24.583333333333332;0.0
276.0;20.416666666666668;1.0
282.0;21.25;0.0
288.0;14.583333333333334;0.0
294.0;20.416666666666668;0.0
300.0;16.666666666666668;0.5
306.0;18.75;0.0
312.0;13.333333333333334;0.0
318.0;14.166666666666666;0.0
324.0;15.416666666666666;0.0
330.0;17.916666666666668;0.0
336.0;12.083333333333334;0.0
342.0;12.5;0.0
348.0;14.375;0.5
354.0;11.666666666666666;0.0
360.0;20.0;0.0
366.0;15.0;0.0
372.0;17.5;0.0
378.0;26.666666666666668;0.0
384.0;18.125;0.5
390.0;13.333333333333334;0.0
396.0;14.583333333333334;0.0
402.0;15.0;0.0
408.0;12.5;0.5
414.0;21.25;0.0
420.0;19.583333333333332;0.0
426.0;16.25;0.0
432.0;12.916666666666666;0.5
438.0;13.333333333333334;0.0
444.0;25.0;0.75
450.0;20.416666666666668;0.75
456.0;25.0;0.5
462.0;16.666666666666668;0.0
468.0;23.333333333333332;0.0
474.0;16.666666666666668;0.0
480.0;9.166666666666666;1.0
486.0;23.333333333333332;0.0
492.0;20.833333333333332;0.5
498.0;20.416666666666668;0.0
504.0;18.958333333333332;0.0
510.0;19.583333333333332;0.5
516.0;24.166666666666668;0.5
522.0;27.5;0.0
528.0;20.208333333333332;0.0
534.0;16.666666666666668;0.0
540.0;14.583333333333334;0.0
546.0;17.083333333333332;0.5
552.0;18.75;0.0
558.0;15.833333333333334;0.0
564.0;15.0;0.5
570.0;19.583333333333332;0.75
576.0;19.583333333333332;0.0
582.0;10.833333333333334;0.0
588.0;10.833333333333334;0.75
594.0;16.666666666666668;0.5
600.0;24.166666666666668;0.0
606.0;23.333333333333332;0.0
612.0;16.666666666666668;0.0
618.0;12.5;0.75
624.0;23.333333333333332;0.0
630.0;16.25;0.75
636.0;12.5;0.0
642.0;13.333333333333334;0.0
648.0;16.25;0.5
654.0;18.75;1.0
660.0;17.5;0.5
666.0;23.333333333333332;0.5
672.0;21.25;0.0
678.0;20.0;0.5
684.0;22.916666666666668;0.0
690.0;13.333333333333334;0.0
696.0;24.166666666666668;0.0
702.0;16.25;0.0
708.0;21.458333333333332;0.0
714.0;22.708333333333332;0.0
720.0;9.166666666666666;0.0
726.0;15.0;0.0
732.0;22.5;0.5
738.0;28.541666666666668;0.0
744.0;22.5;0.0
750.0;26.25;0.5
756.0;9.583333333333334;0.0
762.0;15.416666666666666;0.5
768.0;7.5;0.0
774.0;10.208333333333334;0.5
780.0;15.416666666666666;0.0
786.0;16.666666666666668;0.5
792.0;26.25;0.75
798.0;16.25;0.0
804.0;21.25;0.0
810.0;19.166666666666668;0.0
816.0;23.333333333333332;1.0
822.0;20.0;0.0
828.0;18.333333333333332;0.5
834.0;22.916666666666668;0.0
840.0;12.5;0.5
846.0;20.833333333333332;0.5
852.0;13.75;0.125
858.0;21.458333333333332;0.0
864.0;20.416666666666668;0.0
870.0;15.416666666666666;0.0
876.0;14.583333333333334;0.0
882.0;15.416666666666666;0.0
888.0;25.833333333333332;0.0
894.0;23.541666666666668;0.0
900.0;21.25;0.0
906.0;17.5;0.5
912.0;15.416666666666666;0.5
918.0;15.833333333333334;0.75
924.0;18.958333333333332;0.5
930.0;19.166666666666668;0.5
936.0;14.166666666666666;0.0
942.0;13.333333333333334;0.5
948.0;17.916666666666668;0.0
954.0;14.166666666666666;0.0
960.0;14.166666666666666;0.0
966.0;16.666666666666668;0.0
972.0;20.0;0.0
978.0;21.25;0.0
984.0;16.25;0.25
990.0;15.416666666666666;0.5
996.0;24.583333333333332;0.0
1002.0;11.666666666666666;0.0
1008.0;22.708333333333332;0.5
1014.0;27.5;1.0
1020.0;10.416666666666666;0.0
1026.0;17.916666666666668;0.5
1032.0;8.75;0.5
1038.0;20.0;0.0
1044.0;13.333333333333334;0.75
1050.0;34.583333333333336;0.0
1056.0;21.25;0.5
1062.0;15.833333333333334;0.0
1068.0;10.0;0.0
1074.0;14.375;0.5
1080.0;9.166666666666666;0.0
1086.0;20.0;0.0
1092.0;14.583333333333334;0.5
1098.0;20.416666666666668;0.5
1104.0;21.25;0.25
1110.0;11.666666666666666;0.0
1116.0;26.25;0.5
1122.0;21.666666666666668;0.0
1128.0;25.416666666666668;0.0
1134.0;21.666666666666668;0.0
1140.0;18.75;0.5
1146.0;17.5;0.0
1152.0;18.333333333333332;0.0
1158.0;22.291666666666668;1.25
1164.0;16.666666666666668;0.0
1170.0;14.166666666666666;0.5
1176.0;18.75;0.75
1182.0;19.166666666666668;0.5
1188.0;25.0;0.0
1194.0;23.333333333333332;0.0
1200.0;23.333333333333332;0.0
1206.0;19.166666666666668;0.5
1212.0;20.833333333333332;0.0
1218.0;18.333333333333332;0.0
1224.0;13.125;0.0
1230.0;21.666666666666668;0.0
1236.0;19.166666666666668;0.0
1242.0;20.833333333333332;0.0
1248.0;18.541666666666668;0.5
1254.0;18.125;0.0
1260.0;15.833333333333334;0.0
1266.0;17.916666666666668;0.5
1272.0;23.333333333333332;0.0
1278.0;19.583333333333332;0.0
1284.0;28.75;0.0
1290.0;16.25;0.5
1296.0;22.916666666666668;0.75
1302.0;17.916666666666668;0.5
1308.0;10.416666666666666;0.0
1314.0;17.083333333333332;0.0
1320.0;21.25;0.0
1326.0;14.166666666666666;0.0
1332.0;10.416666666666666;0.5
1338.0;17.916666666666668;0.0
1344.0;23.958333333333332;0.25
1350.0;22.916666666666668;0.5
1356.0;18.333333333333332;0.75
1362.0;14.166666666666666;0.0
1368.0;15.0;0.0
1374.0;10.0;0.5
1380.0;8.333333333333334;0.0
1386.0;10.833333333333334;0.0
1392.0;16.25;0.25
1398.0;15.833333333333334;0.0
1404.0;18.541666666666668;0.5
1410.0;15.0;0.5
1416.0;18.333333333333332;0.0
1422.0;16.666666666666668;0.0
1428.0;20.0;0.0
1434.0;15.0;0.0
1440.0;15.0;0.0
1446.0;19.166666666666668;0.0
1452.0;11.666666666666666;0.5
1458.0;21.666666666666668;0.0
1464.0;13.958333333333334;0.5
1470.0;15.833333333333334;0.25
1476.0;20.416666666666668;1.0
1482.0;13.333333333333334;0.0
1488.0;15.833333333333334;0.0
1494.0;28.958333333333332;0.5
