#auto generated file!
6.0;0.0;0.0
12.0;0.0;0.0
18.0;0.0;0.125
24.0;0.0;0.0
30.0;0.0;0.0
36.0;1.25;0.0
42.0;2.9166666666666665;0.0
48.0;2.0833333333333335;0.0
54.0;0.0;0.0
60.0;4.166666666666667;0.0
66.0;1.6666666666666667;0.0
72.0;0.0;0.0
78.0;1.6666666666666667;0.0
84.0;1.25;0.0
90.0;0.0;0.25
96.0;0.4166666666666667;0.0
102.0;0.0;0.0
108.0;2.5;0.0
114.0;1.6666666666666667;0.125
120.0;2.5;0.0
126.0;0.8333333333333334;0.0
132.0;1.6666666666666667;0.0
138.0;0.8333333333333334;0.0
144.0;1.6666666666666667;0.0
150.0;1.6666666666666667;0.25
156.0;0.8333333333333334;0.0
162.0;2.9166666666666665;0.0
168.0;0.8333333333333334;0.0
174.0;3.3333333333333335;0.0
180.0;2.5;0.5
186.0;4.166666666666667;0.5
192.0;0.0;0.0
198.0;0.8333333333333334;0.0
204.0;1.25;0.0
210.0;0.8333333333333334;0.0
216.0;3.3333333333333335;0.0
222.0;2.5;0.0
228.0;0.8333333333333334;0.125
234.0;0.0;0.125
240.0;1.6666666666666667;0.0
246.0;0.0;0.0
252.0;0.0;0.0
258.0;1.6666666666666667;0.0
264.0;2.5;0.0
270.0;0.0;0.0
276.0;0.0;0.0
282.0;0.8333333333333334;0.75
288.0;3.5416666666666665;0.0
294.0;0.20833333333333334;0.0
300.0;1.6666666666666667;0.0
306.0;1.6666666666666667;0.0
312.0;2.5;0.0
318.0;0.0;0.0
324.0;0.8333333333333334;0.0
330.0;0.0;0.25
336.0;0.8333333333333334;0.0
342.0;1.6666666666666667;0.0
348.0;0.8333333333333334;0.0
354.0;0.8333333333333334;0.125
360.0;5.833333333333333;0.0
366.0;1.6666666666666667;0.0
372.0;3.3333333333333335;0.0
378.0;1.25;0.5
384.0;0.8333333333333334;0.0
390.0;2.0833333333333335;0.0
396.0;0.0;0.0
402.0;1.6666666666666667;0.0
408.0;0.0;0.0
414.0;0.8333333333333334;0.0
420.0;0.8333333333333334;0.0
426.0;0.0;0.5
432.0;0.0;0.5
438.0;0.0;0.0
444.0;1.0416666666666667;0.0
450.0;2.0833333333333335;0.0
456.0;0.0;0.0
462.0;3.3333333333333335;0.5
468.0;2.5;0.0
474.0;1.6666666666666667;0.0
480.0;0.8333333333333334;0.0
486.0;0.0;0.0
492.0;1.6666666666666667;0.0
498.0;0.8333333333333334;0.0
504.0;1.25;0.0
510.0;2.5;0.0
516.0;1.6666666666666667;0.0
522.0;2.0833333333333335;0.0
528.0;2.7083333333333335;0.0
534.0;1.0416666666666667;0.0
540.0;2.5;0.0
546.0;4.166666666666667;0.0
552.0;1.6666666666666667;0.0
558.0;2.0833333333333335;0.5
564.0;1.6666666666666667;0.0
570.0;3.3333333333333335;0.0
576.0;0.0;0.0
582.0;0.8333333333333334;0.0
588.0;0.8333333333333334;0.0
594.0;5.0;0.0
600.0;1.6666666666666667;0.0
606.0;0.8333333333333334;0.0
612.0;0.0;0.0
618.0;1.6666666666666667;0.0
624.0;0.4166666666666667;0.0
630.0;0.4166666666666667;0.0
636.0;0.0;0.0
642.0;2.5;0.0
648.0;0.8333333333333334;0.0
654.0;1.875;0.0
660.0;0.0;0.0
666.0;0.0;0.0
672.0;1.6666666666666667;0.0
678.0;0.8333333333333334;0.0
684.0;0.0;0.0
690.0;0.8333333333333334;0.0
696.0;2.0833333333333335;0.0
702.0;2.5;0.0
708.0;1.6666666666666667;0.5
714.0;0.8333333333333334;0.5
720.0;2.7083333333333335;0.0
726.0;0.8333333333333334;0.0
732.0;1.6666666666666667;0.0
738.0;2.5;0.0
744.0;2.9166666666666665;0.0
750.0;1.25;0.0
756.0;0.8333333333333334;0.0
762.0;0.0;0.0
768.0;1.6666666666666667;0.0
774.0;0.8333333333333334;0.0
780.0;0.8333333333333334;0.0
786.0;0.8333333333333334;0.0
792.0;1.6666666666666667;0.0
798.0;2.5;0.25
804.0;0.0;0.0
810.0;2.9166666666666665;0.25
816.0;0.4166666666666667;0.0
822.0;4.166666666666667;0.0
828.0;0.0;0.0
834.0;0.8333333333333334;0.0
840.0;0.8333333333333334;0.0
846.0;0.8333333333333334;0.5
852.0;0.0;0.0
858.0;5.0;0.5
864.0;0.8333333333333334;0.5
870.0;0.0;0.0
876.0;0.8333333333333334;0.0
882.0;0.8333333333333334;0.0
888.0;2.5;0.0
894.0;1.6666666666666667;0.0
900.0;2.5;0.0
906.0;3.3333333333333335;0.0
912.0;2.5;0.75
918.0;0.0;0.0
924.0;0.0;0.0
930.0;2.9166666666666665;0.0
936.0;2.0833333333333335;0.0
942.0;1.6666666666666667;0.0
948.0;1.6666666666666667;0.0
954.0;2.5;0.0
960.0;0.0;0.0
966.0;3.3333333333333335;0.0
972.0;0.0;0.0
978.0;1.6666666666666667;0.0
984.0;2.0833333333333335;0.0
990.0;1.6666666666666667;0.0
996.0;4.166666666666667;0.25
1002.0;0.8333333333333334;0.0
1008.0;0.20833333333333334;0.0
1014.0;1.6666666666666667;0.0
1020.0;1.6666666666666667;0.0
1026.0;1.6666666666666667;0.0
1032.0;3.3333333333333335;0.0
1038.0;2.0833333333333335;0.0
1044.0;5.416666666666667;0.0
1050.0;0.8333333333333334;0.0
1056.0;0.8333333333333334;0.0
1062.0;0.0;0.5
1068.0;0.0;0.0
1074.0;3.5416666666666665;0.0
1080.0;2.5;0.0
1086.0;1.6666666666666667;0.0
1092.0;0.8333333333333334;0.0
1098.0;4.583333333333333;0.0
1104.0;0.8333333333333334;0.0
1110.0;0.8333333333333334;0.0
1116.0;2.0833333333333335;0.0
1122.0;0.8333333333333334;0.0
1128.0;1.0416666666666667;0.75
1134.0;2.5;0.0
1140.0;0.0;0.5
1146.0;0.0;0.0
1152.0;1.25;0.0
1158.0;0.0;0.5
1164.0;2.0833333333333335;0.0
1170.0;2.0833333333333335;0.0
1176.0;0.8333333333333334;0.0
1182.0;0.0;0.25
1188.0;2.5;0.0
1194.0;1.6666666666666667;0.0
1200.0;1.6666666666666667;0.0
1206.0;1.6666666666666667;0.0
1212.0;3.3333333333333335;0.5
1218.0;5.208333333333333;0.5
1224.0;3.9583333333333335;0.5
1230.0;0.0;0.0
1236.0;1.25;0.5
1242.0;0.8333333333333334;0.0
1248.0;0.0;0.0
1254.0;0.8333333333333334;0.5
1260.0;2.5;0.0
1266.0;0.8333333333333334;0.0
1272.0;4.166666666666667;0.0
1278.0;2.5;0.0
1284.0;1.6666666666666667;0.0
1290.0;1.25;0.0
1296.0;1.25;0.0
1302.0;1.6666666666666667;0.0
1308.0;0.0;0.0
1314.0;0.20833333333333334;0.0
1320.0;0.8333333333333334;0.0
1326.0;0.8333333333333334;0.0
1332.0;1.6666666666666667;0.0
1338.0;1.6666666666666667;0.125
1344.0;4.583333333333333;0.0
1350.0;0.8333333333333334;0.25
1356.0;0.8333333333333334;0.0
1362.0;0.0;0.0
1368.0;0.8333333333333334;0.0
1374.0;0.0;0.0
1380.0;1.6666666666666667;0.0
1386.0;0.0;0.5
1392.0;0.8333333333333334;0.0
1398.0;0.8333333333333334;0.0
1404.0;5.416666666666667;0.0
1410.0;1.6666666666666667;0.0
1416.0;4.166666666666667;0.0
1422.0;0.0;0.0
1428.0;0.8333333333333334;0.0
1434.0;1.6666666666666667;0.0
1440.0;2.5;0.0
1446.0;0.8333333333333334;0.0
1452.0;0.0;0.0
1458.0;2.5;0.0
1464.0;0.4166666666666667;0.0
1470.0;1.6666666666666667;0.0
1476.0;2.5;0.0
1482.0;0.8333333333333334;0.0
1488.0;0.0;0.0
1494.0;1.6666666666666667;0.0
