#auto generated file!
180.0;189;112;49
186.0;196;106;48
192.0;201;107;42
198.0;212;100;38
204.0;212;99;39
210.0;204;105;41
216.0;200;103;47
222.0;187;108;55
228.0;190;106;54
234.0;192;102;56
240.0;191;98;61
246.0;201;99;50
252.0;196;106;48
258.0;196;106;48
264.0;205;98;47
270.0;212;89;49
276.0;205;92;53
282.0;210;88;52
288.0;210;85;55
294.0;201;97;52
300.0;202;101;47
306.0;199;103;48
312.0;197;111;42
318.0;202;105;43
324.0;203;104;43
330.0;194;110;46
336.0;192;112;46
342.0;185;121;44
348.0;178;122;50
354.0;175;119;56
360.0;183;120;47
366.0;178;114;58
372.0;180;115;55
378.0;189;111;50
384.0;196;107;47
390.0;198;107;45
396.0;199;105;46
402.0;204;99;47
408.0;205;96;49
414.0;205;97;48
420.0;209;95;46
426.0;200;99;51
432.0;205;98;47
438.0;208;100;42
444.0;203;99;48
450.0;204;100;46
456.0;208;97;45
462.0;198;103;49
468.0;201;106;43
474.0;194;114;42
480.0;188;113;49
486.0;184;117;49
492.0;182;111;57
498.0;185;112;53
504.0;190;113;47
510.0;195;109;46
516.0;204;104;42
522.0;203;106;41
528.0;199;106;45
534.0;202;103;45
540.0;202;104;44
546.0;202;106;42
552.0;200;105;45
558.0;208;102;40
564.0;196;103;51
570.0;189;107;54
576.0;204;89;57
582.0;198;89;63
588.0;203;86;61
594.0;204;95;51
600.0;205;99;46
606.0;208;101;41
612.0;210;104;36
618.0;202;108;40
624.0;199;101;50
630.0;195;104;51
636.0;190;106;54
642.0;188;107;55
648.0;192;106;52
654.0;202;105;43
660.0;196;112;42
666.0;197;111;42
672.0;199;108;43
678.0;202;104;44
684.0;189;106;55
690.0;192;105;53
696.0;196;101;53
702.0;199;103;48
708.0;204;99;47
714.0;208;101;41
720.0;203;104;43
726.0;199;105;46
732.0;206;94;50
738.0;196;107;47
744.0;197;104;49
750.0;194;103;53
756.0;207;94;49
762.0;207;92;51
768.0;212;90;48
774.0;217;94;39
780.0;217;98;35
786.0;215;100;35
792.0;212;102;36
798.0;191;111;48
804.0;182;111;57
810.0;190;110;50
816.0;200;102;48
822.0;206;97;47
828.0;200;104;46
834.0;199;106;45
840.0;203;99;48
846.0;202;104;44
852.0;202;106;42
858.0;207;97;46
864.0;207;86;57
870.0;207;91;52
876.0;205;94;51
882.0;203;98;49
888.0;204;89;57
894.0;200;104;46
900.0;196;106;48
906.0;195;103;52
912.0;201;103;46
918.0;197;104;49
924.0;191;104;55
930.0;190;106;54
936.0;190;104;56
942.0;197;104;49
948.0;197;104;49
954.0;202;97;51
960.0;202;100;48
966.0;196;104;50
972.0;196;102;52
978.0;191;103;56
984.0;187;100;63
990.0;195;98;57
996.0;196;101;53
1002.0;191;97;62
1008.0;198;97;55
1014.0;199;98;53
1020.0;200;97;53
1026.0;201;96;53
1032.0;200;102;48
1038.0;199;106;45
1044.0;196;106;48
1050.0;193;102;55
1056.0;194;96;60
1062.0;204;93;53
1068.0;203;105;42
1074.0;199;106;45
1080.0;197;106;47
1086.0;193;110;47
1092.0;192;104;54
1098.0;187;111;52
1104.0;187;112;51
1110.0;195;106;49
1116.0;192;109;49
1122.0;187;103;60
1128.0;183;104;63
1134.0;186;106;58
1140.0;189;103;58
1146.0;188;105;57
1152.0;188;106;56
1158.0;195;102;53
1164.0;198;99;53
1170.0;195;100;55
1176.0;197;104;49
1182.0;194;116;40
1188.0;197;118;35
1194.0;202;112;36
1200.0;200;109;41
1206.0;198;108;44
1212.0;202;105;43
1218.0;192;106;52
1224.0;193;107;50
1230.0;188;110;52
1236.0;189;104;57
1242.0;191;107;52
1248.0;193;105;52
1254.0;190;104;56
1260.0;195;98;57
1266.0;196;97;57
1272.0;200;100;50
1278.0;199;103;48
1284.0;206;97;47
1290.0;201;88;61
1296.0;203;90;57
1302.0;203;96;51
1308.0;204;93;53
1314.0;200;93;57
1320.0;206;86;58
1326.0;215;81;54
1332.0;206;94;50
1338.0;210;90;50
1344.0;205;91;54
1350.0;196;102;52
1356.0;194;104;52
1362.0;201;96;53
1368.0;204;92;54
1374.0;202;93;55
1380.0;205;94;51
1386.0;213;94;43
1392.0;211;99;40
1398.0;197;107;46
1404.0;203;95;52
1410.0;201;109;40
1416.0;205;107;38
1422.0;204;107;39
1428.0;203;110;37
1434.0;205;106;39
1440.0;200;107;43
1446.0;208;101;41
1452.0;205;96;49
1458.0;211;94;45
1464.0;213;89;48
1470.0;206;90;54
1476.0;197;98;55
1482.0;209;99;42
1488.0;206;105;39
1494.0;207;102;41
