#auto generated file!
180.0;142;65;18
186.0;136;62;27
192.0;136;58;31
198.0;137;51;37
204.0;138;55;32
210.0;136;52;37
216.0;130;59;36
222.0;131;55;39
228.0;126;54;45
234.0;131;54;40
240.0;129;57;39
246.0;127;56;42
252.0;127;65;33
258.0;129;59;37
264.0;133;55;37
270.0;141;52;32
276.0;138;53;34
282.0;139;55;31
288.0;140;56;29
294.0;134;58;33
300.0;131;62;32
306.0;128;60;37
312.0;129;61;35
318.0;132;53;40
324.0;135;52;38
330.0;136;58;31
336.0;132;58;35
342.0;132;61;32
348.0;129;63;33
354.0;129;60;36
360.0;132;60;33
366.0;137;53;35
372.0;130;59;36
378.0;127;59;39
384.0;122;63;40
390.0;126;55;44
396.0;130;57;38
402.0;131;58;36
408.0;133;54;38
414.0;132;58;35
420.0;134;62;29
426.0;132;67;26
432.0;136;63;26
438.0;133;65;27
444.0;132;65;28
450.0;133;63;29
456.0;132;62;31
462.0;133;60;32
468.0;137;53;35
474.0;134;53;38
480.0;133;60;32
486.0;137;58;30
492.0;134;58;33
498.0;134;66;25
504.0;137;59;29
510.0;140;56;29
516.0;134;56;35
522.0;134;62;29
528.0;133;63;29
534.0;131;68;26
540.0;125;74;26
546.0;129;69;27
552.0;135;63;27
558.0;127;71;27
564.0;131;71;23
570.0;127;71;27
576.0;121;76;28
582.0;124;77;24
588.0;125;74;26
594.0;125;70;30
600.0;126;69;30
606.0;125;66;34
612.0;125;60;40
618.0;120;71;34
624.0;119;68;38
630.0;123;65;37
636.0;121;66;38
642.0;122;72;31
648.0;125;72;28
654.0;126;66;33
660.0;125;66;34
666.0;123;66;36
672.0;123;69;33
678.0;125;65;35
684.0;130;61;34
690.0;126;66;33
696.0;121;68;36
702.0;123;63;39
708.0;126;61;38
714.0;123;66;36
720.0;118;70;37
726.0;128;65;32
732.0;132;65;28
738.0;129;64;32
744.0;133;66;26
750.0;129;64;32
756.0;129;67;29
762.0;130;65;30
768.0;128;69;28
774.0;129;63;33
780.0;136;58;31
786.0;132;65;28
792.0;125;73;27
798.0;129;69;27
804.0;125;74;26
810.0;131;66;28
816.0;128;65;32
822.0;128;70;27
828.0;130;67;28
834.0;132;70;23
840.0;126;72;27
846.0;130;71;24
852.0;127;71;27
858.0;131;67;27
864.0;134;66;25
870.0;135;62;28
876.0;137;63;25
882.0;130;66;29
888.0;129;65;31
894.0;128;68;29
900.0;124;76;25
906.0;120;73;32
912.0;130;65;30
918.0;130;61;34
924.0;132;61;32
930.0;135;57;33
936.0;138;60;27
942.0;140;57;28
948.0;131;60;34
954.0;133;62;30
960.0;135;53;37
966.0;134;61;30
972.0;134;61;30
978.0;135;60;30
984.0;134;60;31
990.0;136;57;32
996.0;139;62;24
1002.0;134;61;30
1008.0;131;63;31
1014.0;132;66;27
1020.0;134;67;24
1026.0;129;73;23
1032.0;134;67;24
1038.0;125;71;29
1044.0;133;68;24
1050.0;131;68;26
1056.0;130;71;24
1062.0;132;67;26
1068.0;124;69;32
1074.0;127;68;30
1080.0;122;69;34
1086.0;129;66;30
1092.0;131;63;31
1098.0;130;62;33
1104.0;131;65;29
1110.0;125;69;31
1116.0;123;72;30
1122.0;123;70;32
1128.0;120;72;33
1134.0;120;72;33
1140.0;120;72;33
1146.0;121;74;30
1152.0;117;75;33
1158.0;121;71;33
1164.0;124;65;36
1170.0;121;75;29
1176.0;118;76;31
1182.0;121;75;29
1188.0;122;70;33
1194.0;127;63;35
1200.0;121;67;37
1206.0;123;68;34
1212.0;121;70;34
1218.0;118;71;36
1224.0;117;67;41
1230.0;113;71;41
1236.0;121;69;35
1242.0;126;69;30
1248.0;133;67;25
1254.0;131;65;29
1260.0;129;64;32
1266.0;128;68;29
1272.0;128;69;28
1278.0;129;63;33
1284.0;131;59;35
1290.0;130;59;36
1296.0;128;62;35
1302.0;127;61;37
1308.0;130;56;39
1314.0;131;57;37
1320.0;126;60;39
1326.0;124;63;38
1332.0;117;67;41
1338.0;121;65;39
1344.0;125;61;39
1350.0;121;67;37
1356.0;124;64;37
1362.0;125;65;35
1368.0;127;65;33
1374.0;133;58;34
1380.0;132;58;35
1386.0;121;62;42
1392.0;121;61;43
1398.0;121;62;42
1404.0;119;68;38
1410.0;115;66;44
1416.0;112;70;43
1422.0;116;68;41
1428.0;127;65;33
1434.0;128;66;31
1440.0;131;63;31
1446.0;134;63;28
1452.0;132;69;24
1458.0;130;70;25
1464.0;131;65;29
1470.0;127;65;33
1476.0;121;67;37
1482.0;120;74;31
1488.0;123;73;29
1494.0;118;75;32
