#auto generated file!
180.0;177;94;54
186.0;182;93;50
192.0;184;92;49
198.0;182;92;51
204.0;179;92;54
210.0;177;95;53
216.0;178;102;45
222.0;183;98;44
228.0;182;96;47
234.0;180;101;44
240.0;181;94;50
246.0;189;92;44
252.0;192;95;38
258.0;187;101;37
264.0;185;101;39
270.0;187;99;39
276.0;185;96;44
282.0;174;95;56
288.0;177;92;56
294.0;176;103;46
300.0;174;105;46
306.0;172;103;50
312.0;176;99;50
318.0;179;97;49
324.0;178;96;51
330.0;179;97;49
336.0;174;104;47
342.0;177;99;49
348.0;183;85;57
354.0;181;87;57
360.0;187;88;50
366.0;181;91;53
372.0;187;86;52
378.0;196;79;50
384.0;199;78;48
390.0;194;86;45
396.0;186;88;51
402.0;184;89;52
408.0;183;87;55
414.0;184;91;50
420.0;177;96;52
426.0;181;86;58
432.0;186;84;55
438.0;178;95;52
444.0;174;104;47
450.0;178;99;48
456.0;183;99;43
462.0;187;96;42
468.0;176;98;51
474.0;184;95;46
480.0;191;92;42
486.0;180;98;47
492.0;179;89;57
498.0;177;97;51
504.0;177;90;58
510.0;178;94;53
516.0;178;98;49
522.0;180;97;48
528.0;175;99;51
534.0;179;101;45
540.0;179;101;45
546.0;178;101;46
552.0;179;100;46
558.0;180;94;51
564.0;186;101;38
570.0;177;102;46
576.0;181;99;45
582.0;183;97;45
588.0;187;93;45
594.0;190;98;37
600.0;192;89;44
606.0;201;84;40
612.0;194;88;43
618.0;192;89;44
624.0;195;94;36
630.0;194;89;42
636.0;189;99;37
642.0;193;87;45
648.0;192;82;51
654.0;188;86;51
660.0;193;87;45
666.0;190;94;41
672.0;182;86;57
678.0;183;87;55
684.0;180;89;56
690.0;183;89;53
696.0;183;91;51
702.0;190;91;44
708.0;193;90;42
714.0;195;87;43
720.0;198;73;54
726.0;196;85;44
732.0;186;84;55
738.0;187;76;62
744.0;191;82;52
750.0;185;89;51
756.0;184;95;46
762.0;180;94;51
768.0;180;96;49
774.0;167;109;49
780.0;171;101;53
786.0;167;100;58
792.0;170;104;51
798.0;174;106;45
804.0;174;108;43
810.0;182;105;38
816.0;178;112;35
822.0;178;109;38
828.0;181;102;42
834.0;183;103;39
840.0;175;107;43
846.0;180;106;39
852.0;180;108;37
858.0;176;111;38
864.0;183;102;40
870.0;184;102;39
876.0;193;98;34
882.0;190;93;42
888.0;192;90;43
894.0;186;94;45
900.0;189;90;46
906.0;186;91;48
912.0;184;88;53
918.0;190;93;42
924.0;202;85;38
930.0;200;88;37
936.0;199;94;32
942.0;197;87;41
948.0;194;93;38
954.0;192;94;39
960.0;197;89;39
966.0;193;96;36
972.0;191;96;38
978.0;196;87;42
984.0;193;89;43
990.0;184;90;51
996.0;180;96;49
1002.0;182;96;47
1008.0;174;101;50
1014.0;170;97;58
1020.0;170;103;52
1026.0;170;100;55
1032.0;163;114;48
1038.0;163;114;48
1044.0;163;108;54
1050.0;162;102;61
1056.0;164;99;62
1062.0;168;100;57
1068.0;172;102;51
1074.0;177;102;46
1080.0;179;101;45
1086.0;173;101;51
1092.0;174;109;42
1098.0;179;99;47
1104.0;180;99;46
1110.0;181;102;42
1116.0;185;98;42
1122.0;190;96;39
1128.0;180;92;53
1134.0;190;88;47
1140.0;190;89;46
1146.0;190;88;47
1152.0;191;91;43
1158.0;183;95;47
1164.0;183;98;44
1170.0;177;101;47
1176.0;173;102;50
1182.0;165;101;59
1188.0;172;98;55
1194.0;176;99;50
1200.0;172;106;47
1206.0;172;105;48
1212.0;172;95;58
1218.0;175;97;53
1224.0;173;93;59
1230.0;179;105;41
1236.0;171;109;45
1242.0;172;102;51
1248.0;178;94;53
1254.0;174;97;54
1260.0;184;91;50
1266.0;181;92;52
1272.0;176;97;52
1278.0;173;104;48
1284.0;174;104;47
1290.0;180;101;44
1296.0;185;94;46
1302.0;193;95;37
1308.0;192;100;33
1314.0;192;97;36
1320.0;192;89;44
1326.0;191;86;48
1332.0;179;89;57
1338.0;181;93;51
1344.0;180;89;56
1350.0;180;90;55
1356.0;175;104;46
1362.0;169;110;46
1368.0;168;112;45
1374.0;171;114;40
1380.0;174;109;42
1386.0;177;106;42
1392.0;180;101;44
1398.0;174;100;51
1404.0;171;108;46
1410.0;175;104;46
1416.0;171;110;44
1422.0;180;102;43
1428.0;189;96;40
1434.0;187;98;40
1440.0;185;104;36
1446.0;188;101;36
1452.0;182;101;42
1458.0;183;103;39
1464.0;190;99;36
1470.0;186;97;42
1476.0;184;101;40
1482.0;178;100;47
1488.0;177;103;45
1494.0;179;97;49
