#auto generated file!
180.0;84;41;25
186.0;77;43;30
192.0;79;42;29
198.0;78;45;27
204.0;81;44;25
210.0;85;40;25
216.0;87;41;22
222.0;82;46;22
228.0;84;41;25
234.0;87;36;27
240.0;85;38;27
246.0;80;40;30
252.0;85;43;22
258.0;85;43;22
264.0;87;43;20
270.0;85;43;22
276.0;84;48;18
282.0;78;56;16
288.0;77;58;15
294.0;77;59;14
300.0;80;57;13
306.0;83;52;15
312.0;81;52;17
318.0;79;49;22
324.0;81;47;22
330.0;76;48;26
336.0;73;52;25
342.0;80;45;25
348.0;86;43;21
354.0;89;41;20
360.0;91;40;19
366.0;92;41;17
372.0;90;41;19
378.0;86;45;19
384.0;88;46;16
390.0;89;42;19
396.0;86;44;20
402.0;88;39;23
408.0;88;39;23
414.0;85;41;24
420.0;81;42;27
426.0;81;45;24
432.0;82;44;24
438.0;79;55;16
444.0;83;49;18
450.0;90;46;14
456.0;88;48;14
462.0;86;45;19
468.0;92;38;20
474.0;88;41;21
480.0;86;41;23
486.0;90;40;20
492.0;86;41;23
498.0;87;39;24
504.0;84;41;25
510.0;83;42;25
516.0;82;46;22
522.0;81;49;20
528.0;84;45;21
534.0;84;45;21
540.0;84;41;25
546.0;92;41;17
552.0;93;40;17
558.0;89;39;22
564.0;87;37;26
570.0;88;41;21
576.0;83;50;17
582.0;83;47;20
588.0;82;44;24
594.0;88;38;24
600.0;84;39;27
606.0;83;42;25
612.0;82;46;22
618.0;81;50;19
624.0;83;45;22
630.0;81;47;22
636.0;87;43;20
642.0;82;45;23
648.0;84;50;16
654.0;80;49;21
660.0;83;40;27
666.0;85;44;21
672.0;89;37;24
678.0;86;37;27
684.0;87;41;22
690.0;88;38;24
696.0;87;39;24
702.0;83;37;30
708.0;84;35;31
714.0;80;45;25
720.0;80;51;19
726.0;79;49;22
732.0;77;54;19
738.0;76;53;21
744.0;77;51;22
750.0;79;47;24
756.0;79;50;21
762.0;85;48;17
768.0;88;43;19
774.0;92;43;15
780.0;91;41;18
786.0;88;42;20
792.0;93;44;13
798.0;91;42;17
804.0;91;47;12
810.0;92;43;15
816.0;95;41;14
822.0;94;38;18
828.0;94;39;17
834.0;86;42;22
840.0;83;42;25
846.0;79;43;28
852.0;80;48;22
858.0;84;43;23
864.0;81;43;26
870.0;83;40;27
876.0;88;39;23
882.0;90;38;22
888.0;90;37;23
894.0;89;37;24
900.0;91;37;22
906.0;91;37;22
912.0;90;39;21
918.0;94;36;20
924.0;89;36;25
930.0;91;39;20
936.0;91;41;18
942.0;95;39;16
948.0;93;38;19
954.0;93;35;22
960.0;93;39;18
966.0;95;39;16
972.0;101;34;15
978.0;97;38;15
984.0;97;39;14
990.0;93;44;13
996.0;92;41;17
1002.0;89;43;18
1008.0;89;41;20
1014.0;88;39;23
1020.0;92;36;22
1026.0;95;37;18
1032.0;97;35;18
1038.0;92;41;17
1044.0;91;39;20
1050.0;96;33;21
1056.0;90;42;18
1062.0;94;40;16
1068.0;97;35;18
1074.0;93;37;20
1080.0;93;33;24
1086.0;91;36;23
1092.0;85;37;28
1098.0;87;39;24
1104.0;84;33;33
1110.0;82;38;30
1116.0;77;40;33
1122.0;75;46;29
1128.0;73;47;30
1134.0;70;44;36
1140.0;79;40;31
1146.0;77;44;29
1152.0;76;49;25
1158.0;73;52;25
1164.0;79;45;26
1170.0;82;44;24
1176.0;86;41;23
1182.0;91;36;23
1188.0;95;34;21
1194.0;95;32;23
1200.0;95;32;23
1206.0;98;31;21
1212.0;99;31;20
1218.0;95;32;23
1224.0;90;43;17
1230.0;90;40;20
1236.0;91;36;23
1242.0;95;37;18
1248.0;93;38;19
1254.0;91;39;20
1260.0;88;42;20
1266.0;89;44;17
1272.0;83;46;21
1278.0;84;46;20
1284.0;85;47;18
1290.0;86;46;18
1296.0;82;50;18
1302.0;82;45;23
1308.0;84;44;22
1314.0;83;40;27
1320.0;82;40;28
1326.0;82;46;22
1332.0;87;43;20
1338.0;85;45;20
1344.0;87;44;19
1350.0;93;39;18
1356.0;91;32;27
1362.0;88;40;22
1368.0;84;40;26
1374.0;85;40;25
1380.0;89;38;23
1386.0;85;45;20
1392.0;85;45;20
1398.0;83;44;23
1404.0;85;41;24
1410.0;86;42;22
1416.0;90;40;20
1422.0;89;38;23
1428.0;90;33;27
1434.0;84;41;25
1440.0;87;40;23
1446.0;89;38;23
1452.0;83;44;23
1458.0;82;48;20
1464.0;81;43;26
1470.0;83;42;25
1476.0;83;47;20
1482.0;83;46;21
1488.0;81;46;23
1494.0;86;43;21
