#auto generated file!
180.0;107;47;21
186.0;107;42;26
192.0;108;45;22
198.0;111;40;24
204.0;113;41;21
210.0;114;41;20
216.0;110;48;17
222.0;106;52;17
228.0;100;55;20
234.0;100;54;21
240.0;97;54;24
246.0;102;48;25
252.0;101;53;21
258.0;99;55;21
264.0;100;56;19
270.0;101;53;21
276.0;101;51;23
282.0;100;52;23
288.0;98;50;27
294.0;104;42;29
300.0;107;38;30
306.0;108;34;33
312.0;108;35;32
318.0;106;44;25
324.0;102;51;22
330.0;99;57;19
336.0;100;54;21
342.0;99;59;17
348.0;104;45;26
354.0;102;46;27
360.0;104;41;30
366.0;104;39;32
372.0;103;40;32
378.0;107;41;27
384.0;109;40;26
390.0;109;40;26
396.0;110;43;22
402.0;107;43;25
408.0;102;45;28
414.0;105;42;28
420.0;104;48;23
426.0;97;50;28
432.0;99;55;21
438.0;103;43;29
444.0;105;43;27
450.0;101;45;29
456.0;99;53;23
462.0;97;54;24
468.0;101;50;24
474.0;96;50;29
480.0;100;49;26
486.0;98;48;29
492.0;98;49;28
498.0;103;47;25
504.0;104;44;27
510.0;100;46;29
516.0;99;49;27
522.0;102;51;22
528.0;100;51;24
534.0;105;49;21
540.0;104;47;24
546.0;101;45;29
552.0;103;46;26
558.0;99;49;27
564.0;99;49;27
570.0;98;49;28
576.0;100;46;29
582.0;99;48;28
588.0;103;43;29
594.0;105;42;28
600.0;101;47;27
606.0;104;47;24
612.0;98;46;31
618.0;100;46;29
624.0;93;54;28
630.0;102;46;27
636.0;101;45;29
642.0;98;56;21
648.0;98;52;25
654.0;98;52;25
660.0;94;56;25
666.0;95;56;24
672.0;97;57;21
678.0;94;61;20
684.0;93;60;22
690.0;90;59;26
696.0;95;58;22
702.0;87;62;26
708.0;87;59;29
714.0;86;59;30
720.0;84;66;25
726.0;82;68;25
732.0;85;64;26
738.0;85;66;24
744.0;90;56;29
750.0;88;61;26
756.0;89;61;25
762.0;87;57;31
768.0;97;52;26
774.0;104;47;24
780.0;104;50;21
786.0;105;49;21
792.0;103;50;22
798.0;104;47;24
804.0;104;45;26
810.0;107;47;21
816.0;110;46;19
822.0;110;42;23
828.0;112;42;21
834.0;112;40;23
840.0;108;43;24
846.0;102;40;33
852.0;105;39;31
858.0;102;41;32
864.0;103;41;31
870.0;100;43;32
876.0;96;46;33
882.0;95;48;32
888.0;94;49;32
894.0;94;51;30
900.0;94;48;33
906.0;98;49;28
912.0;97;53;25
918.0;92;52;31
924.0;92;52;31
930.0;89;54;32
936.0;97;54;24
942.0;100;55;20
948.0;102;52;21
954.0;100;53;22
960.0;98;46;31
966.0;96;51;28
972.0;95;50;30
978.0;93;49;33
984.0;96;54;25
990.0;94;54;27
996.0;92;57;26
1002.0;90;58;27
1008.0;88;57;30
1014.0;93;51;31
1020.0;95;46;34
1026.0;98;49;28
1032.0;102;48;25
1038.0;103;50;22
1044.0;100;49;26
1050.0;104;50;21
1056.0;98;52;25
1062.0;98;50;27
1068.0;95;51;29
1074.0;96;52;27
1080.0;97;53;25
1086.0;95;57;23
1092.0;93;62;20
1098.0;94;64;17
1104.0;101;56;18
1110.0;97;62;16
1116.0;98;58;19
1122.0;102;52;21
1128.0;96;56;23
1134.0;93;54;28
1140.0;96;50;29
1146.0;94;53;28
1152.0;92;54;29
1158.0;90;49;36
1164.0;92;47;36
1170.0;94;48;33
1176.0;93;48;34
1182.0;92;49;34
1188.0;98;43;34
1194.0;99;51;25
1200.0;97;50;28
1206.0;101;46;28
1212.0;100;47;28
1218.0;98;50;27
1224.0;97;51;27
1230.0;95;51;29
1236.0;94;46;35
1242.0;98;49;28
1248.0;100;52;23
1254.0;98;53;24
1260.0;99;50;26
1266.0;94;51;30
1272.0;94;57;24
1278.0;94;53;28
1284.0;95;52;28
1290.0;101;46;28
1296.0;103;46;26
1302.0;103;47;25
1308.0;99;44;32
1314.0;99;47;29
1320.0;96;47;32
1326.0;97;42;36
1332.0;97;48;30
1338.0;99;47;29
1344.0;98;48;29
1350.0;95;56;24
1356.0;94;56;25
1362.0;94;58;23
1368.0;89;59;27
1374.0;86;58;31
1380.0;85;62;28
1386.0;84;62;29
1392.0;92;55;28
1398.0;92;59;24
1404.0;90;60;25
1410.0;92;63;20
1416.0;95;56;24
1422.0;99;56;20
1428.0;94;59;22
1434.0;94;59;22
1440.0;97;59;19
1446.0;96;60;19
1452.0;91;58;26
1458.0;94;55;26
1464.0;96;51;28
1470.0;95;51;29
1476.0;96;53;26
1482.0;99;49;27
1488.0;99;50;26
1494.0;99;54;22
