#auto generated file!
180.0;110;43;22
186.0;112;40;23
192.0;111;43;21
198.0;111;46;18
204.0;106;41;28
210.0;102;44;29
216.0;98;47;30
222.0;94;47;34
228.0;97;47;31
234.0;101;48;26
240.0;101;51;23
246.0;97;58;20
252.0;95;54;26
258.0;100;49;26
264.0;97;50;28
270.0;101;51;23
276.0;105;50;20
282.0;110;51;14
288.0;110;47;18
294.0;106;43;26
300.0;111;43;21
306.0;113;42;20
312.0;112;44;19
318.0;113;40;22
324.0;114;41;20
330.0;111;39;25
336.0;113;41;21
342.0;115;40;20
348.0;115;42;18
354.0;113;44;18
360.0;111;41;23
366.0;105;45;25
372.0;107;37;31
378.0;105;41;29
384.0;106;43;26
390.0;103;45;27
396.0;98;48;29
402.0;101;50;24
408.0;97;56;22
414.0;95;51;29
420.0;98;49;28
426.0;100;54;21
432.0;94;52;29
438.0;97;50;28
444.0;103;51;21
450.0;105;48;22
456.0;107;45;23
462.0;104;42;29
468.0;98;46;31
474.0;96;48;31
480.0;98;50;27
486.0;99;47;29
492.0;103;47;25
498.0;106;46;23
504.0;103;48;24
510.0;105;46;24
516.0;108;48;19
522.0;103;48;24
528.0;107;45;23
534.0;106;50;19
540.0;107;51;17
546.0;113;45;17
552.0;107;54;14
558.0;106;54;15
564.0;102;52;21
570.0;103;50;22
576.0;103;50;22
582.0;102;53;20
588.0;98;54;23
594.0;98;53;24
600.0;104;48;23
606.0;106;47;22
612.0;104;48;23
618.0;97;50;28
624.0;98;48;29
630.0;105;46;24
636.0;106;48;21
642.0;106;48;21
648.0;107;46;22
654.0;109;44;22
660.0;109;43;23
666.0;105;46;24
672.0;104;48;23
678.0;98;48;29
684.0;100;53;22
690.0;95;50;30
696.0;98;50;27
702.0;102;49;24
708.0;101;55;19
714.0;102;53;20
720.0;105;52;18
726.0;99;56;20
732.0;93;54;28
738.0;91;55;29
744.0;101;49;25
750.0;104;48;23
756.0;102;50;23
762.0;109;46;20
768.0;106;43;26
774.0;101;46;28
780.0;101;48;26
786.0;105;49;21
792.0;106;52;17
798.0;106;55;14
804.0;111;42;22
810.0;115;36;24
816.0;114;36;25
822.0;113;36;26
828.0;110;41;24
834.0;106;42;27
840.0;112;44;19
846.0;107;40;28
852.0;108;42;25
858.0;106;42;27
864.0;106;39;30
870.0;106;43;26
876.0;101;52;22
882.0;99;52;24
888.0;102;50;23
894.0;99;53;23
900.0;101;47;27
906.0;102;48;25
912.0;105;45;25
918.0;107;47;21
924.0;107;46;22
930.0;110;44;21
936.0;115;43;17
942.0;116;43;16
948.0;112;43;20
954.0;110;46;19
960.0;108;53;14
966.0;108;51;16
972.0;109;48;18
978.0;105;50;20
984.0;103;48;24
990.0;97;51;27
996.0;94;60;21
1002.0;94;56;25
1008.0;99;54;22
1014.0;98;54;23
1020.0;102;45;28
1026.0;106;43;26
1032.0;101;50;24
1038.0;97;53;25
1044.0;98;52;25
1050.0;92;53;30
1056.0;86;58;31
1062.0;92;57;26
1068.0;94;60;21
1074.0;99;58;18
1080.0;101;56;18
1086.0;105;53;17
1092.0;102;60;13
1098.0;107;53;15
1104.0;103;54;18
1110.0;106;47;22
1116.0;95;50;30
1122.0;91;54;30
1128.0;88;60;27
1134.0;92;58;25
1140.0;92;58;25
1146.0;86;64;25
1152.0;90;56;29
1158.0;94;55;26
1164.0;96;58;21
1170.0;91;60;24
1176.0;100;55;20
1182.0;99;51;25
1188.0;95;57;23
1194.0;93;57;25
1200.0;92;53;30
1206.0;92;52;31
1212.0;94;47;34
1218.0;102;41;32
1224.0;104;39;32
1230.0;107;36;32
1236.0;110;40;25
1242.0;109;43;23
1248.0;111;40;24
1254.0;108;42;25
1260.0;108;47;20
1266.0;109;43;23
1272.0;109;44;22
1278.0;107;46;22
1284.0;111;45;19
1290.0;112;44;19
1296.0;112;42;21
1302.0;116;45;14
1308.0;114;42;19
1314.0;110;48;17
1320.0;108;46;21
1326.0;107;48;20
1332.0;105;46;24
1338.0;102;51;22
1344.0;95;57;23
1350.0;91;62;22
1356.0;90;62;23
1362.0;96;56;23
1368.0;100;55;20
1374.0;93;57;25
1380.0;94;59;22
1386.0;91;64;20
1392.0;88;64;23
1398.0;90;58;27
1404.0;83;66;26
1410.0;86;64;25
1416.0;84;65;26
1422.0;85;65;25
1428.0;89;64;22
1434.0;89;61;25
1440.0;95;53;27
1446.0;102;47;26
1452.0;105;47;23
1458.0;103;47;25
1464.0;101;53;21
1470.0;96;51;28
1476.0;99;51;25
1482.0;101;53;21
1488.0;104;50;21
1494.0;104;49;22
