#auto generated file!
180.0;110;61;29
186.0;109;58;33
192.0;107;63;30
198.0;107;65;28
204.0;108;64;28
210.0;108;66;26
216.0;102;73;25
222.0;103;71;26
228.0;106;65;29
234.0;111;65;24
240.0;109;62;29
246.0;108;58;34
252.0;111;57;32
258.0;112;60;28
264.0;116;65;19
270.0;116;66;18
276.0;115;62;23
282.0;111;59;30
288.0;112;58;30
294.0;117;52;31
300.0;114;57;29
306.0;117;54;29
312.0;121;53;26
318.0;121;54;25
324.0;117;52;31
330.0;116;54;30
336.0;116;55;29
342.0;106;61;33
348.0;111;57;32
354.0;114;60;26
360.0;113;63;24
366.0;110;61;29
372.0;111;63;26
378.0;112;62;26
384.0;114;59;27
390.0;107;61;32
396.0;108;56;36
402.0;110;57;33
408.0;106;61;33
414.0;108;59;33
420.0;106;60;34
426.0;109;64;27
432.0;113;62;25
438.0;106;67;27
444.0;115;66;19
450.0;120;61;19
456.0;123;59;18
462.0;124;59;17
468.0;125;55;20
474.0;122;54;24
480.0;121;53;26
486.0;117;55;28
492.0;114;56;30
498.0;118;52;30
504.0;116;59;25
510.0;113;57;30
516.0;111;54;35
522.0;109;54;37
528.0;109;62;29
534.0;112;64;24
540.0;114;64;22
546.0;115;61;24
552.0;119;60;21
558.0;121;55;24
564.0;122;58;20
570.0;121;55;24
576.0;118;52;30
582.0;112;54;34
588.0;108;61;31
594.0;108;64;28
600.0;112;64;24
606.0;113;64;23
612.0;110;62;28
618.0;112;63;25
624.0;112;63;25
630.0;113;57;30
636.0;105;61;34
642.0;103;65;32
648.0;112;57;31
654.0;116;50;34
660.0;117;54;29
666.0;119;48;33
672.0;116;50;34
678.0;119;54;27
684.0;115;60;25
690.0;116;60;24
696.0;117;58;25
702.0;120;58;22
708.0;114;57;29
714.0;113;59;28
720.0;116;57;27
726.0;120;54;26
732.0;122;58;20
738.0;122;46;32
744.0;114;45;41
750.0;108;50;42
756.0;106;58;36
762.0;110;63;27
768.0;115;65;20
774.0;115;64;21
780.0;117;64;19
786.0;116;59;25
792.0;109;68;23
798.0;111;63;26
804.0;112;62;26
810.0;117;55;28
816.0;123;53;24
822.0;119;55;26
828.0;118;59;23
834.0;112;61;27
840.0;112;59;29
846.0;114;56;30
852.0;115;56;29
858.0;113;60;27
864.0;111;60;29
870.0;112;60;28
876.0;113;56;31
882.0;113;59;28
888.0;117;54;29
894.0;110;56;34
900.0;113;54;33
906.0;115;60;25
912.0;111;63;26
918.0;111;61;28
924.0;112;64;24
930.0;108;68;24
936.0;106;68;26
942.0;114;65;21
948.0;119;61;20
954.0;112;58;30
960.0;116;51;33
966.0;108;58;34
972.0;105;59;36
978.0;115;53;32
984.0;116;50;34
990.0;117;43;40
996.0;113;48;39
1002.0;111;55;34
1008.0;113;58;29
1014.0;108;58;34
1020.0;109;55;36
1026.0;110;61;29
1032.0;107;68;25
1038.0;106;70;24
1044.0;108;66;26
1050.0;109;63;28
1056.0;109;63;28
1062.0;114;59;27
1068.0;117;61;22
1074.0;121;58;21
1080.0;120;62;18
1086.0;118;57;25
1092.0;120;58;22
1098.0;115;62;23
1104.0;108;62;30
1110.0;105;68;27
1116.0;106;66;28
1122.0;108;62;30
1128.0;112;59;29
1134.0;111;62;27
1140.0;108;63;29
1146.0;106;65;29
1152.0;110;67;23
1158.0;106;73;21
1164.0;102;72;26
1170.0;97;73;30
1176.0;104;67;29
1182.0;108;63;29
1188.0;104;65;31
1194.0;107;59;34
1200.0;110;65;25
1206.0;112;57;31
1212.0;115;54;31
1218.0;119;56;25
1224.0;123;50;27
1230.0;119;53;28
1236.0;118;55;27
1242.0;124;53;23
1248.0;117;58;25
1254.0;118;54;28
1260.0;113;57;30
1266.0;115;55;30
1272.0;115;54;31
1278.0;118;46;36
1284.0;120;47;33
1290.0;119;49;32
1296.0;117;56;27
1302.0;125;51;24
1308.0;120;56;24
1314.0;120;60;20
1320.0;118;60;22
1326.0;121;58;21
1332.0;123;52;25
1338.0;125;50;25
1344.0;128;48;24
1350.0;124;50;26
1356.0;123;47;30
1362.0;116;54;30
1368.0;113;56;31
1374.0;112;54;34
1380.0;115;51;34
1386.0;113;48;39
1392.0;123;50;27
1398.0;123;52;25
1404.0;123;50;27
1410.0;126;51;23
1416.0;128;48;24
1422.0;122;47;31
1428.0;126;47;27
1434.0;125;48;27
1440.0;124;50;26
1446.0;124;46;30
1452.0;127;44;29
1458.0;133;43;24
1464.0;128;51;21
1470.0;124;51;25
1476.0;117;57;26
1482.0;116;59;25
1488.0;115;58;27
1494.0;115;57;28
