#auto generated file!
180.0;68;32;25
186.0;70;35;20
192.0;66;39;20
198.0;69;34;22
204.0;72;27;26
210.0;69;25;31
216.0;71;27;27
222.0;75;30;20
228.0;75;28;22
234.0;70;32;23
240.0;72;31;22
246.0;70;36;19
252.0;70;39;16
258.0;67;42;16
264.0;67;44;14
270.0;70;41;14
276.0;68;40;17
282.0;70;41;14
288.0;68;41;16
294.0;73;40;12
300.0;71;35;19
306.0;73;25;27
312.0;75;25;25
318.0;73;31;21
324.0;70;35;20
330.0;70;30;25
336.0;73;29;23
342.0;72;30;23
348.0;69;29;27
354.0;72;30;23
360.0;76;29;20
366.0;80;29;16
372.0;76;30;19
378.0;77;32;16
384.0;76;32;17
390.0;77;36;12
396.0;79;35;11
402.0;79;32;14
408.0;74;33;18
414.0;75;37;13
420.0;71;32;22
426.0;71;35;19
432.0;74;35;16
438.0;74;35;16
444.0;76;34;15
450.0;76;33;16
456.0;75;32;18
462.0;75;30;20
468.0;77;30;18
474.0;77;25;23
480.0;80;26;19
486.0;85;25;15
492.0;81;30;14
498.0;79;31;15
504.0;77;32;16
510.0;79;31;15
516.0;79;29;17
522.0;79;27;19
528.0;79;28;18
534.0;75;27;23
540.0;80;28;17
546.0;75;31;19
552.0;72;35;18
558.0;71;37;17
564.0;65;39;21
570.0;66;37;22
576.0;73;35;17
582.0;74;37;14
588.0;74;34;17
594.0;74;35;16
600.0;74;34;17
606.0;74;36;15
612.0;74;38;13
618.0;69;40;16
624.0;66;42;17
630.0;69;38;18
636.0;70;42;13
642.0;72;44;9
648.0;73;40;12
654.0;71;41;13
660.0;71;42;12
666.0;69;44;12
672.0;62;47;16
678.0;62;48;15
684.0;66;48;11
690.0;64;45;16
696.0;63;42;20
702.0;64;40;21
708.0;69;39;17
714.0;65;42;18
720.0;67;40;18
726.0;77;36;12
732.0;78;33;14
738.0;78;29;18
744.0;82;26;17
750.0;80;21;24
756.0;79;24;22
762.0;80;23;22
768.0;79;23;23
774.0;77;26;22
780.0;73;38;14
786.0;74;35;16
792.0;78;35;12
798.0;76;32;17
804.0;75;34;16
810.0;78;31;16
816.0;79;30;16
822.0;75;34;16
828.0;73;32;20
834.0;71;33;21
840.0;69;34;22
846.0;72;33;20
852.0;74;34;17
858.0;73;35;17
864.0;75;35;15
870.0;78;32;15
876.0;72;34;19
882.0;71;35;19
888.0;70;38;17
894.0;73;35;17
900.0;71;37;17
906.0;70;37;18
912.0;69;36;20
918.0;70;35;20
924.0;73;34;18
930.0;74;32;19
936.0;75;36;14
942.0;74;37;14
948.0;76;33;16
954.0;76;32;17
960.0;80;28;17
966.0;79;32;14
972.0;82;27;16
978.0;86;25;14
984.0;81;28;16
990.0;83;31;11
996.0;81;33;11
1002.0;80;31;14
1008.0;81;28;16
1014.0;77;33;15
1020.0;84;31;10
1026.0;81;32;12
1032.0;78;35;12
1038.0;77;32;16
1044.0;73;35;17
1050.0;72;35;18
1056.0;78;32;15
1062.0;77;34;14
1068.0;78;33;14
1074.0;79;31;15
1080.0;77;33;15
1086.0;80;29;16
1092.0;75;31;19
1098.0;79;30;16
1104.0;73;38;14
1110.0;71;37;17
1116.0;75;35;15
1122.0;76;34;15
1128.0;76;35;14
1134.0;72;36;17
1140.0;69;39;17
1146.0;69;39;17
1152.0;71;43;11
1158.0;67;45;13
1164.0;69;42;14
1170.0;72;39;14
1176.0;71;37;17
1182.0;73;31;21
1188.0;69;30;26
1194.0;67;31;27
1200.0;69;31;25
1206.0;70;35;20
1212.0;73;41;11
1218.0;72;35;18
1224.0;72;36;17
1230.0;67;38;20
1236.0;69;39;17
1242.0;69;44;12
1248.0;68;44;13
1254.0;68;45;12
1260.0;68;44;13
1266.0;64;43;18
1272.0;66;41;18
1278.0;68;39;18
1284.0;69;34;22
1290.0;70;31;24
1296.0;68;33;24
1302.0;68;35;22
1308.0;64;38;23
1314.0;67;35;23
1320.0;65;35;25
1326.0;62;38;25
1332.0;64;42;19
1338.0;65;43;17
1344.0;67;42;16
1350.0;67;41;17
1356.0;67;44;14
1362.0;66;38;21
1368.0;70;40;15
1374.0;72;37;16
1380.0;76;33;16
1386.0;74;37;14
1392.0;72;38;15
1398.0;72;35;18
1404.0;71;39;15
1410.0;73;39;13
1416.0;77;40;8
1422.0;76;38;11
1428.0;75;36;14
1434.0;73;34;18
1440.0;68;40;17
1446.0;70;36;19
1452.0;70;35;20
1458.0;74;31;20
1464.0;70;30;25
1470.0;69;36;20
1476.0;69;36;20
1482.0;70;33;22
1488.0;68;36;21
1494.0;67;35;23
