#auto generated file!
180.0;151;83;41
186.0;150;83;42
192.0;152;82;41
198.0;163;82;30
204.0;169;78;28
210.0;165;71;39
216.0;164;74;37
222.0;161;66;48
228.0;156;68;51
234.0;153;76;46
240.0;151;80;44
246.0;153;79;43
252.0;155;78;42
258.0;160;74;41
264.0;155;76;44
270.0;160;76;39
276.0;161;74;40
282.0;163;80;32
288.0;161;76;38
294.0;151;75;49
300.0;149;80;46
306.0;154;75;46
312.0;158;83;34
318.0;158;81;36
324.0;153;82;40
330.0;152;82;41
336.0;156;83;36
342.0;152;88;35
348.0;156;87;32
354.0;150;94;31
360.0;148;84;43
366.0;144;92;39
372.0;150;90;35
378.0;156;78;41
384.0;158;83;34
390.0;154;92;29
396.0;152;93;30
402.0;157;89;29
408.0;158;85;32
414.0;157;78;40
420.0;155;79;41
426.0;162;80;33
432.0;161;76;38
438.0;157;79;39
444.0;160;81;34
450.0;161;77;37
456.0;165;74;36
462.0;169;69;37
468.0;169;73;33
474.0;173;72;30
480.0;175;65;35
486.0;178;67;30
492.0;175;63;37
498.0;174;63;38
504.0;171;73;31
510.0;172;77;26
516.0;161;83;31
522.0;155;94;26
528.0;154;89;32
534.0;158;87;30
540.0;162;84;29
546.0;161;83;31
552.0;158;80;37
558.0;165;77;33
564.0;158;83;34
570.0;169;74;32
576.0;168;75;32
582.0;166;67;42
588.0;155;69;51
594.0;154;70;51
600.0;158;72;45
606.0;165;70;40
612.0;167;68;40
618.0;163;69;43
624.0;172;62;41
630.0;170;63;42
636.0;163;69;43
642.0;158;75;42
648.0;162;72;41
654.0;163;68;44
660.0;159;65;51
666.0;157;72;46
672.0;155;75;45
678.0;157;79;39
684.0;166;76;33
690.0;166;78;31
696.0;161;75;39
702.0;156;80;39
708.0;155;86;34
714.0;159;84;32
720.0;157;85;33
726.0;158;80;37
732.0;155;72;48
738.0;167;67;41
744.0;172;62;41
750.0;167;68;40
756.0;169;71;35
762.0;166;71;38
768.0;168;77;30
774.0;164;85;26
780.0;168;85;22
786.0;167;82;26
792.0;166;79;30
798.0;166;83;26
804.0;163;83;29
810.0;164;84;27
816.0;171;76;28
822.0;170;76;29
828.0;166;74;35
834.0;159;80;36
840.0;156;85;34
846.0;156;87;32
852.0;153;77;45
858.0;160;69;46
864.0;157;75;43
870.0;156;78;41
876.0;157;79;39
882.0;162;80;33
888.0;169;76;30
894.0;165;78;32
900.0;156;84;35
906.0;152;82;41
912.0;147;88;40
918.0;142;83;50
924.0;142;84;49
930.0;140;93;42
936.0;141;92;42
942.0;142;90;43
948.0;136;101;38
954.0;140;94;41
960.0;139;98;38
966.0;143;90;42
972.0;137;88;50
978.0;141;91;43
984.0;145;87;43
990.0;147;85;43
996.0;148;84;43
1002.0;146;83;46
1008.0;142;87;46
1014.0;143;89;43
1020.0;141;87;47
1026.0;142;88;45
1032.0;135;89;51
1038.0;132;96;47
1044.0;136;89;50
1050.0;142;88;45
1056.0;152;84;39
1062.0;150;76;49
1068.0;156;70;49
1074.0;156;74;45
1080.0;154;88;33
1086.0;152;83;40
1092.0;162;76;37
1098.0;163;70;42
1104.0;159;80;36
1110.0;158;85;32
1116.0;154;90;31
1122.0;156;90;29
1128.0;153;92;30
1134.0;152;85;38
1140.0;151;81;43
1146.0;154;79;42
1152.0;155;74;46
1158.0;163;72;40
1164.0;163;73;39
1170.0;149;79;47
1176.0;153;77;45
1182.0;155;76;44
1188.0;152;77;46
1194.0;158;75;42
1200.0;163;69;43
1206.0;167;68;40
1212.0;170;75;30
1218.0;168;81;26
1224.0;159;80;36
1230.0;159;83;33
1236.0;150;88;37
1242.0;145;95;35
1248.0;145;93;37
1254.0;151;87;37
1260.0;153;86;36
1266.0;157;87;31
1272.0;151;83;41
1278.0;153;82;40
1284.0;147;88;40
1290.0;150;85;40
1296.0;153;83;39
1302.0;156;80;39
1308.0;147;88;40
1314.0;151;90;34
1320.0;154;86;35
1326.0;157;84;34
1332.0;150;85;40
1338.0;150;89;36
1344.0;151;81;43
1350.0;152;80;43
1356.0;155;82;38
1362.0;154;84;37
1368.0;158;83;34
1374.0;153;87;35
1380.0;151;82;42
1386.0;148;85;42
1392.0;149;87;39
1398.0;156;82;37
1404.0;152;89;34
1410.0;151;89;35
1416.0;153;82;40
1422.0;158;78;39
1428.0;154;82;39
1434.0;158;75;42
1440.0;159;79;37
1446.0;154;80;41
1452.0;149;82;44
1458.0;153;77;45
1464.0;150;83;42
1470.0;148;86;41
1476.0;149;88;38
1482.0;155;80;40
1488.0;156;81;38
1494.0;159;75;41
