#auto generated file!
180.0;35;6;9
186.0;32;8;10
192.0;30;10;10
198.0;27;13;10
204.0;27;11;12
210.0;24;15;11
216.0;26;16;8
222.0;27;14;9
228.0;26;16;8
234.0;26;16;8
240.0;30;14;6
246.0;30;14;6
252.0;31;14;5
258.0;29;14;7
264.0;27;15;8
270.0;25;17;8
276.0;26;17;7
282.0;27;15;8
288.0;29;14;7
294.0;30;13;7
300.0;31;12;7
306.0;34;10;6
312.0;37;7;6
318.0;35;8;7
324.0;36;6;8
330.0;35;7;8
336.0;36;8;6
342.0;37;9;4
348.0;38;9;3
354.0;40;9;1
360.0;36;12;2
366.0;32;11;7
372.0;34;13;3
378.0;31;11;8
384.0;29;14;7
390.0;29;14;7
396.0;32;11;7
402.0;32;10;8
408.0;32;11;7
414.0;31;12;7
420.0;31;15;4
426.0;34;12;4
432.0;34;11;5
438.0;34;10;6
444.0;33;11;6
450.0;33;12;5
456.0;34;13;3
462.0;32;15;3
468.0;31;14;5
474.0;27;15;8
480.0;27;15;8
486.0;26;14;10
492.0;28;14;8
498.0;28;16;6
504.0;30;12;8
510.0;30;12;8
516.0;27;15;8
522.0;28;14;8
528.0;28;14;8
534.0;29;10;11
540.0;26;12;12
546.0;28;15;7
552.0;26;13;11
558.0;27;16;7
564.0;26;16;8
570.0;27;18;5
576.0;25;19;6
582.0;29;15;6
588.0;29;15;6
594.0;29;14;7
600.0;29;13;8
606.0;28;14;8
612.0;30;13;7
618.0;30;13;7
624.0;29;13;8
630.0;31;15;4
636.0;30;15;5
642.0;30;14;6
648.0;31;13;6
654.0;32;12;6
660.0;28;13;9
666.0;28;13;9
672.0;29;11;10
678.0;30;11;9
684.0;30;13;7
690.0;29;12;9
696.0;29;14;7
702.0;29;10;11
708.0;27;12;11
714.0;28;12;10
720.0;27;13;10
726.0;30;11;9
732.0;30;11;9
738.0;31;11;8
744.0;33;12;5
750.0;32;12;6
756.0;32;13;5
762.0;30;15;5
768.0;28;15;7
774.0;27;17;6
780.0;24;18;8
786.0;24;16;10
792.0;23;18;9
798.0;26;15;9
804.0;22;12;16
810.0;21;14;15
816.0;24;13;13
822.0;24;15;11
828.0;24;16;10
834.0;24;18;8
840.0;24;17;9
846.0;25;15;10
852.0;26;14;10
858.0;30;11;9
864.0;33;12;5
870.0;33;11;6
876.0;31;13;6
882.0;33;14;3
888.0;33;14;3
894.0;27;17;6
900.0;28;14;8
906.0;26;16;8
912.0;28;13;9
918.0;31;10;9
924.0;31;13;6
930.0;33;13;4
936.0;33;12;5
942.0;34;10;6
948.0;33;12;5
954.0;33;13;4
960.0;32;15;3
966.0;33;13;4
972.0;29;14;7
978.0;31;14;5
984.0;31;15;4
990.0;29;13;8
996.0;27;15;8
1002.0;27;13;10
1008.0;27;13;10
1014.0;26;16;8
1020.0;25;18;7
1026.0;25;15;10
1032.0;26;14;10
1038.0;25;14;11
1044.0;28;14;8
1050.0;27;16;7
1056.0;29;13;8
1062.0;29;15;6
1068.0;26;18;6
1074.0;29;14;7
1080.0;28;13;9
1086.0;30;11;9
1092.0;31;10;9
1098.0;31;10;9
1104.0;30;11;9
1110.0;31;13;6
1116.0;30;13;7
1122.0;30;17;3
1128.0;29;19;2
1134.0;28;21;1
1140.0;28;21;1
1146.0;29;18;3
1152.0;27;19;4
1158.0;25;18;7
1164.0;24;20;6
1170.0;24;18;8
1176.0;22;18;10
1182.0;24;18;8
1188.0;25;16;9
1194.0;21;21;8
1200.0;20;25;5
1206.0;24;19;7
1212.0;23;17;10
1218.0;23;17;10
1224.0;24;15;11
1230.0;23;14;13
1236.0;25;14;11
1242.0;21;19;10
1248.0;23;18;9
1254.0;24;17;9
1260.0;23;21;6
1266.0;25;17;8
1272.0;26;15;9
1278.0;28;14;8
1284.0;28;13;9
1290.0;29;12;9
1296.0;30;13;7
1302.0;28;15;7
1308.0;32;14;4
1314.0;33;13;4
1320.0;33;14;3
1326.0;32;15;3
1332.0;33;12;5
1338.0;33;13;4
1344.0;33;13;4
1350.0;30;15;5
1356.0;27;15;8
1362.0;29;15;6
1368.0;27;16;7
1374.0;27;15;8
1380.0;24;15;11
1386.0;25;14;11
1392.0;31;14;5
1398.0;32;12;6
1404.0;33;12;5
1410.0;35;12;3
1416.0;31;13;6
1422.0;32;12;6
1428.0;31;14;5
1434.0;31;14;5
1440.0;30;14;6
1446.0;32;13;5
1452.0;30;14;6
1458.0;30;13;7
1464.0;28;17;5
1470.0;30;17;3
1476.0;28;17;5
1482.0;27;18;5
1488.0;28;19;3
1494.0;32;14;4
