#auto generated file!
180.0;151;72;27
186.0;151;69;30
192.0;143;68;39
198.0;146;70;34
204.0;149;63;38
210.0;152;59;39
216.0;158;53;39
222.0;157;56;37
228.0;153;55;42
234.0;153;59;38
240.0;152;70;28
246.0;150;65;35
252.0;147;72;31
258.0;143;71;36
264.0;143;68;39
270.0;138;68;44
276.0;138;71;41
282.0;138;70;42
288.0;146;67;37
294.0;146;66;38
300.0;148;64;38
306.0;152;66;32
312.0;152;64;34
318.0;145;67;38
324.0;141;68;41
330.0;139;71;40
336.0;148;68;34
342.0;142;68;40
348.0;143;71;36
354.0;140;71;39
360.0;131;84;35
366.0;137;73;40
372.0;140;73;37
378.0;149;66;35
384.0;147;67;36
390.0;147;67;36
396.0;141;75;34
402.0;146;67;37
408.0;155;66;29
414.0;148;72;30
420.0;144;73;33
426.0;141;78;31
432.0;141;75;34
438.0;146;76;28
444.0;148;73;29
450.0;145;72;33
456.0;148;71;31
462.0;149;66;35
468.0;151;64;35
474.0;154;63;33
480.0;149;67;34
486.0;153;66;31
492.0;152;66;32
498.0;153;61;36
504.0;148;63;39
510.0;149;67;34
516.0;150;62;38
522.0;151;62;37
528.0;148;67;35
534.0;143;70;37
540.0;146;71;33
546.0;151;70;29
552.0;151;65;34
558.0;154;62;34
564.0;151;68;31
570.0;145;70;35
576.0;143;75;32
582.0;145;74;31
588.0;145;76;29
594.0;145;75;30
600.0;148;78;24
606.0;140;75;35
612.0;147;73;30
618.0;143;73;34
624.0;152;69;29
630.0;147;69;34
636.0;149;70;31
642.0;150;67;33
648.0;145;69;36
654.0;150;68;32
660.0;152;68;30
666.0;153;68;29
672.0;153;71;26
678.0;146;75;29
684.0;147;76;27
690.0;152;71;27
696.0;155;67;28
702.0;156;61;33
708.0;159;65;26
714.0;152;65;33
720.0;152;68;30
726.0;148;71;31
732.0;145;71;34
738.0;150;70;30
744.0;140;74;36
750.0;138;74;38
756.0;139;70;41
762.0;138;67;45
768.0;142;66;42
774.0;145;68;37
780.0;150;62;38
786.0;146;69;35
792.0;145;69;36
798.0;146;70;34
804.0;156;62;32
810.0;150;61;39
816.0;148;61;41
822.0;152;65;33
828.0;154;64;32
834.0;144;64;42
840.0;143;68;39
846.0;144;68;38
852.0;141;69;40
858.0;135;70;45
864.0;130;79;41
870.0;127;86;37
876.0;126;83;41
882.0;138;79;33
888.0;142;73;35
894.0;137;77;36
900.0;133;82;35
906.0;126;84;40
912.0;126;90;34
918.0;130;81;39
924.0;137;79;34
930.0;137;81;32
936.0;135;79;36
942.0;140;80;30
948.0;132;84;34
954.0;139;76;35
960.0;144;75;31
966.0;142;69;39
972.0;134;76;40
978.0;136;76;38
984.0;134;76;40
990.0;130;82;38
996.0;134;80;36
1002.0;130;83;37
1008.0;132;79;39
1014.0;136;80;34
1020.0;133;81;36
1026.0;140;75;35
1032.0;141;72;37
1038.0;147;63;40
1044.0;143;61;46
1050.0;145;62;43
1056.0;149;64;37
1062.0;150;63;37
1068.0;151;62;37
1074.0;154;60;36
1080.0;157;60;33
1086.0;157;62;31
1092.0;160;58;32
1098.0;160;58;32
1104.0;153;64;33
1110.0;154;66;30
1116.0;153;62;35
1122.0;150;64;36
1128.0;147;65;38
1134.0;149;63;38
1140.0;144;62;44
1146.0;148;65;37
1152.0;149;63;38
1158.0;146;62;42
1164.0;146;66;38
1170.0;148;65;37
1176.0;145;67;38
1182.0;143;68;39
1188.0;144;67;39
1194.0;145;68;37
1200.0;145;71;34
1206.0;145;73;32
1212.0;154;64;32
1218.0;152;68;30
1224.0;157;67;26
1230.0;157;65;28
1236.0;154;70;26
1242.0;150;69;31
1248.0;153;68;29
1254.0;151;68;31
1260.0;148;75;27
1266.0;150;73;27
1272.0;150;73;27
1278.0;147;76;27
1284.0;141;81;28
1290.0;133;83;34
1296.0;133;82;35
1302.0;135;77;38
1308.0;135;80;35
1314.0;137;84;29
1320.0;140;77;33
1326.0;143;76;31
1332.0;138;74;38
1338.0;139;70;41
1344.0;137;79;34
1350.0;137;78;35
1356.0;135;78;37
1362.0;136;76;38
1368.0;133;84;33
1374.0;130;85;35
1380.0;126;91;33
1386.0;123;91;36
1392.0;123;91;36
1398.0;129;92;29
1404.0;130;88;32
1410.0;128;88;34
1416.0;125;80;45
1422.0;127;86;37
1428.0;127;91;32
1434.0;132;88;30
1440.0;132;83;35
1446.0;133;84;33
1452.0;133;81;36
1458.0;136;80;34
1464.0;144;73;33
1470.0;144;73;33
1476.0;145;71;34
1482.0;137;76;37
1488.0;130;82;38
1494.0;128;84;38
