#auto generated file!
180.0;52;30;18
186.0;53;34;13
192.0;51;36;13
198.0;56;33;11
204.0;55;29;16
210.0;56;31;13
216.0;60;29;11
222.0;62;28;10
228.0;61;28;11
234.0;61;32;7
240.0;62;31;7
246.0;57;32;11
252.0;60;27;13
258.0;63;24;13
264.0;59;24;17
270.0;59;20;21
276.0;63;19;18
282.0;64;19;17
288.0;61;24;15
294.0;59;27;14
300.0;62;26;12
306.0;59;35;6
312.0;55;32;13
318.0;56;32;12
324.0;55;32;13
330.0;59;28;13
336.0;61;22;17
342.0;64;20;16
348.0;63;23;14
354.0;63;23;14
360.0;64;26;10
366.0;61;26;13
372.0;61;26;13
378.0;64;23;13
384.0;65;23;12
390.0;66;22;12
396.0;60;27;13
402.0;62;27;11
408.0;60;26;14
414.0;64;26;10
420.0;60;30;10
426.0;58;33;9
432.0;58;31;11
438.0;63;27;10
444.0;62;29;9
450.0;61;26;13
456.0;62;25;13
462.0;58;27;15
468.0;54;30;16
474.0;54;31;15
480.0;55;31;14
486.0;54;33;13
492.0;53;32;15
498.0;53;31;16
504.0;55;27;18
510.0;56;25;19
516.0;56;28;16
522.0;57;26;17
528.0;59;28;13
534.0;59;27;14
540.0;59;23;18
546.0;60;24;16
552.0;60;24;16
558.0;56;27;17
564.0;62;25;13
570.0;58;29;13
576.0;58;28;14
582.0;60;29;11
588.0;62;25;13
594.0;61;28;11
600.0;60;28;12
606.0;57;32;11
612.0;58;31;11
618.0;57;30;13
624.0;61;28;11
630.0;57;27;16
636.0;55;28;17
642.0;53;28;19
648.0;53;29;18
654.0;54;28;18
660.0;52;30;18
666.0;54;30;16
672.0;51;31;18
678.0;54;30;16
684.0;53;30;17
690.0;54;35;11
696.0;59;28;13
702.0;60;29;11
708.0;63;28;9
714.0;58;29;13
720.0;59;30;11
726.0;61;30;9
732.0;60;28;12
738.0;57;34;9
744.0;58;34;8
750.0;54;33;13
756.0;61;32;7
762.0;59;30;11
768.0;60;26;14
774.0;62;22;16
780.0;58;22;20
786.0;56;21;23
792.0;55;27;18
798.0;57;29;14
804.0;56;30;14
810.0;61;26;13
816.0;61;27;12
822.0;62;24;14
828.0;66;25;9
834.0;69;23;8
840.0;68;21;11
846.0;70;15;15
852.0;70;15;15
858.0;68;18;14
864.0;65;22;13
870.0;61;26;13
876.0;63;25;12
882.0;70;23;7
888.0;63;28;9
894.0;61;28;11
900.0;59;26;15
906.0;60;25;15
912.0;54;23;23
918.0;50;24;26
924.0;58;22;20
930.0;54;26;20
936.0;56;22;22
942.0;58;23;19
948.0;59;23;18
954.0;62;23;15
960.0;59;25;16
966.0;59;27;14
972.0;61;26;13
978.0;62;23;15
984.0;61;25;14
990.0;61;27;12
996.0;58;26;16
1002.0;57;29;14
1008.0;53;32;15
1014.0;53;31;16
1020.0;54;23;23
1026.0;49;23;28
1032.0;50;23;27
1038.0;50;25;25
1044.0;50;25;25
1050.0;52;26;22
1056.0;52;31;17
1062.0;53;30;17
1068.0;55;30;15
1074.0;57;27;16
1080.0;59;30;11
1086.0;56;32;12
1092.0;55;33;12
1098.0;54;34;12
1104.0;58;35;7
1110.0;60;31;9
1116.0;59;28;13
1122.0;52;32;16
1128.0;52;30;18
1134.0;52;25;23
1140.0;54;27;19
1146.0;56;24;20
1152.0;56;22;22
1158.0;60;24;16
1164.0;62;24;14
1170.0;58;25;17
1176.0;58;24;18
1182.0;62;25;13
1188.0;61;23;16
1194.0;63;23;14
1200.0;63;22;15
1206.0;63;25;12
1212.0;59;29;12
1218.0;56;30;14
1224.0;58;34;8
1230.0;66;26;8
1236.0;59;30;11
1242.0;58;30;12
1248.0;55;31;14
1254.0;52;27;21
1260.0;52;32;16
1266.0;53;32;15
1272.0;50;34;16
1278.0;52;30;18
1284.0;47;33;20
1290.0;49;36;15
1296.0;46;35;19
1302.0;50;31;19
1308.0;52;30;18
1314.0;51;31;18
1320.0;52;31;17
1326.0;52;30;18
1332.0;54;28;18
1338.0;53;27;20
1344.0;58;28;14
1350.0;59;26;15
1356.0;56;30;14
1362.0;60;29;11
1368.0;62;29;9
1374.0;63;25;12
1380.0;57;24;19
1386.0;59;25;16
1392.0;59;26;15
1398.0;60;26;14
1404.0;61;27;12
1410.0;62;27;11
1416.0;59;30;11
1422.0;61;32;7
1428.0;56;32;12
1434.0;60;32;8
1440.0;59;32;9
1446.0;56;31;13
1452.0;59;30;11
1458.0;61;28;11
1464.0;58;30;12
1470.0;60;27;13
1476.0;62;27;11
1482.0;59;28;13
1488.0;59;28;13
1494.0;62;27;11
