#auto generated file!
180.0;149;64;37
186.0;148;65;37
192.0;153;60;37
198.0;144;71;35
204.0;137;76;37
210.0;137;71;42
216.0;141;74;35
222.0;138;76;36
228.0;134;77;39
234.0;132;79;39
240.0;127;79;44
246.0;126;81;43
252.0;132;83;35
258.0;145;80;25
264.0;147;79;24
270.0;140;81;29
276.0;144;77;29
282.0;142;78;30
288.0;142;76;32
294.0;135;76;39
300.0;133;79;38
306.0;136;79;35
312.0;136;77;37
318.0;142;78;30
324.0;145;79;26
330.0;146;77;27
336.0;144;75;31
342.0;139;75;36
348.0;145;67;38
354.0;144;70;36
360.0;143;76;31
366.0;146;71;33
372.0;145;70;35
378.0;148;63;39
384.0;150;62;38
390.0;149;63;38
396.0;145;64;41
402.0;146;69;35
408.0;154;66;30
414.0;155;65;30
420.0;156;65;29
426.0;151;65;34
432.0;150;71;29
438.0;141;71;38
444.0;146;68;36
450.0;152;63;35
456.0;157;60;33
462.0;158;58;34
468.0;151;65;34
474.0;151;65;34
480.0;157;61;32
486.0;157;58;35
492.0;156;57;37
498.0;154;57;39
504.0;148;57;45
510.0;145;64;41
516.0;143;64;43
522.0;140;74;36
528.0;143;68;39
534.0;139;75;36
540.0;138;70;42
546.0;144;65;41
552.0;147;63;40
558.0;141;67;42
564.0;138;63;49
570.0;141;69;40
576.0;142;68;40
582.0;138;70;42
588.0;138;79;33
594.0;137;77;36
600.0;145;71;34
606.0;145;67;38
612.0;144;72;34
618.0;142;72;36
624.0;140;70;40
630.0;134;70;46
636.0;137;66;47
642.0;141;63;46
648.0;141;68;41
654.0;140;66;44
660.0;141;65;44
666.0;144;65;41
672.0;143;70;37
678.0;147;66;37
684.0;152;66;32
690.0;148;62;40
696.0;144;69;37
702.0;144;70;36
708.0;148;74;28
714.0;145;75;30
720.0;147;68;35
726.0;147;67;36
732.0;143;72;35
738.0;143;71;36
744.0;138;73;39
750.0;132;79;39
756.0;131;82;37
762.0;134;80;36
768.0;139;77;34
774.0;141;75;34
780.0;146;74;30
786.0;138;79;33
792.0;136;79;35
798.0;132;85;33
804.0;136;79;35
810.0;135;70;45
816.0;142;66;42
822.0;143;68;39
828.0;146;75;29
834.0;143;75;32
840.0;151;73;26
846.0;152;65;33
852.0;146;70;34
858.0;148;69;33
864.0;147;71;32
870.0;147;75;28
876.0;144;72;34
882.0;156;63;31
888.0;152;69;29
894.0;152;63;35
900.0;148;66;36
906.0;143;64;43
912.0;148;60;42
918.0;147;64;39
924.0;142;69;39
930.0;141;75;34
936.0;136;77;37
942.0;127;81;42
948.0;130;82;38
954.0;129;77;44
960.0;135;77;38
966.0;133;76;41
972.0;139;78;33
978.0;142;79;29
984.0;140;84;26
990.0;141;82;27
996.0;146;75;29
1002.0;145;83;22
1008.0;147;75;28
1014.0;137;78;35
1020.0;143;75;32
1026.0;139;77;34
1032.0;143;77;30
1038.0;143;69;38
1044.0;141;73;36
1050.0;142;67;41
1056.0;134;73;43
1062.0;139;69;42
1068.0;131;73;46
1074.0;133;71;46
1080.0;130;74;46
1086.0;135;70;45
1092.0;132;73;45
1098.0;141;65;44
1104.0;142;63;45
1110.0;139;65;46
1116.0;136;71;43
1122.0;135;79;36
1128.0;131;78;41
1134.0;133;75;42
1140.0;137;74;39
1146.0;140;72;38
1152.0;139;73;38
1158.0;146;71;33
1164.0;151;71;28
1170.0;153;69;28
1176.0;148;72;30
1182.0;148;67;35
1188.0;152;70;28
1194.0;146;78;26
1200.0;147;81;22
1206.0;144;79;27
1212.0;138;83;29
1218.0;137;82;31
1224.0;142;78;30
1230.0;134;89;27
1236.0;139;80;31
1242.0;139;79;32
1248.0;144;72;34
1254.0;145;75;30
1260.0;135;80;35
1266.0;136;80;34
1272.0;139;75;36
1278.0;139;76;35
1284.0;146;68;36
1290.0;144;74;32
1296.0;146;77;27
1302.0;147;69;34
1308.0;142;75;33
1314.0;146;75;29
1320.0;146;71;33
1326.0;144;75;31
1332.0;147;69;34
1338.0;154;69;27
1344.0;145;73;32
1350.0;142;74;34
1356.0;139;76;35
1362.0;135;71;44
1368.0;134;77;39
1374.0;140;77;33
1380.0;140;73;37
1386.0;145;71;34
1392.0;150;68;32
1398.0;141;80;29
1404.0;133;83;34
1410.0;135;81;34
1416.0;136;85;29
1422.0;142;79;29
1428.0;143;78;29
1434.0;139;80;31
1440.0;139;81;30
1446.0;139;80;31
1452.0;137;79;34
1458.0;141;78;31
1464.0;136;81;33
1470.0;139;75;36
1476.0;139;73;38
1482.0;145;69;36
1488.0;151;69;30
1494.0;150;69;31
