#auto generated file!
180.0;75;30;20
186.0;78;26;21
192.0;75;28;22
198.0;68;31;26
204.0;69;34;22
210.0;67;40;18
216.0;70;35;20
222.0;72;34;19
228.0;70;35;20
234.0;68;35;22
240.0;73;31;21
246.0;72;29;24
252.0;74;27;24
258.0;76;29;20
264.0;68;35;22
270.0;70;34;21
276.0;68;39;18
282.0;72;39;14
288.0;75;38;12
294.0;75;42;8
300.0;74;37;14
306.0;76;36;13
312.0;70;38;17
318.0;69;34;22
324.0;65;40;20
330.0;66;35;24
336.0;71;31;23
342.0;75;29;21
348.0;74;30;21
354.0;72;30;23
360.0;72;32;21
366.0;71;39;15
372.0;75;31;19
378.0;80;31;14
384.0;80;30;15
390.0;77;34;14
396.0;75;34;16
402.0;76;32;17
408.0;72;33;20
414.0;70;31;24
420.0;66;36;23
426.0;59;42;24
432.0;64;41;20
438.0;70;37;18
444.0;71;40;14
450.0;72;38;15
456.0;74;32;19
462.0;72;34;19
468.0;71;34;20
474.0;80;30;15
480.0;74;33;18
486.0;70;34;21
492.0;66;41;18
498.0;62;40;23
504.0;68;34;23
510.0;73;32;20
516.0;76;30;19
522.0;79;33;13
528.0;77;38;10
534.0;78;36;11
540.0;76;37;12
546.0;68;40;17
552.0;72;36;17
558.0;75;28;22
564.0;74;29;22
570.0;74;25;26
576.0;70;24;31
582.0;73;25;27
588.0;78;29;18
594.0;80;29;16
600.0;75;35;15
606.0;73;37;15
612.0;78;32;15
618.0;73;35;17
624.0;76;35;14
630.0;79;34;12
636.0;76;35;14
642.0;80;33;12
648.0;76;40;9
654.0;74;41;10
660.0;76;34;15
666.0;76;35;14
672.0;79;34;12
678.0;80;36;9
684.0;79;32;14
690.0;78;32;15
696.0;76;33;16
702.0;77;36;12
708.0;77;33;15
714.0;73;37;15
720.0;76;32;17
726.0;76;32;17
732.0;73;31;21
738.0;73;30;22
744.0;74;29;22
750.0;74;31;20
756.0;74;30;21
762.0;75;30;20
768.0;72;34;19
774.0;70;35;20
780.0;68;36;21
786.0;68;39;18
792.0;64;42;19
798.0;60;39;26
804.0;61;37;27
810.0;61;37;27
816.0;61;43;21
822.0;63;48;14
828.0;62;46;17
834.0;64;41;20
840.0;64;39;22
846.0;65;39;21
852.0;67;40;18
858.0;73;35;17
864.0;73;32;20
870.0;72;32;21
876.0;74;38;13
882.0;71;40;14
888.0;73;42;10
894.0;73;37;15
900.0;73;37;15
906.0;70;36;19
912.0;65;39;21
918.0;67;38;20
924.0;72;33;20
930.0;73;32;20
936.0;70;36;19
942.0;68;38;19
948.0;70;32;23
954.0;71;33;21
960.0;71;35;19
966.0;67;40;18
972.0;68;39;18
978.0;71;40;14
984.0;72;42;11
990.0;71;38;16
996.0;67;42;16
1002.0;67;41;17
1008.0;67;41;17
1014.0;64;40;21
1020.0;65;42;18
1026.0;67;40;18
1032.0;61;49;15
1038.0;60;46;19
1044.0;64;48;13
1050.0;63;50;12
1056.0;66;46;13
1062.0;71;43;11
1068.0;74;38;13
1074.0;76;36;13
1080.0;78;34;13
1086.0;82;27;16
1092.0;87;24;14
1098.0;80;28;17
1104.0;80;29;16
1110.0;80;31;14
1116.0;80;31;14
1122.0;80;31;14
1128.0;73;32;20
1134.0;76;30;19
1140.0;78;23;24
1146.0;76;25;24
1152.0;72;31;22
1158.0;72;34;19
1164.0;71;34;20
1170.0;71;36;18
1176.0;68;36;21
1182.0;70;32;23
1188.0;74;30;21
1194.0;78;33;14
1200.0;77;32;16
1206.0;73;33;19
1212.0;74;34;17
1218.0;76;31;18
1224.0;72;30;23
1230.0;72;32;21
1236.0;74;33;18
1242.0;72;36;17
1248.0;71;37;17
1254.0;69;37;19
1260.0;70;37;18
1266.0;70;41;14
1272.0;69;41;15
1278.0;65;42;18
1284.0;65;42;18
1290.0;67;39;19
1296.0;66;34;25
1302.0;73;29;23
1308.0;71;30;24
1314.0;68;32;25
1320.0;69;33;23
1326.0;69;34;22
1332.0;69;37;19
1338.0;71;40;14
1344.0;73;34;18
1350.0;74;35;16
1356.0;75;34;16
1362.0;70;39;16
1368.0;73;40;12
1374.0;73;40;12
1380.0;70;44;11
1386.0;72;39;14
1392.0;73;32;20
1398.0;68;33;24
1404.0;67;30;28
1410.0;69;34;22
1416.0;70;33;22
1422.0;71;35;19
1428.0;69;40;16
1434.0;63;48;14
1440.0;63;45;17
1446.0;65;39;21
1452.0;69;39;17
1458.0;72;38;15
1464.0;67;43;15
1470.0;65;46;14
1476.0;66;40;19
1482.0;63;43;19
1488.0;60;43;22
1494.0;60;42;23
