#auto generated file!
180.0;16;6;3
186.0;15;7;3
192.0;17;7;1
198.0;16;6;3
204.0;16;6;3
210.0;14;9;2
216.0;14;10;1
222.0;14;9;2
228.0;11;9;5
234.0;10;8;7
240.0;11;10;4
246.0;12;9;4
252.0;12;8;5
258.0;15;8;2
264.0;14;8;3
270.0;11;8;6
276.0;11;7;7
282.0;12;8;5
288.0;12;7;6
294.0;12;8;5
300.0;11;11;3
306.0;10;11;4
312.0;10;10;5
318.0;11;11;3
324.0;10;11;4
330.0;12;10;3
336.0;11;10;4
342.0;8;12;5
348.0;8;12;5
354.0;7;12;6
360.0;9;12;4
366.0;9;11;5
372.0;9;11;5
378.0;10;10;5
384.0;10;10;5
390.0;10;11;4
396.0;10;11;4
402.0;10;12;3
408.0;10;11;4
414.0;11;10;4
420.0;12;7;6
426.0;11;10;4
432.0;12;10;3
438.0;13;9;3
444.0;12;9;4
450.0;10;11;4
456.0;10;11;4
462.0;12;9;4
468.0;13;8;4
474.0;13;7;5
480.0;13;8;4
486.0;13;9;3
492.0;13;9;3
498.0;13;10;2
504.0;13;10;2
510.0;13;10;2
516.0;13;11;1
522.0;13;11;1
528.0;11;8;6
534.0;9;9;7
540.0;10;9;6
546.0;10;8;7
552.0;14;6;5
558.0;14;7;4
564.0;14;7;4
570.0;12;9;4
576.0;15;9;1
582.0;16;7;2
588.0;13;11;1
594.0;12;12;1
600.0;13;11;1
606.0;14;10;1
612.0;14;9;2
618.0;14;10;1
624.0;14;11;0
630.0;14;9;2
636.0;13;9;3
642.0;13;9;3
648.0;12;10;3
654.0;14;7;4
660.0;12;7;6
666.0;12;7;6
672.0;12;9;4
678.0;13;8;4
684.0;12;10;3
690.0;12;10;3
696.0;11;9;5
702.0;12;10;3
708.0;15;8;2
714.0;14;8;3
720.0;13;10;2
726.0;12;8;5
732.0;14;7;4
738.0;14;9;2
744.0;12;10;3
750.0;11;10;4
756.0;12;11;2
762.0;12;10;3
768.0;13;10;2
774.0;15;7;3
780.0;16;8;1
786.0;14;8;3
792.0;12;10;3
798.0;13;7;5
804.0;13;9;3
810.0;15;6;4
816.0;15;6;4
822.0;16;7;2
828.0;18;6;1
834.0;18;6;1
840.0;19;4;2
846.0;20;4;1
852.0;18;5;2
858.0;19;3;3
864.0;15;7;3
870.0;13;7;5
876.0;14;7;4
882.0;13;7;5
888.0;13;8;4
894.0;12;7;6
900.0;12;9;4
906.0;14;10;1
912.0;12;8;5
918.0;14;6;5
924.0;14;7;4
930.0;14;8;3
936.0;13;9;3
942.0;14;8;3
948.0;14;7;4
954.0;14;6;5
960.0;15;6;4
966.0;14;7;4
972.0;16;4;5
978.0;16;5;4
984.0;13;7;5
990.0;13;8;4
996.0;13;9;3
1002.0;11;11;3
1008.0;12;12;1
1014.0;11;12;2
1020.0;11;10;4
1026.0;10;11;4
1032.0;10;11;4
1038.0;11;8;6
1044.0;12;8;5
1050.0;11;8;6
1056.0;8;9;8
1062.0;6;11;8
1068.0;5;12;8
1074.0;5;12;8
1080.0;5;13;7
1086.0;8;13;4
1092.0;7;14;4
1098.0;5;15;5
1104.0;5;16;4
1110.0;5;17;3
1116.0;6;15;4
1122.0;6;13;6
1128.0;7;10;8
1134.0;8;11;6
1140.0;8;13;4
1146.0;10;12;3
1152.0;11;11;3
1158.0;9;14;2
1164.0;7;16;2
1170.0;8;16;1
1176.0;8;15;2
1182.0;8;15;2
1188.0;9;14;2
1194.0;8;15;2
1200.0;9;15;1
1206.0;9;14;2
1212.0;11;12;2
1218.0;11;12;2
1224.0;12;11;2
1230.0;11;12;2
1236.0;12;10;3
1242.0;12;9;4
1248.0;13;8;4
1254.0;15;5;5
1260.0;16;5;4
1266.0;16;6;3
1272.0;14;6;5
1278.0;14;8;3
1284.0;13;8;4
1290.0;14;8;3
1296.0;15;10;0
1302.0;15;10;0
1308.0;14;10;1
1314.0;12;10;3
1320.0;11;11;3
1326.0;11;11;3
1332.0;10;10;5
1338.0;10;10;5
1344.0;12;7;6
1350.0;12;6;7
1356.0;11;8;6
1362.0;9;10;6
1368.0;10;9;6
1374.0;13;9;3
1380.0;14;8;3
1386.0;13;8;4
1392.0;11;7;7
1398.0;10;8;7
1404.0;10;11;4
1410.0;10;11;4
1416.0;13;8;4
1422.0;13;8;4
1428.0;12;8;5
1434.0;12;8;5
1440.0;15;5;5
1446.0;18;6;1
1452.0;19;6;0
1458.0;16;8;1
1464.0;13;10;2
1470.0;13;11;1
1476.0;12;12;1
1482.0;10;12;3
1488.0;10;11;4
1494.0;12;8;5
