#auto generated file!
180.0;59;33;8
186.0;60;27;13
192.0;61;30;9
198.0;62;28;10
204.0;60;30;10
210.0;56;32;12
216.0;54;34;12
222.0;58;28;14
228.0;55;32;13
234.0;51;35;14
240.0;46;35;19
246.0;47;29;24
252.0;46;32;22
258.0;47;34;19
264.0;53;31;16
270.0;53;31;16
276.0;59;30;11
282.0;59;29;12
288.0;60;27;13
294.0;60;28;12
300.0;59;30;11
306.0;62;26;12
312.0;62;25;13
318.0;59;26;15
324.0;59;25;16
330.0;57;28;15
336.0;56;29;15
342.0;58;27;15
348.0;58;23;19
354.0;58;23;19
360.0;57;30;13
366.0;52;30;18
372.0;55;30;15
378.0;54;31;15
384.0;52;29;19
390.0;55;31;14
396.0;58;29;13
402.0;58;26;16
408.0;60;24;16
414.0;57;25;18
420.0;59;29;12
426.0;57;27;16
432.0;58;27;15
438.0;54;31;15
444.0;57;26;17
450.0;55;25;20
456.0;55;23;22
462.0;52;29;19
468.0;53;27;20
474.0;49;28;23
480.0;50;31;19
486.0;50;34;16
492.0;50;33;17
498.0;48;33;19
504.0;51;33;16
510.0;54;32;14
516.0;59;24;17
522.0;57;24;19
528.0;56;23;21
534.0;53;23;24
540.0;54;22;24
546.0;56;27;17
552.0;52;27;21
558.0;53;27;20
564.0;57;28;15
570.0;55;27;18
576.0;51;29;20
582.0;51;31;18
588.0;50;31;19
594.0;54;32;14
600.0;58;29;13
606.0;58;28;14
612.0;52;30;18
618.0;50;28;22
624.0;47;31;22
630.0;51;25;24
636.0;53;26;21
642.0;54;30;16
648.0;49;35;16
654.0;46;35;19
660.0;50;36;14
666.0;51;35;14
672.0;53;34;13
678.0;48;33;19
684.0;51;34;15
690.0;53;27;20
696.0;53;31;16
702.0;50;32;18
708.0;51;33;16
714.0;55;30;15
720.0;56;29;15
726.0;53;32;15
732.0;57;28;15
738.0;60;26;14
744.0;56;31;13
750.0;53;32;15
756.0;51;29;20
762.0;57;30;13
768.0;60;28;12
774.0;56;31;13
780.0;55;32;13
786.0;56;32;12
792.0;58;29;13
798.0;58;28;14
804.0;61;31;8
810.0;63;27;10
816.0;62;25;13
822.0;63;26;11
828.0;64;23;13
834.0;62;22;16
840.0;59;27;14
846.0;61;28;11
852.0;60;24;16
858.0;57;22;21
864.0;56;33;11
870.0;57;35;8
876.0;53;35;12
882.0;53;36;11
888.0;53;36;11
894.0;55;34;11
900.0;55;31;14
906.0;59;25;16
912.0;61;27;12
918.0;57;28;15
924.0;58;29;13
930.0;63;24;13
936.0;61;29;10
942.0;62;27;11
948.0;64;22;14
954.0;64;21;15
960.0;60;23;17
966.0;56;24;20
972.0;60;22;18
978.0;57;26;17
984.0;57;24;19
990.0;55;27;18
996.0;58;25;17
1002.0;61;22;17
1008.0;63;22;15
1014.0;65;23;12
1020.0;66;21;13
1026.0;66;24;10
1032.0;66;25;9
1038.0;69;22;9
1044.0;64;24;12
1050.0;59;27;14
1056.0;58;31;11
1062.0;60;30;10
1068.0;58;28;14
1074.0;58;29;13
1080.0;64;25;11
1086.0;63;24;13
1092.0;60;28;12
1098.0;63;26;11
1104.0;64;21;15
1110.0;62;21;17
1116.0;63;21;16
1122.0;64;22;14
1128.0;61;26;13
1134.0;59;27;14
1140.0;57;28;15
1146.0;55;30;15
1152.0;53;32;15
1158.0;58;32;10
1164.0;58;33;9
1170.0;53;34;13
1176.0;51;37;12
1182.0;53;32;15
1188.0;56;33;11
1194.0;55;28;17
1200.0;59;28;13
1206.0;58;26;16
1212.0;62;23;15
1218.0;63;25;12
1224.0;64;26;10
1230.0;61;29;10
1236.0;57;31;12
1242.0;52;38;10
1248.0;49;39;12
1254.0;46;41;13
1260.0;46;38;16
1266.0;45;39;16
1272.0;47;36;17
1278.0;47;38;15
1284.0;44;41;15
1290.0;47;38;15
1296.0;49;37;14
1302.0;53;35;12
1308.0;50;39;11
1314.0;51;39;10
1320.0;52;38;10
1326.0;51;35;14
1332.0;52;34;14
1338.0;53;32;15
1344.0;50;34;16
1350.0;56;33;11
1356.0;57;29;14
1362.0;59;24;17
1368.0;61;23;16
1374.0;65;22;13
1380.0;66;21;13
1386.0;66;17;17
1392.0;60;20;20
1398.0;61;22;17
1404.0;61;27;12
1410.0;57;26;17
1416.0;57;28;15
1422.0;58;27;15
1428.0;65;23;12
1434.0;62;24;14
1440.0;59;22;19
1446.0;59;21;20
1452.0;57;25;18
1458.0;59;24;17
1464.0;60;22;18
1470.0;64;20;16
1476.0;65;18;17
1482.0;66;20;14
1488.0;67;20;13
1494.0;69;20;11
