#auto generated file!
180.0;91;55;29
186.0;94;53;28
192.0;87;55;33
198.0;90;56;29
204.0;95;54;26
210.0;97;53;25
216.0;106;46;23
222.0;100;47;28
228.0;102;48;25
234.0;110;44;21
240.0;107;44;24
246.0;106;40;29
252.0;101;46;28
258.0;97;54;24
264.0;95;55;25
270.0;96;58;21
276.0;91;64;20
282.0;95;61;19
288.0;95;54;26
294.0;94;64;17
300.0;93;67;15
306.0;98;60;17
312.0;100;60;15
318.0;100;56;19
324.0;101;48;26
330.0;100;50;25
336.0;97;48;30
342.0;97;48;30
348.0;97;52;26
354.0;101;50;24
360.0;98;56;21
366.0;102;54;19
372.0;106;51;18
378.0;98;55;22
384.0;96;53;26
390.0;99;50;26
396.0;94;52;29
402.0;100;55;20
408.0;103;48;24
414.0;103;48;24
420.0;110;49;16
426.0;106;47;22
432.0;107;48;20
438.0;113;45;17
444.0;110;46;19
450.0;109;46;20
456.0;107;41;27
462.0;108;39;28
468.0;110;43;22
474.0;102;47;26
480.0;106;46;23
486.0;104;51;20
492.0;101;52;22
498.0;106;46;23
504.0;103;51;21
510.0;103;47;25
516.0;101;48;26
522.0;103;47;25
528.0;101;50;24
534.0;97;50;28
540.0;96;53;26
546.0;97;57;21
552.0;98;57;20
558.0;98;51;26
564.0;94;55;26
570.0;97;53;25
576.0;94;54;27
582.0;93;60;22
588.0;97;56;22
594.0;95;60;20
600.0;95;57;23
606.0;95;56;24
612.0;97;52;26
618.0;103;51;21
624.0;102;49;24
630.0;105;44;26
636.0;103;44;28
642.0;104;47;24
648.0;100;50;25
654.0;96;48;31
660.0;94;54;27
666.0;99;53;23
672.0;99;54;22
678.0;101;55;19
684.0;95;59;21
690.0;93;55;27
696.0;95;51;29
702.0;93;54;28
708.0;98;46;31
714.0;97;45;33
720.0;92;51;32
726.0;95;48;32
732.0;88;53;34
738.0;92;50;33
744.0;95;51;29
750.0;92;50;33
756.0;94;52;29
762.0;101;57;17
768.0;103;53;19
774.0;100;55;20
780.0;98;52;25
786.0;96;50;29
792.0;102;54;19
798.0;103;52;20
804.0;106;47;22
810.0;105;50;20
816.0;109;48;18
822.0;109;49;17
828.0;103;49;23
834.0;104;50;21
840.0;103;48;24
846.0;103;51;21
852.0;96;50;29
858.0;98;51;26
864.0;99;50;26
870.0;96;50;29
876.0;98;48;29
882.0;104;48;23
888.0;97;46;32
894.0;100;41;34
900.0;100;47;28
906.0;96;51;28
912.0;96;55;24
918.0;96;56;23
924.0;94;57;24
930.0;90;60;25
936.0;85;63;27
942.0;91;60;24
948.0;91;54;30
954.0;87;51;37
960.0;92;50;33
966.0;95;47;33
972.0;95;49;31
978.0;94;51;30
984.0;99;50;26
990.0;103;51;21
996.0;99;49;27
1002.0;91;55;29
1008.0;96;51;28
1014.0;99;50;26
1020.0;94;55;26
1026.0;96;52;27
1032.0;98;54;23
1038.0;96;54;25
1044.0;92;55;28
1050.0;103;50;22
1056.0;105;49;21
1062.0;101;53;21
1068.0;99;52;24
1074.0;103;52;20
1080.0;105;53;17
1086.0;99;56;20
1092.0;96;56;23
1098.0;95;56;24
1104.0;97;48;30
1110.0;99;49;27
1116.0;99;49;27
1122.0;100;41;34
1128.0;98;45;32
1134.0;105;47;23
1140.0;99;47;29
1146.0;94;52;29
1152.0;101;56;18
1158.0;102;52;21
1164.0;103;52;20
1170.0;100;55;20
1176.0;102;50;23
1182.0;91;57;27
1188.0;93;50;32
1194.0;88;58;29
1200.0;89;62;24
1206.0;90;56;29
1212.0;97;49;29
1218.0;102;44;29
1224.0;93;45;37
1230.0;98;41;36
1236.0;94;52;29
1242.0;87;50;38
1248.0;90;51;34
1254.0;95;45;35
1260.0;102;45;28
1266.0;104;45;26
1272.0;105;47;23
1278.0;99;46;30
1284.0;97;52;26
1290.0;95;47;33
1296.0;96;46;33
1302.0;93;54;28
1308.0;94;49;32
1314.0;94;49;32
1320.0;92;52;31
1326.0;93;51;31
1332.0;90;54;31
1338.0;91;57;27
1344.0;95;57;23
1350.0;94;51;30
1356.0;102;45;28
1362.0;105;46;24
1368.0;105;48;22
1374.0;104;50;21
1380.0;103;51;21
1386.0;97;53;25
1392.0;91;57;27
1398.0;92;60;23
1404.0;87;66;22
1410.0;84;66;25
1416.0;86;63;26
1422.0;88;56;31
1428.0;91;57;27
1434.0;92;58;25
1440.0;90;58;27
1446.0;87;59;29
1452.0;88;59;28
1458.0;86;67;22
1464.0;93;61;21
1470.0;89;65;21
1476.0;90;67;18
1482.0;93;63;19
1488.0;93;64;18
1494.0;90;68;17
