#auto generated file!
180.0;166;85;49
186.0;163;86;51
192.0;163;90;47
198.0;165;88;47
204.0;169;87;44
210.0;175;78;47
216.0;177;76;47
222.0;177;80;43
228.0;181;78;41
234.0;186;80;34
240.0;182;82;36
246.0;177;74;49
252.0;175;77;48
258.0;176;76;48
264.0;179;80;41
270.0;173;81;46
276.0;179;78;43
282.0;173;83;44
288.0;177;76;47
294.0;169;77;54
300.0;167;83;50
306.0;172;82;46
312.0;171;85;44
318.0;166;90;44
324.0;173;91;36
330.0;167;93;40
336.0;166;90;44
342.0;154;100;46
348.0;149;98;53
354.0;156;86;58
360.0;157;88;55
366.0;163;89;48
372.0;171;86;43
378.0;176;84;40
384.0;179;85;36
390.0;180;80;40
396.0;176;85;39
402.0;178;87;35
408.0;166;97;37
414.0;159;95;46
420.0;164;95;41
426.0;166;93;41
432.0;162;101;37
438.0;166;96;38
444.0;161;92;47
450.0;163;97;40
456.0;168;98;34
462.0;165;95;40
468.0;167;90;43
474.0;164;97;39
480.0;165;90;45
486.0;163;93;44
492.0;172;90;38
498.0;173;90;37
504.0;180;91;29
510.0;173;92;35
516.0;174;92;34
522.0;180;88;32
528.0;180;81;39
534.0;180;79;41
540.0;184;70;46
546.0;186;62;52
552.0;190;64;46
558.0;188;69;43
564.0;187;68;45
570.0;180;73;47
576.0;177;75;48
582.0;179;77;44
588.0;186;74;40
594.0;188;72;40
600.0;182;75;43
606.0;187;71;42
612.0;190;74;36
618.0;190;76;34
624.0;191;77;32
630.0;187;80;33
636.0;182;81;37
642.0;178;79;43
648.0;173;80;47
654.0;177;75;48
660.0;179;77;44
666.0;181;74;45
672.0;183;78;39
678.0;178;81;41
684.0;178;84;38
690.0;182;84;34
696.0;183;79;38
702.0;185;81;34
708.0;176;82;42
714.0;174;87;39
720.0;178;84;38
726.0;178;83;39
732.0;186;76;38
738.0;181;83;36
744.0;184;86;30
750.0;183;82;35
756.0;181;78;41
762.0;182;78;40
768.0;177;78;45
774.0;168;86;46
780.0;161;88;51
786.0;168;82;50
792.0;173;84;43
798.0;175;83;42
804.0;173;82;45
810.0;178;81;41
816.0;176;85;39
822.0;180;75;45
828.0;173;77;50
834.0;178;77;45
840.0;179;81;40
846.0;179;81;40
852.0;177;82;41
858.0;176;91;33
864.0;185;85;30
870.0;182;87;31
876.0;178;85;37
882.0;176;81;43
888.0;177;86;37
894.0;186;80;34
900.0;183;80;37
906.0;176;81;43
912.0;173;83;44
918.0;181;79;40
924.0;175;77;48
930.0;171;81;48
936.0;169;79;52
942.0;169;81;50
948.0;178;78;44
954.0;185;73;42
960.0;179;73;48
966.0;176;82;42
972.0;182;78;40
978.0;187;65;48
984.0;184;67;49
990.0;182;73;45
996.0;183;73;44
1002.0;180;73;47
1008.0;180;78;42
1014.0;185;80;35
1020.0;180;85;35
1026.0;180;86;34
1032.0;184;80;36
1038.0;179;80;41
1044.0;182;81;37
1050.0;176;88;36
1056.0;173;88;39
1062.0;173;88;39
1068.0;172;87;41
1074.0;166;88;46
1080.0;169;91;40
1086.0;171;93;36
1092.0;176;85;39
1098.0;184;77;39
1104.0;184;77;39
1110.0;181;81;38
1116.0;180;86;34
1122.0;178;90;32
1128.0;175;82;43
1134.0;178;80;42
1140.0;180;85;35
1146.0;177;84;39
1152.0;169;86;45
1158.0;169;86;45
1164.0;167;81;52
1170.0;168;87;45
1176.0;165;91;44
1182.0;155;87;58
1188.0;154;92;54
1194.0;158;90;52
1200.0;168;86;46
1206.0;165;90;45
1212.0;162;90;48
1218.0;163;87;50
1224.0;153;95;52
1230.0;155;92;53
1236.0;154;88;58
1242.0;159;87;54
1248.0;161;88;51
1254.0;159;90;51
1260.0;165;83;52
1266.0;163;84;53
1272.0;159;94;47
1278.0;161;96;43
1284.0;161;96;43
1290.0;158;104;38
1296.0;160;102;38
1302.0;171;93;36
1308.0;169;87;44
1314.0;176;86;38
1320.0;173;83;44
1326.0;166;86;48
1332.0;171;82;47
1338.0;171;85;44
1344.0;171;81;48
1350.0;167;88;45
1356.0;158;97;45
1362.0;162;88;50
1368.0;156;82;62
1374.0;158;84;58
1380.0;162;86;52
1386.0;169;78;53
1392.0;166;79;55
1398.0;165;89;46
1404.0;167;88;45
1410.0;173;84;43
1416.0;176;89;35
1422.0;180;86;34
1428.0;183;75;42
1434.0;182;73;45
1440.0;180;83;37
1446.0;180;79;41
1452.0;180;82;38
1458.0;183;79;38
1464.0;180;84;36
1470.0;183;75;42
1476.0;188;67;45
1482.0;188;68;44
1488.0;198;65;37
1494.0;188;71;41
