#auto generated file!
180.0;118;58;24
186.0;119;62;19
192.0;116;65;19
198.0;120;57;23
204.0;119;55;26
210.0;118;57;25
216.0;118;60;22
222.0;115;60;25
228.0;109;57;34
234.0;107;64;29
240.0;106;68;26
246.0;105;69;26
252.0;110;66;24
258.0;115;60;25
264.0;107;68;25
270.0;99;65;36
276.0;108;59;33
282.0;110;58;32
288.0;108;63;29
294.0;113;56;31
300.0;113;50;37
306.0;115;48;37
312.0;115;49;36
318.0;111;54;35
324.0;114;58;28
330.0;114;61;25
336.0;116;59;25
342.0;118;57;25
348.0;115;59;26
354.0;117;58;25
360.0;108;66;26
366.0;112;65;23
372.0;116;62;22
378.0;111;65;24
384.0;117;62;21
390.0;114;66;20
396.0;110;72;18
402.0;111;69;20
408.0;114;67;19
414.0;110;65;25
420.0;112;61;27
426.0;112;58;30
432.0;117;56;27
438.0;117;54;29
444.0;124;55;21
450.0;114;57;29
456.0;113;51;36
462.0;115;53;32
468.0;115;54;31
474.0;111;54;35
480.0;111;59;30
486.0;110;56;34
492.0;110;60;30
498.0;109;57;34
504.0;112;59;29
510.0;112;58;30
516.0;114;58;28
522.0;115;57;28
528.0;112;56;32
534.0;116;52;32
540.0;106;58;36
546.0;106;62;32
552.0;104;66;30
558.0;105;60;35
564.0;101;60;39
570.0;101;59;40
576.0;103;62;35
582.0;103;60;37
588.0;106;60;34
594.0;106;62;32
600.0;105;63;32
606.0;105;67;28
612.0;102;67;31
618.0;101;62;37
624.0;106;58;36
630.0;110;61;29
636.0;113;55;32
642.0;117;58;25
648.0;117;56;27
654.0;114;61;25
660.0;119;54;27
666.0;119;57;24
672.0;118;54;28
678.0;117;56;27
684.0;119;54;27
690.0;118;54;28
696.0;126;50;24
702.0;126;48;26
708.0;121;49;30
714.0;115;55;30
720.0;117;56;27
726.0;123;52;25
732.0;120;55;25
738.0;114;58;28
744.0;116;60;24
750.0;112;63;25
756.0;115;59;26
762.0;112;62;26
768.0;116;60;24
774.0;120;57;23
780.0;113;61;26
786.0;113;61;26
792.0;110;64;26
798.0;106;65;29
804.0;106;68;26
810.0;111;66;23
816.0;113;64;23
822.0;114;62;24
828.0;113;66;21
834.0;110;62;28
840.0;107;57;36
846.0;112;52;36
852.0;106;54;40
858.0;109;51;40
864.0;111;50;39
870.0;117;49;34
876.0;115;49;36
882.0;107;57;36
888.0;112;55;33
894.0;108;59;33
900.0;111;62;27
906.0;112;59;29
912.0;113;59;28
918.0;111;58;31
924.0;111;57;32
930.0;114;53;33
936.0;112;56;32
942.0;114;55;31
948.0;116;56;28
954.0;118;50;32
960.0;114;53;33
966.0;111;50;39
972.0;112;57;31
978.0;110;60;30
984.0;106;61;33
990.0;104;64;32
996.0;109;58;33
1002.0;110;62;28
1008.0;118;58;24
1014.0;117;62;21
1020.0;116;54;30
1026.0;118;56;26
1032.0;119;54;27
1038.0;116;57;27
1044.0;116;56;28
1050.0;118;62;20
1056.0;125;56;19
1062.0;114;62;24
1068.0;119;56;25
1074.0;119;53;28
1080.0;119;56;25
1086.0;124;54;22
1092.0;122;59;19
1098.0;122;60;18
1104.0;116;56;28
1110.0;122;54;24
1116.0;114;61;25
1122.0;115;61;24
1128.0;121;56;23
1134.0;116;60;24
1140.0;114;55;31
1146.0;111;54;35
1152.0;115;52;33
1158.0;123;51;26
1164.0;117;58;25
1170.0;114;55;31
1176.0;116;50;34
1182.0;124;50;26
1188.0;122;54;24
1194.0;116;56;28
1200.0;118;59;23
1206.0;116;61;23
1212.0;114;59;27
1218.0;115;59;26
1224.0;111;70;19
1230.0;111;64;25
1236.0;109;63;28
1242.0;110;64;26
1248.0;109;59;32
1254.0;112;56;32
1260.0;116;55;29
1266.0;116;55;29
1272.0;115;54;31
1278.0;111;58;31
1284.0;104;62;34
1290.0;95;64;41
1296.0;105;62;33
1302.0;107;60;33
1308.0;105;63;32
1314.0;108;64;28
1320.0;108;64;28
1326.0;113;61;26
1332.0;106;67;27
1338.0;99;71;30
1344.0;97;70;33
1350.0;99;70;31
1356.0;99;67;34
1362.0;98;67;35
1368.0;97;62;41
1374.0;104;61;35
1380.0;108;62;30
1386.0;107;66;27
1392.0;104;62;34
1398.0;97;66;37
1404.0;97;63;40
1410.0;97;74;29
1416.0;100;67;33
1422.0;104;63;33
1428.0;102;66;32
1434.0;97;63;40
1440.0;97;64;39
1446.0;93;66;41
1452.0;103;62;35
1458.0;103;61;36
1464.0;104;61;35
1470.0;109;64;27
1476.0;111;61;28
1482.0;114;59;27
1488.0;116;56;28
1494.0;121;51;28
