#auto generated file!
180.0;46;24;5
186.0;43;26;6
192.0;37;24;14
198.0;40;21;14
204.0;40;23;12
210.0;40;23;12
216.0;37;29;9
222.0;37;27;11
228.0;43;25;7
234.0;43;27;5
240.0;42;24;9
246.0;42;22;11
252.0;42;21;12
258.0;42;19;14
264.0;43;19;13
270.0;44;20;11
276.0;46;21;8
282.0;44;22;9
288.0;46;20;9
294.0;49;20;6
300.0;46;21;8
306.0;48;19;8
312.0;44;19;12
318.0;38;24;13
324.0;38;24;13
330.0;40;24;11
336.0;44;24;7
342.0;44;24;7
348.0;47;21;7
354.0;45;26;4
360.0;46;22;7
366.0;45;19;11
372.0;46;19;10
378.0;49;18;8
384.0;47;17;11
390.0;48;17;10
396.0;47;18;10
402.0;43;20;12
408.0;39;21;15
414.0;39;22;14
420.0;42;23;10
426.0;43;24;8
432.0;42;21;12
438.0;46;19;10
444.0;46;17;12
450.0;42;22;11
456.0;42;19;14
462.0;39;22;14
468.0;40;22;13
474.0;44;23;8
480.0;44;23;8
486.0;44;23;8
492.0;42;23;10
498.0;45;19;11
504.0;43;19;13
510.0;44;18;13
516.0;41;20;14
522.0;47;22;6
528.0;43;26;6
534.0;40;24;11
540.0;42;22;11
546.0;46;21;8
552.0;43;23;9
558.0;40;25;10
564.0;39;25;11
570.0;37;26;12
576.0;38;24;13
582.0;37;23;15
588.0;36;23;16
594.0;39;23;13
600.0;37;25;13
606.0;36;26;13
612.0;36;29;10
618.0;38;24;13
624.0;43;21;11
630.0;39;24;12
636.0;36;26;13
642.0;39;24;12
648.0;38;27;10
654.0;36;30;9
660.0;35;30;10
666.0;37;27;11
672.0;38;28;9
678.0;39;26;10
684.0;39;26;10
690.0;44;23;8
696.0;42;28;5
702.0;39;24;12
708.0;42;22;11
714.0;39;22;14
720.0;41;19;15
726.0;42;21;12
732.0;42;20;13
738.0;44;19;12
744.0;42;22;11
750.0;43;23;9
756.0;45;21;9
762.0;43;26;6
768.0;44;24;7
774.0;41;26;8
780.0;41;25;9
786.0;46;22;7
792.0;42;23;10
798.0;45;23;7
804.0;47;20;8
810.0;48;17;10
816.0;47;20;8
822.0;49;17;9
828.0;48;19;8
834.0;46;21;8
840.0;43;25;7
846.0;43;22;10
852.0;46;23;6
858.0;46;22;7
864.0;41;25;9
870.0;40;27;8
876.0;42;26;7
882.0;43;27;5
888.0;42;27;6
894.0;43;29;3
900.0;42;30;3
906.0;42;26;7
912.0;43;25;7
918.0;45;20;10
924.0;46;18;11
930.0;47;18;10
936.0;46;18;11
942.0;47;17;11
948.0;44;21;10
954.0;41;22;12
960.0;44;24;7
966.0;46;21;8
972.0;48;20;7
978.0;44;21;10
984.0;48;18;9
990.0;46;20;9
996.0;48;19;8
1002.0;49;17;9
1008.0;47;18;10
1014.0;45;22;8
1020.0;45;23;7
1026.0;45;21;9
1032.0;46;19;10
1038.0;47;14;14
1044.0;47;17;11
1050.0;45;17;13
1056.0;46;16;13
1062.0;48;16;11
1068.0;50;15;10
1074.0;48;19;8
1080.0;49;20;6
1086.0;46;23;6
1092.0;44;21;10
1098.0;44;25;6
1104.0;43;26;6
1110.0;42;26;7
1116.0;43;26;6
1122.0;48;19;8
1128.0;49;18;8
1134.0;49;15;11
1140.0;50;15;10
1146.0;51;14;10
1152.0;50;15;10
1158.0;51;14;10
1164.0;51;16;8
1170.0;49;16;10
1176.0;45;23;7
1182.0;47;19;9
1188.0;46;17;12
1194.0;46;21;8
1200.0;47;22;6
1206.0;43;21;11
1212.0;42;20;13
1218.0;46;18;11
1224.0;47;17;11
1230.0;45;20;10
1236.0;46;23;6
1242.0;43;22;10
1248.0;44;21;10
1254.0;42;22;11
1260.0;38;19;18
1266.0;41;19;15
1272.0;43;22;10
1278.0;44;20;11
1284.0;45;19;11
1290.0;46;19;10
1296.0;45;20;10
1302.0;45;23;7
1308.0;45;20;10
1314.0;48;20;7
1320.0;50;19;6
1326.0;48;19;8
1332.0;50;19;6
1338.0;48;17;10
1344.0;48;16;11
1350.0;43;17;15
1356.0;43;18;14
1362.0;41;23;11
1368.0;39;26;10
1374.0;38;28;9
1380.0;35;28;12
1386.0;40;24;11
1392.0;40;24;11
1398.0;39;24;12
1404.0;37;24;14
1410.0;38;26;11
1416.0;38;25;12
1422.0;37;29;9
1428.0;37;28;10
1434.0;40;21;14
1440.0;43;22;10
1446.0;45;22;8
1452.0;46;21;8
1458.0;42;21;12
1464.0;40;25;10
1470.0;42;24;9
1476.0;42;23;10
1482.0;41;24;10
1488.0;40;21;14
1494.0;44;21;10
