#auto generated file!
180.0;187;102;36
186.0;197;88;40
192.0;185;87;53
198.0;183;88;54
204.0;183;95;47
210.0;178;96;51
216.0;182;94;49
222.0;181;92;52
228.0;190;92;43
234.0;192;91;42
240.0;191;86;48
246.0;192;87;46
252.0;184;94;47
258.0;183;93;49
264.0;182;88;55
270.0;178;89;58
276.0;192;86;47
282.0;200;82;43
288.0;186;95;44
294.0;186;95;44
300.0;178;98;49
306.0;175;95;55
312.0;168;97;60
318.0;171;99;55
324.0;179;98;48
330.0;179;89;57
336.0;185;88;52
342.0;187;84;54
348.0;183;86;56
354.0;180;87;58
360.0;182;94;49
366.0;179;94;52
372.0;182;96;47
378.0;189;90;46
384.0;183;92;50
390.0;186;89;50
396.0;181;100;44
402.0;176;105;44
408.0;179;99;47
414.0;179;99;47
420.0;191;81;53
426.0;199;79;47
432.0;196;79;50
438.0;192;85;48
444.0;198;81;46
450.0;201;86;38
456.0;198;78;49
462.0;195;84;46
468.0;194;88;43
474.0;191;85;49
480.0;189;92;44
486.0;183;97;45
492.0;189;96;40
498.0;191;101;33
504.0;181;102;42
510.0;174;104;47
516.0;170;109;46
522.0;172;109;44
528.0;174;109;42
534.0;175;106;44
540.0;182;104;39
546.0;172;109;44
552.0;172;100;53
558.0;161;106;58
564.0;161;108;56
570.0;161;103;61
576.0;161;103;61
582.0;166;105;54
588.0;171;105;49
594.0;175;101;49
600.0;185;91;49
606.0;191;90;44
612.0;187;95;43
618.0;186;96;43
624.0;181;99;45
630.0;190;95;40
636.0;180;102;43
642.0;171;104;50
648.0;176;112;37
654.0;179;102;44
660.0;180;101;44
666.0;180;98;47
672.0;184;96;45
678.0;186;88;51
684.0;180;87;58
690.0;177;86;62
696.0;177;90;58
702.0;177;93;55
708.0;170;98;57
714.0;168;98;59
720.0;172;95;58
726.0;179;89;57
732.0;175;92;58
738.0;173;96;56
744.0;179;96;50
750.0;182;97;46
756.0;187;97;41
762.0;182;97;46
768.0;178;100;47
774.0;181;103;41
780.0;181;106;38
786.0;181;100;44
792.0;180;105;40
798.0;180;103;42
804.0;182;105;38
810.0;175;104;46
816.0;178;94;53
822.0;173;96;56
828.0;173;104;48
834.0;179;100;46
840.0;179;100;46
846.0;177;102;46
852.0;178;100;47
858.0;178;95;52
864.0;180;96;49
870.0;183;91;51
876.0;190;93;42
882.0;189;87;49
888.0;190;85;50
894.0;203;80;42
900.0;197;87;41
906.0;191;86;48
912.0;196;83;46
918.0;199;83;43
924.0;206;77;42
930.0;205;83;37
936.0;197;89;39
942.0;204;83;38
948.0;197;82;46
954.0;193;92;40
960.0;192;92;41
966.0;192;95;38
972.0;197;96;32
978.0;195;94;36
984.0;185;101;39
990.0;187;100;38
996.0;190;100;35
1002.0;190;101;34
1008.0;190;100;35
1014.0;192;88;45
1020.0;187;92;46
1026.0;182;95;48
1032.0;175;95;55
1038.0;173;96;56
1044.0;176;100;49
1050.0;185;83;57
1056.0;189;79;57
1062.0;187;88;50
1068.0;193;79;53
1074.0;197;78;50
1080.0;192;83;50
1086.0;193;82;50
1092.0;193;87;45
1098.0;188;88;49
1104.0;194;84;47
1110.0;192;85;48
1116.0;194;82;49
1122.0;195;84;46
1128.0;196;84;45
1134.0;194;86;45
1140.0;191;85;49
1146.0;183;92;50
1152.0;189;92;44
1158.0;188;88;49
1164.0;193;87;45
1170.0;182;95;48
1176.0;189;83;53
1182.0;184;85;56
1188.0;190;85;50
1194.0;187;80;58
1200.0;203;78;44
1206.0;190;92;43
1212.0;177;99;49
1218.0;183;100;42
1224.0;185;97;43
1230.0;186;94;45
1236.0;189;89;47
1242.0;182;90;53
1248.0;186;85;54
1254.0;183;81;61
1260.0;180;87;58
1266.0;180;91;54
1272.0;181;93;51
1278.0;170;98;57
1284.0;169;106;50
1290.0;174;105;46
1296.0;179;98;48
1302.0;182;97;46
1308.0;186;97;42
1314.0;180;94;51
1320.0;188;89;48
1326.0;191;87;47
1332.0;192;80;53
1338.0;194;72;59
1344.0;184;78;63
1350.0;188;78;59
1356.0;190;76;59
1362.0;197;81;47
1368.0;185;93;47
1374.0;178;93;54
1380.0;183;89;53
1386.0;186;77;62
1392.0;192;75;58
1398.0;184;77;64
1404.0;197;84;44
1410.0;197;88;40
1416.0;197;88;40
1422.0;188;95;42
1428.0;195;93;37
1434.0;200;91;34
1440.0;198;98;29
1446.0;197;102;26
1452.0;199;102;24
1458.0;193;107;25
1464.0;190;100;35
1470.0;189;103;33
1476.0;189;99;37
1482.0;185;101;39
1488.0;184;100;41
1494.0;184;99;42
