#auto generated file!
180.0;168;86;46
186.0;164;80;56
192.0;159;83;58
198.0;160;80;60
204.0;154;89;57
210.0;158;88;54
216.0;152;96;52
222.0;161;87;52
228.0;175;74;51
234.0;175;75;50
240.0;170;77;53
246.0;171;76;53
252.0;167;89;44
258.0;165;89;46
264.0;163;92;45
270.0;165;91;44
276.0;174;87;39
282.0;182;85;33
288.0;176;85;39
294.0;174;86;40
300.0;173;83;44
306.0;172;83;45
312.0;169;83;48
318.0;170;85;45
324.0;170;81;49
330.0;162;84;54
336.0;165;84;51
342.0;165;85;50
348.0;162;88;50
354.0;162;89;49
360.0;163;93;44
366.0;160;89;51
372.0;161;90;49
378.0;166;89;45
384.0;164;85;51
390.0;169;83;48
396.0;171;82;47
402.0;176;77;47
408.0;171;80;49
414.0;171;86;43
420.0;164;92;44
426.0;172;86;42
432.0;166;87;47
438.0;163;81;56
444.0;174;77;49
450.0;175;78;47
456.0;171;78;51
462.0;164;82;54
468.0;167;83;50
474.0;167;86;47
480.0;167;93;40
486.0;170;93;37
492.0;168;96;36
498.0;162;94;44
504.0;163;91;46
510.0;168;84;48
516.0;163;90;47
522.0;173;87;40
528.0;180;80;40
534.0;173;85;42
540.0;178;81;41
546.0;181;82;37
552.0;172;88;40
558.0;172;89;39
564.0;175;81;44
570.0;183;77;40
576.0;183;77;40
582.0;184;78;38
588.0;178;80;42
594.0;183;74;43
600.0;183;80;37
606.0;186;79;35
612.0;183;79;38
618.0;187;79;34
624.0;189;72;39
630.0;187;72;41
636.0;184;74;42
642.0;190;68;42
648.0;184;75;41
654.0;182;78;40
660.0;182;83;35
666.0;180;78;42
672.0;181;78;41
678.0;181;75;44
684.0;180;81;39
690.0;177;78;45
696.0;182;71;47
702.0;189;68;43
708.0;188;70;42
714.0;192;66;42
720.0;194;67;39
726.0;187;75;38
732.0;183;72;45
738.0;183;74;43
744.0;177;78;45
750.0;167;83;50
756.0;170;84;46
762.0;170;86;44
768.0;173;84;43
774.0;170;87;43
780.0;169;86;45
786.0;172;80;48
792.0;170;85;45
798.0;166;93;41
804.0;176;88;36
810.0;170;84;46
816.0;167;90;43
822.0;173;84;43
828.0;177;84;39
834.0;179;79;42
840.0;182;81;37
846.0;183;75;42
852.0;178;80;42
858.0;182;79;39
864.0;180;78;42
870.0;178;73;49
876.0;168;82;50
882.0;169;83;48
888.0;162;91;47
894.0;161;91;48
900.0;169;85;46
906.0;165;91;44
912.0;160;98;42
918.0;162;94;44
924.0;166;88;46
930.0;167;90;43
936.0;170;86;44
942.0;171;83;46
948.0;184;79;37
954.0;182;76;42
960.0;181;77;42
966.0;177;77;46
972.0;178;74;48
978.0;179;76;45
984.0;175;79;46
990.0;171;82;47
996.0;172;85;43
1002.0;161;86;53
1008.0;159;85;56
1014.0;160;81;59
1020.0;164;80;56
1026.0;174;74;52
1032.0;173;69;58
1038.0;172;73;55
1044.0;174;78;48
1050.0;176;74;50
1056.0;178;75;47
1062.0;177;84;39
1068.0;184;79;37
1074.0;175;85;40
1080.0;170;86;44
1086.0;172;82;46
1092.0;172;85;43
1098.0;163;95;42
1104.0;169;91;40
1110.0;174;84;42
1116.0;174;84;42
1122.0;183;77;40
1128.0;183;80;37
1134.0;174;88;38
1140.0;163;90;47
1146.0;164;90;46
1152.0;152;97;51
1158.0;150;92;58
1164.0;165;85;50
1170.0;166;85;49
1176.0;167;86;47
1182.0;173;74;53
1188.0;176;83;41
1194.0;166;82;52
1200.0;175;85;40
1206.0;169;88;43
1212.0;175;90;35
1218.0;178;96;26
1224.0;173;96;31
1230.0;173;91;36
1236.0;172;82;46
1242.0;177;79;44
1248.0;174;86;40
1254.0;173;90;37
1260.0;171;86;43
1266.0;173;88;39
1272.0;170;91;39
1278.0;176;79;45
1284.0;171;91;38
1290.0;178;89;33
1296.0;177;88;35
1302.0;174;89;37
1308.0;174;82;44
1314.0;170;81;49
1320.0;169;88;43
1326.0;171;83;46
1332.0;167;91;42
1338.0;166;88;46
1344.0;165;88;47
1350.0;163;93;44
1356.0;170;87;43
1362.0;163;92;45
1368.0;162;95;43
1374.0;157;99;44
1380.0;157;91;52
1386.0;151;96;53
1392.0;162;90;48
1398.0;158;96;46
1404.0;157;91;52
1410.0;153;94;53
1416.0;153;103;44
1422.0;154;101;45
1428.0;155;101;44
1434.0;164;97;39
1440.0;162;101;37
1446.0;164;100;36
1452.0;162;95;43
1458.0;159;99;42
1464.0;158;101;41
1470.0;159;101;40
1476.0;159;100;41
1482.0;146;107;47
1488.0;145;113;42
1494.0;150;106;44
