#auto generated file!
180.0;29;15;6
186.0;28;17;5
192.0;26;15;9
198.0;26;14;10
204.0;27;16;7
210.0;25;18;7
216.0;23;19;8
222.0;26;14;10
228.0;27;14;9
234.0;27;14;9
240.0;24;16;10
246.0;23;17;10
252.0;26;16;8
258.0;27;17;6
264.0;30;14;6
270.0;31;12;7
276.0;29;13;8
282.0;29;14;7
288.0;26;15;9
294.0;23;15;12
300.0;25;15;10
306.0;22;20;8
312.0;24;17;9
318.0;23;16;11
324.0;25;14;11
330.0;25;15;10
336.0;26;14;10
342.0;26;15;9
348.0;27;14;9
354.0;30;13;7
360.0;27;14;9
366.0;25;16;9
372.0;26;18;6
378.0;27;17;6
384.0;27;16;7
390.0;24;17;9
396.0;24;17;9
402.0;26;18;6
408.0;26;19;5
414.0;26;18;6
420.0;25;18;7
426.0;27;16;7
432.0;28;15;7
438.0;23;20;7
444.0;23;20;7
450.0;21;21;8
456.0;22;19;9
462.0;23;20;7
468.0;26;18;6
474.0;28;17;5
480.0;31;14;5
486.0;32;14;4
492.0;31;14;5
498.0;31;13;6
504.0;31;12;7
510.0;33;7;10
516.0;37;8;5
522.0;32;12;6
528.0;31;13;6
534.0;31;13;6
540.0;31;13;6
546.0;28;17;5
552.0;26;16;8
558.0;25;20;5
564.0;26;20;4
570.0;27;21;2
576.0;28;20;2
582.0;26;20;4
588.0;27;18;5
594.0;27;20;3
600.0;29;18;3
606.0;28;19;3
612.0;26;19;5
618.0;27;17;6
624.0;28;15;7
630.0;27;14;9
636.0;26;14;10
642.0;25;14;11
648.0;27;16;7
654.0;26;20;4
660.0;29;18;3
666.0;28;17;5
672.0;26;19;5
678.0;26;17;7
684.0;28;15;7
690.0;28;14;8
696.0;26;16;8
702.0;27;17;6
708.0;26;15;9
714.0;25;16;9
720.0;26;18;6
726.0;24;18;8
732.0;24;21;5
738.0;23;22;5
744.0;23;21;6
750.0;21;23;6
756.0;22;20;8
762.0;22;20;8
768.0;24;14;12
774.0;25;18;7
780.0;27;17;6
786.0;27;17;6
792.0;28;20;2
798.0;30;18;2
804.0;33;15;2
810.0;34;12;4
816.0;37;8;5
822.0;34;9;7
828.0;35;10;5
834.0;36;11;3
840.0;36;11;3
846.0;35;10;5
852.0;35;12;3
858.0;32;12;6
864.0;33;11;6
870.0;31;14;5
876.0;35;10;5
882.0;35;10;5
888.0;38;8;4
894.0;35;10;5
900.0;37;10;3
906.0;34;12;4
912.0;32;13;5
918.0;30;13;7
924.0;28;15;7
930.0;33;14;3
936.0;31;14;5
942.0;32;11;7
948.0;33;12;5
954.0;35;9;6
960.0;34;9;7
966.0;29;11;10
972.0;27;13;10
978.0;30;11;9
984.0;31;12;7
990.0;28;12;10
996.0;27;14;9
1002.0;26;14;10
1008.0;27;13;10
1014.0;29;13;8
1020.0;31;12;7
1026.0;31;13;6
1032.0;34;12;4
1038.0;33;13;4
1044.0;30;14;6
1050.0;30;13;7
1056.0;32;12;6
1062.0;31;11;8
1068.0;34;11;5
1074.0;31;11;8
1080.0;29;15;6
1086.0;30;17;3
1092.0;31;16;3
1098.0;28;17;5
1104.0;28;15;7
1110.0;30;14;6
1116.0;28;18;4
1122.0;27;18;5
1128.0;23;18;9
1134.0;22;16;12
1140.0;22;17;11
1146.0;25;16;9
1152.0;25;15;10
1158.0;26;15;9
1164.0;26;16;8
1170.0;31;11;8
1176.0;31;10;9
1182.0;32;14;4
1188.0;34;12;4
1194.0;33;12;5
1200.0;34;11;5
1206.0;35;10;5
1212.0;35;12;3
1218.0;27;15;8
1224.0;26;17;7
1230.0;26;16;8
1236.0;26;16;8
1242.0;27;14;9
1248.0;29;13;8
1254.0;29;17;4
1260.0;29;15;6
1266.0;27;13;10
1272.0;28;14;8
1278.0;25;16;9
1284.0;26;13;11
1290.0;27;11;12
1296.0;29;9;12
1302.0;30;10;10
1308.0;30;9;11
1314.0;29;11;10
1320.0;29;10;11
1326.0;27;12;11
1332.0;27;14;9
1338.0;25;15;10
1344.0;24;16;10
1350.0;25;15;10
1356.0;29;13;8
1362.0;29;12;9
1368.0;32;9;9
1374.0;32;10;8
1380.0;30;13;7
1386.0;31;15;4
1392.0;30;15;5
1398.0;29;14;7
1404.0;25;17;8
1410.0;25;14;11
1416.0;23;14;13
1422.0;28;14;8
1428.0;26;18;6
1434.0;24;18;8
1440.0;25;16;9
1446.0;21;17;12
1452.0;21;20;9
1458.0;19;19;12
1464.0;22;20;8
1470.0;21;21;8
1476.0;21;22;7
1482.0;19;21;10
1488.0;23;20;7
1494.0;23;24;3
