#auto generated file!
180.0;15;8;2
186.0;16;5;4
192.0;14;7;4
198.0;14;6;5
204.0;14;6;5
210.0;16;4;5
216.0;16;3;6
222.0;16;5;4
228.0;16;5;4
234.0;18;4;3
240.0;16;6;3
246.0;16;7;2
252.0;16;7;2
258.0;12;9;4
264.0;12;7;6
270.0;15;6;4
276.0;17;5;3
282.0;19;3;3
288.0;19;3;3
294.0;18;4;3
300.0;16;5;4
306.0;13;6;6
312.0;13;6;6
318.0;13;5;7
324.0;11;9;5
330.0;11;9;5
336.0;13;7;5
342.0;12;6;7
348.0;13;5;7
354.0;13;5;7
360.0;13;6;6
366.0;13;6;6
372.0;14;6;5
378.0;14;8;3
384.0;16;6;3
390.0;16;5;4
396.0;14;6;5
402.0;14;6;5
408.0;12;9;4
414.0;13;8;4
420.0;16;7;2
426.0;17;5;3
432.0;17;5;3
438.0;16;6;3
444.0;16;7;2
450.0;15;7;3
456.0;16;7;2
462.0;14;7;4
468.0;13;8;4
474.0;14;7;4
480.0;14;7;4
486.0;12;11;2
492.0;12;11;2
498.0;12;12;1
504.0;10;10;5
510.0;9;8;8
516.0;10;10;5
522.0;11;8;6
528.0;12;8;5
534.0;13;7;5
540.0;14;6;5
546.0;13;5;7
552.0;13;4;8
558.0;13;7;5
564.0;14;6;5
570.0;15;7;3
576.0;15;7;3
582.0;15;7;3
588.0;15;7;3
594.0;13;9;3
600.0;12;7;6
606.0;11;6;8
612.0;11;6;8
618.0;12;7;6
624.0;14;7;4
630.0;15;7;3
636.0;16;6;3
642.0;18;3;4
648.0;19;3;3
654.0;16;5;4
660.0;16;5;4
666.0;16;6;3
672.0;15;6;4
678.0;15;4;6
684.0;15;3;7
690.0;15;5;5
696.0;17;4;4
702.0;17;3;5
708.0;15;3;7
714.0;16;3;6
720.0;19;4;2
726.0;21;2;2
732.0;19;3;3
738.0;18;3;4
744.0;17;4;4
750.0;18;5;2
756.0;14;7;4
762.0;14;7;4
768.0;14;8;3
774.0;13;10;2
780.0;12;10;3
786.0;13;10;2
792.0;14;9;2
798.0;14;8;3
804.0;13;8;4
810.0;13;7;5
816.0;13;7;5
822.0;14;7;4
828.0;14;8;3
834.0;14;8;3
840.0;14;9;2
846.0;14;9;2
852.0;13;11;1
858.0;13;11;1
864.0;13;10;2
870.0;13;12;0
876.0;12;13;0
882.0;12;12;1
888.0;12;11;2
894.0;14;11;0
900.0;13;10;2
906.0;12;9;4
912.0;15;6;4
918.0;15;8;2
924.0;14;7;4
930.0;15;6;4
936.0;17;5;3
942.0;14;8;3
948.0;15;7;3
954.0;15;8;2
960.0;16;9;0
966.0;14;11;0
972.0;12;12;1
978.0;14;9;2
984.0;13;10;2
990.0;13;9;3
996.0;14;9;2
1002.0;14;9;2
1008.0;16;8;1
1014.0;17;5;3
1020.0;17;6;2
1026.0;18;5;2
1032.0;18;6;1
1038.0;18;6;1
1044.0;19;4;2
1050.0;20;4;1
1056.0;20;4;1
1062.0;19;6;0
1068.0;17;8;0
1074.0;15;8;2
1080.0;14;7;4
1086.0;11;9;5
1092.0;12;8;5
1098.0;13;7;5
1104.0;15;4;6
1110.0;13;7;5
1116.0;14;8;3
1122.0;13;9;3
1128.0;12;8;5
1134.0;12;6;7
1140.0;13;5;7
1146.0;15;4;6
1152.0;16;6;3
1158.0;17;6;2
1164.0;18;5;2
1170.0;18;5;2
1176.0;16;4;5
1182.0;16;4;5
1188.0;16;4;5
1194.0;17;5;3
1200.0;19;5;1
1206.0;17;5;3
1212.0;17;5;3
1218.0;18;5;2
1224.0;18;5;2
1230.0;15;6;4
1236.0;12;8;5
1242.0;14;7;4
1248.0;13;8;4
1254.0;14;9;2
1260.0;16;6;3
1266.0;16;7;2
1272.0;18;5;2
1278.0;17;5;3
1284.0;17;6;2
1290.0;17;5;3
1296.0;15;7;3
1302.0;14;8;3
1308.0;14;9;2
1314.0;13;7;5
1320.0;13;7;5
1326.0;10;9;6
1332.0;11;8;6
1338.0;12;9;4
1344.0;12;9;4
1350.0;11;10;4
1356.0;12;10;3
1362.0;13;10;2
1368.0;14;10;1
1374.0;13;9;3
1380.0;15;7;3
1386.0;16;7;2
1392.0;16;7;2
1398.0;17;7;1
1404.0;16;8;1
1410.0;16;6;3
1416.0;15;6;4
1422.0;14;5;6
1428.0;14;5;6
1434.0;13;5;7
1440.0;14;5;6
1446.0;13;5;7
1452.0;13;5;7
1458.0;12;4;9
1464.0;14;4;7
1470.0;13;5;7
1476.0;14;4;7
1482.0;15;4;6
1488.0;15;6;4
1494.0;15;6;4
