#auto generated file!
6.0;0.0;0.0
12.0;0.0;0.0
18.0;0.5555555555555556;0.0
24.0;4.166666666666667;0.0
30.0;3.3333333333333335;0.0
36.0;0.8333333333333334;0.0
42.0;2.7777777777777777;0.0
48.0;3.3333333333333335;0.0
54.0;5.0;0.0
60.0;8.333333333333334;0.0
66.0;7.777777777777778;0.0
72.0;8.61111111111111;0.0
78.0;7.083333333333333;0.0
84.0;3.888888888888889;0.0
90.0;3.611111111111111;0.0
96.0;4.166666666666667;0.0
102.0;5.555555555555555;0.0
108.0;8.88888888888889;0.5
114.0;6.111111111111111;0.0
120.0;6.666666666666667;0.0
126.0;3.888888888888889;0.0
132.0;7.222222222222222;0.0
138.0;7.361111111111111;0.0
144.0;5.833333333333333;0.0
150.0;11.11111111111111;0.0
156.0;8.88888888888889;0.0
162.0;3.888888888888889;0.0
168.0;3.888888888888889;0.5
174.0;1.6666666666666667;0.0
180.0;4.444444444444445;0.0
186.0;3.611111111111111;0.0
192.0;4.444444444444445;0.0
198.0;5.277777777777778;1.0
204.0;5.277777777777778;0.0
210.0;10.0;0.0
216.0;6.666666666666667;0.0
222.0;7.777777777777778;0.0
228.0;8.333333333333334;0.5
234.0;7.222222222222222;0.0
240.0;7.222222222222222;0.5
246.0;6.111111111111111;0.0
252.0;3.3333333333333335;0.0
258.0;5.277777777777778;0.0
264.0;8.61111111111111;0.0
270.0;6.666666666666667;0.5
276.0;6.111111111111111;0.0
282.0;3.3333333333333335;0.5
288.0;8.61111111111111;0.5
294.0;8.333333333333334;0.0
300.0;8.88888888888889;0.0
306.0;7.777777777777778;0.0
312.0;3.888888888888889;0.0
318.0;7.5;0.0
324.0;6.388888888888889;0.0
330.0;8.055555555555555;0.0
336.0;6.944444444444445;0.0
342.0;6.666666666666667;0.0
348.0;4.444444444444445;0.0
354.0;6.666666666666667;0.0
360.0;3.3333333333333335;0.0
366.0;3.3333333333333335;0.0
372.0;7.5;0.0
378.0;5.277777777777778;0.0
384.0;6.944444444444445;0.0
390.0;5.555555555555555;0.0
396.0;8.055555555555555;0.0
402.0;9.722222222222221;0.0
408.0;7.222222222222222;0.0
414.0;5.833333333333333;0.5
420.0;6.944444444444445;0.5
426.0;6.388888888888889;0.5
432.0;7.222222222222222;0.0
438.0;7.777777777777778;0.0
444.0;5.833333333333333;0.0
450.0;6.388888888888889;0.5
456.0;7.222222222222222;0.0
462.0;3.888888888888889;0.0
468.0;3.3333333333333335;0.0
474.0;4.444444444444445;0.0
480.0;5.0;0.0
486.0;5.555555555555555;0.0
492.0;5.555555555555555;0.0
498.0;3.3333333333333335;0.5
504.0;11.11111111111111;0.5
510.0;7.777777777777778;0.0
516.0;7.777777777777778;0.0
522.0;4.444444444444445;0.5
528.0;5.0;0.5
534.0;6.666666666666667;0.0
540.0;3.888888888888889;0.125
546.0;8.333333333333334;0.0
552.0;6.666666666666667;0.0
558.0;6.388888888888889;0.5
564.0;6.388888888888889;0.5
570.0;7.5;0.0
576.0;3.888888888888889;0.0
582.0;3.888888888888889;1.0
588.0;6.111111111111111;0.0
594.0;6.666666666666667;0.0
600.0;6.111111111111111;0.0
606.0;7.222222222222222;0.0
612.0;5.0;0.0
618.0;4.444444444444445;0.0
624.0;3.3333333333333335;0.0
630.0;6.666666666666667;0.0
636.0;2.7777777777777777;0.0
642.0;4.444444444444445;0.0
648.0;6.111111111111111;0.0
654.0;8.88888888888889;0.0
660.0;7.5;0.0
666.0;5.555555555555555;0.0
672.0;7.777777777777778;0.0
678.0;12.5;0.25
684.0;6.666666666666667;0.0
690.0;5.555555555555555;0.0
696.0;6.111111111111111;0.0
702.0;6.944444444444445;0.0
708.0;7.361111111111111;0.5
714.0;4.444444444444445;0.5
720.0;2.7777777777777777;0.0
726.0;5.0;0.5
732.0;6.666666666666667;0.0
738.0;4.722222222222222;0.0
744.0;6.388888888888889;0.0
750.0;6.666666666666667;0.0
756.0;4.722222222222222;0.5
762.0;6.388888888888889;0.0
768.0;4.444444444444445;0.0
774.0;3.888888888888889;0.0
780.0;5.555555555555555;0.0
786.0;4.444444444444445;0.0
792.0;6.111111111111111;0.0
798.0;5.694444444444445;0.0
804.0;3.3333333333333335;0.0
810.0;6.111111111111111;0.5
816.0;5.277777777777778;0.0
822.0;7.777777777777778;0.0
828.0;6.111111111111111;0.0
834.0;7.777777777777778;0.0
840.0;3.888888888888889;0.0
846.0;3.3333333333333335;0.0
852.0;8.333333333333334;0.0
858.0;5.555555555555555;0.5
864.0;7.777777777777778;0.0
870.0;4.722222222222222;0.25
876.0;5.555555555555555;0.0
882.0;5.0;0.0
888.0;5.0;0.0
894.0;6.666666666666667;0.0
900.0;7.222222222222222;0.0
906.0;6.111111111111111;0.0
912.0;3.3333333333333335;0.0
918.0;5.0;0.0
924.0;5.0;0.0
930.0;8.88888888888889;0.0
936.0;6.388888888888889;0.0
942.0;6.944444444444445;0.0
948.0;7.777777777777778;0.0
954.0;9.444444444444445;0.0
960.0;10.0;0.0
966.0;8.88888888888889;0.0
972.0;11.11111111111111;0.0
978.0;8.055555555555555;0.0
984.0;6.388888888888889;0.0
990.0;3.888888888888889;0.0
996.0;7.222222222222222;0.0
1002.0;8.333333333333334;0.0
1008.0;5.0;0.75
1014.0;3.888888888888889;0.75
1020.0;3.888888888888889;0.0
1026.0;6.111111111111111;0.5
1032.0;7.777777777777778;0.5
1038.0;6.666666666666667;0.0
1044.0;10.555555555555555;0.75
1050.0;7.222222222222222;0.0
1056.0;10.833333333333334;0.0
1062.0;5.0;0.25
1068.0;2.7777777777777777;0.0
1074.0;3.888888888888889;0.0
1080.0;6.111111111111111;0.0
1086.0;8.88888888888889;0.0
1092.0;12.777777777777779;0.0
1098.0;8.61111111111111;0.0
1104.0;9.722222222222221;0.0
1110.0;7.222222222222222;0.0
1116.0;5.0;0.0
1122.0;8.333333333333334;0.0
1128.0;6.111111111111111;0.0
1134.0;8.055555555555555;0.0
1140.0;2.7777777777777777;0.0
1146.0;2.7777777777777777;0.0
1152.0;3.888888888888889;0.0
1158.0;5.0;0.0
1164.0;5.0;0.5
1170.0;5.833333333333333;0.0
1176.0;5.555555555555555;0.5
1182.0;6.111111111111111;0.0
1188.0;6.111111111111111;0.0
1194.0;9.444444444444445;0.0
1200.0;8.333333333333334;0.5
1206.0;8.333333333333334;0.0
1212.0;3.888888888888889;0.0
1218.0;7.222222222222222;0.0
1224.0;8.88888888888889;0.0
1230.0;8.88888888888889;0.0
1236.0;3.3333333333333335;0.0
1242.0;5.0;0.0
1248.0;8.61111111111111;0.0
1254.0;8.61111111111111;0.0
1260.0;6.666666666666667;0.0
1266.0;6.111111111111111;0.0
1272.0;6.666666666666667;0.0
1278.0;5.555555555555555;0.0
1284.0;6.944444444444445;0.0
1290.0;7.222222222222222;0.0
1296.0;5.555555555555555;0.0
1302.0;4.444444444444445;0.0
1308.0;5.0;0.5
1314.0;7.222222222222222;0.0
1320.0;3.888888888888889;0.5
1326.0;3.888888888888889;0.0
1332.0;6.666666666666667;0.0
1338.0;4.444444444444445;0.0
1344.0;6.944444444444445;0.0
1350.0;6.388888888888889;0.0
1356.0;8.055555555555555;0.0
1362.0;6.666666666666667;0.0
1368.0;5.555555555555555;0.0
1374.0;3.888888888888889;0.0
1380.0;6.388888888888889;0.0
1386.0;8.055555555555555;0.0
1392.0;7.5;0.0
1398.0;5.833333333333333;0.0
1404.0;8.055555555555555;0.0
1410.0;5.555555555555555;0.0
1416.0;8.61111111111111;0.5
1422.0;11.38888888888889;0.0
1428.0;8.333333333333334;0.0
1434.0;7.777777777777778;0.5
1440.0;8.333333333333334;0.0
1446.0;3.3333333333333335;0.0
1452.0;6.111111111111111;0.0
1458.0;10.277777777777779;0.0
1464.0;5.833333333333333;0.0
1470.0;9.166666666666666;0.0
1476.0;8.61111111111111;0.25
1482.0;2.2222222222222223;0.0
1488.0;7.222222222222222;0.0
1494.0;7.5;0.0
