#auto generated file!
6.0;0.0;0.0
12.0;1.6666666666666667;0.0
18.0;0.0;0.5
24.0;9.583333333333334;0.0
30.0;4.583333333333333;0.25
36.0;6.666666666666667;0.0
42.0;12.5;0.0
48.0;5.833333333333333;0.5
54.0;9.166666666666666;0.0
60.0;5.0;0.0
66.0;17.5;0.0
72.0;10.833333333333334;0.0
78.0;9.166666666666666;0.0
84.0;9.166666666666666;0.5
90.0;12.916666666666666;0.0
96.0;11.666666666666666;0.0
102.0;6.666666666666667;0.0
108.0;6.666666666666667;0.0
114.0;13.333333333333334;0.0
120.0;8.75;0.0
126.0;15.0;0.0
132.0;13.75;0.0
138.0;9.583333333333334;0.0
144.0;6.25;0.125
150.0;11.666666666666666;0.25
156.0;13.75;0.5
162.0;10.416666666666666;0.0
168.0;11.666666666666666;0.0
174.0;8.75;0.0
180.0;19.583333333333332;0.0
186.0;5.0;0.0
192.0;18.75;0.0
198.0;19.583333333333332;0.0
204.0;7.5;0.75
210.0;9.166666666666666;0.25
216.0;12.916666666666666;0.0
222.0;7.5;0.0
228.0;12.5;0.5
234.0;4.166666666666667;0.0
240.0;4.166666666666667;0.0
246.0;1.6666666666666667;0.0
252.0;14.583333333333334;0.0
258.0;10.0;0.5
264.0;5.208333333333333;0.25
270.0;15.0;0.5
276.0;10.833333333333334;0.0
282.0;8.333333333333334;0.5
288.0;12.291666666666666;0.0
294.0;12.916666666666666;0.0
300.0;20.0;0.0
306.0;15.0;0.0
312.0;11.666666666666666;0.5
318.0;6.666666666666667;0.0
324.0;15.0;0.0
330.0;18.75;0.0
336.0;10.416666666666666;0.0
342.0;8.333333333333334;0.0
348.0;6.666666666666667;0.5
354.0;10.0;0.0
360.0;7.5;0.0
366.0;12.5;0.0
372.0;13.333333333333334;0.0
378.0;6.666666666666667;0.0
384.0;10.416666666666666;0.0
390.0;7.916666666666667;0.0
396.0;8.75;0.0
402.0;3.3333333333333335;0.0
408.0;10.833333333333334;0.5
414.0;15.0;0.0
420.0;9.166666666666666;0.5
426.0;14.166666666666666;0.5
432.0;12.5;0.0
438.0;10.416666666666666;0.5
444.0;9.791666666666666;0.0
450.0;7.916666666666667;0.0
456.0;5.416666666666667;0.0
462.0;13.75;0.0
468.0;5.833333333333333;0.0
474.0;10.416666666666666;0.0
480.0;8.333333333333334;0.0
486.0;10.0;0.0
492.0;6.666666666666667;0.5
498.0;13.75;0.5
504.0;9.583333333333334;0.5
510.0;10.0;0.5
516.0;5.833333333333333;0.0
522.0;17.5;0.0
528.0;12.5;0.0
534.0;5.416666666666667;0.0
540.0;9.166666666666666;0.0
546.0;7.5;0.0
552.0;8.125;0.5
558.0;10.833333333333334;0.0
564.0;10.833333333333334;0.0
570.0;10.416666666666666;0.0
576.0;10.0;0.0
582.0;15.0;0.0
588.0;8.333333333333334;0.0
594.0;10.0;0.0
600.0;7.5;0.0
606.0;10.0;0.5
612.0;5.0;0.0
618.0;8.333333333333334;0.5
624.0;8.333333333333334;0.0
630.0;10.0;0.5
636.0;8.333333333333334;0.0
642.0;7.5;0.0
648.0;9.166666666666666;0.0
654.0;9.166666666666666;0.0
660.0;10.416666666666666;0.0
666.0;7.5;0.0
672.0;16.666666666666668;1.0
678.0;10.833333333333334;0.0
684.0;8.333333333333334;0.5
690.0;8.333333333333334;0.0
696.0;7.083333333333333;0.0
702.0;5.833333333333333;0.75
708.0;10.833333333333334;0.0
714.0;12.5;0.5
720.0;11.666666666666666;0.0
726.0;10.0;0.5
732.0;5.833333333333333;0.0
738.0;16.041666666666668;0.0
744.0;14.583333333333334;0.0
750.0;9.583333333333334;0.0
756.0;5.833333333333333;0.0
762.0;7.5;0.0
768.0;10.416666666666666;0.0
774.0;11.666666666666666;0.0
780.0;6.666666666666667;0.0
786.0;13.333333333333334;0.0
792.0;4.166666666666667;0.5
798.0;13.333333333333334;0.0
804.0;8.333333333333334;0.25
810.0;18.75;0.5
816.0;11.25;0.0
822.0;11.666666666666666;0.0
828.0;12.5;0.0
834.0;10.208333333333334;0.0
840.0;12.5;0.0
846.0;10.833333333333334;0.0
852.0;10.0;0.0
858.0;10.833333333333334;0.0
864.0;13.75;0.0
870.0;8.75;0.0
876.0;15.833333333333334;0.0
882.0;6.666666666666667;0.0
888.0;11.041666666666666;0.5
894.0;13.75;0.0
900.0;9.166666666666666;0.0
906.0;10.416666666666666;0.5
912.0;7.083333333333333;0.0
918.0;11.666666666666666;0.25
924.0;7.916666666666667;0.5
930.0;6.666666666666667;0.0
936.0;8.75;0.0
942.0;10.0;0.0
948.0;7.916666666666667;0.0
954.0;11.666666666666666;0.0
960.0;8.75;0.0
966.0;7.5;0.0
972.0;13.541666666666666;0.0
978.0;10.208333333333334;0.5
984.0;6.666666666666667;1.0
990.0;7.5;0.5
996.0;6.666666666666667;0.0
1002.0;10.833333333333334;0.5
1008.0;13.333333333333334;0.0
1014.0;5.833333333333333;0.0
1020.0;9.583333333333334;0.0
1026.0;12.916666666666666;0.0
1032.0;17.5;0.25
1038.0;10.833333333333334;0.75
1044.0;15.416666666666666;0.0
1050.0;16.666666666666668;0.0
1056.0;7.083333333333333;0.0
1062.0;6.666666666666667;0.0
1068.0;6.666666666666667;0.0
1074.0;6.875;0.0
1080.0;12.5;0.5
1086.0;5.833333333333333;0.5
1092.0;7.5;0.0
1098.0;10.833333333333334;0.0
1104.0;8.75;0.0
1110.0;8.75;0.0
1116.0;10.833333333333334;0.5
1122.0;11.666666666666666;0.0
1128.0;8.333333333333334;0.0
1134.0;3.3333333333333335;0.0
1140.0;5.833333333333333;0.0
1146.0;8.333333333333334;0.0
1152.0;10.0;0.0
1158.0;8.333333333333334;0.0
1164.0;5.0;0.0
1170.0;10.0;0.0
1176.0;10.833333333333334;0.0
1182.0;8.333333333333334;0.5
1188.0;6.666666666666667;0.5
1194.0;9.583333333333334;0.0
1200.0;10.833333333333334;0.0
1206.0;11.666666666666666;0.0
1212.0;7.5;0.5
1218.0;5.833333333333333;0.0
1224.0;10.0;0.25
1230.0;7.5;0.25
1236.0;8.333333333333334;0.0
1242.0;7.5;0.0
1248.0;11.666666666666666;0.0
1254.0;10.833333333333334;0.0
1260.0;12.083333333333334;0.5
1266.0;9.166666666666666;0.0
1272.0;10.0;0.5
1278.0;9.583333333333334;0.5
1284.0;14.583333333333334;0.0
1290.0;12.5;0.0
1296.0;7.083333333333333;0.0
1302.0;11.666666666666666;0.5
1308.0;13.333333333333334;0.0
1314.0;12.291666666666666;0.0
1320.0;14.375;0.0
1326.0;8.333333333333334;0.0
1332.0;10.833333333333334;0.0
1338.0;9.166666666666666;0.0
1344.0;15.833333333333334;0.5
1350.0;18.75;0.0
1356.0;10.0;0.0
1362.0;8.75;0.0
1368.0;3.3333333333333335;0.0
1374.0;15.833333333333334;0.0
1380.0;5.0;0.0
1386.0;6.666666666666667;0.0
1392.0;11.25;0.0
1398.0;7.916666666666667;0.0
1404.0;14.583333333333334;0.25
1410.0;15.0;0.0
1416.0;12.083333333333334;1.25
1422.0;14.166666666666666;0.0
1428.0;9.166666666666666;0.0
1434.0;3.3333333333333335;0.0
1440.0;8.333333333333334;0.0
1446.0;10.0;0.0
1452.0;9.583333333333334;0.0
1458.0;11.25;0.5
1464.0;11.666666666666666;0.0
1470.0;11.25;0.0
1476.0;12.5;0.0
1482.0;6.666666666666667;0.0
1488.0;13.75;0.0
1494.0;9.166666666666666;0.0
