#auto generated file!
6.0;0.0;0.0
12.0;0.0;0.0
18.0;1.25;0.0
24.0;5.0;0.0
30.0;9.583333333333334;0.0
36.0;10.416666666666666;0.0
42.0;17.5;0.75
48.0;10.0;0.0
54.0;10.0;0.5
60.0;10.833333333333334;0.75
66.0;27.083333333333332;0.0
72.0;22.5;0.0
78.0;25.0;0.0
84.0;12.916666666666666;0.25
90.0;12.916666666666666;0.0
96.0;17.5;0.5
102.0;15.0;0.0
108.0;15.208333333333334;0.0
114.0;16.666666666666668;0.0
120.0;13.333333333333334;0.5
126.0;14.166666666666666;0.0
132.0;16.666666666666668;0.0
138.0;14.166666666666666;0.0
144.0;24.166666666666668;0.0
150.0;20.833333333333332;0.5
156.0;21.666666666666668;0.0
162.0;11.666666666666666;0.0
168.0;14.166666666666666;0.0
174.0;18.75;1.75
180.0;15.0;0.0
186.0;14.166666666666666;0.0
192.0;8.333333333333334;0.0
198.0;17.083333333333332;0.5
204.0;20.0;0.5
210.0;14.583333333333334;0.5
216.0;22.5;0.0
222.0;19.583333333333332;0.0
228.0;15.208333333333334;0.0
234.0;8.333333333333334;0.5
240.0;13.333333333333334;0.0
246.0;15.0;0.0
252.0;15.0;0.0
258.0;10.416666666666666;0.0
264.0;10.416666666666666;0.0
270.0;10.0;0.0
276.0;11.25;0.0
282.0;17.5;0.0
288.0;21.875;0.0
294.0;20.833333333333332;0.5
300.0;19.166666666666668;0.5
306.0;13.75;0.0
312.0;17.916666666666668;0.75
318.0;7.083333333333333;0.5
324.0;21.25;0.5
330.0;19.583333333333332;0.0
336.0;20.0;0.0
342.0;22.5;0.0
348.0;10.833333333333334;0.0
354.0;22.083333333333332;0.5
360.0;16.666666666666668;0.0
366.0;20.0;0.0
372.0;29.166666666666668;0.5
378.0;19.166666666666668;0.0
384.0;14.166666666666666;0.0
390.0;15.416666666666666;0.0
396.0;19.166666666666668;0.0
402.0;16.666666666666668;0.0
408.0;11.666666666666666;0.0
414.0;15.0;0.0
420.0;14.166666666666666;0.0
426.0;19.166666666666668;0.5
432.0;13.333333333333334;0.0
438.0;17.083333333333332;0.0
444.0;23.333333333333332;0.75
450.0;29.791666666666668;0.25
456.0;27.916666666666668;0.5
462.0;19.166666666666668;0.0
468.0;18.75;0.0
474.0;10.833333333333334;0.0
480.0;10.833333333333334;0.5
486.0;13.333333333333334;0.5
492.0;11.041666666666666;0.0
498.0;19.166666666666668;0.0
504.0;18.75;0.0
510.0;17.5;0.0
516.0;14.166666666666666;0.0
522.0;15.0;0.5
528.0;10.833333333333334;0.0
534.0;21.666666666666668;0.0
540.0;13.333333333333334;0.0
546.0;9.583333333333334;0.5
552.0;21.458333333333332;0.0
558.0;11.666666666666666;0.0
564.0;13.333333333333334;0.0
570.0;15.833333333333334;0.0
576.0;17.5;0.0
582.0;10.0;0.5
588.0;18.333333333333332;0.0
594.0;15.0;0.0
600.0;24.166666666666668;0.5
606.0;18.333333333333332;0.5
612.0;20.0;0.0
618.0;14.166666666666666;0.5
624.0;23.75;0.5
630.0;20.0;0.0
636.0;13.75;0.0
642.0;11.666666666666666;0.5
648.0;12.5;1.0
654.0;21.666666666666668;0.0
660.0;18.75;0.5
666.0;21.25;0.0
672.0;23.75;0.0
678.0;12.916666666666666;0.5
684.0;22.083333333333332;0.0
690.0;24.583333333333332;0.0
696.0;19.583333333333332;0.5
702.0;19.166666666666668;0.75
708.0;13.333333333333334;0.0
714.0;8.333333333333334;0.5
720.0;10.833333333333334;0.0
726.0;20.0;0.0
732.0;10.833333333333334;0.5
738.0;13.75;0.5
744.0;26.25;0.0
750.0;22.5;1.25
756.0;12.083333333333334;0.5
762.0;15.416666666666666;0.5
768.0;13.75;0.0
774.0;10.0;0.0
780.0;16.666666666666668;0.0
786.0;17.916666666666668;0.5
792.0;15.833333333333334;0.0
798.0;12.916666666666666;0.0
804.0;25.0;0.0
810.0;17.083333333333332;0.0
816.0;18.333333333333332;0.25
822.0;27.5;0.5
828.0;19.375;0.0
834.0;15.833333333333334;0.5
840.0;10.0;0.0
846.0;21.666666666666668;0.0
852.0;19.166666666666668;0.5
858.0;12.5;0.0
864.0;12.5;0.0
870.0;15.833333333333334;0.0
876.0;14.166666666666666;0.5
882.0;13.333333333333334;0.0
888.0;18.333333333333332;0.5
894.0;24.791666666666668;0.0
900.0;34.166666666666664;0.0
906.0;20.0;0.0
912.0;13.333333333333334;0.0
918.0;19.166666666666668;0.5
924.0;17.5;0.0
930.0;17.916666666666668;0.0
936.0;12.083333333333334;1.25
942.0;15.0;0.0
948.0;13.541666666666666;0.0
954.0;16.666666666666668;0.0
960.0;25.0;0.0
966.0;14.166666666666666;0.5
972.0;21.666666666666668;0.5
978.0;18.333333333333332;0.0
984.0;15.416666666666666;0.0
990.0;17.916666666666668;0.0
996.0;13.333333333333334;0.0
1002.0;24.166666666666668;0.0
1008.0;14.166666666666666;0.5
1014.0;15.0;0.0
1020.0;9.166666666666666;0.0
1026.0;12.916666666666666;0.5
1032.0;14.583333333333334;0.5
1038.0;15.0;0.75
1044.0;32.916666666666664;0.0
1050.0;20.0;0.5
1056.0;16.25;0.0
1062.0;15.0;0.5
1068.0;22.916666666666668;0.0
1074.0;11.666666666666666;0.5
1080.0;11.666666666666666;0.0
1086.0;10.833333333333334;0.0
1092.0;17.083333333333332;0.0
1098.0;12.5;0.0
1104.0;23.75;0.5
1110.0;22.916666666666668;0.0
1116.0;22.083333333333332;0.0
1122.0;20.833333333333332;1.5
1128.0;20.833333333333332;0.0
1134.0;15.833333333333334;0.5
1140.0;12.5;0.5
1146.0;13.75;0.0
1152.0;27.5;0.0
1158.0;12.083333333333334;0.0
1164.0;14.166666666666666;0.0
1170.0;13.333333333333334;0.25
1176.0;11.666666666666666;0.0
1182.0;20.0;0.5
1188.0;20.0;0.0
1194.0;23.333333333333332;0.0
1200.0;18.333333333333332;0.0
1206.0;17.5;0.0
1212.0;11.666666666666666;0.0
1218.0;13.541666666666666;0.0
1224.0;17.5;0.5
1230.0;14.166666666666666;0.5
1236.0;17.916666666666668;0.0
1242.0;17.916666666666668;0.5
1248.0;12.5;0.0
1254.0;13.75;0.0
1260.0;20.833333333333332;0.0
1266.0;15.833333333333334;0.0
1272.0;21.666666666666668;0.0
1278.0;12.916666666666666;0.0
1284.0;30.416666666666668;1.0
1290.0;15.416666666666666;0.5
1296.0;15.833333333333334;0.0
1302.0;14.166666666666666;0.5
1308.0;12.916666666666666;0.0
1314.0;12.916666666666666;0.0
1320.0;17.5;0.0
1326.0;11.25;0.0
1332.0;16.666666666666668;0.0
1338.0;26.25;0.0
1344.0;20.833333333333332;0.0
1350.0;22.083333333333332;1.0
1356.0;19.583333333333332;0.0
1362.0;15.0;0.0
1368.0;18.75;0.0
1374.0;15.625;0.0
1380.0;12.083333333333334;0.5
1386.0;9.166666666666666;0.5
1392.0;15.625;0.0
1398.0;14.583333333333334;0.0
1404.0;17.916666666666668;0.0
1410.0;12.916666666666666;0.0
1416.0;19.166666666666668;0.0
1422.0;12.916666666666666;0.0
1428.0;18.333333333333332;0.0
1434.0;12.708333333333334;0.0
1440.0;17.5;0.0
1446.0;17.5;0.5
1452.0;11.666666666666666;0.0
1458.0;16.666666666666668;0.5
1464.0;17.916666666666668;0.0
1470.0;13.333333333333334;0.5
1476.0;17.083333333333332;0.25
1482.0;13.333333333333334;0.0
1488.0;15.416666666666666;0.125
1494.0;27.5;0.0
