#auto generated file!
6.0;0.0;0.0
12.0;0.8333333333333334;0.125
18.0;1.25;0.0
24.0;4.583333333333333;0.0
30.0;10.833333333333334;0.0
36.0;8.333333333333334;0.0
42.0;12.916666666666666;0.0
48.0;22.5;1.0
54.0;28.958333333333332;0.0
60.0;25.833333333333332;0.5
66.0;28.333333333333332;0.0
72.0;40.833333333333336;0.0
78.0;33.75;0.0
84.0;38.75;0.25
90.0;36.666666666666664;0.0
96.0;28.333333333333332;0.0
102.0;28.75;0.0
108.0;28.125;0.0
114.0;32.708333333333336;0.0
120.0;30.416666666666668;0.5
126.0;21.666666666666668;0.5
132.0;27.5;0.0
138.0;23.75;0.0
144.0;34.791666666666664;1.0
150.0;38.333333333333336;0.0
156.0;38.333333333333336;0.25
162.0;33.125;0.5
168.0;26.458333333333332;0.0
174.0;22.5;1.25
180.0;29.583333333333332;0.0
186.0;32.916666666666664;0.5
192.0;31.666666666666668;0.0
198.0;32.916666666666664;0.25
204.0;44.166666666666664;0.75
210.0;34.166666666666664;0.0
216.0;28.75;0.5
222.0;35.0;1.0
228.0;33.333333333333336;0.0
234.0;30.0;0.0
240.0;32.5;0.0
246.0;20.833333333333332;0.0
252.0;20.833333333333332;0.0
258.0;28.75;0.25
264.0;25.833333333333332;0.0
270.0;37.083333333333336;0.0
276.0;29.166666666666668;0.0
282.0;17.916666666666668;0.0
288.0;26.666666666666668;0.75
294.0;39.166666666666664;0.0
300.0;42.083333333333336;0.75
306.0;37.5;0.0
312.0;32.916666666666664;0.5
318.0;23.75;1.0
324.0;35.416666666666664;0.0
330.0;39.166666666666664;0.0
336.0;28.75;1.0
342.0;22.5;0.0
348.0;25.416666666666668;0.0
354.0;32.916666666666664;0.0
360.0;21.666666666666668;0.0
366.0;35.0;0.5
372.0;34.166666666666664;0.0
378.0;35.0;1.0
384.0;35.416666666666664;0.0
390.0;26.666666666666668;0.0
396.0;23.75;0.0
402.0;31.25;0.0
408.0;29.166666666666668;0.0
414.0;29.166666666666668;0.0
420.0;27.5;0.75
426.0;26.666666666666668;0.5
432.0;23.75;0.0
438.0;22.708333333333332;0.0
444.0;36.25;0.5
450.0;39.166666666666664;0.75
456.0;26.666666666666668;0.5
462.0;33.333333333333336;0.0
468.0;30.625;0.0
474.0;25.416666666666668;0.5
480.0;34.166666666666664;0.0
486.0;21.666666666666668;0.0
492.0;40.0;0.75
498.0;27.083333333333332;0.5
504.0;26.25;0.0
510.0;35.0;0.0
516.0;38.333333333333336;0.0
522.0;35.416666666666664;1.0
528.0;35.0;0.5
534.0;38.75;0.0
540.0;33.333333333333336;0.0
546.0;21.25;0.0
552.0;29.166666666666668;0.75
558.0;37.5;0.0
564.0;40.0;0.5
570.0;32.083333333333336;0.0
576.0;34.583333333333336;0.5
582.0;25.416666666666668;0.0
588.0;20.0;0.0
594.0;33.333333333333336;0.5
600.0;35.0;0.5
606.0;39.166666666666664;0.0
612.0;30.0;0.0
618.0;36.25;1.0
624.0;29.375;0.0
630.0;29.583333333333332;0.25
636.0;27.916666666666668;0.5
642.0;25.0;0.0
648.0;36.666666666666664;0.0
654.0;26.666666666666668;0.0
660.0;23.75;0.5
666.0;35.0;0.5
672.0;31.25;0.0
678.0;33.75;0.0
684.0;41.666666666666664;0.25
690.0;50.416666666666664;0.25
696.0;31.666666666666668;1.0
702.0;24.166666666666668;0.0
708.0;26.666666666666668;0.0
714.0;25.208333333333332;0.5
720.0;35.208333333333336;0.0
726.0;32.5;0.0
732.0;28.333333333333332;0.125
738.0;40.0;0.0
744.0;44.166666666666664;0.125
750.0;44.583333333333336;0.0
756.0;29.583333333333332;0.5
762.0;30.416666666666668;0.0
768.0;23.333333333333332;0.5
774.0;27.916666666666668;0.5
780.0;34.166666666666664;0.0
786.0;36.666666666666664;0.0
792.0;31.25;1.0
798.0;32.5;1.0
804.0;24.791666666666668;0.25
810.0;25.416666666666668;0.0
816.0;39.583333333333336;0.0
822.0;36.25;0.5
828.0;27.291666666666668;0.0
834.0;35.833333333333336;0.0
840.0;32.916666666666664;0.0
846.0;17.916666666666668;0.0
852.0;22.916666666666668;0.0
858.0;37.916666666666664;0.125
864.0;22.916666666666668;0.0
870.0;30.0;0.5
876.0;32.083333333333336;0.0
882.0;24.166666666666668;0.5
888.0;29.166666666666668;0.5
894.0;35.0;0.0
900.0;26.666666666666668;0.0
906.0;34.166666666666664;0.0
912.0;31.666666666666668;1.25
918.0;19.166666666666668;0.0
924.0;43.333333333333336;0.5
930.0;28.75;0.5
936.0;34.583333333333336;0.75
942.0;31.666666666666668;0.0
948.0;30.833333333333332;0.0
954.0;25.833333333333332;0.0
960.0;25.833333333333332;0.5
966.0;36.666666666666664;0.5
972.0;32.5;0.5
978.0;39.583333333333336;0.0
984.0;33.75;0.0
990.0;31.25;0.0
996.0;38.75;0.0
1002.0;13.958333333333334;0.0
1008.0;27.083333333333332;0.0
1014.0;25.833333333333332;0.0
1020.0;30.833333333333332;0.5
1026.0;27.083333333333332;0.0
1032.0;18.75;0.0
1038.0;30.833333333333332;0.5
1044.0;42.5;0.25
1050.0;42.916666666666664;0.5
1056.0;36.666666666666664;0.0
1062.0;34.166666666666664;0.0
1068.0;24.166666666666668;0.5
1074.0;30.0;0.0
1080.0;25.0;0.5
1086.0;26.666666666666668;0.5
1092.0;23.333333333333332;0.5
1098.0;32.5;0.125
1104.0;29.791666666666668;0.5
1110.0;41.666666666666664;0.0
1116.0;35.416666666666664;0.5
1122.0;46.666666666666664;0.0
1128.0;50.208333333333336;0.0
1134.0;27.916666666666668;0.125
1140.0;29.166666666666668;1.0
1146.0;22.5;0.5
1152.0;23.333333333333332;0.0
1158.0;33.541666666666664;0.5
1164.0;31.25;0.5
1170.0;40.0;0.0
1176.0;36.25;0.5
1182.0;36.25;0.0
1188.0;34.166666666666664;0.75
1194.0;36.458333333333336;0.0
1200.0;35.833333333333336;1.0
1206.0;34.166666666666664;0.0
1212.0;29.166666666666668;1.0
1218.0;34.583333333333336;0.0
1224.0;25.0;0.5
1230.0;34.166666666666664;0.0
1236.0;38.333333333333336;0.0
1242.0;32.083333333333336;0.5
1248.0;20.0;0.0
1254.0;33.75;0.5
1260.0;25.833333333333332;0.5
1266.0;32.916666666666664;0.5
1272.0;30.0;0.5
1278.0;37.5;0.0
1284.0;38.75;0.5
1290.0;40.416666666666664;0.0
1296.0;32.083333333333336;0.0
1302.0;27.5;0.5
1308.0;29.166666666666668;0.0
1314.0;38.541666666666664;0.5
1320.0;31.666666666666668;0.0
1326.0;23.333333333333332;0.0
1332.0;30.833333333333332;0.25
1338.0;47.708333333333336;0.0
1344.0;35.833333333333336;0.5
1350.0;37.083333333333336;0.5
1356.0;31.25;1.0
1362.0;36.25;0.0
1368.0;29.166666666666668;0.0
1374.0;29.583333333333332;0.0
1380.0;31.666666666666668;0.0
1386.0;25.833333333333332;0.0
1392.0;30.833333333333332;0.5
1398.0;26.25;0.0
1404.0;38.75;0.0
1410.0;27.916666666666668;0.0
1416.0;34.166666666666664;0.0
1422.0;30.833333333333332;0.5
1428.0;35.833333333333336;1.0
1434.0;35.833333333333336;0.5
1440.0;29.166666666666668;0.0
1446.0;32.5;0.0
1452.0;32.5;0.0
1458.0;35.833333333333336;0.0
1464.0;32.5;0.0
1470.0;33.75;0.0
1476.0;24.583333333333332;0.0
1482.0;26.458333333333332;0.0
1488.0;26.458333333333332;1.0
1494.0;33.333333333333336;0.0
