#auto generated file!
180.0;90;51;34
186.0;91;51;33
192.0;95;53;27
198.0;98;47;30
204.0;100;47;28
210.0;103;51;21
216.0;103;50;22
222.0;103;50;22
228.0;101;52;22
234.0;96;55;24
240.0;101;51;23
246.0;96;51;28
252.0;100;53;22
258.0;95;59;21
264.0;98;49;28
270.0;95;50;30
276.0;94;49;32
282.0;96;49;30
288.0;99;48;28
294.0;95;51;29
300.0;95;55;25
306.0;97;50;28
312.0;97;46;32
318.0;103;46;26
324.0;103;44;28
330.0;104;46;25
336.0;105;41;29
342.0;104;45;26
348.0;104;45;26
354.0;102;46;27
360.0;99;47;29
366.0;94;51;30
372.0;91;48;36
378.0;98;51;26
384.0;97;51;27
390.0;93;51;31
396.0;94;52;29
402.0;103;50;22
408.0;100;48;27
414.0;104;50;21
420.0;99;50;26
426.0;100;48;27
432.0;96;51;28
438.0;100;50;25
444.0;103;48;24
450.0;106;45;24
456.0;104;47;24
462.0;105;47;23
468.0;103;48;24
474.0;108;47;20
480.0;110;48;17
486.0;103;46;26
492.0;103;45;27
498.0;104;47;24
504.0;107;42;26
510.0;107;49;19
516.0;102;58;15
522.0;104;50;21
528.0;103;51;21
534.0;106;50;19
540.0;102;50;23
546.0;100;51;24
552.0;99;50;26
558.0;98;52;25
564.0;98;53;24
570.0;96;57;22
576.0;97;56;22
582.0;92;59;24
588.0;91;64;20
594.0;95;53;27
600.0;96;53;26
606.0;94;56;25
612.0;101;56;18
618.0;97;57;21
624.0;101;52;22
630.0;99;53;23
636.0;104;49;22
642.0;104;46;25
648.0;101;47;27
654.0;102;49;24
660.0;110;50;15
666.0;107;51;17
672.0;105;51;19
678.0;107;47;21
684.0;107;47;21
690.0;109;43;23
696.0;102;47;26
702.0;98;52;25
708.0;96;54;25
714.0;94;58;23
720.0;94;51;30
726.0;92;58;25
732.0;90;62;23
738.0;97;61;17
744.0;99;56;20
750.0;100;53;22
756.0;99;57;19
762.0;94;55;26
768.0;95;50;30
774.0;93;52;30
780.0;95;54;26
786.0;96;57;22
792.0;100;55;20
798.0;101;50;24
804.0;98;54;23
810.0;103;50;22
816.0;105;48;22
822.0;94;52;29
828.0;95;50;30
834.0;95;49;31
840.0;101;47;27
846.0;105;47;23
852.0;104;45;26
858.0;106;47;22
864.0;102;51;22
870.0;101;49;25
876.0;100;49;26
882.0;100;49;26
888.0;100;51;24
894.0;102;49;24
900.0;101;49;25
906.0;99;45;31
912.0;98;48;29
918.0;103;47;25
924.0;102;53;20
930.0;93;59;23
936.0;95;58;22
942.0;92;59;24
948.0;95;56;24
954.0;93;59;23
960.0;100;56;19
966.0;101;53;21
972.0;99;54;22
978.0;104;50;21
984.0;97;61;17
990.0;91;63;21
996.0;92;64;19
1002.0;97;59;19
1008.0;103;55;17
1014.0;100;56;19
1020.0;104;52;19
1026.0;103;46;26
1032.0;104;41;30
1038.0;106;34;35
1044.0;106;40;29
1050.0;105;46;24
1056.0;105;41;29
1062.0;108;40;27
1068.0;100;48;27
1074.0;102;50;23
1080.0;102;45;28
1086.0;101;48;26
1092.0;101;51;23
1098.0;98;51;26
1104.0;99;52;24
1110.0;100;52;23
1116.0;93;55;27
1122.0;94;55;26
1128.0;96;50;29
1134.0;100;45;30
1140.0;93;47;35
1146.0;94;43;38
1152.0;104;44;27
1158.0;108;45;22
1164.0;111;45;19
1170.0;109;45;21
1176.0;102;52;21
1182.0;97;53;25
1188.0;96;53;26
1194.0;99;56;20
1200.0;98;52;25
1206.0;104;46;25
1212.0;96;54;25
1218.0;93;56;26
1224.0;102;52;21
1230.0;99;57;19
1236.0;99;55;21
1242.0;98;54;23
1248.0;94;53;28
1254.0;95;50;30
1260.0;96;52;27
1266.0;97;53;25
1272.0;94;51;30
1278.0;98;50;27
1284.0;103;47;25
1290.0;102;47;26
1296.0;102;47;26
1302.0;101;52;22
1308.0;108;47;20
1314.0;105;52;18
1320.0;105;48;22
1326.0;104;49;22
1332.0;103;50;22
1338.0;101;51;23
1344.0;100;48;27
1350.0;103;44;28
1356.0;105;50;20
1362.0;103;53;19
1368.0;104;55;16
1374.0;99;52;24
1380.0;98;48;29
1386.0;99;46;30
1392.0;100;45;30
1398.0;99;52;24
1404.0;101;49;25
1410.0;101;50;24
1416.0;102;46;27
1422.0;102;48;25
1428.0;95;56;24
1434.0;96;61;18
1440.0;94;57;24
1446.0;91;55;29
1452.0;91;52;32
1458.0;97;55;23
1464.0;97;52;26
1470.0;98;52;25
1476.0;99;50;26
1482.0;102;46;27
1488.0;99;44;32
1494.0;96;49;30
