#auto generated file!
180.0;94;57;24
186.0;96;55;24
192.0;97;54;24
198.0;94;58;23
204.0;95;59;21
210.0;97;49;29
216.0;100;49;26
222.0;98;50;27
228.0;94;51;30
234.0;93;48;34
240.0;96;49;30
246.0;98;47;30
252.0;98;48;29
258.0;99;44;32
264.0;104;43;28
270.0;106;43;26
276.0;110;43;22
282.0;109;45;21
288.0;111;42;22
294.0;111;45;19
300.0;114;40;21
306.0;110;41;24
312.0;113;37;25
318.0;117;36;22
324.0;114;35;26
330.0;116;37;22
336.0;115;39;21
342.0;108;44;23
348.0;111;37;27
354.0;110;37;28
360.0;114;32;29
366.0;114;39;22
372.0;118;33;24
378.0;115;34;26
384.0;114;35;26
390.0;113;40;22
396.0;112;42;21
402.0;109;43;23
408.0;111;41;23
414.0;101;46;28
420.0;97;49;29
426.0;102;44;29
432.0;104;45;26
438.0;103;50;22
444.0;110;47;18
450.0;107;46;22
456.0;112;52;11
462.0;109;51;15
468.0;102;52;21
474.0;100;54;21
480.0;100;50;25
486.0;103;51;21
492.0;103;52;20
498.0;104;50;21
504.0;103;50;22
510.0;108;50;17
516.0;111;52;12
522.0;110;46;19
528.0;106;51;18
534.0;105;48;22
540.0;102;54;19
546.0;102;51;22
552.0;94;55;26
558.0;94;57;24
564.0;95;57;23
570.0;96;53;26
576.0;96;50;29
582.0;97;49;29
588.0;104;43;28
594.0;107;46;22
600.0;105;48;22
606.0;104;47;24
612.0;100;48;27
618.0;100;41;34
624.0;104;40;31
630.0;106;41;28
636.0;116;36;23
642.0;108;44;23
648.0;105;48;22
654.0;102;52;21
660.0;104;45;26
666.0;104;45;26
672.0;107;47;21
678.0;110;45;20
684.0;103;50;22
690.0;105;54;16
696.0;109;47;19
702.0;98;49;28
708.0;96;50;29
714.0;97;50;28
720.0;97;55;23
726.0;97;51;27
732.0;99;49;27
738.0;103;48;24
744.0;101;53;21
750.0;107;50;18
756.0;112;44;19
762.0;109;42;24
768.0;107;42;26
774.0;109;35;31
780.0;106;41;28
786.0;106;41;28
792.0;107;43;25
798.0;110;37;28
804.0;115;36;24
810.0;113;41;21
816.0;111;43;21
822.0;107;43;25
828.0;106;42;27
834.0;109;43;23
840.0;111;42;22
846.0;115;38;22
852.0;109;42;24
858.0;108;43;24
864.0;109;42;24
870.0;109;42;24
876.0;104;46;25
882.0;100;46;29
888.0;102;46;27
894.0;102;46;27
900.0;101;48;26
906.0;105;48;22
912.0;106;45;24
918.0;107;48;20
924.0;104;48;23
930.0;99;50;26
936.0;94;56;25
942.0;99;47;29
948.0;98;52;25
954.0;103;49;23
960.0;97;55;23
966.0;92;52;31
972.0;92;51;32
978.0;97;45;33
984.0;97;49;29
990.0;101;46;28
996.0;108;41;26
1002.0;107;40;28
1008.0;107;43;25
1014.0;109;44;22
1020.0;111;41;23
1026.0;103;42;30
1032.0;105;50;20
1038.0;100;50;25
1044.0;92;58;25
1050.0;90;62;23
1056.0;90;59;26
1062.0;91;56;28
1068.0;95;55;25
1074.0;85;58;32
1080.0;93;57;25
1086.0;92;58;25
1092.0;90;58;27
1098.0;95;54;26
1104.0;97;49;29
1110.0;99;51;25
1116.0;93;63;19
1122.0;93;59;23
1128.0;97;51;27
1134.0;99;50;26
1140.0;105;45;25
1146.0;104;49;22
1152.0;99;51;25
1158.0;97;51;27
1164.0;93;53;29
1170.0;93;50;32
1176.0;99;44;32
1182.0;92;49;34
1188.0;93;47;35
1194.0;90;54;31
1200.0;90;55;30
1206.0;94;49;32
1212.0;96;51;28
1218.0;94;51;30
1224.0;100;49;26
1230.0;105;49;21
1236.0;104;46;25
1242.0;104;42;29
1248.0;105;46;24
1254.0;104;44;27
1260.0;107;43;25
1266.0;111;42;22
1272.0;112;43;20
1278.0;112;47;16
1284.0;105;46;24
1290.0;110;41;24
1296.0;105;46;24
1302.0;104;43;28
1308.0;103;51;21
1314.0;106;46;23
1320.0;114;41;20
1326.0;119;39;17
1332.0;116;40;19
1338.0;113;44;18
1344.0;109;43;23
1350.0;108;42;25
1356.0;113;37;25
1362.0;118;36;21
1368.0;118;40;17
1374.0;114;42;19
1380.0;124;35;16
1386.0;116;40;19
1392.0;107;46;22
1398.0;108;49;18
1404.0;104;51;20
1410.0;106;49;20
1416.0;106;48;21
1422.0;109;49;17
1428.0;108;49;18
1434.0;110;45;20
1440.0;114;45;16
1446.0;110;50;15
1452.0;110;46;19
1458.0;102;51;22
1464.0;101;55;19
1470.0;101;54;20
1476.0;102;57;16
1482.0;98;57;20
1488.0;100;52;23
1494.0;96;56;23
