#auto generated file!
180.0;28;12;10
186.0;29;12;9
192.0;27;14;9
198.0;29;14;7
204.0;26;19;5
210.0;29;16;5
216.0;29;17;4
222.0;29;17;4
228.0;27;19;4
234.0;26;20;4
240.0;25;18;7
246.0;25;19;6
252.0;26;16;8
258.0;27;19;4
264.0;25;17;8
270.0;23;19;8
276.0;23;22;5
282.0;28;15;7
288.0;27;12;11
294.0;25;12;13
300.0;25;13;12
306.0;29;14;7
312.0;29;12;9
318.0;29;13;8
324.0;30;13;7
330.0;29;13;8
336.0;29;15;6
342.0;29;13;8
348.0;27;15;8
354.0;30;13;7
360.0;29;15;6
366.0;29;13;8
372.0;28;13;9
378.0;26;15;9
384.0;28;13;9
390.0;27;15;8
396.0;26;18;6
402.0;27;17;6
408.0;27;14;9
414.0;27;15;8
420.0;29;13;8
426.0;29;13;8
432.0;30;12;8
438.0;27;11;12
444.0;26;15;9
450.0;25;15;10
456.0;28;14;8
462.0;28;15;7
468.0;28;17;5
474.0;27;16;7
480.0;29;15;6
486.0;31;13;6
492.0;30;15;5
498.0;30;17;3
504.0;30;16;4
510.0;28;15;7
516.0;28;14;8
522.0;30;14;6
528.0;30;14;6
534.0;31;12;7
540.0;30;13;7
546.0;31;14;5
552.0;32;14;4
558.0;35;12;3
564.0;34;13;3
570.0;32;14;4
576.0;34;9;7
582.0;36;9;5
588.0;36;9;5
594.0;33;12;5
600.0;31;14;5
606.0;32;12;6
612.0;31;12;7
618.0;29;11;10
624.0;30;12;8
630.0;31;15;4
636.0;33;13;4
642.0;31;15;4
648.0;31;12;7
654.0;28;13;9
660.0;27;13;10
666.0;28;12;10
672.0;27;12;11
678.0;30;11;9
684.0;30;9;11
690.0;33;10;7
696.0;32;11;7
702.0;30;11;9
708.0;30;10;10
714.0;31;12;7
720.0;32;10;8
726.0;32;12;6
732.0;29;12;9
738.0;31;13;6
744.0;30;12;8
750.0;31;13;6
756.0;32;11;7
762.0;30;12;8
768.0;29;12;9
774.0;31;10;9
780.0;32;11;7
786.0;31;11;8
792.0;31;13;6
798.0;28;17;5
804.0;29;17;4
810.0;30;15;5
816.0;27;16;7
822.0;29;15;6
828.0;28;14;8
834.0;27;15;8
840.0;29;13;8
846.0;29;14;7
852.0;27;16;7
858.0;26;18;6
864.0;26;19;5
870.0;27;18;5
876.0;28;17;5
882.0;25;20;5
888.0;23;20;7
894.0;21;21;8
900.0;23;21;6
906.0;23;22;5
912.0;27;17;6
918.0;30;14;6
924.0;31;15;4
930.0;30;13;7
936.0;29;16;5
942.0;29;15;6
948.0;26;16;8
954.0;26;14;10
960.0;25;16;9
966.0;28;13;9
972.0;28;13;9
978.0;27;14;9
984.0;25;16;9
990.0;27;15;8
996.0;27;17;6
1002.0;25;17;8
1008.0;27;13;10
1014.0;23;18;9
1020.0;25;18;7
1026.0;25;16;9
1032.0;25;14;11
1038.0;24;15;11
1044.0;26;12;12
1050.0;27;11;12
1056.0;26;12;12
1062.0;30;9;11
1068.0;26;12;12
1074.0;26;14;10
1080.0;29;12;9
1086.0;27;12;11
1092.0;27;14;9
1098.0;29;14;7
1104.0;26;13;11
1110.0;22;18;10
1116.0;22;16;12
1122.0;22;19;9
1128.0;25;16;9
1134.0;25;18;7
1140.0;25;19;6
1146.0;25;21;4
1152.0;24;19;7
1158.0;26;17;7
1164.0;26;19;5
1170.0;27;15;8
1176.0;28;15;7
1182.0;28;15;7
1188.0;30;15;5
1194.0;28;17;5
1200.0;27;18;5
1206.0;26;20;4
1212.0;27;18;5
1218.0;29;13;8
1224.0;28;15;7
1230.0;27;15;8
1236.0;24;18;8
1242.0;27;15;8
1248.0;28;13;9
1254.0;31;11;8
1260.0;32;10;8
1266.0;33;10;7
1272.0;34;11;5
1278.0;29;13;8
1284.0;27;13;10
1290.0;26;12;12
1296.0;26;14;10
1302.0;21;16;13
1308.0;23;16;11
1314.0;22;16;12
1320.0;19;21;10
1326.0;19;21;10
1332.0;18;22;10
1338.0;23;23;4
1344.0;24;18;8
1350.0;27;13;10
1356.0;27;13;10
1362.0;29;12;9
1368.0;27;13;10
1374.0;28;13;9
1380.0;26;15;9
1386.0;22;17;11
1392.0;23;17;10
1398.0;24;18;8
1404.0;25;17;8
1410.0;24;20;6
1416.0;21;20;9
1422.0;24;19;7
1428.0;23;19;8
1434.0;24;18;8
1440.0;27;16;7
1446.0;28;16;6
1452.0;24;18;8
1458.0;26;17;7
1464.0;28;15;7
1470.0;30;13;7
1476.0;31;12;7
1482.0;30;13;7
1488.0;29;13;8
1494.0;28;13;9
