#auto generated file!
180.0;97;55;23
186.0;99;59;17
192.0;100;57;18
198.0;102;53;20
204.0;101;52;22
210.0;96;50;29
216.0;91;51;33
222.0;94;51;30
228.0;94;47;34
234.0;97;47;31
240.0;92;51;32
246.0;95;52;28
252.0;97;54;24
258.0;96;58;21
264.0;95;59;21
270.0;97;55;23
276.0;98;50;27
282.0;100;50;25
288.0;100;51;24
294.0;105;47;23
300.0;106;48;21
306.0;105;47;23
312.0;105;42;28
318.0;107;38;30
324.0;105;43;27
330.0;102;47;26
336.0;100;50;25
342.0;103;51;21
348.0;109;48;18
354.0;112;49;14
360.0;116;43;16
366.0;113;42;20
372.0;108;44;23
378.0;110;49;16
384.0;109;49;17
390.0;107;48;20
396.0;102;52;21
402.0;96;55;24
408.0;99;54;22
414.0;104;48;23
420.0;107;42;26
426.0;98;44;33
432.0;98;45;32
438.0;96;48;31
444.0;97;47;31
450.0;97;48;30
456.0;106;40;29
462.0;106;42;27
468.0;106;42;27
474.0;110;40;25
480.0;107;43;25
486.0;115;38;22
492.0;114;40;21
498.0;113;43;19
504.0;111;45;19
510.0;104;48;23
516.0;104;46;25
522.0;103;46;26
528.0;105;46;24
534.0;103;50;22
540.0;103;50;22
546.0;106;47;22
552.0;103;48;24
558.0;105;44;26
564.0;100;51;24
570.0;100;55;20
576.0;94;54;27
582.0;92;54;29
588.0;92;51;32
594.0;98;57;20
600.0;100;50;25
606.0;97;55;23
612.0;98;54;23
618.0;96;49;30
624.0;97;50;28
630.0;94;49;32
636.0;92;51;32
642.0;99;52;24
648.0;102;45;28
654.0;102;48;25
660.0;97;53;25
666.0;93;48;34
672.0;92;55;28
678.0;91;51;33
684.0;89;47;39
690.0;89;47;39
696.0;89;49;37
702.0;88;52;35
708.0;90;49;36
714.0;91;47;37
720.0;96;45;34
726.0;95;47;33
732.0;97;46;32
738.0;96;50;29
744.0;92;56;27
750.0;91;57;27
756.0;94;55;26
762.0;99;53;23
768.0;97;52;26
774.0;98;48;29
780.0;99;50;26
786.0;100;51;24
792.0;104;45;26
798.0;102;47;26
804.0;98;50;27
810.0;93;55;27
816.0;91;57;27
822.0;89;57;29
828.0;88;58;29
834.0;86;61;28
840.0;89;64;22
846.0;93;56;26
852.0;97;53;25
858.0;101;52;22
864.0;105;46;24
870.0;99;51;25
876.0;99;53;23
882.0;100;56;19
888.0;103;53;19
894.0;98;53;24
900.0;99;49;27
906.0;99;55;21
912.0;104;50;21
918.0;101;49;25
924.0;105;47;23
930.0;105;48;22
936.0;101;50;24
942.0;99;51;25
948.0;100;49;26
954.0;97;49;29
960.0;99;50;26
966.0;96;51;28
972.0;103;48;24
978.0;100;47;28
984.0;97;50;28
990.0;96;48;31
996.0;95;54;26
1002.0;100;53;22
1008.0;101;49;25
1014.0;95;55;25
1020.0;96;53;26
1026.0;100;53;22
1032.0;102;52;21
1038.0;104;49;22
1044.0;98;56;21
1050.0;96;59;20
1056.0;94;62;19
1062.0;100;55;20
1068.0;91;56;28
1074.0;92;54;29
1080.0;93;50;32
1086.0;95;55;25
1092.0;101;53;21
1098.0;98;58;19
1104.0;97;53;25
1110.0;96;52;27
1116.0;94;56;25
1122.0;105;48;22
1128.0;99;52;24
1134.0;100;46;29
1140.0;104;42;29
1146.0;96;48;31
1152.0;96;53;26
1158.0;99;48;28
1164.0;101;45;29
1170.0;101;45;29
1176.0;104;47;24
1182.0;110;46;19
1188.0;104;47;24
1194.0;103;43;29
1200.0;101;49;25
1206.0;103;48;24
1212.0;99;50;26
1218.0;100;53;22
1224.0;103;48;24
1230.0;100;47;28
1236.0;97;51;27
1242.0;97;56;22
1248.0;89;60;26
1254.0;91;62;22
1260.0;92;60;23
1266.0;95;55;25
1272.0;90;58;27
1278.0;86;60;29
1284.0;90;60;25
1290.0;91;58;26
1296.0;90;56;29
1302.0;88;58;29
1308.0;90;57;28
1314.0;91;57;27
1320.0;92;58;25
1326.0;93;58;24
1332.0;99;55;21
1338.0;102;54;19
1344.0;101;50;24
1350.0;107;45;23
1356.0;108;46;21
1362.0;108;44;23
1368.0;107;42;26
1374.0;105;42;28
1380.0;101;46;28
1386.0;101;46;28
1392.0;100;47;28
1398.0;102;47;26
1404.0;102;50;23
1410.0;101;49;25
1416.0;100;52;23
1422.0;97;49;29
1428.0;99;51;25
1434.0;96;52;27
1440.0;98;50;27
1446.0;98;46;31
1452.0;98;50;27
1458.0;97;51;27
1464.0;100;41;34
1470.0;108;41;26
1476.0;110;43;22
1482.0;103;48;24
1488.0;105;48;22
1494.0;109;47;19
