#auto generated file!
180.0;147;86;42
186.0;151;83;41
192.0;157;86;32
198.0;161;85;29
204.0;162;79;34
210.0;164;74;37
216.0;158;72;45
222.0;156;72;47
228.0;161;64;50
234.0;165;62;48
240.0;168;62;45
246.0;168;64;43
252.0;166;65;44
258.0;161;76;38
264.0;153;77;45
270.0;159;79;37
276.0;153;81;41
282.0;152;81;42
288.0;151;84;40
294.0;149;72;54
300.0;148;74;53
306.0;143;78;54
312.0;143;77;55
318.0;145;84;46
324.0;137;84;54
330.0;142;86;47
336.0;152;80;43
342.0;143;85;47
348.0;149;78;48
354.0;147;81;47
360.0;143;91;41
366.0;150;87;38
372.0;143;85;47
378.0;141;83;51
384.0;145;78;52
390.0;145;79;51
396.0;146;78;51
402.0;147;78;50
408.0;143;85;47
414.0;144;85;46
420.0;146;87;42
426.0;151;77;47
432.0;151;76;48
438.0;155;70;50
444.0;157;73;45
450.0;161;74;40
456.0;167;68;40
462.0;169;66;40
468.0;169;72;34
474.0;168;73;34
480.0;164;73;38
486.0;167;72;36
492.0;163;70;42
498.0;168;61;46
504.0;178;57;40
510.0;168;65;42
516.0;164;71;40
522.0;161;76;38
528.0;160;76;39
534.0;157;80;38
540.0;162;78;35
546.0;161;81;33
552.0;164;83;28
558.0;159;85;31
564.0;158;89;28
570.0;152;93;30
576.0;156;89;30
582.0;153;93;29
588.0;156;85;34
594.0;156;78;41
600.0;152;72;51
606.0;147;77;51
612.0;146;81;48
618.0;144;82;49
624.0;151;81;43
630.0;152;85;38
636.0;150;86;39
642.0;155;86;34
648.0;157;84;34
654.0;155;78;42
660.0;152;73;50
666.0;152;75;48
672.0;153;76;46
678.0;151;71;53
684.0;160;78;37
690.0;163;69;43
696.0;162;68;45
702.0;159;75;41
708.0;152;78;45
714.0;154;73;48
720.0;157;70;48
726.0;158;70;47
732.0;156;71;48
738.0;160;77;38
744.0;160;74;41
750.0;157;72;46
756.0;153;76;46
762.0;152;78;45
768.0;148;77;50
774.0;146;79;50
780.0;147;81;47
786.0;138;81;56
792.0;139;85;51
798.0;149;78;48
804.0;154;79;42
810.0;151;83;41
816.0;151;81;43
822.0;147;85;43
828.0;144;83;48
834.0;138;93;44
840.0;135;91;49
846.0;148;85;42
852.0;149;81;45
858.0;158;73;44
864.0;155;72;48
870.0;157;74;44
876.0;163;81;31
882.0;161;77;37
888.0;153;80;42
894.0;166;72;37
900.0;167;74;34
906.0;166;68;41
912.0;172;63;40
918.0;167;65;43
924.0;155;73;47
930.0;159;72;44
936.0;159;70;46
942.0;163;67;45
948.0;163;76;36
954.0;165;76;34
960.0;163;75;37
966.0;158;77;40
972.0;158;83;34
978.0;159;80;36
984.0;156;80;39
990.0;155;80;40
996.0;159;79;37
1002.0;148;86;41
1008.0;148;84;43
1014.0;147;81;47
1020.0;150;77;48
1026.0;156;77;42
1032.0;155;74;46
1038.0;150;79;46
1044.0;148;81;46
1050.0;154;85;36
1056.0;149;83;43
1062.0;155;80;40
1068.0;159;76;40
1074.0;164;76;35
1080.0;158;82;35
1086.0;159;85;31
1092.0;167;75;33
1098.0;161;73;41
1104.0;151;78;46
1110.0;152;72;51
1116.0;156;72;47
1122.0;162;75;38
1128.0;165;73;37
1134.0;159;80;36
1140.0;147;83;45
1146.0;136;88;51
1152.0;130;93;52
1158.0;128;98;49
1164.0;126;99;50
1170.0;141;91;43
1176.0;143;94;38
1182.0;147;88;40
1188.0;151;83;41
1194.0;144;82;49
1200.0;144;84;47
1206.0;141;82;52
1212.0;147;80;48
1218.0;156;75;44
1224.0;152;78;45
1230.0;151;85;39
1236.0;155;74;46
1242.0;148;81;46
1248.0;142;87;46
1254.0;141;86;48
1260.0;146;79;50
1266.0;151;74;50
1272.0;149;76;50
1278.0;149;76;50
1284.0;150;75;50
1290.0;159;68;48
1296.0;150;81;44
1302.0;146;87;42
1308.0;145;90;40
1314.0;143;88;44
1320.0;142;87;46
1326.0;146;82;47
1332.0;148;85;42
1338.0;149;87;39
1344.0;151;88;36
1350.0;147;88;40
1356.0;147;82;46
1362.0;154;80;41
1368.0;155;82;38
1374.0;155;83;37
1380.0;147;84;44
1386.0;149;86;40
1392.0;153;83;39
1398.0;159;77;39
1404.0;164;73;38
1410.0;164;69;42
1416.0;159;75;41
1422.0;167;72;36
1428.0;166;64;45
1434.0;162;69;44
1440.0;150;76;49
1446.0;158;63;54
1452.0;154;70;51
1458.0;154;73;48
1464.0;148;80;47
1470.0;147;82;46
1476.0;148;77;50
1482.0;150;78;47
1488.0;153;73;49
1494.0;163;73;39
