#auto generated file!
6.0;0.0;0.0
12.0;0.0;0.0
18.0;2.7083333333333335;0.0
24.0;3.75;0.0
30.0;3.75;0.0
36.0;8.75;0.0
42.0;10.833333333333334;0.0
48.0;15.208333333333334;0.0
54.0;12.916666666666666;0.0
60.0;21.666666666666668;0.0
66.0;23.333333333333332;0.5
72.0;17.5;0.0
78.0;19.583333333333332;0.0
84.0;27.5;0.5
90.0;19.166666666666668;0.0
96.0;21.25;0.0
102.0;17.5;0.0
108.0;15.0;0.0
114.0;31.666666666666668;0.0
120.0;23.333333333333332;0.0
126.0;19.166666666666668;0.0
132.0;14.166666666666666;0.0
138.0;20.416666666666668;0.0
144.0;35.0;0.0
150.0;28.75;0.0
156.0;25.833333333333332;0.0
162.0;19.166666666666668;0.5
168.0;14.166666666666666;0.0
174.0;9.166666666666666;1.0
180.0;18.75;0.5
186.0;23.75;0.0
192.0;20.0;0.0
198.0;15.833333333333334;0.0
204.0;24.166666666666668;0.0
210.0;24.583333333333332;0.0
216.0;26.25;0.0
222.0;27.5;0.5
228.0;27.5;0.0
234.0;22.5;0.0
240.0;19.166666666666668;0.0
246.0;20.833333333333332;0.0
252.0;20.833333333333332;0.0
258.0;14.583333333333334;0.0
264.0;18.75;0.0
270.0;17.916666666666668;0.25
276.0;16.666666666666668;0.0
282.0;10.833333333333334;0.5
288.0;16.666666666666668;0.75
294.0;17.5;0.0
300.0;23.333333333333332;0.0
306.0;29.166666666666668;0.0
312.0;25.0;0.0
318.0;19.583333333333332;0.0
324.0;25.0;0.0
330.0;39.583333333333336;0.0
336.0;19.583333333333332;0.0
342.0;17.5;0.0
348.0;23.541666666666668;0.0
354.0;23.333333333333332;0.5
360.0;22.5;0.0
366.0;21.666666666666668;0.0
372.0;20.0;0.5
378.0;28.333333333333332;0.0
384.0;20.833333333333332;0.0
390.0;30.833333333333332;0.0
396.0;19.583333333333332;0.5
402.0;23.75;0.0
408.0;18.541666666666668;0.0
414.0;15.0;0.0
420.0;19.166666666666668;0.0
426.0;23.333333333333332;0.0
432.0;25.833333333333332;0.0
438.0;25.0;0.0
444.0;26.666666666666668;0.0
450.0;40.833333333333336;0.0
456.0;32.916666666666664;0.0
462.0;23.333333333333332;0.5
468.0;21.875;0.0
474.0;16.666666666666668;0.0
480.0;15.833333333333334;0.0
486.0;25.0;0.0
492.0;20.833333333333332;0.0
498.0;15.416666666666666;0.125
504.0;20.0;0.5
510.0;22.5;0.0
516.0;34.166666666666664;0.0
522.0;21.666666666666668;0.0
528.0;20.0;0.0
534.0;24.166666666666668;0.0
540.0;15.0;0.0
546.0;18.333333333333332;0.0
552.0;27.5;0.0
558.0;23.958333333333332;0.0
564.0;19.166666666666668;0.0
570.0;19.583333333333332;0.0
576.0;22.083333333333332;0.75
582.0;13.333333333333334;0.0
588.0;19.583333333333332;0.0
594.0;21.666666666666668;0.0
600.0;31.666666666666668;0.0
606.0;26.25;0.0
612.0;15.833333333333334;0.5
618.0;18.541666666666668;0.0
624.0;10.0;0.0
630.0;15.0;0.0
636.0;15.416666666666666;0.0
642.0;27.083333333333332;0.5
648.0;22.708333333333332;0.0
654.0;20.0;0.0
660.0;22.083333333333332;0.0
666.0;23.75;0.0
672.0;26.875;0.0
678.0;35.0;0.0
684.0;26.041666666666668;0.0
690.0;23.333333333333332;0.0
696.0;23.75;0.0
702.0;12.916666666666666;0.0
708.0;16.458333333333332;0.0
714.0;27.083333333333332;0.0
720.0;24.166666666666668;0.0
726.0;23.75;0.0
732.0;31.25;1.0
738.0;19.791666666666668;0.0
744.0;28.333333333333332;0.0
750.0;32.5;0.0
756.0;34.583333333333336;0.5
762.0;22.916666666666668;0.0
768.0;25.0;0.0
774.0;25.833333333333332;0.0
780.0;11.666666666666666;0.0
786.0;22.5;0.0
792.0;26.666666666666668;0.0
798.0;23.125;0.5
804.0;17.083333333333332;0.0
810.0;24.583333333333332;0.5
816.0;23.75;0.0
822.0;36.041666666666664;0.5
828.0;28.75;0.5
834.0;21.041666666666668;0.5
840.0;20.833333333333332;0.5
846.0;13.333333333333334;0.0
852.0;31.25;0.0
858.0;27.291666666666668;0.0
864.0;23.958333333333332;0.25
870.0;31.666666666666668;0.0
876.0;22.916666666666668;0.5
882.0;26.666666666666668;0.0
888.0;15.833333333333334;0.0
894.0;27.916666666666668;0.0
900.0;29.166666666666668;0.0
906.0;20.833333333333332;0.0
912.0;20.833333333333332;0.0
918.0;27.291666666666668;0.5
924.0;23.125;0.0
930.0;26.25;0.0
936.0;27.5;0.0
942.0;33.333333333333336;0.0
948.0;30.0;0.0
954.0;18.333333333333332;0.5
960.0;18.75;0.5
966.0;29.166666666666668;0.0
972.0;24.791666666666668;0.0
978.0;14.583333333333334;0.0
984.0;26.25;0.0
990.0;27.083333333333332;0.0
996.0;20.833333333333332;0.0
1002.0;17.5;0.0
1008.0;11.875;0.0
1014.0;15.0;0.0
1020.0;15.0;0.0
1026.0;20.0;0.0
1032.0;15.416666666666666;0.75
1038.0;18.958333333333332;0.0
1044.0;26.458333333333332;0.25
1050.0;25.833333333333332;0.0
1056.0;22.5;0.0
1062.0;21.25;0.0
1068.0;22.5;0.0
1074.0;16.25;0.0
1080.0;16.25;0.0
1086.0;22.5;0.5
1092.0;15.833333333333334;0.0
1098.0;12.916666666666666;0.5
1104.0;17.083333333333332;0.0
1110.0;15.833333333333334;0.0
1116.0;27.083333333333332;0.0
1122.0;25.833333333333332;0.5
1128.0;30.416666666666668;0.0
1134.0;25.416666666666668;0.5
1140.0;21.666666666666668;0.0
1146.0;23.75;0.5
1152.0;20.0;0.0
1158.0;26.25;0.0
1164.0;25.0;0.75
1170.0;26.666666666666668;0.0
1176.0;29.166666666666668;0.0
1182.0;22.5;0.5
1188.0;26.666666666666668;0.5
1194.0;33.333333333333336;0.5
1200.0;30.0;0.0
1206.0;17.5;0.5
1212.0;23.333333333333332;0.0
1218.0;27.5;0.5
1224.0;21.25;0.0
1230.0;21.25;0.0
1236.0;28.333333333333332;0.0
1242.0;10.0;0.0
1248.0;30.208333333333332;0.0
1254.0;15.0;0.0
1260.0;18.75;0.0
1266.0;25.0;0.0
1272.0;37.083333333333336;0.0
1278.0;27.916666666666668;0.5
1284.0;25.833333333333332;0.0
1290.0;32.083333333333336;0.0
1296.0;25.416666666666668;0.0
1302.0;18.333333333333332;0.0
1308.0;19.166666666666668;0.0
1314.0;20.0;0.0
1320.0;20.833333333333332;0.0
1326.0;24.166666666666668;0.5
1332.0;19.166666666666668;0.25
1338.0;20.833333333333332;0.5
1344.0;28.75;0.0
1350.0;32.083333333333336;0.5
1356.0;28.75;1.0
1362.0;24.166666666666668;0.0
1368.0;15.833333333333334;0.5
1374.0;22.5;0.5
1380.0;25.0;1.0
1386.0;20.833333333333332;0.5
1392.0;31.25;0.0
1398.0;33.333333333333336;0.75
1404.0;32.916666666666664;0.0
1410.0;25.416666666666668;0.0
1416.0;30.833333333333332;0.0
1422.0;23.75;0.0
1428.0;23.333333333333332;0.5
1434.0;26.458333333333332;0.0
1440.0;20.0;0.0
1446.0;17.5;0.0
1452.0;20.833333333333332;0.0
1458.0;22.916666666666668;0.0
1464.0;26.25;0.5
1470.0;29.166666666666668;0.0
1476.0;27.916666666666668;0.0
1482.0;23.333333333333332;0.0
1488.0;25.0;0.0
1494.0;25.416666666666668;0.0
