#auto generated file!
180.0;14;5;6
186.0;16;5;4
192.0;15;7;3
198.0;12;7;6
204.0;11;6;8
210.0;11;7;7
216.0;13;4;8
222.0;14;7;4
228.0;17;4;4
234.0;16;4;5
240.0;18;5;2
246.0;18;6;1
252.0;16;8;1
258.0;15;8;2
264.0;13;9;3
270.0;13;10;2
276.0;13;10;2
282.0;14;9;2
288.0;14;8;3
294.0;15;6;4
300.0;17;5;3
306.0;15;6;4
312.0;15;7;3
318.0;16;5;4
324.0;18;5;2
330.0;15;8;2
336.0;18;5;2
342.0;17;5;3
348.0;14;6;5
354.0;13;5;7
360.0;13;5;7
366.0;15;4;6
372.0;16;4;5
378.0;16;4;5
384.0;16;6;3
390.0;13;7;5
396.0;11;9;5
402.0;12;10;3
408.0;13;11;1
414.0;10;14;1
420.0;11;12;2
426.0;11;12;2
432.0;10;11;4
438.0;9;13;3
444.0;11;13;1
450.0;11;11;3
456.0;12;8;5
462.0;12;8;5
468.0;12;9;4
474.0;13;6;6
480.0;14;7;4
486.0;16;4;5
492.0;15;6;4
498.0;15;5;5
504.0;15;5;5
510.0;13;9;3
516.0;12;8;5
522.0;11;8;6
528.0;9;9;7
534.0;10;10;5
540.0;10;11;4
546.0;12;9;4
552.0;15;9;1
558.0;13;10;2
564.0;15;8;2
570.0;18;6;1
576.0;17;6;2
582.0;17;5;3
588.0;18;5;2
594.0;16;4;5
600.0;15;5;5
606.0;15;4;6
612.0;18;2;5
618.0;16;3;6
624.0;13;4;8
630.0;13;7;5
636.0;12;11;2
642.0;12;11;2
648.0;14;9;2
654.0;13;10;2
660.0;13;9;3
666.0;15;9;1
672.0;15;8;2
678.0;14;9;2
684.0;16;7;2
690.0;15;7;3
696.0;14;7;4
702.0;14;8;3
708.0;14;8;3
714.0;15;8;2
720.0;13;8;4
726.0;13;8;4
732.0;15;9;1
738.0;15;8;2
744.0;15;7;3
750.0;14;7;4
756.0;13;7;5
762.0;13;5;7
768.0;11;8;6
774.0;9;11;5
780.0;7;13;5
786.0;7;14;4
792.0;6;16;3
798.0;7;15;3
804.0;8;15;2
810.0;9;14;2
816.0;10;13;2
822.0;11;9;5
828.0;10;7;8
834.0;11;8;6
840.0;13;8;4
846.0;13;7;5
852.0;14;5;6
858.0;13;5;7
864.0;13;5;7
870.0;13;7;5
876.0;14;6;5
882.0;13;5;7
888.0;15;7;3
894.0;15;6;4
900.0;16;7;2
906.0;15;7;3
912.0;15;7;3
918.0;15;7;3
924.0;15;5;5
930.0;15;7;3
936.0;16;5;4
942.0;17;5;3
948.0;15;5;5
954.0;16;5;4
960.0;17;7;1
966.0;16;7;2
972.0;14;6;5
978.0;14;6;5
984.0;16;5;4
990.0;16;6;3
996.0;16;6;3
1002.0;16;4;5
1008.0;15;5;5
1014.0;13;7;5
1020.0;13;6;6
1026.0;14;6;5
1032.0;14;6;5
1038.0;16;5;4
1044.0;12;10;3
1050.0;13;9;3
1056.0;13;10;2
1062.0;12;10;3
1068.0;12;9;4
1074.0;12;9;4
1080.0;12;10;3
1086.0;12;11;2
1092.0;11;12;2
1098.0;11;11;3
1104.0;12;10;3
1110.0;11;11;3
1116.0;12;11;2
1122.0;11;12;2
1128.0;12;11;2
1134.0;11;10;4
1140.0;13;7;5
1146.0;13;7;5
1152.0;14;7;4
1158.0;14;5;6
1164.0;15;6;4
1170.0;14;5;6
1176.0;15;6;4
1182.0;15;6;4
1188.0;15;6;4
1194.0;16;4;5
1200.0;16;6;3
1206.0;15;6;4
1212.0;15;6;4
1218.0;16;6;3
1224.0;17;8;0
1230.0;16;9;0
1236.0;16;9;0
1242.0;16;9;0
1248.0;16;7;2
1254.0;14;9;2
1260.0;15;8;2
1266.0;17;6;2
1272.0;16;7;2
1278.0;15;7;3
1284.0;16;6;3
1290.0;15;6;4
1296.0;16;6;3
1302.0;16;5;4
1308.0;17;4;4
1314.0;18;4;3
1320.0;16;7;2
1326.0;16;8;1
1332.0;17;7;1
1338.0;17;6;2
1344.0;17;5;3
1350.0;18;4;3
1356.0;18;4;3
1362.0;18;5;2
1368.0;17;5;3
1374.0;15;7;3
1380.0;14;8;3
1386.0;15;8;2
1392.0;14;8;3
1398.0;12;10;3
1404.0;12;9;4
1410.0;14;8;3
1416.0;14;7;4
1422.0;15;8;2
1428.0;14;10;1
1434.0;13;9;3
1440.0;15;8;2
1446.0;17;6;2
1452.0;14;7;4
1458.0;13;8;4
1464.0;14;7;4
1470.0;15;6;4
1476.0;13;9;3
1482.0;13;8;4
1488.0;13;8;4
1494.0;12;9;4
