#auto generated file!
180.0;42;26;7
186.0;43;21;11
192.0;44;19;12
198.0;44;20;11
204.0;47;17;11
210.0;46;15;14
216.0;43;17;15
222.0;44;16;15
228.0;43;17;15
234.0;45;17;13
240.0;42;20;13
246.0;43;17;15
252.0;44;21;10
258.0;46;23;6
264.0;42;27;6
270.0;37;26;12
276.0;38;27;10
282.0;38;27;10
288.0;41;25;9
294.0;44;25;6
300.0;46;21;8
306.0;45;21;9
312.0;46;22;7
318.0;44;24;7
324.0;43;23;9
330.0;45;20;10
336.0;46;19;10
342.0;45;17;13
348.0;44;21;10
354.0;43;23;9
360.0;40;24;11
366.0;38;27;10
372.0;36;29;10
378.0;31;29;15
384.0;35;28;12
390.0;31;33;11
396.0;32;29;14
402.0;37;25;13
408.0;38;21;16
414.0;41;21;13
420.0;42;23;10
426.0;39;22;14
432.0;43;20;12
438.0;44;19;12
444.0;49;16;10
450.0;45;20;10
456.0;48;17;10
462.0;48;20;7
468.0;48;20;7
474.0;47;20;8
480.0;44;20;11
486.0;42;21;12
492.0;38;22;15
498.0;38;24;13
504.0;41;25;9
510.0;42;25;8
516.0;39;24;12
522.0;38;23;14
528.0;38;24;13
534.0;43;22;10
540.0;44;24;7
546.0;45;24;6
552.0;46;21;8
558.0;43;22;10
564.0;41;21;13
570.0;42;23;10
576.0;42;25;8
582.0;39;25;11
588.0;41;26;8
594.0;45;24;6
600.0;43;24;8
606.0;44;25;6
612.0;48;22;5
618.0;46;21;8
624.0;43;22;10
630.0;41;20;14
636.0;43;19;13
642.0;44;22;9
648.0;41;24;10
654.0;42;24;9
660.0;41;23;11
666.0;42;22;11
672.0;41;23;11
678.0;40;24;11
684.0;40;29;6
690.0;41;26;8
696.0;39;26;10
702.0;41;24;10
708.0;42;23;10
714.0;42;24;9
720.0;41;22;12
726.0;44;24;7
732.0;44;21;10
738.0;43;23;9
744.0;45;20;10
750.0;45;23;7
756.0;45;21;9
762.0;48;17;10
768.0;47;18;10
774.0;46;20;9
780.0;45;19;11
786.0;44;22;9
792.0;44;24;7
798.0;42;24;9
804.0;42;22;11
810.0;41;23;11
816.0;43;20;12
822.0;41;21;13
828.0;42;24;9
834.0;41;24;10
840.0;40;24;11
846.0;39;27;9
852.0;35;27;13
858.0;32;28;15
864.0;33;27;15
870.0;35;24;16
876.0;32;27;16
882.0;38;24;13
888.0;39;26;10
894.0;41;25;9
900.0;43;24;8
906.0;42;26;7
912.0;37;28;10
918.0;39;26;10
924.0;37;28;10
930.0;37;27;11
936.0;38;26;11
942.0;43;23;9
948.0;39;24;12
954.0;39;24;12
960.0;43;22;10
966.0;45;20;10
972.0;44;20;11
978.0;44;22;9
984.0;44;19;12
990.0;44;20;11
996.0;46;18;11
1002.0;46;15;14
1008.0;47;18;10
1014.0;46;18;11
1020.0;48;18;9
1026.0;50;17;8
1032.0;48;15;12
1038.0;46;16;13
1044.0;47;17;11
1050.0;48;16;11
1056.0;46;14;15
1062.0;47;14;14
1068.0;49;17;9
1074.0;47;19;9
1080.0;44;17;14
1086.0;44;18;13
1092.0;42;22;11
1098.0;42;22;11
1104.0;42;22;11
1110.0;44;20;11
1116.0;47;20;8
1122.0;41;24;10
1128.0;43;24;8
1134.0;41;23;11
1140.0;40;27;8
1146.0;37;27;11
1152.0;43;23;9
1158.0;41;22;12
1164.0;38;24;13
1170.0;37;25;13
1176.0;38;24;13
1182.0;43;22;10
1188.0;43;21;11
1194.0;44;22;9
1200.0;45;18;12
1206.0;46;18;11
1212.0;42;17;16
1218.0;41;17;17
1224.0;44;13;18
1230.0;42;18;15
1236.0;44;19;12
1242.0;45;19;11
1248.0;41;21;13
1254.0;36;26;13
1260.0;35;26;14
1266.0;36;24;15
1272.0;38;25;12
1278.0;39;25;11
1284.0;39;26;10
1290.0;41;27;7
1296.0;43;27;5
1302.0;44;24;7
1308.0;47;20;8
1314.0;45;21;9
1320.0;43;21;11
1326.0;44;21;10
1332.0;43;17;15
1338.0;47;20;8
1344.0;47;20;8
1350.0;50;23;2
1356.0;48;22;5
1362.0;48;21;6
1368.0;47;20;8
1374.0;44;23;8
1380.0;45;20;10
1386.0;41;23;11
1392.0;36;24;15
1398.0;40;25;10
1404.0;42;26;7
1410.0;46;24;5
1416.0;47;22;6
1422.0;47;19;9
1428.0;41;23;11
1434.0;41;21;13
1440.0;41;22;12
1446.0;44;17;14
1452.0;46;18;11
1458.0;49;17;9
1464.0;46;18;11
1470.0;46;20;9
1476.0;46;23;6
1482.0;48;22;5
1488.0;45;23;7
1494.0;48;21;6
