#auto generated file!
180.0;115;54;31
186.0;112;53;35
192.0;120;52;28
198.0;111;55;34
204.0;112;56;32
210.0;112;57;31
216.0;110;55;35
222.0;109;55;36
228.0;107;59;34
234.0;110;62;28
240.0;110;62;28
246.0;111;65;24
252.0;118;60;22
258.0;116;58;26
264.0;126;51;23
270.0;121;53;26
276.0;123;53;24
282.0;126;50;24
288.0;121;53;26
294.0;115;56;29
300.0;115;51;34
306.0;113;52;35
312.0;117;51;32
318.0;109;56;35
324.0;114;55;31
330.0;112;57;31
336.0;111;59;30
342.0;108;62;30
348.0;115;57;28
354.0;123;50;27
360.0;123;54;23
366.0;125;46;29
372.0;124;47;29
378.0;121;50;29
384.0;117;49;34
390.0;114;53;33
396.0;117;55;28
402.0;120;56;24
408.0;120;56;24
414.0;115;66;19
420.0;114;64;22
426.0;122;55;23
432.0;122;54;24
438.0;120;56;24
444.0;117;59;24
450.0;117;59;24
456.0;119;59;22
462.0;120;55;25
468.0;118;59;23
474.0;113;63;24
480.0;111;60;29
486.0;112;64;24
492.0;113;63;24
498.0;108;67;25
504.0;111;65;24
510.0;103;66;31
516.0;104;60;36
522.0;102;65;33
528.0;98;72;30
534.0;106;67;27
540.0;99;69;32
546.0;103;68;29
552.0;97;69;34
558.0;98;72;30
564.0;93;75;32
570.0;93;71;36
576.0;101;73;26
582.0;97;74;29
588.0;100;73;27
594.0;113;62;25
600.0;112;63;25
606.0;109;62;29
612.0;109;63;28
618.0;114;62;24
624.0;117;62;21
630.0;121;56;23
636.0;117;59;24
642.0;114;57;29
648.0;111;61;28
654.0;114;63;23
660.0;115;62;23
666.0;123;52;25
672.0;124;50;26
678.0;126;50;24
684.0;128;48;24
690.0;128;50;22
696.0;129;51;20
702.0;126;55;19
708.0;126;56;18
714.0;127;49;24
720.0;128;48;24
726.0;129;48;23
732.0;130;48;22
738.0;130;50;20
744.0;126;55;19
750.0;118;56;26
756.0;113;60;27
762.0;116;60;24
768.0;121;57;22
774.0;126;57;17
780.0;123;60;17
786.0;122;59;19
792.0;122;58;20
798.0;116;60;24
804.0;115;58;27
810.0;108;64;28
816.0;114;63;23
822.0;115;64;21
828.0;113;65;22
834.0;111;64;25
840.0;111;62;27
846.0;107;60;33
852.0;105;61;34
858.0;99;68;33
864.0;105;60;35
870.0;109;56;35
876.0;110;56;34
882.0;105;62;33
888.0;111;55;34
894.0;112;58;30
900.0;113;60;27
906.0;113;60;27
912.0;110;58;32
918.0;107;57;36
924.0;105;65;30
930.0;109;59;32
936.0;107;60;33
942.0;112;55;33
948.0;101;64;35
954.0;105;58;37
960.0;105;56;39
966.0;111;54;35
972.0;121;49;30
978.0;122;51;27
984.0;125;48;27
990.0;125;50;25
996.0;123;46;31
1002.0;120;45;35
1008.0;122;49;29
1014.0;126;47;27
1020.0;121;53;26
1026.0;119;52;29
1032.0;120;52;28
1038.0;114;58;28
1044.0;114;58;28
1050.0;115;59;26
1056.0;119;49;32
1062.0;109;54;37
1068.0;108;51;41
1074.0;106;56;38
1080.0;108;62;30
1086.0;107;62;31
1092.0;103;64;33
1098.0;104;68;28
1104.0;106;65;29
1110.0;100;72;28
1116.0;105;69;26
1122.0;108;63;29
1128.0;112;58;30
1134.0;119;56;25
1140.0;124;55;21
1146.0;125;56;19
1152.0;133;52;15
1158.0;131;53;16
1164.0;126;51;23
1170.0;123;49;28
1176.0;125;47;28
1182.0;121;51;28
1188.0;126;50;24
1194.0;125;49;26
1200.0;124;48;28
1206.0;134;44;22
1212.0;133;46;21
1218.0;132;47;21
1224.0;125;48;27
1230.0;127;44;29
1236.0;124;52;24
1242.0;120;55;25
1248.0;115;58;27
1254.0;120;58;22
1260.0;124;54;22
1266.0;133;50;17
1272.0;128;56;16
1278.0;128;58;14
1284.0;122;55;23
1290.0;120;51;29
1296.0;123;51;26
1302.0;119;56;25
1308.0;121;57;22
1314.0;111;61;28
1320.0;110;63;27
1326.0;109;65;26
1332.0;106;66;28
1338.0;106;62;32
1344.0;109;59;32
1350.0;107;58;35
1356.0;108;57;35
1362.0;107;61;32
1368.0;112;63;25
1374.0;114;57;29
1380.0;113;63;24
1386.0;111;64;25
1392.0;118;59;23
1398.0;116;55;29
1404.0;110;60;30
1410.0;120;52;28
1416.0;117;58;25
1422.0;119;54;27
1428.0;121;49;30
1434.0;118;47;35
1440.0;113;50;37
1446.0;113;52;35
1452.0;119;53;28
1458.0;118;51;31
1464.0;110;55;35
1470.0;110;57;33
1476.0;100;62;38
1482.0;100;65;35
1488.0;104;61;35
1494.0;110;57;33
