#auto generated file!
180.0;201;99;50
186.0;191;107;52
192.0;182;107;61
198.0;186;99;65
204.0;203;91;56
210.0;202;93;55
216.0;205;89;56
222.0;199;89;62
228.0;194;98;58
234.0;188;99;63
240.0;182;99;69
246.0;190;95;65
252.0;189;100;61
258.0;187;106;57
264.0;190;111;49
270.0;192;99;59
276.0;192;101;57
282.0;198;94;58
288.0;202;93;55
294.0;207;94;49
300.0;209;90;51
306.0;202;97;51
312.0;210;94;46
318.0;207;103;40
324.0;207;102;41
330.0;212;97;41
336.0;218;95;37
342.0;210;102;38
348.0;208;104;38
354.0;206;100;44
360.0;205;106;39
366.0;214;96;40
372.0;212;94;44
378.0;214;97;39
384.0;214;93;43
390.0;209;89;52
396.0;213;94;43
402.0;212;96;42
408.0;206;94;50
414.0;210;92;48
420.0;211;90;49
426.0;214;92;44
432.0;216;80;54
438.0;215;80;55
444.0;217;75;58
450.0;214;78;58
456.0;209;77;64
462.0;202;84;64
468.0;202;92;56
474.0;206;92;52
480.0;202;102;46
486.0;205;100;45
492.0;205;100;45
498.0;200;98;52
504.0;206;94;50
510.0;208;94;48
516.0;207;91;52
522.0;206;95;49
528.0;202;95;53
534.0;210;97;43
540.0;202;94;54
546.0;205;94;51
552.0;213;91;46
558.0;212;80;58
564.0;211;81;58
570.0;212;81;57
576.0;207;82;61
582.0;211;81;58
588.0;203;84;63
594.0;201;81;68
600.0;201;85;64
606.0;201;87;62
612.0;205;86;59
618.0;207;92;51
624.0;204;98;48
630.0;205;105;40
636.0;208;101;41
642.0;203;101;46
648.0;209;97;44
654.0;203;95;52
660.0;200;99;51
666.0;192;98;60
672.0;190;96;64
678.0;190;94;66
684.0;199;91;60
690.0;194;108;48
696.0;191;110;49
702.0;195;110;45
708.0;192;107;51
714.0;194;108;48
720.0;207;99;44
726.0;213;91;46
732.0;213;91;46
738.0;220;87;43
744.0;218;85;47
750.0;217;84;49
756.0;216;86;48
762.0;216;89;45
768.0;205;95;50
774.0;204;87;59
780.0;203;95;52
786.0;208;92;50
792.0;213;87;50
798.0;204;97;49
804.0;202;95;53
810.0;203;99;48
816.0;198;104;48
822.0;206;102;42
828.0;198;107;45
834.0;193;105;52
840.0;191;107;52
846.0;187;101;62
852.0;186;102;62
858.0;187;105;58
864.0;186;109;55
870.0;183;115;52
876.0;191;114;45
882.0;195;116;39
888.0;197;108;45
894.0;195;103;52
900.0;191;102;57
906.0;191;114;45
912.0;187;114;49
918.0;192;112;46
924.0;203;107;40
930.0;207;106;37
936.0;194;108;48
942.0;188;106;56
948.0;189;111;50
954.0;190;110;50
960.0;188;108;54
966.0;188;107;55
972.0;193;108;49
978.0;189;111;50
984.0;182;112;56
990.0;192;102;56
996.0;194;100;56
1002.0;196;95;59
1008.0;193;88;69
1014.0;193;94;63
1020.0;194;96;60
1026.0;192;103;55
1032.0;186;109;55
1038.0;184;110;56
1044.0;185;111;54
1050.0;186;110;54
1056.0;192;101;57
1062.0;190;104;56
1068.0;193;108;49
1074.0;193;110;47
1080.0;195;105;50
1086.0;190;103;57
1092.0;187;107;56
1098.0;193;110;47
1104.0;193;111;46
1110.0;194;111;45
1116.0;184;112;54
1122.0;194;106;50
1128.0;192;108;50
1134.0;202;107;41
1140.0;195;106;49
1146.0;194;103;53
1152.0;196;109;45
1158.0;196;112;42
1164.0;194;108;48
1170.0;201;107;42
1176.0;200;104;46
1182.0;198;105;47
1188.0;190;105;55
1194.0;192;106;52
1200.0;187;113;50
1206.0;192;110;48
1212.0;187;108;55
1218.0;189;108;53
1224.0;180;109;61
1230.0;179;116;55
1236.0;185;105;60
1242.0;186;111;53
1248.0;188;113;49
1254.0;193;111;46
1260.0;191;114;45
1266.0;194;112;44
1272.0;194;111;45
1278.0;196;97;57
1284.0;204;96;50
1290.0;212;92;46
1296.0;213;95;42
1302.0;215;97;38
1308.0;209;99;42
1314.0;201;96;53
1320.0;202;103;45
1326.0;202;100;48
1332.0;206;98;46
1338.0;210;93;47
1344.0;210;87;53
1350.0;214;87;49
1356.0;211;86;53
1362.0;207;87;56
1368.0;205;88;57
1374.0;199;94;57
1380.0;198;100;52
1386.0;200;100;50
1392.0;195;101;54
1398.0;191;108;51
1404.0;193;110;47
1410.0;195;110;45
1416.0;195;108;47
1422.0;195;111;44
1428.0;198;108;44
1434.0;197;103;50
1440.0;203;98;49
1446.0;193;106;51
1452.0;202;91;57
1458.0;195;98;57
1464.0;200;99;51
1470.0;201;94;55
1476.0;207;98;45
1482.0;214;99;37
1488.0;220;92;38
1494.0;217;96;37
