#auto generated file!
180.0;73;45;32
186.0;78;47;25
192.0;74;52;24
198.0;77;55;18
204.0;81;52;17
210.0;83;49;18
216.0;88;46;16
222.0;92;48;10
228.0;92;43;15
234.0;91;43;16
240.0;94;40;16
246.0;95;38;17
252.0;92;38;20
258.0;92;44;14
264.0;88;49;13
270.0;89;42;19
276.0;90;39;21
282.0;89;38;23
288.0;90;40;20
294.0;85;38;27
300.0;84;42;24
306.0;85;43;22
312.0;88;40;22
318.0;87;42;21
324.0;88;42;20
330.0;91;43;16
336.0;92;43;15
342.0;87;41;22
348.0;87;41;22
354.0;85;42;23
360.0;88;44;18
366.0;85;50;15
372.0;86;45;19
378.0;91;42;17
384.0;90;42;18
390.0;90;39;21
396.0;87;35;28
402.0;88;36;26
408.0;87;34;29
414.0;82;38;30
420.0;81;35;34
426.0;81;34;35
432.0;84;32;34
438.0;80;37;33
444.0;81;38;31
450.0;84;37;29
456.0;87;40;23
462.0;92;39;19
468.0;91;38;21
474.0;90;38;22
480.0;92;40;18
486.0;91;38;21
492.0;86;37;27
498.0;92;37;21
504.0;94;34;22
510.0;92;35;23
516.0;87;38;25
522.0;84;43;23
528.0;87;40;23
534.0;85;48;17
540.0;82;49;19
546.0;82;47;21
552.0;84;42;24
558.0;87;42;21
564.0;89;48;13
570.0;91;43;16
576.0;90;41;19
582.0;85;45;20
588.0;87;41;22
594.0;89;38;23
600.0;91;43;16
606.0;91;44;15
612.0;88;40;22
618.0;89;46;15
624.0;89;48;13
630.0;88;48;14
636.0;86;46;18
642.0;86;42;22
648.0;85;40;25
654.0;81;43;26
660.0;83;46;21
666.0;83;48;19
672.0;86;48;16
678.0;82;47;21
684.0;81;49;20
690.0;79;52;19
696.0;80;46;24
702.0;85;48;17
708.0;90;43;17
714.0;85;44;21
720.0;84;41;25
726.0;82;41;27
732.0;83;36;31
738.0;91;33;26
744.0;94;37;19
750.0;94;36;20
756.0;94;33;23
762.0;97;32;21
768.0;98;33;19
774.0;103;28;19
780.0;101;32;17
786.0;97;34;19
792.0;99;35;16
798.0;97;34;19
804.0;92;35;23
810.0;95;38;17
816.0;95;35;20
822.0;95;33;22
828.0;94;38;18
834.0;89;39;22
840.0;85;42;23
846.0;92;38;20
852.0;91;35;24
858.0;90;34;26
864.0;87;42;21
870.0;87;41;22
876.0;83;44;23
882.0;87;42;21
888.0;84;43;23
894.0;85;40;25
900.0;86;40;24
906.0;89;40;21
912.0;91;38;21
918.0;87;37;26
924.0;85;43;22
930.0;83;46;21
936.0;83;43;24
942.0;78;46;26
948.0;79;42;29
954.0;79;40;31
960.0;80;47;23
966.0;84;41;25
972.0;85;41;24
978.0;84;40;26
984.0;87;38;25
990.0;87;38;25
996.0;86;39;25
1002.0;88;40;22
1008.0;90;37;23
1014.0;89;38;23
1020.0;90;37;23
1026.0;92;34;24
1032.0;90;39;21
1038.0;90;38;22
1044.0;89;36;25
1050.0;90;38;22
1056.0;92;37;21
1062.0;95;36;19
1068.0;95;35;20
1074.0;96;35;19
1080.0;94;37;19
1086.0;91;37;22
1092.0;95;33;22
1098.0;95;34;21
1104.0;97;33;20
1110.0;96;35;19
1116.0;92;39;19
1122.0;92;38;20
1128.0;95;33;22
1134.0;87;41;22
1140.0;87;45;18
1146.0;82;48;20
1152.0;81;52;17
1158.0;86;44;20
1164.0;84;44;22
1170.0;86;40;24
1176.0;90;37;23
1182.0;90;43;17
1188.0;92;40;18
1194.0;94;37;19
1200.0;97;37;16
1206.0;93;42;15
1212.0;91;41;18
1218.0;88;43;19
1224.0;89;43;18
1230.0;87;44;19
1236.0;86;39;25
1242.0;81;44;25
1248.0;83;38;29
1254.0;88;42;20
1260.0;84;42;24
1266.0;79;50;21
1272.0;78;55;17
1278.0;78;55;17
1284.0;83;51;16
1290.0;83;45;22
1296.0;86;42;22
1302.0;87;37;26
1308.0;87;38;25
1314.0;92;37;21
1320.0;94;36;20
1326.0;90;39;21
1332.0;91;37;22
1338.0;84;39;27
1344.0;80;43;27
1350.0;83;46;21
1356.0;83;45;22
1362.0;80;49;21
1368.0;77;49;24
1374.0;75;49;26
1380.0;82;45;23
1386.0;87;42;21
1392.0;79;47;24
1398.0;84;47;19
1404.0;80;54;16
1410.0;80;52;18
1416.0;80;50;20
1422.0;80;53;17
1428.0;80;49;21
1434.0;75;48;27
1440.0;73;51;26
1446.0;73;54;23
1452.0;78;57;15
1458.0;80;52;18
1464.0;80;56;14
1470.0;83;53;14
1476.0;83;51;16
1482.0;87;47;16
1488.0;90;46;14
1494.0;90;43;17
