#auto generated file!
180.0;23;15;12
186.0;25;14;11
192.0;28;12;10
198.0;27;10;13
204.0;28;12;10
210.0;31;12;7
216.0;27;15;8
222.0;25;16;9
228.0;29;17;4
234.0;27;17;6
240.0;29;15;6
246.0;27;18;5
252.0;28;18;4
258.0;30;16;4
264.0;27;15;8
270.0;24;17;9
276.0;21;19;10
282.0;22;18;10
288.0;23;16;11
294.0;22;16;12
300.0;22;18;10
306.0;23;15;12
312.0;24;16;10
318.0;24;14;12
324.0;24;14;12
330.0;23;17;10
336.0;25;17;8
342.0;28;16;6
348.0;26;15;9
354.0;27;12;11
360.0;26;12;12
366.0;26;13;11
372.0;27;14;9
378.0;27;15;8
384.0;27;14;9
390.0;24;14;12
396.0;24;15;11
402.0;24;13;13
408.0;27;10;13
414.0;29;8;13
420.0;31;9;10
426.0;31;10;9
432.0;31;10;9
438.0;31;10;9
444.0;32;11;7
450.0;31;11;8
456.0;29;11;10
462.0;29;14;7
468.0;28;14;8
474.0;28;15;7
480.0;26;15;9
486.0;27;16;7
492.0;25;20;5
498.0;21;21;8
504.0;22;20;8
510.0;23;21;6
516.0;22;18;10
522.0;20;20;10
528.0;20;18;12
534.0;19;21;10
540.0;18;20;12
546.0;19;19;12
552.0;16;22;12
558.0;16;21;13
564.0;18;22;10
570.0;21;19;10
576.0;26;17;7
582.0;27;16;7
588.0;25;17;8
594.0;27;16;7
600.0;26;17;7
606.0;27;14;9
612.0;26;16;8
618.0;25;16;9
624.0;25;17;8
630.0;26;17;7
636.0;27;16;7
642.0;25;15;10
648.0;26;17;7
654.0;28;15;7
660.0;26;12;12
666.0;26;14;10
672.0;28;14;8
678.0;30;14;6
684.0;29;12;9
690.0;29;15;6
696.0;30;14;6
702.0;28;15;7
708.0;26;18;6
714.0;26;16;8
720.0;28;14;8
726.0;28;15;7
732.0;30;13;7
738.0;31;10;9
744.0;28;14;8
750.0;27;14;9
756.0;29;11;10
762.0;34;9;7
768.0;33;8;9
774.0;32;9;9
780.0;30;11;9
786.0;29;12;9
792.0;30;12;8
798.0;31;12;7
804.0;31;13;6
810.0;31;13;6
816.0;32;11;7
822.0;32;12;6
828.0;32;11;7
834.0;36;9;5
840.0;34;9;7
846.0;37;9;4
852.0;33;9;8
858.0;31;6;13
864.0;32;7;11
870.0;31;7;12
876.0;32;7;11
882.0;35;10;5
888.0;34;9;7
894.0;35;7;8
900.0;37;6;7
906.0;35;8;7
912.0;34;9;7
918.0;33;9;8
924.0;35;8;7
930.0;37;8;5
936.0;37;9;4
942.0;35;10;5
948.0;34;12;4
954.0;34;12;4
960.0;36;11;3
966.0;34;12;4
972.0;33;13;4
978.0;32;13;5
984.0;33;12;5
990.0;31;13;6
996.0;30;13;7
1002.0;28;15;7
1008.0;30;15;5
1014.0;29;14;7
1020.0;31;11;8
1026.0;32;11;7
1032.0;34;10;6
1038.0;36;9;5
1044.0;37;8;5
1050.0;35;7;8
1056.0;34;8;8
1062.0;33;9;8
1068.0;33;12;5
1074.0;32;13;5
1080.0;32;13;5
1086.0;28;14;8
1092.0;31;11;8
1098.0;28;14;8
1104.0;33;12;5
1110.0;32;11;7
1116.0;34;11;5
1122.0;35;11;4
1128.0;33;10;7
1134.0;32;10;8
1140.0;27;15;8
1146.0;29;17;4
1152.0;28;14;8
1158.0;30;13;7
1164.0;28;13;9
1170.0;29;12;9
1176.0;31;10;9
1182.0;30;11;9
1188.0;28;13;9
1194.0;32;8;10
1200.0;35;7;8
1206.0;34;10;6
1212.0;31;13;6
1218.0;37;9;4
1224.0;37;9;4
1230.0;36;10;4
1236.0;35;9;6
1242.0;33;14;3
1248.0;31;15;4
1254.0;31;14;5
1260.0;30;13;7
1266.0;28;15;7
1272.0;27;15;8
1278.0;26;15;9
1284.0;25;14;11
1290.0;26;16;8
1296.0;29;13;8
1302.0;30;12;8
1308.0;29;12;9
1314.0;25;19;6
1320.0;25;19;6
1326.0;23;20;7
1332.0;26;19;5
1338.0;28;18;4
1344.0;30;15;5
1350.0;30;16;4
1356.0;32;15;3
1362.0;32;17;1
1368.0;31;16;3
1374.0;31;14;5
1380.0;31;14;5
1386.0;31;13;6
1392.0;31;12;7
1398.0;27;13;10
1404.0;27;14;9
1410.0;27;15;8
1416.0;29;16;5
1422.0;29;15;6
1428.0;29;17;4
1434.0;31;18;1
1440.0;30;17;3
1446.0;31;17;2
1452.0;32;15;3
1458.0;32;14;4
1464.0;31;14;5
1470.0;30;14;6
1476.0;30;15;5
1482.0;32;11;7
1488.0;32;10;8
1494.0;33;9;8
