#auto generated file!
6.0;0.0;0.0
12.0;0.0;0.125
18.0;8.541666666666666;0.25
24.0;19.166666666666668;0.5
30.0;25.833333333333332;0.0
36.0;24.583333333333332;0.0
42.0;22.5;1.0
48.0;27.083333333333332;0.0
54.0;43.75;0.0
60.0;72.08333333333333;0.0
66.0;83.75;0.5
72.0;97.91666666666667;0.0
78.0;98.125;0.0
84.0;91.875;0.0
90.0;69.58333333333333;0.5
96.0;76.25;0.5
102.0;86.25;0.5
108.0;83.33333333333333;0.5
114.0;89.375;0.5
120.0;91.66666666666667;0.5
126.0;60.0;0.0
132.0;58.75;0.0
138.0;71.25;0.5
144.0;96.66666666666667;0.0
150.0;95.0;0.0
156.0;92.5;0.0
162.0;67.08333333333333;0.0
168.0;71.25;0.0
174.0;56.25;0.5
180.0;79.58333333333333;0.5
186.0;71.66666666666667;0.5
192.0;75.41666666666667;0.0
198.0;75.83333333333333;0.5
204.0;92.70833333333333;0.75
210.0;95.0;0.0
216.0;98.75;0.0
222.0;92.91666666666667;0.5
228.0;89.16666666666667;1.0
234.0;81.875;0.0
240.0;76.66666666666667;0.0
246.0;70.83333333333333;0.5
252.0;76.66666666666667;0.0
258.0;96.66666666666667;0.5
264.0;99.79166666666667;0.5
270.0;96.25;0.0
276.0;69.58333333333333;0.0
282.0;73.54166666666667;0.0
288.0;92.70833333333333;0.0
294.0;97.5;0.0
300.0;98.75;0.75
306.0;76.25;0.0
312.0;58.75;0.0
318.0;73.75;0.0
324.0;96.04166666666667;0.0
330.0;97.70833333333333;1.0
336.0;94.16666666666667;0.5
342.0;98.75;0.0
348.0;78.95833333333333;0.0
354.0;67.91666666666667;0.0
360.0;80.0;0.0
366.0;75.0;0.0
372.0;85.41666666666667;0.5
378.0;93.75;0.5
384.0;95.625;0.0
390.0;93.54166666666667;0.0
396.0;94.58333333333333;0.0
402.0;68.95833333333333;0.0
408.0;82.08333333333333;0.0
414.0;81.875;0.0
420.0;75.41666666666667;0.0
426.0;62.083333333333336;0.0
432.0;67.08333333333333;0.5
438.0;91.04166666666667;0.0
444.0;97.70833333333333;0.75
450.0;89.16666666666667;0.0
456.0;88.33333333333333;0.0
462.0;75.41666666666667;0.5
468.0;76.66666666666667;0.5
474.0;85.83333333333333;0.5
480.0;85.0;0.0
486.0;85.0;0.0
492.0;77.91666666666667;0.5
498.0;69.58333333333333;0.0
504.0;87.08333333333333;1.0
510.0;88.54166666666667;0.0
516.0;94.16666666666667;0.25
522.0;99.375;0.0
528.0;91.45833333333333;0.5
534.0;85.41666666666667;0.0
540.0;59.583333333333336;0.5
546.0;58.333333333333336;0.75
552.0;84.58333333333333;0.5
558.0;78.125;0.0
564.0;90.41666666666667;0.0
570.0;93.125;0.0
576.0;90.83333333333333;0.0
582.0;84.16666666666667;0.0
588.0;78.75;0.5
594.0;99.375;0.0
600.0;90.0;0.0
606.0;73.33333333333333;0.0
612.0;53.125;0.0
618.0;57.708333333333336;0.5
624.0;62.5;0.0
630.0;76.25;0.0
636.0;92.08333333333333;0.0
642.0;98.75;0.0
648.0;75.83333333333333;0.0
654.0;72.70833333333333;0.0
660.0;73.33333333333333;0.0
666.0;96.25;1.0
672.0;96.66666666666667;0.0
678.0;83.33333333333333;0.0
684.0;94.16666666666667;0.5
690.0;93.75;1.0
696.0;88.75;0.0
702.0;71.25;0.5
708.0;87.29166666666667;0.5
714.0;92.91666666666667;0.0
720.0;81.66666666666667;0.0
726.0;66.66666666666667;0.0
732.0;55.416666666666664;0.0
738.0;72.08333333333333;0.25
744.0;97.5;0.0
750.0;94.58333333333333;0.25
756.0;79.16666666666667;0.0
762.0;71.66666666666667;0.0
768.0;76.66666666666667;0.0
774.0;85.0;0.0
780.0;93.75;0.5
786.0;86.25;0.5
792.0;91.25;0.5
798.0;92.5;0.0
804.0;72.29166666666667;0.0
810.0;95.83333333333333;0.5
816.0;92.5;0.0
822.0;96.66666666666667;0.5
828.0;95.83333333333333;0.0
834.0;80.20833333333333;0.0
840.0;67.5;0.0
846.0;79.16666666666667;0.5
852.0;75.0;0.0
858.0;94.79166666666667;0.0
864.0;84.375;0.0
870.0;93.33333333333333;0.0
876.0;54.166666666666664;0.75
882.0;62.5;0.0
888.0;68.125;0.0
894.0;92.5;0.0
900.0;91.25;0.75
906.0;79.16666666666667;0.5
912.0;94.58333333333333;0.0
918.0;99.58333333333333;0.0
924.0;96.66666666666667;0.75
930.0;96.66666666666667;0.0
936.0;95.41666666666667;0.75
942.0;83.33333333333333;0.0
948.0;76.04166666666667;0.75
954.0;58.333333333333336;0.0
960.0;66.25;0.0
966.0;81.25;0.0
972.0;99.375;0.5
978.0;93.125;0.25
984.0;87.91666666666667;0.25
990.0;88.125;0.0
996.0;91.25;0.0
1002.0;82.08333333333333;0.5
1008.0;82.5;0.0
1014.0;78.95833333333333;0.0
1020.0;71.04166666666667;0.5
1026.0;59.166666666666664;0.0
1032.0;56.25;0.0
1038.0;88.33333333333333;0.5
1044.0;98.75;0.0
1050.0;88.75;0.0
1056.0;80.83333333333333;0.0
1062.0;65.0;0.0
1068.0;52.291666666666664;0.5
1074.0;53.958333333333336;0.0
1080.0;54.166666666666664;0.0
1086.0;50.0;0.0
1092.0;64.16666666666667;0.0
1098.0;63.958333333333336;0.0
1104.0;87.29166666666667;0.5
1110.0;88.75;0.0
1116.0;99.58333333333333;0.0
1122.0;97.91666666666667;0.0
1128.0;99.375;0.5
1134.0;87.5;0.75
1140.0;66.25;0.5
1146.0;56.25;0.0
1152.0;67.91666666666667;0.5
1158.0;84.16666666666667;0.0
1164.0;99.16666666666667;0.0
1170.0;83.75;0.0
1176.0;92.08333333333333;0.0
1182.0;76.66666666666667;0.5
1188.0;87.08333333333333;0.5
1194.0;92.5;0.0
1200.0;95.0;0.5
1206.0;91.66666666666667;0.5
1212.0;61.25;0.125
1218.0;62.291666666666664;0.0
1224.0;79.375;0.25
1230.0;88.75;0.0
1236.0;90.83333333333333;0.5
1242.0;91.66666666666667;0.0
1248.0;80.0;0.0
1254.0;75.41666666666667;0.0
1260.0;84.16666666666667;0.0
1266.0;99.58333333333333;0.0
1272.0;95.0;0.0
1278.0;97.29166666666667;0.5
1284.0;90.0;0.5
1290.0;98.125;0.0
1296.0;82.5;0.5
1302.0;73.33333333333333;0.0
1308.0;85.41666666666667;0.0
1314.0;61.666666666666664;0.125
1320.0;72.5;0.0
1326.0;70.0;0.0
1332.0;68.95833333333333;0.5
1338.0;86.25;0.5
1344.0;94.16666666666667;0.125
1350.0;97.91666666666667;0.0
1356.0;80.83333333333333;0.0
1362.0;75.0;0.5
1368.0;72.70833333333333;0.0
1374.0;64.58333333333333;0.0
1380.0;75.83333333333333;1.0
1386.0;85.83333333333333;0.0
1392.0;74.375;0.0
1398.0;62.5;0.0
1404.0;65.83333333333333;0.0
1410.0;77.91666666666667;0.0
1416.0;92.5;0.75
1422.0;98.125;0.0
1428.0;96.66666666666667;0.0
1434.0;78.95833333333333;0.0
1440.0;64.16666666666667;0.5
1446.0;45.833333333333336;0.0
1452.0;63.541666666666664;1.0
1458.0;72.70833333333333;0.5
1464.0;88.54166666666667;0.0
1470.0;94.16666666666667;0.0
1476.0;85.83333333333333;0.0
1482.0;60.416666666666664;0.0
1488.0;65.0;0.5
1494.0;95.0;0.0
