#auto generated file!
180.0;12;6;7
186.0;12;7;6
192.0;14;5;6
198.0;15;5;5
204.0;16;5;4
210.0;17;6;2
216.0;15;6;4
222.0;15;7;3
228.0;14;7;4
234.0;16;6;3
240.0;17;6;2
246.0;16;7;2
252.0;16;7;2
258.0;18;6;1
264.0;17;7;1
270.0;18;5;2
276.0;20;2;3
282.0;19;3;3
288.0;19;2;4
294.0;19;3;3
300.0;18;4;3
306.0;20;2;3
312.0;17;5;3
318.0;15;4;6
324.0;16;4;5
330.0;17;6;2
336.0;17;7;1
342.0;16;6;3
348.0;14;6;5
354.0;14;7;4
360.0;14;7;4
366.0;15;7;3
372.0;15;6;4
378.0;14;7;4
384.0;13;9;3
390.0;15;8;2
396.0;16;7;2
402.0;17;6;2
408.0;17;6;2
414.0;17;7;1
420.0;17;7;1
426.0;16;8;1
432.0;17;6;2
438.0;15;8;2
444.0;17;7;1
450.0;17;5;3
456.0;16;6;3
462.0;17;6;2
468.0;18;5;2
474.0;17;7;1
480.0;17;7;1
486.0;15;9;1
492.0;14;10;1
498.0;14;9;2
504.0;14;9;2
510.0;14;7;4
516.0;13;7;5
522.0;15;6;4
528.0;16;6;3
534.0;17;6;2
540.0;17;4;4
546.0;15;5;5
552.0;14;5;6
558.0;13;6;6
564.0;14;6;5
570.0;15;6;4
576.0;16;6;3
582.0;16;7;2
588.0;16;6;3
594.0;17;5;3
600.0;16;5;4
606.0;15;5;5
612.0;11;8;6
618.0;13;6;6
624.0;14;7;4
630.0;16;8;1
636.0;16;8;1
642.0;15;6;4
648.0;16;4;5
654.0;16;5;4
660.0;13;7;5
666.0;12;6;7
672.0;12;8;5
678.0;13;7;5
684.0;14;5;6
690.0;15;7;3
696.0;14;8;3
702.0;13;8;4
708.0;13;8;4
714.0;13;7;5
720.0;14;7;4
726.0;14;8;3
732.0;15;8;2
738.0;16;6;3
744.0;15;5;5
750.0;17;5;3
756.0;18;5;2
762.0;19;5;1
768.0;19;5;1
774.0;20;2;3
780.0;19;2;4
786.0;17;5;3
792.0;17;5;3
798.0;16;6;3
804.0;15;7;3
810.0;15;7;3
816.0;16;6;3
822.0;15;6;4
828.0;15;7;3
834.0;15;8;2
840.0;16;7;2
846.0;17;7;1
852.0;17;6;2
858.0;17;6;2
864.0;17;6;2
870.0;17;4;4
876.0;15;4;6
882.0;17;3;5
888.0;17;4;4
894.0;17;4;4
900.0;18;4;3
906.0;17;5;3
912.0;17;5;3
918.0;17;3;5
924.0;18;3;4
930.0;18;5;2
936.0;16;6;3
942.0;15;6;4
948.0;15;5;5
954.0;15;5;5
960.0;14;6;5
966.0;15;5;5
972.0;17;3;5
978.0;16;6;3
984.0;15;7;3
990.0;16;6;3
996.0;15;5;5
1002.0;13;6;6
1008.0;15;5;5
1014.0;13;7;5
1020.0;15;6;4
1026.0;16;6;3
1032.0;17;5;3
1038.0;17;6;2
1044.0;16;5;4
1050.0;17;4;4
1056.0;17;3;5
1062.0;18;5;2
1068.0;17;6;2
1074.0;16;7;2
1080.0;15;8;2
1086.0;14;8;3
1092.0;13;9;3
1098.0;13;8;4
1104.0;11;8;6
1110.0;13;9;3
1116.0;14;8;3
1122.0;16;7;2
1128.0;14;10;1
1134.0;12;11;2
1140.0;11;11;3
1146.0;10;10;5
1152.0;10;10;5
1158.0;11;9;5
1164.0;10;8;7
1170.0;11;8;6
1176.0;8;11;6
1182.0;8;11;6
1188.0;8;9;8
1194.0;11;8;6
1200.0;11;9;5
1206.0;9;10;6
1212.0;9;9;7
1218.0;11;9;5
1224.0;12;9;4
1230.0;11;8;6
1236.0;10;8;7
1242.0;10;9;6
1248.0;11;8;6
1254.0;11;10;4
1260.0;10;10;5
1266.0;9;9;7
1272.0;11;9;5
1278.0;10;10;5
1284.0;9;10;6
1290.0;11;9;5
1296.0;11;10;4
1302.0;10;10;5
1308.0;11;9;5
1314.0;13;7;5
1320.0;14;7;4
1326.0;13;7;5
1332.0;14;6;5
1338.0;17;6;2
1344.0;17;6;2
1350.0;16;7;2
1356.0;18;5;2
1362.0;15;6;4
1368.0;16;6;3
1374.0;18;6;1
1380.0;19;5;1
1386.0;17;6;2
1392.0;17;7;1
1398.0;18;7;0
1404.0;18;7;0
1410.0;17;5;3
1416.0;14;6;5
1422.0;15;6;4
1428.0;15;6;4
1434.0;15;7;3
1440.0;15;9;1
1446.0;16;8;1
1452.0;13;11;1
1458.0;14;10;1
1464.0;14;10;1
1470.0;14;9;2
1476.0;14;9;2
1482.0;14;8;3
1488.0;15;7;3
1494.0;14;6;5
