#auto generated file!
180.0;183;121;46
186.0;181;121;48
192.0;188;105;57
198.0;186;117;47
204.0;192;104;54
210.0;189;101;60
216.0;190;101;59
222.0;192;98;60
228.0;189;112;49
234.0;193;111;46
240.0;189;119;42
246.0;180;117;53
252.0;190;103;57
258.0;190;108;52
264.0;192;101;57
270.0;188;114;48
276.0;199;105;46
282.0;210;103;37
288.0;203;108;39
294.0;201;108;41
300.0;202;104;44
306.0;202;98;50
312.0;202;99;49
318.0;208;98;44
324.0;207;93;50
330.0;202;89;59
336.0;201;86;63
342.0;208;88;54
348.0;207;95;48
354.0;199;100;51
360.0;202;97;51
366.0;204;95;51
372.0;205;90;55
378.0;202;92;56
384.0;197;93;60
390.0;205;90;55
396.0;210;90;50
402.0;201;96;53
408.0;195;102;53
414.0;190;108;52
420.0;189;109;52
426.0;190;105;55
432.0;187;107;56
438.0;187;102;61
444.0;186;107;57
450.0;188;115;47
456.0;192;115;43
462.0;181;126;43
468.0;189;120;41
474.0;186;114;50
480.0;180;119;51
486.0;180;121;49
492.0;170;120;60
498.0;173;112;65
504.0;176;119;55
510.0;182;116;52
516.0;178;113;59
522.0;185;120;45
528.0;182;119;49
534.0;189;112;49
540.0;187;112;51
546.0;186;117;47
552.0;183;124;43
558.0;187;119;44
564.0;185;119;46
570.0;188;122;40
576.0;192;126;32
582.0;185;119;46
588.0;186;110;54
594.0;190;101;59
600.0;203;94;53
606.0;199;94;57
612.0;202;87;61
618.0;206;94;50
624.0;203;101;46
630.0;200;107;43
636.0;202;112;36
642.0;207;111;32
648.0;202;113;35
654.0;203;108;39
660.0;210;100;40
666.0;208;103;39
672.0;214;94;42
678.0;216;93;41
684.0;210;96;44
690.0;206;97;47
696.0;208;95;47
702.0;210;97;43
708.0;208;92;50
714.0;202;96;52
720.0;204;92;54
726.0;202;99;49
732.0;202;100;48
738.0;202;103;45
744.0;206;99;45
750.0;198;101;51
756.0;196;99;55
762.0;186;117;47
768.0;178;116;56
774.0;184;106;60
780.0;184;109;57
786.0;186;112;52
792.0;191;106;53
798.0;191;104;55
804.0;196;99;55
810.0;196;102;52
816.0;196;102;52
822.0;194;101;55
828.0;193;101;56
834.0;197;100;53
840.0;209;98;43
846.0;212;95;43
852.0;214;89;47
858.0;223;86;41
864.0;215;89;46
870.0;223;85;42
876.0;213;86;51
882.0;216;82;52
888.0;220;82;48
894.0;213;86;51
900.0;213;88;49
906.0;208;97;45
912.0;210;93;47
918.0;211;94;45
924.0;211;89;50
930.0;208;91;51
936.0;201;95;54
942.0;195;105;50
948.0;196;108;46
954.0;197;110;43
960.0;204;110;36
966.0;213;96;41
972.0;209;99;42
978.0;205;101;44
984.0;199;99;52
990.0;204;101;45
996.0;206;102;42
1002.0;204;101;45
1008.0;213;103;34
1014.0;211;100;39
1020.0;215;95;40
1026.0;216;93;41
1032.0;215;93;42
1038.0;213;84;53
1044.0;212;83;55
1050.0;212;88;50
1056.0;217;86;47
1062.0;224;84;42
1068.0;224;84;42
1074.0;224;83;43
1080.0;224;84;42
1086.0;223;91;36
1092.0;225;80;45
1098.0;227;75;48
1104.0;223;79;48
1110.0;211;84;55
1116.0;208;87;55
1122.0;198;99;53
1128.0;205;98;47
1134.0;207;97;46
1140.0;205;103;42
1146.0;201;110;39
1152.0;201;106;43
1158.0;197;109;44
1164.0;202;98;50
1170.0;199;101;50
1176.0;204;97;49
1182.0;199;99;52
1188.0;200;98;52
1194.0;199;100;51
1200.0;202;93;55
1206.0;195;102;53
1212.0;195;98;57
1218.0;200;100;50
1224.0;204;101;45
1230.0;213;96;41
1236.0;212;90;48
1242.0;212;87;51
1248.0;210;83;57
1254.0;212;83;55
1260.0;214;90;46
1266.0;221;89;40
1272.0;215;94;41
1278.0;207;99;44
1284.0;201;112;37
1290.0;197;113;40
1296.0;212;105;33
1302.0;209;96;45
1308.0;195;111;44
1314.0;195;109;46
1320.0;200;109;41
1326.0;201;108;41
1332.0;205;98;47
1338.0;207;96;47
1344.0;203;87;60
1350.0;203;93;54
1356.0;200;99;51
1362.0;198;105;47
1368.0;203;105;42
1374.0;201;103;46
1380.0;209;93;48
1386.0;206;95;49
1392.0;212;96;42
1398.0;213;91;46
1404.0;206;100;44
1410.0;206;107;37
1416.0;210;93;47
1422.0;202;94;54
1428.0;195;101;54
1434.0;197;102;51
1440.0;191;108;51
1446.0;197;107;46
1452.0;197;108;45
1458.0;202;100;48
1464.0;207;101;42
1470.0;206;100;44
1476.0;202;92;56
1482.0;202;91;57
1488.0;200;93;57
1494.0;198;92;60
