#auto generated file!
180.0;71;36;18
186.0;69;38;18
192.0;70;36;19
198.0;73;33;19
204.0;72;29;24
210.0;68;34;23
216.0;68;37;20
222.0;69;40;16
228.0;64;41;20
234.0;71;39;15
240.0;66;41;18
246.0;66;38;21
252.0;66;38;21
258.0;69;35;21
264.0;72;33;20
270.0;71;32;22
276.0;72;32;21
282.0;75;31;19
288.0;74;34;17
294.0;71;36;18
300.0;69;33;23
306.0;70;29;26
312.0;69;31;25
318.0;69;33;23
324.0;69;34;22
330.0;71;31;23
336.0;72;32;21
342.0;77;30;18
348.0;78;24;23
354.0;76;27;22
360.0;79;28;18
366.0;77;36;12
372.0;77;35;13
378.0;77;31;17
384.0;73;34;18
390.0;77;34;14
396.0;75;33;17
402.0;71;37;17
408.0;71;36;18
414.0;72;35;18
420.0;73;33;19
426.0;74;32;19
432.0;72;34;19
438.0;76;31;18
444.0;74;36;15
450.0;69;37;19
456.0;71;39;15
462.0;70;37;18
468.0;74;34;17
474.0;76;33;16
480.0;69;39;17
486.0;70;39;16
492.0;70;39;16
498.0;73;35;17
504.0;72;36;17
510.0;71;39;15
516.0;73;36;16
522.0;75;34;16
528.0;71;39;15
534.0;70;41;14
540.0;64;47;14
546.0;62;46;17
552.0;60;47;18
558.0;60;45;20
564.0;67;39;19
570.0;65;43;17
576.0;65;38;22
582.0;64;35;26
588.0;62;35;28
594.0;66;33;26
600.0;62;40;23
606.0;58;44;23
612.0;69;39;17
618.0;69;37;19
624.0;71;34;20
630.0;73;35;17
636.0;77;36;12
642.0;72;41;12
648.0;73;34;18
654.0;79;32;14
660.0;79;31;15
666.0;72;35;18
672.0;73;35;17
678.0;77;35;13
684.0;74;38;13
690.0;72;35;18
696.0;72;31;22
702.0;71;32;22
708.0;66;40;19
714.0;69;36;20
720.0;70;35;20
726.0;66;38;21
732.0;70;33;22
738.0;68;32;25
744.0;71;29;25
750.0;70;34;21
756.0;75;36;14
762.0;76;34;15
768.0;73;38;14
774.0;73;40;12
780.0;72;38;15
786.0;71;41;13
792.0;70;38;17
798.0;67;34;24
804.0;72;30;23
810.0;78;30;17
816.0;73;30;22
822.0;71;34;20
828.0;67;37;21
834.0;71;33;21
840.0;68;35;22
846.0;73;37;15
852.0;75;38;12
858.0;70;38;17
864.0;70;39;16
870.0;65;42;18
876.0;65;44;16
882.0;69;41;15
888.0;70;41;14
894.0;68;40;17
900.0;64;40;21
906.0;67;43;15
912.0;65;37;23
918.0;66;38;21
924.0;67;35;23
930.0;66;35;24
936.0;64;34;27
942.0;66;34;25
948.0;71;32;22
954.0;73;37;15
960.0;70;39;16
966.0;69;37;19
972.0;74;28;23
978.0;68;37;20
984.0;71;36;18
990.0;71;34;20
996.0;70;34;21
1002.0;66;34;25
1008.0;69;35;21
1014.0;70;35;20
1020.0;70;33;22
1026.0;73;34;18
1032.0;72;36;17
1038.0;73;32;20
1044.0;76;30;19
1050.0;71;34;20
1056.0;70;39;16
1062.0;66;42;17
1068.0;70;40;15
1074.0;68;38;19
1080.0;73;39;13
1086.0;74;37;14
1092.0;76;34;15
1098.0;73;41;11
1104.0;70;36;19
1110.0;73;33;19
1116.0;65;43;17
1122.0;68;46;11
1128.0;67;44;14
1134.0;72;40;13
1140.0;70;41;14
1146.0;71;42;12
1152.0;68;43;14
1158.0;73;36;16
1164.0;73;31;21
1170.0;75;31;19
1176.0;71;35;19
1182.0;67;38;20
1188.0;68;38;19
1194.0;68;41;16
1200.0;73;35;17
1206.0;73;34;18
1212.0;75;33;17
1218.0;79;31;15
1224.0;77;34;14
1230.0;76;37;12
1236.0;68;41;16
1242.0;69;38;18
1248.0;65;38;22
1254.0;66;37;22
1260.0;67;37;21
1266.0;65;37;23
1272.0;63;39;23
1278.0;62;34;29
1284.0;60;37;28
1290.0;66;28;31
1296.0;67;32;26
1302.0;68;32;25
1308.0;68;36;21
1314.0;68;35;22
1320.0;65;35;25
1326.0;62;39;24
1332.0;67;39;19
1338.0;68;42;15
1344.0;68;43;14
1350.0;66;42;17
1356.0;67;42;16
1362.0;70;41;14
1368.0;70;38;17
1374.0;74;34;17
1380.0;70;34;21
1386.0;71;33;21
1392.0;69;36;20
1398.0;68;38;19
1404.0;68;37;20
1410.0;70;39;16
1416.0;74;36;15
1422.0;73;35;17
1428.0;78;32;15
1434.0;79;34;12
1440.0;75;39;11
1446.0;73;35;17
1452.0;72;35;18
1458.0;72;32;21
1464.0;74;29;22
1470.0;74;28;23
1476.0;76;29;20
1482.0;76;31;18
1488.0;74;25;26
1494.0;74;28;23
