#auto generated file!
180.0;143;56;26
186.0;141;63;21
192.0;137;68;20
198.0;131;70;24
204.0;123;73;29
210.0;123;72;30
216.0;113;85;27
222.0;114;80;31
228.0;111;79;35
234.0;114;77;34
240.0;111;76;38
246.0;114;77;34
252.0;113;71;41
258.0;109;69;47
264.0;113;69;43
270.0;119;66;40
276.0;125;64;36
282.0;131;57;37
288.0;128;62;35
294.0;130;58;37
300.0;133;60;32
306.0;128;65;32
312.0;126;69;30
318.0;128;72;25
324.0;131;70;24
330.0;121;78;26
336.0;120;77;28
342.0;118;77;30
348.0;124;72;29
354.0;130;64;31
360.0;130;61;34
366.0;130;58;37
372.0;127;64;34
378.0;132;59;34
384.0;134;61;30
390.0;131;61;33
396.0;123;62;40
402.0;128;57;40
408.0;134;56;35
414.0;136;59;30
420.0;128;62;35
426.0;129;64;32
432.0;132;61;32
438.0;129;65;31
444.0;128;67;30
450.0;128;68;29
456.0;135;67;23
462.0;136;68;21
468.0;136;61;28
474.0;130;60;35
480.0;128;59;38
486.0;128;66;31
492.0;134;64;27
498.0;138;62;25
504.0;137;59;29
510.0;129;64;32
516.0;130;59;36
522.0;126;59;40
528.0;130;60;35
534.0;124;65;36
540.0;120;70;35
546.0;125;64;36
552.0;120;67;38
558.0;118;70;37
564.0;116;73;36
570.0;118;72;35
576.0;122;67;36
582.0;122;68;35
588.0;120;79;26
594.0;119;77;29
600.0;122;78;25
606.0;120;77;28
612.0;123;75;27
618.0;128;72;25
624.0;121;78;26
630.0;120;74;31
636.0;122;69;34
642.0;124;68;33
648.0;119;67;39
654.0;120;65;40
660.0;123;63;39
666.0;125;65;35
672.0;124;66;35
678.0;121;68;36
684.0;116;70;39
690.0;117;65;43
696.0;124;63;38
702.0;123;66;36
708.0;122;72;31
714.0;117;71;37
720.0;116;73;36
726.0;118;70;37
732.0;119;66;40
738.0;119;70;36
744.0;127;63;35
750.0;129;61;35
756.0;128;61;36
762.0;120;66;39
768.0;124;62;39
774.0;128;64;33
780.0;133;58;34
786.0;128;60;37
792.0;127;60;38
798.0;133;54;38
804.0;136;50;39
810.0;135;54;36
816.0;128;67;30
822.0;123;75;27
828.0;117;74;34
834.0;119;70;36
840.0;127;65;33
846.0;121;63;41
852.0;127;67;31
858.0;126;63;36
864.0;128;63;34
870.0;132;57;36
876.0;140;60;25
882.0;144;58;23
888.0;140;63;22
894.0;136;62;27
900.0;134;66;25
906.0;129;70;26
912.0;132;66;27
918.0;128;69;28
924.0;127;71;27
930.0;124;72;29
936.0;121;75;29
942.0;121;73;31
948.0;119;77;29
954.0;117;72;36
960.0;116;76;33
966.0;117;78;30
972.0;124;78;23
978.0;134;68;23
984.0;130;65;30
990.0;133;66;26
996.0;127;68;30
1002.0;132;70;23
1008.0;137;64;24
1014.0;138;60;27
1020.0;141;52;32
1026.0;139;51;35
1032.0;140;53;32
1038.0;140;54;31
1044.0;139;53;33
1050.0;139;52;34
1056.0;138;54;33
1062.0;142;59;24
1068.0;137;60;28
1074.0;134;59;32
1080.0;136;62;27
1086.0;136;65;24
1092.0;139;57;29
1098.0;139;58;28
1104.0;132;58;35
1110.0;133;58;34
1116.0;128;66;31
1122.0;139;65;21
1128.0;134;62;29
1134.0;143;56;26
1140.0;142;57;26
1146.0;138;57;30
1152.0;133;60;32
1158.0;134;60;31
1164.0;127;62;36
1170.0;128;57;40
1176.0;132;59;34
1182.0;133;57;35
1188.0;127;58;40
1194.0;128;60;37
1200.0;129;63;33
1206.0;140;58;27
1212.0;139;55;31
1218.0;140;55;30
1224.0;136;53;36
1230.0;132;54;39
1236.0;134;57;34
1242.0;131;57;37
1248.0;130;60;35
1254.0;131;59;35
1260.0;128;66;31
1266.0;119;80;26
1272.0;118;80;27
1278.0;116;78;31
1284.0;117;79;29
1290.0;110;81;34
1296.0;111;78;36
1302.0;109;80;36
1308.0;120;68;37
1314.0;125;70;30
1320.0;121;66;38
1326.0;128;58;39
1332.0;125;67;33
1338.0;127;62;36
1344.0;124;64;37
1350.0;128;68;29
1356.0;131;64;30
1362.0;135;62;28
1368.0;128;64;33
1374.0;128;68;29
1380.0;123;79;23
1386.0;123;73;29
1392.0;121;74;30
1398.0;120;73;32
1404.0;123;69;33
1410.0;123;71;31
1416.0;127;71;27
1422.0;123;73;29
1428.0;123;71;31
1434.0;127;70;28
1440.0;124;77;24
1446.0;130;73;22
1452.0;135;67;23
1458.0;135;69;21
1464.0;135;62;28
1470.0;132;65;28
1476.0;123;64;38
1482.0;119;74;32
1488.0;118;70;37
1494.0;115;74;36
