#auto generated file!
180.0;51;32;17
186.0;48;35;17
192.0;50;33;17
198.0;52;32;16
204.0;53;33;14
210.0;58;26;16
216.0;54;29;17
222.0;56;30;14
228.0;55;28;17
234.0;56;26;18
240.0;59;25;16
246.0;57;28;15
252.0;59;26;15
258.0;61;24;15
264.0;64;22;14
270.0;63;21;16
276.0;63;23;14
282.0;66;24;10
288.0;62;24;14
294.0;60;21;19
300.0;61;24;15
306.0;60;23;17
312.0;60;25;15
318.0;57;25;18
324.0;61;24;15
330.0;60;28;12
336.0;61;27;12
342.0;60;27;13
348.0;56;23;21
354.0;58;24;18
360.0;54;27;19
366.0;52;28;20
372.0;50;32;18
378.0;50;36;14
384.0;53;34;13
390.0;53;39;8
396.0;52;37;11
402.0;47;39;14
408.0;48;35;17
414.0;46;37;17
420.0;45;35;20
426.0;44;39;17
432.0;41;45;14
438.0;42;44;14
444.0;44;39;17
450.0;47;40;13
456.0;45;38;17
462.0;46;39;15
468.0;44;38;18
474.0;53;29;18
480.0;59;27;14
486.0;61;24;15
492.0;63;24;13
498.0;60;31;9
504.0;57;33;10
510.0;55;35;10
516.0;51;38;11
522.0;53;38;9
528.0;55;37;8
534.0;56;39;5
540.0;56;41;3
546.0;55;38;7
552.0;54;35;11
558.0;53;31;16
564.0;52;34;14
570.0;51;35;14
576.0;49;34;17
582.0;50;35;15
588.0;54;33;13
594.0;56;37;7
600.0;53;38;9
606.0;54;37;9
612.0;54;36;10
618.0;60;32;8
624.0;54;32;14
630.0;54;30;16
636.0;60;28;12
642.0;58;29;13
648.0;67;22;11
654.0;65;25;10
660.0;62;24;14
666.0;60;24;16
672.0;63;24;13
678.0;70;18;12
684.0;63;22;15
690.0;63;25;12
696.0;60;25;15
702.0;57;28;15
708.0;55;31;14
714.0;56;28;16
720.0;53;31;16
726.0;51;33;16
732.0;54;32;14
738.0;54;30;16
744.0;58;30;12
750.0;55;33;12
756.0;58;33;9
762.0;64;32;4
768.0;59;36;5
774.0;57;35;8
780.0;56;34;10
786.0;61;28;11
792.0;59;30;11
798.0;59;27;14
804.0;59;25;16
810.0;58;24;18
816.0;61;27;12
822.0;59;29;12
828.0;63;25;12
834.0;64;26;10
840.0;61;28;11
846.0;60;28;12
852.0;61;29;10
858.0;62;28;10
864.0;63;29;8
870.0;64;26;10
876.0;63;28;9
882.0;61;30;9
888.0;61;32;7
894.0;65;29;6
900.0;65;28;7
906.0;69;23;8
912.0;68;21;11
918.0;67;19;14
924.0;65;20;15
930.0;66;23;11
936.0;65;25;10
942.0;64;21;15
948.0;64;22;14
954.0;63;24;13
960.0;62;26;12
966.0;58;29;13
972.0;56;32;12
978.0;56;29;15
984.0;58;27;15
990.0;59;27;14
996.0;61;25;14
1002.0;65;23;12
1008.0;63;24;13
1014.0;62;28;10
1020.0;62;30;8
1026.0;64;24;12
1032.0;63;23;14
1038.0;61;23;16
1044.0;61;24;15
1050.0;64;23;13
1056.0;62;22;16
1062.0;61;25;14
1068.0;60;22;18
1074.0;61;24;15
1080.0;55;27;18
1086.0;54;31;15
1092.0;58;28;14
1098.0;59;22;19
1104.0;57;24;19
1110.0;53;25;22
1116.0;55;26;19
1122.0;54;26;20
1128.0;57;31;12
1134.0;57;26;17
1140.0;57;29;14
1146.0;54;30;16
1152.0;57;32;11
1158.0;54;33;13
1164.0;55;32;13
1170.0;55;31;14
1176.0;57;32;11
1182.0;63;28;9
1188.0;61;27;12
1194.0;58;31;11
1200.0;57;33;10
1206.0;61;26;13
1212.0;60;26;14
1218.0;61;26;13
1224.0;63;23;14
1230.0;60;23;17
1236.0;55;27;18
1242.0;52;26;22
1248.0;54;30;16
1254.0;56;32;12
1260.0;58;35;7
1266.0;58;34;8
1272.0;55;35;10
1278.0;58;33;9
1284.0;59;29;12
1290.0;59;29;12
1296.0;57;34;9
1302.0;56;32;12
1308.0;56;31;13
1314.0;58;30;12
1320.0;59;29;12
1326.0;59;27;14
1332.0;63;24;13
1338.0;59;23;18
1344.0;57;25;18
1350.0;55;29;16
1356.0;56;28;16
1362.0;53;28;19
1368.0;53;28;19
1374.0;53;30;17
1380.0;52;30;18
1386.0;53;28;19
1392.0;55;28;17
1398.0;57;24;19
1404.0;57;24;19
1410.0;61;25;14
1416.0;58;29;13
1422.0;56;29;15
1428.0;58;31;11
1434.0;57;26;17
1440.0;56;27;17
1446.0;57;26;17
1452.0;56;27;17
1458.0;58;33;9
1464.0;59;27;14
1470.0;59;26;15
1476.0;55;28;17
1482.0;54;29;17
1488.0;54;31;15
1494.0;52;34;14
