#auto generated file!
180.0;56;32;12
186.0;57;34;9
192.0;52;39;9
198.0;54;34;12
204.0;55;34;11
210.0;53;33;14
216.0;56;32;12
222.0;53;33;14
228.0;56;30;14
234.0;56;31;13
240.0;57;33;10
246.0;55;38;7
252.0;54;36;10
258.0;59;32;9
264.0;57;33;10
270.0;60;28;12
276.0;58;30;12
282.0;58;32;10
288.0;56;32;12
294.0;56;31;13
300.0;54;33;13
306.0;56;31;13
312.0;57;30;13
318.0;57;32;11
324.0;56;31;13
330.0;56;30;14
336.0;57;28;15
342.0;58;26;16
348.0;57;27;16
354.0;58;26;16
360.0;56;28;16
366.0;58;28;14
372.0;58;25;17
378.0;56;28;16
384.0;58;28;14
390.0;60;26;14
396.0;59;32;9
402.0;56;32;12
408.0;56;30;14
414.0;49;34;17
420.0;54;32;14
426.0;56;28;16
432.0;61;22;17
438.0;61;21;18
444.0;58;25;17
450.0;66;22;12
456.0;61;26;13
462.0;59;24;17
468.0;61;23;16
474.0;63;23;14
480.0;65;23;12
486.0;63;25;12
492.0;62;26;12
498.0;64;23;13
504.0;65;21;14
510.0;62;21;17
516.0;58;25;17
522.0;59;26;15
528.0;57;28;15
534.0;59;25;16
540.0;60;25;15
546.0;61;24;15
552.0;64;21;15
558.0;60;27;13
564.0;60;28;12
570.0;62;27;11
576.0;59;28;13
582.0;60;26;14
588.0;64;27;9
594.0;60;29;11
600.0;59;28;13
606.0;58;29;13
612.0;52;34;14
618.0;51;38;11
624.0;52;36;12
630.0;53;34;13
636.0;54;31;15
642.0;57;31;12
648.0;60;25;15
654.0;58;24;18
660.0;61;23;16
666.0;65;21;14
672.0;68;20;12
678.0;65;22;13
684.0;64;24;12
690.0;68;26;6
696.0;71;24;5
702.0;65;29;6
708.0;63;26;11
714.0;62;24;14
720.0;66;25;9
726.0;68;23;9
732.0;66;27;7
738.0;68;25;7
744.0;69;26;5
750.0;66;25;9
756.0;65;27;8
762.0;65;26;9
768.0;63;27;10
774.0;64;23;13
780.0;56;25;19
786.0;52;31;17
792.0;49;35;16
798.0;51;34;15
804.0;56;28;16
810.0;57;25;18
816.0;57;24;19
822.0;58;26;16
828.0;60;27;13
834.0;60;28;12
840.0;59;27;14
846.0;59;29;12
852.0;58;31;11
858.0;57;30;13
864.0;56;30;14
870.0;55;32;13
876.0;59;28;13
882.0;60;25;15
888.0;61;26;13
894.0;57;28;15
900.0;59;28;13
906.0;57;30;13
912.0;56;27;17
918.0;56;28;16
924.0;55;28;17
930.0;56;25;19
936.0;55;26;19
942.0;58;21;21
948.0;53;27;20
954.0;57;25;18
960.0;59;26;15
966.0;61;30;9
972.0;64;29;7
978.0;63;25;12
984.0;65;26;9
990.0;62;28;10
996.0;64;26;10
1002.0;64;20;16
1008.0;65;20;15
1014.0;65;18;17
1020.0;64;18;18
1026.0;63;18;19
1032.0;65;19;16
1038.0;64;20;16
1044.0;64;21;15
1050.0;60;21;19
1056.0;57;23;20
1062.0;59;23;18
1068.0;60;24;16
1074.0;63;25;12
1080.0;58;29;13
1086.0;60;28;12
1092.0;62;24;14
1098.0;59;25;16
1104.0;62;23;15
1110.0;61;21;18
1116.0;59;20;21
1122.0;62;19;19
1128.0;63;17;20
1134.0;65;21;14
1140.0;60;24;16
1146.0;54;26;20
1152.0;55;25;20
1158.0;50;28;22
1164.0;50;30;20
1170.0;57;31;12
1176.0;55;30;15
1182.0;53;30;17
1188.0;54;29;17
1194.0;54;32;14
1200.0;52;34;14
1206.0;49;32;19
1212.0;51;32;17
1218.0;50;32;18
1224.0;55;30;15
1230.0;58;27;15
1236.0;58;30;12
1242.0;59;30;11
1248.0;60;28;12
1254.0;64;26;10
1260.0;62;25;13
1266.0;59;29;12
1272.0;57;31;12
1278.0;59;28;13
1284.0;57;31;12
1290.0;57;30;13
1296.0;57;29;14
1302.0;55;27;18
1308.0;59;24;17
1314.0;59;27;14
1320.0;55;31;14
1326.0;59;28;13
1332.0;59;29;12
1338.0;62;27;11
1344.0;58;34;8
1350.0;55;33;12
1356.0;59;32;9
1362.0;57;31;12
1368.0;53;33;14
1374.0;55;32;13
1380.0;58;33;9
1386.0;58;36;6
1392.0;58;32;10
1398.0;58;29;13
1404.0;62;24;14
1410.0;60;20;20
1416.0;61;20;19
1422.0;62;18;20
1428.0;64;18;18
1434.0;63;21;16
1440.0;61;21;18
1446.0;59;23;18
1452.0;62;21;17
1458.0;59;23;18
1464.0;63;21;16
1470.0;63;22;15
1476.0;59;21;20
1482.0;57;27;16
1488.0;58;26;16
1494.0;61;24;15
