#auto generated file!
180.0;153;89;33
186.0;156;88;31
192.0;160;77;38
198.0;163;72;40
204.0;162;76;37
210.0;163;76;36
216.0;163;75;37
222.0;169;73;33
228.0;171;70;34
234.0;162;76;37
240.0;167;77;31
246.0;170;77;28
252.0;167;79;29
258.0;164;74;37
264.0;156;76;43
270.0;163;73;39
276.0;170;66;39
282.0;169;73;33
288.0;172;73;30
294.0;173;71;31
300.0;173;77;25
306.0;164;79;32
312.0;159;81;35
318.0;155;80;40
324.0;153;82;40
330.0;151;84;40
336.0;147;85;43
342.0;144;86;45
348.0;142;85;48
354.0;148;79;48
360.0;153;81;41
366.0;161;77;37
372.0;154;81;40
378.0;147;78;50
384.0;146;83;46
390.0;137;91;47
396.0;141;90;44
402.0;149;85;41
408.0;146;95;34
414.0;147;90;38
420.0;141;93;41
426.0;151;87;37
432.0;151;79;45
438.0;150;84;41
444.0;151;86;38
450.0;156;87;32
456.0;157;82;36
462.0;161;76;38
468.0;160;77;38
474.0;156;80;39
480.0;159;75;41
486.0;161;77;37
492.0;157;85;33
498.0;149;90;36
504.0;149;89;37
510.0;153;84;38
516.0;159;84;32
522.0;158;84;33
528.0;150;91;34
534.0;147;94;34
540.0;154;86;35
546.0;157;75;43
552.0;154;81;40
558.0;150;85;40
564.0;150;80;45
570.0;159;77;39
576.0;162;72;41
582.0;150;78;47
588.0;149;83;43
594.0;155;80;40
600.0;145;81;49
606.0;150;80;45
612.0;150;83;42
618.0;158;84;33
624.0;153;86;36
630.0;148;84;43
636.0;157;79;39
642.0;155;76;44
648.0;158;78;39
654.0;165;69;41
660.0;165;69;41
666.0;162;69;44
672.0;151;74;50
678.0;147;83;45
684.0;147;82;46
690.0;147;84;44
696.0;158;78;39
702.0;164;78;33
708.0;169;71;35
714.0;164;68;43
720.0;162;70;43
726.0;157;79;39
732.0;160;78;37
738.0;158;78;39
744.0;162;77;36
750.0;168;78;29
756.0;162;77;36
762.0;160;80;35
768.0;160;79;36
774.0;160;82;33
780.0;161;77;37
786.0;156;77;42
792.0;157;73;45
798.0;157;80;38
804.0;158;84;33
810.0;156;83;36
816.0;157;81;37
822.0;156;88;31
828.0;148;94;33
834.0;152;95;28
840.0;149;92;34
846.0;148;91;36
852.0;146;87;42
858.0;149;83;43
864.0;147;88;40
870.0;150;78;47
876.0;152;78;45
882.0;150;88;37
888.0;150;82;43
894.0;152;79;44
900.0;151;87;37
906.0;153;85;37
912.0;151;86;38
918.0;144;93;38
924.0;149;94;32
930.0;150;86;39
936.0;150;85;40
942.0;158;78;39
948.0;157;75;43
954.0;143;81;51
960.0;149;77;49
966.0;149;79;47
972.0;151;80;44
978.0;151;79;45
984.0;151;74;50
990.0;155;72;48
996.0;160;76;39
1002.0;164;77;34
1008.0;168;76;31
1014.0;156;85;34
1020.0;160;82;33
1026.0;166;79;30
1032.0;162;83;30
1038.0;158;86;31
1044.0;156;85;34
1050.0;157;87;31
1056.0;162;87;26
1062.0;157;83;35
1068.0;163;75;37
1074.0;169;79;27
1080.0;165;77;33
1086.0;164;79;32
1092.0;162;79;34
1098.0;161;77;37
1104.0;153;87;35
1110.0;154;85;36
1116.0;155;79;41
1122.0;153;87;35
1128.0;153;85;37
1134.0;150;88;37
1140.0;158;83;34
1146.0;156;82;37
1152.0;165;75;35
1158.0;160;77;38
1164.0;155;85;35
1170.0;152;90;33
1176.0;154;82;39
1182.0;154;78;43
1188.0;149;83;43
1194.0;149;84;42
1200.0;156;84;35
1206.0;144;91;40
1212.0;140;91;44
1218.0;147;82;46
1224.0;144;88;43
1230.0;141;87;47
1236.0;138;81;56
1242.0;150;82;43
1248.0;157;75;43
1254.0;159;77;39
1260.0;162;77;36
1266.0;164;75;36
1272.0;163;76;36
1278.0;159;80;36
1284.0;157;85;33
1290.0;151;84;40
1296.0;159;84;32
1302.0;160;80;35
1308.0;163;81;31
1314.0;167;76;32
1320.0;158;83;34
1326.0;165;78;32
1332.0;158;79;38
1338.0;159;79;37
1344.0;160;76;39
1350.0;152;83;40
1356.0;151;82;42
1362.0;150;84;41
1368.0;148;86;41
1374.0;146;83;46
1380.0;143;85;47
1386.0;145;91;39
1392.0;146;88;41
1398.0;147;88;40
1404.0;150;86;39
1410.0;151;83;41
1416.0;149;85;41
1422.0;147;88;40
1428.0;149;83;43
1434.0;154;72;49
1440.0;159;74;42
1446.0;164;71;40
1452.0;168;69;38
1458.0;167;70;38
1464.0;160;70;45
1470.0;159;70;46
1476.0;150;82;43
1482.0;151;81;43
1488.0;150;80;45
1494.0;149;82;44
