#auto generated file!
180.0;115;55;30
186.0;117;58;25
192.0;120;61;19
198.0;122;58;20
204.0;120;59;21
210.0;123;59;18
216.0;122;56;22
222.0;120;54;26
228.0;118;56;26
234.0;110;61;29
240.0;105;65;30
246.0;105;66;29
252.0;102;62;36
258.0;105;61;34
264.0;103;63;34
270.0;99;65;36
276.0;103;59;38
282.0;100;67;33
288.0;103;71;26
294.0;102;73;25
300.0;103;73;24
306.0;99;66;35
312.0;102;65;33
318.0;103;62;35
324.0;105;64;31
330.0;104;65;31
336.0;105;64;31
342.0;108;69;23
348.0;103;70;27
354.0;108;62;30
360.0;112;60;28
366.0;106;65;29
372.0;109;61;30
378.0;104;67;29
384.0;104;66;30
390.0;102;67;31
396.0;101;64;35
402.0;102;63;35
408.0;103;64;33
414.0;108;58;34
420.0;108;58;34
426.0;113;57;30
432.0;110;62;28
438.0;113;59;28
444.0;111;59;30
450.0;112;60;28
456.0;114;59;27
462.0;124;48;28
468.0;129;49;22
474.0;133;47;20
480.0;132;42;26
486.0;128;47;25
492.0;128;48;24
498.0;123;55;22
504.0;116;53;31
510.0;120;47;33
516.0;117;50;33
522.0;114;56;30
528.0;114;58;28
534.0;110;62;28
540.0;113;61;26
546.0;113;64;23
552.0;111;65;24
558.0;113;63;24
564.0;108;65;27
570.0;106;62;32
576.0;108;58;34
582.0;111;57;32
588.0;112;50;38
594.0;104;58;38
600.0;103;58;39
606.0;102;59;39
612.0;103;64;33
618.0;103;57;40
624.0;106;58;36
630.0;113;50;37
636.0;111;52;37
642.0;114;49;37
648.0;116;47;37
654.0;114;49;37
660.0;116;52;32
666.0;118;47;35
672.0;117;51;32
678.0;128;43;29
684.0;132;42;26
690.0;131;45;24
696.0;126;46;28
702.0;120;50;30
708.0;116;56;28
714.0;110;59;31
720.0;109;59;32
726.0;112;56;32
732.0;110;53;37
738.0;110;63;27
744.0;113;60;27
750.0;109;60;31
756.0;106;59;35
762.0;109;61;30
768.0;115;58;27
774.0;116;62;22
780.0;109;64;27
786.0;113;60;27
792.0;117;57;26
798.0;113;51;36
804.0;119;49;32
810.0;122;51;27
816.0;119;55;26
822.0;122;56;22
828.0;118;55;27
834.0;117;53;30
840.0;117;57;26
846.0;126;56;18
852.0;121;59;20
858.0;117;64;19
864.0;114;67;19
870.0;109;70;21
876.0;107;71;22
882.0;107;66;27
888.0;111;66;23
894.0;116;62;22
900.0;118;50;32
906.0;114;54;32
912.0;120;52;28
918.0;118;51;31
924.0;113;53;34
930.0;112;60;28
936.0;117;61;22
942.0;118;63;19
948.0;113;61;26
954.0;114;59;27
960.0;112;58;30
966.0;117;53;30
972.0;113;60;27
978.0;108;64;28
984.0;107;60;33
990.0;113;59;28
996.0;112;59;29
1002.0;113;61;26
1008.0;118;59;23
1014.0;117;59;24
1020.0;116;58;26
1026.0;117;51;32
1032.0;114;47;39
1038.0;114;56;30
1044.0;112;54;34
1050.0;112;52;36
1056.0;106;57;37
1062.0;105;63;32
1068.0;105;66;29
1074.0;102;68;30
1080.0;105;64;31
1086.0;102;65;33
1092.0;107;56;37
1098.0;108;59;33
1104.0;110;54;36
1110.0;116;50;34
1116.0;111;54;35
1122.0;115;52;33
1128.0;114;53;33
1134.0;115;50;35
1140.0;109;54;37
1146.0;105;62;33
1152.0;107;63;30
1158.0;106;58;36
1164.0;103;54;43
1170.0;108;55;37
1176.0;109;59;32
1182.0;109;63;28
1188.0;105;68;27
1194.0;103;67;30
1200.0;111;62;27
1206.0;112;63;25
1212.0;116;62;22
1218.0;116;60;24
1224.0;113;61;26
1230.0;116;58;26
1236.0;113;57;30
1242.0;103;57;40
1248.0;111;52;37
1254.0;116;56;28
1260.0;112;53;35
1266.0;115;54;31
1272.0;116;56;28
1278.0;121;50;29
1284.0;122;52;26
1290.0;124;49;27
1296.0;127;47;26
1302.0;122;49;29
1308.0;124;48;28
1314.0;134;43;23
1320.0;133;40;27
1326.0;136;43;21
1332.0;137;43;20
1338.0;136;46;18
1344.0;126;52;22
1350.0;122;51;27
1356.0;126;46;28
1362.0;123;50;27
1368.0;123;50;27
1374.0;123;52;25
1380.0;118;57;25
1386.0;125;49;26
1392.0;129;45;26
1398.0;131;46;23
1404.0;124;50;26
1410.0;122;54;24
1416.0;126;51;23
1422.0;128;45;27
1428.0;122;46;32
1434.0;121;46;33
1440.0;119;51;30
1446.0;116;51;33
1452.0;118;49;33
1458.0;118;52;30
1464.0;122;53;25
1470.0;120;55;25
1476.0;120;56;24
1482.0;120;55;25
1488.0;119;55;26
1494.0;121;56;23
