#auto generated file!
180.0;104;72;24
186.0;109;63;28
192.0;114;60;26
198.0;114;56;30
204.0;111;60;29
210.0;115;56;29
216.0;112;60;28
222.0;111;61;28
228.0;113;60;27
234.0;109;61;30
240.0;116;57;27
246.0;114;60;26
252.0;116;57;27
258.0;115;52;33
264.0;113;58;29
270.0;115;56;29
276.0;121;58;21
282.0;116;60;24
288.0;111;66;23
294.0;110;66;24
300.0;107;65;28
306.0;111;68;21
312.0;113;59;28
318.0;114;60;26
324.0;119;61;20
330.0;118;60;22
336.0;117;58;25
342.0;118;58;24
348.0;116;59;25
354.0;117;57;26
360.0;118;60;22
366.0;125;54;21
372.0;125;49;26
378.0;127;48;25
384.0;130;50;20
390.0;128;52;20
396.0;135;51;14
402.0;135;50;15
408.0;130;48;22
414.0;130;50;20
420.0;132;51;17
426.0;133;46;21
432.0;131;45;24
438.0;123;44;33
444.0;122;50;28
450.0;131;48;21
456.0;128;50;22
462.0;126;52;22
468.0;118;55;27
474.0;114;63;23
480.0;113;60;27
486.0;112;62;26
492.0;116;63;21
498.0;117;60;23
504.0;118;61;21
510.0;118;65;17
516.0;116;58;26
522.0;111;55;34
528.0;111;51;38
534.0;113;48;39
540.0;112;48;40
546.0;108;54;38
552.0;108;56;36
558.0;105;60;35
564.0;103;61;36
570.0;106;59;35
576.0;110;52;38
582.0;110;55;35
588.0;105;61;34
594.0;104;61;35
600.0;102;60;38
606.0;101;62;37
612.0;108;62;30
618.0;109;65;26
624.0;109;63;28
630.0;105;62;33
636.0;98;66;36
642.0;99;67;34
648.0;104;68;28
654.0;106;67;27
660.0;106;69;25
666.0;105;62;33
672.0;106;65;29
678.0;106;64;30
684.0;113;55;32
690.0;107;56;37
696.0;103;54;43
702.0;99;55;46
708.0;102;57;41
714.0;97;64;39
720.0;99;67;34
726.0;108;63;29
732.0;104;68;28
738.0;100;64;36
744.0;101;65;34
750.0;105;61;34
756.0;104;69;27
762.0;106;65;29
768.0;112;59;29
774.0;112;59;29
780.0;110;60;30
786.0;117;61;22
792.0;115;59;26
798.0;115;57;28
804.0;116;57;27
810.0;114;60;26
816.0;112;59;29
822.0;109;63;28
828.0;104;60;36
834.0;99;68;33
840.0;100;68;32
846.0;102;68;30
852.0;108;69;23
858.0;107;70;23
864.0;109;64;27
870.0;104;64;32
876.0;108;62;30
882.0;114;61;25
888.0;113;65;22
894.0;113;62;25
900.0;117;56;27
906.0;120;55;25
912.0;123;49;28
918.0;131;44;25
924.0;121;49;30
930.0;121;51;28
936.0;114;59;27
942.0;113;60;27
948.0;103;72;25
954.0;103;65;32
960.0;106;61;33
966.0;109;57;34
972.0;109;54;37
978.0;109;53;38
984.0;111;55;34
990.0;106;64;30
996.0;110;63;27
1002.0;115;64;21
1008.0;119;57;24
1014.0;114;60;26
1020.0;112;65;23
1026.0;108;71;21
1032.0;108;71;21
1038.0;112;66;22
1044.0;119;62;19
1050.0;112;62;26
1056.0;113;59;28
1062.0;110;56;34
1068.0;110;61;29
1074.0;107;61;32
1080.0;109;60;31
1086.0;107;64;29
1092.0;104;54;42
1098.0;100;61;39
1104.0;103;61;36
1110.0;103;64;33
1116.0;105;65;30
1122.0;108;60;32
1128.0;107;61;32
1134.0;106;62;32
1140.0;105;67;28
1146.0;107;66;27
1152.0;109;64;27
1158.0;116;56;28
1164.0;108;64;28
1170.0;108;62;30
1176.0;108;61;31
1182.0;110;62;28
1188.0;111;62;27
1194.0;114;62;24
1200.0;112;60;28
1206.0;114;60;26
1212.0;113;57;30
1218.0;104;59;37
1224.0;103;56;41
1230.0;94;66;40
1236.0;105;63;32
1242.0;109;66;25
1248.0;109;65;26
1254.0;110;60;30
1260.0;113;60;27
1266.0;112;57;31
1272.0;114;58;28
1278.0;114;64;22
1284.0;111;71;18
1290.0;112;68;20
1296.0;102;68;30
1302.0;105;67;28
1308.0;110;61;29
1314.0;115;58;27
1320.0;109;59;32
1326.0;113;59;28
1332.0;110;62;28
1338.0;114;58;28
1344.0;114;62;24
1350.0;118;59;23
1356.0;117;58;25
1362.0;110;60;30
1368.0;106;63;31
1374.0;105;67;28
1380.0;102;69;29
1386.0;101;65;34
1392.0;106;66;28
1398.0;109;66;25
1404.0;112;57;31
1410.0;112;52;36
1416.0;118;50;32
1422.0;119;51;30
1428.0;118;56;26
1434.0;115;60;25
1440.0;116;60;24
1446.0;117;55;28
1452.0;122;54;24
1458.0;122;49;29
1464.0;114;58;28
1470.0;119;57;24
1476.0;112;61;27
1482.0;111;64;25
1488.0;113;64;23
1494.0;110;63;27
