#auto generated file!
180.0;81;26;18
186.0;79;26;20
192.0;78;32;15
198.0;75;30;20
204.0;78;28;19
210.0;83;26;16
216.0;79;31;15
222.0;74;30;21
228.0;70;31;24
234.0;71;28;26
240.0;77;28;20
246.0;78;27;20
252.0;76;28;21
258.0;75;29;21
264.0;77;27;21
270.0;76;29;20
276.0;81;25;19
282.0;84;28;13
288.0;83;27;15
294.0;82;28;15
300.0;79;26;20
306.0;75;25;25
312.0;77;27;21
318.0;78;26;21
324.0;80;22;23
330.0;72;30;23
336.0;71;33;21
342.0;70;38;17
348.0;70;39;16
354.0;68;41;16
360.0;70;42;13
366.0;72;41;12
372.0;73;35;17
378.0;74;27;24
384.0;72;30;23
390.0;76;29;20
396.0;73;37;15
402.0;73;35;17
408.0;70;37;18
414.0;65;41;19
420.0;65;42;18
426.0;59;42;24
432.0;62;39;24
438.0;66;34;25
444.0;72;32;21
450.0;72;32;21
456.0;72;34;19
462.0;73;38;14
468.0;69;44;12
474.0;65;43;17
480.0;64;43;18
486.0;67;38;20
492.0;67;37;21
498.0;65;41;19
504.0;66;41;18
510.0;72;36;17
516.0;70;39;16
522.0;69;43;13
528.0;71;38;16
534.0;70;37;18
540.0;67;39;19
546.0;71;36;18
552.0;69;41;15
558.0;69;43;13
564.0;71;34;20
570.0;71;37;17
576.0;74;33;18
582.0;71;37;17
588.0;69;34;22
594.0;67;40;18
600.0;68;37;20
606.0;66;37;22
612.0;71;28;26
618.0;70;32;23
624.0;78;31;16
630.0;79;32;14
636.0;74;35;16
642.0;68;37;20
648.0;71;36;18
654.0;73;35;17
660.0;74;39;12
666.0;70;38;17
672.0;70;41;14
678.0;73;36;16
684.0;76;31;18
690.0;80;30;15
696.0;79;27;19
702.0;79;27;19
708.0;76;30;19
714.0;71;31;23
720.0;69;35;21
726.0;69;38;18
732.0;69;34;22
738.0;69;37;19
744.0;72;34;19
750.0;74;33;18
756.0;73;33;19
762.0;75;35;15
768.0;83;31;11
774.0;83;33;9
780.0;86;31;8
786.0;78;36;11
792.0;75;37;13
798.0;72;42;11
804.0;69;43;13
810.0;68;42;15
816.0;67;43;15
822.0;68;40;17
828.0;68;38;19
834.0;68;38;19
840.0;69;43;13
846.0;69;37;19
852.0;68;33;24
858.0;66;36;23
864.0;65;37;23
870.0;65;38;22
876.0;66;36;23
882.0;68;34;23
888.0;67;37;21
894.0;66;38;21
900.0;68;35;22
906.0;68;35;22
912.0;64;41;20
918.0;68;38;19
924.0;65;44;16
930.0;65;41;19
936.0;67;40;18
942.0;70;37;18
948.0;74;37;14
954.0;69;45;11
960.0;68;46;11
966.0;71;45;9
972.0;72;45;8
978.0;72;37;16
984.0;71;36;18
990.0;67;39;19
996.0;74;33;18
1002.0;68;34;23
1008.0;69;38;18
1014.0;73;36;16
1020.0;67;37;21
1026.0;66;40;19
1032.0;66;39;20
1038.0;68;35;22
1044.0;72;33;20
1050.0;72;35;18
1056.0;72;40;13
1062.0;73;40;12
1068.0;72;39;14
1074.0;72;42;11
1080.0;66;44;15
1086.0;62;51;12
1092.0;69;41;15
1098.0;78;37;10
1104.0;76;30;19
1110.0;76;30;19
1116.0;73;33;19
1122.0;73;36;16
1128.0;70;33;22
1134.0;71;34;20
1140.0;73;34;18
1146.0;69;36;20
1152.0;67;38;20
1158.0;69;37;19
1164.0;67;35;23
1170.0;64;32;29
1176.0;67;32;26
1182.0;71;34;20
1188.0;70;33;22
1194.0;73;33;19
1200.0;76;30;19
1206.0;77;30;18
1212.0;75;33;17
1218.0;81;33;11
1224.0;79;32;14
1230.0;76;31;18
1236.0;75;33;17
1242.0;73;33;19
1248.0;74;35;16
1254.0;75;34;16
1260.0;71;38;16
1266.0;73;30;22
1272.0;76;29;20
1278.0;74;29;22
1284.0;80;26;19
1290.0;74;32;19
1296.0;72;31;22
1302.0;72;33;20
1308.0;69;30;26
1314.0;74;31;20
1320.0;72;35;18
1326.0;74;32;19
1332.0;74;33;18
1338.0;73;38;14
1344.0;77;37;11
1350.0;78;35;12
1356.0;77;34;14
1362.0;73;34;18
1368.0;74;32;19
1374.0;74;33;18
1380.0;76;34;15
1386.0;73;38;14
1392.0;74;32;19
1398.0;75;36;14
1404.0;69;37;19
1410.0;68;40;17
1416.0;67;41;17
1422.0;70;38;17
1428.0;69;41;15
1434.0;68;41;16
1440.0;64;44;17
1446.0;63;45;17
1452.0;66;45;14
1458.0;66;44;15
1464.0;64;44;17
1470.0;70;40;15
1476.0;70;44;11
1482.0;68;43;14
1488.0;69;42;14
1494.0;67;44;14
