#auto generated file!
180.0;198;89;38
186.0;199;87;39
192.0;200;89;36
198.0;198;99;28
204.0;200;97;28
210.0;199;93;33
216.0;190;93;42
222.0;191;91;43
228.0;183;95;47
234.0;190;96;39
240.0;192;93;40
246.0;198;83;44
252.0;200;84;41
258.0;189;87;49
264.0;183;94;48
270.0;181;99;45
276.0;173;103;49
282.0;167;105;53
288.0;169;103;53
294.0;164;113;48
300.0;168;114;43
306.0;176;111;38
312.0;182;102;41
318.0;182;91;52
324.0;179;87;59
330.0;184;85;56
336.0;186;91;48
342.0;187;92;46
348.0;184;89;52
354.0;185;86;54
360.0;187;89;49
366.0;179;94;52
372.0;184;95;46
378.0;177;93;55
384.0;172;99;54
390.0;174;101;50
396.0;178;96;51
402.0;179;100;46
408.0;184;94;47
414.0;181;93;51
420.0;181;97;47
426.0;178;93;54
432.0;183;91;51
438.0;183;98;44
444.0;188;93;44
450.0;188;94;43
456.0;194;92;39
462.0;193;85;47
468.0;199;80;46
474.0;194;80;51
480.0;188;82;55
486.0;193;89;43
492.0;186;92;47
498.0;186;86;53
504.0;179;91;55
510.0;183;97;45
516.0;181;101;43
522.0;189;94;42
528.0;196;85;44
534.0;191;93;41
540.0;196;90;39
546.0;200;87;38
552.0;195;88;42
558.0;191;84;50
564.0;183;82;60
570.0;186;78;61
576.0;194;70;61
582.0;192;79;54
588.0;196;80;49
594.0;199;86;40
600.0;201;85;39
606.0;199;86;40
612.0;196;91;38
618.0;197;84;44
624.0;195;86;44
630.0;195;91;39
636.0;197;88;40
642.0;194;91;40
648.0;201;92;32
654.0;205;90;30
660.0;206;89;30
666.0;204;93;28
672.0;197;85;43
678.0;194;79;52
684.0;191;84;50
690.0;188;88;49
696.0;193;81;51
702.0;189;83;53
708.0;184;85;56
714.0;185;88;52
720.0;185;93;47
726.0;178;101;46
732.0;171;105;49
738.0;177;97;51
744.0;167;107;51
750.0;172;106;47
756.0;172;111;42
762.0;176;108;41
768.0;164;109;52
774.0;163;112;50
780.0;158;113;54
786.0;151;111;63
792.0;149;115;61
798.0;155;115;55
804.0;162;115;48
810.0;169;106;50
816.0;170;105;50
822.0;174;95;56
828.0;174;98;53
834.0;177;99;49
840.0;174;88;63
846.0;181;87;57
852.0;182;90;53
858.0;179;93;53
864.0;181;104;40
870.0;184;93;48
876.0;189;88;48
882.0;189;86;50
888.0;193;86;46
894.0;190;89;46
900.0;193;90;42
906.0;194;87;44
912.0;193;88;44
918.0;189;92;44
924.0;186;92;47
930.0;189;92;44
936.0;185;98;42
942.0;183;100;42
948.0;179;97;49
954.0;180;92;53
960.0;181;90;54
966.0;189;83;53
972.0;196;79;50
978.0;194;81;50
984.0;194;85;46
990.0;193;84;48
996.0;194;89;42
1002.0;191;84;50
1008.0;191;86;48
1014.0;199;82;44
1020.0;195;78;52
1026.0;200;79;46
1032.0;205;68;52
1038.0;193;82;50
1044.0;194;86;45
1050.0;200;90;35
1056.0;189;91;45
1062.0;191;86;48
1068.0;193;73;59
1074.0;190;81;54
1080.0;184;86;55
1086.0;181;91;53
1092.0;179;87;59
1098.0;185;82;58
1104.0;185;86;54
1110.0;184;81;60
1116.0;183;87;55
1122.0;194;81;50
1128.0;199;83;43
1134.0;193;85;47
1140.0;184;89;52
1146.0;185;87;53
1152.0;175;98;52
1158.0;177;91;57
1164.0;178;90;57
1170.0;185;93;47
1176.0;187;92;46
1182.0;193;91;41
1188.0;189;94;42
1194.0;187;98;40
1200.0;188;94;43
1206.0;186;93;46
1212.0;188;89;48
1218.0;189;87;49
1224.0;190;87;48
1230.0;195;85;45
1236.0;194;91;40
1242.0;194;92;39
1248.0;190;93;42
1254.0;182;97;46
1260.0;179;107;39
1266.0;184;101;40
1272.0;193;98;34
1278.0;194;97;34
1284.0;188;89;48
1290.0;193;92;40
1296.0;187;92;46
1302.0;186;101;38
1308.0;190;90;45
1314.0;190;90;45
1320.0;194;88;43
1326.0;191;84;50
1332.0;175;99;51
1338.0;179;100;46
1344.0;176;102;47
1350.0;180;100;45
1356.0;183;96;46
1362.0;174;102;49
1368.0;178;97;50
1374.0;185;90;50
1380.0;180;90;55
1386.0;187;83;55
1392.0;195;82;48
1398.0;195;84;46
1404.0;191;77;57
1410.0;184;80;61
1416.0;184;86;55
1422.0;179;86;60
1428.0;178;92;55
1434.0;180;94;51
1440.0;178;95;52
1446.0;174;94;57
1452.0;176;93;56
1458.0;171;97;57
1464.0;177;96;52
1470.0;175;105;45
1476.0;173;104;48
1482.0;177;94;54
1488.0;175;102;48
1494.0;186;92;47
