#auto generated file!
180.0;192;112;46
186.0;206;99;45
192.0;210;100;40
198.0;212;93;45
204.0;206;98;46
210.0;198;105;47
216.0;201;108;41
222.0;199;105;46
228.0;201;94;55
234.0;203;93;54
240.0;205;85;60
246.0;206;91;53
252.0;203;89;58
258.0;207;85;58
264.0;205;86;59
270.0;207;88;55
276.0;200;94;56
282.0;202;95;53
288.0;198;97;55
294.0;197;97;56
300.0;201;103;46
306.0;202;98;50
312.0;194;96;60
318.0;193;100;57
324.0;190;107;53
330.0;192;110;48
336.0;204;105;41
342.0;197;101;52
348.0;200;95;55
354.0;207;92;51
360.0;204;96;50
366.0;204;102;44
372.0;204;100;46
378.0;202;102;46
384.0;197;108;45
390.0;199;102;49
396.0;201;100;49
402.0;206;97;47
408.0;209;95;46
414.0;205;102;43
420.0;204;95;51
426.0;202;96;52
432.0;201;99;50
438.0;201;96;53
444.0;195;96;59
450.0;188;102;60
456.0;193;107;50
462.0;194;108;48
468.0;196;106;48
474.0;192;106;52
480.0;192;101;57
486.0;189;105;56
492.0;185;107;58
498.0;184;112;54
504.0;192;105;53
510.0;190;108;52
516.0;198;99;53
522.0;197;103;50
528.0;208;90;52
534.0;198;97;55
540.0;199;95;56
546.0;203;92;55
552.0;206;89;55
558.0;211;90;49
564.0;219;87;44
570.0;219;92;39
576.0;209;94;47
582.0;204;93;53
588.0;198;105;47
594.0;193;101;56
600.0;195;102;53
606.0;190;110;50
612.0;188;109;53
618.0;196;107;47
624.0;197;101;52
630.0;202;100;48
636.0;201;97;52
642.0;199;85;66
648.0;202;88;60
654.0;203;87;60
660.0;212;86;52
666.0;207;90;53
672.0;196;96;58
678.0;197;100;53
684.0;205;96;49
690.0;203;97;50
696.0;197;97;56
702.0;199;99;52
708.0;200;101;49
714.0;206;102;42
720.0;199;100;51
726.0;200;98;52
732.0;198;100;52
738.0;197;102;51
744.0;197;103;50
750.0;196;104;50
756.0;206;92;52
762.0;213;92;45
768.0;214;86;50
774.0;212;94;44
780.0;214;96;40
786.0;209;102;39
792.0;204;99;47
798.0;205;98;47
804.0;208;95;47
810.0;201;96;53
816.0;202;92;56
822.0;200;96;54
828.0;198;100;52
834.0;188;104;58
840.0;192;110;48
846.0;194;100;56
852.0;198;94;58
858.0;195;95;60
864.0;202;89;59
870.0;201;89;60
876.0;209;89;52
882.0;207;97;46
888.0;208;85;57
894.0;205;88;57
900.0;208;86;56
906.0;216;82;52
912.0;206;95;49
918.0;201;108;41
924.0;202;105;43
930.0;192;110;48
936.0;188;112;50
942.0;186;110;54
948.0;176;117;57
954.0;183;109;58
960.0;188;104;58
966.0;192;110;48
972.0;199;105;46
978.0;202;101;47
984.0;194;114;42
990.0;194;108;48
996.0;191;106;53
1002.0;193;113;44
1008.0;203;110;37
1014.0;208;103;39
1020.0;209;99;42
1026.0;213;93;44
1032.0;206;92;52
1038.0;206;92;52
1044.0;202;89;59
1050.0;205;90;55
1056.0;201;88;61
1062.0;202;94;54
1068.0;202;95;53
1074.0;203;96;51
1080.0;206;90;54
1086.0;205;94;51
1092.0;202;99;49
1098.0;204;103;43
1104.0;198;106;46
1110.0;206;102;42
1116.0;206;101;43
1122.0;205;99;46
1128.0;203;105;42
1134.0;200;104;46
1140.0;198;100;52
1146.0;201;100;49
1152.0;192;109;49
1158.0;198;107;45
1164.0;195;109;46
1170.0;195;106;49
1176.0;195;103;52
1182.0;189;109;52
1188.0;183;109;58
1194.0;191;110;49
1200.0;185;111;54
1206.0;182;110;58
1212.0;186;111;53
1218.0;192;102;56
1224.0;187;113;50
1230.0;186;120;44
1236.0;186;116;48
1242.0;194;109;47
1248.0;194;111;45
1254.0;196;107;47
1260.0;197;101;52
1266.0;201;101;48
1272.0;213;91;46
1278.0;213;94;43
1284.0;209;93;48
1290.0;200;99;51
1296.0;190;103;57
1302.0;176;103;71
1308.0;186;97;67
1314.0;196;105;49
1320.0;199;101;50
1326.0;211;96;43
1332.0;208;95;47
1338.0;201;96;53
1344.0;198;100;52
1350.0;202;100;48
1356.0;197;103;50
1362.0;189;107;54
1368.0;193;96;61
1374.0;202;94;54
1380.0;209;92;49
1386.0;210;88;52
1392.0;204;94;52
1398.0;212;93;45
1404.0;208;92;50
1410.0;213;97;40
1416.0;212;91;47
1422.0;205;95;50
1428.0;215;95;40
1434.0;211;96;43
1440.0;200;100;50
1446.0;209;97;44
1452.0;201;102;47
1458.0;203;100;47
1464.0;205;98;47
1470.0;210;97;43
1476.0;207;96;47
1482.0;207;98;45
1488.0;199;100;51
1494.0;205;101;44
