#auto generated file!
180.0;75;37;13
186.0;74;33;18
192.0;74;29;22
198.0;78;29;18
204.0;74;32;19
210.0;74;32;19
216.0;73;33;19
222.0;74;34;17
228.0;69;37;19
234.0;72;32;21
240.0;68;32;25
246.0;75;33;17
252.0;75;34;16
258.0;73;35;17
264.0;70;36;19
270.0;68;38;19
276.0;66;42;17
282.0;70;34;21
288.0;70;30;25
294.0;74;30;21
300.0;75;33;17
306.0;71;31;23
312.0;72;31;22
318.0;70;34;21
324.0;74;37;14
330.0;76;34;15
336.0;75;36;14
342.0;69;34;22
348.0;67;35;23
354.0;69;34;22
360.0;68;34;23
366.0;68;34;23
372.0;68;41;16
378.0;65;43;17
384.0;64;40;21
390.0;67;41;17
396.0;70;39;16
402.0;68;37;20
408.0;66;37;22
414.0;64;41;20
420.0;64;41;20
426.0;63;46;16
432.0;65;42;18
438.0;66;39;20
444.0;70;36;19
450.0;72;36;17
456.0;66;42;17
462.0;67;42;16
468.0;69;39;17
474.0;65;42;18
480.0;67;38;20
486.0;65;41;19
492.0;72;34;19
498.0;72;34;19
504.0;69;30;26
510.0;70;29;26
516.0;70;31;24
522.0;70;32;23
528.0;72;39;14
534.0;73;38;14
540.0;70;36;19
546.0;73;33;19
552.0;73;34;18
558.0;68;41;16
564.0;68;43;14
570.0;65;45;15
576.0;72;39;14
582.0;73;33;19
588.0;74;36;15
594.0;69;41;15
600.0;70;40;15
606.0;66;41;18
612.0;69;34;22
618.0;70;37;18
624.0;69;36;20
630.0;71;34;20
636.0;70;34;21
642.0;74;34;17
648.0;75;35;15
654.0;78;32;15
660.0;81;32;12
666.0;77;33;15
672.0;71;36;18
678.0;71;40;14
684.0;69;39;17
690.0;75;35;15
696.0;73;39;13
702.0;66;39;20
708.0;66;42;17
714.0;61;48;16
720.0;64;48;13
726.0;60;49;16
732.0;62;47;16
738.0;65;46;14
744.0;66;41;18
750.0;63;41;21
756.0;66;43;16
762.0;62;43;20
768.0;62;45;18
774.0;65;41;19
780.0;70;40;15
786.0;70;40;15
792.0;78;32;15
798.0;78;30;17
804.0;81;28;16
810.0;72;37;16
816.0;65;40;20
822.0;65;41;19
828.0;61;46;18
834.0;66;36;23
840.0;65;39;21
846.0;68;40;17
852.0;69;39;17
858.0;71;39;15
864.0;72;34;19
870.0;67;34;24
876.0;74;36;15
882.0;76;35;14
888.0;75;32;18
894.0;75;34;16
900.0;72;38;15
906.0;78;30;17
912.0;75;33;17
918.0;75;32;18
924.0;71;35;19
930.0;65;42;18
936.0;66;46;13
942.0;66;47;12
948.0;68;46;11
954.0;70;41;14
960.0;68;39;18
966.0;69;38;18
972.0;66;39;20
978.0;66;40;19
984.0;66;40;19
990.0;68;41;16
996.0;64;46;15
1002.0;66;41;18
1008.0;63;37;25
1014.0;69;40;16
1020.0;73;40;12
1026.0;78;33;14
1032.0;79;31;15
1038.0;80;31;14
1044.0;75;39;11
1050.0;70;40;15
1056.0;71;34;20
1062.0;74;31;20
1068.0;75;36;14
1074.0;80;34;11
1080.0;82;29;14
1086.0;82;28;15
1092.0;75;37;13
1098.0;73;41;11
1104.0;71;43;11
1110.0;69;41;15
1116.0;71;35;19
1122.0;76;33;16
1128.0;73;33;19
1134.0;67;34;24
1140.0;69;38;18
1146.0;69;38;18
1152.0;67;39;19
1158.0;61;45;19
1164.0;61;48;16
1170.0;60;48;17
1176.0;64;44;17
1182.0;68;40;17
1188.0;67;43;15
1194.0;71;41;13
1200.0;72;38;15
1206.0;70;40;15
1212.0;68;46;11
1218.0;70;42;13
1224.0;68;39;18
1230.0;65;37;23
1236.0;69;36;20
1242.0;71;39;15
1248.0;72;41;12
1254.0;69;41;15
1260.0;74;38;13
1266.0;71;37;17
1272.0;72;33;20
1278.0;70;33;22
1284.0;70;32;23
1290.0;69;35;21
1296.0;69;40;16
1302.0;66;40;19
1308.0;65;36;24
1314.0;69;35;21
1320.0;74;34;17
1326.0;69;33;23
1332.0;67;35;23
1338.0;62;39;24
1344.0;60;39;26
1350.0;63;37;25
1356.0;66;35;24
1362.0;71;37;17
1368.0;73;38;14
1374.0;68;38;19
1380.0;72;38;15
1386.0;69;41;15
1392.0;64;43;18
1398.0;67;40;18
1404.0;66;36;23
1410.0;69;36;20
1416.0;65;40;20
1422.0;62;43;20
1428.0;61;42;22
1434.0;64;44;17
1440.0;64;44;17
1446.0;73;41;11
1452.0;72;40;13
1458.0;76;37;12
1464.0;76;36;13
1470.0;74;38;13
1476.0;68;44;13
1482.0;66;42;17
1488.0;69;38;18
1494.0;68;41;16
