#auto generated file!
180.0;100;52;23
186.0;96;52;27
192.0;91;53;31
198.0;89;56;30
204.0;89;56;30
210.0;92;54;29
216.0;93;52;30
222.0;103;48;24
228.0;101;45;29
234.0;97;45;33
240.0;102;47;26
246.0;104;38;33
252.0;106;42;27
258.0;109;41;25
264.0;106;47;22
270.0;111;45;19
276.0;108;47;20
282.0;104;50;21
288.0;100;48;27
294.0;103;47;25
300.0;103;48;24
306.0;108;44;23
312.0;109;43;23
318.0;105;43;27
324.0;106;46;23
330.0;100;49;26
336.0;103;48;24
342.0;104;51;20
348.0;102;52;21
354.0;106;50;19
360.0;115;43;17
366.0;115;48;12
372.0;108;49;18
378.0;108;51;16
384.0;107;47;21
390.0;115;43;17
396.0;113;43;19
402.0;112;40;23
408.0;108;47;20
414.0;106;53;16
420.0;106;51;18
426.0;111;50;14
432.0;112;46;17
438.0;107;52;16
444.0;104;51;20
450.0;105;48;22
456.0;101;49;25
462.0;103;48;24
468.0;107;45;23
474.0;105;43;27
480.0;101;47;27
486.0;99;48;28
492.0;99;48;28
498.0;101;51;23
504.0;102;49;24
510.0;96;50;29
516.0;97;42;36
522.0;99;38;38
528.0;94;42;39
534.0;97;40;38
540.0;96;46;33
546.0;91;50;34
552.0;93;49;33
558.0;95;50;30
564.0;94;56;25
570.0;96;54;25
576.0;93;57;25
582.0;91;55;29
588.0;91;57;27
594.0;94;53;28
600.0;88;55;32
606.0;91;55;29
612.0;91;52;32
618.0;93;52;30
624.0;98;43;34
630.0;94;45;36
636.0;99;46;30
642.0;102;41;32
648.0;101;43;31
654.0;97;49;29
660.0;100;50;25
666.0;99;51;25
672.0;100;44;31
678.0;99;53;23
684.0;106;43;26
690.0;99;47;29
696.0;100;45;30
702.0;94;49;32
708.0;94;47;34
714.0;96;46;33
720.0;101;39;35
726.0;100;40;35
732.0;98;46;31
738.0;97;47;31
744.0;99;45;31
750.0;96;49;30
756.0;101;50;24
762.0;107;43;25
768.0;103;44;28
774.0;103;41;31
780.0;106;40;29
786.0;102;46;27
792.0;101;49;25
798.0;103;48;24
804.0;102;55;18
810.0;100;55;20
816.0;96;57;22
822.0;98;57;20
828.0;98;58;19
834.0;102;53;20
840.0;100;54;21
846.0;103;52;20
852.0;98;47;30
858.0;98;47;30
864.0;98;51;26
870.0;98;52;25
876.0;103;48;24
882.0;96;53;26
888.0;100;47;28
894.0;98;44;33
900.0;102;38;35
906.0;109;36;30
912.0;114;32;29
918.0;111;39;25
924.0;114;39;22
930.0;112;37;26
936.0;108;40;27
942.0;103;43;29
948.0;99;51;25
954.0;100;54;21
960.0;102;53;20
966.0;100;55;20
972.0;91;61;23
978.0;96;59;20
984.0;92;55;28
990.0;92;62;21
996.0;93;56;26
1002.0;96;47;32
1008.0;99;49;27
1014.0;96;51;28
1020.0;101;53;21
1026.0;101;50;24
1032.0;105;45;25
1038.0;101;49;25
1044.0;97;52;26
1050.0;93;58;24
1056.0;91;59;25
1062.0;88;62;25
1068.0;85;66;24
1074.0;89;66;20
1080.0;88;68;19
1086.0;88;67;20
1092.0;86;59;30
1098.0;82;66;27
1104.0;87;64;24
1110.0;96;58;21
1116.0;92;55;28
1122.0;96;55;24
1128.0;94;55;26
1134.0;96;54;25
1140.0;97;47;31
1146.0;93;54;28
1152.0;95;53;27
1158.0;90;56;29
1164.0;94;57;24
1170.0;87;57;31
1176.0;87;59;29
1182.0;94;57;24
1188.0;97;53;25
1194.0;96;57;22
1200.0;98;57;20
1206.0;97;54;24
1212.0;95;55;25
1218.0;91;60;24
1224.0;96;59;20
1230.0;100;58;17
1236.0;98;55;22
1242.0;89;56;30
1248.0;94;57;24
1254.0;93;61;21
1260.0;94;58;23
1266.0;98;54;23
1272.0;92;57;26
1278.0;95;57;23
1284.0;93;53;29
1290.0;97;50;28
1296.0;96;47;32
1302.0;94;49;32
1308.0;93;55;27
1314.0;102;51;22
1320.0;100;53;22
1326.0;101;51;23
1332.0;98;51;26
1338.0;100;46;29
1344.0;101;47;27
1350.0;98;47;30
1356.0;103;48;24
1362.0;103;51;21
1368.0;100;52;23
1374.0;101;52;22
1380.0;97;52;26
1386.0;105;50;20
1392.0;106;53;16
1398.0;106;48;21
1404.0;106;51;18
1410.0;100;52;23
1416.0;102;49;24
1422.0;105;47;23
1428.0;106;49;20
1434.0;107;46;22
1440.0;105;47;23
1446.0;112;44;19
1452.0;114;44;17
1458.0;109;45;21
1464.0;102;51;22
1470.0;103;45;27
1476.0;102;47;26
1482.0;100;49;26
1488.0;99;50;26
1494.0;96;49;30
