#auto generated file!
180.0;61;27;12
186.0;58;27;15
192.0;58;30;12
198.0;58;29;13
204.0;60;29;11
210.0;61;23;16
216.0;62;26;12
222.0;65;24;11
228.0;60;28;12
234.0;58;28;14
240.0;63;26;11
246.0;59;29;12
252.0;59;29;12
258.0;57;28;15
264.0;65;22;13
270.0;67;20;13
276.0;67;23;10
282.0;63;24;13
288.0;63;26;11
294.0;59;29;12
300.0;59;28;13
306.0;58;26;16
312.0;56;26;18
318.0;59;26;15
324.0;58;28;14
330.0;56;30;14
336.0;60;28;12
342.0;57;24;19
348.0;58;25;17
354.0;58;21;21
360.0;54;26;20
366.0;57;29;14
372.0;55;30;15
378.0;53;32;15
384.0;52;31;17
390.0;50;29;21
396.0;47;31;22
402.0;45;38;17
408.0;42;43;15
414.0;48;39;13
420.0;55;35;10
426.0;57;30;13
432.0;57;28;15
438.0;62;25;13
444.0;60;24;16
450.0;62;22;16
456.0;59;25;16
462.0;67;22;11
468.0;66;25;9
474.0;67;23;10
480.0;65;26;9
486.0;59;30;11
492.0;57;28;15
498.0;54;28;18
504.0;52;31;17
510.0;52;30;18
516.0;52;28;20
522.0;55;27;18
528.0;52;33;15
534.0;51;35;14
540.0;52;33;15
546.0;53;32;15
552.0;60;29;11
558.0;61;26;13
564.0;58;26;16
570.0;59;27;14
576.0;58;29;13
582.0;61;30;9
588.0;60;31;9
594.0;59;29;12
600.0;62;26;12
606.0;60;28;12
612.0;57;32;11
618.0;61;27;12
624.0;66;27;7
630.0;67;23;10
636.0;63;26;11
642.0;61;25;14
648.0;61;29;10
654.0;59;31;10
660.0;59;31;10
666.0;63;27;10
672.0;61;26;13
678.0;59;27;14
684.0;55;26;19
690.0;57;27;16
696.0;50;32;18
702.0;56;29;15
708.0;59;25;16
714.0;64;23;13
720.0;65;24;11
726.0;66;21;13
732.0;65;23;12
738.0;62;20;18
744.0;62;20;18
750.0;59;20;21
756.0;64;17;19
762.0;64;21;15
768.0;62;26;12
774.0;62;22;16
780.0;61;23;16
786.0;60;22;18
792.0;55;24;21
798.0;62;23;15
804.0;60;19;21
810.0;64;19;17
816.0;64;18;18
822.0;64;19;17
828.0;62;22;16
834.0;61;21;18
840.0;62;21;17
846.0;60;26;14
852.0;59;26;15
858.0;59;24;17
864.0;58;23;19
870.0;55;24;21
876.0;54;27;19
882.0;54;25;21
888.0;53;27;20
894.0;53;28;19
900.0;54;23;23
906.0;56;26;18
912.0;60;24;16
918.0;59;26;15
924.0;55;28;17
930.0;60;26;14
936.0;57;28;15
942.0;55;27;18
948.0;58;24;18
954.0;60;24;16
960.0;60;26;14
966.0;59;26;15
972.0;53;30;17
978.0;53;30;17
984.0;51;35;14
990.0;52;32;16
996.0;57;30;13
1002.0;54;30;16
1008.0;55;30;15
1014.0;57;32;11
1020.0;55;33;12
1026.0;54;33;13
1032.0;52;32;16
1038.0;50;31;19
1044.0;54;30;16
1050.0;57;28;15
1056.0;59;25;16
1062.0;57;28;15
1068.0;59;27;14
1074.0;58;26;16
1080.0;60;26;14
1086.0;56;29;15
1092.0;58;24;18
1098.0;59;24;17
1104.0;58;24;18
1110.0;61;21;18
1116.0;64;21;15
1122.0;66;23;11
1128.0;64;25;11
1134.0;68;23;9
1140.0;70;19;11
1146.0;62;22;16
1152.0;64;21;15
1158.0;63;22;15
1164.0;58;27;15
1170.0;59;24;17
1176.0;59;24;17
1182.0;58;26;16
1188.0;55;32;13
1194.0;55;33;12
1200.0;55;31;14
1206.0;60;31;9
1212.0;59;32;9
1218.0;59;28;13
1224.0;59;28;13
1230.0;57;29;14
1236.0;61;28;11
1242.0;65;23;12
1248.0;62;28;10
1254.0;67;25;8
1260.0;66;24;10
1266.0;64;25;11
1272.0;61;26;13
1278.0;64;25;11
1284.0;64;24;12
1290.0;61;26;13
1296.0;61;29;10
1302.0;64;27;9
1308.0;60;32;8
1314.0;64;29;7
1320.0;62;31;7
1326.0;58;34;8
1332.0;55;33;12
1338.0;55;34;11
1344.0;62;29;9
1350.0;61;26;13
1356.0;61;24;15
1362.0;56;28;16
1368.0;55;30;15
1374.0;58;31;11
1380.0;55;33;12
1386.0;56;35;9
1392.0;57;31;12
1398.0;58;30;12
1404.0;60;26;14
1410.0;59;26;15
1416.0;58;28;14
1422.0;56;32;12
1428.0;55;29;16
1434.0;56;29;15
1440.0;57;27;16
1446.0;56;30;14
1452.0;57;32;11
1458.0;57;31;12
1464.0;57;32;11
1470.0;55;34;11
1476.0;55;31;14
1482.0;51;31;18
1488.0;49;36;15
1494.0;52;37;11
