#auto generated file!
180.0;88;61;26
186.0;92;59;24
192.0;91;57;27
198.0;89;56;30
204.0;91;53;31
210.0;96;52;27
216.0;102;49;24
222.0;107;48;20
228.0;107;44;24
234.0;101;51;23
240.0;102;51;22
246.0;94;52;29
252.0;91;53;31
258.0;97;49;29
264.0;101;50;24
270.0;104;47;24
276.0;99;53;23
282.0;104;50;21
288.0;108;45;22
294.0;111;43;21
300.0;113;44;18
306.0;106;47;22
312.0;104;47;24
318.0;103;45;27
324.0;104;44;27
330.0;100;40;35
336.0;105;38;32
342.0;108;41;26
348.0;111;43;21
354.0;109;48;18
360.0;108;47;20
366.0;108;50;17
372.0;108;49;18
378.0;103;52;20
384.0;100;51;24
390.0;91;57;27
396.0;93;62;20
402.0;93;62;20
408.0;94;56;25
414.0;92;58;25
420.0;92;62;21
426.0;94;57;24
432.0;93;56;26
438.0;87;59;29
444.0;95;57;23
450.0;93;57;25
456.0;95;58;22
462.0;98;55;22
468.0;100;53;22
474.0;97;55;23
480.0;100;51;24
486.0;99;51;25
492.0;102;50;23
498.0;100;49;26
504.0;102;48;25
510.0;103;44;28
516.0;105;46;24
522.0;103;48;24
528.0;102;49;24
534.0;103;52;20
540.0;104;50;21
546.0;104;53;18
552.0;93;53;29
558.0;94;47;34
564.0;97;52;26
570.0;101;48;26
576.0;102;43;30
582.0;97;49;29
588.0;101;53;21
594.0;95;56;24
600.0;94;58;23
606.0;93;56;26
612.0;93;53;29
618.0;100;51;24
624.0;103;53;19
630.0;97;49;29
636.0;97;49;29
642.0;99;44;32
648.0;97;43;35
654.0;94;49;32
660.0;91;53;31
666.0;91;52;32
672.0;96;51;28
678.0;95;54;26
684.0;101;45;29
690.0;97;47;31
696.0;103;49;23
702.0;98;53;24
708.0;101;49;25
714.0;106;49;20
720.0;100;50;25
726.0;98;54;23
732.0;94;61;20
738.0;93;57;25
744.0;95;57;23
750.0;99;50;26
756.0;99;51;25
762.0;101;53;21
768.0;102;47;26
774.0;102;47;26
780.0;104;48;23
786.0;103;50;22
792.0;100;53;22
798.0;100;52;23
804.0;106;47;22
810.0;104;46;25
816.0;101;48;26
822.0;103;46;26
828.0;106;44;25
834.0;108;42;25
840.0;102;48;25
846.0;102;48;25
852.0;103;50;22
858.0;102;51;22
864.0;103;45;27
870.0;102;47;26
876.0;107;45;23
882.0;111;42;22
888.0;103;42;30
894.0;105;41;29
900.0;105;44;26
906.0;105;41;29
912.0;109;37;29
918.0;110;44;21
924.0;110;41;24
930.0;109;40;26
936.0;107;42;26
942.0;104;47;24
948.0;102;45;28
954.0;103;46;26
960.0;102;50;23
966.0;106;52;17
972.0;102;58;15
978.0;101;59;15
984.0;100;59;16
990.0;97;54;24
996.0;102;54;19
1002.0;105;48;22
1008.0;100;49;26
1014.0;103;48;24
1020.0;98;49;28
1026.0;103;46;26
1032.0;105;45;25
1038.0;97;48;30
1044.0;96;53;26
1050.0;102;52;21
1056.0;105;52;18
1062.0;110;49;16
1068.0;114;49;12
1074.0;114;50;11
1080.0;112;45;18
1086.0;109;46;20
1092.0;105;46;24
1098.0;96;50;29
1104.0;97;46;32
1110.0;102;50;23
1116.0;96;57;22
1122.0;101;56;18
1128.0;98;52;25
1134.0;101;46;28
1140.0;105;49;21
1146.0;109;45;21
1152.0;111;39;25
1158.0;113;39;23
1164.0;109;42;24
1170.0;109;43;23
1176.0;113;38;24
1182.0;118;33;24
1188.0;117;41;17
1194.0;114;39;22
1200.0;109;41;25
1206.0;106;46;23
1212.0;104;51;20
1218.0;106;49;20
1224.0;105;49;21
1230.0;109;46;20
1236.0;108;48;19
1242.0;108;42;25
1248.0;102;54;19
1254.0;104;51;20
1260.0;100;56;19
1266.0;95;62;18
1272.0;97;58;20
1278.0;96;59;20
1284.0;102;47;26
1290.0;106;45;24
1296.0;108;42;25
1302.0;107;49;19
1308.0;108;49;18
1314.0;109;43;23
1320.0;108;44;23
1326.0;111;41;23
1332.0;112;43;20
1338.0;112;40;23
1344.0;112;43;20
1350.0;114;45;16
1356.0;113;42;20
1362.0;110;42;23
1368.0;108;40;27
1374.0;101;46;28
1380.0;99;47;29
1386.0;101;47;27
1392.0;96;54;25
1398.0;100;51;24
1404.0;101;51;23
1410.0;104;53;18
1416.0;104;45;26
1422.0;100;49;26
1428.0;100;48;27
1434.0;99;53;23
1440.0;99;52;24
1446.0;99;55;21
1452.0;92;56;27
1458.0;93;55;27
1464.0;96;54;25
1470.0;95;56;24
1476.0;95;58;22
1482.0;88;61;26
1488.0;85;66;24
1494.0;84;60;31
