#auto generated file!
180.0;120;51;29
186.0;123;50;27
192.0;116;52;32
198.0;117;48;35
204.0;121;48;31
210.0;122;54;24
216.0;120;55;25
222.0;119;57;24
228.0;119;53;28
234.0;118;58;24
240.0;119;59;22
246.0;118;54;28
252.0;120;53;27
258.0;116;56;28
264.0;112;56;32
270.0;116;58;26
276.0;114;63;23
282.0;115;61;24
288.0;117;56;27
294.0;120;54;26
300.0;122;55;23
306.0;115;57;28
312.0;109;61;30
318.0;108;67;25
324.0;116;62;22
330.0;116;66;18
336.0;119;60;21
342.0;118;60;22
348.0;118;59;23
354.0;113;63;24
360.0;113;57;30
366.0;111;59;30
372.0;109;60;31
378.0;106;59;35
384.0;107;67;26
390.0;103;67;30
396.0;104;70;26
402.0;107;68;25
408.0;101;67;32
414.0;109;66;25
420.0;108;67;25
426.0;114;58;28
432.0;118;52;30
438.0;114;54;32
444.0;116;57;27
450.0;118;64;18
456.0;126;55;19
462.0;124;52;24
468.0;122;47;31
474.0;120;48;32
480.0;121;47;32
486.0;119;51;30
492.0;116;52;32
498.0;113;54;33
504.0;116;56;28
510.0;115;52;33
516.0;110;55;35
522.0;114;58;28
528.0;118;57;25
534.0;112;56;32
540.0;115;49;36
546.0;120;53;27
552.0;119;54;27
558.0;116;55;29
564.0;115;58;27
570.0;117;55;28
576.0;115;57;28
582.0;109;60;31
588.0;112;63;25
594.0;109;63;28
600.0;111;57;32
606.0;112;60;28
612.0;113;60;27
618.0;112;60;28
624.0;112;58;30
630.0;103;62;35
636.0;110;55;35
642.0;117;49;34
648.0;115;57;28
654.0;112;58;30
660.0;114;53;33
666.0;108;58;34
672.0;112;51;37
678.0;110;51;39
684.0;115;54;31
690.0;113;53;34
696.0;117;52;31
702.0;118;52;30
708.0;119;51;30
714.0;122;51;27
720.0;120;55;25
726.0;124;53;23
732.0;127;45;28
738.0;124;44;32
744.0;124;46;30
750.0;130;41;29
756.0;123;48;29
762.0;122;47;31
768.0;118;51;31
774.0;116;52;32
780.0;110;55;35
786.0;110;57;33
792.0;108;58;34
798.0;109;57;34
804.0;108;56;36
810.0;108;54;38
816.0;113;57;30
822.0;112;57;31
828.0;106;59;35
834.0;111;57;32
840.0;114;58;28
846.0;112;61;27
852.0;113;58;29
858.0;110;58;32
864.0;110;58;32
870.0;114;56;30
876.0;113;51;36
882.0;117;55;28
888.0;115;55;30
894.0;115;55;30
900.0;116;54;30
906.0;116;51;33
912.0;110;58;32
918.0;112;58;30
924.0;115;53;32
930.0;109;56;35
936.0;107;60;33
942.0;109;58;33
948.0;108;62;30
954.0;101;68;31
960.0;103;70;27
966.0;104;69;27
972.0;98;72;30
978.0;102;69;29
984.0;95;75;30
990.0;102;70;28
996.0;104;72;24
1002.0;110;60;30
1008.0;111;56;33
1014.0;110;54;36
1020.0;107;55;38
1026.0;105;54;41
1032.0;104;62;34
1038.0;108;62;30
1044.0;114;63;23
1050.0;112;65;23
1056.0;107;67;26
1062.0;110;64;26
1068.0;106;65;29
1074.0;115;61;24
1080.0;115;60;25
1086.0;119;60;21
1092.0;111;58;31
1098.0;118;54;28
1104.0;114;61;25
1110.0;115;57;28
1116.0;116;57;27
1122.0;116;57;27
1128.0;114;62;24
1134.0;109;65;26
1140.0;107;66;27
1146.0;105;63;32
1152.0;103;62;35
1158.0;105;64;31
1164.0;108;62;30
1170.0;109;61;30
1176.0;112;55;33
1182.0;117;50;33
1188.0;119;49;32
1194.0;122;45;33
1200.0;123;48;29
1206.0;133;47;20
1212.0;134;49;17
1218.0;129;53;18
1224.0;124;55;21
1230.0;110;60;30
1236.0;112;57;31
1242.0;117;55;28
1248.0;117;50;33
1254.0;119;46;35
1260.0;113;53;34
1266.0;113;54;33
1272.0;114;57;29
1278.0;119;58;23
1284.0;112;61;27
1290.0;115;56;29
1296.0;114;56;30
1302.0;110;55;35
1308.0;113;58;29
1314.0;114;50;36
1320.0;107;58;35
1326.0;107;60;33
1332.0;112;59;29
1338.0;114;59;27
1344.0;114;56;30
1350.0;124;58;18
1356.0;127;54;19
1362.0;125;52;23
1368.0;128;52;20
1374.0;122;61;17
1380.0;116;64;20
1386.0;111;65;24
1392.0;112;62;26
1398.0;113;58;29
1404.0;114;54;32
1410.0;111;59;30
1416.0;110;59;31
1422.0;108;63;29
1428.0;109;62;29
1434.0;116;59;25
1440.0;116;57;27
1446.0;121;50;29
1452.0;117;55;28
1458.0;116;55;29
1464.0;115;52;33
1470.0;112;49;39
1476.0;114;49;37
1482.0;119;48;33
1488.0;120;44;36
1494.0;122;49;29
