#auto generated file!
180.0;37;23;15
186.0;39;20;16
192.0;41;16;18
198.0;44;15;16
204.0;47;17;11
210.0;45;17;13
216.0;46;15;14
222.0;46;17;12
228.0;47;15;13
234.0;46;14;15
240.0;51;14;10
246.0;54;13;8
252.0;56;12;7
258.0;52;15;8
264.0;49;17;9
270.0;46;17;12
276.0;44;18;13
282.0;49;16;10
288.0;49;18;8
294.0;47;19;9
300.0;51;16;8
306.0;49;18;8
312.0;52;18;5
318.0;51;20;4
324.0;48;21;6
330.0;45;20;10
336.0;43;21;11
342.0;44;21;10
348.0;45;21;9
354.0;44;19;12
360.0;47;13;15
366.0;47;15;13
372.0;50;15;10
378.0;50;15;10
384.0;55;11;9
390.0;53;12;10
396.0;56;12;7
402.0;56;13;6
408.0;55;16;4
414.0;54;17;4
420.0;54;15;6
426.0;51;17;7
432.0;47;20;8
438.0;49;17;9
444.0;46;21;8
450.0;45;21;9
456.0;44;23;8
462.0;43;19;13
468.0;43;19;13
474.0;46;16;13
480.0;42;17;16
486.0;41;17;17
492.0;46;16;13
498.0;48;14;13
504.0;50;15;10
510.0;50;14;11
516.0;47;14;14
522.0;46;15;14
528.0;46;18;11
534.0;48;16;11
540.0;51;19;5
546.0;49;21;5
552.0;50;23;2
558.0;52;22;1
564.0;52;21;2
570.0;54;17;4
576.0;56;16;3
582.0;54;16;5
588.0;54;17;4
594.0;53;16;6
600.0;51;16;8
606.0;49;16;10
612.0;48;19;8
618.0;47;21;7
624.0;50;18;7
630.0;50;18;7
636.0;46;20;9
642.0;44;18;13
648.0;42;22;11
654.0;46;17;12
660.0;45;21;9
666.0;44;22;9
672.0;40;21;14
678.0;42;19;14
684.0;41;23;11
690.0;41;23;11
696.0;42;25;8
702.0;41;23;11
708.0;41;24;10
714.0;40;23;12
720.0;41;18;16
726.0;39;20;16
732.0;40;17;18
738.0;41;19;15
744.0;42;20;13
750.0;45;19;11
756.0;45;17;13
762.0;47;16;12
768.0;46;18;11
774.0;45;22;8
780.0;48;21;6
786.0;46;20;9
792.0;46;17;12
798.0;48;16;11
804.0;42;19;14
810.0;46;21;8
816.0;48;19;8
822.0;49;16;10
828.0;50;15;10
834.0;47;18;10
840.0;44;20;11
846.0;46;25;4
852.0;47;21;7
858.0;43;24;8
864.0;36;25;14
870.0;36;24;15
876.0;33;24;18
882.0;34;23;18
888.0;35;23;17
894.0;38;23;14
900.0;41;23;11
906.0;43;21;11
912.0;48;19;8
918.0;45;20;10
924.0;45;19;11
930.0;41;22;12
936.0;44;22;9
942.0;46;22;7
948.0;46;20;9
954.0;46;22;7
960.0;44;21;10
966.0;45;21;9
972.0;45;18;12
978.0;43;19;13
984.0;39;23;13
990.0;37;26;12
996.0;37;28;10
1002.0;35;30;10
1008.0;35;30;10
1014.0;37;28;10
1020.0;36;27;12
1026.0;39;25;11
1032.0;38;25;12
1038.0;36;25;14
1044.0;37;25;13
1050.0;38;27;10
1056.0;37;25;13
1062.0;35;28;12
1068.0;34;28;13
1074.0;35;27;13
1080.0;36;26;13
1086.0;37;26;12
1092.0;34;29;12
1098.0;35;31;9
1104.0;39;31;5
1110.0;42;26;7
1116.0;43;22;10
1122.0;44;22;9
1128.0;40;23;12
1134.0;41;21;13
1140.0;42;21;12
1146.0;45;18;12
1152.0;40;20;15
1158.0;44;20;11
1164.0;41;21;13
1170.0;39;25;11
1176.0;41;23;11
1182.0;44;20;11
1188.0;44;21;10
1194.0;46;19;10
1200.0;46;19;10
1206.0;44;19;12
1212.0;46;21;8
1218.0;44;20;11
1224.0;44;20;11
1230.0;48;18;9
1236.0;50;16;9
1242.0;51;14;10
1248.0;49;14;12
1254.0;48;11;16
1260.0;46;12;17
1266.0;42;15;18
1272.0;42;17;16
1278.0;41;19;15
1284.0;43;19;13
1290.0;46;15;14
1296.0;48;12;15
1302.0;49;10;16
1308.0;50;13;12
1314.0;49;16;10
1320.0;48;17;10
1326.0;49;18;8
1332.0;47;20;8
1338.0;44;23;8
1344.0;44;22;9
1350.0;45;21;9
1356.0;43;22;10
1362.0;38;25;12
1368.0;39;27;9
1374.0;37;27;11
1380.0;36;27;12
1386.0;37;24;14
1392.0;38;23;14
1398.0;37;23;15
1404.0;39;24;12
1410.0;41;24;10
1416.0;41;24;10
1422.0;41;22;12
1428.0;37;22;16
1434.0;37;22;16
1440.0;38;20;17
1446.0;38;23;14
1452.0;41;21;13
1458.0;43;19;13
1464.0;43;19;13
1470.0;48;17;10
1476.0;46;20;9
1482.0;44;21;10
1488.0;48;19;8
1494.0;48;21;6
