#auto generated file!
180.0;154;78;43
186.0;151;84;40
192.0;146;91;38
198.0;146;84;45
204.0;144;83;48
210.0;151;72;52
216.0;145;79;51
222.0;146;71;58
228.0;145;80;50
234.0;154;77;44
240.0;150;77;48
246.0;153;77;45
252.0;156;84;35
258.0;156;85;34
264.0;156;88;31
270.0;159;86;30
276.0;153;91;31
282.0;157;91;27
288.0;158;86;31
294.0;162;78;35
300.0;158;77;40
306.0;166;77;32
312.0;168;72;35
318.0;166;67;42
324.0;168;67;40
330.0;163;73;39
336.0;165;67;43
342.0;162;72;41
348.0;157;79;39
354.0;160;73;42
360.0;155;81;39
366.0;155;84;36
372.0;151;88;36
378.0;150;89;36
384.0;148;93;34
390.0;146;95;34
396.0;150;88;37
402.0;156;79;40
408.0;148;86;41
414.0;151;82;42
420.0;162;80;33
426.0;164;76;35
432.0;164;70;41
438.0;166;73;36
444.0;171;68;36
450.0;163;70;42
456.0;164;70;41
462.0;167;64;44
468.0;163;68;44
474.0;164;74;37
480.0;166;68;41
486.0;161;70;44
492.0;160;73;42
498.0;167;71;37
504.0;162;73;40
510.0;164;77;34
516.0;163;76;36
522.0;156;76;43
528.0;152;81;42
534.0;161;74;40
540.0;161;71;43
546.0;156;77;42
552.0;159;77;39
558.0;155;75;45
564.0;167;70;38
570.0;171;70;34
576.0;163;73;39
582.0;161;76;38
588.0;160;75;40
594.0;159;68;48
600.0;159;72;44
606.0;164;75;36
612.0;166;76;33
618.0;153;80;42
624.0;160;76;39
630.0;155;75;45
636.0;161;73;41
642.0;151;84;40
648.0;147;87;41
654.0;147;95;33
660.0;145;83;47
666.0;144;82;49
672.0;146;84;45
678.0;144;81;50
684.0;144;86;45
690.0;149;85;41
696.0;152;82;41
702.0;156;82;37
708.0;161;73;41
714.0;164;69;42
720.0;164;72;39
726.0;165;74;36
732.0;168;76;31
738.0;171;71;33
744.0;170;68;37
750.0;164;70;41
756.0;168;66;41
762.0;171;62;42
768.0;168;59;48
774.0;176;60;39
780.0;171;57;47
786.0;170;60;45
792.0;172;61;42
798.0;169;69;37
804.0;171;67;37
810.0;175;69;31
816.0;169;69;37
822.0;168;72;35
828.0;168;68;39
834.0;171;68;36
840.0;162;76;37
846.0;164;71;40
852.0;158;75;42
858.0;158;78;39
864.0;155;84;36
870.0;160;82;33
876.0;162;79;34
882.0;162;76;37
888.0;162;80;33
894.0;162;81;32
900.0;164;77;34
906.0;160;80;35
912.0;160;81;34
918.0;163;76;36
924.0;161;72;42
930.0;156;73;46
936.0;159;73;43
942.0;162;74;39
948.0;165;69;41
954.0;164;76;35
960.0;161;79;35
966.0;159;80;36
972.0;149;83;43
978.0;146;86;43
984.0;148;82;45
990.0;154;83;38
996.0;159;78;38
1002.0;151;84;40
1008.0;153;80;42
1014.0;148;90;37
1020.0;158;77;40
1026.0;152;85;38
1032.0;143;91;41
1038.0;145;90;40
1044.0;151;81;43
1050.0;154;77;44
1056.0;160;68;47
1062.0;148;78;49
1068.0;144;82;49
1074.0;150;81;44
1080.0;158;79;38
1086.0;166;81;28
1092.0;165;76;34
1098.0;165;79;31
1104.0;163;78;34
1110.0;166;70;39
1116.0;164;75;36
1122.0;162;73;40
1128.0;162;77;36
1134.0;166;71;38
1140.0;166;69;40
1146.0;170;69;36
1152.0;170;72;33
1158.0;171;69;35
1164.0;171;71;33
1170.0;173;72;30
1176.0;168;77;30
1182.0;163;80;32
1188.0;158;76;41
1194.0;160;77;38
1200.0;162;80;33
1206.0;149;84;42
1212.0;151;85;39
1218.0;141;86;48
1224.0;143;82;50
1230.0;145;74;56
1236.0;141;79;55
1242.0;136;81;58
1248.0;141;90;44
1254.0;141;85;49
1260.0;142;83;50
1266.0;144;86;45
1272.0;147;93;35
1278.0;151;88;36
1284.0;151;92;32
1290.0;151;88;36
1296.0;146;93;36
1302.0;154;82;39
1308.0;164;78;33
1314.0;162;74;39
1320.0;170;74;31
1326.0;164;79;32
1332.0;162;86;27
1338.0;163;76;36
1344.0;156;84;35
1350.0;158;87;30
1356.0;163;81;31
1362.0;166;80;29
1368.0;167;77;31
1374.0;168;75;32
1380.0;163;76;36
1386.0;166;71;38
1392.0;169;71;35
1398.0;168;73;34
1404.0;170;71;34
1410.0;164;75;36
1416.0;162;74;39
1422.0;163;71;41
1428.0;157;75;43
1434.0;152;72;51
1440.0;149;78;48
1446.0;143;80;52
1452.0;144;76;55
1458.0;148;80;47
1464.0;148;76;51
1470.0;148;83;44
1476.0;153;79;43
1482.0;152;86;37
1488.0;155;88;32
1494.0;150;91;34
