#auto generated file!
180.0;32;8;10
186.0;32;10;8
192.0;29;14;7
198.0;30;15;5
204.0;27;16;7
210.0;26;16;8
216.0;23;22;5
222.0;27;19;4
228.0;26;18;6
234.0;26;18;6
240.0;25;18;7
246.0;28;15;7
252.0;26;16;8
258.0;26;16;8
264.0;23;17;10
270.0;21;17;12
276.0;21;18;11
282.0;21;18;11
288.0;23;18;9
294.0;21;19;10
300.0;22;18;10
306.0;22;15;13
312.0;22;16;12
318.0;21;16;13
324.0;20;18;12
330.0;21;17;12
336.0;25;15;10
342.0;25;12;13
348.0;25;11;14
354.0;26;13;11
360.0;28;13;9
366.0;29;14;7
372.0;32;13;5
378.0;31;13;6
384.0;29;15;6
390.0;30;14;6
396.0;33;13;4
402.0;29;17;4
408.0;29;18;3
414.0;31;14;5
420.0;35;13;2
426.0;36;12;2
432.0;37;11;2
438.0;35;10;5
444.0;33;11;6
450.0;35;10;5
456.0;33;11;6
462.0;34;12;4
468.0;31;15;4
474.0;35;13;2
480.0;34;13;3
486.0;34;12;4
492.0;36;9;5
498.0;35;8;7
504.0;34;8;8
510.0;34;9;7
516.0;35;10;5
522.0;32;12;6
528.0;32;13;5
534.0;31;14;5
540.0;30;15;5
546.0;30;15;5
552.0;33;13;4
558.0;33;13;4
564.0;34;13;3
570.0;34;13;3
576.0;33;12;5
582.0;35;8;7
588.0;34;9;7
594.0;33;11;6
600.0;31;10;9
606.0;32;10;8
612.0;34;10;6
618.0;35;6;9
624.0;33;8;9
630.0;34;7;9
636.0;36;6;8
642.0;38;7;5
648.0;37;8;5
654.0;35;11;4
660.0;35;11;4
666.0;35;11;4
672.0;34;12;4
678.0;34;10;6
684.0;34;9;7
690.0;36;7;7
696.0;37;6;7
702.0;38;7;5
708.0;33;10;7
714.0;34;9;7
720.0;34;12;4
726.0;34;11;5
732.0;31;12;7
738.0;28;14;8
744.0;30;13;7
750.0;31;15;4
756.0;29;18;3
762.0;29;16;5
768.0;29;18;3
774.0;30;17;3
780.0;28;19;3
786.0;29;19;2
792.0;33;16;1
798.0;32;14;4
804.0;35;8;7
810.0;36;9;5
816.0;36;8;6
822.0;32;11;7
828.0;33;11;6
834.0;32;12;6
840.0;30;15;5
846.0;32;16;2
852.0;32;15;3
858.0;31;15;4
864.0;33;13;4
870.0;31;14;5
876.0;30;15;5
882.0;29;16;5
888.0;30;13;7
894.0;31;12;7
900.0;29;13;8
906.0;27;15;8
912.0;24;19;7
918.0;26;17;7
924.0;25;18;7
930.0;27;17;6
936.0;27;18;5
942.0;24;21;5
948.0;24;22;4
954.0;23;20;7
960.0;23;19;8
966.0;26;17;7
972.0;29;12;9
978.0;30;10;10
984.0;33;10;7
990.0;31;10;9
996.0;30;13;7
1002.0;27;14;9
1008.0;24;17;9
1014.0;24;16;10
1020.0;25;16;9
1026.0;24;17;9
1032.0;23;13;14
1038.0;25;14;11
1044.0;27;14;9
1050.0;24;16;10
1056.0;30;12;8
1062.0;31;11;8
1068.0;33;9;8
1074.0;31;9;10
1080.0;30;9;11
1086.0;28;9;13
1092.0;29;7;14
1098.0;31;9;10
1104.0;29;9;12
1110.0;29;12;9
1116.0;27;15;8
1122.0;26;15;9
1128.0;27;14;9
1134.0;26;16;8
1140.0;27;16;7
1146.0;28;14;8
1152.0;25;14;11
1158.0;23;16;11
1164.0;22;20;8
1170.0;25;18;7
1176.0;25;19;6
1182.0;27;19;4
1188.0;26;19;5
1194.0;25;18;7
1200.0;24;19;7
1206.0;24;18;8
1212.0;24;18;8
1218.0;25;20;5
1224.0;29;19;2
1230.0;28;18;4
1236.0;27;18;5
1242.0;25;18;7
1248.0;25;16;9
1254.0;29;13;8
1260.0;29;12;9
1266.0;27;12;11
1272.0;26;17;7
1278.0;26;13;11
1284.0;24;15;11
1290.0;23;16;11
1296.0;26;15;9
1302.0;27;15;8
1308.0;28;13;9
1314.0;28;14;8
1320.0;29;13;8
1326.0;31;13;6
1332.0;32;12;6
1338.0;31;14;5
1344.0;27;14;9
1350.0;29;12;9
1356.0;29;14;7
1362.0;33;11;6
1368.0;36;7;7
1374.0;36;9;5
1380.0;34;9;7
1386.0;31;13;6
1392.0;35;11;4
1398.0;35;11;4
1404.0;34;13;3
1410.0;33;12;5
1416.0;32;11;7
1422.0;33;10;7
1428.0;32;10;8
1434.0;32;11;7
1440.0;32;10;8
1446.0;33;10;7
1452.0;33;11;6
1458.0;36;12;2
1464.0;33;13;4
1470.0;37;11;2
1476.0;34;13;3
1482.0;30;11;9
1488.0;31;10;9
1494.0;31;12;7
