#auto generated file!
180.0;176;81;43
186.0;180;81;39
192.0;180;75;45
198.0;177;78;45
204.0;173;78;49
210.0;177;77;46
216.0;169;82;49
222.0;166;78;56
228.0;162;79;59
234.0;163;81;56
240.0;168;78;54
246.0;164;83;53
252.0;159;81;60
258.0;169;75;56
264.0;167;77;56
270.0;161;89;50
276.0;171;83;46
282.0;175;78;47
288.0;187;80;33
294.0;184;74;42
300.0;184;79;37
306.0;179;79;42
312.0;184;71;45
318.0;195;68;37
324.0;196;67;37
330.0;197;68;35
336.0;189;68;43
342.0;190;70;40
348.0;176;78;46
354.0;177;80;43
360.0;182;74;44
366.0;178;78;44
372.0;174;79;47
378.0;171;86;43
384.0;168;90;42
390.0;168;98;34
396.0;170;92;38
402.0;174;83;43
408.0;177;86;37
414.0;183;83;34
420.0;179;84;37
426.0;175;85;40
432.0;166;89;45
438.0;168;95;37
444.0;159;93;48
450.0;166;90;44
456.0;160;85;55
462.0;157;94;49
468.0;157;95;48
474.0;161;88;51
480.0;164;87;49
486.0;164;87;49
492.0;168;87;45
498.0;168;83;49
504.0;165;83;52
510.0;163;87;50
516.0;169;87;44
522.0;166;94;40
528.0;173;87;40
534.0;171;86;43
540.0;172;78;50
546.0;167;86;47
552.0;166;88;46
558.0;167;85;48
564.0;168;88;44
570.0;168;87;45
576.0;170;87;43
582.0;172;78;50
588.0;166;84;50
594.0;173;87;40
600.0;172;91;37
606.0;169;90;41
612.0;167;90;43
618.0;158;95;47
624.0;157;97;46
630.0;154;99;47
636.0;161;92;47
642.0;156;98;46
648.0;152;97;51
654.0;151;97;52
660.0;146;96;58
666.0;154;90;56
672.0;162;90;48
678.0;164;93;43
684.0;164;86;50
690.0;169;87;44
696.0;166;95;39
702.0;162;95;43
708.0;165;93;42
714.0;164;95;41
720.0;171;85;44
726.0;165;89;46
732.0;166;88;46
738.0;169;89;42
744.0;166;88;46
750.0;169;86;45
756.0;161;87;52
762.0;166;81;53
768.0;171;80;49
774.0;173;85;42
780.0;170;87;43
786.0;176;88;36
792.0;181;84;35
798.0;179;85;36
804.0;178;84;38
810.0;178;87;35
816.0;172;91;37
822.0;167;96;37
828.0;157;99;44
834.0;159;102;39
840.0;159;102;39
846.0;160;98;42
852.0;163;95;42
858.0;169;91;40
864.0;163;91;46
870.0;163;94;43
876.0;165;90;45
882.0;169;87;44
888.0;171;88;41
894.0;178;78;44
900.0;180;80;40
906.0;179;86;35
912.0;181;87;32
918.0;180;85;35
924.0;175;86;39
930.0;179;79;42
936.0;177;76;47
942.0;173;80;47
948.0;172;75;53
954.0;168;83;49
960.0;164;89;47
966.0;167;89;44
972.0;164;84;52
978.0;171;81;48
984.0;172;85;43
990.0;173;89;38
996.0;165;95;40
1002.0;161;98;41
1008.0;161;99;40
1014.0;161;99;40
1020.0;165;99;36
1026.0;164;100;36
1032.0;160;98;42
1038.0;163;96;41
1044.0;161;98;41
1050.0;161;98;41
1056.0;158;97;45
1062.0;164;94;42
1068.0;170;89;41
1074.0;177;83;40
1080.0;178;80;42
1086.0;179;76;45
1092.0;176;80;44
1098.0;174;86;40
1104.0;165;94;41
1110.0;162;91;47
1116.0;159;91;50
1122.0;154;96;50
1128.0;152;94;54
1134.0;155;94;51
1140.0;156;97;47
1146.0;161;96;43
1152.0;167;85;48
1158.0;170;82;48
1164.0;182;79;39
1170.0;183;77;40
1176.0;183;71;46
1182.0;184;75;41
1188.0;179;80;41
1194.0;178;81;41
1200.0;179;80;41
1206.0;176;82;42
1212.0;178;81;41
1218.0;179;80;41
1224.0;179;78;43
1230.0;180;74;46
1236.0;175;79;46
1242.0;175;75;50
1248.0;173;76;51
1254.0;177;74;49
1260.0;174;86;40
1266.0;177;87;36
1272.0;171;81;48
1278.0;169;87;44
1284.0;166;84;50
1290.0;168;78;54
1296.0;165;81;54
1302.0;167;88;45
1308.0;163;88;49
1314.0;160;95;45
1320.0;166;92;42
1326.0;166;86;48
1332.0;163;92;45
1338.0;156;91;53
1344.0;154;93;53
1350.0;166;95;39
1356.0;163;99;38
1362.0;164;91;45
1368.0;170;87;43
1374.0;167;91;42
1380.0;168;84;48
1386.0;162;92;46
1392.0;159;92;49
1398.0;162;87;51
1404.0;164;87;49
1410.0;165;83;52
1416.0;166;85;49
1422.0;168;74;58
1428.0;166;78;56
1434.0;166;84;50
1440.0;165;85;50
1446.0;167;88;45
1452.0;162;90;48
1458.0;168;88;44
1464.0;162;93;45
1470.0;164;93;43
1476.0;166;88;46
1482.0;173;84;43
1488.0;179;84;37
1494.0;180;76;44
