#auto generated file!
6.0;0.0;0.0
12.0;0.4166666666666667;0.0
18.0;2.0833333333333335;0.125
24.0;5.833333333333333;0.0
30.0;8.333333333333334;0.5
36.0;8.333333333333334;0.0
42.0;10.833333333333334;1.0
48.0;14.375;0.125
54.0;20.833333333333332;0.0
60.0;20.0;0.0
66.0;30.833333333333332;1.0
72.0;18.333333333333332;0.5
78.0;26.041666666666668;0.0
84.0;26.666666666666668;1.0
90.0;17.5;0.5
96.0;18.75;0.5
102.0;20.833333333333332;0.5
108.0;15.833333333333334;0.0
114.0;18.541666666666668;0.0
120.0;26.666666666666668;0.0
126.0;15.833333333333334;0.5
132.0;19.583333333333332;0.0
138.0;11.458333333333334;0.0
144.0;26.666666666666668;0.5
150.0;25.833333333333332;0.0
156.0;16.666666666666668;0.0
162.0;15.0;0.5
168.0;15.833333333333334;1.0
174.0;16.458333333333332;0.125
180.0;13.333333333333334;0.0
186.0;15.833333333333334;0.5
192.0;19.583333333333332;0.0
198.0;14.166666666666666;0.0
204.0;22.5;0.0
210.0;25.0;0.5
216.0;21.666666666666668;0.5
222.0;28.333333333333332;0.0
228.0;15.0;0.75
234.0;18.541666666666668;0.0
240.0;16.666666666666668;0.0
246.0;18.333333333333332;0.0
252.0;16.25;0.0
258.0;19.583333333333332;0.0
264.0;19.583333333333332;0.0
270.0;20.416666666666668;0.0
276.0;21.25;0.5
282.0;21.041666666666668;0.5
288.0;20.833333333333332;0.75
294.0;27.708333333333332;0.5
300.0;17.916666666666668;0.0
306.0;12.083333333333334;0.0
312.0;10.833333333333334;0.5
318.0;20.0;1.25
324.0;18.333333333333332;0.5
330.0;23.333333333333332;0.0
336.0;12.5;0.0
342.0;19.583333333333332;1.0
348.0;18.541666666666668;0.0
354.0;16.666666666666668;0.5
360.0;15.416666666666666;0.0
366.0;18.333333333333332;0.5
372.0;22.5;0.0
378.0;16.25;0.25
384.0;18.75;0.0
390.0;18.333333333333332;0.75
396.0;15.416666666666666;1.0
402.0;12.5;0.0
408.0;6.041666666666667;0.0
414.0;21.666666666666668;0.0
420.0;15.833333333333334;0.0
426.0;7.5;0.0
432.0;21.666666666666668;0.0
438.0;13.125;0.0
444.0;20.0;0.0
450.0;25.833333333333332;0.25
456.0;20.833333333333332;0.0
462.0;16.666666666666668;1.5
468.0;11.666666666666666;0.0
474.0;15.0;0.0
480.0;19.166666666666668;0.5
486.0;14.166666666666666;0.0
492.0;9.166666666666666;0.75
498.0;12.5;0.0
504.0;23.333333333333332;0.0
510.0;21.25;0.0
516.0;17.5;0.0
522.0;20.833333333333332;0.5
528.0;22.5;1.375
534.0;13.958333333333334;0.5
540.0;19.583333333333332;0.0
546.0;14.583333333333334;0.0
552.0;19.583333333333332;0.5
558.0;19.583333333333332;0.0
564.0;16.666666666666668;0.25
570.0;12.5;0.0
576.0;15.833333333333334;0.0
582.0;18.333333333333332;0.75
588.0;21.041666666666668;0.5
594.0;10.833333333333334;0.125
600.0;17.5;0.5
606.0;14.166666666666666;0.0
612.0;23.333333333333332;0.0
618.0;16.25;0.0
624.0;11.666666666666666;1.0
630.0;20.833333333333332;0.75
636.0;17.916666666666668;0.25
642.0;21.25;0.0
648.0;11.875;0.0
654.0;15.833333333333334;0.5
660.0;19.375;0.0
666.0;30.416666666666668;0.5
672.0;22.916666666666668;0.0
678.0;16.666666666666668;0.5
684.0;17.5;0.0
690.0;24.166666666666668;0.0
696.0;10.833333333333334;0.0
702.0;20.416666666666668;0.0
708.0;17.916666666666668;0.125
714.0;16.666666666666668;0.0
720.0;13.333333333333334;0.5
726.0;23.333333333333332;0.0
732.0;19.166666666666668;0.5
738.0;21.25;0.0
744.0;22.916666666666668;0.0
750.0;10.416666666666666;0.0
756.0;17.916666666666668;1.0
762.0;22.5;1.0
768.0;14.583333333333334;0.5
774.0;10.833333333333334;0.5
780.0;18.333333333333332;0.0
786.0;16.25;0.0
792.0;20.416666666666668;0.5
798.0;16.25;0.0
804.0;22.291666666666668;1.0
810.0;12.916666666666666;0.5
816.0;20.833333333333332;0.5
822.0;25.833333333333332;0.0
828.0;22.083333333333332;0.0
834.0;20.416666666666668;0.0
840.0;16.666666666666668;0.5
846.0;13.333333333333334;0.0
852.0;15.416666666666666;0.0
858.0;24.583333333333332;0.0
864.0;18.75;0.0
870.0;23.75;0.0
876.0;18.333333333333332;0.5
882.0;14.166666666666666;0.5
888.0;23.541666666666668;0.0
894.0;30.416666666666668;0.0
900.0;23.333333333333332;0.5
906.0;15.0;0.0
912.0;12.5;0.0
918.0;12.083333333333334;0.0
924.0;21.25;0.5
930.0;9.166666666666666;0.0
936.0;14.166666666666666;0.0
942.0;14.166666666666666;0.0
948.0;8.333333333333334;0.0
954.0;21.666666666666668;0.0
960.0;9.166666666666666;0.0
966.0;20.0;0.0
972.0;16.666666666666668;0.5
978.0;27.5;0.625
984.0;13.958333333333334;0.5
990.0;20.833333333333332;0.0
996.0;20.0;0.0
1002.0;17.5;0.0
1008.0;20.833333333333332;0.5
1014.0;16.875;0.0
1020.0;22.5;0.0
1026.0;15.416666666666666;0.0
1032.0;27.083333333333332;0.0
1038.0;22.5;0.0
1044.0;30.416666666666668;1.0
1050.0;23.333333333333332;1.5
1056.0;17.916666666666668;0.0
1062.0;18.75;0.5
1068.0;19.166666666666668;0.0
1074.0;6.666666666666667;0.0
1080.0;19.583333333333332;0.5
1086.0;20.833333333333332;1.0
1092.0;17.083333333333332;0.0
1098.0;13.541666666666666;0.5
1104.0;21.25;1.0
1110.0;21.25;0.5
1116.0;24.583333333333332;0.0
1122.0;18.333333333333332;0.0
1128.0;21.666666666666668;0.0
1134.0;24.375;0.0
1140.0;15.0;0.0
1146.0;14.166666666666666;1.0
1152.0;16.25;0.0
1158.0;14.583333333333334;0.0
1164.0;15.0;0.0
1170.0;11.666666666666666;0.0
1176.0;15.416666666666666;0.0
1182.0;12.5;0.5
1188.0;24.791666666666668;0.5
1194.0;20.416666666666668;0.0
1200.0;20.0;0.0
1206.0;11.666666666666666;0.0
1212.0;15.833333333333334;0.0
1218.0;11.666666666666666;0.5
1224.0;9.791666666666666;0.5
1230.0;15.416666666666666;0.0
1236.0;20.833333333333332;0.0
1242.0;12.083333333333334;0.0
1248.0;13.75;0.0
1254.0;14.166666666666666;0.0
1260.0;14.166666666666666;0.0
1266.0;22.5;0.5
1272.0;21.875;1.0
1278.0;16.25;0.5
1284.0;20.833333333333332;0.0
1290.0;24.583333333333332;0.0
1296.0;20.0;0.0
1302.0;10.416666666666666;0.0
1308.0;16.458333333333332;0.5
1314.0;7.5;0.0
1320.0;17.5;0.0
1326.0;15.0;0.0
1332.0;18.75;0.0
1338.0;33.75;0.5
1344.0;20.833333333333332;0.0
1350.0;23.333333333333332;0.75
1356.0;17.916666666666668;0.0
1362.0;15.0;0.0
1368.0;17.916666666666668;0.5
1374.0;12.5;0.0
1380.0;16.25;0.0
1386.0;13.333333333333334;0.75
1392.0;17.5;0.5
1398.0;13.541666666666666;0.0
1404.0;15.416666666666666;0.0
1410.0;17.5;0.0
1416.0;25.0;0.25
1422.0;27.5;0.0
1428.0;18.333333333333332;0.0
1434.0;14.166666666666666;0.5
1440.0;13.333333333333334;0.0
1446.0;19.166666666666668;0.5
1452.0;15.833333333333334;0.0
1458.0;12.083333333333334;0.0
1464.0;15.0;0.5
1470.0;10.0;0.0
1476.0;16.25;0.5
1482.0;17.5;0.0
1488.0;28.75;0.75
1494.0;25.416666666666668;0.5
