#auto generated file!
180.0;70;44;36
186.0;67;43;40
192.0;69;50;31
198.0;73;50;27
204.0;73;52;25
210.0;75;51;24
216.0;72;52;26
222.0;70;51;29
228.0;77;48;25
234.0;80;41;29
240.0;85;37;28
246.0;89;33;28
252.0;90;35;25
258.0;90;38;22
264.0;90;43;17
270.0;92;43;15
276.0;90;43;17
282.0;87;46;17
288.0;86;48;16
294.0;88;48;14
300.0;88;47;15
306.0;88;49;13
312.0;87;45;18
318.0;88;43;19
324.0;85;45;20
330.0;83;49;18
336.0;84;46;20
342.0;88;41;21
348.0;86;41;23
354.0;86;43;21
360.0;89;39;22
366.0;91;42;17
372.0;91;37;22
378.0;93;42;15
384.0;91;43;16
390.0;90;40;20
396.0;89;40;21
402.0;86;40;24
408.0;86;45;19
414.0;86;47;17
420.0;90;40;20
426.0;87;40;23
432.0;88;42;20
438.0;86;43;21
444.0;91;38;21
450.0;93;33;24
456.0;89;38;23
462.0;94;37;19
468.0;87;42;21
474.0;85;45;20
480.0;82;44;24
486.0;85;50;15
492.0;88;45;17
498.0;88;43;19
504.0;89;41;20
510.0;88;39;23
516.0;87;38;25
522.0;90;33;27
528.0;94;38;18
534.0;94;42;14
540.0;97;35;18
546.0;98;38;14
552.0;97;34;19
558.0;97;34;19
564.0;95;33;22
570.0;92;41;17
576.0;87;41;22
582.0;87;41;22
588.0;84;42;24
594.0;86;43;21
600.0;88;41;21
606.0;91;41;18
612.0;92;46;12
618.0;92;46;12
624.0;95;39;16
630.0;92;39;19
636.0;98;34;18
642.0;97;35;18
648.0;91;37;22
654.0;91;42;17
660.0;89;41;20
666.0;92;45;13
672.0;94;45;11
678.0;96;41;13
684.0;91;42;17
690.0;91;35;24
696.0;92;37;21
702.0;88;43;19
708.0;84;46;20
714.0;86;43;21
720.0;87;46;17
726.0;87;44;19
732.0;90;42;18
738.0;90;41;19
744.0;89;43;18
750.0;95;40;15
756.0;93;41;16
762.0;93;40;17
768.0;94;36;20
774.0;90;40;20
780.0;92;32;26
786.0;87;37;26
792.0;86;38;26
798.0;88;39;23
804.0;81;41;28
810.0;83;44;23
816.0;81;46;23
822.0;84;44;22
828.0;88;40;22
834.0;86;39;25
840.0;80;41;29
846.0;79;41;30
852.0;75;42;33
858.0;71;52;27
864.0;70;51;29
870.0;72;53;25
876.0;79;50;21
882.0;77;52;21
888.0;74;51;25
894.0;76;54;20
900.0;75;54;21
906.0;78;53;19
912.0;79;52;19
918.0;77;51;22
924.0;85;51;14
930.0;83;50;17
936.0;81;55;14
942.0;76;57;17
948.0;77;55;18
954.0;74;52;24
960.0;80;44;26
966.0;80;45;25
972.0;78;45;27
978.0;83;46;21
984.0;90;44;16
990.0;92;43;15
996.0;90;43;17
1002.0;85;43;22
1008.0;87;43;20
1014.0;88;44;18
1020.0;87;45;18
1026.0;88;46;16
1032.0;88;43;19
1038.0;87;42;21
1044.0;89;43;18
1050.0;88;46;16
1056.0;93;44;13
1062.0;92;41;17
1068.0;97;38;15
1074.0;98;33;19
1080.0;99;37;14
1086.0;99;37;14
1092.0;101;38;11
1098.0;97;43;10
1104.0;94;47;9
1110.0;97;39;14
1116.0;93;41;16
1122.0;91;43;16
1128.0;85;44;21
1134.0;85;47;18
1140.0;90;40;20
1146.0;92;39;19
1152.0;89;41;20
1158.0;94;36;20
1164.0;96;33;21
1170.0;90;40;20
1176.0;85;44;21
1182.0;78;41;31
1188.0;84;40;26
1194.0;87;35;28
1200.0;86;42;22
1206.0;90;39;21
1212.0;89;38;23
1218.0;87;45;18
1224.0;82;43;25
1230.0;85;42;23
1236.0;93;41;16
1242.0;88;43;19
1248.0;85;45;20
1254.0;82;46;22
1260.0;79;41;30
1266.0;87;35;28
1272.0;94;34;22
1278.0;94;34;22
1284.0;88;40;22
1290.0;94;33;23
1296.0;90;42;18
1302.0;91;38;21
1308.0;90;37;23
1314.0;93;31;26
1320.0;88;36;26
1326.0;92;33;25
1332.0;89;40;21
1338.0;92;41;17
1344.0;90;41;19
1350.0;91;39;20
1356.0;87;40;23
1362.0;84;38;28
1368.0;80;38;32
1374.0;78;42;30
1380.0;78;40;32
1386.0;79;43;28
1392.0;76;41;33
1398.0;74;45;31
1404.0;76;48;26
1410.0;81;46;23
1416.0;82;44;24
1422.0;81;44;25
1428.0;81;47;22
1434.0;77;50;23
1440.0;80;46;24
1446.0;78;52;20
1452.0;79;52;19
1458.0;83;47;20
1464.0;79;48;23
1470.0;84;51;15
1476.0;89;49;12
1482.0;99;40;11
1488.0;100;37;13
1494.0;94;41;15
