#auto generated file!
180.0;133;86;31
186.0;126;93;31
192.0;136;84;30
198.0;139;78;33
204.0;139;67;44
210.0;141;67;42
216.0;140;71;39
222.0;143;65;42
228.0;140;70;40
234.0;150;61;39
240.0;144;60;46
246.0;145;60;45
252.0;152;58;40
258.0;147;61;42
264.0;149;65;36
270.0;147;66;37
276.0;145;66;39
282.0;145;70;35
288.0;150;69;31
294.0;143;74;33
300.0;143;73;34
306.0;147;69;34
312.0;141;74;35
318.0;144;75;31
324.0;150;71;29
330.0;147;68;35
336.0;142;69;39
342.0;142;64;44
348.0;138;68;44
354.0;144;64;42
360.0;143;62;45
366.0;136;67;47
372.0;141;67;42
378.0;145;70;35
384.0;146;68;36
390.0;148;66;36
396.0;144;71;35
402.0;146;77;27
408.0;145;78;27
414.0;141;77;32
420.0;140;76;34
426.0;147;74;29
432.0;144;74;32
438.0;141;75;34
444.0;141;70;39
450.0;141;69;40
456.0;148;68;34
462.0;144;70;36
468.0;153;64;33
474.0;148;63;39
480.0;154;64;32
486.0;151;70;29
492.0;152;70;28
498.0;146;72;32
504.0;152;69;29
510.0;157;57;36
516.0;160;61;29
522.0;160;62;28
528.0;160;64;26
534.0;157;64;29
540.0;150;76;24
546.0;149;76;25
552.0;150;72;28
558.0;154;68;28
564.0;149;72;29
570.0;147;72;31
576.0;147;69;34
582.0;147;71;32
588.0;145;74;31
594.0;144;77;29
600.0;130;78;42
606.0;131;80;39
612.0;130;85;35
618.0;129;89;32
624.0;130;86;34
630.0;134;81;35
636.0;133;86;31
642.0;138;81;31
648.0;141;74;35
654.0;142;71;37
660.0;143;72;35
666.0;145;71;34
672.0;145;72;33
678.0;149;68;33
684.0;141;70;39
690.0;143;75;32
696.0;136;76;38
702.0;133;79;38
708.0;130;81;39
714.0;121;85;44
720.0;129;79;42
726.0;130;77;43
732.0;137;73;40
738.0;132;67;51
744.0;143;69;38
750.0;143;75;32
756.0;146;77;27
762.0;145;75;30
768.0;149;68;33
774.0;141;63;46
780.0;136;64;50
786.0;138;64;48
792.0;143;60;47
798.0;144;59;47
804.0;140;67;43
810.0;142;66;42
816.0;143;68;39
822.0;135;75;40
828.0;138;64;48
834.0;140;67;43
840.0;146;67;37
846.0;144;71;35
852.0;133;78;39
858.0;134;75;41
864.0;145;65;40
870.0;151;61;38
876.0;145;66;39
882.0;142;67;41
888.0;143;68;39
894.0;143;70;37
900.0;143;71;36
906.0;140;72;38
912.0;141;72;37
918.0;138;68;44
924.0;140;70;40
930.0;138;75;37
936.0;148;70;32
942.0;145;76;29
948.0;143;78;29
954.0;136;83;31
960.0;141;71;38
966.0;147;71;32
972.0;148;68;34
978.0;150;62;38
984.0;153;69;28
990.0;151;73;26
996.0;145;75;30
1002.0;137;79;34
1008.0;141;77;32
1014.0;144;75;31
1020.0;142;71;37
1026.0;139;72;39
1032.0;135;80;35
1038.0;140;80;30
1044.0;147;75;28
1050.0;142;75;33
1056.0;150;66;34
1062.0;147;66;37
1068.0;142;73;35
1074.0;144;68;38
1080.0;144;70;36
1086.0;143;69;38
1092.0;141;74;35
1098.0;135;75;40
1104.0;130;78;42
1110.0;130;74;46
1116.0;136;61;53
1122.0;136;64;50
1128.0;135;68;47
1134.0;142;72;36
1140.0;143;69;38
1146.0;148;65;37
1152.0;150;63;37
1158.0;146;65;39
1164.0;148;59;43
1170.0;154;63;33
1176.0;146;66;38
1182.0;145;70;35
1188.0;147;68;35
1194.0;145;64;41
1200.0;142;71;37
1206.0;142;75;33
1212.0;140;79;31
1218.0;142;83;25
1224.0;141;77;32
1230.0;146;73;31
1236.0;148;68;34
1242.0;143;72;35
1248.0;144;70;36
1254.0;153;64;33
1260.0;144;67;39
1266.0;149;68;33
1272.0;146;68;36
1278.0;152;60;38
1284.0;154;60;36
1290.0;147;65;38
1296.0;148;62;40
1302.0;146;65;39
1308.0;139;68;43
1314.0;138;75;37
1320.0;137;74;39
1326.0;144;69;37
1332.0;144;75;31
1338.0;146;73;31
1344.0;147;69;34
1350.0;140;73;37
1356.0;136;72;42
1362.0;145;71;34
1368.0;147;69;34
1374.0;144;62;44
1380.0;150;63;37
1386.0;152;63;35
1392.0;155;54;41
1398.0;155;61;34
1404.0;149;65;36
1410.0;154;62;34
1416.0;157;63;30
1422.0;157;59;34
1428.0;149;65;36
1434.0;148;67;35
1440.0;136;73;41
1446.0;145;70;35
1452.0;139;63;48
1458.0;136;63;51
1464.0;134;66;50
1470.0;137;65;48
1476.0;144;58;48
1482.0;148;61;41
1488.0;151;60;39
1494.0;151;56;43
