#auto generated file!
180.0;163;89;48
186.0;171;90;39
192.0;163;92;45
198.0;162;100;38
204.0;168;89;43
210.0;167;85;48
216.0;162;95;43
222.0;157;99;44
228.0;165;100;35
234.0;166;94;40
240.0;166;93;41
246.0;166;93;41
252.0;169;95;36
258.0;170;100;30
264.0;166;99;35
270.0;174;88;38
276.0;177;80;43
282.0;177;87;36
288.0;174;84;42
294.0;172;88;40
300.0;167;85;48
306.0;174;82;44
312.0;169;84;47
318.0;169;83;48
324.0;167;82;51
330.0;168;80;52
336.0;175;78;47
342.0;179;71;50
348.0;170;81;49
354.0;176;76;48
360.0;174;75;51
366.0;169;79;52
372.0;165;84;51
378.0;172;76;52
384.0;172;84;44
390.0;165;87;48
396.0;170;86;44
402.0;176;87;37
408.0;172;94;34
414.0;165;93;42
420.0;169;95;36
426.0;175;97;28
432.0;178;96;26
438.0;176;96;28
444.0;178;88;34
450.0;175;89;36
456.0;171;85;44
462.0;172;86;42
468.0;173;81;46
474.0;176;82;42
480.0;168;85;47
486.0;167;85;48
492.0;167;90;43
498.0;158;95;47
504.0;164;93;43
510.0;179;85;36
516.0;181;79;40
522.0;181;77;42
528.0;178;80;42
534.0;170;77;53
540.0;168;81;51
546.0;161;86;53
552.0;160;86;54
558.0;162;84;54
564.0;165;86;49
570.0;157;87;56
576.0;159;84;57
582.0;152;89;59
588.0;153;92;55
594.0;164;84;52
600.0;161;77;62
606.0;165;84;51
612.0;154;96;50
618.0;152;96;52
624.0;159;89;52
630.0;164;94;42
636.0;155;94;51
642.0;156;97;47
648.0;159;99;42
654.0;172;92;36
660.0;171;94;35
666.0;175;86;39
672.0;169;91;40
678.0;173;92;35
684.0;168;87;45
690.0;170;78;52
696.0;177;71;52
702.0;176;73;51
708.0;181;73;46
714.0;177;78;45
720.0;178;71;51
726.0;175;80;45
732.0;176;84;40
738.0;172;91;37
744.0;166;86;48
750.0;160;94;46
756.0;168;94;38
762.0;165;97;38
768.0;182;85;33
774.0;178;85;37
780.0;173;86;41
786.0;172;83;45
792.0;178;84;38
798.0;180;79;41
804.0;187;71;42
810.0;175;81;44
816.0;177;76;47
822.0;176;78;46
828.0;174;80;46
834.0;172;82;46
840.0;178;77;45
846.0;170;80;50
852.0;170;87;43
858.0;173;81;46
864.0;169;78;53
870.0;170;81;49
876.0;175;79;46
882.0;172;82;46
888.0;177;83;40
894.0;183;79;38
900.0;185;76;39
906.0;178;79;43
912.0;177;76;47
918.0;175;86;39
924.0;168;85;47
930.0;173;84;43
936.0;170;77;53
942.0;173;76;51
948.0;177;75;48
954.0;173;76;51
960.0;177;76;47
966.0;175;79;46
972.0;175;89;36
978.0;171;94;35
984.0;177;92;31
990.0;180;91;29
996.0;183;84;33
1002.0;178;88;34
1008.0;176;93;31
1014.0;170;91;39
1020.0;171;86;43
1026.0;172;80;48
1032.0;176;78;46
1038.0;176;74;50
1044.0;177;78;45
1050.0;183;72;45
1056.0;183;74;43
1062.0;179;77;44
1068.0;181;79;40
1074.0;183;79;38
1080.0;177;84;39
1086.0;178;85;37
1092.0;176;80;44
1098.0;172;90;38
1104.0;161;100;39
1110.0;158;98;44
1116.0;161;97;42
1122.0;157;103;40
1128.0;153;104;43
1134.0;162;96;42
1140.0;165;99;36
1146.0;163;102;35
1152.0;160;104;36
1158.0;166;99;35
1164.0;158;105;37
1170.0;158;99;43
1176.0;152;101;47
1182.0;157;106;37
1188.0;159;106;35
1194.0;160;104;36
1200.0;156;109;35
1206.0;161;100;39
1212.0;165;99;36
1218.0;166;91;43
1224.0;163;97;40
1230.0;161;97;42
1236.0;162;95;43
1242.0;171;84;45
1248.0;178;83;39
1254.0;180;82;38
1260.0;182;83;35
1266.0;175;85;40
1272.0;177;82;41
1278.0;174;90;36
1284.0;172;90;38
1290.0;173;86;41
1296.0;173;86;41
1302.0;170;88;42
1308.0;173;85;42
1314.0;178;86;36
1320.0;180;84;36
1326.0;174;91;35
1332.0;172;97;31
1338.0;165;98;37
1344.0;158;104;38
1350.0;160;98;42
1356.0;160;99;41
1362.0;167;95;38
1368.0;166;97;37
1374.0;161;97;42
1380.0;163;99;38
1386.0;164;102;34
1392.0;166;108;26
1398.0;160;107;33
1404.0;165;97;38
1410.0;163;97;40
1416.0;173;83;44
1422.0;179;80;41
1428.0;180;78;42
1434.0;185;72;43
1440.0;181;75;44
1446.0;183;71;46
1452.0;179;67;54
1458.0;179;66;55
1464.0;170;76;54
1470.0;167;82;51
1476.0;170;82;48
1482.0;172;92;36
1488.0;169;93;38
1494.0;167;90;43
