#auto generated file!
180.0;153;71;26
186.0;153;68;29
192.0;152;73;25
198.0;156;66;28
204.0;153;70;27
210.0;148;68;34
216.0;145;65;40
222.0;146;69;35
228.0;148;72;30
234.0;144;76;30
240.0;142;74;34
246.0;144;76;30
252.0;135;80;35
258.0;138;82;30
264.0;137;82;31
270.0;140;76;34
276.0;144;77;29
282.0;143;78;29
288.0;142;81;27
294.0;145;75;30
300.0;134;80;36
306.0;125;86;39
312.0;123;88;39
318.0;135;76;39
324.0;137;69;44
330.0;139;76;35
336.0;132;77;41
342.0;133;79;38
348.0;135;83;32
354.0;137;79;34
360.0;134;81;35
366.0;135;76;39
372.0;134;76;40
378.0;132;80;38
384.0;137;74;39
390.0;135;70;45
396.0;137;71;42
402.0;136;66;48
408.0;139;69;42
414.0;139;70;41
420.0;138;71;41
426.0;134;73;43
432.0;141;71;38
438.0;145;74;31
444.0;146;75;29
450.0;142;73;35
456.0;142;70;38
462.0;148;63;39
468.0;154;65;31
474.0;144;73;33
480.0;155;65;30
486.0;153;64;33
492.0;151;62;37
498.0;147;68;35
504.0;140;69;41
510.0;149;60;41
516.0;149;64;37
522.0;147;67;36
528.0;147;69;34
534.0;149;70;31
540.0;145;76;29
546.0;143;77;30
552.0;143;73;34
558.0;140;73;37
564.0;140;71;39
570.0;142;77;31
576.0;138;81;31
582.0;136;84;30
588.0;135;79;36
594.0;136;80;34
600.0;127;82;41
606.0;125;87;38
612.0;129;82;39
618.0;137;78;35
624.0;141;77;32
630.0;147;75;28
636.0;135;84;31
642.0;139;77;34
648.0;142;69;39
654.0;134;71;45
660.0;128;77;45
666.0;120;81;49
672.0;124;80;46
678.0;128;85;37
684.0;129;81;40
690.0;135;78;37
696.0;135;75;40
702.0;143;66;41
708.0;142;70;38
714.0;134;73;43
720.0;141;69;40
726.0;135;68;47
732.0;129;73;48
738.0;130;74;46
744.0;138;65;47
750.0;138;66;46
756.0;140;69;41
762.0;140;71;39
768.0;142;72;36
774.0;139;75;36
780.0;135;85;30
786.0;139;79;32
792.0;140;78;32
798.0;144;74;32
804.0;150;66;34
810.0;143;72;35
816.0;151;66;33
822.0;149;66;35
828.0;142;73;35
834.0;146;71;33
840.0;142;76;32
846.0;137;81;32
852.0;132;82;36
858.0;132;89;29
864.0;137;86;27
870.0;135;81;34
876.0;142;72;36
882.0;142;75;33
888.0;139;79;32
894.0;138;78;34
900.0;141;72;37
906.0;139;72;39
912.0;133;78;39
918.0;133;71;46
924.0;136;70;44
930.0;138;75;37
936.0;146;71;33
942.0;136;73;41
948.0;138;71;41
954.0;135;70;45
960.0;138;77;35
966.0;145;71;34
972.0;140;78;32
978.0;136;75;39
984.0;138;78;34
990.0;147;69;34
996.0;147;65;38
1002.0;148;64;38
1008.0;151;64;35
1014.0;154;61;35
1020.0;153;65;32
1026.0;151;72;27
1032.0;147;74;29
1038.0;135;82;33
1044.0;137;82;31
1050.0;136;80;34
1056.0;137;79;34
1062.0;140;80;30
1068.0;142;69;39
1074.0;148;67;35
1080.0;148;67;35
1086.0;150;67;33
1092.0;149;71;30
1098.0;154;67;29
1104.0;158;62;30
1110.0;158;63;29
1116.0;154;62;34
1122.0;154;66;30
1128.0;157;64;29
1134.0;152;64;34
1140.0;153;70;27
1146.0;145;72;33
1152.0;146;69;35
1158.0;151;64;35
1164.0;151;60;39
1170.0;150;59;41
1176.0;148;68;34
1182.0;151;65;34
1188.0;145;76;29
1194.0;148;74;28
1200.0;142;77;31
1206.0;134;82;34
1212.0;140;76;34
1218.0;144;71;35
1224.0;138;70;42
1230.0;137;72;41
1236.0;134;77;39
1242.0;129;85;36
1248.0;131;76;43
1254.0;131;69;50
1260.0;125;79;46
1266.0;122;82;46
1272.0;127;83;40
1278.0;128;81;41
1284.0;128;75;47
1290.0;135;76;39
1296.0;130;78;42
1302.0;132;74;44
1308.0;131;72;47
1314.0;121;80;49
1320.0;127;78;45
1326.0;133;85;32
1332.0;128;86;36
1338.0;133;86;31
1344.0;129;85;36
1350.0;133;83;34
1356.0;135;81;34
1362.0;139;77;34
1368.0;139;74;37
1374.0;147;67;36
1380.0;153;65;32
1386.0;149;67;34
1392.0;152;61;37
1398.0;155;60;35
1404.0;154;65;31
1410.0;154;69;27
1416.0;155;64;31
1422.0;151;67;32
1428.0;148;69;33
1434.0;144;68;38
1440.0;143;67;40
1446.0;140;68;42
1452.0;137;75;38
1458.0;136;81;33
1464.0;130;83;37
1470.0;128;80;42
1476.0;131;77;42
1482.0;131;79;40
1488.0;133;71;46
1494.0;138;68;44
