#auto generated file!
180.0;67;39;19
186.0;66;37;22
192.0;65;43;17
198.0;65;43;17
204.0;64;48;13
210.0;66;47;12
216.0;69;41;15
222.0;70;40;15
228.0;69;38;18
234.0;69;36;20
240.0;66;38;21
246.0;68;37;20
252.0;69;39;17
258.0;73;32;20
264.0;75;30;20
270.0;75;27;23
276.0;75;29;21
282.0;72;30;23
288.0;70;34;21
294.0;68;34;23
300.0;69;37;19
306.0;72;32;21
312.0;74;31;20
318.0;77;30;18
324.0;79;32;14
330.0;83;33;9
336.0;87;29;9
342.0;78;33;14
348.0;80;30;15
354.0;76;35;14
360.0;71;38;16
366.0;68;41;16
372.0;68;39;18
378.0;71;36;18
384.0;74;34;17
390.0;77;30;18
396.0;73;33;19
402.0;77;32;16
408.0;73;36;16
414.0;76;34;15
420.0;78;30;17
426.0;78;29;18
432.0;79;30;16
438.0;78;36;11
444.0;78;34;13
450.0;77;29;19
456.0;78;31;16
462.0;77;31;17
468.0;75;32;18
474.0;78;34;13
480.0;77;33;15
486.0;76;32;17
492.0;74;33;18
498.0;68;38;19
504.0;70;33;22
510.0;70;32;23
516.0;70;31;24
522.0;65;36;24
528.0;69;38;18
534.0;71;36;18
540.0;72;37;16
546.0;75;36;14
552.0;75;36;14
558.0;74;30;21
564.0;70;32;23
570.0;74;32;19
576.0;75;33;17
582.0;75;33;17
588.0;75;32;18
594.0;79;28;18
600.0;80;29;16
606.0;84;27;14
612.0;83;27;15
618.0;80;28;17
624.0;79;30;16
630.0;77;30;18
636.0;74;31;20
642.0;74;30;21
648.0;75;32;18
654.0;73;32;20
660.0;74;32;19
666.0;75;33;17
672.0;75;32;18
678.0;79;26;20
684.0;76;29;20
690.0;70;40;15
696.0;73;40;12
702.0;70;37;18
708.0;68;38;19
714.0;66;43;16
720.0;64;46;15
726.0;65;45;15
732.0;71;37;17
738.0;71;36;18
744.0;74;39;12
750.0;74;35;16
756.0;76;34;15
762.0;74;32;19
768.0;77;30;18
774.0;78;29;18
780.0;74;35;16
786.0;73;36;16
792.0;71;38;16
798.0;77;36;12
804.0;72;34;19
810.0;74;35;16
816.0;78;33;14
822.0;76;32;17
828.0;69;34;22
834.0;65;38;22
840.0;61;41;23
846.0;61;46;18
852.0;64;40;21
858.0;67;37;21
864.0;71;31;23
870.0;73;32;20
876.0;71;34;20
882.0;75;28;22
888.0;69;32;24
894.0;68;36;21
900.0;69;34;22
906.0;69;37;19
912.0;70;38;17
918.0;69;40;16
924.0;70;39;16
930.0;71;40;14
936.0;73;35;17
942.0;72;37;16
948.0;71;41;13
954.0;69;43;13
960.0;69;44;12
966.0;72;41;12
972.0;73;39;13
978.0;72;35;18
984.0;70;40;15
990.0;70;37;18
996.0;65;37;23
1002.0;64;38;23
1008.0;63;41;21
1014.0;66;39;20
1020.0;64;40;21
1026.0;64;43;18
1032.0;63;46;16
1038.0;66;44;15
1044.0;64;43;18
1050.0;62;46;17
1056.0;63;47;15
1062.0;62;50;13
1068.0;62;49;14
1074.0;56;48;21
1080.0;56;48;21
1086.0;58;46;21
1092.0;54;49;22
1098.0;60;47;18
1104.0;61;43;21
1110.0;58;48;19
1116.0;60;47;18
1122.0;61;43;21
1128.0;67;41;17
1134.0;62;46;17
1140.0;65;48;12
1146.0;65;46;14
1152.0;66;43;16
1158.0;69;36;20
1164.0;73;31;21
1170.0;73;35;17
1176.0;76;33;16
1182.0;75;31;19
1188.0;74;33;18
1194.0;70;36;19
1200.0;73;34;18
1206.0;72;35;18
1212.0;73;30;22
1218.0;78;29;18
1224.0;81;25;19
1230.0;84;24;17
1236.0;79;32;14
1242.0;75;36;14
1248.0;80;29;16
1254.0;80;27;18
1260.0;82;26;17
1266.0;79;25;21
1272.0;81;23;21
1278.0;81;28;16
1284.0;78;30;17
1290.0;78;30;17
1296.0;76;30;19
1302.0;75;29;21
1308.0;73;31;21
1314.0;73;31;21
1320.0;72;35;18
1326.0;66;38;21
1332.0;64;38;23
1338.0;67;34;24
1344.0;68;33;24
1350.0;64;39;22
1356.0;68;41;16
1362.0;71;41;13
1368.0;74;38;13
1374.0;78;35;12
1380.0;73;34;18
1386.0;68;40;17
1392.0;73;36;16
1398.0;74;38;13
1404.0;73;37;15
1410.0;72;35;18
1416.0;70;36;19
1422.0;71;38;16
1428.0;77;37;11
1434.0;79;37;9
1440.0;76;41;8
1446.0;74;39;12
1452.0;77;38;10
1458.0;79;40;6
1464.0;81;35;9
1470.0;84;31;10
1476.0;78;38;9
1482.0;77;41;7
1488.0;74;43;8
1494.0;68;44;13
