#auto generated file!
180.0;30;10;10
186.0;32;8;10
192.0;33;6;11
198.0;30;12;8
204.0;29;10;11
210.0;31;13;6
216.0;35;9;6
222.0;35;8;7
228.0;34;9;7
234.0;32;12;6
240.0;30;11;9
246.0;28;12;10
252.0;30;12;8
258.0;30;11;9
264.0;30;14;6
270.0;28;16;6
276.0;30;16;4
282.0;29;14;7
288.0;27;15;8
294.0;26;16;8
300.0;26;17;7
306.0;26;17;7
312.0;26;15;9
318.0;24;17;9
324.0;25;18;7
330.0;25;17;8
336.0;23;19;8
342.0;25;16;9
348.0;28;12;10
354.0;27;14;9
360.0;24;17;9
366.0;24;16;10
372.0;26;13;11
378.0;29;13;8
384.0;30;14;6
390.0;27;14;9
396.0;29;13;8
402.0;23;17;10
408.0;22;19;9
414.0;22;17;11
420.0;26;15;9
426.0;31;10;9
432.0;31;12;7
438.0;29;12;9
444.0;28;10;12
450.0;29;13;8
456.0;28;14;8
462.0;30;13;7
468.0;29;12;9
474.0;28;12;10
480.0;23;16;11
486.0;20;18;12
492.0;27;12;11
498.0;23;15;12
504.0;24;18;8
510.0;23;17;10
516.0;20;24;6
522.0;21;23;6
528.0;22;22;6
534.0;27;19;4
540.0;27;16;7
546.0;28;14;8
552.0;28;15;7
558.0;30;12;8
564.0;29;15;6
570.0;30;14;6
576.0;31;14;5
582.0;32;12;6
588.0;29;12;9
594.0;29;11;10
600.0;28;13;9
606.0;30;13;7
612.0;30;13;7
618.0;29;14;7
624.0;29;17;4
630.0;28;16;6
636.0;26;18;6
642.0;23;19;8
648.0;27;14;9
654.0;23;18;9
660.0;23;17;10
666.0;26;18;6
672.0;24;18;8
678.0;20;19;11
684.0;23;14;13
690.0;23;16;11
696.0;24;14;12
702.0;24;14;12
708.0;20;18;12
714.0;22;17;11
720.0;22;18;10
726.0;22;19;9
732.0;23;20;7
738.0;21;23;6
744.0;21;21;8
750.0;21;20;9
756.0;22;19;9
762.0;23;20;7
768.0;21;22;7
774.0;22;20;8
780.0;25;14;11
786.0;26;13;11
792.0;24;15;11
798.0;25;14;11
804.0;26;12;12
810.0;29;13;8
816.0;31;13;6
822.0;32;14;4
828.0;33;13;4
834.0;32;13;5
840.0;30;15;5
846.0;28;15;7
852.0;28;14;8
858.0;29;15;6
864.0;28;13;9
870.0;26;13;11
876.0;22;19;9
882.0;21;18;11
888.0;21;20;9
894.0;19;21;10
900.0;19;21;10
906.0;23;18;9
912.0;26;19;5
918.0;28;17;5
924.0;28;15;7
930.0;27;16;7
936.0;28;14;8
942.0;27;17;6
948.0;28;14;8
954.0;26;17;7
960.0;23;20;7
966.0;20;20;10
972.0;21;21;8
978.0;23;20;7
984.0;21;17;12
990.0;21;18;11
996.0;20;18;12
1002.0;23;20;7
1008.0;26;17;7
1014.0;26;17;7
1020.0;26;15;9
1026.0;29;14;7
1032.0;27;17;6
1038.0;29;12;9
1044.0;30;15;5
1050.0;28;13;9
1056.0;28;12;10
1062.0;28;11;11
1068.0;28;14;8
1074.0;25;15;10
1080.0;26;13;11
1086.0;29;11;10
1092.0;30;11;9
1098.0;27;16;7
1104.0;27;17;6
1110.0;25;19;6
1116.0;25;15;10
1122.0;29;14;7
1128.0;30;14;6
1134.0;30;14;6
1140.0;30;13;7
1146.0;32;9;9
1152.0;32;9;9
1158.0;32;10;8
1164.0;33;11;6
1170.0;33;11;6
1176.0;35;9;6
1182.0;35;9;6
1188.0;33;9;8
1194.0;37;7;6
1200.0;37;8;5
1206.0;35;11;4
1212.0;34;13;3
1218.0;37;11;2
1224.0;37;10;3
1230.0;33;12;5
1236.0;34;8;8
1242.0;33;9;8
1248.0;36;8;6
1254.0;33;11;6
1260.0;31;11;8
1266.0;32;11;7
1272.0;32;10;8
1278.0;32;11;7
1284.0;31;12;7
1290.0;29;14;7
1296.0;29;12;9
1302.0;30;12;8
1308.0;30;12;8
1314.0;30;12;8
1320.0;27;13;10
1326.0;27;15;8
1332.0;30;14;6
1338.0;31;12;7
1344.0;30;12;8
1350.0;30;15;5
1356.0;27;16;7
1362.0;28;16;6
1368.0;29;14;7
1374.0;29;14;7
1380.0;27;16;7
1386.0;25;17;8
1392.0;26;13;11
1398.0;27;13;10
1404.0;27;15;8
1410.0;25;16;9
1416.0;27;16;7
1422.0;26;14;10
1428.0;30;11;9
1434.0;30;11;9
1440.0;32;11;7
1446.0;32;12;6
1452.0;30;16;4
1458.0;31;14;5
1464.0;32;9;9
1470.0;33;9;8
1476.0;31;9;10
1482.0;32;8;10
1488.0;31;8;11
1494.0;29;12;9
