#auto generated file!
180.0;117;70;38
186.0;110;74;41
192.0;109;72;44
198.0;109;74;42
204.0;116;72;37
210.0;112;73;40
216.0;118;72;35
222.0;122;79;24
228.0;121;72;32
234.0;119;76;30
240.0;114;77;34
246.0;121;74;30
252.0;125;73;27
258.0;129;77;19
264.0;136;72;17
270.0;137;73;15
276.0;135;69;21
282.0;137;64;24
288.0;141;63;21
294.0;133;60;32
300.0;139;54;32
306.0;136;56;33
312.0;138;52;35
318.0;136;54;35
324.0;136;54;35
330.0;132;58;35
336.0;131;58;36
342.0;127;56;42
348.0;130;56;39
354.0;128;56;41
360.0;136;58;31
366.0;134;57;34
372.0;131;54;40
378.0;133;51;41
384.0;124;62;39
390.0;124;67;34
396.0;119;69;37
402.0;113;75;37
408.0;113;72;40
414.0;124;71;30
420.0;129;71;25
426.0;127;68;30
432.0;125;64;36
438.0;136;53;36
444.0;130;58;37
450.0;134;52;39
456.0;137;53;35
462.0;132;53;40
468.0;132;57;36
474.0;134;57;34
480.0;133;60;32
486.0;134;57;34
492.0;131;65;29
498.0;131;64;30
504.0;134;64;27
510.0;129;71;25
516.0;131;69;25
522.0;131;70;24
528.0;131;71;23
534.0;136;66;23
540.0;133;63;29
546.0;129;62;34
552.0;130;65;30
558.0;129;64;32
564.0;133;61;31
570.0;136;57;32
576.0;137;53;35
582.0;136;55;34
588.0;138;58;29
594.0;141;55;29
600.0;138;57;30
606.0;138;57;30
612.0;138;56;31
618.0;134;59;32
624.0;143;49;33
630.0;139;53;33
636.0;140;53;32
642.0;138;52;35
648.0;135;58;32
654.0;134;63;28
660.0;134;63;28
666.0;132;62;31
672.0;133;60;32
678.0;132;63;30
684.0;131;68;26
690.0;132;67;26
696.0;125;70;30
702.0;124;64;37
708.0;131;61;33
714.0;123;65;37
720.0;124;68;33
726.0;123;71;31
732.0;133;64;28
738.0;134;59;32
744.0;135;62;28
750.0;133;62;30
756.0;134;65;26
762.0;131;65;29
768.0;136;60;29
774.0;137;57;31
780.0;139;53;33
786.0;131;57;37
792.0;129;53;43
798.0;128;50;47
804.0;125;57;43
810.0;128;58;39
816.0;130;61;34
822.0;134;65;26
828.0;130;67;28
834.0;134;69;22
840.0;137;68;20
846.0;130;63;32
852.0;126;66;33
858.0;128;66;31
864.0;129;63;33
870.0;127;65;33
876.0;126;69;30
882.0;128;67;30
888.0;132;65;28
894.0;135;61;29
900.0;134;59;32
906.0;126;66;33
912.0;128;66;31
918.0;122;68;35
924.0;120;71;34
930.0;117;73;35
936.0;115;73;37
942.0;121;67;37
948.0;116;76;33
954.0;124;66;35
960.0;128;68;29
966.0;126;66;33
972.0;131;68;26
978.0;129;72;24
984.0;128;73;24
990.0;131;69;25
996.0;125;70;30
1002.0;122;67;36
1008.0;122;75;28
1014.0;124;73;28
1020.0;119;75;31
1026.0;116;72;37
1032.0;117;70;38
1038.0;121;72;32
1044.0;119;72;34
1050.0;120;72;33
1056.0;119;70;36
1062.0;121;70;34
1068.0;127;64;34
1074.0;125;68;32
1080.0;124;67;34
1086.0;124;73;28
1092.0;121;74;30
1098.0;119;73;33
1104.0;123;66;36
1110.0;121;68;36
1116.0;121;67;37
1122.0;121;65;39
1128.0;123;64;38
1134.0;117;63;45
1140.0;123;63;39
1146.0;119;66;40
1152.0;121;63;41
1158.0;123;65;37
1164.0;128;65;32
1170.0;132;58;35
1176.0;135;56;34
1182.0;129;63;33
1188.0;132;65;28
1194.0;127;68;30
1200.0;126;70;29
1206.0;124;68;33
1212.0;124;70;31
1218.0;126;68;31
1224.0;126;70;29
1230.0;120;70;35
1236.0;127;63;35
1242.0;131;57;37
1248.0;128;60;37
1254.0;132;53;40
1260.0;134;54;37
1266.0;132;54;39
1272.0;136;59;30
1278.0;129;64;32
1284.0;129;62;34
1290.0;133;59;33
1296.0;135;63;27
1302.0;137;60;28
1308.0;129;59;37
1314.0;125;63;37
1320.0;128;60;37
1326.0;131;56;38
1332.0;131;54;40
1338.0;134;56;35
1344.0;131;61;33
1350.0;130;60;35
1356.0;134;57;34
1362.0;134;61;30
1368.0;134;65;26
1374.0;143;58;24
1380.0;138;64;23
1386.0;134;64;27
1392.0;133;63;29
1398.0;128;62;35
1404.0;129;60;36
1410.0;126;62;37
1416.0;125;61;39
1422.0;131;57;37
1428.0;132;52;41
1434.0;127;58;40
1440.0;127;59;39
1446.0;124;65;36
1452.0;128;67;30
1458.0;122;70;33
1464.0;132;65;28
1470.0;135;60;30
1476.0;131;64;30
1482.0;134;59;32
1488.0;137;62;26
1494.0;140;56;29
