#auto generated file!
6.0;0.0;0.0
12.0;0.0;0.0
18.0;2.5;0.0
24.0;5.625;0.0
30.0;10.833333333333334;0.0
36.0;7.083333333333333;0.0
42.0;8.75;0.0
48.0;14.166666666666666;0.0
54.0;14.583333333333334;0.0
60.0;14.166666666666666;0.0
66.0;15.833333333333334;0.5
72.0;21.25;0.0
78.0;17.083333333333332;0.0
84.0;12.083333333333334;0.25
90.0;18.333333333333332;0.5
96.0;12.083333333333334;0.0
102.0;16.25;0.0
108.0;13.75;0.5
114.0;17.916666666666668;0.0
120.0;18.75;0.0
126.0;13.333333333333334;0.0
132.0;15.0;0.5
138.0;17.916666666666668;0.0
144.0;22.708333333333332;0.0
150.0;21.25;0.5
156.0;18.75;0.0
162.0;15.0;0.5
168.0;9.166666666666666;0.0
174.0;15.208333333333334;0.0
180.0;23.333333333333332;0.5
186.0;16.666666666666668;0.5
192.0;15.833333333333334;0.0
198.0;21.666666666666668;0.0
204.0;13.125;0.5
210.0;6.25;0.0
216.0;12.083333333333334;0.0
222.0;18.333333333333332;0.0
228.0;15.833333333333334;0.0
234.0;20.0;0.0
240.0;12.5;0.5
246.0;19.166666666666668;0.5
252.0;11.666666666666666;0.5
258.0;14.166666666666666;0.0
264.0;19.583333333333332;0.0
270.0;13.333333333333334;0.0
276.0;15.0;0.5
282.0;16.25;0.5
288.0;22.083333333333332;0.0
294.0;23.75;0.0
300.0;13.333333333333334;0.0
306.0;12.5;0.0
312.0;11.25;0.0
318.0;14.583333333333334;0.0
324.0;17.291666666666668;0.0
330.0;17.916666666666668;0.0
336.0;16.25;0.5
342.0;10.833333333333334;0.5
348.0;13.958333333333334;0.0
354.0;21.875;0.5
360.0;15.833333333333334;0.0
366.0;15.833333333333334;0.0
372.0;28.333333333333332;0.0
378.0;24.166666666666668;0.0
384.0;16.875;0.0
390.0;18.75;0.5
396.0;20.0;0.5
402.0;10.0;0.0
408.0;16.666666666666668;0.0
414.0;16.666666666666668;0.0
420.0;9.583333333333334;0.0
426.0;13.333333333333334;0.0
432.0;10.0;0.0
438.0;13.333333333333334;0.0
444.0;23.333333333333332;0.0
450.0;17.083333333333332;0.5
456.0;15.0;0.0
462.0;17.5;0.0
468.0;18.958333333333332;0.0
474.0;16.666666666666668;0.125
480.0;15.833333333333334;0.5
486.0;14.166666666666666;0.0
492.0;8.75;0.5
498.0;15.0;0.5
504.0;16.25;0.5
510.0;12.916666666666666;0.0
516.0;10.833333333333334;0.0
522.0;19.375;0.0
528.0;23.958333333333332;0.0
534.0;10.0;0.125
540.0;11.666666666666666;0.0
546.0;10.833333333333334;0.0
552.0;13.75;0.0
558.0;11.875;0.0
564.0;14.166666666666666;0.0
570.0;13.958333333333334;0.25
576.0;10.416666666666666;0.0
582.0;12.5;0.5
588.0;12.291666666666666;0.0
594.0;13.125;0.0
600.0;22.5;0.0
606.0;17.5;0.0
612.0;15.416666666666666;0.0
618.0;13.125;0.0
624.0;18.958333333333332;0.25
630.0;18.75;0.0
636.0;14.166666666666666;0.0
642.0;14.166666666666666;0.5
648.0;9.166666666666666;0.125
654.0;15.416666666666666;0.0
660.0;20.833333333333332;0.0
666.0;16.25;0.5
672.0;16.666666666666668;0.0
678.0;26.666666666666668;0.0
684.0;18.75;0.5
690.0;14.166666666666666;0.0
696.0;13.75;0.0
702.0;11.666666666666666;0.0
708.0;13.125;0.0
714.0;17.291666666666668;0.0
720.0;15.0;0.0
726.0;16.666666666666668;0.0
732.0;11.25;0.0
738.0;12.916666666666666;0.0
744.0;20.416666666666668;0.5
750.0;20.833333333333332;0.0
756.0;15.0;0.5
762.0;15.833333333333334;0.0
768.0;14.375;0.0
774.0;12.083333333333334;0.5
780.0;15.833333333333334;0.0
786.0;17.916666666666668;0.5
792.0;17.083333333333332;0.75
798.0;15.833333333333334;0.5
804.0;17.5;0.0
810.0;19.583333333333332;0.0
816.0;24.583333333333332;0.5
822.0;14.166666666666666;0.5
828.0;23.333333333333332;0.0
834.0;12.5;0.75
840.0;18.333333333333332;0.0
846.0;19.166666666666668;0.0
852.0;15.0;0.5
858.0;17.5;0.0
864.0;13.125;0.0
870.0;12.5;0.0
876.0;16.666666666666668;0.0
882.0;16.666666666666668;0.5
888.0;10.0;0.0
894.0;19.583333333333332;0.125
900.0;20.0;0.0
906.0;16.25;0.0
912.0;11.25;0.0
918.0;14.166666666666666;0.0
924.0;22.083333333333332;0.5
930.0;12.5;0.0
936.0;18.75;0.5
942.0;13.333333333333334;0.0
948.0;15.625;0.0
954.0;17.5;0.0
960.0;18.333333333333332;0.0
966.0;12.5;0.0
972.0;14.583333333333334;0.0
978.0;15.833333333333334;0.75
984.0;14.583333333333334;0.0
990.0;26.25;0.25
996.0;12.916666666666666;0.0
1002.0;15.0;0.5
1008.0;17.916666666666668;0.5
1014.0;14.166666666666666;0.0
1020.0;19.166666666666668;0.0
1026.0;15.0;0.0
1032.0;16.25;0.0
1038.0;22.916666666666668;0.0
1044.0;14.583333333333334;0.5
1050.0;15.833333333333334;0.0
1056.0;14.583333333333334;0.0
1062.0;20.0;0.0
1068.0;12.5;0.0
1074.0;20.0;0.0
1080.0;10.0;0.5
1086.0;12.5;0.5
1092.0;12.5;0.0
1098.0;9.583333333333334;0.5
1104.0;14.166666666666666;0.5
1110.0;17.916666666666668;0.25
1116.0;14.166666666666666;0.0
1122.0;15.0;0.0
1128.0;12.5;0.5
1134.0;18.333333333333332;0.0
1140.0;10.833333333333334;0.0
1146.0;11.666666666666666;0.0
1152.0;22.5;0.0
1158.0;23.333333333333332;0.0
1164.0;17.708333333333332;0.0
1170.0;22.083333333333332;0.0
1176.0;11.25;0.0
1182.0;16.666666666666668;0.0
1188.0;11.875;0.0
1194.0;16.458333333333332;0.0
1200.0;20.0;1.0
1206.0;17.083333333333332;0.0
1212.0;18.333333333333332;0.0
1218.0;12.083333333333334;0.0
1224.0;11.875;0.0
1230.0;11.666666666666666;0.0
1236.0;9.583333333333334;0.0
1242.0;11.666666666666666;0.0
1248.0;14.583333333333334;0.0
1254.0;15.0;0.0
1260.0;16.25;0.0
1266.0;21.666666666666668;0.0
1272.0;20.833333333333332;0.0
1278.0;18.333333333333332;0.125
1284.0;20.833333333333332;0.0
1290.0;17.083333333333332;0.0
1296.0;13.333333333333334;0.0
1302.0;10.833333333333334;0.0
1308.0;15.0;0.0
1314.0;16.666666666666668;0.0
1320.0;10.833333333333334;0.0
1326.0;13.333333333333334;0.0
1332.0;10.833333333333334;0.0
1338.0;17.5;0.0
1344.0;14.583333333333334;0.25
1350.0;19.166666666666668;0.0
1356.0;24.166666666666668;0.0
1362.0;15.0;0.0
1368.0;9.166666666666666;0.5
1374.0;16.666666666666668;0.125
1380.0;16.666666666666668;0.0
1386.0;15.833333333333334;0.0
1392.0;14.375;0.5
1398.0;12.083333333333334;0.0
1404.0;15.416666666666666;0.0
1410.0;11.25;0.5
1416.0;15.833333333333334;0.5
1422.0;20.0;0.0
1428.0;17.916666666666668;0.5
1434.0;11.666666666666666;0.0
1440.0;17.916666666666668;0.0
1446.0;9.166666666666666;0.0
1452.0;13.333333333333334;0.0
1458.0;15.416666666666666;0.0
1464.0;16.041666666666668;0.0
1470.0;17.083333333333332;0.0
1476.0;11.25;0.0
1482.0;10.416666666666666;0.0
1488.0;15.0;0.0
1494.0;19.583333333333332;0.0
