#auto generated file!
180.0;149;92;34
186.0;144;88;43
192.0;153;84;38
198.0;154;83;38
204.0;156;85;34
210.0;157;87;31
216.0;151;91;33
222.0;150;87;38
228.0;150;86;39
234.0;156;82;37
240.0;156;85;34
246.0;160;86;29
252.0;166;78;31
258.0;158;80;37
264.0;162;79;34
270.0;160;76;39
276.0;162;73;40
282.0;158;77;40
288.0;160;79;36
294.0;166;82;27
300.0;166;76;33
306.0;161;81;33
312.0;165;76;34
318.0;162;80;33
324.0;169;72;34
330.0;167;68;40
336.0;170;71;34
342.0;168;72;35
348.0;174;67;34
354.0;168;75;32
360.0;154;87;34
366.0;155;84;36
372.0;154;85;36
378.0;154;85;36
384.0;154;83;38
390.0;151;74;50
396.0;144;80;51
402.0;147;78;50
408.0;150;76;49
414.0;157;64;54
420.0;162;64;49
426.0;163;67;45
432.0;165;67;43
438.0;168;63;44
444.0;169;66;40
450.0;172;70;33
456.0;169;72;34
462.0;175;69;31
468.0;172;71;32
474.0;173;72;30
480.0;169;73;33
486.0;169;71;35
492.0;160;78;37
498.0;160;76;39
504.0;157;81;37
510.0;159;76;40
516.0;161;78;36
522.0;168;72;35
528.0;162;82;31
534.0;158;84;33
540.0;168;81;26
546.0;177;70;28
552.0;178;69;28
558.0;168;74;33
564.0;166;66;43
570.0;174;63;38
576.0;175;68;32
582.0;176;67;32
588.0;172;73;30
594.0;178;65;32
600.0;175;70;30
606.0;177;70;28
612.0;173;75;27
618.0;170;73;32
624.0;167;75;33
630.0;169;82;24
636.0;174;74;27
642.0;176;76;23
648.0;178;61;36
654.0;174;70;31
660.0;171;71;33
666.0;172;70;33
672.0;173;68;34
678.0;170;76;29
684.0;161;75;39
690.0;162;76;37
696.0;164;77;34
702.0;165;75;35
708.0;163;75;37
714.0;162;68;45
720.0;168;75;32
726.0;168;71;36
732.0;169;72;34
738.0;175;71;29
744.0;179;68;28
750.0;176;76;23
756.0;171;77;27
762.0;167;81;27
768.0;170;77;28
774.0;163;80;32
780.0;158;80;37
786.0;155;82;38
792.0;159;76;40
798.0;156;84;35
804.0;160;78;37
810.0;158;77;40
816.0;159;74;42
822.0;162;72;41
828.0;165;68;42
834.0;164;68;43
840.0;172;67;36
846.0;177;69;29
852.0;176;68;31
858.0;172;66;37
864.0;173;67;35
870.0;172;71;32
876.0;173;72;30
882.0;176;71;28
888.0;179;68;28
894.0;179;65;31
900.0;181;67;27
906.0;170;70;35
912.0;170;71;34
918.0;163;77;35
924.0;163;76;36
930.0;158;81;36
936.0;160;73;42
942.0;163;73;39
948.0;165;71;39
954.0;168;69;38
960.0;170;63;42
966.0;163;64;48
972.0;168;65;42
978.0;164;69;42
984.0;170;70;35
990.0;170;71;34
996.0;170;70;35
1002.0;169;70;36
1008.0;169;66;40
1014.0;162;74;39
1020.0;157;76;42
1026.0;155;73;47
1032.0;148;70;57
1038.0;147;70;58
1044.0;152;71;52
1050.0;159;70;46
1056.0;162;63;50
1062.0;166;64;45
1068.0;173;59;43
1074.0;169;68;38
1080.0;164;70;41
1086.0;161;68;46
1092.0;152;77;46
1098.0;161;73;41
1104.0;158;73;44
1110.0;153;79;43
1116.0;160;77;38
1122.0;162;76;37
1128.0;157;77;41
1134.0;158;79;38
1140.0;160;79;36
1146.0;162;76;37
1152.0;176;70;29
1158.0;173;70;32
1164.0;164;76;35
1170.0;166;74;35
1176.0;172;74;29
1182.0;179;69;27
1188.0;178;67;30
1194.0;173;67;35
1200.0;167;67;41
1206.0;160;76;39
1212.0;171;67;37
1218.0;170;66;39
1224.0;164;70;41
1230.0;168;70;37
1236.0;166;71;38
1242.0;162;78;35
1248.0;165;82;28
1254.0;164;76;35
1260.0;166;81;28
1266.0;164;78;33
1272.0;161;79;35
1278.0;161;84;30
1284.0;163;84;28
1290.0;162;83;30
1296.0;155;87;33
1302.0;154;84;37
1308.0;157;87;31
1314.0;155;85;35
1320.0;153;85;37
1326.0;150;90;35
1332.0;143;96;36
1338.0;142;90;43
1344.0;142;90;43
1350.0;145;88;42
1356.0;149;82;44
1362.0;154;78;43
1368.0;146;78;51
1374.0;148;77;50
1380.0;154;71;50
1386.0;145;79;51
1392.0;149;78;48
1398.0;156;86;33
1404.0;161;78;36
1410.0;155;85;35
1416.0;155;84;36
1422.0;157;83;35
1428.0;161;78;36
1434.0;160;72;43
1440.0;158;76;41
1446.0;158;78;39
1452.0;166;71;38
1458.0;161;73;41
1464.0;163;75;37
1470.0;164;72;39
1476.0;159;75;41
1482.0;156;74;45
1488.0;156;77;42
1494.0;153;81;41
