#auto generated file!
180.0;39;20;16
186.0;39;19;17
192.0;43;18;14
198.0;44;18;13
204.0;45;21;9
210.0;45;20;10
216.0;37;26;12
222.0;38;25;12
228.0;38;24;13
234.0;36;25;14
240.0;36;26;13
246.0;36;26;13
252.0;37;26;12
258.0;39;27;9
264.0;40;24;11
270.0;38;25;12
276.0;39;23;13
282.0;41;21;13
288.0;40;23;12
294.0;39;24;12
300.0;41;24;10
306.0;40;26;9
312.0;44;22;9
318.0;42;22;11
324.0;39;25;11
330.0;40;25;10
336.0;39;26;10
342.0;38;27;10
348.0;40;26;9
354.0;42;24;9
360.0;42;23;10
366.0;41;26;8
372.0;44;22;9
378.0;45;22;8
384.0;44;21;10
390.0;46;19;10
396.0;46;19;10
402.0;47;21;7
408.0;47;18;10
414.0;53;16;6
420.0;48;18;9
426.0;44;16;15
432.0;47;18;10
438.0;45;20;10
444.0;44;19;12
450.0;43;20;12
456.0;44;21;10
462.0;44;22;9
468.0;42;19;14
474.0;42;23;10
480.0;39;23;13
486.0;38;20;17
492.0;36;19;20
498.0;37;19;19
504.0;35;23;17
510.0;35;23;17
516.0;38;18;19
522.0;38;19;18
528.0;35;22;18
534.0;34;22;19
540.0;36;20;19
546.0;35;21;19
552.0;35;21;19
558.0;37;22;16
564.0;39;20;16
570.0;37;22;16
576.0;38;23;14
582.0;41;25;9
588.0;42;23;10
594.0;39;25;11
600.0;41;22;12
606.0;40;25;10
612.0;40;22;13
618.0;42;22;11
624.0;42;23;10
630.0;43;20;12
636.0;44;20;11
642.0;43;21;11
648.0;40;21;14
654.0;42;20;13
660.0;42;19;14
666.0;44;19;12
672.0;44;21;10
678.0;40;26;9
684.0;44;21;10
690.0;42;23;10
696.0;41;29;5
702.0;44;23;8
708.0;45;24;6
714.0;42;28;5
720.0;43;27;5
726.0;42;25;8
732.0;43;24;8
738.0;40;25;10
744.0;44;21;10
750.0;45;23;7
756.0;46;23;6
762.0;45;22;8
768.0;45;22;8
774.0;46;20;9
780.0;46;22;7
786.0;45;23;7
792.0;46;22;7
798.0;40;27;8
804.0;36;25;14
810.0;38;21;16
816.0;40;19;16
822.0;38;19;18
828.0;41;19;15
834.0;42;22;11
840.0;40;22;13
846.0;36;19;20
852.0;38;19;18
858.0;43;20;12
864.0;42;21;12
870.0;39;23;13
876.0;38;20;17
882.0;37;23;15
888.0;36;24;15
894.0;38;25;12
900.0;37;25;13
906.0;37;29;9
912.0;38;28;9
918.0;36;29;10
924.0;31;31;13
930.0;32;29;14
936.0;36;29;10
942.0;35;29;11
948.0;35;27;13
954.0;36;25;14
960.0;36;25;14
966.0;38;27;10
972.0;35;29;11
978.0;40;22;13
984.0;37;25;13
990.0;34;25;16
996.0;38;26;11
1002.0;37;28;10
1008.0;39;27;9
1014.0;37;29;9
1020.0;36;31;8
1026.0;35;32;8
1032.0;34;33;8
1038.0;38;31;6
1044.0;39;29;7
1050.0;37;27;11
1056.0;40;27;8
1062.0;36;28;11
1068.0;36;29;10
1074.0;38;26;11
1080.0;42;24;9
1086.0;41;22;12
1092.0;45;23;7
1098.0;45;23;7
1104.0;47;21;7
1110.0;43;20;12
1116.0;45;19;11
1122.0;44;21;10
1128.0;44;17;14
1134.0;48;15;12
1140.0;43;15;17
1146.0;44;14;17
1152.0;44;16;15
1158.0;43;16;16
1164.0;42;17;16
1170.0;43;17;15
1176.0;40;21;14
1182.0;40;22;13
1188.0;39;23;13
1194.0;41;23;11
1200.0;41;25;9
1206.0;42;21;12
1212.0;41;19;15
1218.0;42;19;14
1224.0;44;19;12
1230.0;47;17;11
1236.0;40;19;16
1242.0;41;20;14
1248.0;39;25;11
1254.0;38;27;10
1260.0;39;27;9
1266.0;38;26;11
1272.0;37;27;11
1278.0;39;27;9
1284.0;41;25;9
1290.0;36;29;10
1296.0;38;28;9
1302.0;38;23;14
1308.0;40;25;10
1314.0;45;19;11
1320.0;45;21;9
1326.0;45;24;6
1332.0;46;22;7
1338.0;48;21;6
1344.0;50;16;9
1350.0;50;16;9
1356.0;53;13;9
1362.0;55;13;7
1368.0;49;18;8
1374.0;47;20;8
1380.0;51;17;7
1386.0;50;15;10
1392.0;53;16;6
1398.0;52;18;5
1404.0;49;18;8
1410.0;45;22;8
1416.0;46;20;9
1422.0;46;21;8
1428.0;44;21;10
1434.0;45;21;9
1440.0;47;18;10
1446.0;48;20;7
1452.0;49;19;7
1458.0;49;20;6
1464.0;51;19;5
1470.0;50;20;5
1476.0;45;22;8
1482.0;46;20;9
1488.0;46;18;11
1494.0;47;18;10
