#auto generated file!
180.0;17;6;2
186.0;16;6;3
192.0;16;7;2
198.0;15;7;3
204.0;16;6;3
210.0;16;5;4
216.0;19;5;1
222.0;18;7;0
228.0;20;4;1
234.0;20;3;2
240.0;21;3;1
246.0;19;5;1
252.0;18;4;3
258.0;16;5;4
264.0;15;5;5
270.0;15;4;6
276.0;15;6;4
282.0;16;6;3
288.0;15;6;4
294.0;15;5;5
300.0;11;8;6
306.0;8;10;7
312.0;8;10;7
318.0;11;7;7
324.0;12;9;4
330.0;14;8;3
336.0;15;7;3
342.0;14;8;3
348.0;15;7;3
354.0;15;7;3
360.0;13;7;5
366.0;12;7;6
372.0;13;5;7
378.0;12;7;6
384.0;12;7;6
390.0;13;7;5
396.0;11;9;5
402.0;11;10;4
408.0;9;9;7
414.0;9;10;6
420.0;9;10;6
426.0;10;9;6
432.0;9;10;6
438.0;11;10;4
444.0;12;10;3
450.0;11;8;6
456.0;10;10;5
462.0;10;11;4
468.0;12;9;4
474.0;10;9;6
480.0;11;7;7
486.0;11;9;5
492.0;14;7;4
498.0;16;6;3
504.0;15;5;5
510.0;12;8;5
516.0;14;8;3
522.0;16;9;0
528.0;15;9;1
534.0;15;8;2
540.0;14;8;3
546.0;14;8;3
552.0;15;8;2
558.0;16;6;3
564.0;16;7;2
570.0;15;6;4
576.0;15;6;4
582.0;14;7;4
588.0;14;7;4
594.0;14;5;6
600.0;12;6;7
606.0;13;5;7
612.0;13;7;5
618.0;12;11;2
624.0;12;11;2
630.0;10;12;3
636.0;10;12;3
642.0;13;11;1
648.0;11;10;4
654.0;11;9;5
660.0;10;10;5
666.0;9;11;5
672.0;9;14;2
678.0;11;13;1
684.0;10;13;2
690.0;10;12;3
696.0;11;10;4
702.0;10;11;4
708.0;11;11;3
714.0;12;11;2
720.0;13;11;1
726.0;13;12;0
732.0;14;10;1
738.0;12;11;2
744.0;13;10;2
750.0;14;7;4
756.0;13;8;4
762.0;13;9;3
768.0;12;9;4
774.0;12;10;3
780.0;13;9;3
786.0;13;7;5
792.0;15;5;5
798.0;17;5;3
804.0;16;8;1
810.0;16;9;0
816.0;16;8;1
822.0;14;9;2
828.0;13;9;3
834.0;12;7;6
840.0;12;9;4
846.0;11;12;2
852.0;11;11;3
858.0;9;13;3
864.0;11;11;3
870.0;12;9;4
876.0;13;10;2
882.0;12;11;2
888.0;14;10;1
894.0;17;8;0
900.0;17;7;1
906.0;17;8;0
912.0;17;8;0
918.0;18;6;1
924.0;19;4;2
930.0;20;3;2
936.0;20;4;1
942.0;21;4;0
948.0;21;4;0
954.0;21;4;0
960.0;20;4;1
966.0;21;4;0
972.0;20;5;0
978.0;20;5;0
984.0;20;4;1
990.0;20;5;0
996.0;19;5;1
1002.0;19;5;1
1008.0;18;7;0
1014.0;19;5;1
1020.0;17;7;1
1026.0;17;5;3
1032.0;17;5;3
1038.0;17;5;3
1044.0;18;4;3
1050.0;19;3;3
1056.0;18;5;2
1062.0;17;6;2
1068.0;16;6;3
1074.0;16;4;5
1080.0;18;4;3
1086.0;17;5;3
1092.0;20;3;2
1098.0;19;5;1
1104.0;20;4;1
1110.0;18;5;2
1116.0;15;5;5
1122.0;13;8;4
1128.0;13;9;3
1134.0;9;10;6
1140.0;10;10;5
1146.0;11;9;5
1152.0;10;10;5
1158.0;12;10;3
1164.0;11;7;7
1170.0;12;5;8
1176.0;10;8;7
1182.0;14;6;5
1188.0;12;6;7
1194.0;14;3;8
1200.0;17;2;6
1206.0;17;3;5
1212.0;17;3;5
1218.0;15;6;4
1224.0;15;6;4
1230.0;16;5;4
1236.0;16;6;3
1242.0;13;8;4
1248.0;14;9;2
1254.0;16;5;4
1260.0;15;6;4
1266.0;13;6;6
1272.0;16;6;3
1278.0;14;9;2
1284.0;13;9;3
1290.0;13;10;2
1296.0;14;5;6
1302.0;13;6;6
1308.0;13;7;5
1314.0;13;9;3
1320.0;14;8;3
1326.0;15;8;2
1332.0;15;8;2
1338.0;18;6;1
1344.0;18;5;2
1350.0;16;6;3
1356.0;17;5;3
1362.0;16;6;3
1368.0;17;4;4
1374.0;15;4;6
1380.0;16;4;5
1386.0;17;4;4
1392.0;18;4;3
1398.0;17;5;3
1404.0;17;6;2
1410.0;17;5;3
1416.0;16;5;4
1422.0;15;6;4
1428.0;16;5;4
1434.0;17;5;3
1440.0;15;6;4
1446.0;14;6;5
1452.0;14;7;4
1458.0;12;8;5
1464.0;13;7;5
1470.0;12;8;5
1476.0;13;9;3
1482.0;13;9;3
1488.0;12;9;4
1494.0;14;7;4
