#auto generated file!
180.0;105;46;24
186.0;112;38;25
192.0;112;40;23
198.0;103;48;24
204.0;104;48;23
210.0;103;51;21
216.0;102;49;24
222.0;104;48;23
228.0;102;53;20
234.0;104;50;21
240.0;102;46;27
246.0;99;50;26
252.0;104;47;24
258.0;101;54;20
264.0;99;54;22
270.0;99;54;22
276.0;111;51;13
282.0;111;45;19
288.0;115;41;19
294.0;113;48;14
300.0;108;46;21
306.0;107;47;21
312.0;108;43;24
318.0;107;47;21
324.0;108;44;23
330.0;111;46;18
336.0;109;38;28
342.0;110;34;31
348.0;110;34;31
354.0;111;37;27
360.0;111;36;28
366.0;110;38;27
372.0;114;36;25
378.0;114;33;28
384.0;113;37;25
390.0;112;41;22
396.0;115;38;22
402.0;115;36;24
408.0;116;38;21
414.0;110;41;24
420.0;111;34;30
426.0;99;40;36
432.0;96;43;36
438.0;104;40;31
444.0;105;43;27
450.0;101;44;30
456.0;98;46;31
462.0;100;44;31
468.0;100;45;30
474.0;101;43;31
480.0;107;38;30
486.0;103;44;28
492.0;106;45;24
498.0;98;48;29
504.0;99;47;29
510.0;106;44;25
516.0;102;46;27
522.0;102;43;30
528.0;101;44;30
534.0;102;44;29
540.0;101;48;26
546.0;101;48;26
552.0;102;42;31
558.0;102;39;34
564.0;101;43;31
570.0;102;40;33
576.0;99;48;28
582.0;94;54;27
588.0;94;51;30
594.0;97;46;32
600.0;91;49;35
606.0;94;53;28
612.0;94;49;32
618.0;96;51;28
624.0;94;46;35
630.0;88;48;39
636.0;93;44;38
642.0;94;46;35
648.0;93;45;37
654.0;95;47;33
660.0;98;50;27
666.0;109;49;17
672.0;101;59;15
678.0;99;57;19
684.0;98;61;16
690.0;99;54;22
696.0;100;58;17
702.0;95;62;18
708.0;98;57;20
714.0;95;57;23
720.0;90;60;25
726.0;91;57;27
732.0;93;53;29
738.0;94;54;27
744.0;95;55;25
750.0;93;57;25
756.0;90;57;28
762.0;95;56;24
768.0;96;58;21
774.0;92;60;23
780.0;93;61;21
786.0;86;66;23
792.0;91;61;23
798.0;92;60;23
804.0;92;57;26
810.0;89;58;28
816.0;96;52;27
822.0;97;55;23
828.0;95;52;28
834.0;99;45;31
840.0;99;40;36
846.0;100;42;33
852.0;102;44;29
858.0;98;50;27
864.0;93;50;32
870.0;99;48;28
876.0;100;51;24
882.0;97;49;29
888.0;97;50;28
894.0;100;47;28
900.0;105;51;19
906.0;102;49;24
912.0;99;52;24
918.0;100;52;23
924.0;94;53;28
930.0;95;56;24
936.0;93;58;24
942.0;99;54;22
948.0;97;57;21
954.0;97;54;24
960.0;93;61;21
966.0;93;57;25
972.0;89;60;26
978.0;92;57;26
984.0;89;61;25
990.0;90;61;24
996.0;91;59;25
1002.0;92;59;24
1008.0;91;60;24
1014.0;91;60;24
1020.0;91;62;22
1026.0;94;51;30
1032.0;97;52;26
1038.0;103;49;23
1044.0;105;45;25
1050.0;103;46;26
1056.0;99;50;26
1062.0;101;50;24
1068.0;103;50;22
1074.0;99;51;25
1080.0;101;52;22
1086.0;106;52;17
1092.0;103;54;18
1098.0;96;61;18
1104.0;99;55;21
1110.0;99;50;26
1116.0;101;46;28
1122.0;104;44;27
1128.0;98;48;29
1134.0;107;45;23
1140.0;105;49;21
1146.0;97;53;25
1152.0;96;53;26
1158.0;92;52;31
1164.0;92;53;30
1170.0;95;56;24
1176.0;104;52;19
1182.0;100;54;21
1188.0;102;53;20
1194.0;102;52;21
1200.0;100;53;22
1206.0;106;55;14
1212.0;107;53;15
1218.0;107;48;20
1224.0;106;47;22
1230.0;104;51;20
1236.0;103;51;21
1242.0;100;55;20
1248.0;103;57;15
1254.0;106;49;20
1260.0;111;41;23
1266.0;116;37;22
1272.0;111;38;26
1278.0;113;45;17
1284.0;114;42;19
1290.0;108;45;22
1296.0;109;37;29
1302.0;109;39;27
1308.0;105;37;33
1314.0;107;44;24
1320.0;104;45;26
1326.0;100;49;26
1332.0;98;49;28
1338.0;103;51;21
1344.0;98;55;22
1350.0;101;51;23
1356.0;105;53;17
1362.0;106;50;19
1368.0;109;48;18
1374.0;112;45;18
1380.0;110;44;21
1386.0;109;47;19
1392.0;107;51;17
1398.0;106;53;16
1404.0;104;53;18
1410.0;104;53;18
1416.0;102;55;18
1422.0;105;54;16
1428.0;106;47;22
1434.0;105;50;20
1440.0;101;52;22
1446.0;98;57;20
1452.0;101;52;22
1458.0;97;58;20
1464.0;96;61;18
1470.0;88;65;22
1476.0;89;66;20
1482.0;88;65;22
1488.0;91;65;19
1494.0;90;59;26
