#auto generated file!
180.0;38;24;13
186.0;39;29;7
192.0;38;28;9
198.0;37;26;12
204.0;39;24;12
210.0;37;26;12
216.0;39;29;7
222.0;39;27;9
228.0;42;29;4
234.0;44;27;4
240.0;46;25;4
246.0;46;21;8
252.0;48;20;7
258.0;48;21;6
264.0;48;19;8
270.0;43;22;10
276.0;42;19;14
282.0;41;21;13
288.0;43;19;13
294.0;41;19;15
300.0;40;18;17
306.0;42;19;14
312.0;41;22;12
318.0;41;23;11
324.0;40;19;16
330.0;35;19;21
336.0;40;18;17
342.0;41;23;11
348.0;45;21;9
354.0;43;20;12
360.0;43;23;9
366.0;43;21;11
372.0;43;25;7
378.0;44;23;8
384.0;43;24;8
390.0;45;23;7
396.0;44;22;9
402.0;48;16;11
408.0;48;16;11
414.0;48;20;7
420.0;46;22;7
426.0;47;23;5
432.0;45;20;10
438.0;43;22;10
444.0;47;22;6
450.0;45;24;6
456.0;43;23;9
462.0;45;21;9
468.0;49;21;5
474.0;49;21;5
480.0;47;21;7
486.0;49;19;7
492.0;49;19;7
498.0;51;17;7
504.0;51;16;8
510.0;44;18;13
516.0;45;17;13
522.0;42;19;14
528.0;44;19;12
534.0;47;19;9
540.0;45;24;6
546.0;45;23;7
552.0;43;22;10
558.0;40;24;11
564.0;39;23;13
570.0;40;23;12
576.0;39;22;14
582.0;43;24;8
588.0;42;21;12
594.0;43;24;8
600.0;43;25;7
606.0;40;28;7
612.0;39;30;6
618.0;34;33;8
624.0;35;35;5
630.0;36;33;6
636.0;35;35;5
642.0;30;39;6
648.0;32;34;9
654.0;31;35;9
660.0;32;35;8
666.0;37;31;7
672.0;37;31;7
678.0;40;29;6
684.0;42;28;5
690.0;38;28;9
696.0;40;29;6
702.0;38;28;9
708.0;36;32;7
714.0;37;30;8
720.0;40;25;10
726.0;44;20;11
732.0;43;22;10
738.0;43;21;11
744.0;43;25;7
750.0;46;20;9
756.0;43;19;13
762.0;45;17;13
768.0;46;17;12
774.0;41;19;15
780.0;39;17;19
786.0;37;21;17
792.0;39;22;14
798.0;42;19;14
804.0;45;19;11
810.0;43;18;14
816.0;43;17;15
822.0;44;18;13
828.0;47;15;13
834.0;39;16;20
840.0;39;20;16
846.0;38;21;16
852.0;38;24;13
858.0;37;25;13
864.0;38;23;14
870.0;37;23;15
876.0;38;24;13
882.0;37;24;14
888.0;40;23;12
894.0;43;21;11
900.0;45;20;10
906.0;46;19;10
912.0;46;19;10
918.0;45;19;11
924.0;42;19;14
930.0;39;20;16
936.0;41;21;13
942.0;41;23;11
948.0;38;22;15
954.0;40;20;15
960.0;42;18;15
966.0;42;20;13
972.0;43;20;12
978.0;43;19;13
984.0;42;18;15
990.0;42;16;17
996.0;44;19;12
1002.0;45;21;9
1008.0;47;18;10
1014.0;44;19;12
1020.0;45;26;4
1026.0;43;24;8
1032.0;42;22;11
1038.0;44;20;11
1044.0;46;20;9
1050.0;45;23;7
1056.0;42;18;15
1062.0;42;20;13
1068.0;41;21;13
1074.0;42;23;10
1080.0;38;26;11
1086.0;38;25;12
1092.0;38;22;15
1098.0;38;25;12
1104.0;37;27;11
1110.0;38;28;9
1116.0;41;23;11
1122.0;43;18;14
1128.0;44;16;15
1134.0;43;16;16
1140.0;43;18;14
1146.0;44;17;14
1152.0;43;20;12
1158.0;42;20;13
1164.0;42;24;9
1170.0;36;27;12
1176.0;36;26;13
1182.0;33;28;14
1188.0;38;29;8
1194.0;41;22;12
1200.0;39;19;17
1206.0;39;16;20
1212.0;39;20;16
1218.0;35;22;18
1224.0;37;19;19
1230.0;37;16;22
1236.0;42;20;13
1242.0;40;19;16
1248.0;41;21;13
1254.0;39;21;15
1260.0;41;25;9
1266.0;43;23;9
1272.0;41;23;11
1278.0;41;22;12
1284.0;40;25;10
1290.0;39;25;11
1296.0;38;26;11
1302.0;40;26;9
1308.0;42;26;7
1314.0;39;27;9
1320.0;34;28;13
1326.0;35;29;11
1332.0;36;27;12
1338.0;38;25;12
1344.0;40;25;10
1350.0;37;30;8
1356.0;36;34;5
1362.0;37;33;5
1368.0;39;34;2
1374.0;40;30;5
1380.0;39;27;9
1386.0;41;28;6
1392.0;39;29;7
1398.0;33;32;10
1404.0;34;30;11
1410.0;33;32;10
1416.0;34;30;11
1422.0;34;29;12
1428.0;37;28;10
1434.0;35;28;12
1440.0;35;30;10
1446.0;39;29;7
1452.0;40;25;10
1458.0;38;28;9
1464.0;41;27;7
1470.0;41;25;9
1476.0;43;23;9
1482.0;42;25;8
1488.0;41;27;7
1494.0;42;27;6
