#auto generated file!
180.0;55;29;16
186.0;55;30;15
192.0;57;29;14
198.0;56;32;12
204.0;59;28;13
210.0;62;29;9
216.0;62;26;12
222.0;63;23;14
228.0;64;26;10
234.0;61;28;11
240.0;61;31;8
246.0;59;30;11
252.0;56;31;13
258.0;52;35;13
264.0;53;31;16
270.0;54;31;15
276.0;55;30;15
282.0;57;28;15
288.0;58;30;12
294.0;56;30;14
300.0;59;29;12
306.0;58;31;11
312.0;59;30;11
318.0;60;31;9
324.0;62;29;9
330.0;66;29;5
336.0;61;29;10
342.0;61;30;9
348.0;58;29;13
354.0;56;30;14
360.0;55;32;13
366.0;52;31;17
372.0;52;27;21
378.0;55;28;17
384.0;58;27;15
390.0;57;24;19
396.0;54;33;13
402.0;55;32;13
408.0;55;31;14
414.0;57;32;11
420.0;57;30;13
426.0;59;29;12
432.0;58;29;13
438.0;55;34;11
444.0;53;33;14
450.0;54;32;14
456.0;57;32;11
462.0;59;27;14
468.0;56;26;18
474.0;55;26;19
480.0;55;25;20
486.0;53;27;20
492.0;51;30;19
498.0;50;29;21
504.0;54;29;17
510.0;53;27;20
516.0;60;26;14
522.0;58;24;18
528.0;60;22;18
534.0;60;21;19
540.0;61;20;19
546.0;62;22;16
552.0;60;22;18
558.0;59;25;16
564.0;59;28;13
570.0;57;27;16
576.0;53;28;19
582.0;53;32;15
588.0;54;34;12
594.0;56;32;12
600.0;56;32;12
606.0;52;34;14
612.0;46;36;18
618.0;43;37;20
624.0;43;38;19
630.0;49;34;17
636.0;49;30;21
642.0;51;30;19
648.0;52;30;18
654.0;50;29;21
660.0;51;34;15
666.0;51;35;14
672.0;56;34;10
678.0;54;33;13
684.0;55;33;12
690.0;57;33;10
696.0;53;36;11
702.0;51;39;10
708.0;55;34;11
714.0;55;31;14
720.0;54;32;14
726.0;54;31;15
732.0;49;38;13
738.0;49;39;12
744.0;52;34;14
750.0;51;32;17
756.0;53;31;16
762.0;55;29;16
768.0;49;30;21
774.0;53;29;18
780.0;52;29;19
786.0;52;29;19
792.0;52;28;20
798.0;51;30;19
804.0;47;32;21
810.0;51;33;16
816.0;51;35;14
822.0;54;35;11
828.0;57;30;13
834.0;55;30;15
840.0;50;29;21
846.0;46;33;21
852.0;47;34;19
858.0;58;28;14
864.0;59;26;15
870.0;54;29;17
876.0;53;34;13
882.0;56;32;12
888.0;54;33;13
894.0;54;31;15
900.0;51;35;14
906.0;55;35;10
912.0;55;35;10
918.0;58;34;8
924.0;61;31;8
930.0;61;30;9
936.0;58;32;10
942.0;57;32;11
948.0;61;30;9
954.0;61;33;6
960.0;58;35;7
966.0;54;35;11
972.0;55;34;11
978.0;60;29;11
984.0;61;27;12
990.0;63;27;10
996.0;64;27;9
1002.0;62;25;13
1008.0;60;26;14
1014.0;61;25;14
1020.0;59;26;15
1026.0;57;29;14
1032.0;58;30;12
1038.0;58;28;14
1044.0;56;30;14
1050.0;56;27;17
1056.0;56;31;13
1062.0;51;34;15
1068.0;55;33;12
1074.0;51;37;12
1080.0;53;38;9
1086.0;58;34;8
1092.0;60;35;5
1098.0;60;34;6
1104.0;62;32;6
1110.0;60;31;9
1116.0;55;31;14
1122.0;54;32;14
1128.0;54;35;11
1134.0;49;36;15
1140.0;44;40;16
1146.0;47;38;15
1152.0;46;36;18
1158.0;49;38;13
1164.0;54;34;12
1170.0;55;35;10
1176.0;55;37;8
1182.0;56;35;9
1188.0;60;31;9
1194.0;61;28;11
1200.0;58;30;12
1206.0;58;26;16
1212.0;60;24;16
1218.0;55;28;17
1224.0;58;29;13
1230.0;55;29;16
1236.0;53;31;16
1242.0;51;32;17
1248.0;50;31;19
1254.0;51;30;19
1260.0;52;30;18
1266.0;51;33;16
1272.0;58;28;14
1278.0;57;27;16
1284.0;55;25;20
1290.0;57;25;18
1296.0;51;28;21
1302.0;51;28;21
1308.0;53;28;19
1314.0;50;30;20
1320.0;48;32;20
1326.0;51;33;16
1332.0;57;31;12
1338.0;52;35;13
1344.0;53;34;13
1350.0;52;34;14
1356.0;52;35;13
1362.0;53;36;11
1368.0;55;33;12
1374.0;54;30;16
1380.0;55;30;15
1386.0;57;28;15
1392.0;57;27;16
1398.0;58;28;14
1404.0;58;28;14
1410.0;58;30;12
1416.0;59;25;16
1422.0;59;25;16
1428.0;62;19;19
1434.0;61;25;14
1440.0;63;27;10
1446.0;61;26;13
1452.0;63;25;12
1458.0;62;27;11
1464.0;66;26;8
1470.0;62;30;8
1476.0;58;30;12
1482.0;58;29;13
1488.0;55;33;12
1494.0;59;24;17
