#auto generated file!
6.0;0.0;0.0
12.0;0.0;0.0
18.0;2.5;0.0
24.0;7.5;0.25
30.0;11.25;0.0
36.0;17.916666666666668;0.0
42.0;13.333333333333334;0.0
48.0;22.5;0.5
54.0;39.166666666666664;0.0
60.0;30.833333333333332;0.5
66.0;61.666666666666664;0.0
72.0;67.08333333333333;0.0
78.0;48.75;0.0
84.0;53.333333333333336;0.5
90.0;38.333333333333336;0.0
96.0;44.166666666666664;0.0
102.0;34.583333333333336;0.0
108.0;35.0;0.5
114.0;35.0;0.0
120.0;27.916666666666668;0.0
126.0;32.916666666666664;0.0
132.0;39.583333333333336;0.0
138.0;41.25;0.0
144.0;57.083333333333336;0.0
150.0;82.5;0.5
156.0;64.58333333333333;0.0
162.0;56.458333333333336;0.0
168.0;47.083333333333336;0.0
174.0;33.541666666666664;0.0
180.0;38.333333333333336;0.0
186.0;31.25;0.75
192.0;43.75;0.5
198.0;32.5;0.5
204.0;30.833333333333332;0.5
210.0;33.333333333333336;0.0
216.0;48.75;0.5
222.0;66.66666666666667;0.0
228.0;73.75;0.0
234.0;30.0;0.0
240.0;30.0;0.5
246.0;30.0;0.0
252.0;26.666666666666668;0.5
258.0;36.25;0.5
264.0;39.166666666666664;0.0
270.0;32.083333333333336;0.0
276.0;32.083333333333336;1.0
282.0;41.25;0.0
288.0;39.583333333333336;0.0
294.0;42.708333333333336;0.5
300.0;57.083333333333336;0.0
306.0;58.333333333333336;0.5
312.0;33.75;0.0
318.0;41.666666666666664;0.5
324.0;42.5;0.0
330.0;33.333333333333336;0.5
336.0;35.0;0.0
342.0;40.416666666666664;0.5
348.0;29.791666666666668;0.5
354.0;37.5;0.0
360.0;31.666666666666668;0.5
366.0;40.833333333333336;0.5
372.0;49.166666666666664;0.5
378.0;48.333333333333336;0.25
384.0;32.916666666666664;0.0
390.0;45.833333333333336;0.0
396.0;36.666666666666664;0.5
402.0;44.166666666666664;0.0
408.0;45.416666666666664;0.0
414.0;48.333333333333336;0.5
420.0;57.916666666666664;0.0
426.0;40.416666666666664;0.0
432.0;37.916666666666664;0.25
438.0;54.166666666666664;1.0
444.0;75.41666666666667;0.0
450.0;64.16666666666667;0.0
456.0;54.166666666666664;0.0
462.0;50.0;0.0
468.0;49.791666666666664;0.0
474.0;39.166666666666664;0.0
480.0;30.833333333333332;0.5
486.0;29.166666666666668;0.0
492.0;36.25;0.0
498.0;20.833333333333332;0.5
504.0;45.0;0.0
510.0;52.916666666666664;0.0
516.0;40.416666666666664;0.5
522.0;54.583333333333336;0.0
528.0;55.0;0.5
534.0;32.5;0.75
540.0;42.916666666666664;0.5
546.0;36.666666666666664;0.0
552.0;27.916666666666668;0.0
558.0;20.833333333333332;0.25
564.0;31.25;0.0
570.0;34.166666666666664;0.0
576.0;27.916666666666668;0.5
582.0;33.333333333333336;1.0
588.0;55.416666666666664;0.0
594.0;69.16666666666667;0.0
600.0;72.91666666666667;0.0
606.0;55.833333333333336;0.0
612.0;35.416666666666664;0.0
618.0;28.333333333333332;0.0
624.0;26.666666666666668;0.0
630.0;26.666666666666668;0.5
636.0;25.416666666666668;0.5
642.0;24.166666666666668;0.5
648.0;39.166666666666664;0.0
654.0;30.0;0.75
660.0;41.25;0.0
666.0;34.583333333333336;0.0
672.0;45.0;0.5
678.0;49.166666666666664;0.0
684.0;67.29166666666667;0.0
690.0;48.75;0.25
696.0;26.666666666666668;1.0
702.0;26.666666666666668;0.5
708.0;37.291666666666664;0.0
714.0;44.375;0.5
720.0;45.833333333333336;0.0
726.0;45.833333333333336;0.0
732.0;48.333333333333336;0.0
738.0;57.083333333333336;0.5
744.0;62.291666666666664;0.5
750.0;82.5;0.0
756.0;60.0;0.5
762.0;56.458333333333336;0.0
768.0;41.666666666666664;1.0
774.0;40.0;0.0
780.0;37.5;0.0
786.0;30.416666666666668;0.0
792.0;24.583333333333332;0.0
798.0;40.625;0.25
804.0;45.416666666666664;0.0
810.0;40.0;0.0
816.0;54.166666666666664;0.75
822.0;61.666666666666664;0.0
828.0;48.541666666666664;0.0
834.0;30.833333333333332;0.0
840.0;41.666666666666664;0.0
846.0;40.0;1.0
852.0;31.666666666666668;0.0
858.0;38.75;0.0
864.0;45.416666666666664;0.0
870.0;40.0;0.0
876.0;45.0;0.0
882.0;31.666666666666668;0.0
888.0;35.208333333333336;0.0
894.0;40.833333333333336;0.5
900.0;49.166666666666664;0.5
906.0;43.333333333333336;0.0
912.0;32.916666666666664;0.5
918.0;32.5;0.25
924.0;25.0;0.0
930.0;29.583333333333332;0.25
936.0;33.333333333333336;0.75
942.0;29.166666666666668;0.0
948.0;39.375;0.0
954.0;41.25;0.5
960.0;43.75;0.0
966.0;55.0;0.0
972.0;47.083333333333336;0.0
978.0;56.25;0.5
984.0;50.0;0.5
990.0;40.833333333333336;0.0
996.0;33.75;0.0
1002.0;31.875;0.0
1008.0;25.416666666666668;0.0
1014.0;42.083333333333336;0.0
1020.0;32.916666666666664;0.0
1026.0;30.833333333333332;0.0
1032.0;51.666666666666664;0.5
1038.0;51.666666666666664;0.0
1044.0;65.83333333333333;0.0
1050.0;65.41666666666667;0.25
1056.0;63.333333333333336;0.0
1062.0;46.041666666666664;0.0
1068.0;35.833333333333336;0.0
1074.0;23.333333333333332;0.0
1080.0;21.666666666666668;0.5
1086.0;35.833333333333336;0.0
1092.0;25.0;0.0
1098.0;37.708333333333336;0.0
1104.0;49.375;0.0
1110.0;50.416666666666664;0.0
1116.0;58.75;0.5
1122.0;54.166666666666664;0.5
1128.0;67.29166666666667;0.0
1134.0;53.75;0.0
1140.0;31.666666666666668;0.0
1146.0;41.25;0.5
1152.0;23.333333333333332;0.0
1158.0;27.5;0.0
1164.0;33.75;0.0
1170.0;44.583333333333336;0.0
1176.0;30.833333333333332;0.5
1182.0;32.916666666666664;0.0
1188.0;43.75;0.0
1194.0;51.458333333333336;0.0
1200.0;67.91666666666667;0.0
1206.0;60.0;0.0
1212.0;47.916666666666664;0.0
1218.0;37.916666666666664;0.0
1224.0;25.625;0.0
1230.0;28.75;0.0
1236.0;43.75;0.5
1242.0;37.5;0.0
1248.0;32.083333333333336;0.0
1254.0;33.333333333333336;0.0
1260.0;24.166666666666668;0.75
1266.0;50.0;0.0
1272.0;40.833333333333336;0.0
1278.0;59.583333333333336;0.0
1284.0;61.666666666666664;0.0
1290.0;44.583333333333336;0.0
1296.0;47.083333333333336;0.0
1302.0;31.666666666666668;0.5
1308.0;39.583333333333336;0.0
1314.0;31.666666666666668;0.5
1320.0;28.333333333333332;0.0
1326.0;30.0;0.0
1332.0;40.0;0.5
1338.0;48.75;0.0
1344.0;52.916666666666664;0.0
1350.0;68.33333333333333;0.0
1356.0;58.333333333333336;0.0
1362.0;47.5;0.0
1368.0;38.75;0.0
1374.0;46.666666666666664;0.0
1380.0;56.25;0.0
1386.0;35.833333333333336;0.0
1392.0;49.583333333333336;1.0
1398.0;48.75;0.0
1404.0;37.916666666666664;0.0
1410.0;55.416666666666664;0.0
1416.0;47.083333333333336;0.0
1422.0;48.75;0.0
1428.0;54.583333333333336;0.5
1434.0;45.833333333333336;0.0
1440.0;40.0;0.0
1446.0;39.166666666666664;0.0
1452.0;25.416666666666668;0.0
1458.0;33.958333333333336;0.75
1464.0;39.583333333333336;0.0
1470.0;35.833333333333336;0.0
1476.0;51.666666666666664;0.25
1482.0;41.666666666666664;0.5
1488.0;42.708333333333336;0.0
1494.0;48.333333333333336;0.0
