#auto generated file!
180.0;169;89;42
186.0;169;92;39
192.0;172;92;36
198.0;175;89;36
204.0;177;88;35
210.0;176;86;38
216.0;171;89;40
222.0;167;85;48
228.0;175;81;44
234.0;175;83;42
240.0;173;85;42
246.0;176;88;36
252.0;172;90;38
258.0;179;85;36
264.0;186;80;34
270.0;175;87;38
276.0;177;83;40
282.0;173;89;38
288.0;176;85;39
294.0;176;82;42
300.0;176;86;38
306.0;176;86;38
312.0;175;89;36
318.0;174;87;39
324.0;167;96;37
330.0;166;89;45
336.0;167;90;43
342.0;158;100;42
348.0;154;99;47
354.0;165;89;46
360.0;173;87;40
366.0;175;84;41
372.0;174;88;38
378.0;174;93;33
384.0;179;86;35
390.0;176;89;35
396.0;169;91;40
402.0;174;89;37
408.0;173;88;39
414.0;166;91;43
420.0;165;95;40
426.0;167;92;41
432.0;165;96;39
438.0;166;94;40
444.0;166;96;38
450.0;170;90;40
456.0;171;85;44
462.0;169;84;47
468.0;174;87;39
474.0;176;86;38
480.0;174;90;36
486.0;173;87;40
492.0;166;89;45
498.0;163;95;42
504.0;167;94;39
510.0;165;92;43
516.0;166;91;43
522.0;164;91;45
528.0;168;83;49
534.0;166;85;49
540.0;161;94;45
546.0;163;94;43
552.0;165;91;44
558.0;163;93;44
564.0;169;89;42
570.0;167;85;48
576.0;175;81;44
582.0;179;80;41
588.0;179;73;48
594.0;182;75;43
600.0;180;76;44
606.0;173;79;48
612.0;172;78;50
618.0;172;81;47
624.0;168;80;52
630.0;174;84;42
636.0;171;82;47
642.0;169;84;47
648.0;168;79;53
654.0;170;78;52
660.0;171;83;46
666.0;178;78;44
672.0;178;84;38
678.0;169;84;47
684.0;168;90;42
690.0;168;92;40
696.0;174;88;38
702.0;178;84;38
708.0;172;87;41
714.0;171;89;40
720.0;168;89;43
726.0;169;84;47
732.0;174;81;45
738.0;168;82;50
744.0;164;89;47
750.0;172;85;43
756.0;173;84;43
762.0;178;86;36
768.0;181;81;38
774.0;178;85;37
780.0;176;84;40
786.0;173;87;40
792.0;168;93;39
798.0;171;90;39
804.0;171;84;45
810.0;173;77;50
816.0;169;84;47
822.0;174;80;46
828.0;177;78;45
834.0;175;81;44
840.0;173;82;45
846.0;180;84;36
852.0;181;80;39
858.0;186;83;31
864.0;181;84;35
870.0;183;88;29
876.0;176;91;33
882.0;178;89;33
888.0;170;96;34
894.0;176;89;35
900.0;181;78;41
906.0;169;86;45
912.0;163;89;48
918.0;169;83;48
924.0;174;79;47
930.0;177;74;49
936.0;180;75;45
942.0;179;75;46
948.0;172;83;45
954.0;167;88;45
960.0;174;81;45
966.0;174;81;45
972.0;168;84;48
978.0;165;87;48
984.0;159;96;45
990.0;158;95;47
996.0;157;93;50
1002.0;174;83;43
1008.0;175;79;46
1014.0;175;79;46
1020.0;175;82;43
1026.0;182;80;38
1032.0;188;78;34
1038.0;180;74;46
1044.0;174;82;44
1050.0;178;85;37
1056.0;180;85;35
1062.0;180;86;34
1068.0;182;86;32
1074.0;192;77;31
1080.0;188;81;31
1086.0;174;82;44
1092.0;176;73;51
1098.0;176;79;45
1104.0;181;66;53
1110.0;186;70;44
1116.0;181;76;43
1122.0;178;79;43
1128.0;174;77;49
1134.0;178;78;44
1140.0;174;85;41
1146.0;164;92;44
1152.0;159;96;45
1158.0;172;86;42
1164.0;164;95;41
1170.0;173;86;41
1176.0;174;83;43
1182.0;173;86;41
1188.0;168;82;50
1194.0;167;85;48
1200.0;171;84;45
1206.0;176;79;45
1212.0;183;77;40
1218.0;180;83;37
1224.0;188;77;35
1230.0;181;81;38
1236.0;173;82;45
1242.0;171;84;45
1248.0;180;80;40
1254.0;176;85;39
1260.0;176;83;41
1266.0;170;82;48
1272.0;175;83;42
1278.0;179;84;37
1284.0;172;89;39
1290.0;173;89;38
1296.0;181;86;33
1302.0;180;86;34
1308.0;185;81;34
1314.0;179;80;41
1320.0;173;89;38
1326.0;177;82;41
1332.0;174;81;45
1338.0;174;87;39
1344.0;178;77;45
1350.0;173;87;40
1356.0;181;78;41
1362.0;186;75;39
1368.0;188;71;41
1374.0;187;72;41
1380.0;185;75;40
1386.0;182;81;37
1392.0;183;85;32
1398.0;174;86;40
1404.0;182;82;36
1410.0;183;80;37
1416.0;177;81;42
1422.0;175;81;44
1428.0;170;79;51
1434.0;172;79;49
1440.0;168;88;44
1446.0;166;87;47
1452.0;161;92;47
1458.0;169;90;41
1464.0;174;89;37
1470.0;177;83;40
1476.0;175;89;36
1482.0;177;85;38
1488.0;176;84;40
1494.0;171;80;49
