#auto generated file!
180.0;206;107;37
186.0;210;108;32
192.0;215;103;32
198.0;215;98;37
204.0;213;100;37
210.0;213;98;39
216.0;209;99;42
222.0;204;100;46
228.0;208;96;46
234.0;206;101;43
240.0;201;107;42
246.0;198;110;42
252.0;202;106;42
258.0;189;106;55
264.0;197;101;52
270.0;199;99;52
276.0;201;101;48
282.0;198;110;42
288.0;202;104;44
294.0;203;107;40
300.0;205;105;40
306.0;201;106;43
312.0;200;106;44
318.0;199;101;50
324.0;185;107;58
330.0;190;101;59
336.0;196;102;52
342.0;197;99;54
348.0;200;100;50
354.0;200;107;43
360.0;196;105;49
366.0;192;105;53
372.0;202;100;48
378.0;198;96;56
384.0;196;108;46
390.0;191;107;52
396.0;184;107;59
402.0;187;110;53
408.0;192;105;53
414.0;192;106;52
420.0;194;105;51
426.0;193;107;50
432.0;190;100;60
438.0;198;97;55
444.0;203;95;52
450.0;199;99;52
456.0;206;95;49
462.0;199;92;59
468.0;205;85;60
474.0;206;85;59
480.0;201;87;62
486.0;197;95;58
492.0;188;101;61
498.0;197;104;49
504.0;191;108;51
510.0;194;106;50
516.0;198;104;48
522.0;205;99;46
528.0;202;99;49
534.0;208;94;48
540.0;203;101;46
546.0;203;99;48
552.0;204;101;45
558.0;204;99;47
564.0;203;105;42
570.0;209;106;35
576.0;199;100;51
582.0;201;99;50
588.0;205;93;52
594.0;205;81;64
600.0;208;76;66
606.0;213;78;59
612.0;205;88;57
618.0;207;91;52
624.0;212;86;52
630.0;199;94;57
636.0;195;87;68
642.0;194;95;61
648.0;184;105;61
654.0;186;98;66
660.0;188;109;53
666.0;195;97;58
672.0;196;98;56
678.0;207;89;54
684.0;216;90;44
690.0;212;89;49
696.0;221;94;35
702.0;219;93;38
708.0;217;96;37
714.0;206;102;42
720.0;199;101;50
726.0;201;97;52
732.0;208;95;47
738.0;206;88;56
744.0;191;101;58
750.0;190;105;55
756.0;195;98;57
762.0;200;90;60
768.0;199;96;55
774.0;204;90;56
780.0;209;92;49
786.0;203;92;55
792.0;202;96;52
798.0;192;100;58
804.0;199;103;48
810.0;193;101;56
816.0;196;95;59
822.0;197;96;57
828.0;205;94;51
834.0;210;97;43
840.0;209;99;42
846.0;205;100;45
852.0;198;101;51
858.0;204;99;47
864.0;202;102;46
870.0;197;99;54
876.0;197;97;56
882.0;203;94;53
888.0;208;94;48
894.0;202;97;51
900.0;204;98;48
906.0;206;99;45
912.0;194;107;49
918.0;190;105;55
924.0;198;104;48
930.0;202;100;48
936.0;206;97;47
942.0;203;101;46
948.0;201;104;45
954.0;212;101;37
960.0;203;102;45
966.0;201;98;51
972.0;201;100;49
978.0;196;97;57
984.0;196;95;59
990.0;201;95;54
996.0;198;102;50
1002.0;204;94;52
1008.0;208;92;50
1014.0;213;98;39
1020.0;209;88;53
1026.0;210;90;50
1032.0;207;92;51
1038.0;203;93;54
1044.0;194;103;53
1050.0;186;108;56
1056.0;192;96;62
1062.0;179;104;67
1068.0;183;98;69
1074.0;191;89;70
1080.0;191;93;66
1086.0;186;95;69
1092.0;185;102;63
1098.0;186;96;68
1104.0;194;95;61
1110.0;202;89;59
1116.0;194;87;69
1122.0;195;87;68
1128.0;195;96;59
1134.0;196;90;64
1140.0;196;97;57
1146.0;200;96;54
1152.0;201;97;52
1158.0;201;98;51
1164.0;200;94;56
1170.0;205;96;49
1176.0;202;95;53
1182.0;195;103;52
1188.0;200;101;49
1194.0;198;107;45
1200.0;205;99;46
1206.0;212;97;41
1212.0;213;95;42
1218.0;214;94;42
1224.0;216;91;43
1230.0;217;90;43
1236.0;215;86;49
1242.0;212;84;54
1248.0;208;82;60
1254.0;207;88;55
1260.0;204;99;47
1266.0;208;99;43
1272.0;204;98;48
1278.0;203;96;51
1284.0;200;103;47
1290.0;196;100;54
1296.0;201;102;47
1302.0;199;111;40
1308.0;194;111;45
1314.0;189;112;49
1320.0;192;104;54
1326.0;193;108;49
1332.0;183;114;53
1338.0;189;113;48
1344.0;182;115;53
1350.0;188;112;50
1356.0;191;106;53
1362.0;201;105;44
1368.0;208;93;49
1374.0;205;93;52
1380.0;205;98;47
1386.0;213;92;45
1392.0;207;98;45
1398.0;203;100;47
1404.0;196;105;49
1410.0;203;103;44
1416.0;205;99;46
1422.0;203;96;51
1428.0;203;91;56
1434.0;200;91;59
1440.0;209;89;52
1446.0;206;92;52
1452.0;214;87;49
1458.0;218;84;48
1464.0;210;93;47
1470.0;204;97;49
1476.0;201;97;52
1482.0;202;99;49
1488.0;202;96;52
1494.0;198;101;51
