#auto generated file!
180.0;14;5;6
186.0;14;5;6
192.0;15;4;6
198.0;14;5;6
204.0;14;7;4
210.0;14;7;4
216.0;13;8;4
222.0;13;7;5
228.0;13;7;5
234.0;14;8;3
240.0;14;7;4
246.0;17;5;3
252.0;17;5;3
258.0;17;5;3
264.0;15;8;2
270.0;15;8;2
276.0;15;6;4
282.0;15;7;3
288.0;13;7;5
294.0;14;7;4
300.0;13;9;3
306.0;14;9;2
312.0;14;8;3
318.0;14;8;3
324.0;15;9;1
330.0;15;9;1
336.0;14;9;2
342.0;13;8;4
348.0;15;5;5
354.0;15;6;4
360.0;15;5;5
366.0;17;4;4
372.0;17;4;4
378.0;15;6;4
384.0;15;5;5
390.0;17;5;3
396.0;15;7;3
402.0;15;7;3
408.0;14;6;5
414.0;15;7;3
420.0;16;8;1
426.0;17;7;1
432.0;16;9;0
438.0;17;6;2
444.0;17;6;2
450.0;16;7;2
456.0;15;9;1
462.0;16;7;2
468.0;17;4;4
474.0;17;5;3
480.0;17;4;4
486.0;16;4;5
492.0;16;4;5
498.0;16;5;4
504.0;16;5;4
510.0;16;7;2
516.0;15;8;2
522.0;15;7;3
528.0;16;6;3
534.0;17;6;2
540.0;18;5;2
546.0;17;5;3
552.0;15;7;3
558.0;16;6;3
564.0;18;5;2
570.0;15;3;7
576.0;17;3;5
582.0;13;6;6
588.0;14;7;4
594.0;13;7;5
600.0;13;7;5
606.0;12;7;6
612.0;13;7;5
618.0;14;6;5
624.0;14;7;4
630.0;16;7;2
636.0;15;8;2
642.0;15;7;3
648.0;15;7;3
654.0;14;7;4
660.0;13;8;4
666.0;14;7;4
672.0;13;9;3
678.0;14;8;3
684.0;15;9;1
690.0;13;6;6
696.0;12;8;5
702.0;12;8;5
708.0;13;8;4
714.0;13;8;4
720.0;13;7;5
726.0;13;8;4
732.0;14;8;3
738.0;15;8;2
744.0;16;8;1
750.0;15;9;1
756.0;11;13;1
762.0;11;13;1
768.0;12;9;4
774.0;13;8;4
780.0;13;6;6
786.0;14;5;6
792.0;14;4;7
798.0;14;5;6
804.0;12;9;4
810.0;15;7;3
816.0;15;8;2
822.0;15;8;2
828.0;13;9;3
834.0;13;8;4
840.0;14;9;2
846.0;13;10;2
852.0;13;11;1
858.0;10;12;3
864.0;10;12;3
870.0;11;11;3
876.0;10;11;4
882.0;9;12;4
888.0;11;10;4
894.0;11;10;4
900.0;11;8;6
906.0;12;7;6
912.0;12;6;7
918.0;14;5;6
924.0;17;3;5
930.0;16;2;7
936.0;17;2;6
942.0;18;3;4
948.0;16;5;4
954.0;16;6;3
960.0;18;4;3
966.0;19;3;3
972.0;19;3;3
978.0;18;5;2
984.0;16;7;2
990.0;18;6;1
996.0;16;7;2
1002.0;16;6;3
1008.0;15;6;4
1014.0;14;8;3
1020.0;11;10;4
1026.0;11;9;5
1032.0;14;10;1
1038.0;14;9;2
1044.0;13;7;5
1050.0;13;6;6
1056.0;13;8;4
1062.0;13;7;5
1068.0;12;7;6
1074.0;13;8;4
1080.0;14;7;4
1086.0;15;6;4
1092.0;15;7;3
1098.0;14;7;4
1104.0;15;4;6
1110.0;16;2;7
1116.0;17;3;5
1122.0;18;3;4
1128.0;17;5;3
1134.0;16;6;3
1140.0;14;7;4
1146.0;11;8;6
1152.0;11;9;5
1158.0;13;8;4
1164.0;14;8;3
1170.0;17;6;2
1176.0;16;8;1
1182.0;15;9;1
1188.0;14;9;2
1194.0;10;12;3
1200.0;11;12;2
1206.0;10;11;4
1212.0;12;8;5
1218.0;11;8;6
1224.0;15;6;4
1230.0;15;6;4
1236.0;17;3;5
1242.0;16;3;6
1248.0;16;5;4
1254.0;15;6;4
1260.0;15;5;5
1266.0;14;5;6
1272.0;16;4;5
1278.0;17;5;3
1284.0;17;5;3
1290.0;16;7;2
1296.0;16;7;2
1302.0;18;4;3
1308.0;17;6;2
1314.0;17;6;2
1320.0;15;6;4
1326.0;15;7;3
1332.0;15;6;4
1338.0;17;5;3
1344.0;20;3;2
1350.0;20;3;2
1356.0;20;3;2
1362.0;21;3;1
1368.0;22;3;0
1374.0;20;4;1
1380.0;19;5;1
1386.0;14;6;5
1392.0;14;8;3
1398.0;12;9;4
1404.0;13;8;4
1410.0;13;6;6
1416.0;14;6;5
1422.0;14;7;4
1428.0;14;6;5
1434.0;14;6;5
1440.0;13;8;4
1446.0;17;7;1
1452.0;17;7;1
1458.0;17;7;1
1464.0;18;6;1
1470.0;18;6;1
1476.0;19;4;2
1482.0;18;5;2
1488.0;18;4;3
1494.0;21;2;2
