#auto generated file!
180.0;34;12;4
186.0;35;10;5
192.0;29;13;8
198.0;32;9;9
204.0;29;9;12
210.0;29;9;12
216.0;31;9;10
222.0;30;11;9
228.0;29;13;8
234.0;30;16;4
240.0;29;16;5
246.0;23;15;12
252.0;23;19;8
258.0;24;18;8
264.0;21;20;9
270.0;25;15;10
276.0;25;17;8
282.0;24;19;7
288.0;23;18;9
294.0;22;19;9
300.0;22;20;8
306.0;29;13;8
312.0;33;10;7
318.0;30;10;10
324.0;29;12;9
330.0;29;12;9
336.0;30;11;9
342.0;30;13;7
348.0;27;14;9
354.0;30;13;7
360.0;34;12;4
366.0;34;13;3
372.0;34;12;4
378.0;33;12;5
384.0;33;11;6
390.0;33;12;5
396.0;35;9;6
402.0;34;10;6
408.0;33;9;8
414.0;35;11;4
420.0;36;10;4
426.0;36;9;5
432.0;32;11;7
438.0;29;11;10
444.0;25;16;9
450.0;26;15;9
456.0;25;16;9
462.0;28;10;12
468.0;27;14;9
474.0;27;15;8
480.0;25;15;10
486.0;28;17;5
492.0;28;16;6
498.0;30;10;10
504.0;28;13;9
510.0;28;13;9
516.0;30;13;7
522.0;29;13;8
528.0;31;12;7
534.0;31;12;7
540.0;30;12;8
546.0;31;10;9
552.0;30;12;8
558.0;29;14;7
564.0;28;16;6
570.0;29;14;7
576.0;31;10;9
582.0;31;10;9
588.0;30;13;7
594.0;29;14;7
600.0;33;13;4
606.0;30;15;5
612.0;31;13;6
618.0;30;12;8
624.0;29;17;4
630.0;29;16;5
636.0;27;19;4
642.0;28;17;5
648.0;26;20;4
654.0;27;17;6
660.0;26;19;5
666.0;25;18;7
672.0;29;15;6
678.0;28;15;7
684.0;29;15;6
690.0;28;15;7
696.0;28;16;6
702.0;27;17;6
708.0;28;16;6
714.0;28;16;6
720.0;28;13;9
726.0;30;15;5
732.0;30;14;6
738.0;28;14;8
744.0;28;14;8
750.0;27;15;8
756.0;26;14;10
762.0;26;13;11
768.0;27;9;14
774.0;27;15;8
780.0;28;14;8
786.0;26;16;8
792.0;25;18;7
798.0;27;16;7
804.0;29;17;4
810.0;30;16;4
816.0;29;17;4
822.0;31;14;5
828.0;29;15;6
834.0;29;13;8
840.0;30;13;7
846.0;29;14;7
852.0;29;15;6
858.0;30;15;5
864.0;28;14;8
870.0;30;13;7
876.0;30;15;5
882.0;28;20;2
888.0;29;18;3
894.0;28;17;5
900.0;27;17;6
906.0;24;17;9
912.0;22;19;9
918.0;25;15;10
924.0;22;13;15
930.0;27;12;11
936.0;27;14;9
942.0;30;12;8
948.0;30;12;8
954.0;28;14;8
960.0;30;13;7
966.0;29;15;6
972.0;28;14;8
978.0;31;13;6
984.0;31;11;8
990.0;29;13;8
996.0;25;14;11
1002.0;27;14;9
1008.0;27;12;11
1014.0;27;11;12
1020.0;27;13;10
1026.0;27;15;8
1032.0;28;15;7
1038.0;31;14;5
1044.0;30;14;6
1050.0;32;12;6
1056.0;31;12;7
1062.0;31;12;7
1068.0;30;13;7
1074.0;31;13;6
1080.0;31;11;8
1086.0;31;11;8
1092.0;32;11;7
1098.0;31;11;8
1104.0;33;10;7
1110.0;33;10;7
1116.0;33;9;8
1122.0;34;9;7
1128.0;31;11;8
1134.0;32;11;7
1140.0;32;10;8
1146.0;34;11;5
1152.0;34;9;7
1158.0;32;10;8
1164.0;34;9;7
1170.0;32;11;7
1176.0;29;14;7
1182.0;28;12;10
1188.0;32;11;7
1194.0;30;13;7
1200.0;27;16;7
1206.0;26;17;7
1212.0;22;19;9
1218.0;21;16;13
1224.0;24;18;8
1230.0;26;18;6
1236.0;25;17;8
1242.0;24;16;10
1248.0;31;12;7
1254.0;30;10;10
1260.0;28;11;11
1266.0;31;12;7
1272.0;30;15;5
1278.0;27;15;8
1284.0;29;16;5
1290.0;29;16;5
1296.0;30;14;6
1302.0;30;16;4
1308.0;32;15;3
1314.0;32;15;3
1320.0;33;13;4
1326.0;34;10;6
1332.0;32;12;6
1338.0;33;9;8
1344.0;33;10;7
1350.0;32;11;7
1356.0;32;11;7
1362.0;31;11;8
1368.0;31;13;6
1374.0;30;12;8
1380.0;33;13;4
1386.0;30;13;7
1392.0;25;18;7
1398.0;27;19;4
1404.0;30;15;5
1410.0;30;16;4
1416.0;28;18;4
1422.0;27;20;3
1428.0;27;20;3
1434.0;28;19;3
1440.0;27;18;5
1446.0;30;16;4
1452.0;31;16;3
1458.0;30;14;6
1464.0;32;12;6
1470.0;30;15;5
1476.0;30;14;6
1482.0;31;14;5
1488.0;28;14;8
1494.0;29;14;7
