#auto generated file!
180.0;114;37;24
186.0;113;41;21
192.0;102;45;28
198.0;99;47;29
204.0;97;50;28
210.0;97;49;29
216.0;100;51;24
222.0;100;48;27
228.0;101;49;25
234.0;97;50;28
240.0;98;51;26
246.0;95;53;27
252.0;96;49;30
258.0;105;44;26
264.0;113;45;17
270.0;115;41;19
276.0;105;45;25
282.0;103;45;27
288.0;106;47;22
294.0;102;50;23
300.0;103;44;28
306.0;103;46;26
312.0;103;43;29
318.0;106;42;27
324.0;109;37;29
330.0;107;41;27
336.0;101;45;29
342.0;104;42;29
348.0;106;44;25
354.0;107;43;25
360.0;106;43;26
366.0;105;43;27
372.0;109;39;27
378.0;108;44;23
384.0;103;46;26
390.0;104;43;28
396.0;102;39;34
402.0;106;41;28
408.0;107;40;28
414.0;103;47;25
420.0;101;49;25
426.0;104;47;24
432.0;104;48;23
438.0;106;49;20
444.0;107;50;18
450.0;110;50;15
456.0;108;53;14
462.0;106;51;18
468.0;109;48;18
474.0;105;50;20
480.0;108;47;20
486.0;109;45;21
492.0;105;47;23
498.0;109;46;20
504.0;103;51;21
510.0;108;43;24
516.0;107;45;23
522.0;106;51;18
528.0;100;55;20
534.0;92;59;24
540.0;95;55;25
546.0;99;51;25
552.0;94;50;31
558.0;96;52;27
564.0;99;49;27
570.0;104;45;26
576.0;101;50;24
582.0;103;50;22
588.0;103;50;22
594.0;101;52;22
600.0;103;50;22
606.0;97;46;32
612.0;99;48;28
618.0;98;50;27
624.0;96;51;28
630.0;97;48;30
636.0;98;51;26
642.0;94;52;29
648.0;97;53;25
654.0;99;54;22
660.0;93;52;30
666.0;90;53;32
672.0;84;55;36
678.0;87;53;35
684.0;89;55;31
690.0;90;57;28
696.0;95;55;25
702.0;91;53;31
708.0;96;52;27
714.0;91;56;28
720.0;92;56;27
726.0;81;62;32
732.0;80;64;31
738.0;82;65;28
744.0;86;63;26
750.0;89;60;26
756.0;93;63;19
762.0;93;65;17
768.0;92;61;22
774.0;92;55;28
780.0;89;56;30
786.0;93;51;31
792.0;94;53;28
798.0;101;52;22
804.0;101;49;25
810.0;101;51;23
816.0;107;50;18
822.0;110;44;21
828.0;111;47;17
834.0;109;45;21
840.0;111;42;22
846.0;106;46;23
852.0;107;47;21
858.0;112;47;16
864.0;111;46;18
870.0;113;42;20
876.0;109;40;26
882.0;106;42;27
888.0;105;44;26
894.0;104;48;23
900.0;98;54;23
906.0;99;52;24
912.0;100;49;26
918.0;105;42;28
924.0;106;43;26
930.0;105;41;29
936.0;107;42;26
942.0;106;48;21
948.0;100;48;27
954.0;96;51;28
960.0;95;51;29
966.0;96;50;29
972.0;100;51;24
978.0;95;54;26
984.0;93;52;30
990.0;96;49;30
996.0;104;52;19
1002.0;106;50;19
1008.0;105;49;21
1014.0;104;46;25
1020.0;104;43;28
1026.0;107;41;27
1032.0;106;44;25
1038.0;104;44;27
1044.0;104;46;25
1050.0;101;52;22
1056.0;98;51;26
1062.0;92;54;29
1068.0;93;54;28
1074.0;92;56;27
1080.0;92;56;27
1086.0;93;54;28
1092.0;94;56;25
1098.0;96;54;25
1104.0;103;50;22
1110.0;105;48;22
1116.0;103;49;23
1122.0;110;39;26
1128.0;109;35;31
1134.0;106;40;29
1140.0;106;46;23
1146.0;106;47;22
1152.0;104;50;21
1158.0;99;48;28
1164.0;96;47;32
1170.0;94;51;30
1176.0;93;55;27
1182.0;98;50;27
1188.0;103;45;27
1194.0;109;46;20
1200.0;107;46;22
1206.0;107;48;20
1212.0;101;51;23
1218.0;98;54;23
1224.0;104;50;21
1230.0;103;50;22
1236.0;105;49;21
1242.0;108;48;19
1248.0;101;49;25
1254.0;97;51;27
1260.0;94;51;30
1266.0;94;47;34
1272.0;100;48;27
1278.0;103;46;26
1284.0;107;42;26
1290.0;106;40;29
1296.0;106;39;30
1302.0;105;39;31
1308.0;101;39;35
1314.0;101;44;30
1320.0;100;47;28
1326.0;105;45;25
1332.0;109;43;23
1338.0;105;48;22
1344.0;108;46;21
1350.0;107;45;23
1356.0;105;41;29
1362.0;104;46;25
1368.0;104;50;21
1374.0;102;44;29
1380.0;99;50;26
1386.0;100;52;23
1392.0;93;58;24
1398.0;94;57;24
1404.0;100;57;18
1410.0;101;55;19
1416.0;97;51;27
1422.0;98;52;25
1428.0;93;53;29
1434.0;95;51;29
1440.0;86;58;31
1446.0;88;57;30
1452.0;87;58;30
1458.0;89;52;34
1464.0;89;52;34
1470.0;88;54;33
1476.0;84;57;34
1482.0;85;59;31
1488.0;91;57;27
1494.0;95;51;29
