#auto generated file!
180.0;92;38;20
186.0;94;40;16
192.0;92;40;18
198.0;91;42;17
204.0;90;43;17
210.0;88;50;12
216.0;83;50;17
222.0;85;43;22
228.0;88;39;23
234.0;90;40;20
240.0;91;40;19
246.0;90;37;23
252.0;88;37;25
258.0;92;33;25
264.0;88;37;25
270.0;87;41;22
276.0;93;40;17
282.0;89;43;18
288.0;84;43;23
294.0;88;43;19
300.0;91;41;18
306.0;90;39;21
312.0;89;46;15
318.0;83;47;20
324.0;84;43;23
330.0;82;46;22
336.0;83;45;22
342.0;86;44;20
348.0;84;45;21
354.0;81;43;26
360.0;80;42;28
366.0;80;43;27
372.0;75;46;29
378.0;76;43;31
384.0;80;46;24
390.0;77;48;25
396.0;79;43;28
402.0;85;39;26
408.0;89;41;20
414.0;87;40;23
420.0;87;41;22
426.0;91;41;18
432.0;88;38;24
438.0;84;40;26
444.0;86;38;26
450.0;83;46;21
456.0;84;43;23
462.0;83;43;24
468.0;80;44;26
474.0;85;42;23
480.0;87;42;21
486.0;86;41;23
492.0;87;40;23
498.0;86;38;26
504.0;88;40;22
510.0;90;39;21
516.0;94;39;17
522.0;95;34;21
528.0;95;35;20
534.0;99;35;16
540.0;99;34;17
546.0;98;35;17
552.0;98;38;14
558.0;92;42;16
564.0;88;43;19
570.0;89;41;20
576.0;91;37;22
582.0;85;38;27
588.0;78;43;29
594.0;75;47;28
600.0;77;52;21
606.0;72;58;20
612.0;76;55;19
618.0;78;53;19
624.0;77;53;20
630.0;76;49;25
636.0;81;46;23
642.0;90;45;15
648.0;95;43;12
654.0;95;41;14
660.0;99;39;12
666.0;94;41;15
672.0;100;37;13
678.0;103;32;15
684.0;96;35;19
690.0;99;34;17
696.0;102;32;16
702.0;99;28;23
708.0;95;33;22
714.0;91;34;25
720.0;91;35;24
726.0;93;34;23
732.0;91;40;19
738.0;94;41;15
744.0;91;43;16
750.0;91;45;14
756.0;92;43;15
762.0;85;44;21
768.0;83;44;23
774.0;79;43;28
780.0;78;46;26
786.0;81;46;23
792.0;83;43;24
798.0;83;38;29
804.0;86;39;25
810.0;86;45;19
816.0;82;47;21
822.0;81;45;24
828.0;75;47;28
834.0;77;49;24
840.0;81;47;22
846.0;76;54;20
852.0;75;52;23
858.0;78;54;18
864.0;78;52;20
870.0;77;55;18
876.0;76;52;22
882.0;82;49;19
888.0;83;52;15
894.0;85;50;15
900.0;84;47;19
906.0;84;44;22
912.0;84;45;21
918.0;79;43;28
924.0;75;45;30
930.0;78;39;33
936.0;79;39;32
942.0;82;38;30
948.0;75;45;30
954.0;83;42;25
960.0;82;42;26
966.0;82;45;23
972.0;86;39;25
978.0;82;44;24
984.0;83;44;23
990.0;81;49;20
996.0;76;51;23
1002.0;80;51;19
1008.0;77;53;20
1014.0;74;58;18
1020.0;83;47;20
1026.0;83;48;19
1032.0;83;49;18
1038.0;84;49;17
1044.0;79;50;21
1050.0;81;47;22
1056.0;82;41;27
1062.0;81;44;25
1068.0;82;43;25
1074.0;81;45;24
1080.0;74;47;29
1086.0;74;51;25
1092.0;71;52;27
1098.0;74;49;27
1104.0;78;46;26
1110.0;79;43;28
1116.0;81;45;24
1122.0;84;43;23
1128.0;86;40;24
1134.0;83;37;30
1140.0;90;35;25
1146.0;89;40;21
1152.0;90;37;23
1158.0;88;39;23
1164.0;88;40;22
1170.0;86;41;23
1176.0;85;44;21
1182.0;86;44;20
1188.0;88;44;18
1194.0;85;47;18
1200.0;80;50;20
1206.0;79;50;21
1212.0;85;45;20
1218.0;88;40;22
1224.0;83;42;25
1230.0;84;38;28
1236.0;83;43;24
1242.0;81;41;28
1248.0;84;45;21
1254.0;83;44;23
1260.0;83;39;28
1266.0;81;43;26
1272.0;88;46;16
1278.0;90;49;11
1284.0;89;51;10
1290.0;92;46;12
1296.0;89;46;15
1302.0;91;47;12
1308.0;84;48;18
1314.0;85;51;14
1320.0;91;45;14
1326.0;89;46;15
1332.0;91;45;14
1338.0;90;41;19
1344.0;89;41;20
1350.0;90;41;19
1356.0;93;40;17
1362.0;93;41;16
1368.0;87;44;19
1374.0;88;38;24
1380.0;84;41;25
1386.0;87;43;20
1392.0;79;49;22
1398.0;84;47;19
1404.0;84;47;19
1410.0;85;47;18
1416.0;91;40;19
1422.0;94;36;20
1428.0;91;39;20
1434.0;86;43;21
1440.0;93;42;15
1446.0;88;42;20
1452.0;86;41;23
1458.0;84;42;24
1464.0;86;40;24
1470.0;82;38;30
1476.0;85;41;24
1482.0;86;41;23
1488.0;82;41;27
1494.0;90;38;22
