#auto generated file!
6.0;0.0;0.0
12.0;0.0;0.0
18.0;2.2916666666666665;0.0
24.0;0.8333333333333334;0.0
30.0;0.8333333333333334;0.0
36.0;3.75;0.0
42.0;2.5;0.0
48.0;3.3333333333333335;0.0
54.0;0.8333333333333334;0.0
60.0;1.6666666666666667;0.0
66.0;2.5;0.0
72.0;6.25;0.0
78.0;2.5;0.0
84.0;4.583333333333333;0.0
90.0;2.5;0.5
96.0;3.3333333333333335;0.5
102.0;3.3333333333333335;0.5
108.0;3.3333333333333335;0.5
114.0;3.3333333333333335;0.0
120.0;6.666666666666667;0.0
126.0;0.8333333333333334;0.0
132.0;1.6666666666666667;0.0
138.0;2.5;0.0
144.0;4.583333333333333;0.0
150.0;5.0;0.0
156.0;2.5;0.0
162.0;2.5;0.0
168.0;2.5;0.125
174.0;1.6666666666666667;0.0
180.0;3.3333333333333335;0.0
186.0;0.8333333333333334;0.0
192.0;5.416666666666667;0.0
198.0;6.041666666666667;0.0
204.0;2.7083333333333335;0.5
210.0;5.833333333333333;0.5
216.0;1.6666666666666667;0.75
222.0;3.3333333333333335;0.0
228.0;5.833333333333333;0.0
234.0;5.833333333333333;0.0
240.0;2.5;0.5
246.0;3.3333333333333335;0.0
252.0;5.0;0.0
258.0;2.9166666666666665;0.0
264.0;5.0;0.0
270.0;6.25;0.0
276.0;3.3333333333333335;0.0
282.0;5.833333333333333;0.0
288.0;5.833333333333333;0.0
294.0;1.6666666666666667;0.0
300.0;2.5;0.0
306.0;6.25;0.5
312.0;4.166666666666667;0.0
318.0;3.3333333333333335;0.0
324.0;7.5;0.0
330.0;4.166666666666667;0.0
336.0;2.5;0.5
342.0;2.5;0.0
348.0;1.0416666666666667;0.0
354.0;2.5;0.0
360.0;1.6666666666666667;0.0
366.0;2.5;0.5
372.0;1.6666666666666667;0.0
378.0;7.291666666666667;0.0
384.0;5.0;0.0
390.0;5.0;0.0
396.0;2.0833333333333335;0.0
402.0;1.6666666666666667;0.5
408.0;5.0;0.0
414.0;1.6666666666666667;0.0
420.0;2.5;0.5
426.0;2.5;0.0
432.0;3.3333333333333335;0.0
438.0;4.166666666666667;0.25
444.0;5.0;0.0
450.0;5.416666666666667;0.5
456.0;2.5;0.0
462.0;6.25;0.0
468.0;2.5;0.0
474.0;5.0;0.0
480.0;2.5;0.0
486.0;7.5;0.5
492.0;4.583333333333333;0.0
498.0;3.3333333333333335;0.0
504.0;2.5;0.0
510.0;2.5;0.0
516.0;2.5;0.5
522.0;1.6666666666666667;0.0
528.0;1.6666666666666667;0.0
534.0;3.3333333333333335;0.5
540.0;6.666666666666667;0.0
546.0;3.75;0.0
552.0;4.166666666666667;0.0
558.0;6.666666666666667;0.25
564.0;6.666666666666667;0.5
570.0;2.0833333333333335;0.0
576.0;4.166666666666667;0.0
582.0;3.3333333333333335;0.5
588.0;2.5;0.0
594.0;6.666666666666667;0.5
600.0;3.3333333333333335;0.0
606.0;6.666666666666667;0.0
612.0;2.5;0.0
618.0;2.9166666666666665;0.0
624.0;1.6666666666666667;0.5
630.0;1.25;0.0
636.0;0.0;1.0
642.0;5.0;0.5
648.0;5.0;0.0
654.0;1.6666666666666667;0.5
660.0;5.833333333333333;0.0
666.0;5.0;0.0
672.0;4.166666666666667;0.0
678.0;3.3333333333333335;0.0
684.0;3.3333333333333335;0.5
690.0;4.166666666666667;0.0
696.0;3.3333333333333335;0.0
702.0;0.8333333333333334;0.0
708.0;0.8333333333333334;0.5
714.0;1.6666666666666667;0.5
720.0;1.6666666666666667;0.0
726.0;6.666666666666667;0.0
732.0;3.3333333333333335;0.0
738.0;3.75;0.0
744.0;7.291666666666667;0.0
750.0;2.0833333333333335;0.25
756.0;5.416666666666667;0.5
762.0;5.833333333333333;0.0
768.0;3.3333333333333335;0.0
774.0;1.6666666666666667;0.0
780.0;4.166666666666667;0.0
786.0;4.166666666666667;0.0
792.0;2.5;0.5
798.0;3.75;0.0
804.0;1.6666666666666667;0.0
810.0;3.75;0.5
816.0;4.166666666666667;0.0
822.0;7.5;0.0
828.0;5.0;0.0
834.0;2.5;0.0
840.0;6.25;0.0
846.0;1.6666666666666667;0.0
852.0;3.3333333333333335;0.0
858.0;6.666666666666667;0.0
864.0;3.5416666666666665;0.0
870.0;1.6666666666666667;0.0
876.0;3.3333333333333335;0.0
882.0;0.8333333333333334;0.0
888.0;2.5;0.5
894.0;5.0;0.0
900.0;4.166666666666667;0.0
906.0;5.0;0.0
912.0;5.0;0.0
918.0;4.166666666666667;0.0
924.0;2.9166666666666665;0.0
930.0;5.0;0.0
936.0;1.25;0.0
942.0;0.8333333333333334;0.5
948.0;5.0;0.0
954.0;2.5;0.5
960.0;2.5;0.0
966.0;4.166666666666667;0.0
972.0;4.166666666666667;0.0
978.0;3.75;0.0
984.0;1.6666666666666667;0.0
990.0;6.25;0.0
996.0;1.6666666666666667;0.5
1002.0;1.6666666666666667;0.0
1008.0;2.5;0.0
1014.0;1.6666666666666667;0.0
1020.0;1.6666666666666667;0.0
1026.0;3.3333333333333335;0.0
1032.0;3.3333333333333335;0.0
1038.0;5.0;0.5
1044.0;5.0;0.0
1050.0;2.9166666666666665;0.5
1056.0;3.3333333333333335;0.25
1062.0;1.6666666666666667;0.0
1068.0;5.0;0.0
1074.0;2.7083333333333335;0.0
1080.0;4.166666666666667;0.0
1086.0;2.5;0.0
1092.0;4.583333333333333;0.0
1098.0;2.9166666666666665;0.0
1104.0;3.3333333333333335;0.5
1110.0;4.166666666666667;0.0
1116.0;5.416666666666667;0.0
1122.0;6.666666666666667;0.0
1128.0;3.5416666666666665;0.0
1134.0;2.5;0.0
1140.0;6.666666666666667;0.5
1146.0;6.666666666666667;0.0
1152.0;2.5;0.0
1158.0;4.166666666666667;0.5
1164.0;3.75;0.0
1170.0;4.583333333333333;0.0
1176.0;2.5;0.0
1182.0;4.166666666666667;0.0
1188.0;4.166666666666667;0.5
1194.0;5.833333333333333;0.0
1200.0;0.0;0.5
1206.0;3.3333333333333335;0.0
1212.0;2.9166666666666665;0.5
1218.0;2.9166666666666665;0.0
1224.0;1.6666666666666667;0.0
1230.0;2.5;0.0
1236.0;0.8333333333333334;0.0
1242.0;1.6666666666666667;0.0
1248.0;1.6666666666666667;0.0
1254.0;3.3333333333333335;0.125
1260.0;0.8333333333333334;0.0
1266.0;3.3333333333333335;0.0
1272.0;2.5;0.0
1278.0;4.166666666666667;0.25
1284.0;6.666666666666667;0.125
1290.0;5.833333333333333;0.0
1296.0;2.0833333333333335;0.0
1302.0;3.3333333333333335;0.0
1308.0;3.3333333333333335;1.0
1314.0;8.333333333333334;0.0
1320.0;1.6666666666666667;0.0
1326.0;3.3333333333333335;0.0
1332.0;1.6666666666666667;0.0
1338.0;8.75;0.0
1344.0;2.0833333333333335;0.0
1350.0;5.833333333333333;0.0
1356.0;3.3333333333333335;0.0
1362.0;5.833333333333333;0.5
1368.0;4.166666666666667;0.0
1374.0;0.8333333333333334;0.0
1380.0;4.166666666666667;0.5
1386.0;3.3333333333333335;0.0
1392.0;3.3333333333333335;0.0
1398.0;1.6666666666666667;0.0
1404.0;2.5;0.0
1410.0;1.6666666666666667;0.0
1416.0;4.583333333333333;0.0
1422.0;7.5;0.0
1428.0;0.8333333333333334;0.0
1434.0;3.5416666666666665;0.0
1440.0;4.166666666666667;0.5
1446.0;0.0;0.0
1452.0;2.5;0.0
1458.0;4.583333333333333;0.0
1464.0;2.9166666666666665;0.0
1470.0;3.75;0.0
1476.0;4.166666666666667;0.0
1482.0;5.0;0.0
1488.0;5.833333333333333;0.0
1494.0;5.0;0.0
