#auto generated file!
6.0;0.0;0.0
12.0;0.4166666666666667;0.0
18.0;0.8333333333333334;0.0
24.0;0.0;0.0
30.0;1.25;0.0
36.0;7.083333333333333;0.0
42.0;3.3333333333333335;0.0
48.0;5.0;0.0
54.0;5.833333333333333;0.0
60.0;3.3333333333333335;0.0
66.0;5.833333333333333;0.75
72.0;5.416666666666667;0.0
78.0;7.5;0.0
84.0;10.416666666666666;0.75
90.0;5.833333333333333;0.0
96.0;3.75;0.0
102.0;4.166666666666667;0.0
108.0;7.916666666666667;0.0
114.0;3.3333333333333335;0.125
120.0;1.6666666666666667;0.0
126.0;5.833333333333333;0.0
132.0;8.333333333333334;0.0
138.0;6.25;0.0
144.0;8.75;0.0
150.0;7.916666666666667;0.0
156.0;5.0;0.0
162.0;4.166666666666667;0.0
168.0;7.916666666666667;0.0
174.0;5.833333333333333;0.0
180.0;5.833333333333333;0.0
186.0;9.166666666666666;0.0
192.0;5.416666666666667;0.0
198.0;5.833333333333333;1.0
204.0;3.75;0.0
210.0;8.333333333333334;0.0
216.0;7.083333333333333;0.0
222.0;5.833333333333333;0.0
228.0;5.0;0.0
234.0;4.375;0.5
240.0;8.333333333333334;0.0
246.0;2.5;0.0
252.0;2.5;0.5
258.0;6.666666666666667;0.125
264.0;6.666666666666667;0.0
270.0;6.25;0.0
276.0;9.166666666666666;0.0
282.0;10.0;0.0
288.0;7.5;0.0
294.0;9.583333333333334;0.0
300.0;5.0;0.0
306.0;8.75;0.0
312.0;2.5;0.0
318.0;4.583333333333333;0.25
324.0;8.75;0.0
330.0;5.833333333333333;0.0
336.0;4.583333333333333;0.0
342.0;6.25;0.0
348.0;9.166666666666666;0.0
354.0;3.3333333333333335;0.5
360.0;8.333333333333334;0.0
366.0;7.5;0.0
372.0;7.083333333333333;0.5
378.0;9.166666666666666;0.5
384.0;6.666666666666667;0.0
390.0;7.5;0.5
396.0;2.5;0.0
402.0;3.3333333333333335;0.0
408.0;9.583333333333334;0.0
414.0;7.083333333333333;0.0
420.0;9.166666666666666;0.0
426.0;2.5;0.5
432.0;10.0;0.0
438.0;19.166666666666668;0.5
444.0;6.25;0.0
450.0;15.0;0.0
456.0;6.666666666666667;0.0
462.0;10.0;0.0
468.0;2.9166666666666665;0.0
474.0;2.5;0.0
480.0;5.0;0.0
486.0;4.166666666666667;0.0
492.0;6.666666666666667;0.0
498.0;7.5;0.0
504.0;2.5;0.0
510.0;6.25;0.0
516.0;5.833333333333333;0.0
522.0;6.666666666666667;0.5
528.0;8.75;0.0
534.0;10.833333333333334;0.75
540.0;7.083333333333333;0.0
546.0;5.0;0.0
552.0;4.166666666666667;0.5
558.0;6.25;0.0
564.0;5.416666666666667;0.0
570.0;6.25;0.0
576.0;7.083333333333333;0.0
582.0;8.333333333333334;0.5
588.0;2.5;0.0
594.0;6.041666666666667;0.0
600.0;5.0;0.0
606.0;10.0;0.0
612.0;6.25;0.0
618.0;6.666666666666667;0.0
624.0;3.75;0.0
630.0;6.666666666666667;0.5
636.0;5.416666666666667;0.0
642.0;6.666666666666667;0.0
648.0;6.041666666666667;0.0
654.0;8.75;0.0
660.0;7.083333333333333;0.0
666.0;6.666666666666667;0.0
672.0;7.083333333333333;0.0
678.0;6.666666666666667;0.0
684.0;6.25;0.0
690.0;9.583333333333334;0.0
696.0;4.166666666666667;0.0
702.0;7.916666666666667;0.0
708.0;4.166666666666667;0.0
714.0;7.916666666666667;0.0
720.0;6.666666666666667;0.0
726.0;4.166666666666667;0.0
732.0;2.5;0.0
738.0;5.833333333333333;0.0
744.0;5.416666666666667;0.0
750.0;9.166666666666666;0.0
756.0;8.333333333333334;0.0
762.0;9.166666666666666;0.5
768.0;4.166666666666667;0.0
774.0;7.5;0.5
780.0;5.0;0.0
786.0;10.0;0.0
792.0;7.916666666666667;0.0
798.0;11.25;0.5
804.0;8.75;0.0
810.0;2.9166666666666665;0.0
816.0;10.416666666666666;0.25
822.0;9.166666666666666;0.0
828.0;14.166666666666666;0.0
834.0;5.0;0.0
840.0;5.0;0.0
846.0;8.333333333333334;0.0
852.0;8.333333333333334;0.0
858.0;7.708333333333333;0.25
864.0;12.083333333333334;0.25
870.0;7.083333333333333;0.0
876.0;7.083333333333333;0.5
882.0;2.5;0.0
888.0;5.833333333333333;0.0
894.0;9.166666666666666;0.5
900.0;5.0;0.0
906.0;8.333333333333334;0.0
912.0;7.083333333333333;0.0
918.0;10.0;0.0
924.0;7.5;0.0
930.0;8.75;0.0
936.0;5.416666666666667;0.0
942.0;1.6666666666666667;0.0
948.0;4.166666666666667;0.0
954.0;5.0;0.0
960.0;4.166666666666667;0.0
966.0;10.0;0.0
972.0;10.0;0.5
978.0;12.5;0.0
984.0;8.333333333333334;0.0
990.0;7.083333333333333;0.0
996.0;5.833333333333333;0.5
1002.0;4.166666666666667;0.0
1008.0;5.833333333333333;0.0
1014.0;6.25;0.0
1020.0;5.833333333333333;0.0
1026.0;6.666666666666667;0.0
1032.0;7.5;0.0
1038.0;2.9166666666666665;0.75
1044.0;15.0;0.0
1050.0;9.166666666666666;0.0
1056.0;9.166666666666666;0.0
1062.0;4.166666666666667;0.0
1068.0;2.5;0.0
1074.0;4.166666666666667;0.0
1080.0;7.5;0.0
1086.0;6.666666666666667;0.0
1092.0;4.166666666666667;0.0
1098.0;5.0;0.0
1104.0;3.3333333333333335;0.0
1110.0;3.3333333333333335;0.0
1116.0;5.416666666666667;0.0
1122.0;10.0;0.0
1128.0;8.333333333333334;0.0
1134.0;6.25;0.0
1140.0;14.166666666666666;0.0
1146.0;2.5;0.0
1152.0;4.166666666666667;0.0
1158.0;5.416666666666667;0.0
1164.0;7.5;0.5
1170.0;10.416666666666666;0.25
1176.0;8.333333333333334;0.0
1182.0;8.333333333333334;0.5
1188.0;7.916666666666667;0.0
1194.0;2.5;0.0
1200.0;4.166666666666667;0.0
1206.0;10.0;0.5
1212.0;4.583333333333333;0.125
1218.0;5.416666666666667;0.0
1224.0;5.0;0.0
1230.0;5.0;0.0
1236.0;5.416666666666667;0.0
1242.0;6.666666666666667;0.0
1248.0;9.166666666666666;0.0
1254.0;1.6666666666666667;0.5
1260.0;7.5;0.75
1266.0;6.25;0.0
1272.0;9.583333333333334;0.0
1278.0;8.333333333333334;0.0
1284.0;9.583333333333334;0.0
1290.0;4.583333333333333;0.0
1296.0;9.583333333333334;0.0
1302.0;8.333333333333334;0.0
1308.0;7.5;1.0
1314.0;7.083333333333333;0.0
1320.0;5.0;0.0
1326.0;4.166666666666667;0.0
1332.0;3.75;0.5
1338.0;6.25;0.0
1344.0;8.333333333333334;0.0
1350.0;10.416666666666666;0.0
1356.0;3.3333333333333335;0.0
1362.0;10.833333333333334;0.0
1368.0;7.291666666666667;0.5
1374.0;8.333333333333334;0.5
1380.0;5.416666666666667;0.0
1386.0;5.833333333333333;0.0
1392.0;4.583333333333333;0.0
1398.0;11.666666666666666;0.0
1404.0;9.583333333333334;0.0
1410.0;5.833333333333333;0.0
1416.0;3.3333333333333335;0.0
1422.0;10.0;0.0
1428.0;7.5;0.0
1434.0;9.166666666666666;0.0
1440.0;6.666666666666667;0.0
1446.0;6.666666666666667;0.5
1452.0;6.666666666666667;0.0
1458.0;10.208333333333334;0.0
1464.0;5.416666666666667;0.0
1470.0;5.416666666666667;0.0
1476.0;6.25;0.0
1482.0;5.833333333333333;0.0
1488.0;10.208333333333334;0.5
1494.0;5.208333333333333;0.0
