#auto generated file!
180.0;46;15;14
186.0;47;16;12
192.0;46;15;14
198.0;47;13;15
204.0;49;12;14
210.0;47;17;11
216.0;48;18;9
222.0;49;16;10
228.0;50;16;9
234.0;48;20;7
240.0;47;20;8
246.0;47;18;10
252.0;47;18;10
258.0;44;19;12
264.0;44;20;11
270.0;44;23;8
276.0;44;26;5
282.0;45;24;6
288.0;44;23;8
294.0;47;18;10
300.0;45;17;13
306.0;42;19;14
312.0;42;23;10
318.0;43;22;10
324.0;42;22;11
330.0;39;24;12
336.0;38;25;12
342.0;39;23;13
348.0;37;23;15
354.0;36;27;12
360.0;40;24;11
366.0;42;20;13
372.0;39;23;13
378.0;41;20;14
384.0;43;20;12
390.0;44;19;12
396.0;42;21;12
402.0;47;16;12
408.0;45;16;14
414.0;43;19;13
420.0;42;22;11
426.0;43;21;11
432.0;39;23;13
438.0;39;22;14
444.0;37;23;15
450.0;39;23;13
456.0;39;23;13
462.0;43;19;13
468.0;43;19;13
474.0;47;20;8
480.0;46;21;8
486.0;47;19;9
492.0;49;15;11
498.0;50;12;13
504.0;47;16;12
510.0;45;22;8
516.0;47;20;8
522.0;47;21;7
528.0;47;20;8
534.0;45;22;8
540.0;48;18;9
546.0;46;19;10
552.0;43;21;11
558.0;47;15;13
564.0;47;19;9
570.0;50;17;8
576.0;47;16;12
582.0;47;16;12
588.0;50;16;9
594.0;47;16;12
600.0;48;17;10
606.0;50;16;9
612.0;48;18;9
618.0;51;18;6
624.0;45;22;8
630.0;46;23;6
636.0;45;23;7
642.0;44;24;7
648.0;43;23;9
654.0;41;20;14
660.0;40;20;15
666.0;38;22;15
672.0;38;20;17
678.0;37;23;15
684.0;41;26;8
690.0;41;25;9
696.0;41;24;10
702.0;38;27;10
708.0;40;26;9
714.0;42;25;8
720.0;42;23;10
726.0;42;26;7
732.0;40;28;7
738.0;41;27;7
744.0;42;24;9
750.0;41;26;8
756.0;41;23;11
762.0;42;22;11
768.0;45;22;8
774.0;44;22;9
780.0;42;22;11
786.0;42;23;10
792.0;43;20;12
798.0;42;21;12
804.0;43;26;6
810.0;39;26;10
816.0;37;27;11
822.0;38;26;11
828.0;41;24;10
834.0;40;26;9
840.0;39;24;12
846.0;42;22;11
852.0;45;21;9
858.0;43;21;11
864.0;42;22;11
870.0;44;23;8
876.0;45;19;11
882.0;47;17;11
888.0;41;22;12
894.0;43;23;9
900.0;47;19;9
906.0;45;19;11
912.0;46;17;12
918.0;47;17;11
924.0;51;18;6
930.0;54;18;3
936.0;50;20;5
942.0;50;17;8
948.0;50;18;7
954.0;51;20;4
960.0;49;19;7
966.0;48;16;11
972.0;46;17;12
978.0;49;15;11
984.0;48;16;11
990.0;45;18;12
996.0;47;21;7
1002.0;46;23;6
1008.0;45;23;7
1014.0;42;24;9
1020.0;41;24;10
1026.0;40;25;10
1032.0;40;22;13
1038.0;40;20;15
1044.0;44;17;14
1050.0;51;13;11
1056.0;51;14;10
1062.0;51;13;11
1068.0;52;14;9
1074.0;47;18;10
1080.0;46;18;11
1086.0;46;22;7
1092.0;46;23;6
1098.0;49;21;5
1104.0;49;20;6
1110.0;49;18;8
1116.0;51;18;6
1122.0;49;19;7
1128.0;49;20;6
1134.0;44;19;12
1140.0;40;26;9
1146.0;40;25;10
1152.0;40;28;7
1158.0;40;27;8
1164.0;39;25;11
1170.0;38;23;14
1176.0;42;20;13
1182.0;42;21;12
1188.0;43;19;13
1194.0;44;16;15
1200.0;46;14;15
1206.0;44;19;12
1212.0;39;24;12
1218.0;38;21;16
1224.0;40;23;12
1230.0;40;20;15
1236.0;41;23;11
1242.0;39;25;11
1248.0;42;23;10
1254.0;48;19;8
1260.0;49;21;5
1266.0;46;21;8
1272.0;45;18;12
1278.0;43;21;11
1284.0;44;18;13
1290.0;44;18;13
1296.0;45;16;14
1302.0;45;16;14
1308.0;46;15;14
1314.0;46;15;14
1320.0;45;15;15
1326.0;45;19;11
1332.0;43;21;11
1338.0;42;25;8
1344.0;38;29;8
1350.0;41;26;8
1356.0;40;25;10
1362.0;45;23;7
1368.0;46;19;10
1374.0;48;17;10
1380.0;45;18;12
1386.0;43;22;10
1392.0;45;20;10
1398.0;44;17;14
1404.0;41;19;15
1410.0;41;20;14
1416.0;41;19;15
1422.0;42;16;17
1428.0;45;17;13
1434.0;43;20;12
1440.0;41;22;12
1446.0;42;23;10
1452.0;42;24;9
1458.0;41;24;10
1464.0;42;25;8
1470.0;44;24;7
1476.0;43;20;12
1482.0;46;22;7
1488.0;44;23;8
1494.0;45;21;9
