#auto generated file!
180.0;108;54;38
186.0;110;55;35
192.0;102;59;39
198.0;106;65;29
204.0;107;60;33
210.0;116;49;35
216.0;118;44;38
222.0;121;41;38
228.0;120;47;33
234.0;126;46;28
240.0;126;51;23
246.0;126;49;25
252.0;129;49;22
258.0;125;51;24
264.0;123;49;28
270.0;122;59;19
276.0;130;53;17
282.0;121;54;25
288.0;117;57;26
294.0;117;54;29
300.0;124;51;25
306.0;119;54;27
312.0;115;58;27
318.0;119;53;28
324.0;119;47;34
330.0;127;45;28
336.0;119;51;30
342.0;127;49;24
348.0;126;47;27
354.0;121;46;33
360.0;121;49;30
366.0;119;56;25
372.0;118;56;26
378.0;122;54;24
384.0;119;54;27
390.0;116;58;26
396.0;118;54;28
402.0;121;51;28
408.0;122;50;28
414.0;125;45;30
420.0;128;40;32
426.0;131;38;31
432.0;128;41;31
438.0;121;46;33
444.0;119;52;29
450.0;120;50;30
456.0;116;54;30
462.0;111;55;34
468.0;117;50;33
474.0;115;52;33
480.0;117;50;33
486.0;123;42;35
492.0;127;33;40
498.0;121;44;35
504.0;122;45;33
510.0;121;45;34
516.0;114;57;29
522.0;117;59;24
528.0;117;61;22
534.0;116;61;23
540.0;114;61;25
546.0;112;64;24
552.0;108;68;24
558.0;108;66;26
564.0;106;67;27
570.0;108;65;27
576.0;114;56;30
582.0;121;56;23
588.0;121;55;24
594.0;122;51;27
600.0;126;45;29
606.0;127;49;24
612.0;126;47;27
618.0;121;47;32
624.0;118;48;34
630.0;115;50;35
636.0;123;46;31
642.0;116;54;30
648.0;115;57;28
654.0;113;57;30
660.0;113;63;24
666.0;112;64;24
672.0;114;63;23
678.0;111;60;29
684.0;115;57;28
690.0;118;59;23
696.0;115;58;27
702.0;110;58;32
708.0;106;60;34
714.0;104;59;37
720.0;107;58;35
726.0;107;53;40
732.0;115;49;36
738.0;113;50;37
744.0;112;55;33
750.0;118;55;27
756.0;115;56;29
762.0;109;59;32
768.0;110;60;30
774.0;115;56;29
780.0;114;55;31
786.0;118;55;27
792.0;120;56;24
798.0;114;55;31
804.0;122;54;24
810.0;114;55;31
816.0;123;49;28
822.0;119;47;34
828.0;119;49;32
834.0;112;49;39
840.0;117;48;35
846.0;115;52;33
852.0;115;56;29
858.0;117;53;30
864.0;115;60;25
870.0;115;58;27
876.0;112;64;24
882.0;106;70;24
888.0;106;70;24
894.0;107;71;22
900.0;113;60;27
906.0;110;62;28
912.0;113;62;25
918.0;120;62;18
924.0;124;55;21
930.0;126;53;21
936.0;125;54;21
942.0;125;45;30
948.0;125;50;25
954.0;131;44;25
960.0;133;41;26
966.0;133;46;21
972.0;131;45;24
978.0;128;45;27
984.0;126;46;28
990.0;121;49;30
996.0;124;52;24
1002.0;125;53;22
1008.0;121;55;24
1014.0;112;58;30
1020.0;119;58;23
1026.0;117;54;29
1032.0;114;54;32
1038.0;113;61;26
1044.0;110;62;28
1050.0;116;52;32
1056.0;122;53;25
1062.0;122;55;23
1068.0;130;49;21
1074.0;126;47;27
1080.0;126;50;24
1086.0;133;44;23
1092.0;126;47;27
1098.0;120;50;30
1104.0;119;48;33
1110.0;117;48;35
1116.0;118;50;32
1122.0;115;47;38
1128.0;112;51;37
1134.0;108;55;37
1140.0;110;58;32
1146.0;110;59;31
1152.0;112;61;27
1158.0;117;62;21
1164.0;120;53;27
1170.0;118;51;31
1176.0;125;48;27
1182.0;125;47;28
1188.0;124;49;27
1194.0;126;48;26
1200.0;120;53;27
1206.0;122;56;22
1212.0;118;60;22
1218.0;121;53;26
1224.0;120;54;26
1230.0;119;55;26
1236.0;118;55;27
1242.0;115;58;27
1248.0;111;62;27
1254.0;115;60;25
1260.0;118;64;18
1266.0;123;59;18
1272.0;119;58;23
1278.0;114;59;27
1284.0;111;57;32
1290.0;106;63;31
1296.0;107;65;28
1302.0;106;65;29
1308.0;106;67;27
1314.0;107;67;26
1320.0;112;66;22
1326.0;108;68;24
1332.0;99;75;26
1338.0;104;69;27
1344.0;109;66;25
1350.0;108;69;23
1356.0;107;66;27
1362.0;111;61;28
1368.0;112;55;33
1374.0;116;55;29
1380.0;122;53;25
1386.0;118;56;26
1392.0;119;54;27
1398.0;117;59;24
1404.0;112;57;31
1410.0;114;56;30
1416.0;117;53;30
1422.0;113;57;30
1428.0;111;59;30
1434.0;108;57;35
1440.0;110;58;32
1446.0;111;64;25
1452.0;116;58;26
1458.0;118;55;27
1464.0;115;57;28
1470.0;121;57;22
1476.0;116;55;29
1482.0;119;56;25
1488.0;112;58;30
1494.0;114;59;27
