#auto generated file!
180.0;105;49;21
186.0;103;46;26
192.0;99;46;30
198.0;104;44;27
204.0;106;46;23
210.0;106;42;27
216.0;104;45;26
222.0;99;51;25
228.0;99;50;26
234.0;102;57;16
240.0;106;51;18
246.0;105;47;23
252.0;100;53;22
258.0;97;53;25
264.0;98;55;22
270.0;98;58;19
276.0;102;53;20
282.0;109;49;17
288.0;113;47;15
294.0;113;45;17
300.0;107;51;17
306.0;105;48;22
312.0;105;51;19
318.0;102;55;18
324.0;104;54;17
330.0;105;55;15
336.0;104;54;17
342.0;103;51;21
348.0;106;48;21
354.0;104;48;23
360.0;106;48;21
366.0;106;49;20
372.0;106;45;24
378.0;106;48;21
384.0;105;44;26
390.0;109;47;19
396.0;109;52;14
402.0;102;53;20
408.0;102;53;20
414.0;106;48;21
420.0;113;40;22
426.0;107;43;25
432.0;111;42;22
438.0;115;40;20
444.0;112;43;20
450.0;113;41;21
456.0;106;43;26
462.0;104;50;21
468.0;100;54;21
474.0;101;52;22
480.0;106;50;19
486.0;103;52;20
492.0;104;55;16
498.0;102;55;18
504.0;100;54;21
510.0;97;52;26
516.0;91;61;23
522.0;98;54;23
528.0;99;51;25
534.0;92;56;27
540.0;92;58;25
546.0;97;55;23
552.0;99;50;26
558.0;102;51;22
564.0;101;52;22
570.0;100;55;20
576.0;101;53;21
582.0;104;48;23
588.0;107;43;25
594.0;104;46;25
600.0;101;48;26
606.0;103;47;25
612.0;106;47;22
618.0;103;47;25
624.0;107;46;22
630.0;106;44;25
636.0;107;47;21
642.0;103;48;24
648.0;104;49;22
654.0;110;47;18
660.0;104;50;21
666.0;103;45;27
672.0;100;48;27
678.0;96;52;27
684.0;97;51;27
690.0;100;52;23
696.0;99;52;24
702.0;96;58;21
708.0;91;64;20
714.0;96;61;18
720.0;95;64;16
726.0;97;55;23
732.0;98;48;29
738.0;99;44;32
744.0;102;46;27
750.0;95;49;31
756.0;98;51;26
762.0;103;46;26
768.0;102;44;29
774.0;103;40;32
780.0;111;42;22
786.0;104;45;26
792.0;110;39;26
798.0;109;37;29
804.0;106;35;34
810.0;105;37;33
816.0;103;40;32
822.0;99;42;34
828.0;99;46;30
834.0;101;50;24
840.0;100;52;23
846.0;95;54;26
852.0;94;50;31
858.0;100;51;24
864.0;102;46;27
870.0;100;51;24
876.0;103;50;22
882.0;98;50;27
888.0;98;50;27
894.0;101;44;30
900.0;104;44;27
906.0;105;48;22
912.0;106;49;20
918.0;106;46;23
924.0;110;43;22
930.0;99;43;33
936.0;96;49;30
942.0;97;55;23
948.0;101;51;23
954.0;104;49;22
960.0;109;44;22
966.0;107;48;20
972.0;105;47;23
978.0;101;45;29
984.0;92;51;32
990.0;89;52;34
996.0;88;48;39
1002.0;89;50;36
1008.0;91;48;36
1014.0;96;48;31
1020.0;96;45;34
1026.0;93;48;34
1032.0;91;52;32
1038.0;93;52;30
1044.0;96;49;30
1050.0;102;49;24
1056.0;103;49;23
1062.0;101;48;26
1068.0;96;50;29
1074.0;94;50;31
1080.0;92;53;30
1086.0;87;55;33
1092.0;83;60;32
1098.0;88;56;31
1104.0;90;57;28
1110.0;98;57;20
1116.0;98;55;22
1122.0;95;58;22
1128.0;99;58;18
1134.0;104;54;17
1140.0;99;55;21
1146.0;99;52;24
1152.0;98;49;28
1158.0;98;47;30
1164.0;95;48;32
1170.0;89;49;37
1176.0;87;54;34
1182.0;91;53;31
1188.0;92;54;29
1194.0;101;51;23
1200.0;99;51;25
1206.0;98;53;24
1212.0;92;58;25
1218.0;89;59;27
1224.0;95;56;24
1230.0;99;55;21
1236.0;104;48;23
1242.0;100;47;28
1248.0;98;43;34
1254.0;100;48;27
1260.0;103;46;26
1266.0;100;44;31
1272.0;97;51;27
1278.0;98;48;29
1284.0;104;50;21
1290.0;104;49;22
1296.0;109;47;19
1302.0;105;46;24
1308.0;105;52;18
1314.0;101;56;18
1320.0;98;60;17
1326.0;98;61;16
1332.0;97;64;14
1338.0;93;59;23
1344.0;89;57;29
1350.0;91;54;30
1356.0;97;53;25
1362.0;100;50;25
1368.0;98;52;25
1374.0;106;47;22
1380.0;105;44;26
1386.0;105;45;25
1392.0;100;46;29
1398.0;104;44;27
1404.0;110;42;23
1410.0;110;40;25
1416.0;108;39;28
1422.0;108;41;26
1428.0;113;39;23
1434.0;115;40;20
1440.0;114;39;22
1446.0;112;41;22
1452.0;104;47;24
1458.0;101;44;30
1464.0;99;47;29
1470.0;100;48;27
1476.0;96;50;29
1482.0;95;55;25
1488.0;95;53;27
1494.0;91;56;28
