#auto generated file!
180.0;27;16;7
186.0;28;16;6
192.0;28;15;7
198.0;29;14;7
204.0;29;16;5
210.0;31;13;6
216.0;34;11;5
222.0;37;9;4
228.0;36;10;4
234.0;36;9;5
240.0;36;9;5
246.0;37;8;5
252.0;36;9;5
258.0;32;10;8
264.0;31;8;11
270.0;32;10;8
276.0;29;10;11
282.0;29;10;11
288.0;31;7;12
294.0;29;10;11
300.0;31;9;10
306.0;30;11;9
312.0;32;12;6
318.0;33;11;6
324.0;37;9;4
330.0;35;11;4
336.0;33;10;7
342.0;29;10;11
348.0;30;7;13
354.0;30;6;14
360.0;30;7;13
366.0;30;10;10
372.0;30;10;10
378.0;32;11;7
384.0;33;11;6
390.0;30;12;8
396.0;30;13;7
402.0;32;12;6
408.0;35;11;4
414.0;33;12;5
420.0;31;14;5
426.0;31;14;5
432.0;32;13;5
438.0;34;11;5
444.0;33;13;4
450.0;31;12;7
456.0;30;14;6
462.0;31;13;6
468.0;32;13;5
474.0;29;15;6
480.0;28;15;7
486.0;28;17;5
492.0;27;18;5
498.0;25;18;7
504.0;28;15;7
510.0;30;15;5
516.0;34;11;5
522.0;33;9;8
528.0;32;10;8
534.0;30;14;6
540.0;26;15;9
546.0;30;14;6
552.0;31;13;6
558.0;29;13;8
564.0;28;12;10
570.0;32;10;8
576.0;32;10;8
582.0;30;14;6
588.0;27;16;7
594.0;30;12;8
600.0;28;15;7
606.0;29;16;5
612.0;32;11;7
618.0;32;11;7
624.0;29;11;10
630.0;28;13;9
636.0;29;13;8
642.0;30;13;7
648.0;34;11;5
654.0;34;12;4
660.0;35;11;4
666.0;34;12;4
672.0;32;12;6
678.0;28;14;8
684.0;28;14;8
690.0;28;11;11
696.0;28;14;8
702.0;29;13;8
708.0;27;11;12
714.0;30;9;11
720.0;30;10;10
726.0;34;5;11
732.0;35;5;10
738.0;36;5;9
744.0;36;9;5
750.0;32;14;4
756.0;32;13;5
762.0;32;12;6
768.0;33;12;5
774.0;31;13;6
780.0;31;13;6
786.0;31;13;6
792.0;29;14;7
798.0;26;15;9
804.0;27;15;8
810.0;25;18;7
816.0;27;18;5
822.0;25;19;6
828.0;25;18;7
834.0;25;17;8
840.0;25;15;10
846.0;25;15;10
852.0;25;17;8
858.0;23;18;9
864.0;25;17;8
870.0;27;18;5
876.0;25;19;6
882.0;25;15;10
888.0;24;15;11
894.0;22;16;12
900.0;24;15;11
906.0;27;16;7
912.0;26;16;8
918.0;28;15;7
924.0;28;16;6
930.0;29;16;5
936.0;32;14;4
942.0;30;15;5
948.0;30;15;5
954.0;32;12;6
960.0;32;14;4
966.0;30;15;5
972.0;31;16;3
978.0;31;18;1
984.0;29;17;4
990.0;28;17;5
996.0;31;15;4
1002.0;32;15;3
1008.0;32;12;6
1014.0;31;12;7
1020.0;28;16;6
1026.0;24;17;9
1032.0;27;18;5
1038.0;24;22;4
1044.0;24;21;5
1050.0;25;17;8
1056.0;25;16;9
1062.0;27;14;9
1068.0;27;15;8
1074.0;29;13;8
1080.0;28;12;10
1086.0;28;11;11
1092.0;29;12;9
1098.0;32;10;8
1104.0;35;7;8
1110.0;35;9;6
1116.0;32;10;8
1122.0;33;11;6
1128.0;34;10;6
1134.0;33;10;7
1140.0;29;14;7
1146.0;27;17;6
1152.0;28;19;3
1158.0;29;17;4
1164.0;32;15;3
1170.0;33;15;2
1176.0;35;13;2
1182.0;34;14;2
1188.0;37;13;0
1194.0;37;13;0
1200.0;34;12;4
1206.0;35;13;2
1212.0;33;13;4
1218.0;32;12;6
1224.0;31;14;5
1230.0;31;13;6
1236.0;35;11;4
1242.0;40;7;3
1248.0;37;9;4
1254.0;36;8;6
1260.0;34;10;6
1266.0;33;13;4
1272.0;32;13;5
1278.0;32;13;5
1284.0;30;13;7
1290.0;31;14;5
1296.0;29;14;7
1302.0;28;14;8
1308.0;27;16;7
1314.0;30;15;5
1320.0;30;14;6
1326.0;31;13;6
1332.0;32;12;6
1338.0;32;10;8
1344.0;31;14;5
1350.0;32;14;4
1356.0;32;14;4
1362.0;31;12;7
1368.0;30;13;7
1374.0;32;11;7
1380.0;33;10;7
1386.0;34;10;6
1392.0;35;11;4
1398.0;35;11;4
1404.0;32;13;5
1410.0;33;12;5
1416.0;32;10;8
1422.0;28;15;7
1428.0;26;20;4
1434.0;26;18;6
1440.0;26;15;9
1446.0;26;15;9
1452.0;26;17;7
1458.0;26;19;5
1464.0;24;18;8
1470.0;24;16;10
1476.0;26;14;10
1482.0;29;13;8
1488.0;27;13;10
1494.0;27;13;10
