#auto generated file!
6.0;0.0;0.0
12.0;0.0;0.0
18.0;1.25;0.0
24.0;1.25;0.0
30.0;2.5;0.0
36.0;3.3333333333333335;0.0
42.0;3.3333333333333335;0.0
48.0;2.7083333333333335;0.0
54.0;4.166666666666667;0.75
60.0;7.5;0.5
66.0;5.0;0.0
72.0;7.5;0.5
78.0;11.25;0.0
84.0;2.5;0.0
90.0;4.166666666666667;0.0
96.0;4.166666666666667;0.0
102.0;5.0;0.0
108.0;2.5;0.0
114.0;6.041666666666667;0.0
120.0;3.3333333333333335;0.0
126.0;4.166666666666667;0.0
132.0;4.166666666666667;0.0
138.0;6.666666666666667;0.5
144.0;6.666666666666667;0.0
150.0;5.833333333333333;0.0
156.0;3.75;0.5
162.0;7.5;0.0
168.0;6.041666666666667;0.0
174.0;6.666666666666667;0.0
180.0;6.666666666666667;0.0
186.0;5.833333333333333;0.0
192.0;8.75;0.5
198.0;5.0;0.75
204.0;4.166666666666667;0.0
210.0;5.833333333333333;0.0
216.0;5.833333333333333;0.0
222.0;5.625;0.0
228.0;6.25;0.0
234.0;1.6666666666666667;0.0
240.0;6.666666666666667;0.0
246.0;3.3333333333333335;0.0
252.0;5.833333333333333;0.5
258.0;5.833333333333333;0.0
264.0;5.416666666666667;0.0
270.0;6.666666666666667;0.5
276.0;11.25;0.0
282.0;5.416666666666667;0.5
288.0;7.083333333333333;0.0
294.0;9.583333333333334;0.0
300.0;9.166666666666666;0.75
306.0;5.833333333333333;0.0
312.0;3.3333333333333335;0.0
318.0;7.5;0.0
324.0;6.666666666666667;0.0
330.0;6.25;0.0
336.0;6.25;0.0
342.0;5.0;0.0
348.0;5.833333333333333;0.5
354.0;6.666666666666667;0.0
360.0;5.0;0.0
366.0;4.583333333333333;0.0
372.0;11.666666666666666;0.0
378.0;4.583333333333333;0.5
384.0;4.166666666666667;0.25
390.0;6.666666666666667;0.0
396.0;3.3333333333333335;0.0
402.0;13.333333333333334;0.5
408.0;5.416666666666667;0.5
414.0;5.833333333333333;0.5
420.0;2.5;0.75
426.0;2.5;0.0
432.0;7.5;0.0
438.0;6.666666666666667;0.0
444.0;9.583333333333334;0.0
450.0;9.583333333333334;0.0
456.0;5.0;0.5
462.0;5.0;0.5
468.0;4.375;0.0
474.0;10.833333333333334;0.0
480.0;5.0;0.0
486.0;9.166666666666666;0.0
492.0;5.833333333333333;0.0
498.0;8.125;0.0
504.0;6.666666666666667;0.0
510.0;4.166666666666667;0.0
516.0;5.833333333333333;0.0
522.0;6.666666666666667;0.0
528.0;4.166666666666667;0.5
534.0;11.666666666666666;0.5
540.0;3.75;1.0
546.0;5.0;0.0
552.0;6.25;0.5
558.0;9.166666666666666;0.0
564.0;9.583333333333334;0.5
570.0;7.916666666666667;0.0
576.0;4.583333333333333;0.0
582.0;2.5;0.0
588.0;5.833333333333333;0.0
594.0;5.208333333333333;0.5
600.0;6.666666666666667;0.0
606.0;3.3333333333333335;0.0
612.0;5.833333333333333;0.0
618.0;4.375;0.0
624.0;6.25;0.0
630.0;3.3333333333333335;0.0
636.0;5.833333333333333;0.0
642.0;4.166666666666667;0.0
648.0;11.25;0.5
654.0;0.8333333333333334;0.75
660.0;4.166666666666667;0.5
666.0;7.083333333333333;0.5
672.0;8.333333333333334;0.0
678.0;10.0;0.125
684.0;7.083333333333333;0.0
690.0;2.5;0.0
696.0;2.5;0.0
702.0;4.166666666666667;0.0
708.0;5.0;0.0
714.0;5.0;0.5
720.0;1.6666666666666667;0.0
726.0;5.833333333333333;0.0
732.0;6.041666666666667;0.0
738.0;11.666666666666666;0.0
744.0;14.166666666666666;0.25
750.0;5.833333333333333;0.5
756.0;5.833333333333333;0.0
762.0;5.833333333333333;0.0
768.0;5.416666666666667;0.0
774.0;4.375;0.0
780.0;2.5;0.0
786.0;4.166666666666667;0.0
792.0;4.166666666666667;0.0
798.0;2.9166666666666665;0.0
804.0;7.5;0.125
810.0;7.083333333333333;0.0
816.0;7.5;0.5
822.0;5.833333333333333;0.0
828.0;6.041666666666667;0.0
834.0;6.666666666666667;0.5
840.0;6.666666666666667;0.0
846.0;9.166666666666666;0.0
852.0;2.5;0.0
858.0;3.75;0.0
864.0;4.583333333333333;0.0
870.0;8.333333333333334;0.0
876.0;5.416666666666667;0.5
882.0;6.666666666666667;0.0
888.0;9.166666666666666;0.0
894.0;7.5;0.0
900.0;6.666666666666667;0.0
906.0;7.916666666666667;0.0
912.0;4.166666666666667;0.0
918.0;7.5;0.75
924.0;7.083333333333333;0.0
930.0;7.5;0.5
936.0;1.6666666666666667;0.0
942.0;2.5;0.5
948.0;5.0;0.0
954.0;6.25;0.0
960.0;3.3333333333333335;0.0
966.0;8.333333333333334;0.5
972.0;9.166666666666666;0.0
978.0;5.833333333333333;0.0
984.0;2.5;0.0
990.0;7.083333333333333;0.75
996.0;4.583333333333333;0.0
1002.0;5.833333333333333;0.0
1008.0;5.0;0.0
1014.0;4.166666666666667;0.5
1020.0;5.833333333333333;0.5
1026.0;2.9166666666666665;0.0
1032.0;2.5;0.5
1038.0;6.25;0.0
1044.0;11.458333333333334;0.0
1050.0;7.083333333333333;0.0
1056.0;8.333333333333334;0.5
1062.0;3.3333333333333335;0.0
1068.0;4.166666666666667;0.0
1074.0;7.708333333333333;0.0
1080.0;5.833333333333333;0.0
1086.0;2.5;0.75
1092.0;5.0;0.5
1098.0;3.3333333333333335;0.0
1104.0;2.0833333333333335;1.0
1110.0;5.833333333333333;0.5
1116.0;4.583333333333333;0.0
1122.0;9.166666666666666;0.0
1128.0;5.0;0.0
1134.0;2.5;0.0
1140.0;7.5;0.0
1146.0;2.5;0.0
1152.0;6.666666666666667;0.0
1158.0;4.166666666666667;0.125
1164.0;4.166666666666667;0.0
1170.0;6.666666666666667;0.5
1176.0;5.833333333333333;0.0
1182.0;5.833333333333333;0.0
1188.0;8.333333333333334;0.0
1194.0;6.875;0.0
1200.0;5.0;0.0
1206.0;7.5;0.0
1212.0;5.833333333333333;0.0
1218.0;1.6666666666666667;0.0
1224.0;5.416666666666667;0.5
1230.0;7.291666666666667;0.0
1236.0;5.833333333333333;0.0
1242.0;8.333333333333334;0.0
1248.0;5.0;0.0
1254.0;6.041666666666667;0.75
1260.0;5.833333333333333;0.5
1266.0;6.666666666666667;0.0
1272.0;10.416666666666666;0.0
1278.0;7.083333333333333;0.5
1284.0;2.2916666666666665;0.25
1290.0;5.833333333333333;0.0
1296.0;1.6666666666666667;0.0
1302.0;10.833333333333334;0.0
1308.0;5.833333333333333;0.5
1314.0;4.166666666666667;0.5
1320.0;5.833333333333333;0.0
1326.0;5.0;0.0
1332.0;6.666666666666667;0.5
1338.0;5.416666666666667;0.0
1344.0;9.166666666666666;0.0
1350.0;4.583333333333333;0.0
1356.0;10.0;0.0
1362.0;5.416666666666667;0.0
1368.0;3.75;0.0
1374.0;5.833333333333333;0.0
1380.0;5.833333333333333;0.0
1386.0;11.25;0.0
1392.0;10.0;0.5
1398.0;5.416666666666667;0.0
1404.0;5.0;0.0
1410.0;6.25;0.5
1416.0;9.166666666666666;0.0
1422.0;5.0;0.0
1428.0;7.916666666666667;0.0
1434.0;5.0;0.0
1440.0;6.666666666666667;0.0
1446.0;3.3333333333333335;0.5
1452.0;7.5;0.5
1458.0;6.25;0.5
1464.0;10.0;0.0
1470.0;6.666666666666667;0.0
1476.0;5.416666666666667;0.0
1482.0;1.6666666666666667;0.0
1488.0;3.3333333333333335;0.0
1494.0;9.583333333333334;0.0
