#auto generated file!
6.0;0.0;0.0
12.0;0.10416666666666667;0.0
18.0;1.4583333333333333;0.0
24.0;4.166666666666667;0.0
30.0;3.9583333333333335;0.0
36.0;7.916666666666667;0.0
42.0;7.083333333333333;0.0
48.0;12.708333333333334;0.0
54.0;12.083333333333334;0.0
60.0;15.208333333333334;0.0
66.0;9.375;0.5
72.0;12.916666666666666;0.0
78.0;11.25;0.0
84.0;11.666666666666666;0.0
90.0;12.916666666666666;0.25
96.0;12.083333333333334;0.0
102.0;10.0;0.0
108.0;8.75;0.0
114.0;12.291666666666666;0.5
120.0;6.25;0.0
126.0;10.0;0.0
132.0;9.166666666666666;0.0
138.0;15.625;0.0
144.0;17.916666666666668;0.5
150.0;18.958333333333332;0.5
156.0;17.083333333333332;0.0
162.0;11.666666666666666;0.5
168.0;11.458333333333334;0.0
174.0;10.208333333333334;0.0
180.0;11.25;0.0
186.0;15.208333333333334;0.0
192.0;8.958333333333334;0.0
198.0;10.104166666666666;0.0
204.0;6.979166666666667;0.0
210.0;14.166666666666666;0.5
216.0;14.791666666666666;0.0
222.0;15.208333333333334;0.0
228.0;11.666666666666666;0.5
234.0;12.916666666666666;0.5
240.0;14.166666666666666;0.0
246.0;8.75;0.5
252.0;11.25;0.0
258.0;14.166666666666666;0.0
264.0;11.25;0.25
270.0;6.458333333333333;0.0
276.0;13.541666666666666;0.0
282.0;14.583333333333334;0.0
288.0;14.479166666666666;0.0
294.0;13.541666666666666;0.0
300.0;12.5;0.0
306.0;13.541666666666666;0.0
312.0;12.916666666666666;0.0
318.0;10.208333333333334;0.0
324.0;11.875;0.0
330.0;7.5;0.0
336.0;10.416666666666666;0.5
342.0;14.375;0.0
348.0;7.916666666666667;0.0
354.0;7.916666666666667;0.0
360.0;12.5;0.5
366.0;12.5;0.0
372.0;13.333333333333334;0.0
378.0;12.083333333333334;0.0
384.0;12.5;0.0
390.0;7.5;0.25
396.0;11.458333333333334;0.0
402.0;7.916666666666667;0.5
408.0;9.791666666666666;0.0
414.0;11.041666666666666;0.75
420.0;11.041666666666666;0.0
426.0;8.333333333333334;0.0
432.0;10.0;0.0
438.0;15.208333333333334;0.5
444.0;12.083333333333334;0.0
450.0;17.916666666666668;0.25
456.0;10.0;0.0
462.0;10.416666666666666;0.5
468.0;9.583333333333334;0.0
474.0;11.25;0.5
480.0;11.979166666666666;0.0
486.0;13.020833333333334;0.0
492.0;8.854166666666666;0.5
498.0;14.6875;0.0
504.0;10.833333333333334;0.0
510.0;9.375;0.0
516.0;10.625;0.0
522.0;10.0;0.0
528.0;11.458333333333334;0.0
534.0;7.291666666666667;0.0
540.0;10.208333333333334;0.0
546.0;12.708333333333334;0.0
552.0;9.791666666666666;0.5
558.0;11.770833333333334;0.0
564.0;10.833333333333334;0.5
570.0;10.0;0.0
576.0;11.25;0.5
582.0;17.708333333333332;0.0
588.0;12.083333333333334;0.0
594.0;12.708333333333334;0.0
600.0;13.75;0.0
606.0;14.583333333333334;0.5
612.0;12.083333333333334;0.125
618.0;10.833333333333334;0.5
624.0;9.270833333333334;0.0
630.0;11.041666666666666;0.5
636.0;9.375;0.0
642.0;11.875;0.0
648.0;15.0;0.0
654.0;10.416666666666666;0.0
660.0;7.916666666666667;0.5
666.0;16.041666666666668;0.0
672.0;11.458333333333334;0.0
678.0;13.4375;0.0
684.0;17.083333333333332;0.0
690.0;11.041666666666666;0.5
696.0;10.416666666666666;0.0
702.0;9.583333333333334;0.0
708.0;10.416666666666666;0.0
714.0;10.833333333333334;0.0
720.0;13.75;0.0
726.0;10.833333333333334;1.0
732.0;7.083333333333333;0.5
738.0;11.458333333333334;0.0
744.0;13.958333333333334;0.0
750.0;10.0;0.0
756.0;15.0;0.0
762.0;14.166666666666666;0.0
768.0;10.833333333333334;0.5
774.0;10.416666666666666;0.0
780.0;8.333333333333334;0.0
786.0;12.916666666666666;0.0
792.0;7.5;0.0
798.0;15.833333333333334;0.0
804.0;18.229166666666668;0.0
810.0;15.0;0.0
816.0;9.375;0.0
822.0;12.5;0.0
828.0;14.375;0.0
834.0;9.583333333333334;0.0
840.0;10.833333333333334;0.125
846.0;9.791666666666666;0.0
852.0;7.708333333333333;0.0
858.0;10.416666666666666;0.0
864.0;11.875;0.5
870.0;11.666666666666666;0.0
876.0;13.75;0.0
882.0;11.354166666666666;0.0
888.0;10.520833333333334;0.5
894.0;16.25;0.0
900.0;15.833333333333334;0.0
906.0;16.041666666666668;0.0
912.0;9.375;0.0
918.0;6.875;0.0
924.0;8.125;0.0
930.0;10.0;0.0
936.0;12.291666666666666;0.0
942.0;8.541666666666666;0.0
948.0;7.5;0.125
954.0;11.5625;0.0
960.0;16.041666666666668;0.0
966.0;17.916666666666668;0.5
972.0;15.416666666666666;0.0
978.0;14.583333333333334;0.0
984.0;10.625;0.0
990.0;11.458333333333334;0.0
996.0;11.666666666666666;0.0
1002.0;11.041666666666666;0.0
1008.0;9.583333333333334;0.0
1014.0;11.25;0.75
1020.0;9.375;0.5
1026.0;9.583333333333334;0.0
1032.0;14.791666666666666;0.5
1038.0;15.0;0.0
1044.0;19.791666666666668;0.0
1050.0;16.041666666666668;0.0
1056.0;15.625;0.0
1062.0;8.958333333333334;0.0
1068.0;8.020833333333334;0.0
1074.0;9.583333333333334;0.625
1080.0;12.083333333333334;0.0
1086.0;9.166666666666666;0.0
1092.0;11.25;0.0
1098.0;14.270833333333334;0.0
1104.0;15.9375;0.0
1110.0;14.583333333333334;0.0
1116.0;16.25;0.0
1122.0;14.791666666666666;0.5
1128.0;11.458333333333334;0.0
1134.0;11.458333333333334;0.0
1140.0;13.333333333333334;0.0
1146.0;10.625;0.0
1152.0;8.75;0.0
1158.0;8.333333333333334;0.0
1164.0;9.0625;0.5
1170.0;9.166666666666666;0.0
1176.0;10.0;0.0
1182.0;12.395833333333334;0.0
1188.0;13.4375;0.0
1194.0;12.291666666666666;0.0
1200.0;14.791666666666666;0.0
1206.0;7.916666666666667;0.0
1212.0;8.75;0.0
1218.0;7.708333333333333;0.0
1224.0;11.666666666666666;0.0
1230.0;9.583333333333334;0.0
1236.0;10.208333333333334;0.0
1242.0;12.291666666666666;0.0
1248.0;12.708333333333334;0.0
1254.0;15.208333333333334;0.0
1260.0;11.875;0.0
1266.0;15.833333333333334;0.0
1272.0;9.375;1.0
1278.0;18.958333333333332;0.0
1284.0;14.166666666666666;0.5
1290.0;9.166666666666666;0.0
1296.0;8.125;0.0
1302.0;7.083333333333333;0.0
1308.0;11.458333333333334;0.0
1314.0;7.916666666666667;0.0
1320.0;10.3125;0.0
1326.0;8.333333333333334;0.0
1332.0;12.916666666666666;0.0
1338.0;16.041666666666668;0.0
1344.0;13.958333333333334;0.0
1350.0;16.25;0.5
1356.0;11.666666666666666;0.5
1362.0;12.5;0.5
1368.0;5.9375;0.0
1374.0;9.583333333333334;0.125
1380.0;9.270833333333334;0.125
1386.0;7.5;0.0
1392.0;7.083333333333333;0.0
1398.0;10.0;0.0
1404.0;10.208333333333334;0.0
1410.0;18.645833333333332;0.0
1416.0;18.125;0.0
1422.0;12.5;0.0
1428.0;10.0;0.0
1434.0;10.833333333333334;0.0
1440.0;10.833333333333334;0.0
1446.0;8.75;0.0
1452.0;8.333333333333334;0.0
1458.0;8.854166666666666;0.0
1464.0;12.395833333333334;0.75
1470.0;13.645833333333334;0.0
1476.0;8.75;0.0
1482.0;10.833333333333334;0.5
1488.0;14.166666666666666;0.0
1494.0;15.416666666666666;0.75
