#auto generated file!
6.0;0.0;0.0
12.0;0.20833333333333334;0.0
18.0;3.4375;0.0
24.0;7.5;0.0
30.0;8.958333333333334;0.5
36.0;9.166666666666666;0.0
42.0;10.208333333333334;1.0
48.0;10.416666666666666;0.5
54.0;18.4375;0.75
60.0;27.083333333333332;0.5
66.0;24.583333333333332;0.0
72.0;25.625;0.5
78.0;23.229166666666668;0.0
84.0;26.145833333333332;0.0
90.0;23.125;0.0
96.0;21.25;0.0
102.0;21.25;0.5
108.0;28.125;0.5
114.0;22.5;0.0
120.0;23.333333333333332;0.0
126.0;26.041666666666668;0.0
132.0;25.416666666666668;0.25
138.0;25.625;0.5
144.0;31.458333333333332;0.5
150.0;33.125;0.0
156.0;27.083333333333332;0.5
162.0;20.0;0.0
168.0;20.833333333333332;0.75
174.0;19.583333333333332;0.75
180.0;20.0;0.0
186.0;20.833333333333332;0.0
192.0;20.208333333333332;0.0
198.0;24.791666666666668;0.0
204.0;22.5;0.5
210.0;28.333333333333332;0.0
216.0;29.791666666666668;0.0
222.0;25.625;0.0
228.0;33.541666666666664;0.0
234.0;23.75;0.0
240.0;17.083333333333332;0.0
246.0;13.75;0.0
252.0;21.25;0.0
258.0;17.291666666666668;0.25
264.0;29.0625;1.0
270.0;20.833333333333332;0.0
276.0;25.416666666666668;0.5
282.0;22.916666666666668;0.5
288.0;23.4375;0.0
294.0;34.375;0.0
300.0;30.833333333333332;0.5
306.0;24.583333333333332;0.5
312.0;18.75;0.0
318.0;15.520833333333334;0.0
324.0;19.166666666666668;0.125
330.0;23.333333333333332;0.25
336.0;20.833333333333332;0.5
342.0;17.708333333333332;0.5
348.0;13.020833333333334;0.125
354.0;18.4375;0.0
360.0;22.916666666666668;0.0
366.0;27.5;0.5
372.0;29.375;0.5
378.0;28.125;0.25
384.0;30.0;0.0
390.0;26.875;0.0
396.0;22.083333333333332;0.5
402.0;22.916666666666668;0.0
408.0;26.770833333333332;0.5
414.0;21.666666666666668;0.0
420.0;23.125;0.5
426.0;26.875;0.5
432.0;24.583333333333332;0.0
438.0;24.166666666666668;0.0
444.0;27.708333333333332;0.5
450.0;29.583333333333332;0.0
456.0;19.791666666666668;0.0
462.0;20.416666666666668;0.75
468.0;14.166666666666666;0.0
474.0;18.541666666666668;0.5
480.0;24.479166666666668;0.0
486.0;26.875;0.5
492.0;21.666666666666668;0.0
498.0;19.6875;0.0
504.0;25.104166666666668;0.25
510.0;31.875;0.0
516.0;27.916666666666668;0.0
522.0;24.583333333333332;0.0
528.0;23.125;0.0
534.0;16.25;0.5
540.0;18.4375;0.0
546.0;17.5;0.0
552.0;26.666666666666668;0.0
558.0;15.416666666666666;0.0
564.0;26.041666666666668;0.5
570.0;28.125;0.5
576.0;20.833333333333332;1.0
582.0;24.166666666666668;0.5
588.0;24.479166666666668;0.0
594.0;26.145833333333332;0.0
600.0;26.25;0.0
606.0;26.25;0.0
612.0;25.625;0.5
618.0;22.5;0.0
624.0;23.541666666666668;0.0
630.0;28.958333333333332;0.0
636.0;20.833333333333332;0.0
642.0;19.375;0.0
648.0;18.541666666666668;0.0
654.0;17.1875;0.75
660.0;16.041666666666668;0.0
666.0;26.041666666666668;0.5
672.0;30.0;0.0
678.0;27.604166666666668;0.75
684.0;22.083333333333332;0.0
690.0;27.291666666666668;0.5
696.0;28.541666666666668;0.5
702.0;17.5;0.0
708.0;23.125;0.5
714.0;18.333333333333332;0.5
720.0;21.458333333333332;0.0
726.0;17.916666666666668;0.0
732.0;15.833333333333334;0.0
738.0;26.25;0.0
744.0;25.520833333333332;0.0
750.0;27.916666666666668;0.5
756.0;29.166666666666668;0.0
762.0;19.375;0.0
768.0;15.833333333333334;0.0
774.0;21.666666666666668;0.0
780.0;25.0;0.0
786.0;21.875;0.0
792.0;18.125;0.0
798.0;27.291666666666668;0.0
804.0;20.833333333333332;0.0
810.0;30.416666666666668;0.5
816.0;19.791666666666668;0.5
822.0;23.125;0.5
828.0;28.333333333333332;0.125
834.0;26.145833333333332;0.0
840.0;20.833333333333332;0.0
846.0;22.916666666666668;0.0
852.0;18.333333333333332;0.0
858.0;16.770833333333332;0.25
864.0;23.75;0.0
870.0;23.958333333333332;0.0
876.0;18.75;0.25
882.0;21.041666666666668;0.0
888.0;27.708333333333332;0.5
894.0;32.604166666666664;0.75
900.0;34.791666666666664;0.0
906.0;31.666666666666668;1.25
912.0;21.041666666666668;0.0
918.0;17.708333333333332;0.0
924.0;17.395833333333332;0.0
930.0;22.083333333333332;0.0
936.0;21.041666666666668;0.0
942.0;26.666666666666668;0.5
948.0;19.6875;0.0
954.0;25.0;0.5
960.0;18.125;0.5
966.0;19.166666666666668;0.0
972.0;27.916666666666668;0.5
978.0;31.145833333333332;0.25
984.0;23.229166666666668;0.0
990.0;24.791666666666668;0.5
996.0;21.875;0.0
1002.0;19.583333333333332;0.0
1008.0;17.708333333333332;0.5
1014.0;24.583333333333332;0.0
1020.0;22.916666666666668;0.0
1026.0;20.0;0.0
1032.0;16.875;0.5
1038.0;30.104166666666668;0.0
1044.0;35.208333333333336;0.0
1050.0;31.458333333333332;1.0
1056.0;28.541666666666668;0.0
1062.0;24.166666666666668;0.0
1068.0;25.208333333333332;0.0
1074.0;23.4375;0.0
1080.0;23.75;0.5
1086.0;20.0;0.0
1092.0;21.666666666666668;0.0
1098.0;22.083333333333332;0.0
1104.0;29.270833333333332;0.25
1110.0;32.291666666666664;0.5
1116.0;28.125;0.25
1122.0;30.833333333333332;1.25
1128.0;26.770833333333332;0.0
1134.0;20.416666666666668;0.0
1140.0;18.541666666666668;0.0
1146.0;23.333333333333332;0.5
1152.0;28.958333333333332;0.0
1158.0;26.875;0.25
1164.0;23.229166666666668;0.0
1170.0;27.916666666666668;0.0
1176.0;22.5;0.5
1182.0;24.583333333333332;0.0
1188.0;24.166666666666668;0.0
1194.0;28.125;0.5
1200.0;31.666666666666668;0.0
1206.0;24.583333333333332;0.0
1212.0;23.333333333333332;0.0
1218.0;18.229166666666668;0.5
1224.0;20.3125;0.0
1230.0;26.041666666666668;0.0
1236.0;25.208333333333332;0.0
1242.0;22.5;0.0
1248.0;24.0625;0.0
1254.0;25.833333333333332;0.5
1260.0;27.291666666666668;0.0
1266.0;17.291666666666668;0.5
1272.0;24.166666666666668;0.5
1278.0;21.041666666666668;0.0
1284.0;32.395833333333336;0.0
1290.0;24.166666666666668;0.0
1296.0;24.166666666666668;0.0
1302.0;24.166666666666668;0.0
1308.0;16.5625;0.0
1314.0;20.0;0.75
1320.0;15.208333333333334;0.0
1326.0;22.916666666666668;0.0
1332.0;23.125;0.0
1338.0;28.125;0.5
1344.0;30.625;0.5
1350.0;30.208333333333332;0.0
1356.0;30.416666666666668;0.25
1362.0;22.5;0.0
1368.0;23.958333333333332;0.75
1374.0;17.604166666666668;0.0
1380.0;23.125;0.0
1386.0;20.416666666666668;0.0
1392.0;18.125;0.0
1398.0;22.916666666666668;0.0
1404.0;25.833333333333332;0.5
1410.0;24.166666666666668;0.5
1416.0;25.208333333333332;0.0
1422.0;26.666666666666668;0.5
1428.0;28.541666666666668;0.0
1434.0;26.875;0.0
1440.0;17.083333333333332;0.0
1446.0;22.083333333333332;0.0
1452.0;25.0;0.5
1458.0;26.875;0.5
1464.0;22.916666666666668;0.0
1470.0;18.333333333333332;0.25
1476.0;20.833333333333332;0.5
1482.0;22.083333333333332;0.0
1488.0;24.270833333333332;0.0
1494.0;32.5;0.5
