#auto generated file!
6.0;0.0;0.0
12.0;0.0;0.0
18.0;2.0833333333333335;0.0
24.0;1.4583333333333333;0.0
30.0;4.583333333333333;0.0
36.0;6.666666666666667;0.0
42.0;4.166666666666667;0.0
48.0;5.416666666666667;0.0
54.0;5.0;0.0
60.0;8.333333333333334;0.0
66.0;9.166666666666666;0.0
72.0;13.125;0.0
78.0;12.291666666666666;0.0
84.0;10.9375;0.0
90.0;10.208333333333334;0.0
96.0;9.791666666666666;0.25
102.0;6.458333333333333;0.5
108.0;9.375;0.0
114.0;4.375;0.5
120.0;7.916666666666667;0.0
126.0;8.333333333333334;0.0
132.0;6.458333333333333;0.25
138.0;6.875;0.0
144.0;10.0;0.5
150.0;8.541666666666666;0.25
156.0;6.25;0.0
162.0;4.583333333333333;0.0
168.0;9.166666666666666;0.0
174.0;9.166666666666666;0.0
180.0;5.833333333333333;0.0
186.0;7.291666666666667;0.0
192.0;5.0;0.0
198.0;6.458333333333333;0.0
204.0;8.541666666666666;0.25
210.0;8.541666666666666;0.0
216.0;8.541666666666666;0.0
222.0;10.0;0.0
228.0;7.916666666666667;0.0
234.0;5.833333333333333;0.0
240.0;8.854166666666666;0.0
246.0;7.916666666666667;0.0
252.0;6.458333333333333;0.5
258.0;7.083333333333333;0.0
264.0;12.395833333333334;0.0
270.0;5.833333333333333;0.5
276.0;5.625;0.0
282.0;6.458333333333333;0.75
288.0;8.75;0.0
294.0;15.0;0.0
300.0;11.041666666666666;0.5
306.0;11.041666666666666;0.5
312.0;9.583333333333334;0.5
318.0;7.5;0.0
324.0;5.416666666666667;0.0
330.0;10.208333333333334;0.0
336.0;7.916666666666667;0.0
342.0;8.333333333333334;0.0
348.0;7.604166666666667;0.5
354.0;6.25;0.0
360.0;7.083333333333333;0.5
366.0;10.833333333333334;0.0
372.0;9.166666666666666;0.0
378.0;10.520833333333334;0.0
384.0;7.083333333333333;0.0
390.0;9.791666666666666;0.0
396.0;5.625;0.0
402.0;10.0;0.0
408.0;11.666666666666666;0.0
414.0;8.125;0.125
420.0;8.958333333333334;0.0
426.0;7.916666666666667;0.5
432.0;7.916666666666667;0.0
438.0;13.541666666666666;0.0
444.0;10.208333333333334;0.0
450.0;10.0;0.0
456.0;7.083333333333333;0.0
462.0;6.25;0.0
468.0;9.583333333333334;0.0
474.0;8.229166666666666;0.0
480.0;10.0;0.0
486.0;6.25;0.0
492.0;4.166666666666667;0.0
498.0;7.5;0.0
504.0;6.875;0.0
510.0;7.5;0.5
516.0;6.458333333333333;0.0
522.0;9.583333333333334;0.5
528.0;10.0;0.0
534.0;7.5;0.0
540.0;11.041666666666666;0.5
546.0;10.0;0.0
552.0;11.875;0.5
558.0;10.208333333333334;0.0
564.0;7.395833333333333;0.0
570.0;9.791666666666666;0.75
576.0;7.083333333333333;0.0
582.0;7.083333333333333;0.0
588.0;8.125;0.0
594.0;8.75;0.0
600.0;9.166666666666666;0.0
606.0;5.0;0.5
612.0;8.75;0.0
618.0;9.791666666666666;0.25
624.0;7.083333333333333;0.0
630.0;7.083333333333333;0.0
636.0;5.416666666666667;0.0
642.0;3.75;0.0
648.0;6.041666666666667;0.0
654.0;3.2291666666666665;0.0
660.0;10.416666666666666;0.0
666.0;11.458333333333334;0.0
672.0;8.958333333333334;0.0
678.0;7.291666666666667;0.0
684.0;6.25;0.5
690.0;7.708333333333333;0.0
696.0;6.875;0.25
702.0;11.666666666666666;0.0
708.0;10.833333333333334;0.0
714.0;7.916666666666667;0.0
720.0;3.9583333333333335;0.0
726.0;3.75;0.0
732.0;7.083333333333333;0.0
738.0;8.541666666666666;0.5
744.0;13.958333333333334;0.0
750.0;11.458333333333334;0.0
756.0;10.208333333333334;0.0
762.0;7.5;0.0
768.0;7.291666666666667;0.5
774.0;10.416666666666666;0.0
780.0;8.75;0.5
786.0;8.75;0.0
792.0;6.875;0.0
798.0;7.708333333333333;0.0
804.0;5.416666666666667;0.0
810.0;6.458333333333333;0.0
816.0;9.791666666666666;0.0
822.0;8.75;0.0
828.0;9.375;0.0
834.0;8.541666666666666;0.0
840.0;8.333333333333334;0.0
846.0;9.583333333333334;0.0
852.0;6.666666666666667;0.25
858.0;8.958333333333334;0.0
864.0;8.125;0.25
870.0;8.958333333333334;0.5
876.0;7.291666666666667;0.0
882.0;6.666666666666667;0.0
888.0;8.541666666666666;0.0
894.0;7.916666666666667;0.0
900.0;9.791666666666666;0.5
906.0;6.458333333333333;0.75
912.0;10.208333333333334;0.0
918.0;9.583333333333334;0.0
924.0;12.1875;0.0
930.0;11.458333333333334;0.0
936.0;9.166666666666666;0.0
942.0;8.541666666666666;0.0
948.0;3.2291666666666665;0.0
954.0;7.291666666666667;0.0
960.0;6.25;0.5
966.0;7.916666666666667;0.75
972.0;11.25;0.0
978.0;11.25;0.125
984.0;8.125;0.5
990.0;5.625;0.0
996.0;4.166666666666667;0.5
1002.0;4.583333333333333;0.0
1008.0;8.333333333333334;0.0
1014.0;10.833333333333334;0.0
1020.0;7.083333333333333;0.0
1026.0;4.583333333333333;0.0
1032.0;6.25;0.0
1038.0;10.208333333333334;0.0
1044.0;9.375;0.25
1050.0;10.0;0.75
1056.0;6.458333333333333;0.0
1062.0;6.458333333333333;0.0
1068.0;8.958333333333334;0.0
1074.0;7.395833333333333;0.0
1080.0;9.375;0.0
1086.0;7.5;0.0
1092.0;5.833333333333333;0.0
1098.0;6.458333333333333;0.0
1104.0;7.5;0.0
1110.0;10.208333333333334;0.0
1116.0;15.208333333333334;0.0
1122.0;14.583333333333334;0.0
1128.0;10.208333333333334;0.0
1134.0;7.083333333333333;0.75
1140.0;6.770833333333333;0.0
1146.0;8.125;0.0
1152.0;9.166666666666666;0.0
1158.0;9.583333333333334;0.0
1164.0;6.041666666666667;0.0
1170.0;7.083333333333333;0.0
1176.0;9.791666666666666;0.5
1182.0;9.375;0.0
1188.0;6.25;0.0
1194.0;7.916666666666667;0.5
1200.0;8.958333333333334;0.0
1206.0;8.125;0.0
1212.0;12.5;0.0
1218.0;9.791666666666666;0.5
1224.0;8.958333333333334;0.0
1230.0;8.125;0.25
1236.0;9.583333333333334;0.5
1242.0;6.25;0.0
1248.0;8.75;0.0
1254.0;6.458333333333333;0.0
1260.0;6.875;0.5
1266.0;5.0;0.0
1272.0;6.666666666666667;0.5
1278.0;7.083333333333333;0.0
1284.0;8.75;0.0
1290.0;13.125;0.0
1296.0;8.75;0.0
1302.0;8.229166666666666;0.0
1308.0;12.1875;0.0
1314.0;9.166666666666666;0.0
1320.0;3.3333333333333335;0.125
1326.0;6.666666666666667;0.0
1332.0;8.125;0.0
1338.0;9.791666666666666;0.0
1344.0;11.458333333333334;0.0
1350.0;12.291666666666666;0.0
1356.0;11.25;0.0
1362.0;7.291666666666667;0.0
1368.0;7.916666666666667;0.0
1374.0;13.645833333333334;0.0
1380.0;5.416666666666667;0.0
1386.0;7.916666666666667;0.0
1392.0;7.291666666666667;0.0
1398.0;10.625;0.75
1404.0;11.25;0.25
1410.0;10.0;0.0
1416.0;9.791666666666666;0.0
1422.0;11.666666666666666;0.0
1428.0;11.041666666666666;0.0
1434.0;8.958333333333334;0.0
1440.0;7.083333333333333;0.0
1446.0;7.5;0.0
1452.0;7.083333333333333;0.0
1458.0;6.25;0.5
1464.0;6.666666666666667;0.0
1470.0;9.375;0.0
1476.0;6.25;0.5
1482.0;6.666666666666667;0.0
1488.0;10.416666666666666;0.0
1494.0;7.5;0.0
