#auto generated file!
6.0;0.0;0.0
12.0;0.625;0.0
18.0;1.7708333333333333;0.0
24.0;2.7083333333333335;0.0
30.0;5.208333333333333;0.0
36.0;6.666666666666667;0.0
42.0;15.0;0.0
48.0;11.666666666666666;0.0
54.0;21.666666666666668;0.0
60.0;21.041666666666668;0.0
66.0;27.916666666666668;0.0
72.0;24.791666666666668;0.0
78.0;27.291666666666668;0.0
84.0;30.625;0.0
90.0;28.958333333333332;0.0
96.0;23.75;0.0
102.0;17.5;0.0
108.0;17.291666666666668;0.0
114.0;13.4375;0.0
120.0;23.333333333333332;0.0
126.0;21.875;0.0
132.0;18.333333333333332;0.0
138.0;18.854166666666668;0.0
144.0;21.5625;0.0
150.0;23.958333333333332;0.0
156.0;26.041666666666668;0.0
162.0;23.541666666666668;0.0
168.0;21.666666666666668;0.0
174.0;22.5;0.0
180.0;20.416666666666668;0.0
186.0;26.666666666666668;0.0
192.0;25.833333333333332;0.0
198.0;25.520833333333332;0.0
204.0;22.083333333333332;0.0
210.0;25.625;0.0
216.0;25.0;0.0
222.0;24.583333333333332;0.0
228.0;26.25;0.0
234.0;25.416666666666668;0.0
240.0;19.166666666666668;0.0
246.0;17.916666666666668;0.0
252.0;14.583333333333334;0.0
258.0;15.625;0.0
264.0;21.041666666666668;0.0
270.0;24.375;0.0
276.0;26.041666666666668;0.0
282.0;20.520833333333332;0.0
288.0;24.375;0.0
294.0;25.625;0.0
300.0;29.6875;0.0
306.0;26.25;0.0
312.0;21.458333333333332;0.0
318.0;18.333333333333332;0.0
324.0;25.833333333333332;0.0
330.0;16.041666666666668;0.0
336.0;16.25;0.0
342.0;20.104166666666668;0.0
348.0;19.791666666666668;0.0
354.0;15.0;0.0
360.0;21.25;0.0
366.0;23.75;0.0
372.0;25.3125;0.0
378.0;25.416666666666668;0.0
384.0;26.25;0.0
390.0;24.791666666666668;0.0
396.0;18.75;0.0
402.0;15.833333333333334;0.0
408.0;17.708333333333332;0.0
414.0;19.166666666666668;0.0
420.0;21.666666666666668;0.0
426.0;24.583333333333332;0.0
432.0;23.958333333333332;0.0
438.0;29.270833333333332;0.0
444.0;27.1875;0.0
450.0;23.333333333333332;0.0
456.0;34.166666666666664;0.0
462.0;21.354166666666668;0.0
468.0;20.625;0.0
474.0;19.479166666666668;0.0
480.0;16.458333333333332;0.0
486.0;15.0;0.0
492.0;17.083333333333332;0.0
498.0;20.208333333333332;0.0
504.0;23.125;0.0
510.0;20.833333333333332;0.0
516.0;18.333333333333332;0.0
522.0;27.8125;0.0
528.0;22.083333333333332;0.0
534.0;25.625;0.0
540.0;21.25;0.0
546.0;21.25;0.0
552.0;22.1875;0.0
558.0;19.479166666666668;0.0
564.0;21.041666666666668;0.0
570.0;24.791666666666668;0.0
576.0;29.166666666666668;0.0
582.0;24.583333333333332;0.0
588.0;22.604166666666668;0.0
594.0;22.708333333333332;0.0
600.0;27.916666666666668;0.0
606.0;27.291666666666668;0.0
612.0;27.916666666666668;0.0
618.0;21.875;0.0
624.0;25.104166666666668;0.0
630.0;26.666666666666668;0.0
636.0;17.916666666666668;0.0
642.0;23.229166666666668;0.0
648.0;22.916666666666668;0.0
654.0;22.604166666666668;0.0
660.0;19.583333333333332;0.0
666.0;24.583333333333332;0.0
672.0;28.75;0.0
678.0;28.333333333333332;0.0
684.0;24.375;0.0
690.0;26.25;0.0
696.0;21.041666666666668;0.0
702.0;16.25;0.0
708.0;19.6875;0.0
714.0;17.604166666666668;0.0
720.0;13.333333333333334;0.0
726.0;22.083333333333332;0.0
732.0;22.5;0.0
738.0;15.625;0.0
744.0;26.458333333333332;0.0
750.0;29.791666666666668;0.0
756.0;24.791666666666668;0.0
762.0;26.458333333333332;0.0
768.0;23.75;0.0
774.0;18.75;0.0
780.0;19.791666666666668;0.0
786.0;18.75;0.0
792.0;16.041666666666668;0.0
798.0;20.416666666666668;0.0
804.0;26.666666666666668;0.0
810.0;24.791666666666668;0.0
816.0;18.75;0.0
822.0;28.125;0.0
828.0;26.666666666666668;0.0
834.0;22.395833333333332;0.0
840.0;14.583333333333334;0.0
846.0;17.5;0.0
852.0;18.75;0.0
858.0;14.791666666666666;0.0
864.0;14.166666666666666;0.0
870.0;18.125;0.0
876.0;24.375;0.0
882.0;18.75;0.0
888.0;20.0;0.0
894.0;22.708333333333332;0.0
900.0;25.208333333333332;0.0
906.0;23.958333333333332;0.0
912.0;21.979166666666668;0.0
918.0;24.791666666666668;0.0
924.0;25.833333333333332;0.0
930.0;22.916666666666668;0.0
936.0;21.041666666666668;0.0
942.0;16.979166666666668;0.0
948.0;23.125;0.0
954.0;23.645833333333332;0.0
960.0;18.854166666666668;0.0
966.0;20.416666666666668;0.0
972.0;21.875;0.0
978.0;24.166666666666668;0.0
984.0;28.541666666666668;0.0
990.0;29.0625;0.0
996.0;23.333333333333332;0.0
1002.0;13.333333333333334;0.0
1008.0;19.166666666666668;0.0
1014.0;23.125;0.0
1020.0;22.083333333333332;0.0
1026.0;25.625;0.0
1032.0;23.958333333333332;0.0
1038.0;21.666666666666668;0.0
1044.0;23.541666666666668;0.0
1050.0;26.25;0.0
1056.0;22.083333333333332;0.0
1062.0;22.5;0.0
1068.0;17.291666666666668;0.0
1074.0;15.0;0.0
1080.0;13.75;0.0
1086.0;18.333333333333332;0.0
1092.0;13.958333333333334;0.0
1098.0;18.125;0.0
1104.0;23.020833333333332;0.0
1110.0;18.958333333333332;0.0
1116.0;27.708333333333332;0.0
1122.0;22.708333333333332;0.0
1128.0;25.833333333333332;0.0
1134.0;25.3125;0.0
1140.0;22.083333333333332;0.0
1146.0;16.666666666666668;0.0
1152.0;19.583333333333332;0.0
1158.0;20.416666666666668;0.0
1164.0;22.916666666666668;0.0
1170.0;23.333333333333332;0.0
1176.0;23.75;0.0
1182.0;16.458333333333332;0.0
1188.0;21.25;0.0
1194.0;26.770833333333332;0.0
1200.0;23.75;0.0
1206.0;26.458333333333332;0.0
1212.0;20.104166666666668;0.0
1218.0;14.895833333333334;0.0
1224.0;19.0625;0.0
1230.0;19.0625;0.0
1236.0;25.416666666666668;0.0
1242.0;20.833333333333332;0.0
1248.0;19.479166666666668;0.0
1254.0;18.020833333333332;0.0
1260.0;19.166666666666668;0.0
1266.0;18.75;0.0
1272.0;23.75;0.0
1278.0;24.791666666666668;0.0
1284.0;28.75;0.0
1290.0;23.958333333333332;0.0
1296.0;17.708333333333332;0.0
1302.0;18.75;0.0
1308.0;16.458333333333332;0.0
1314.0;12.916666666666666;0.0
1320.0;14.375;0.0
1326.0;16.25;0.0
1332.0;16.354166666666668;0.0
1338.0;19.375;0.0
1344.0;24.375;0.0
1350.0;27.083333333333332;0.0
1356.0;28.75;0.0
1362.0;21.25;0.0
1368.0;21.5625;0.0
1374.0;19.166666666666668;0.0
1380.0;15.833333333333334;0.0
1386.0;17.708333333333332;0.0
1392.0;21.666666666666668;0.0
1398.0;16.041666666666668;0.0
1404.0;27.8125;0.0
1410.0;20.520833333333332;0.0
1416.0;22.291666666666668;0.0
1422.0;19.166666666666668;0.0
1428.0;20.208333333333332;0.0
1434.0;21.041666666666668;0.0
1440.0;17.291666666666668;0.0
1446.0;18.75;0.0
1452.0;19.166666666666668;0.0
1458.0;14.166666666666666;0.0
1464.0;20.208333333333332;0.0
1470.0;17.708333333333332;0.0
1476.0;17.083333333333332;0.0
1482.0;20.0;0.0
1488.0;22.1875;0.0
1494.0;23.020833333333332;0.0
