#auto generated file!
6.0;0.0;0.0
12.0;3.3333333333333335;0.0
18.0;3.75;0.0
24.0;20.0;0.0
30.0;15.833333333333334;0.0
36.0;40.833333333333336;0.0
42.0;41.666666666666664;0.0
48.0;44.166666666666664;0.0
54.0;66.66666666666667;0.0
60.0;92.5;0.75
66.0;100.0;0.0
72.0;98.33333333333333;0.0
78.0;97.08333333333333;0.0
84.0;99.58333333333333;0.0
90.0;94.16666666666667;0.0
96.0;99.16666666666667;0.0
102.0;95.0;0.0
108.0;90.83333333333333;0.0
114.0;85.0;0.0
120.0;100.0;0.0
126.0;78.33333333333333;0.0
132.0;96.66666666666667;0.0
138.0;95.0;0.5
144.0;99.16666666666667;0.0
150.0;96.66666666666667;0.5
156.0;66.66666666666667;0.0
162.0;96.66666666666667;0.0
168.0;85.0;0.0
174.0;90.0;0.0
180.0;85.0;0.0
186.0;98.33333333333333;0.0
192.0;93.33333333333333;0.0
198.0;91.66666666666667;0.0
204.0;82.91666666666667;0.0
210.0;98.33333333333333;0.0
216.0;95.0;0.0
222.0;94.16666666666667;0.0
228.0;98.33333333333333;0.5
234.0;95.83333333333333;0.5
240.0;87.08333333333333;0.5
246.0;83.33333333333333;0.0
252.0;89.16666666666667;0.5
258.0;95.0;0.0
264.0;80.41666666666667;0.5
270.0;98.33333333333333;0.25
276.0;90.0;0.0
282.0;87.5;0.5
288.0;96.66666666666667;0.0
294.0;98.33333333333333;0.0
300.0;95.83333333333333;0.0
306.0;83.33333333333333;0.0
312.0;73.33333333333333;0.0
318.0;87.91666666666667;0.5
324.0;87.5;0.0
330.0;97.5;0.0
336.0;89.16666666666667;0.0
342.0;95.0;0.5
348.0;85.41666666666667;0.5
354.0;91.66666666666667;0.5
360.0;93.33333333333333;0.0
366.0;93.33333333333333;0.5
372.0;95.0;0.0
378.0;95.83333333333333;0.0
384.0;99.58333333333333;0.0
390.0;87.5;0.0
396.0;94.16666666666667;0.5
402.0;79.16666666666667;0.0
408.0;99.16666666666667;0.0
414.0;86.66666666666667;0.0
420.0;90.83333333333333;0.0
426.0;85.83333333333333;0.5
432.0;91.66666666666667;0.0
438.0;97.5;0.0
444.0;98.33333333333333;0.0
450.0;97.91666666666667;0.0
456.0;97.5;0.0
462.0;97.5;0.0
468.0;100.0;0.5
474.0;90.41666666666667;0.0
480.0;93.33333333333333;0.0
486.0;96.66666666666667;0.0
492.0;100.0;0.0
498.0;74.58333333333333;0.5
504.0;94.16666666666667;0.25
510.0;100.0;0.0
516.0;95.0;0.0
522.0;98.33333333333333;0.0
528.0;96.66666666666667;0.0
534.0;95.41666666666667;0.0
540.0;86.66666666666667;0.0
546.0;100.0;0.0
552.0;98.33333333333333;0.0
558.0;97.5;0.0
564.0;91.66666666666667;0.0
570.0;96.66666666666667;0.0
576.0;90.83333333333333;0.5
582.0;96.25;0.0
588.0;93.75;0.0
594.0;95.0;0.0
600.0;98.33333333333333;0.5
606.0;88.33333333333333;0.5
612.0;100.0;0.5
618.0;100.0;0.0
624.0;78.75;0.0
630.0;92.5;0.0
636.0;97.5;1.0
642.0;73.33333333333333;0.0
648.0;87.08333333333333;0.5
654.0;99.58333333333333;0.0
660.0;85.0;0.5
666.0;90.0;0.0
672.0;99.16666666666667;0.0
678.0;96.25;0.0
684.0;95.83333333333333;0.0
690.0;94.16666666666667;0.5
696.0;84.16666666666667;0.0
702.0;78.33333333333333;1.0
708.0;74.16666666666667;0.0
714.0;59.166666666666664;0.0
720.0;99.16666666666667;0.5
726.0;96.66666666666667;0.0
732.0;98.33333333333333;0.25
738.0;97.5;0.0
744.0;92.91666666666667;0.0
750.0;99.16666666666667;0.5
756.0;95.83333333333333;0.5
762.0;80.83333333333333;0.0
768.0;95.41666666666667;0.5
774.0;93.33333333333333;0.0
780.0;99.16666666666667;0.5
786.0;99.16666666666667;0.0
792.0;92.5;0.125
798.0;93.33333333333333;0.0
804.0;96.66666666666667;0.0
810.0;97.5;0.5
816.0;99.16666666666667;0.0
822.0;95.0;0.5
828.0;100.0;0.0
834.0;91.66666666666667;0.0
840.0;91.66666666666667;0.0
846.0;78.33333333333333;0.0
852.0;81.66666666666667;0.0
858.0;90.41666666666667;0.0
864.0;97.91666666666667;0.5
870.0;95.0;0.25
876.0;85.0;0.0
882.0;97.5;0.0
888.0;92.08333333333333;0.0
894.0;94.16666666666667;0.0
900.0;88.33333333333333;0.5
906.0;93.33333333333333;0.5
912.0;100.0;0.5
918.0;89.58333333333333;0.0
924.0;95.0;0.0
930.0;95.0;0.5
936.0;92.5;0.0
942.0;88.33333333333333;0.0
948.0;91.66666666666667;0.0
954.0;81.66666666666667;0.0
960.0;93.75;0.0
966.0;97.5;0.0
972.0;96.66666666666667;0.5
978.0;95.0;0.5
984.0;96.25;0.0
990.0;93.33333333333333;0.25
996.0;95.0;0.25
1002.0;84.16666666666667;0.0
1008.0;98.33333333333333;0.0
1014.0;76.66666666666667;0.5
1020.0;87.5;0.0
1026.0;73.33333333333333;0.0
1032.0;90.0;0.5
1038.0;97.91666666666667;0.0
1044.0;98.33333333333333;0.0
1050.0;93.33333333333333;0.0
1056.0;97.5;0.0
1062.0;96.66666666666667;0.0
1068.0;92.91666666666667;0.0
1074.0;91.25;0.0
1080.0;99.16666666666667;0.0
1086.0;92.5;0.0
1092.0;77.5;0.0
1098.0;93.75;0.5
1104.0;79.16666666666667;0.0
1110.0;92.5;0.0
1116.0;89.16666666666667;0.0
1122.0;95.83333333333333;0.0
1128.0;94.16666666666667;0.0
1134.0;98.33333333333333;0.0
1140.0;90.0;0.75
1146.0;73.33333333333333;0.5
1152.0;75.41666666666667;0.0
1158.0;95.0;0.25
1164.0;96.25;0.0
1170.0;96.66666666666667;0.0
1176.0;95.83333333333333;0.0
1182.0;80.83333333333333;0.0
1188.0;100.0;0.0
1194.0;95.0;0.0
1200.0;93.33333333333333;0.0
1206.0;95.0;0.0
1212.0;85.0;0.0
1218.0;96.66666666666667;0.0
1224.0;94.16666666666667;0.25
1230.0;97.5;0.5
1236.0;90.83333333333333;0.0
1242.0;83.75;0.0
1248.0;98.33333333333333;0.5
1254.0;85.0;0.0
1260.0;86.66666666666667;0.0
1266.0;89.16666666666667;0.0
1272.0;97.08333333333333;0.0
1278.0;97.5;0.0
1284.0;94.58333333333333;0.0
1290.0;95.0;0.0
1296.0;82.5;0.0
1302.0;99.16666666666667;0.0
1308.0;95.0;0.0
1314.0;90.83333333333333;0.0
1320.0;99.16666666666667;0.0
1326.0;91.66666666666667;0.5
1332.0;79.16666666666667;0.5
1338.0;95.83333333333333;0.0
1344.0;99.16666666666667;0.0
1350.0;97.5;0.0
1356.0;91.66666666666667;0.0
1362.0;96.66666666666667;0.0
1368.0;60.0;0.0
1374.0;77.08333333333333;0.0
1380.0;64.16666666666667;0.5
1386.0;81.66666666666667;0.0
1392.0;87.91666666666667;0.0
1398.0;89.16666666666667;0.0
1404.0;88.75;0.0
1410.0;95.0;0.0
1416.0;97.5;0.5
1422.0;97.5;0.0
1428.0;100.0;0.0
1434.0;87.5;0.0
1440.0;93.75;0.0
1446.0;95.0;0.0
1452.0;62.916666666666664;0.0
1458.0;86.66666666666667;0.0
1464.0;95.0;0.25
1470.0;100.0;0.0
1476.0;95.0;0.0
1482.0;86.66666666666667;0.0
1488.0;91.25;0.0
1494.0;96.25;0.5
