#auto generated file!
6.0;0.0;0.0
12.0;0.0;0.0
18.0;5.0;0.0
24.0;12.5;0.0
30.0;21.666666666666668;0.0
36.0;30.833333333333332;0.0
42.0;57.916666666666664;0.0
48.0;95.83333333333333;0.0
54.0;93.33333333333333;0.0
60.0;95.0;0.0
66.0;98.33333333333333;0.0
72.0;99.16666666666667;0.0
78.0;99.16666666666667;0.5
84.0;99.16666666666667;0.0
90.0;95.0;0.0
96.0;99.16666666666667;0.5
102.0;93.33333333333333;0.0
108.0;98.33333333333333;0.0
114.0;97.08333333333333;0.0
120.0;100.0;0.0
126.0;91.66666666666667;0.0
132.0;94.16666666666667;0.0
138.0;99.58333333333333;0.75
144.0;99.16666666666667;0.0
150.0;95.83333333333333;0.25
156.0;100.0;0.0
162.0;93.75;0.0
168.0;100.0;0.5
174.0;98.33333333333333;0.5
180.0;95.0;0.75
186.0;81.66666666666667;0.0
192.0;100.0;0.75
198.0;95.41666666666667;0.0
204.0;99.58333333333333;0.0
210.0;95.0;0.0
216.0;97.5;0.0
222.0;90.0;0.5
228.0;97.5;0.0
234.0;99.16666666666667;0.0
240.0;96.66666666666667;0.0
246.0;94.16666666666667;0.0
252.0;99.16666666666667;0.5
258.0;100.0;0.5
264.0;100.0;0.0
270.0;99.16666666666667;0.0
276.0;88.33333333333333;0.0
282.0;95.83333333333333;0.75
288.0;98.33333333333333;0.0
294.0;95.83333333333333;0.0
300.0;97.5;0.0
306.0;94.16666666666667;0.0
312.0;96.66666666666667;0.0
318.0;98.75;0.0
324.0;91.66666666666667;0.25
330.0;95.41666666666667;0.0
336.0;92.5;0.0
342.0;93.33333333333333;0.125
348.0;93.33333333333333;0.0
354.0;96.66666666666667;0.5
360.0;95.0;0.5
366.0;93.33333333333333;0.5
372.0;100.0;0.5
378.0;98.33333333333333;0.5
384.0;98.33333333333333;0.0
390.0;95.83333333333333;0.0
396.0;96.66666666666667;0.0
402.0;99.16666666666667;0.5
408.0;92.08333333333333;0.0
414.0;91.66666666666667;0.5
420.0;100.0;0.5
426.0;98.33333333333333;0.0
432.0;97.91666666666667;0.5
438.0;92.91666666666667;0.0
444.0;95.41666666666667;0.0
450.0;90.0;0.25
456.0;97.5;0.0
462.0;96.66666666666667;0.0
468.0;91.66666666666667;0.5
474.0;96.66666666666667;0.0
480.0;90.0;0.5
486.0;98.33333333333333;0.0
492.0;98.33333333333333;0.5
498.0;87.08333333333333;0.0
504.0;91.66666666666667;0.0
510.0;86.66666666666667;0.0
516.0;95.0;0.5
522.0;96.66666666666667;0.0
528.0;100.0;0.0
534.0;100.0;0.5
540.0;98.33333333333333;0.0
546.0;87.5;0.0
552.0;94.16666666666667;0.5
558.0;95.83333333333333;0.0
564.0;97.08333333333333;0.0
570.0;95.83333333333333;0.0
576.0;99.16666666666667;0.5
582.0;93.33333333333333;0.5
588.0;95.83333333333333;0.0
594.0;96.25;0.5
600.0;100.0;0.5
606.0;95.0;0.0
612.0;99.58333333333333;0.5
618.0;96.66666666666667;0.5
624.0;97.5;0.0
630.0;97.5;0.0
636.0;91.66666666666667;0.0
642.0;94.16666666666667;0.5
648.0;90.83333333333333;0.0
654.0;95.83333333333333;0.0
660.0;99.16666666666667;0.0
666.0;88.33333333333333;0.5
672.0;100.0;0.0
678.0;98.33333333333333;0.0
684.0;97.5;0.0
690.0;96.66666666666667;0.5
696.0;96.66666666666667;0.5
702.0;93.33333333333333;0.5
708.0;84.16666666666667;0.0
714.0;96.66666666666667;0.5
720.0;91.66666666666667;0.0
726.0;100.0;0.0
732.0;100.0;0.0
738.0;99.58333333333333;0.0
744.0;97.91666666666667;0.0
750.0;98.33333333333333;0.75
756.0;96.66666666666667;1.5
762.0;93.33333333333333;0.5
768.0;95.41666666666667;0.125
774.0;99.16666666666667;0.0
780.0;95.83333333333333;0.0
786.0;100.0;0.0
792.0;93.75;0.0
798.0;97.5;0.0
804.0;98.33333333333333;0.5
810.0;96.25;0.5
816.0;97.5;0.5
822.0;95.0;0.0
828.0;95.0;0.0
834.0;99.16666666666667;0.0
840.0;96.66666666666667;0.0
846.0;100.0;0.5
852.0;99.16666666666667;0.125
858.0;100.0;0.5
864.0;96.66666666666667;1.75
870.0;93.33333333333333;0.5
876.0;95.83333333333333;0.5
882.0;98.33333333333333;0.0
888.0;97.08333333333333;0.0
894.0;90.41666666666667;0.0
900.0;100.0;0.0
906.0;98.33333333333333;1.0
912.0;92.5;0.0
918.0;95.0;0.0
924.0;94.16666666666667;0.75
930.0;95.83333333333333;0.0
936.0;96.66666666666667;0.0
942.0;93.33333333333333;0.5
948.0;87.08333333333333;0.5
954.0;87.91666666666667;0.0
960.0;100.0;0.5
966.0;90.0;0.0
972.0;97.5;0.0
978.0;92.91666666666667;0.5
984.0;98.33333333333333;0.5
990.0;99.16666666666667;0.5
996.0;97.5;0.0
1002.0;97.5;0.0
1008.0;97.5;0.0
1014.0;85.0;0.5
1020.0;99.16666666666667;0.0
1026.0;98.33333333333333;0.0
1032.0;100.0;0.0
1038.0;97.5;0.0
1044.0;98.75;0.0
1050.0;97.08333333333333;0.0
1056.0;98.33333333333333;1.25
1062.0;90.83333333333333;0.0
1068.0;94.16666666666667;0.0
1074.0;95.41666666666667;0.0
1080.0;91.66666666666667;0.0
1086.0;95.0;0.0
1092.0;95.0;0.0
1098.0;96.25;0.0
1104.0;92.91666666666667;0.0
1110.0;96.66666666666667;0.0
1116.0;95.83333333333333;0.0
1122.0;100.0;0.0
1128.0;98.75;0.75
1134.0;95.0;0.75
1140.0;96.66666666666667;0.5
1146.0;98.33333333333333;0.0
1152.0;94.16666666666667;0.0
1158.0;96.66666666666667;0.0
1164.0;94.58333333333333;0.5
1170.0;96.66666666666667;1.0
1176.0;99.16666666666667;0.0
1182.0;93.75;0.0
1188.0;97.08333333333333;0.0
1194.0;90.0;0.0
1200.0;95.0;0.5
1206.0;100.0;0.0
1212.0;99.16666666666667;0.0
1218.0;99.16666666666667;0.0
1224.0;95.83333333333333;0.0
1230.0;94.58333333333333;0.5
1236.0;95.83333333333333;0.0
1242.0;98.33333333333333;0.0
1248.0;100.0;0.5
1254.0;99.58333333333333;0.0
1260.0;95.0;0.0
1266.0;86.66666666666667;0.75
1272.0;96.66666666666667;0.5
1278.0;99.16666666666667;0.0
1284.0;99.58333333333333;0.0
1290.0;96.66666666666667;0.0
1296.0;95.83333333333333;0.25
1302.0;94.16666666666667;0.0
1308.0;92.08333333333333;0.0
1314.0;81.25;0.0
1320.0;98.75;0.0
1326.0;93.33333333333333;0.0
1332.0;96.66666666666667;0.5
1338.0;99.16666666666667;0.25
1344.0;97.91666666666667;0.25
1350.0;97.5;0.5
1356.0;95.83333333333333;0.0
1362.0;98.33333333333333;0.0
1368.0;97.08333333333333;0.0
1374.0;100.0;0.0
1380.0;95.83333333333333;0.75
1386.0;97.5;0.5
1392.0;95.0;0.5
1398.0;97.5;0.5
1404.0;96.66666666666667;0.0
1410.0;95.83333333333333;0.0
1416.0;100.0;0.0
1422.0;99.16666666666667;0.0
1428.0;98.33333333333333;0.0
1434.0;98.33333333333333;0.0
1440.0;93.33333333333333;0.0
1446.0;98.33333333333333;0.5
1452.0;97.5;0.0
1458.0;99.16666666666667;0.0
1464.0;96.66666666666667;0.0
1470.0;97.5;0.0
1476.0;93.33333333333333;0.0
1482.0;100.0;0.0
1488.0;91.25;0.0
1494.0;93.33333333333333;0.0
