#auto generated file!
6.0;0.0;0.0
12.0;0.0;0.0
18.0;3.75;0.0
24.0;1.25;0.0
30.0;10.0;0.0
36.0;4.166666666666667;0.0
42.0;5.0;0.0
48.0;13.333333333333334;0.0
54.0;15.0;0.0
60.0;15.833333333333334;0.5
66.0;24.166666666666668;0.0
72.0;20.833333333333332;0.5
78.0;31.666666666666668;0.0
84.0;24.166666666666668;0.5
90.0;27.5;0.0
96.0;17.5;0.0
102.0;27.5;0.0
108.0;10.0;0.0
114.0;15.0;0.0
120.0;16.666666666666668;0.0
126.0;20.0;0.0
132.0;10.0;0.0
138.0;20.0;0.0
144.0;18.333333333333332;0.0
150.0;24.166666666666668;0.0
156.0;17.5;0.0
162.0;12.5;0.0
168.0;29.166666666666668;0.0
174.0;29.166666666666668;0.0
180.0;19.166666666666668;0.0
186.0;15.0;0.0
192.0;30.833333333333332;0.0
198.0;20.833333333333332;0.0
204.0;22.083333333333332;0.0
210.0;15.833333333333334;0.0
216.0;17.5;0.0
222.0;16.666666666666668;0.5
228.0;15.0;0.5
234.0;21.666666666666668;0.0
240.0;13.333333333333334;0.0
246.0;31.666666666666668;0.0
252.0;25.0;0.0
258.0;13.333333333333334;0.0
264.0;17.083333333333332;0.0
270.0;30.0;0.0
276.0;12.5;0.0
282.0;15.0;0.0
288.0;17.5;0.0
294.0;22.5;0.5
300.0;23.333333333333332;0.0
306.0;13.333333333333334;0.0
312.0;16.666666666666668;0.0
318.0;22.5;0.0
324.0;15.0;0.0
330.0;27.5;0.0
336.0;20.833333333333332;0.0
342.0;22.5;0.0
348.0;20.0;0.0
354.0;10.0;0.0
360.0;8.333333333333334;0.0
366.0;16.666666666666668;0.0
372.0;15.0;0.0
378.0;30.833333333333332;0.0
384.0;26.666666666666668;0.0
390.0;27.5;0.0
396.0;30.833333333333332;0.0
402.0;18.333333333333332;0.0
408.0;16.666666666666668;0.5
414.0;18.75;0.0
420.0;15.833333333333334;0.0
426.0;11.666666666666666;0.0
432.0;15.0;0.0
438.0;11.666666666666666;0.0
444.0;26.25;0.125
450.0;12.5;0.0
456.0;19.166666666666668;0.0
462.0;16.666666666666668;0.0
468.0;15.0;0.0
474.0;17.083333333333332;0.0
480.0;20.0;0.0
486.0;13.333333333333334;0.0
492.0;8.333333333333334;0.0
498.0;26.666666666666668;0.0
504.0;20.0;0.125
510.0;30.0;0.0
516.0;20.0;0.0
522.0;10.0;0.0
528.0;26.666666666666668;0.5
534.0;20.0;0.0
540.0;21.666666666666668;0.0
546.0;20.0;0.0
552.0;33.333333333333336;0.0
558.0;24.166666666666668;0.0
564.0;18.333333333333332;0.0
570.0;12.5;0.0
576.0;15.833333333333334;0.25
582.0;10.0;0.0
588.0;15.0;0.5
594.0;28.333333333333332;0.0
600.0;16.666666666666668;0.0
606.0;31.666666666666668;0.0
612.0;15.0;0.0
618.0;22.5;0.0
624.0;18.333333333333332;0.0
630.0;21.666666666666668;0.0
636.0;35.833333333333336;0.0
642.0;25.833333333333332;0.0
648.0;13.333333333333334;0.0
654.0;11.666666666666666;0.0
660.0;20.833333333333332;0.0
666.0;13.333333333333334;0.0
672.0;25.0;0.0
678.0;15.0;0.5
684.0;23.333333333333332;0.0
690.0;26.666666666666668;0.0
696.0;22.5;0.5
702.0;13.333333333333334;0.0
708.0;15.416666666666666;0.0
714.0;17.5;0.0
720.0;10.0;0.5
726.0;21.666666666666668;0.0
732.0;8.333333333333334;0.0
738.0;12.083333333333334;0.0
744.0;13.75;0.0
750.0;17.5;0.0
756.0;20.833333333333332;0.0
762.0;20.0;0.0
768.0;23.333333333333332;0.0
774.0;11.666666666666666;0.0
780.0;15.0;0.0
786.0;13.333333333333334;0.0
792.0;20.833333333333332;0.0
798.0;16.666666666666668;0.25
804.0;13.333333333333334;0.5
810.0;18.333333333333332;0.5
816.0;16.666666666666668;0.0
822.0;15.416666666666666;0.0
828.0;16.666666666666668;0.0
834.0;18.333333333333332;0.0
840.0;13.333333333333334;0.0
846.0;30.0;0.0
852.0;31.666666666666668;0.0
858.0;12.5;0.0
864.0;17.083333333333332;0.125
870.0;21.666666666666668;0.5
876.0;11.666666666666666;0.0
882.0;11.666666666666666;0.0
888.0;8.333333333333334;0.0
894.0;24.166666666666668;0.0
900.0;26.666666666666668;0.0
906.0;18.333333333333332;0.0
912.0;11.666666666666666;0.5
918.0;25.833333333333332;0.0
924.0;28.333333333333332;0.0
930.0;33.333333333333336;0.5
936.0;14.166666666666666;0.0
942.0;20.0;0.0
948.0;25.0;0.0
954.0;16.666666666666668;0.0
960.0;1.6666666666666667;0.0
966.0;16.666666666666668;0.0
972.0;20.0;0.5
978.0;20.0;0.0
984.0;20.0;0.0
990.0;20.833333333333332;0.0
996.0;28.333333333333332;0.0
1002.0;16.666666666666668;0.0
1008.0;18.333333333333332;0.5
1014.0;10.0;0.0
1020.0;8.333333333333334;0.0
1026.0;15.0;0.0
1032.0;11.666666666666666;0.5
1038.0;8.333333333333334;0.5
1044.0;22.5;0.0
1050.0;16.666666666666668;0.25
1056.0;23.333333333333332;0.0
1062.0;14.583333333333334;0.0
1068.0;18.333333333333332;0.5
1074.0;10.0;0.5
1080.0;13.333333333333334;0.5
1086.0;16.666666666666668;0.0
1092.0;16.666666666666668;0.0
1098.0;15.833333333333334;0.0
1104.0;14.166666666666666;0.0
1110.0;9.166666666666666;0.0
1116.0;25.833333333333332;0.0
1122.0;27.5;0.0
1128.0;14.166666666666666;0.5
1134.0;23.333333333333332;0.0
1140.0;15.0;0.0
1146.0;25.0;0.0
1152.0;24.583333333333332;0.0
1158.0;41.666666666666664;0.25
1164.0;13.333333333333334;0.0
1170.0;23.333333333333332;0.0
1176.0;10.0;0.0
1182.0;13.333333333333334;0.0
1188.0;15.416666666666666;0.0
1194.0;29.166666666666668;0.0
1200.0;12.5;0.0
1206.0;30.0;0.0
1212.0;10.0;0.0
1218.0;15.0;0.25
1224.0;13.333333333333334;0.0
1230.0;16.666666666666668;0.0
1236.0;8.333333333333334;0.0
1242.0;7.083333333333333;0.0
1248.0;5.0;0.0
1254.0;6.666666666666667;0.0
1260.0;10.0;0.0
1266.0;18.333333333333332;0.75
1272.0;34.166666666666664;0.0
1278.0;17.5;0.25
1284.0;18.333333333333332;0.0
1290.0;17.5;0.0
1296.0;22.5;0.5
1302.0;20.833333333333332;0.0
1308.0;24.166666666666668;0.0
1314.0;13.333333333333334;0.0
1320.0;21.666666666666668;0.0
1326.0;20.0;0.0
1332.0;15.0;0.0
1338.0;17.916666666666668;0.0
1344.0;24.166666666666668;0.0
1350.0;16.666666666666668;0.0
1356.0;33.333333333333336;0.0
1362.0;20.0;0.0
1368.0;26.666666666666668;0.0
1374.0;25.833333333333332;0.0
1380.0;18.333333333333332;0.0
1386.0;13.333333333333334;0.0
1392.0;19.166666666666668;0.0
1398.0;16.666666666666668;0.0
1404.0;13.333333333333334;0.0
1410.0;12.5;0.0
1416.0;8.333333333333334;0.5
1422.0;21.666666666666668;0.0
1428.0;27.5;0.0
1434.0;23.333333333333332;0.0
1440.0;13.333333333333334;0.5
1446.0;15.0;0.5
1452.0;13.333333333333334;0.0
1458.0;10.833333333333334;0.0
1464.0;14.166666666666666;0.0
1470.0;15.833333333333334;0.0
1476.0;13.333333333333334;0.25
1482.0;13.333333333333334;0.0
1488.0;13.333333333333334;0.0
1494.0;21.666666666666668;0.0
