#auto generated file!
180.0;77;32;16
186.0;76;34;15
192.0;76;35;14
198.0;77;37;11
204.0;79;35;11
210.0;76;31;18
216.0;77;31;17
222.0;70;37;18
228.0;72;36;17
234.0;75;36;14
240.0;76;33;16
246.0;82;29;14
252.0;78;34;13
258.0;79;31;15
264.0;77;31;17
270.0;78;32;15
276.0;78;34;13
282.0;79;31;15
288.0;77;32;16
294.0;84;30;11
300.0;83;28;14
306.0;80;29;16
312.0;80;31;14
318.0;76;32;17
324.0;79;31;15
330.0;79;28;18
336.0;82;27;16
342.0;82;29;14
348.0;81;31;13
354.0;80;26;19
360.0;81;24;20
366.0;74;29;22
372.0;73;29;23
378.0;71;30;24
384.0;64;36;25
390.0;68;37;20
396.0;74;34;17
402.0;76;32;17
408.0;72;32;21
414.0;71;29;25
420.0;69;31;25
426.0;70;32;23
432.0;70;38;17
438.0;76;32;17
444.0;74;36;15
450.0;73;35;17
456.0;69;35;21
462.0;68;37;20
468.0;70;37;18
474.0;69;35;21
480.0;74;32;19
486.0;78;31;16
492.0;78;29;18
498.0;72;32;21
504.0;77;30;18
510.0;79;34;12
516.0;80;37;8
522.0;78;33;14
528.0;74;34;17
534.0;70;37;18
540.0;72;37;16
546.0;77;33;15
552.0;78;33;14
558.0;80;29;16
564.0;80;28;17
570.0;78;29;18
576.0;76;30;19
582.0;76;33;16
588.0;80;31;14
594.0;78;35;12
600.0;83;29;13
606.0;79;28;18
612.0;80;28;17
618.0;78;33;14
624.0;79;31;15
630.0;74;30;21
636.0;70;32;23
642.0;74;30;21
648.0;75;31;19
654.0;78;33;14
660.0;73;37;15
666.0;69;43;13
672.0;70;42;13
678.0;70;40;15
684.0;68;41;16
690.0;71;39;15
696.0;71;38;16
702.0;64;43;18
708.0;65;45;15
714.0;69;42;14
720.0;67;46;12
726.0;69;46;10
732.0;68;45;12
738.0;70;40;15
744.0;69;42;14
750.0;66;40;19
756.0;71;37;17
762.0;74;34;17
768.0;74;33;18
774.0;74;28;23
780.0;78;27;20
786.0;76;30;19
792.0;77;33;15
798.0;73;35;17
804.0;73;36;16
810.0;73;37;15
816.0;72;35;18
822.0;74;34;17
828.0;67;33;25
834.0;71;37;17
840.0;66;38;21
846.0;69;38;18
852.0;73;31;21
858.0;74;35;16
864.0;76;37;12
870.0;78;34;13
876.0;75;32;18
882.0;75;31;19
888.0;81;26;18
894.0;78;26;21
900.0;83;24;18
906.0;83;24;18
912.0;82;27;16
918.0;77;26;22
924.0;72;32;21
930.0;72;35;18
936.0;70;38;17
942.0;73;33;19
948.0;71;36;18
954.0;68;36;21
960.0;62;39;24
966.0;59;44;22
972.0;63;41;21
978.0;71;35;19
984.0;78;32;15
990.0;83;27;15
996.0;85;28;12
1002.0;87;27;11
1008.0;87;27;11
1014.0;84;31;10
1020.0;80;30;15
1026.0;78;30;17
1032.0;83;30;12
1038.0;80;32;13
1044.0;73;31;21
1050.0;75;30;20
1056.0;72;36;17
1062.0;72;35;18
1068.0;77;33;15
1074.0;80;33;12
1080.0;76;38;11
1086.0;80;34;11
1092.0;82;35;8
1098.0;83;36;6
1104.0;78;33;14
1110.0;74;33;18
1116.0;76;33;16
1122.0;68;33;24
1128.0;63;37;25
1134.0;68;36;21
1140.0;66;40;19
1146.0;67;38;20
1152.0;69;36;20
1158.0;67;36;22
1164.0;65;41;19
1170.0;69;39;17
1176.0;73;40;12
1182.0;70;42;13
1188.0;69;39;17
1194.0;74;38;13
1200.0;73;36;16
1206.0;75;34;16
1212.0;76;31;18
1218.0;77;35;13
1224.0;67;43;15
1230.0;68;41;16
1236.0;68;44;13
1242.0;66;46;13
1248.0;63;47;15
1254.0;60;51;14
1260.0;58;47;20
1266.0;58;48;19
1272.0;66;47;12
1278.0;73;38;14
1284.0;68;39;18
1290.0;65;38;22
1296.0;67;39;19
1302.0;71;36;18
1308.0;74;34;17
1314.0;76;37;12
1320.0;74;37;14
1326.0;71;35;19
1332.0;71;33;21
1338.0;69;30;26
1344.0;69;34;22
1350.0;71;39;15
1356.0;66;43;16
1362.0;64;44;17
1368.0;65;44;16
1374.0;63;45;17
1380.0;65;46;14
1386.0;65;48;12
1392.0;69;43;13
1398.0;64;46;15
1404.0;62;48;15
1410.0;66;48;11
1416.0;66;46;13
1422.0;65;42;18
1428.0;66;45;14
1434.0;67;46;12
1440.0;70;42;13
1446.0;72;41;12
1452.0;71;39;15
1458.0;72;38;15
1464.0;69;40;16
1470.0;69;36;20
1476.0;70;38;17
1482.0;67;40;18
1488.0;65;40;20
1494.0;66;36;23
