#auto generated file!
180.0;119;55;26
186.0;116;61;23
192.0;113;57;30
198.0;110;59;31
204.0;112;59;29
210.0;112;55;33
216.0;114;59;27
222.0;115;56;29
228.0;118;59;23
234.0;114;56;30
240.0;113;57;30
246.0;118;61;21
252.0;124;57;19
258.0;118;55;27
264.0;118;55;27
270.0;118;52;30
276.0;115;57;28
282.0;118;51;31
288.0;115;56;29
294.0;118;58;24
300.0;119;56;25
306.0;119;52;29
312.0;113;55;32
318.0;116;53;31
324.0;114;54;32
330.0;120;53;27
336.0;114;56;30
342.0;112;60;28
348.0;114;55;31
354.0;111;61;28
360.0;112;56;32
366.0;108;60;32
372.0;106;65;29
378.0;108;64;28
384.0;110;61;29
390.0;117;57;26
396.0;115;58;27
402.0;113;59;28
408.0;112;61;27
414.0;111;65;24
420.0;113;68;19
426.0;112;62;26
432.0;109;67;24
438.0;103;68;29
444.0;102;63;35
450.0;104;64;32
456.0;103;67;30
462.0;101;67;32
468.0;107;63;30
474.0;109;59;32
480.0;107;62;31
486.0;111;62;27
492.0;116;61;23
498.0;117;64;19
504.0;109;67;24
510.0;110;67;23
516.0;116;59;25
522.0;116;60;24
528.0;115;62;23
534.0;109;62;29
540.0;107;60;33
546.0;108;67;25
552.0;103;68;29
558.0;100;68;32
564.0;109;63;28
570.0;114;60;26
576.0;115;60;25
582.0;115;59;26
588.0;119;55;26
594.0;117;61;22
600.0;112;53;35
606.0;112;61;27
612.0;109;62;29
618.0;106;64;30
624.0;103;64;33
630.0;114;61;25
636.0;116;63;21
642.0;113;61;26
648.0;115;60;25
654.0;119;51;30
660.0;118;53;29
666.0;118;48;34
672.0;118;51;31
678.0;119;48;33
684.0;112;52;36
690.0;115;48;37
696.0;118;50;32
702.0;118;55;27
708.0;118;54;28
714.0;117;48;35
720.0;117;52;31
726.0;117;51;32
732.0;117;54;29
738.0;117;55;28
744.0;119;52;29
750.0;122;49;29
756.0;125;47;28
762.0;121;50;29
768.0;122;43;35
774.0;124;39;37
780.0;122;44;34
786.0;118;50;32
792.0;120;49;31
798.0;127;49;24
804.0;126;51;23
810.0;131;49;20
816.0;128;49;23
822.0;125;46;29
828.0;122;55;23
834.0;119;60;21
840.0;115;55;30
846.0;115;60;25
852.0;115;58;27
858.0;115;55;30
864.0;121;49;30
870.0;126;47;27
876.0;125;47;28
882.0;128;42;30
888.0;124;48;28
894.0;124;49;27
900.0;117;57;26
906.0;122;55;23
912.0;117;58;25
918.0;110;62;28
924.0;112;57;31
930.0;109;64;27
936.0;107;61;32
942.0;112;56;32
948.0;118;55;27
954.0;102;62;36
960.0;103;66;31
966.0;104;64;32
972.0;110;57;33
978.0;119;55;26
984.0;121;56;23
990.0;120;57;23
996.0;121;55;24
1002.0;124;47;29
1008.0;129;44;27
1014.0;127;47;26
1020.0;123;49;28
1026.0;117;53;30
1032.0;119;54;27
1038.0;117;51;32
1044.0;115;48;37
1050.0;113;51;36
1056.0;116;51;33
1062.0;120;48;32
1068.0;117;52;31
1074.0;118;50;32
1080.0;121;51;28
1086.0;116;58;26
1092.0;117;55;28
1098.0;124;51;25
1104.0;124;55;21
1110.0;135;53;12
1116.0;135;54;11
1122.0;133;50;17
1128.0;127;53;20
1134.0;122;50;28
1140.0;127;47;26
1146.0;120;55;25
1152.0;112;61;27
1158.0;111;64;25
1164.0;114;62;24
1170.0;113;64;23
1176.0;117;58;25
1182.0;117;57;26
1188.0;122;51;27
1194.0;120;52;28
1200.0;123;47;30
1206.0;125;49;26
1212.0;128;48;24
1218.0;127;49;24
1224.0;123;52;25
1230.0;114;53;33
1236.0;111;50;39
1242.0;111;53;36
1248.0;115;47;38
1254.0;117;48;35
1260.0;115;53;32
1266.0;111;54;35
1272.0;116;58;26
1278.0;120;57;23
1284.0;118;58;24
1290.0;117;58;25
1296.0;121;56;23
1302.0;116;54;30
1308.0;114;57;29
1314.0;116;58;26
1320.0;114;58;28
1326.0;114;56;30
1332.0;114;53;33
1338.0;123;46;31
1344.0;125;47;28
1350.0;128;44;28
1356.0;119;53;28
1362.0;112;61;27
1368.0;112;61;27
1374.0;103;67;30
1380.0;100;70;30
1386.0;102;62;36
1392.0;104;59;37
1398.0;107;60;33
1404.0;103;72;25
1410.0;107;72;21
1416.0;109;71;20
1422.0;111;64;25
1428.0;117;58;25
1434.0;116;59;25
1440.0;123;55;22
1446.0;126;48;26
1452.0;130;46;24
1458.0;126;46;28
1464.0;124;45;31
1470.0;116;48;36
1476.0;116;50;34
1482.0;120;43;37
1488.0;121;48;31
1494.0;116;54;30
