#auto generated file!
180.0;155;74;46
186.0;151;72;52
192.0;149;75;51
198.0;149;79;47
204.0;149;79;47
210.0;154;74;47
216.0;160;73;42
222.0;161;71;43
228.0;156;70;49
234.0;152;74;49
240.0;154;73;48
246.0;152;81;42
252.0;156;75;44
258.0;154;80;41
264.0;156;79;40
270.0;155;80;40
276.0;159;74;42
282.0;160;74;41
288.0;163;71;41
294.0;167;70;38
300.0;165;81;29
306.0;155;89;31
312.0;153;88;34
318.0;159;80;36
324.0;157;84;34
330.0;154;84;37
336.0;147;85;43
342.0;148;88;39
348.0;139;96;40
354.0;147;91;37
360.0;156;83;36
366.0;159;85;31
372.0;158;88;29
378.0;153;88;34
384.0;156;84;35
390.0;147;92;36
396.0;147;85;43
402.0;150;80;45
408.0;153;84;38
414.0;156;86;33
420.0;155;89;31
426.0;156;89;30
432.0;152;88;35
438.0;154;84;37
444.0;160;79;36
450.0;154;83;38
456.0;158;76;41
462.0;165;71;39
468.0;162;74;39
474.0;159;80;36
480.0;157;79;39
486.0;153;80;42
492.0;147;79;49
498.0;152;77;46
504.0;154;71;50
510.0;152;80;43
516.0;146;88;41
522.0;150;89;36
528.0;154;85;36
534.0;151;87;37
540.0;156;81;38
546.0;160;80;35
552.0;161;79;35
558.0;158;83;34
564.0;158;79;38
570.0;152;83;40
576.0;156;79;40
582.0;159;76;40
588.0;158;78;39
594.0;165;72;38
600.0;161;73;41
606.0;170;69;36
612.0;165;75;35
618.0;166;74;35
624.0;170;72;33
630.0;167;76;32
636.0;158;81;36
642.0;160;70;45
648.0;151;84;40
654.0;157;81;37
660.0;159;78;38
666.0;158;80;37
672.0;156;82;37
678.0;148;86;41
684.0;151;88;36
690.0;152;85;38
696.0;149;93;33
702.0;144;94;37
708.0;148;89;38
714.0;150;84;41
720.0;155;79;41
726.0;150;81;44
732.0;158;77;40
738.0;163;76;36
744.0;165;78;32
750.0;163;84;28
756.0;162;85;28
762.0;162;86;27
768.0;164;79;32
774.0;160;83;32
780.0;157;79;39
786.0;155;79;41
792.0;155;77;43
798.0;148;77;50
804.0;146;87;42
810.0;151;86;38
816.0;148;89;38
822.0;153;81;41
828.0;155;80;40
834.0;153;85;37
840.0;152;82;41
846.0;162;75;38
852.0;161;78;36
858.0;160;76;39
864.0;157;78;40
870.0;160;78;37
876.0;152;78;45
882.0;155;82;38
888.0;147;86;42
894.0;149;86;40
900.0;151;92;32
906.0;143;96;36
912.0;145;96;34
918.0;145;98;32
924.0;149;92;34
930.0;146;93;36
936.0;158;85;32
942.0;158;81;36
948.0;168;79;28
954.0;170;78;27
960.0;163;83;29
966.0;162;83;30
972.0;156;81;38
978.0;156;80;39
984.0;155;79;41
990.0;161;81;33
996.0;159;82;34
1002.0;162;72;41
1008.0;167;69;39
1014.0;161;74;40
1020.0;161;73;41
1026.0;164;75;36
1032.0;158;75;42
1038.0;162;67;46
1044.0;168;63;44
1050.0;155;78;42
1056.0;153;74;48
1062.0;156;79;40
1068.0;155;74;46
1074.0;162;74;39
1080.0;158;90;27
1086.0;154;84;37
1092.0;152;89;34
1098.0;149;90;36
1104.0;150;90;35
1110.0;152;85;38
1116.0;152;82;41
1122.0;154;83;38
1128.0;152;81;42
1134.0;150;83;42
1140.0;144;94;37
1146.0;143;96;36
1152.0;151;89;35
1158.0;150;80;45
1164.0;148;77;50
1170.0;162;67;46
1176.0;163;70;42
1182.0;162;69;44
1188.0;157;79;39
1194.0;163;76;36
1200.0;155;79;41
1206.0;156;77;42
1212.0;157;74;44
1218.0;158;79;38
1224.0;159;80;36
1230.0;156;84;35
1236.0;156;80;39
1242.0;157;76;42
1248.0;164;70;41
1254.0;163;66;46
1260.0;164;69;42
1266.0;169;70;36
1272.0;169;76;30
1278.0;168;75;32
1284.0;165;74;36
1290.0;166;66;43
1296.0;176;64;35
1302.0;179;64;32
1308.0;178;67;30
1314.0;177;65;33
1320.0;175;65;35
1326.0;175;64;36
1332.0;179;61;35
1338.0;172;69;34
1344.0;170;74;31
1350.0;165;75;35
1356.0;162;77;36
1362.0;163;79;33
1368.0;165;76;34
1374.0;157;82;36
1380.0;148;88;39
1386.0;152;82;41
1392.0;149;83;43
1398.0;146;83;46
1404.0;144;85;46
1410.0;145;87;43
1416.0;145;91;39
1422.0;147;88;40
1428.0;158;79;38
1434.0;163;74;38
1440.0;167;75;33
1446.0;170;71;34
1452.0;173;69;33
1458.0;170;70;35
1464.0;165;74;36
1470.0;168;73;34
1476.0;176;73;26
1482.0;176;70;29
1488.0;167;73;35
1494.0;166;78;31
