#auto generated file!
180.0;123;56;21
186.0;115;57;28
192.0;115;61;24
198.0;113;58;29
204.0;112;58;30
210.0;113;60;27
216.0;113;62;25
222.0;107;63;30
228.0;103;63;34
234.0;108;64;28
240.0;105;66;29
246.0;108;59;33
252.0;106;61;33
258.0;108;55;37
264.0;109;54;37
270.0;114;51;35
276.0;113;57;30
282.0;118;61;21
288.0;120;60;20
294.0;116;64;20
300.0;116;70;14
306.0;110;76;14
312.0;108;74;18
318.0;105;70;25
324.0;115;57;28
330.0;122;56;22
336.0;118;56;26
342.0;118;54;28
348.0;118;56;26
354.0;118;53;29
360.0;114;54;32
366.0;121;55;24
372.0;127;51;22
378.0;130;49;21
384.0;125;44;31
390.0;126;41;33
396.0;122;39;39
402.0;128;45;27
408.0;120;47;33
414.0;126;49;25
420.0;123;49;28
426.0;119;49;32
432.0;116;53;31
438.0;114;52;34
444.0;117;46;37
450.0;116;46;38
456.0;119;49;32
462.0;115;52;33
468.0;113;53;34
474.0;112;53;35
480.0;116;50;34
486.0;123;46;31
492.0;127;44;29
498.0;128;45;27
504.0;123;45;32
510.0;128;43;29
516.0;128;38;34
522.0;122;43;35
528.0;123;47;30
534.0;120;51;29
540.0;120;58;22
546.0;123;53;24
552.0;128;47;25
558.0;130;46;24
564.0;125;47;28
570.0;119;50;31
576.0;118;55;27
582.0;119;54;27
588.0;114;55;31
594.0;117;58;25
600.0;117;58;25
606.0;117;58;25
612.0;118;57;25
618.0;119;59;22
624.0;114;59;27
630.0;113;59;28
636.0;110;61;29
642.0;105;64;31
648.0;105;65;30
654.0;114;61;25
660.0;117;63;20
666.0;120;59;21
672.0;117;60;23
678.0;120;59;21
684.0;116;60;24
690.0;111;67;22
696.0;111;68;21
702.0;118;65;17
708.0;106;68;26
714.0;108;70;22
720.0;106;67;27
726.0;106;66;28
732.0;101;71;28
738.0;108;63;29
744.0;112;62;26
750.0;117;56;27
756.0;116;50;34
762.0;117;51;32
768.0;122;56;22
774.0;121;59;20
780.0;120;57;23
786.0;124;55;21
792.0;126;54;20
798.0;127;52;21
804.0;128;53;19
810.0;123;56;21
816.0;120;54;26
822.0;117;53;30
828.0;117;52;31
834.0;118;53;29
840.0;118;53;29
846.0;115;56;29
852.0;109;56;35
858.0;109;52;39
864.0;112;55;33
870.0;105;58;37
876.0;107;56;37
882.0;110;55;35
888.0;106;62;32
894.0;109;66;25
900.0;109;67;24
906.0;109;60;31
912.0;111;61;28
918.0;114;60;26
924.0;113;61;26
930.0;113;62;25
936.0;111;63;26
942.0;116;57;27
948.0;120;53;27
954.0;121;50;29
960.0;119;51;30
966.0;122;47;31
972.0;113;56;31
978.0;109;63;28
984.0;111;64;25
990.0;118;56;26
996.0;116;62;22
1002.0;116;56;28
1008.0;116;51;33
1014.0;116;60;24
1020.0;121;57;22
1026.0;123;49;28
1032.0;123;50;27
1038.0;128;47;25
1044.0;126;47;27
1050.0;121;48;31
1056.0;120;48;32
1062.0;119;44;37
1068.0;121;45;34
1074.0;119;48;33
1080.0;115;46;39
1086.0;115;46;39
1092.0;116;48;36
1098.0;116;51;33
1104.0;113;52;35
1110.0;114;49;37
1116.0;124;46;30
1122.0;129;40;31
1128.0;124;48;28
1134.0;115;57;28
1140.0;109;65;26
1146.0;103;75;22
1152.0;106;71;23
1158.0;110;66;24
1164.0;111;66;23
1170.0;109;66;25
1176.0;109;67;24
1182.0;109;67;24
1188.0;108;66;26
1194.0;106;68;26
1200.0;107;64;29
1206.0;108;68;24
1212.0;113;61;26
1218.0;115;56;29
1224.0;117;51;32
1230.0;119;50;31
1236.0;122;45;33
1242.0;121;42;37
1248.0;123;46;31
1254.0;120;50;30
1260.0;115;55;30
1266.0;119;53;28
1272.0;122;48;30
1278.0;116;50;34
1284.0;120;51;29
1290.0;120;50;30
1296.0;123;47;30
1302.0;121;48;31
1308.0;113;49;38
1314.0;112;54;34
1320.0;121;49;30
1326.0;118;51;31
1332.0;110;58;32
1338.0;116;57;27
1344.0;119;55;26
1350.0;117;57;26
1356.0;116;57;27
1362.0;114;61;25
1368.0;115;63;22
1374.0;118;57;25
1380.0;114;56;30
1386.0;116;57;27
1392.0;114;57;29
1398.0;117;49;34
1404.0;119;49;32
1410.0;119;51;30
1416.0;115;51;34
1422.0;120;44;36
1428.0;121;49;30
1434.0;120;50;30
1440.0;115;49;36
1446.0;118;53;29
1452.0;123;49;28
1458.0;129;45;26
1464.0;132;45;23
1470.0;130;44;26
1476.0;125;48;27
1482.0;122;48;30
1488.0;121;48;31
1494.0;123;51;26
