#auto generated file!
180.0;64;22;14
186.0;61;25;14
192.0;60;25;15
198.0;59;27;14
204.0;57;28;15
210.0;58;28;14
216.0;59;28;13
222.0;58;34;8
228.0;56;34;10
234.0;56;32;12
240.0;53;30;17
246.0;53;31;16
252.0;49;37;14
258.0;51;38;11
264.0;50;39;11
270.0;51;40;9
276.0;51;36;13
282.0;53;35;12
288.0;55;32;13
294.0;51;37;12
300.0;50;35;15
306.0;55;31;14
312.0;52;30;18
318.0;56;29;15
324.0;60;24;16
330.0;62;25;13
336.0;62;24;14
342.0;58;26;16
348.0;58;26;16
354.0;57;28;15
360.0;58;32;10
366.0;66;27;7
372.0;68;22;10
378.0;63;25;12
384.0;63;25;12
390.0;62;27;11
396.0;59;24;17
402.0;58;24;18
408.0;56;27;17
414.0;54;31;15
420.0;57;31;12
426.0;57;29;14
432.0;55;27;18
438.0;52;30;18
444.0;54;29;17
450.0;52;30;18
456.0;52;31;17
462.0;55;31;14
468.0;54;29;17
474.0;47;34;19
480.0;48;32;20
486.0;53;32;15
492.0;55;28;17
498.0;49;30;21
504.0;46;34;20
510.0;46;32;22
516.0;48;36;16
522.0;49;40;11
528.0;51;36;13
534.0;50;36;14
540.0;51;36;13
546.0;56;28;16
552.0;59;25;16
558.0;57;29;14
564.0;55;32;13
570.0;57;32;11
576.0;57;32;11
582.0;58;31;11
588.0;57;34;9
594.0;56;32;12
600.0;52;35;13
606.0;54;29;17
612.0;55;30;15
618.0;59;27;14
624.0;57;30;13
630.0;60;27;13
636.0;63;25;12
642.0;63;27;10
648.0;59;27;14
654.0;60;27;13
660.0;63;24;13
666.0;66;24;10
672.0;60;28;12
678.0;61;27;12
684.0;61;29;10
690.0;59;31;10
696.0;59;33;8
702.0;57;36;7
708.0;54;38;8
714.0;55;37;8
720.0;54;36;10
726.0;49;33;18
732.0;53;29;18
738.0;51;33;16
744.0;53;30;17
750.0;55;30;15
756.0;59;25;16
762.0;55;25;20
768.0;55;26;19
774.0;58;25;17
780.0;55;25;20
786.0;57;23;20
792.0;50;24;26
798.0;51;29;20
804.0;52;28;20
810.0;54;31;15
816.0;55;33;12
822.0;54;35;11
828.0;61;34;5
834.0;61;33;6
840.0;59;33;8
846.0;59;31;10
852.0;58;35;7
858.0;57;34;9
864.0;58;33;9
870.0;61;29;10
876.0;64;28;8
882.0;61;27;12
888.0;62;28;10
894.0;62;27;11
900.0;59;28;13
906.0;61;26;13
912.0;59;27;14
918.0;58;25;17
924.0;59;25;16
930.0;57;25;18
936.0;65;19;16
942.0;64;19;17
948.0;63;23;14
954.0;63;23;14
960.0;59;27;14
966.0;58;25;17
972.0;56;24;20
978.0;53;28;19
984.0;56;27;17
990.0;54;28;18
996.0;56;23;21
1002.0;59;24;17
1008.0;58;24;18
1014.0;57;24;19
1020.0;58;23;19
1026.0;54;26;20
1032.0;56;29;15
1038.0;60;25;15
1044.0;58;30;12
1050.0;57;31;12
1056.0;61;29;10
1062.0;58;35;7
1068.0;55;35;10
1074.0;56;32;12
1080.0;53;29;18
1086.0;51;34;15
1092.0;49;37;14
1098.0;46;39;15
1104.0;45;36;19
1110.0;45;35;20
1116.0;48;33;19
1122.0;48;34;18
1128.0;51;30;19
1134.0;53;29;18
1140.0;52;30;18
1146.0;54;24;22
1152.0;54;27;19
1158.0;57;25;18
1164.0;55;29;16
1170.0;59;30;11
1176.0;54;30;16
1182.0;56;25;19
1188.0;56;27;17
1194.0;56;31;13
1200.0;57;32;11
1206.0;58;29;13
1212.0;60;30;10
1218.0;56;30;14
1224.0;56;30;14
1230.0;62;29;9
1236.0;64;24;12
1242.0;64;28;8
1248.0;67;29;4
1254.0;65;28;7
1260.0;67;26;7
1266.0;67;24;9
1272.0;64;26;10
1278.0;64;24;12
1284.0;60;25;15
1290.0;63;23;14
1296.0;58;29;13
1302.0;57;27;16
1308.0;59;28;13
1314.0;56;28;16
1320.0;56;27;17
1326.0;54;29;17
1332.0;60;28;12
1338.0;60;31;9
1344.0;59;34;7
1350.0;59;35;6
1356.0;56;33;11
1362.0;57;34;9
1368.0;58;34;8
1374.0;51;36;13
1380.0;51;36;13
1386.0;51;34;15
1392.0;51;34;15
1398.0;51;31;18
1404.0;56;31;13
1410.0;54;31;15
1416.0;50;34;16
1422.0;53;37;10
1428.0;55;36;9
1434.0;59;33;8
1440.0;62;32;6
1446.0;59;30;11
1452.0;57;25;18
1458.0;61;26;13
1464.0;61;22;17
1470.0;62;20;18
1476.0;62;24;14
1482.0;60;26;14
1488.0;59;31;10
1494.0;58;34;8
