#auto generated file!
180.0;199;102;49
186.0;203;103;44
192.0;195;105;50
198.0;194;100;56
204.0;190;104;56
210.0;199;107;44
216.0;197;109;44
222.0;198;111;41
228.0;208;101;41
234.0;204;111;35
240.0;205;102;43
246.0;206;99;45
252.0;198;103;49
258.0;199;97;54
264.0;203;98;49
270.0;208;101;41
276.0;209;103;38
282.0;208;108;34
288.0;203;107;40
294.0;207;100;43
300.0;207;97;46
306.0;199;96;55
312.0;206;92;52
318.0;204;86;60
324.0;206;88;56
330.0;198;96;56
336.0;198;94;58
342.0;200;102;48
348.0;193;111;46
354.0;197;99;54
360.0;200;96;54
366.0;197;96;57
372.0;197;98;55
378.0;198;103;49
384.0;200;99;51
390.0;195;101;54
396.0;197;102;51
402.0;203;92;55
408.0;208;90;52
414.0;214;84;52
420.0;214;87;49
426.0;212;88;50
432.0;219;86;45
438.0;220;85;45
444.0;223;88;39
450.0;213;92;45
456.0;199;97;54
462.0;206;91;53
468.0;211;85;54
474.0;212;84;54
480.0;207;90;53
486.0;203;94;53
492.0;208;98;44
498.0;201;103;46
504.0;191;109;50
510.0;200;105;45
516.0;197;113;40
522.0;196;111;43
528.0;194;108;48
534.0;197;113;40
540.0;204;104;42
546.0;200;103;47
552.0;202;100;48
558.0;204;98;48
564.0;202;100;48
570.0;198;103;49
576.0;203;101;46
582.0;210;99;41
588.0;208;94;48
594.0;212;92;46
600.0;212;95;43
606.0;219;93;38
612.0;221;87;42
618.0;212;91;47
624.0;213;85;52
630.0;213;90;47
636.0;210;96;44
642.0;203;98;49
648.0;196;98;56
654.0;198;98;54
660.0;205;96;49
666.0;196;103;51
672.0;197;105;48
678.0;194;105;51
684.0;192;102;56
690.0;185;111;54
696.0;183;114;53
702.0;179;121;50
708.0;178;117;55
714.0;182;116;52
720.0;183;112;55
726.0;191;108;51
732.0;195;102;53
738.0;199;109;42
744.0;194;105;51
750.0;200;95;55
756.0;197;99;54
762.0;200;107;43
768.0;190;115;45
774.0;188;119;43
780.0;196;111;43
786.0;192;115;43
792.0;199;106;45
798.0;201;104;45
804.0;188;107;55
810.0;196;105;49
816.0;206;99;45
822.0;207;89;54
828.0;210;89;51
834.0;216;88;46
840.0;209;91;50
846.0;202;94;54
852.0;206;90;54
858.0;205;90;55
864.0;203;88;59
870.0;212;84;54
876.0;206;91;53
882.0;210;89;51
888.0;213;91;46
894.0;210;87;53
900.0;206;85;59
906.0;205;91;54
912.0;201;96;53
918.0;203;101;46
924.0;194;106;50
930.0;196;99;55
936.0;202;102;46
942.0;197;105;48
948.0;193;106;51
954.0;195;98;57
960.0;194;100;56
966.0;196;99;55
972.0;202;98;50
978.0;202;101;47
984.0;203;103;44
990.0;206;100;44
996.0;200;104;46
1002.0;208;105;37
1008.0;206;96;48
1014.0;205;102;43
1020.0;203;104;43
1026.0;198;109;43
1032.0;199;107;44
1038.0;199;100;51
1044.0;200;106;44
1050.0;207;107;36
1056.0;208;99;43
1062.0;214;98;38
1068.0;216;92;42
1074.0;210;86;54
1080.0;209;81;60
1086.0;205;89;56
1092.0;213;88;49
1098.0;217;84;49
1104.0;221;82;47
1110.0;217;88;45
1116.0;218;86;46
1122.0;217;88;45
1128.0;212;94;44
1134.0;209;92;49
1140.0;205;85;60
1146.0;210;86;54
1152.0;204;95;51
1158.0;208;86;56
1164.0;207;89;54
1170.0;204;89;57
1176.0;215;78;57
1182.0;206;87;57
1188.0;202;96;52
1194.0;198;96;56
1200.0;206;89;55
1206.0;206;87;57
1212.0;207;80;63
1218.0;205;84;61
1224.0;204;92;54
1230.0;209;92;49
1236.0;205;94;51
1242.0;205;96;49
1248.0;194;104;52
1254.0;197;106;47
1260.0;190;107;53
1266.0;204;102;44
1272.0;213;98;39
1278.0;204;106;40
1284.0;198;103;49
1290.0;199;103;48
1296.0;194;104;52
1302.0;193;97;60
1308.0;192;107;51
1314.0;189;104;57
1320.0;196;98;56
1326.0;202;101;47
1332.0;204;98;48
1338.0;205;100;45
1344.0;210;96;44
1350.0;211;96;43
1356.0;203;104;43
1362.0;212;94;44
1368.0;206;93;51
1374.0;212;94;44
1380.0;211;101;38
1386.0;213;100;37
1392.0;213;94;43
1398.0;210;97;43
1404.0;218;83;49
1410.0;215;79;56
1416.0;214;84;52
1422.0;217;84;49
1428.0;224;90;36
1434.0;226;85;39
1440.0;222;84;44
1446.0;216;88;46
1452.0;211;96;43
1458.0;206;95;49
1464.0;207;96;47
1470.0;205;91;54
1476.0;205;90;55
1482.0;210;84;56
1488.0;211;84;55
1494.0;201;86;63
