#auto generated file!
180.0;165;82;28
186.0;164;82;29
192.0;171;77;27
198.0;164;77;34
204.0;163;79;33
210.0;159;80;36
216.0;158;74;43
222.0;166;67;42
228.0;166;72;37
234.0;160;73;42
240.0;162;68;45
246.0;158;75;42
252.0;158;75;42
258.0;157;74;44
264.0;149;84;42
270.0;150;78;47
276.0;154;78;43
282.0;149;80;46
288.0;151;83;41
294.0;154;81;40
300.0;157;76;42
306.0;155;81;39
312.0;161;76;38
318.0;167;75;33
324.0;161;74;40
330.0;158;79;38
336.0;157;77;41
342.0;152;76;47
348.0;151;76;48
354.0;154;72;49
360.0;151;75;49
366.0;157;73;45
372.0;155;75;45
378.0;158;75;42
384.0;161;76;38
390.0;167;72;36
396.0;168;76;31
402.0;159;77;39
408.0;160;79;36
414.0;155;80;40
420.0;156;82;37
426.0;162;73;40
432.0;157;79;39
438.0;156;79;40
444.0;158;78;39
450.0;159;80;36
456.0;156;85;34
462.0;157;85;33
468.0;159;79;37
474.0;156;82;37
480.0;153;86;36
486.0;151;96;28
492.0;148;97;30
498.0;150;90;35
504.0;154;90;31
510.0;157;86;32
516.0;155;89;31
522.0;158;85;32
528.0;154;84;37
534.0;161;78;36
540.0;159;81;35
546.0;161;78;36
552.0;160;78;37
558.0;156;76;43
564.0;158;76;41
570.0;158;70;47
576.0;159;74;42
582.0;163;72;40
588.0;167;73;35
594.0;168;77;30
600.0;164;82;29
606.0;164;82;29
612.0;168;85;22
618.0;156;96;23
624.0;158;90;27
630.0;159;87;29
636.0;162;84;29
642.0;166;78;31
648.0;162;85;28
654.0;158;88;29
660.0;155;95;25
666.0;164;82;29
672.0;162;86;27
678.0;155;87;33
684.0;158;85;32
690.0;156;88;31
696.0;157;89;29
702.0;165;83;27
708.0;165;79;31
714.0;161;75;39
720.0;155;78;42
726.0;154;78;43
732.0;154;77;44
738.0;153;80;42
744.0;158;82;35
750.0;153;88;34
756.0;159;80;36
762.0;163;75;37
768.0;161;77;37
774.0;164;71;40
780.0;160;77;38
786.0;158;82;35
792.0;153;84;38
798.0;157;87;31
804.0;157;82;36
810.0;157;81;37
816.0;149;83;43
822.0;154;81;40
828.0;155;72;48
834.0;159;77;39
840.0;157;76;42
846.0;159;76;40
852.0;160;75;40
858.0;159;79;37
864.0;165;78;32
870.0;160;83;32
876.0;164;84;27
882.0;169;76;30
888.0;169;74;32
894.0;162;75;38
900.0;162;71;42
906.0;159;76;40
912.0;156;81;38
918.0;162;74;39
924.0;156;81;38
930.0;160;87;28
936.0;148;88;39
942.0;149;89;37
948.0;153;85;37
954.0;156;78;41
960.0;161;71;43
966.0;164;68;43
972.0;165;69;41
978.0;165;71;39
984.0;165;68;42
990.0;158;71;46
996.0;152;78;45
1002.0;149;81;45
1008.0;151;78;46
1014.0;154;80;41
1020.0;154;81;40
1026.0;153;85;37
1032.0;157;80;38
1038.0;157;75;43
1044.0;149;83;43
1050.0;145;84;46
1056.0;137;95;43
1062.0;138;92;45
1068.0;138;83;54
1074.0;144;77;54
1080.0;143;79;53
1086.0;146;76;53
1092.0;159;77;39
1098.0;161;70;44
1104.0;161;67;47
1110.0;169;64;42
1116.0;167;59;49
1122.0;169;66;40
1128.0;181;68;26
1134.0;173;75;27
1140.0;161;84;30
1146.0;163;83;29
1152.0;161;85;29
1158.0;171;77;27
1164.0;177;70;28
1170.0;182;66;27
1176.0;182;64;29
1182.0;180;69;26
1188.0;181;68;26
1194.0;175;76;24
1200.0;174;73;28
1206.0;171;75;29
1212.0;168;76;31
1218.0;165;75;35
1224.0;156;82;37
1230.0;151;90;34
1236.0;155;86;34
1242.0;153;89;33
1248.0;151;95;29
1254.0;159;92;24
1260.0;161;91;23
1266.0;158;81;36
1272.0;160;78;37
1278.0;164;76;35
1284.0;167;75;33
1290.0;162;79;34
1296.0;160;84;31
1302.0;159;77;39
1308.0;153;83;39
1314.0;156;74;45
1320.0;150;75;50
1326.0;160;74;41
1332.0;163;69;43
1338.0;159;70;46
1344.0;162;72;41
1350.0;165;73;37
1356.0;165;73;37
1362.0;164;75;36
1368.0;160;75;40
1374.0;161;78;36
1380.0;159;81;35
1386.0;153;83;39
1392.0;157;77;41
1398.0;158;77;40
1404.0;156;80;39
1410.0;149;80;46
1416.0;144;87;44
1422.0;149;75;51
1428.0;155;75;45
1434.0;151;83;41
1440.0;149;84;42
1446.0;153;80;42
1452.0;153;83;39
1458.0;161;78;36
1464.0;163;71;41
1470.0;164;67;44
1476.0;167;67;41
1482.0;163;70;42
1488.0;155;76;44
1494.0;156;73;46
