#auto generated file!
180.0;28;14;8
186.0;31;11;8
192.0;33;9;8
198.0;34;9;7
204.0;37;9;4
210.0;36;9;5
216.0;33;11;6
222.0;33;8;9
228.0;33;8;9
234.0;31;12;7
240.0;30;12;8
246.0;31;13;6
252.0;29;15;6
258.0;26;15;9
264.0;28;14;8
270.0;24;16;10
276.0;25;15;10
282.0;27;15;8
288.0;29;12;9
294.0;31;8;11
300.0;33;8;9
306.0;30;8;12
312.0;31;8;11
318.0;29;11;10
324.0;31;10;9
330.0;30;10;10
336.0;29;14;7
342.0;27;15;8
348.0;28;16;6
354.0;26;16;8
360.0;24;20;6
366.0;21;22;7
372.0;23;22;5
378.0;25;19;6
384.0;23;19;8
390.0;24;16;10
396.0;25;17;8
402.0;25;16;9
408.0;25;15;10
414.0;25;15;10
420.0;27;15;8
426.0;30;14;6
432.0;31;15;4
438.0;34;14;2
444.0;34;13;3
450.0;32;13;5
456.0;31;14;5
462.0;25;21;4
468.0;26;22;2
474.0;26;18;6
480.0;29;15;6
486.0;26;18;6
492.0;29;17;4
498.0;30;14;6
504.0;30;14;6
510.0;32;12;6
516.0;33;10;7
522.0;34;10;6
528.0;35;8;7
534.0;32;10;8
540.0;32;10;8
546.0;32;11;7
552.0;31;10;9
558.0;32;9;9
564.0;30;11;9
570.0;28;10;12
576.0;29;12;9
582.0;29;11;10
588.0;29;10;11
594.0;29;11;10
600.0;30;13;7
606.0;29;14;7
612.0;28;14;8
618.0;30;12;8
624.0;30;9;11
630.0;32;9;9
636.0;31;11;8
642.0;31;10;9
648.0;33;9;8
654.0;32;12;6
660.0;32;12;6
666.0;32;11;7
672.0;33;10;7
678.0;34;13;3
684.0;35;12;3
690.0;32;13;5
696.0;32;12;6
702.0;32;13;5
708.0;31;14;5
714.0;30;15;5
720.0;29;14;7
726.0;30;16;4
732.0;28;16;6
738.0;23;19;8
744.0;23;20;7
750.0;22;18;10
756.0;24;17;9
762.0;27;15;8
768.0;27;13;10
774.0;28;12;10
780.0;30;11;9
786.0;30;12;8
792.0;30;15;5
798.0;29;13;8
804.0;30;12;8
810.0;28;16;6
816.0;31;12;7
822.0;28;16;6
828.0;30;15;5
834.0;27;16;7
840.0;29;16;5
846.0;31;13;6
852.0;29;14;7
858.0;31;13;6
864.0;31;12;7
870.0;30;12;8
876.0;30;14;6
882.0;30;16;4
888.0;28;15;7
894.0;29;15;6
900.0;26;16;8
906.0;26;14;10
912.0;25;17;8
918.0;26;18;6
924.0;27;18;5
930.0;28;19;3
936.0;26;16;8
942.0;29;17;4
948.0;29;16;5
954.0;28;15;7
960.0;25;17;8
966.0;25;15;10
972.0;29;12;9
978.0;29;12;9
984.0;28;15;7
990.0;31;13;6
996.0;29;15;6
1002.0;31;14;5
1008.0;32;12;6
1014.0;31;13;6
1020.0;30;13;7
1026.0;32;11;7
1032.0;31;14;5
1038.0;28;15;7
1044.0;32;14;4
1050.0;30;18;2
1056.0;30;17;3
1062.0;29;17;4
1068.0;30;16;4
1074.0;28;16;6
1080.0;28;17;5
1086.0;29;17;4
1092.0;31;15;4
1098.0;29;18;3
1104.0;28;15;7
1110.0;28;14;8
1116.0;26;14;10
1122.0;29;13;8
1128.0;29;13;8
1134.0;28;13;9
1140.0;27;12;11
1146.0;27;13;10
1152.0;28;17;5
1158.0;27;16;7
1164.0;28;16;6
1170.0;27;13;10
1176.0;28;12;10
1182.0;28;13;9
1188.0;25;17;8
1194.0;25;18;7
1200.0;22;20;8
1206.0;20;20;10
1212.0;22;18;10
1218.0;21;19;10
1224.0;24;19;7
1230.0;22;20;8
1236.0;23;19;8
1242.0;23;18;9
1248.0;26;17;7
1254.0;29;16;5
1260.0;30;15;5
1266.0;28;18;4
1272.0;28;13;9
1278.0;26;14;10
1284.0;26;13;11
1290.0;24;14;12
1296.0;25;11;14
1302.0;26;12;12
1308.0;25;13;12
1314.0;27;14;9
1320.0;28;12;10
1326.0;27;10;13
1332.0;27;10;13
1338.0;29;11;10
1344.0;30;12;8
1350.0;31;13;6
1356.0;32;11;7
1362.0;31;13;6
1368.0;30;12;8
1374.0;29;12;9
1380.0;31;10;9
1386.0;32;8;10
1392.0;32;10;8
1398.0;32;9;9
1404.0;30;9;11
1410.0;27;13;10
1416.0;27;11;12
1422.0;27;13;10
1428.0;26;16;8
1434.0;27;15;8
1440.0;26;14;10
1446.0;27;15;8
1452.0;28;15;7
1458.0;23;16;11
1464.0;23;17;10
1470.0;26;16;8
1476.0;26;13;11
1482.0;26;13;11
1488.0;23;16;11
1494.0;24;16;10
