#auto generated file!
180.0;49;21;5
186.0;49;18;8
192.0;49;16;10
198.0;48;13;14
204.0;52;13;10
210.0;51;15;9
216.0;52;13;10
222.0;50;16;9
228.0;47;17;11
234.0;46;17;12
240.0;45;17;13
246.0;45;17;13
252.0;45;16;14
258.0;44;18;13
264.0;41;17;17
270.0;44;14;17
276.0;47;13;15
282.0;35;18;22
288.0;38;21;16
294.0;39;21;15
300.0;37;22;16
306.0;38;21;16
312.0;41;20;14
318.0;42;18;15
324.0;44;15;16
330.0;42;16;17
336.0;40;20;15
342.0;42;22;11
348.0;42;20;13
354.0;40;22;13
360.0;40;23;12
366.0;44;20;11
372.0;42;21;12
378.0;45;19;11
384.0;46;18;11
390.0;48;17;10
396.0;45;19;11
402.0;42;21;12
408.0;39;25;11
414.0;38;26;11
420.0;42;24;9
426.0;42;20;13
432.0;41;24;10
438.0;40;20;15
444.0;40;20;15
450.0;42;19;14
456.0;42;20;13
462.0;41;20;14
468.0;43;17;15
474.0;42;17;16
480.0;38;20;17
486.0;36;27;12
492.0;35;29;11
498.0;33;30;12
504.0;34;28;13
510.0;34;28;13
516.0;35;28;12
522.0;34;32;9
528.0;36;32;7
534.0;35;29;11
540.0;36;24;15
546.0;32;28;15
552.0;32;25;18
558.0;31;28;16
564.0;29;28;18
570.0;32;30;13
576.0;32;31;12
582.0;35;30;10
588.0;38;27;10
594.0;41;25;9
600.0;43;25;7
606.0;39;32;4
612.0;40;27;8
618.0;40;26;9
624.0;40;27;8
630.0;44;24;7
636.0;46;22;7
642.0;41;22;12
648.0;42;22;11
654.0;43;24;8
660.0;43;21;11
666.0;42;23;10
672.0;44;21;10
678.0;45;20;10
684.0;46;17;12
690.0;43;21;11
696.0;44;21;10
702.0;44;22;9
708.0;44;22;9
714.0;45;18;12
720.0;47;17;11
726.0;46;19;10
732.0;49;17;9
738.0;47;17;11
744.0;46;16;13
750.0;50;16;9
756.0;49;15;11
762.0;49;15;11
768.0;47;13;15
774.0;48;18;9
780.0;49;15;11
786.0;47;19;9
792.0;42;23;10
798.0;40;24;11
804.0;39;26;10
810.0;42;23;10
816.0;45;21;9
822.0;47;17;11
828.0;43;20;12
834.0;41;20;14
840.0;46;16;13
846.0;44;20;11
852.0;46;19;10
858.0;45;21;9
864.0;42;23;10
870.0;45;22;8
876.0;47;20;8
882.0;45;19;11
888.0;48;21;6
894.0;46;21;8
900.0;47;19;9
906.0;47;19;9
912.0;46;20;9
918.0;43;24;8
924.0;45;23;7
930.0;42;24;9
936.0;41;24;10
942.0;37;25;13
948.0;38;20;17
954.0;36;23;16
960.0;37;27;11
966.0;33;32;10
972.0;30;30;15
978.0;32;27;16
984.0;32;25;18
990.0;31;21;23
996.0;30;26;19
1002.0;32;27;16
1008.0;33;26;16
1014.0;34;23;18
1020.0;36;25;14
1026.0;35;26;14
1032.0;34;30;11
1038.0;35;31;9
1044.0;35;32;8
1050.0;40;30;5
1056.0;37;33;5
1062.0;37;32;6
1068.0;37;32;6
1074.0;37;24;14
1080.0;38;26;11
1086.0;38;26;11
1092.0;41;28;6
1098.0;39;27;9
1104.0;40;25;10
1110.0;37;29;9
1116.0;37;29;9
1122.0;36;27;12
1128.0;35;31;9
1134.0;39;27;9
1140.0;40;22;13
1146.0;41;23;11
1152.0;37;27;11
1158.0;41;25;9
1164.0;39;28;8
1170.0;43;25;7
1176.0;43;21;11
1182.0;47;20;8
1188.0;44;22;9
1194.0;45;20;10
1200.0;44;25;6
1206.0;40;27;8
1212.0;40;26;9
1218.0;41;24;10
1224.0;41;23;11
1230.0;42;23;10
1236.0;44;21;10
1242.0;44;22;9
1248.0;47;19;9
1254.0;47;19;9
1260.0;46;20;9
1266.0;46;21;8
1272.0;45;24;6
1278.0;46;26;3
1284.0;46;24;5
1290.0;49;21;5
1296.0;48;22;5
1302.0;49;19;7
1308.0;43;23;9
1314.0;43;22;10
1320.0;38;24;13
1326.0;39;22;14
1332.0;40;21;14
1338.0;40;19;16
1344.0;44;18;13
1350.0;43;19;13
1356.0;40;19;16
1362.0;42;18;15
1368.0;42;16;17
1374.0;41;17;17
1380.0;43;18;14
1386.0;41;16;18
1392.0;42;16;17
1398.0;43;14;18
1404.0;44;17;14
1410.0;43;17;15
1416.0;44;19;12
1422.0;45;21;9
1428.0;43;21;11
1434.0;47;18;10
1440.0;47;20;8
1446.0;46;20;9
1452.0;44;22;9
1458.0;44;20;11
1464.0;47;20;8
1470.0;48;23;4
1476.0;50;22;3
1482.0;56;16;3
1488.0;55;16;4
1494.0;54;13;8
