#auto generated file!
180.0;188;120;42
186.0;189;118;43
192.0;190;123;37
198.0;187;121;42
204.0;192;120;38
210.0;186;120;44
216.0;183;127;40
222.0;194;115;41
228.0;194;112;44
234.0;189;113;48
240.0;190;108;52
246.0;193;109;48
252.0;193;113;44
258.0;201;110;39
264.0;200;111;39
270.0;199;108;43
276.0;197;114;39
282.0;196;104;50
288.0;195;104;51
294.0;197;93;60
300.0;190;104;56
306.0;210;96;44
312.0;206;98;46
318.0;201;103;46
324.0;190;109;51
330.0;199;96;55
336.0;196;99;55
342.0;197;94;59
348.0;196;95;59
354.0;203;90;57
360.0;211;87;52
366.0;210;93;47
372.0;202;96;52
378.0;200;103;47
384.0;208;96;46
390.0;213;98;39
396.0;211;94;45
402.0;206;97;47
408.0;214;95;41
414.0;202;111;37
420.0;205;105;40
426.0;203;108;39
432.0;195;108;47
438.0;191;110;49
444.0;187;115;48
450.0;190;106;54
456.0;184;110;56
462.0;179;117;54
468.0;175;113;62
474.0;185;109;56
480.0;188;107;55
486.0;185;103;62
492.0;198;100;52
498.0;198;90;62
504.0;202;92;56
510.0;207;92;51
516.0;209;96;45
522.0;207;98;45
528.0;206;104;40
534.0;202;112;36
540.0;196;121;33
546.0;202;116;32
552.0;200;112;38
558.0;198;109;43
564.0;197;110;43
570.0;193;100;57
576.0;193;104;53
582.0;188;108;54
588.0;191;107;52
594.0;188;107;55
600.0;188;108;54
606.0;198;102;50
612.0;200;97;53
618.0;202;101;47
624.0;198;106;46
630.0;200;104;46
636.0;195;104;51
642.0;196;106;48
648.0;202;105;43
654.0;196;99;55
660.0;200;104;46
666.0;206;102;42
672.0;208;97;45
678.0;200;101;49
684.0;205;100;45
690.0;219;86;45
696.0;215;81;54
702.0;214;86;50
708.0;211;82;57
714.0;214;81;55
720.0;213;83;54
726.0;211;87;52
732.0;206;89;55
738.0;212;85;53
744.0;202;93;55
750.0;209;92;49
756.0;210;91;49
762.0;206;97;47
768.0;212;98;40
774.0;213;94;43
780.0;206;98;46
786.0;204;97;49
792.0;206;94;50
798.0;198;97;55
804.0;204;97;49
810.0;203;94;53
816.0;199;94;57
822.0;200;96;54
828.0;192;101;57
834.0;198;97;55
840.0;205;91;54
846.0;206;92;52
852.0;217;88;45
858.0;208;95;47
864.0;211;97;42
870.0;214;100;36
876.0;200;106;44
882.0;203;101;46
888.0;203;101;46
894.0;200;99;51
900.0;197;104;49
906.0;209;104;37
912.0;209;101;40
918.0;210;96;44
924.0;208;106;36
930.0;215;98;37
936.0;208;101;41
942.0;215;96;39
948.0;210;98;42
954.0;214;94;42
960.0;212;94;44
966.0;211;90;49
972.0;218;78;54
978.0;214;86;50
984.0;220;86;44
990.0;219;87;44
996.0;216;89;45
1002.0;219;84;47
1008.0;217;93;40
1014.0;219;86;45
1020.0;211;88;51
1026.0;207;91;52
1032.0;201;95;54
1038.0;206;90;54
1044.0;204;94;52
1050.0;194;102;54
1056.0;198;95;57
1062.0;203;98;49
1068.0;211;88;51
1074.0;207;90;53
1080.0;207;90;53
1086.0;208;90;52
1092.0;211;90;49
1098.0;210;92;48
1104.0;211;91;48
1110.0;215;86;49
1116.0;217;88;45
1122.0;220;87;43
1128.0;219;94;37
1134.0;218;93;39
1140.0;211;98;41
1146.0;208;100;42
1152.0;210;91;49
1158.0;209;97;44
1164.0;205;96;49
1170.0;203;89;58
1176.0;207;91;52
1182.0;202;101;47
1188.0;212;92;46
1194.0;205;91;54
1200.0;197;87;66
1206.0;201;94;55
1212.0;201;94;55
1218.0;209;97;44
1224.0;206;99;45
1230.0;205;102;43
1236.0;202;100;48
1242.0;205;96;49
1248.0;197;97;56
1254.0;193;97;60
1260.0;194;101;55
1266.0;197;98;55
1272.0;181;100;69
1278.0;184;98;68
1284.0;197;107;46
1290.0;202;102;46
1296.0;203;101;46
1302.0;199;105;46
1308.0;198;110;42
1314.0;193;108;49
1320.0;188;108;54
1326.0;205;90;55
1332.0;202;92;56
1338.0;204;96;50
1344.0;198;105;47
1350.0;198;103;49
1356.0;203;99;48
1362.0;205;98;47
1368.0;206;101;43
1374.0;203;102;45
1380.0;197;108;45
1386.0;195;114;41
1392.0;202;106;42
1398.0;201;103;46
1404.0;203;106;41
1410.0;205;102;43
1416.0;203;99;48
1422.0;207;94;49
1428.0;204;98;48
1434.0;201;108;41
1440.0;194;112;44
1446.0;191;111;48
1452.0;189;100;61
1458.0;189;98;63
1464.0;192;102;56
1470.0;197;99;54
1476.0;200;104;46
1482.0;198;97;55
1488.0;200;97;53
1494.0;200;95;55
