#auto generated file!
6.0;0.0;0.0
12.0;0.0;0.0
18.0;6.666666666666667;0.25
24.0;17.5;0.25
30.0;14.166666666666666;0.0
36.0;13.333333333333334;0.0
42.0;31.666666666666668;0.0
48.0;40.0;0.5
54.0;46.25;0.0
60.0;50.0;0.0
66.0;80.41666666666667;0.0
72.0;96.25;0.0
78.0;91.04166666666667;0.0
84.0;92.08333333333333;1.25
90.0;87.91666666666667;0.5
96.0;92.91666666666667;0.0
102.0;60.833333333333336;0.5
108.0;48.125;0.0
114.0;60.208333333333336;0.5
120.0;55.416666666666664;0.5
126.0;74.58333333333333;0.5
132.0;56.25;0.0
138.0;68.95833333333333;0.5
144.0;95.625;1.0
150.0;95.20833333333333;0.0
156.0;94.16666666666667;0.0
162.0;72.29166666666667;0.0
168.0;73.54166666666667;0.0
174.0;75.41666666666667;0.0
180.0;63.958333333333336;0.0
186.0;39.166666666666664;0.5
192.0;69.16666666666667;0.5
198.0;84.79166666666667;0.0
204.0;99.16666666666667;0.0
210.0;97.91666666666667;0.0
216.0;96.66666666666667;0.0
222.0;97.5;0.5
228.0;98.125;0.0
234.0;95.20833333333333;0.5
240.0;82.08333333333333;0.5
246.0;89.58333333333333;1.0
252.0;77.5;0.0
258.0;74.58333333333333;0.0
264.0;96.66666666666667;0.0
270.0;90.83333333333333;0.0
276.0;91.66666666666667;0.0
282.0;78.75;0.5
288.0;81.04166666666667;0.5
294.0;86.45833333333333;0.5
300.0;96.25;0.0
306.0;95.0;0.0
312.0;98.75;0.5
318.0;94.58333333333333;0.0
324.0;88.95833333333333;0.25
330.0;80.41666666666667;0.0
336.0;83.75;0.0
342.0;58.333333333333336;0.75
348.0;63.541666666666664;0.0
354.0;60.208333333333336;0.0
360.0;83.75;0.0
366.0;86.25;0.0
372.0;96.66666666666667;0.0
378.0;97.29166666666667;0.0
384.0;92.91666666666667;0.5
390.0;95.83333333333333;0.0
396.0;79.16666666666667;0.25
402.0;70.0;0.5
408.0;68.33333333333333;0.0
414.0;66.04166666666667;0.0
420.0;62.291666666666664;0.0
426.0;76.25;0.0
432.0;96.66666666666667;0.0
438.0;89.79166666666667;0.5
444.0;99.58333333333333;0.0
450.0;98.54166666666667;0.0
456.0;98.33333333333333;0.5
462.0;86.66666666666667;0.5
468.0;96.45833333333333;0.0
474.0;85.83333333333333;0.0
480.0;65.83333333333333;0.0
486.0;51.666666666666664;0.0
492.0;46.666666666666664;0.5
498.0;60.833333333333336;0.5
504.0;67.08333333333333;0.5
510.0;60.416666666666664;0.0
516.0;88.33333333333333;0.5
522.0;81.25;0.5
528.0;97.91666666666667;0.5
534.0;96.875;0.0
540.0;95.41666666666667;0.0
546.0;79.16666666666667;0.5
552.0;82.91666666666667;0.5
558.0;72.5;1.0
564.0;67.08333333333333;0.0
570.0;86.25;0.0
576.0;98.33333333333333;0.0
582.0;95.20833333333333;0.5
588.0;92.5;0.0
594.0;97.08333333333333;1.0
600.0;98.33333333333333;0.0
606.0;80.0;1.0
612.0;95.0;1.0
618.0;95.0;0.5
624.0;91.66666666666667;0.0
630.0;88.75;0.5
636.0;82.08333333333333;0.5
642.0;73.75;0.0
648.0;91.875;0.0
654.0;93.95833333333333;1.0
660.0;95.83333333333333;0.0
666.0;99.16666666666667;0.0
672.0;95.0;0.0
678.0;94.375;1.25
684.0;98.33333333333333;0.5
690.0;90.20833333333333;0.0
696.0;76.25;0.0
702.0;83.33333333333333;0.75
708.0;81.04166666666667;0.5
714.0;57.291666666666664;0.5
720.0;68.75;0.0
726.0;77.5;0.0
732.0;60.833333333333336;0.0
738.0;69.58333333333333;0.0
744.0;97.91666666666667;0.5
750.0;95.0;0.5
756.0;99.58333333333333;0.0
762.0;80.83333333333333;0.5
768.0;91.45833333333333;0.0
774.0;90.41666666666667;0.125
780.0;52.5;0.0
786.0;51.666666666666664;0.5
792.0;67.5;0.0
798.0;86.45833333333333;0.25
804.0;73.95833333333333;0.0
810.0;91.66666666666667;0.25
816.0;97.91666666666667;0.0
822.0;93.75;0.0
828.0;98.75;0.5
834.0;95.0;0.5
840.0;92.08333333333333;0.5
846.0;85.0;0.0
852.0;53.333333333333336;0.5
858.0;41.666666666666664;0.5
864.0;64.79166666666667;0.25
870.0;71.25;0.0
876.0;81.25;0.0
882.0;76.45833333333333;0.5
888.0;76.66666666666667;0.0
894.0;99.16666666666667;0.0
900.0;92.08333333333333;0.0
906.0;95.0;0.5
912.0;99.58333333333333;0.75
918.0;94.79166666666667;1.25
924.0;88.95833333333333;0.25
930.0;86.875;0.0
936.0;70.41666666666667;0.0
942.0;87.91666666666667;0.75
948.0;95.0;0.0
954.0;98.75;0.5
960.0;90.41666666666667;0.0
966.0;90.83333333333333;0.0
972.0;99.16666666666667;0.5
978.0;97.70833333333333;0.5
984.0;96.66666666666667;1.0
990.0;96.25;0.5
996.0;97.91666666666667;0.0
1002.0;73.54166666666667;0.0
1008.0;72.5;0.0
1014.0;59.375;0.5
1020.0;63.333333333333336;0.0
1026.0;86.25;0.5
1032.0;93.33333333333333;0.0
1038.0;90.625;0.0
1044.0;99.16666666666667;0.25
1050.0;97.5;0.0
1056.0;94.16666666666667;0.0
1062.0;95.41666666666667;0.75
1068.0;91.45833333333333;0.0
1074.0;97.29166666666667;0.5
1080.0;80.0;0.0
1086.0;47.083333333333336;0.0
1092.0;57.083333333333336;0.5
1098.0;85.625;0.0
1104.0;96.45833333333333;0.0
1110.0;94.16666666666667;0.5
1116.0;92.08333333333333;0.5
1122.0;98.75;1.0
1128.0;98.125;0.5
1134.0;89.58333333333333;0.0
1140.0;96.875;0.0
1146.0;76.25;0.0
1152.0;82.08333333333333;0.0
1158.0;78.75;0.0
1164.0;77.70833333333333;0.0
1170.0;91.66666666666667;0.0
1176.0;95.83333333333333;0.0
1182.0;81.66666666666667;0.0
1188.0;87.5;1.0
1194.0;96.25;0.0
1200.0;90.83333333333333;1.0
1206.0;98.33333333333333;0.0
1212.0;90.41666666666667;0.0
1218.0;88.33333333333333;0.0
1224.0;86.25;0.5
1230.0;69.58333333333333;0.5
1236.0;68.75;0.0
1242.0;93.33333333333333;0.0
1248.0;96.66666666666667;0.0
1254.0;72.29166666666667;0.5
1260.0;77.5;0.0
1266.0;97.08333333333333;0.0
1272.0;99.16666666666667;0.0
1278.0;97.5;0.0
1284.0;94.58333333333333;0.0
1290.0;84.16666666666667;0.5
1296.0;83.75;0.0
1302.0;84.16666666666667;0.0
1308.0;52.5;0.0
1314.0;55.208333333333336;0.0
1320.0;70.83333333333333;0.0
1326.0;69.16666666666667;0.0
1332.0;70.83333333333333;0.0
1338.0;72.08333333333333;0.0
1344.0;96.04166666666667;0.5
1350.0;93.75;0.0
1356.0;95.83333333333333;0.75
1362.0;82.91666666666667;0.5
1368.0;93.125;0.0
1374.0;80.83333333333333;0.0
1380.0;72.5;0.5
1386.0;48.333333333333336;0.5
1392.0;64.16666666666667;0.5
1398.0;77.70833333333333;0.5
1404.0;88.95833333333333;0.0
1410.0;91.25;0.0
1416.0;90.41666666666667;0.0
1422.0;86.66666666666667;0.0
1428.0;95.83333333333333;0.0
1434.0;97.29166666666667;0.0
1440.0;97.08333333333333;0.0
1446.0;93.33333333333333;0.0
1452.0;74.58333333333333;0.0
1458.0;49.375;0.0
1464.0;59.791666666666664;0.0
1470.0;77.5;1.75
1476.0;78.75;0.0
1482.0;78.33333333333333;0.5
1488.0;64.58333333333333;0.0
1494.0;95.41666666666667;1.0
