#auto generated file!
180.0;145;55;25
186.0;139;61;25
192.0;137;61;27
198.0;128;65;32
204.0;134;57;34
210.0;133;57;35
216.0;130;61;34
222.0;133;57;35
228.0;138;57;30
234.0;139;56;30
240.0;136;55;34
246.0;136;54;35
252.0;138;62;25
258.0;141;59;25
264.0;136;63;26
270.0;133;62;30
276.0;133;64;28
282.0;128;68;29
288.0;127;71;27
294.0;122;71;32
300.0;121;68;36
306.0;124;67;34
312.0;126;69;30
318.0;120;70;35
324.0;126;71;28
330.0;131;65;29
336.0;131;64;30
342.0;131;64;30
348.0;126;70;29
354.0;121;72;32
360.0;121;72;32
366.0;117;76;32
372.0;110;84;31
378.0;110;85;30
384.0;112;83;30
390.0;114;83;28
396.0;119;79;27
402.0;120;75;30
408.0;125;72;28
414.0;132;70;23
420.0;133;70;22
426.0;136;67;22
432.0;133;67;25
438.0;135;67;23
444.0;134;65;26
450.0;137;61;27
456.0;130;64;31
462.0;132;58;35
468.0;131;62;32
474.0;135;56;34
480.0;127;59;39
486.0;134;61;30
492.0;140;55;30
498.0;134;60;31
504.0;139;52;34
510.0;141;48;36
516.0;138;55;32
522.0;135;56;34
528.0;130;59;36
534.0;130;59;36
540.0;135;56;34
546.0;134;59;32
552.0;139;59;27
558.0;141;57;27
564.0;143;51;31
570.0;145;50;30
576.0;149;50;26
582.0;153;49;23
588.0;147;54;24
594.0;146;51;28
600.0;143;48;34
606.0;136;58;31
612.0;133;61;31
618.0;129;68;28
624.0;131;68;26
630.0;132;60;33
636.0;134;59;32
642.0;130;64;31
648.0;131;61;33
654.0;128;64;33
660.0;139;57;29
666.0;140;61;24
672.0;136;60;29
678.0;138;56;31
684.0;131;55;39
690.0;128;58;39
696.0;125;61;39
702.0;122;65;38
708.0;124;64;37
714.0;130;59;36
720.0;123;63;39
726.0;117;68;40
732.0;124;65;36
738.0;129;61;35
744.0;133;64;28
750.0;137;59;29
756.0;136;62;27
762.0;139;59;27
768.0;144;56;25
774.0;141;58;26
780.0;135;56;34
786.0;126;65;34
792.0;128;64;33
798.0;123;72;30
804.0;121;73;31
810.0;124;67;34
816.0;130;67;28
822.0;128;65;32
828.0;122;72;31
834.0;129;64;32
840.0;126;60;39
846.0;130;59;36
852.0;126;61;38
858.0;130;56;39
864.0;130;59;36
870.0;132;52;41
876.0;131;57;37
882.0;127;49;49
888.0;135;52;38
894.0;126;65;34
900.0;124;67;34
906.0;119;72;34
912.0;123;75;27
918.0;121;76;28
924.0;117;81;27
930.0;117;76;32
936.0;120;74;31
942.0;121;71;33
948.0;122;68;35
954.0;122;70;33
960.0;124;67;34
966.0;118;75;32
972.0;118;75;32
978.0;124;71;30
984.0;131;62;32
990.0;132;70;23
996.0;132;71;22
1002.0;129;72;24
1008.0;128;64;33
1014.0;132;59;34
1020.0;135;56;34
1026.0;135;55;35
1032.0;134;58;33
1038.0;131;52;42
1044.0;132;59;34
1050.0;129;66;30
1056.0;120;70;35
1062.0;112;75;38
1068.0;109;71;45
1074.0;114;66;45
1080.0;121;65;39
1086.0;118;60;47
1092.0;121;60;44
1098.0;126;61;38
1104.0;132;61;32
1110.0;134;62;29
1116.0;135;59;31
1122.0;133;59;33
1128.0;124;64;37
1134.0;117;66;42
1140.0;117;70;38
1146.0;120;74;31
1152.0;130;66;29
1158.0;134;66;25
1164.0;131;66;28
1170.0;135;65;25
1176.0;137;59;29
1182.0;136;60;29
1188.0;121;71;33
1194.0;126;66;33
1200.0;134;67;24
1206.0;129;66;30
1212.0;119;72;34
1218.0;122;69;34
1224.0;117;72;36
1230.0;115;73;37
1236.0;115;67;43
1242.0;126;63;36
1248.0;127;65;33
1254.0;131;65;29
1260.0;135;60;30
1266.0;139;55;31
1272.0;139;55;31
1278.0;134;53;38
1284.0;135;52;38
1290.0;137;53;35
1296.0;132;58;35
1302.0;133;62;30
1308.0;136;66;23
1314.0;138;60;27
1320.0;144;59;22
1326.0;146;52;27
1332.0;152;47;26
1338.0;150;48;27
1344.0;152;45;28
1350.0;151;43;31
1356.0;153;46;26
1362.0;151;43;31
1368.0;148;50;27
1374.0;138;57;30
1380.0;136;54;35
1386.0;139;53;33
1392.0;139;54;32
1398.0;135;63;27
1404.0;134;63;28
1410.0;128;67;30
1416.0;132;63;30
1422.0;126;69;30
1428.0;130;67;28
1434.0;136;67;22
1440.0;136;65;24
1446.0;133;62;30
1452.0;128;65;32
1458.0;132;59;34
1464.0;130;60;35
1470.0;128;58;39
1476.0;128;58;39
1482.0;132;59;34
1488.0;125;64;36
1494.0;121;67;37
