#auto generated file!
180.0;86;47;17
186.0;86;48;16
192.0;87;45;18
198.0;81;46;23
204.0;84;42;24
210.0;85;45;20
216.0;86;44;20
222.0;85;44;21
228.0;83;41;26
234.0;84;44;22
240.0;80;44;26
246.0;80;46;24
252.0;81;47;22
258.0;74;56;20
264.0;78;54;18
270.0;75;50;25
276.0;70;56;24
282.0;71;56;23
288.0;72;54;24
294.0;72;54;24
300.0;75;47;28
306.0;82;48;20
312.0;84;50;16
318.0;86;50;14
324.0;85;49;16
330.0;82;46;22
336.0;76;47;27
342.0;79;44;27
348.0;76;45;29
354.0;82;45;23
360.0;83;43;24
366.0;85;42;23
372.0;84;42;24
378.0;84;41;25
384.0;87;39;24
390.0;89;39;22
396.0;91;41;18
402.0;86;45;19
408.0;88;46;16
414.0;88;49;13
420.0;91;45;14
426.0;88;49;13
432.0;82;44;24
438.0;85;46;19
444.0;86;47;17
450.0;84;51;15
456.0;84;52;14
462.0;88;49;13
468.0;84;44;22
474.0;81;42;27
480.0;78;37;35
486.0;80;40;30
492.0;84;37;29
498.0;84;39;27
504.0;82;38;30
510.0;81;42;27
516.0;86;46;18
522.0;83;47;20
528.0;87;44;19
534.0;82;45;23
540.0;80;50;20
546.0;83;44;23
552.0;84;42;24
558.0;92;35;23
564.0;88;39;23
570.0;85;41;24
576.0;84;43;23
582.0;84;47;19
588.0;82;45;23
594.0;85;46;19
600.0;84;45;21
606.0;85;46;19
612.0;80;47;23
618.0;80;41;29
624.0;77;49;24
630.0;76;53;21
636.0;80;44;26
642.0;73;52;25
648.0;76;47;27
654.0;76;49;25
660.0;72;50;28
666.0;80;46;24
672.0;79;46;25
678.0;82;46;22
684.0;87;44;19
690.0;85;40;25
696.0;83;42;25
702.0;79;45;26
708.0;80;45;25
714.0;74;48;28
720.0;78;46;26
726.0;83;42;25
732.0;86;41;23
738.0;79;44;27
744.0;75;48;27
750.0;83;47;20
756.0;85;43;22
762.0;91;39;20
768.0;93;34;23
774.0;89;32;29
780.0;84;34;32
786.0;90;31;29
792.0;92;32;26
798.0;87;39;24
804.0;84;38;28
810.0;87;41;22
816.0;89;43;18
822.0;90;42;18
828.0;89;40;21
834.0;90;44;16
840.0;84;48;18
846.0;78;51;21
852.0;77;47;26
858.0;78;41;31
864.0;78;49;23
870.0;76;50;24
876.0;80;50;20
882.0;75;52;23
888.0;79;48;23
894.0;83;45;22
900.0;86;46;18
906.0;88;47;15
912.0;85;50;15
918.0;83;50;17
924.0;89;45;16
930.0;91;42;17
936.0;94;45;11
942.0;94;41;15
948.0;91;40;19
954.0;89;45;16
960.0;93;43;14
966.0;91;41;18
972.0;91;40;19
978.0;91;41;18
984.0;94;40;16
990.0;93;41;16
996.0;89;43;18
1002.0;87;43;20
1008.0;89;42;19
1014.0;92;40;18
1020.0;89;42;19
1026.0;87;41;22
1032.0;87;45;18
1038.0;85;45;20
1044.0;84;41;25
1050.0;79;39;32
1056.0;82;39;29
1062.0;80;47;23
1068.0;77;47;26
1074.0;80;46;24
1080.0;82;47;21
1086.0;83;46;21
1092.0;85;46;19
1098.0;84;45;21
1104.0;88;41;21
1110.0;90;44;16
1116.0;91;43;16
1122.0;92;42;16
1128.0;85;40;25
1134.0;84;40;26
1140.0;83;41;26
1146.0;78;51;21
1152.0;80;50;20
1158.0;86;41;23
1164.0;83;48;19
1170.0;88;40;22
1176.0;89;39;22
1182.0;82;45;23
1188.0;83;49;18
1194.0;82;46;22
1200.0;76;54;20
1206.0;76;52;22
1212.0;81;45;24
1218.0;80;45;25
1224.0;80;49;21
1230.0;81;50;19
1236.0;80;51;19
1242.0;79;48;23
1248.0;77;49;24
1254.0;82;45;23
1260.0;82;48;20
1266.0;75;48;27
1272.0;79;47;24
1278.0;83;45;22
1284.0;80;45;25
1290.0;80;49;21
1296.0;82;44;24
1302.0;81;44;25
1308.0;79;48;23
1314.0;79;49;22
1320.0;71;53;26
1326.0;73;49;28
1332.0;72;51;27
1338.0;76;52;22
1344.0;78;53;19
1350.0;75;55;20
1356.0;74;53;23
1362.0;79;49;22
1368.0;78;48;24
1374.0;83;48;19
1380.0;86;44;20
1386.0;84;43;23
1392.0;84;42;24
1398.0;84;44;22
1404.0;86;44;20
1410.0;89;41;20
1416.0;86;41;23
1422.0;81;41;28
1428.0;84;43;23
1434.0;84;48;18
1440.0;86;43;21
1446.0;84;47;19
1452.0;82;51;17
1458.0;85;48;17
1464.0;87;44;19
1470.0;93;39;18
1476.0;91;38;21
1482.0;92;38;20
1488.0;92;38;20
1494.0;92;40;18
