#auto generated file!
180.0;192;91;42
186.0;193;91;41
192.0;194;84;47
198.0;192;90;43
204.0;189;85;51
210.0;196;85;44
216.0;188;93;44
222.0;191;90;44
228.0;196;83;46
234.0;193;83;49
240.0;191;86;48
246.0;197;79;49
252.0;189;96;40
258.0;187;93;45
264.0;188;92;45
270.0;181;98;46
276.0;182;87;56
282.0;184;90;51
288.0;182;87;56
294.0;185;87;53
300.0;177;89;59
306.0;188;85;52
312.0;189;85;51
318.0;193;77;55
324.0;201;73;51
330.0;194;75;56
336.0;194;76;55
342.0;191;80;54
348.0;191;80;54
354.0;192;80;53
360.0;197;84;44
366.0;191;90;44
372.0;196;82;47
378.0;196;83;46
384.0;188;93;44
390.0;188;85;52
396.0;187;85;53
402.0;191;90;44
408.0;191;92;42
414.0;186;96;43
420.0;179;96;50
426.0;180;98;47
432.0;186;101;38
438.0;185;102;38
444.0;189;96;40
450.0;193;87;45
456.0;188;95;42
462.0;189;96;40
468.0;196;86;43
474.0;197;86;42
480.0;207;81;37
486.0;202;90;33
492.0;208;88;29
498.0;197;89;39
504.0;195;91;39
510.0;190;93;42
516.0;186;93;46
522.0;182;91;52
528.0;187;87;51
534.0;181;88;56
540.0;185;80;60
546.0;175;85;65
552.0;177;90;58
558.0;178;89;58
564.0;175;87;63
570.0;178;89;58
576.0;183;96;46
582.0;183;97;45
588.0;183;95;47
594.0;184;92;49
600.0;186;92;47
606.0;191;90;44
612.0;205;75;45
618.0;191;82;52
624.0;192;75;58
630.0;189;80;56
636.0;189;79;57
642.0;184;83;58
648.0;197;91;37
654.0;192;90;43
660.0;192;84;49
666.0;184;88;53
672.0;180;92;53
678.0;183;82;60
684.0;182;84;59
690.0;187;88;50
696.0;189;83;53
702.0;189;85;51
708.0;193;93;39
714.0;194;93;38
720.0;194;93;38
726.0;195;93;37
732.0;193;99;33
738.0;187;97;41
744.0;184;100;41
750.0;189;91;45
756.0;186;92;47
762.0;182;93;50
768.0;187;92;46
774.0;189;85;51
780.0;190;89;46
786.0;184;95;46
792.0;182;93;50
798.0;181;95;49
804.0;180;103;42
810.0;182;100;43
816.0;182;95;48
822.0;179;91;55
828.0;174;94;57
834.0;174;92;59
840.0;172;96;57
846.0;174;90;61
852.0;181;85;59
858.0;176;92;57
864.0;177;93;55
870.0;178;87;60
876.0;183;86;56
882.0;185;87;53
888.0;185;85;55
894.0;190;87;48
900.0;188;91;46
906.0;190;93;42
912.0;183;97;45
918.0;166;103;56
924.0;160;103;62
930.0;166;103;56
936.0;168;96;61
942.0;182;96;47
948.0;176;95;54
954.0;184;96;45
960.0;183;96;46
966.0;177;99;49
972.0;188;88;49
978.0;190;91;44
984.0;194;88;43
990.0;185;90;50
996.0;179;91;55
1002.0;181;95;49
1008.0;181;95;49
1014.0;176;100;49
1020.0;177;100;48
1026.0;182;94;49
1032.0;189;89;47
1038.0;189;93;43
1044.0;184;94;47
1050.0;181;93;51
1056.0;185;96;44
1062.0;185;94;46
1068.0;191;94;40
1074.0;186;94;45
1080.0;180;98;47
1086.0;176;101;48
1092.0;184;90;51
1098.0;185;96;44
1104.0;184;97;44
1110.0;184;103;38
1116.0;183;101;41
1122.0;182;97;46
1128.0;180;96;49
1134.0;174;100;51
1140.0;181;94;50
1146.0;183;101;41
1152.0;182;98;45
1158.0;176;103;46
1164.0;176;101;48
1170.0;175;105;45
1176.0;180;99;46
1182.0;178;105;42
1188.0;172;106;47
1194.0;174;99;52
1200.0;176;103;46
1206.0;175;105;45
1212.0;176;101;48
1218.0;171;101;53
1224.0;169;99;57
1230.0;171;101;53
1236.0;173;100;52
1242.0;169;102;54
1248.0;170;109;46
1254.0;170;110;45
1260.0;172;107;46
1266.0;175;101;49
1272.0;179;104;42
1278.0;177;103;45
1284.0;176;104;45
1290.0;178;96;51
1296.0;172;94;59
1302.0;168;98;59
1308.0;177;88;60
1314.0;178;92;55
1320.0;178;97;50
1326.0;175;92;58
1332.0;178;90;57
1338.0;175;90;60
1344.0;177;98;50
1350.0;179;95;51
1356.0;175;93;57
1362.0;183;87;55
1368.0;172;100;53
1374.0;175;96;54
1380.0;186;89;50
1386.0;193;86;46
1392.0;195;82;48
1398.0;194;86;45
1404.0;193;82;50
1410.0;194;81;50
1416.0;181;89;55
1422.0;186;92;47
1428.0;195;92;38
1434.0;195;94;36
1440.0;195;90;40
1446.0;187;91;47
1452.0;181;97;47
1458.0;177;96;52
1464.0;178;98;49
1470.0;187;89;49
1476.0;183;91;51
1482.0;185;95;45
1488.0;183;94;48
1494.0;174;99;52
