#auto generated file!
180.0;190;90;45
186.0;188;96;41
192.0;184;95;46
198.0;192;90;43
204.0;182;100;43
210.0;177;100;48
216.0;178;95;52
222.0;177;99;49
228.0;183;96;46
234.0;184;102;39
240.0;185;98;42
246.0;180;98;47
252.0;184;102;39
258.0;187;98;40
264.0;187;95;43
270.0;184;96;45
276.0;185;95;45
282.0;190;90;45
288.0;197;80;48
294.0;192;82;51
300.0;196;86;43
306.0;197;91;37
312.0;190;95;40
318.0;184;99;42
324.0;186;94;45
330.0;180;99;46
336.0;175;105;45
342.0;178;106;41
348.0;181;110;34
354.0;182;106;37
360.0;180;101;44
366.0;179;94;52
372.0;190;89;46
378.0;189;90;46
384.0;188;92;45
390.0;181;92;52
396.0;190;86;49
402.0;186;87;52
408.0;185;91;49
414.0;188;91;46
420.0;184;99;42
426.0;186;101;38
432.0;187;94;44
438.0;192;86;47
444.0;195;87;43
450.0;192;93;40
456.0;188;96;41
462.0;185;90;50
468.0;183;93;49
474.0;185;99;41
480.0;187;93;45
486.0;190;97;38
492.0;187;101;37
498.0;175;99;51
504.0;178;92;55
510.0;176;87;62
516.0;180;92;53
522.0;180;94;51
528.0;181;96;48
534.0;179;96;50
540.0;174;102;49
546.0;175;103;47
552.0;179;109;37
558.0;183;103;39
564.0;188;100;37
570.0;191;94;40
576.0;178;99;48
582.0;175;98;52
588.0;172;97;56
594.0;174;98;53
600.0;174;103;48
606.0;171;111;43
612.0;180;107;38
618.0;180;108;37
624.0;176;105;44
630.0;182;98;45
636.0;183;96;46
642.0;185;90;50
648.0;177;95;53
654.0;187;86;52
660.0;188;91;46
666.0;197;80;48
672.0;199;81;45
678.0;195;81;49
684.0;188;80;57
690.0;190;83;52
696.0;189;82;54
702.0;187;90;48
708.0;182;103;40
714.0;185;97;43
720.0;189;94;42
726.0;184;94;47
732.0;184;96;45
738.0;184;93;48
744.0;175;99;51
750.0;181;98;46
756.0;187;87;51
762.0;181;99;45
768.0;184;95;46
774.0;178;98;49
780.0;184;94;47
786.0;182;98;45
792.0;173;108;44
798.0;169;115;41
804.0;175;107;43
810.0;175;109;41
816.0;188;95;42
822.0;190;91;44
828.0;178;103;44
834.0;172;106;47
840.0;174;106;45
846.0;182;94;49
852.0;192;84;49
858.0;196;81;48
864.0;198;80;47
870.0;201;80;44
876.0;200;82;43
882.0;195;84;46
888.0;197;85;43
894.0;197;84;44
900.0;198;86;41
906.0;196;88;41
912.0;193;86;46
918.0;192;84;49
924.0;192;82;51
930.0;182;90;53
936.0;185;93;47
942.0;195;88;42
948.0;194;88;43
954.0;193;91;41
960.0;193;87;45
966.0;187;89;49
972.0;193;89;43
978.0;191;95;39
984.0;189;92;44
990.0;182;96;47
996.0;177;98;50
1002.0;176;100;49
1008.0;180;100;45
1014.0;177;97;51
1020.0;171;99;55
1026.0;168;102;55
1032.0;169;101;55
1038.0;179;97;49
1044.0;180;100;45
1050.0;187;96;42
1056.0;190;95;40
1062.0;181;105;39
1068.0;185;97;43
1074.0;185;100;40
1080.0;183;103;39
1086.0;175;97;53
1092.0;167;100;58
1098.0;170;98;57
1104.0;178;93;54
1110.0;175;92;58
1116.0;177;99;49
1122.0;171;104;50
1128.0;169;104;52
1134.0;164;106;55
1140.0;161;105;59
1146.0;155;115;55
1152.0;159;112;54
1158.0;167;105;53
1164.0;166;102;57
1170.0;165;99;61
1176.0;168;101;56
1182.0;168;102;55
1188.0;170;105;50
1194.0;166;109;50
1200.0;164;111;50
1206.0;170;106;49
1212.0;168;107;50
1218.0;167;115;43
1224.0;162;116;47
1230.0;164;116;45
1236.0;168;111;46
1242.0;165;107;53
1248.0;168;106;51
1254.0;169;94;62
1260.0;166;99;60
1266.0;171;98;56
1272.0;178;97;50
1278.0;180;98;47
1284.0;175;92;58
1290.0;179;100;46
1296.0;173;99;53
1302.0;171;100;54
1308.0;173;97;55
1314.0;182;92;51
1320.0;180;89;56
1326.0;182;88;55
1332.0;189;83;53
1338.0;198;76;51
1344.0;188;79;58
1350.0;183;86;56
1356.0;190;87;48
1362.0;190;83;52
1368.0;193;87;45
1374.0;199;89;37
1380.0;199;79;47
1386.0;206;82;37
1392.0;199;88;38
1398.0;198;89;38
1404.0;199;91;35
1410.0;198;88;39
1416.0;200;86;39
1422.0;200;88;37
1428.0;202;86;37
1434.0;196;82;47
1440.0;184;88;53
1446.0;185;91;49
1452.0;186;93;46
1458.0;188;99;38
1464.0;181;100;44
1470.0;184;100;41
1476.0;181;99;45
1482.0;179;99;47
1488.0;177;99;49
1494.0;178;100;47
