#auto generated file!
180.0;163;93;44
186.0;168;90;42
192.0;172;87;41
198.0;173;90;37
204.0;168;92;40
210.0;168;94;38
216.0;165;93;42
222.0;164;90;46
228.0;165;85;50
234.0;168;90;42
240.0;178;82;40
246.0;179;74;47
252.0;170;81;49
258.0;164;83;53
264.0;170;85;45
270.0;174;83;43
276.0;175;84;41
282.0;173;88;39
288.0;179;86;35
294.0;179;82;39
300.0;179;89;32
306.0;181;87;32
312.0;183;82;35
318.0;178;87;35
324.0;172;86;42
330.0;170;88;42
336.0;168;84;48
342.0;168;89;43
348.0;167;93;40
354.0;159;94;47
360.0;166;99;35
366.0;176;92;32
372.0;173;95;32
378.0;172;95;33
384.0;167;97;36
390.0;172;91;37
396.0;165;93;42
402.0;170;90;40
408.0;168;84;48
414.0;175;79;46
420.0;179;82;39
426.0;180;80;40
432.0;177;81;42
438.0;178;79;43
444.0;167;87;46
450.0;164;88;48
456.0;173;83;44
462.0;177;82;41
468.0;175;79;46
474.0;174;76;50
480.0;169;90;41
486.0;168;91;41
492.0;171;87;42
498.0;170;86;44
504.0;168;91;41
510.0;170;82;48
516.0;166;88;46
522.0;171;88;41
528.0;167;91;42
534.0;169;87;44
540.0;165;86;49
546.0;171;83;46
552.0;175;84;41
558.0;175;86;39
564.0;168;89;43
570.0;161;95;44
576.0;156;102;42
582.0;154;101;45
588.0;148;107;45
594.0;154;100;46
600.0;150;101;49
606.0;154;92;54
612.0;163;94;43
618.0;169;90;41
624.0;165;89;46
630.0;158;98;44
636.0;170;89;41
642.0;163;96;41
648.0;162;96;42
654.0;175;86;39
660.0;180;85;35
666.0;178;83;39
672.0;175;84;41
678.0;175;81;44
684.0;177;85;38
690.0;183;80;37
696.0;180;82;38
702.0;173;88;39
708.0;176;85;39
714.0;179;79;42
720.0;174;76;50
726.0;173;81;46
732.0;171;82;47
738.0;175;84;41
744.0;174;80;46
750.0;172;84;44
756.0;169;79;52
762.0;170;80;50
768.0;183;74;43
774.0;178;77;45
780.0;175;84;41
786.0;173;81;46
792.0;168;87;45
798.0;162;84;54
804.0;170;81;49
810.0;167;81;52
816.0;168;81;51
822.0;170;85;45
828.0;167;88;45
834.0;168;85;47
840.0;170;81;49
846.0;166;85;49
852.0;172;80;48
858.0;179;82;39
864.0;181;81;38
870.0;180;81;39
876.0;183;75;42
882.0;179;84;37
888.0;181;82;37
894.0;176;85;39
900.0;175;87;38
906.0;179;80;41
912.0;180;79;41
918.0;172;84;44
924.0;168;86;46
930.0;163;85;52
936.0;172;83;45
942.0;166;82;52
948.0;159;89;52
954.0;156;95;49
960.0;158;92;50
966.0;154;97;49
972.0;158;99;43
978.0;162;99;39
984.0;165;101;34
990.0;169;93;38
996.0;174;83;43
1002.0;182;78;40
1008.0;182;79;39
1014.0;174;81;45
1020.0;166;90;44
1026.0;169;97;34
1032.0;168;92;40
1038.0;170;85;45
1044.0;166;92;42
1050.0;172;86;42
1056.0;168;98;34
1062.0;157;108;35
1068.0;159;102;39
1074.0;161;96;43
1080.0;163;100;37
1086.0;161;98;41
1092.0;166;98;36
1098.0;166;99;35
1104.0;159;106;35
1110.0;163;99;38
1116.0;166;88;46
1122.0;161;89;50
1128.0;168;92;40
1134.0;171;90;39
1140.0;169;91;40
1146.0;167;91;42
1152.0;168;91;41
1158.0;170;79;51
1164.0;168;78;54
1170.0;169;89;42
1176.0;169;92;39
1182.0;163;93;44
1188.0;160;97;43
1194.0;162;103;35
1200.0;169;92;39
1206.0;171;80;49
1212.0;175;75;50
1218.0;172;80;48
1224.0;178;80;42
1230.0;179;78;43
1236.0;181;76;43
1242.0;181;80;39
1248.0;176;82;42
1254.0;171;85;44
1260.0;170;96;34
1266.0;171;94;35
1272.0;165;93;42
1278.0;172;88;40
1284.0;168;88;44
1290.0;166;93;41
1296.0;170;99;31
1302.0;165;103;32
1308.0;156;108;36
1314.0;156;102;42
1320.0;165;90;45
1326.0;166;84;50
1332.0;156;92;52
1338.0;162;94;44
1344.0;161;93;46
1350.0;157;100;43
1356.0;157;96;47
1362.0;153;93;54
1368.0;152;95;53
1374.0;161;91;48
1380.0;165;85;50
1386.0;168;83;49
1392.0;165;88;47
1398.0;175;82;43
1404.0;174;80;46
1410.0;183;80;37
1416.0;184;84;32
1422.0;187;76;37
1428.0;186;77;37
1434.0;178;84;38
1440.0;175;92;33
1446.0;183;88;29
1452.0;183;83;34
1458.0;182;83;35
1464.0;178;84;38
1470.0;178;82;40
1476.0;169;88;43
1482.0;172;82;46
1488.0;171;84;45
1494.0;169;82;49
