#auto generated file!
180.0;98;48;29
186.0;98;49;28
192.0;97;45;33
198.0;95;42;38
204.0;101;43;31
210.0;104;48;23
216.0;102;51;22
222.0;96;50;29
228.0;85;61;29
234.0;88;56;31
240.0;94;53;28
246.0;90;48;37
252.0;90;45;40
258.0;94;46;35
264.0;94;49;32
270.0;96;53;26
276.0;92;52;31
282.0;95;55;25
288.0;91;57;27
294.0;89;59;27
300.0;91;54;30
306.0;95;52;28
312.0;93;49;33
318.0;97;50;28
324.0;92;51;32
330.0;84;54;37
336.0;86;57;32
342.0;88;58;29
348.0;93;56;26
354.0;95;59;21
360.0;93;54;28
366.0;98;50;27
372.0;91;48;36
378.0;95;54;26
384.0;95;56;24
390.0;93;57;25
396.0;85;57;33
402.0;84;61;30
408.0;87;57;31
414.0;86;58;31
420.0;89;58;28
426.0;86;59;30
432.0;94;51;30
438.0;94;59;22
444.0;93;56;26
450.0;98;54;23
456.0;100;51;24
462.0;97;54;24
468.0;102;52;21
474.0;100;50;25
480.0;103;47;25
486.0;109;46;20
492.0;110;43;22
498.0;107;51;17
504.0;108;50;17
510.0;106;51;18
516.0;104;55;16
522.0;104;53;18
528.0;109;54;12
534.0;108;56;11
540.0;112;52;11
546.0;112;51;12
552.0;110;50;15
558.0;105;50;20
564.0;104;51;20
570.0;97;54;24
576.0;97;48;30
582.0;95;48;32
588.0;99;44;32
594.0;100;44;31
600.0;100;49;26
606.0;98;52;25
612.0;95;55;25
618.0;100;49;26
624.0;111;44;20
630.0;114;46;15
636.0;117;40;18
642.0;115;47;13
648.0;111;50;14
654.0;113;49;13
660.0;112;51;12
666.0;116;45;14
672.0;110;45;20
678.0;109;41;25
684.0;111;41;23
690.0;112;41;22
696.0;100;47;28
702.0;97;48;30
708.0;94;55;26
714.0;98;48;29
720.0;100;42;33
726.0;93;46;36
732.0;89;48;38
738.0;94;49;32
744.0;95;50;30
750.0;99;47;29
756.0;95;46;34
762.0;96;47;32
768.0;104;36;35
774.0;105;37;33
780.0;105;34;36
786.0;104;31;40
792.0;101;29;45
798.0;98;40;37
804.0;97;42;36
810.0;94;48;33
816.0;101;44;30
822.0;102;42;31
828.0;99;47;29
834.0;98;45;32
840.0;102;43;30
846.0;103;46;26
852.0;94;46;35
858.0;97;45;33
864.0;100;40;35
870.0;98;44;33
876.0;99;46;30
882.0;95;46;34
888.0;92;50;33
894.0;99;50;26
900.0;97;54;24
906.0;99;55;21
912.0;103;53;19
918.0;105;48;22
924.0;106;46;23
930.0;108;43;24
936.0;107;43;25
942.0;109;39;27
948.0;108;37;30
954.0;105;46;24
960.0;106;48;21
966.0;103;50;22
972.0;93;48;34
978.0;100;43;32
984.0;102;47;26
990.0;107;42;26
996.0;103;46;26
1002.0;101;45;29
1008.0;99;43;33
1014.0;100;45;30
1020.0;104;42;29
1026.0;94;48;33
1032.0;94;53;28
1038.0;95;53;27
1044.0;96;48;31
1050.0;93;51;31
1056.0;95;51;29
1062.0;99;50;26
1068.0;97;54;24
1074.0;93;61;21
1080.0;91;58;26
1086.0;89;58;28
1092.0;84;54;37
1098.0;81;58;36
1104.0;83;57;35
1110.0;88;54;33
1116.0;85;60;30
1122.0;82;62;31
1128.0;88;62;25
1134.0;90;66;19
1140.0;90;65;20
1146.0;87;61;27
1152.0;87;61;27
1158.0;90;62;23
1164.0;95;63;17
1170.0;92;63;20
1176.0;92;65;18
1182.0;91;63;21
1188.0;94;56;25
1194.0;97;55;23
1200.0;96;54;25
1206.0;94;56;25
1212.0;96;55;24
1218.0;95;58;22
1224.0;95;56;24
1230.0;97;52;26
1236.0;93;58;24
1242.0;95;53;27
1248.0;90;60;25
1254.0;89;66;20
1260.0;92;63;20
1266.0;89;56;30
1272.0;96;51;28
1278.0;94;50;31
1284.0;93;49;33
1290.0;93;51;31
1296.0;93;49;33
1302.0;97;51;27
1308.0;94;54;27
1314.0;96;53;26
1320.0;99;54;22
1326.0;95;52;28
1332.0;95;52;28
1338.0;97;49;29
1344.0;96;55;24
1350.0;98;48;29
1356.0;97;41;37
1362.0;97;45;33
1368.0;100;41;34
1374.0;100;41;34
1380.0;105;41;29
1386.0;109;43;23
1392.0;111;46;18
1398.0;105;51;19
1404.0;99;54;22
1410.0;101;54;20
1416.0;101;54;20
1422.0;98;56;21
1428.0;98;57;20
1434.0;97;55;23
1440.0;101;60;14
1446.0;99;63;13
1452.0;104;53;18
1458.0;102;51;22
1464.0;104;46;25
1470.0;100;48;27
1476.0;102;49;24
1482.0;102;53;20
1488.0;104;48;23
1494.0;105;50;20
