#auto generated file!
180.0;57;32;11
186.0;57;33;10
192.0;58;33;9
198.0;57;28;15
204.0;56;32;12
210.0;55;33;12
216.0;58;35;7
222.0;59;31;10
228.0;62;28;10
234.0;60;28;12
240.0;61;27;12
246.0;59;29;12
252.0;59;31;10
258.0;60;29;11
264.0;61;29;10
270.0;64;24;12
276.0;64;22;14
282.0;61;25;14
288.0;56;27;17
294.0;52;27;21
300.0;54;28;18
306.0;61;25;14
312.0;61;22;17
318.0;58;28;14
324.0;58;28;14
330.0;60;29;11
336.0;62;25;13
342.0;60;26;14
348.0;59;31;10
354.0;53;33;14
360.0;52;33;15
366.0;56;33;11
372.0;56;30;14
378.0;56;30;14
384.0;55;27;18
390.0;52;31;17
396.0;49;33;18
402.0;53;32;15
408.0;57;28;15
414.0;57;28;15
420.0;59;26;15
426.0;57;28;15
432.0;58;25;17
438.0;57;27;16
444.0;50;29;21
450.0;56;28;16
456.0;59;27;14
462.0;61;27;12
468.0;65;23;12
474.0;62;22;16
480.0;59;22;19
486.0;58;22;20
492.0;62;21;17
498.0;63;26;11
504.0;58;31;11
510.0;58;27;15
516.0;59;31;10
522.0;57;32;11
528.0;57;28;15
534.0;61;26;13
540.0;63;28;9
546.0;64;29;7
552.0;62;27;11
558.0;61;31;8
564.0;63;26;11
570.0;66;24;10
576.0;62;24;14
582.0;63;24;13
588.0;59;29;12
594.0;63;27;10
600.0;64;26;10
606.0;65;23;12
612.0;67;25;8
618.0;61;29;10
624.0;62;29;9
630.0;63;30;7
636.0;69;26;5
642.0;70;25;5
648.0;64;28;8
654.0;63;30;7
660.0;63;25;12
666.0;58;29;13
672.0;58;28;14
678.0;58;26;16
684.0;57;32;11
690.0;59;30;11
696.0;60;29;11
702.0;55;30;15
708.0;56;30;14
714.0;52;32;16
720.0;54;28;18
726.0;46;35;19
732.0;47;38;15
738.0;51;32;17
744.0;52;34;14
750.0;54;30;16
756.0;56;25;19
762.0;55;28;17
768.0;57;29;14
774.0;54;35;11
780.0;55;34;11
786.0;58;33;9
792.0;57;35;8
798.0;60;29;11
804.0;59;27;14
810.0;56;30;14
816.0;62;22;16
822.0;57;27;16
828.0;58;25;17
834.0;57;28;15
840.0;56;29;15
846.0;55;28;17
852.0;58;26;16
858.0;59;24;17
864.0;61;24;15
870.0;61;22;17
876.0;56;27;17
882.0;55;27;18
888.0;57;27;16
894.0;56;30;14
900.0;56;26;18
906.0;53;28;19
912.0;54;26;20
918.0;56;24;20
924.0;61;25;14
930.0;55;29;16
936.0;56;26;18
942.0;58;26;16
948.0;58;23;19
954.0;61;21;18
960.0;61;22;17
966.0;56;23;21
972.0;55;27;18
978.0;55;29;16
984.0;58;27;15
990.0;57;25;18
996.0;59;28;13
1002.0;56;30;14
1008.0;58;26;16
1014.0;55;27;18
1020.0;51;29;20
1026.0;52;33;15
1032.0;53;31;16
1038.0;57;23;20
1044.0;56;25;19
1050.0;61;26;13
1056.0;61;23;16
1062.0;59;23;18
1068.0;60;20;20
1074.0;64;20;16
1080.0;64;20;16
1086.0;65;22;13
1092.0;62;21;17
1098.0;62;24;14
1104.0;64;26;10
1110.0;62;23;15
1116.0;66;23;11
1122.0;64;28;8
1128.0;56;33;11
1134.0;59;31;10
1140.0;58;31;11
1146.0;55;31;14
1152.0;52;32;16
1158.0;54;34;12
1164.0;55;33;12
1170.0;54;32;14
1176.0;53;27;20
1182.0;60;25;15
1188.0;60;31;9
1194.0;58;35;7
1200.0;51;32;17
1206.0;55;31;14
1212.0;58;26;16
1218.0;52;27;21
1224.0;56;29;15
1230.0;58;27;15
1236.0;57;25;18
1242.0;54;28;18
1248.0;58;30;12
1254.0;52;34;14
1260.0;54;33;13
1266.0;49;34;17
1272.0;48;34;18
1278.0;51;31;18
1284.0;53;33;14
1290.0;53;27;20
1296.0;57;24;19
1302.0;55;28;17
1308.0;55;33;12
1314.0;53;32;15
1320.0;55;33;12
1326.0;57;33;10
1332.0;57;31;12
1338.0;56;32;12
1344.0;53;33;14
1350.0;52;30;18
1356.0;53;30;17
1362.0;52;29;19
1368.0;50;31;19
1374.0;51;29;20
1380.0;56;30;14
1386.0;56;31;13
1392.0;59;28;13
1398.0;56;29;15
1404.0;58;29;13
1410.0;54;29;17
1416.0;53;30;17
1422.0;45;34;21
1428.0;47;35;18
1434.0;47;36;17
1440.0;48;32;20
1446.0;48;29;23
1452.0;50;31;19
1458.0;55;31;14
1464.0;53;34;13
1470.0;57;29;14
1476.0;54;31;15
1482.0;56;31;13
1488.0;57;33;10
1494.0;63;29;8
