#auto generated file!
180.0;147;72;31
186.0;148;74;28
192.0;144;75;31
198.0;139;81;30
204.0;149;70;31
210.0;155;66;29
216.0;150;67;33
222.0;145;66;39
228.0;145;68;37
234.0;148;63;39
240.0;145;62;43
246.0;139;65;46
252.0;142;66;42
258.0;146;71;33
264.0;146;69;35
270.0;144;74;32
276.0;149;67;34
282.0;146;65;39
288.0;151;65;34
294.0;145;61;44
300.0;145;67;38
306.0;146;66;38
312.0;147;68;35
318.0;148;68;34
324.0;149;66;35
330.0;150;64;36
336.0;146;66;38
342.0;143;66;41
348.0;145;61;44
354.0;148;66;36
360.0;153;63;34
366.0;147;69;34
372.0;140;71;39
378.0;139;70;41
384.0;141;68;41
390.0;143;64;43
396.0;138;71;41
402.0;136;72;42
408.0;130;71;49
414.0;132;70;48
420.0;122;82;46
426.0;126;81;43
432.0;136;79;35
438.0;137;78;35
444.0;131;84;35
450.0;131;79;40
456.0;130;81;39
462.0;126;81;43
468.0;124;82;44
474.0;122;87;41
480.0;128;82;40
486.0;132;77;41
492.0;133;84;33
498.0;132;85;33
504.0;135;79;36
510.0;130;83;37
516.0;131;79;40
522.0;136;74;40
528.0;134;75;41
534.0;133;82;35
540.0;134;79;37
546.0;127;84;39
552.0;126;82;42
558.0;126;83;41
564.0;127;81;42
570.0;121;88;41
576.0;120;78;52
582.0;127;72;51
588.0;131;74;45
594.0;137;68;45
600.0;143;72;35
606.0;135;71;44
612.0;132;70;48
618.0;140;64;46
624.0;145;63;42
630.0;149;67;34
636.0;145;63;42
642.0;148;65;37
648.0;149;68;33
654.0;148;75;27
660.0;153;66;31
666.0;140;74;36
672.0;140;78;32
678.0;139;70;41
684.0;140;68;42
690.0;138;71;41
696.0;134;69;47
702.0;130;74;46
708.0;130;74;46
714.0;130;73;47
720.0;132;72;46
726.0;133;72;45
732.0;139;66;45
738.0;146;69;35
744.0;145;69;36
750.0;148;72;30
756.0;149;70;31
762.0;149;66;35
768.0;149;63;38
774.0;149;63;38
780.0;150;61;39
786.0;151;57;42
792.0;155;55;40
798.0;155;57;38
804.0;152;64;34
810.0;156;62;32
816.0;149;64;37
822.0;150;60;40
828.0;149;56;45
834.0;152;62;36
840.0;153;63;34
846.0;153;62;35
852.0;152;61;37
858.0;151;65;34
864.0;154;67;29
870.0;153;67;30
876.0;149;70;31
882.0;149;60;41
888.0;147;57;46
894.0;150;63;37
900.0;151;64;35
906.0;154;60;36
912.0;160;64;26
918.0;159;61;30
924.0;153;65;32
930.0;144;69;37
936.0;141;67;42
942.0;135;69;46
948.0;133;72;45
954.0;130;75;45
960.0;135;75;40
966.0;133;81;36
972.0;137;83;30
978.0;135;76;39
984.0;130;79;41
990.0;131;76;43
996.0;134;74;42
1002.0;140;71;39
1008.0;144;71;35
1014.0;156;62;32
1020.0;156;62;32
1026.0;163;59;28
1032.0;163;55;32
1038.0;161;58;31
1044.0;164;57;29
1050.0;157;66;27
1056.0;151;72;27
1062.0;150;76;24
1068.0;144;76;30
1074.0;150;69;31
1080.0;139;75;36
1086.0;142;76;32
1092.0;139;74;37
1098.0;146;69;35
1104.0;147;71;32
1110.0;142;74;34
1116.0;141;75;34
1122.0;145;71;34
1128.0;144;71;35
1134.0;136;72;42
1140.0;134;78;38
1146.0;128;82;40
1152.0;131;79;40
1158.0;119;89;42
1164.0;124;89;37
1170.0;125;88;37
1176.0;129;87;34
1182.0;128;89;33
1188.0;127;87;36
1194.0;134;85;31
1200.0;133;81;36
1206.0;139;71;40
1212.0;142;70;38
1218.0;138;72;40
1224.0;138;72;40
1230.0;138;81;31
1236.0;145;79;26
1242.0;152;73;25
1248.0;158;72;20
1254.0;155;65;30
1260.0;152;65;33
1266.0;152;65;33
1272.0;145;60;45
1278.0;148;66;36
1284.0;152;70;28
1290.0;152;61;37
1296.0;146;62;42
1302.0;146;66;38
1308.0;148;70;32
1314.0;157;64;29
1320.0;155;61;34
1326.0;164;54;32
1332.0;158;55;37
1338.0;158;51;41
1344.0;159;52;39
1350.0;150;54;46
1356.0;158;50;42
1362.0;150;59;41
1368.0;150;58;42
1374.0;148;65;37
1380.0;152;61;37
1386.0;156;59;35
1392.0;158;57;35
1398.0;161;54;35
1404.0;161;55;34
1410.0;155;55;40
1416.0;147;63;40
1422.0;162;52;36
1428.0;163;50;37
1434.0;164;54;32
1440.0;163;55;32
1446.0;155;61;34
1452.0;152;59;39
1458.0;158;58;34
1464.0;152;62;36
1470.0;150;64;36
1476.0;143;72;35
1482.0;142;73;35
1488.0;140;73;37
1494.0;140;80;30
