#auto generated file!
6.0;0.0;0.0
12.0;0.0;0.0
18.0;3.75;0.5
24.0;1.25;0.0
30.0;5.0;0.25
36.0;2.5;0.0
42.0;6.666666666666667;0.0
48.0;2.5;0.0
54.0;6.25;0.125
60.0;2.5;0.0
66.0;1.6666666666666667;0.0
72.0;7.5;0.0
78.0;10.0;0.25
84.0;6.666666666666667;0.0
90.0;7.5;0.0
96.0;5.833333333333333;0.5
102.0;4.166666666666667;0.5
108.0;5.833333333333333;0.0
114.0;6.666666666666667;0.0
120.0;5.0;0.0
126.0;6.666666666666667;0.75
132.0;4.166666666666667;0.5
138.0;8.333333333333334;0.0
144.0;9.166666666666666;0.5
150.0;5.833333333333333;0.0
156.0;3.3333333333333335;0.25
162.0;4.166666666666667;0.0
168.0;4.166666666666667;0.0
174.0;2.5;0.0
180.0;5.0;0.0
186.0;3.3333333333333335;0.0
192.0;5.0;0.0
198.0;7.5;0.0
204.0;4.166666666666667;0.0
210.0;7.5;0.0
216.0;4.583333333333333;0.0
222.0;9.583333333333334;0.0
228.0;3.3333333333333335;0.0
234.0;7.5;0.5
240.0;5.833333333333333;0.0
246.0;4.166666666666667;0.0
252.0;6.666666666666667;0.0
258.0;6.666666666666667;0.125
264.0;11.666666666666666;0.0
270.0;2.5;0.0
276.0;8.333333333333334;0.25
282.0;5.0;0.0
288.0;8.333333333333334;0.0
294.0;7.5;0.0
300.0;5.833333333333333;0.0
306.0;7.916666666666667;0.0
312.0;7.083333333333333;0.0
318.0;8.125;0.0
324.0;7.916666666666667;0.5
330.0;6.666666666666667;0.0
336.0;6.25;0.0
342.0;3.3333333333333335;0.5
348.0;7.5;0.5
354.0;6.666666666666667;0.0
360.0;8.333333333333334;0.0
366.0;8.333333333333334;1.0
372.0;6.666666666666667;0.0
378.0;6.666666666666667;0.5
384.0;8.75;0.5
390.0;7.083333333333333;0.5
396.0;2.5;0.0
402.0;6.666666666666667;0.0
408.0;5.833333333333333;0.0
414.0;7.291666666666667;0.0
420.0;6.666666666666667;0.5
426.0;6.666666666666667;0.0
432.0;5.0;0.0
438.0;4.166666666666667;0.0
444.0;4.166666666666667;0.0
450.0;8.333333333333334;0.0
456.0;10.0;0.5
462.0;9.166666666666666;0.0
468.0;8.333333333333334;0.0
474.0;8.333333333333334;0.0
480.0;8.333333333333334;0.0
486.0;4.166666666666667;0.5
492.0;5.0;0.25
498.0;6.666666666666667;0.0
504.0;5.0;0.25
510.0;5.416666666666667;0.5
516.0;5.416666666666667;0.5
522.0;10.0;0.0
528.0;5.208333333333333;0.0
534.0;5.833333333333333;0.5
540.0;5.833333333333333;0.0
546.0;10.416666666666666;0.0
552.0;5.0;0.5
558.0;6.25;0.0
564.0;4.583333333333333;0.0
570.0;8.333333333333334;0.0
576.0;3.3333333333333335;1.0
582.0;4.166666666666667;0.5
588.0;9.166666666666666;0.0
594.0;10.0;0.5
600.0;6.666666666666667;0.0
606.0;5.0;0.0
612.0;4.166666666666667;0.0
618.0;2.0833333333333335;0.5
624.0;7.083333333333333;0.0
630.0;7.5;0.0
636.0;8.75;0.0
642.0;5.833333333333333;0.0
648.0;3.5416666666666665;0.125
654.0;7.083333333333333;0.0
660.0;2.5;1.75
666.0;9.166666666666666;0.0
672.0;8.333333333333334;0.5
678.0;5.625;0.0
684.0;7.708333333333333;0.5
690.0;6.666666666666667;0.0
696.0;2.9166666666666665;0.5
702.0;5.833333333333333;0.0
708.0;6.041666666666667;0.0
714.0;1.6666666666666667;0.0
720.0;5.0;0.0
726.0;6.666666666666667;0.0
732.0;7.5;0.0
738.0;5.0;0.0
744.0;7.5;0.0
750.0;9.166666666666666;0.0
756.0;3.3333333333333335;0.25
762.0;2.5;0.0
768.0;5.416666666666667;0.75
774.0;5.0;0.0
780.0;8.333333333333334;0.0
786.0;4.166666666666667;0.0
792.0;6.666666666666667;0.0
798.0;7.916666666666667;0.25
804.0;11.666666666666666;0.0
810.0;6.666666666666667;0.0
816.0;5.0;0.0
822.0;5.416666666666667;0.0
828.0;8.333333333333334;0.125
834.0;5.0;0.5
840.0;6.666666666666667;0.0
846.0;6.666666666666667;0.5
852.0;7.5;0.0
858.0;9.166666666666666;0.0
864.0;9.166666666666666;0.5
870.0;7.5;0.0
876.0;7.083333333333333;0.0
882.0;5.833333333333333;0.0
888.0;6.666666666666667;0.0
894.0;10.0;0.75
900.0;5.416666666666667;0.5
906.0;3.75;0.0
912.0;5.833333333333333;0.0
918.0;5.833333333333333;0.0
924.0;4.583333333333333;0.0
930.0;3.3333333333333335;0.0
936.0;8.333333333333334;0.0
942.0;7.083333333333333;0.0
948.0;2.5;0.0
954.0;4.791666666666667;0.0
960.0;8.333333333333334;0.0
966.0;4.166666666666667;0.0
972.0;5.0;0.0
978.0;5.833333333333333;0.0
984.0;6.458333333333333;0.125
990.0;5.416666666666667;0.0
996.0;3.3333333333333335;0.0
1002.0;7.5;0.0
1008.0;4.166666666666667;0.0
1014.0;10.833333333333334;0.5
1020.0;7.5;0.0
1026.0;10.416666666666666;0.0
1032.0;3.3333333333333335;0.0
1038.0;12.291666666666666;0.0
1044.0;5.833333333333333;0.5
1050.0;7.5;0.25
1056.0;7.083333333333333;0.0
1062.0;9.166666666666666;0.0
1068.0;10.416666666666666;0.0
1074.0;7.5;0.5
1080.0;6.666666666666667;0.0
1086.0;7.5;0.0
1092.0;7.083333333333333;0.0
1098.0;5.833333333333333;0.25
1104.0;3.75;0.0
1110.0;3.3333333333333335;0.0
1116.0;6.25;0.0
1122.0;1.6666666666666667;0.0
1128.0;4.166666666666667;0.0
1134.0;10.0;0.0
1140.0;6.666666666666667;0.0
1146.0;5.833333333333333;0.0
1152.0;6.666666666666667;0.0
1158.0;10.0;0.5
1164.0;6.25;0.0
1170.0;6.666666666666667;0.0
1176.0;5.416666666666667;0.0
1182.0;4.166666666666667;0.0
1188.0;3.3333333333333335;0.5
1194.0;6.666666666666667;0.5
1200.0;7.5;0.0
1206.0;4.166666666666667;0.0
1212.0;5.0;0.5
1218.0;4.166666666666667;0.25
1224.0;5.833333333333333;0.0
1230.0;2.9166666666666665;0.5
1236.0;5.0;0.0
1242.0;7.5;0.5
1248.0;5.0;0.0
1254.0;8.75;0.5
1260.0;7.5;0.0
1266.0;7.5;0.5
1272.0;7.5;1.0
1278.0;8.75;0.5
1284.0;4.791666666666667;0.75
1290.0;4.166666666666667;0.0
1296.0;5.0;0.0
1302.0;5.833333333333333;0.0
1308.0;6.666666666666667;0.0
1314.0;5.833333333333333;0.5
1320.0;5.833333333333333;0.0
1326.0;6.666666666666667;0.0
1332.0;2.9166666666666665;0.0
1338.0;7.916666666666667;0.0
1344.0;8.333333333333334;0.0
1350.0;5.833333333333333;0.0
1356.0;2.5;0.5
1362.0;3.3333333333333335;0.0
1368.0;5.833333333333333;0.5
1374.0;5.208333333333333;0.0
1380.0;5.833333333333333;0.0
1386.0;2.5;0.0
1392.0;7.5;0.0
1398.0;3.3333333333333335;0.0
1404.0;7.083333333333333;0.0
1410.0;5.0;0.5
1416.0;9.166666666666666;0.0
1422.0;5.833333333333333;0.0
1428.0;7.708333333333333;0.0
1434.0;6.666666666666667;0.0
1440.0;5.0;0.5
1446.0;6.666666666666667;0.0
1452.0;4.166666666666667;0.0
1458.0;6.666666666666667;0.0
1464.0;8.333333333333334;0.0
1470.0;4.166666666666667;0.5
1476.0;3.3333333333333335;0.0
1482.0;8.333333333333334;0.0
1488.0;6.666666666666667;0.0
1494.0;6.666666666666667;0.0
